Rc files read:
  NONE
Latexmk: This is Latexmk, John Collins, 7 Jan. 2023. Version 4.79.
No existing .aux file, so I'll make a simple one, and require run of *latex.
Latexmk: applying rule 'pdflatex'...
Rule 'pdflatex':  Reasons for rerun
Category 'other':
  Rerun of 'pdflatex' forced or previously required

------------
Run number 1 of rule 'pdflatex'
------------
------------
Running 'pdflatex  -interaction=nonstopmode -recorder --jobname="2306.00001_tl2022" -output-directory="/diff_test_tex_engines/docker_bin_2/version_compiled_pdf/2306.00001"  "conference_101719.tex"'
------------
This is pdfTeX, Version 3.141592653-2.6-1.40.24 (TeX Live 2022) (preloaded format=pdflatex)
 restricted \write18 enabled.
entering extended mode
(./conference_101719.tex
LaTeX2e <2022-11-01> patch level 1
L3 programming layer <2023-02-22> (./IEEEtran.cls
Document Class: IEEEtran 2015/08/26 V1.8b by Michael Shell
-- See the "IEEEtran_HOWTO" manual for usage information.
-- http://www.michaelshell.org/tex/ieeetran/
(/usr/local/texlive/2022/texmf-dist/tex/latex/psnfss/ot1ptm.fd)
-- Using 8.5in x 11in (letter) paper.
-- Using PDF output.
-- This is a 10 point document.
)
** ATTENTION: Overriding command lockouts (line 2).
(/usr/local/texlive/2022/texmf-dist/tex/latex/cite/cite.sty)
(/usr/local/texlive/2022/texmf-dist/tex/latex/amsmath/amsmath.sty
For additional information on amsmath, use the `?' option.
(/usr/local/texlive/2022/texmf-dist/tex/latex/amsmath/amstext.sty
(/usr/local/texlive/2022/texmf-dist/tex/latex/amsmath/amsgen.sty))
(/usr/local/texlive/2022/texmf-dist/tex/latex/amsmath/amsbsy.sty)
(/usr/local/texlive/2022/texmf-dist/tex/latex/amsmath/amsopn.sty))
(/usr/local/texlive/2022/texmf-dist/tex/latex/amsfonts/amssymb.sty
(/usr/local/texlive/2022/texmf-dist/tex/latex/amsfonts/amsfonts.sty))
(/usr/local/texlive/2022/texmf-dist/tex/latex/algorithms/algorithmic.sty
(/usr/local/texlive/2022/texmf-dist/tex/latex/base/ifthen.sty)
(/usr/local/texlive/2022/texmf-dist/tex/latex/graphics/keyval.sty))
(/usr/local/texlive/2022/texmf-dist/tex/latex/graphics/graphicx.sty
(/usr/local/texlive/2022/texmf-dist/tex/latex/graphics/graphics.sty
(/usr/local/texlive/2022/texmf-dist/tex/latex/graphics/trig.sty)
(/usr/local/texlive/2022/texmf-dist/tex/latex/graphics-cfg/graphics.cfg)
(/usr/local/texlive/2022/texmf-dist/tex/latex/graphics-def/pdftex.def)))
(/usr/local/texlive/2022/texmf-dist/tex/latex/base/textcomp.sty)
(/usr/local/texlive/2022/texmf-dist/tex/latex/xcolor/xcolor.sty
(/usr/local/texlive/2022/texmf-dist/tex/latex/graphics-cfg/color.cfg)
(/usr/local/texlive/2022/texmf-dist/tex/latex/graphics/mathcolor.ltx))
(/usr/local/texlive/2022/texmf-dist/tex/latex/glossaries/base/glossaries.sty
(/usr/local/texlive/2022/texmf-dist/tex/latex/xkeyval/xkeyval.sty
(/usr/local/texlive/2022/texmf-dist/tex/generic/xkeyval/xkeyval.tex
(/usr/local/texlive/2022/texmf-dist/tex/generic/xkeyval/xkvutils.tex)))
(/usr/local/texlive/2022/texmf-dist/tex/latex/mfirstuc/mfirstuc.sty
(/usr/local/texlive/2022/texmf-dist/tex/latex/etoolbox/etoolbox.sty))
(/usr/local/texlive/2022/texmf-dist/tex/latex/xfor/xfor.sty)
(/usr/local/texlive/2022/texmf-dist/tex/latex/datatool/datatool-base.sty
(/usr/local/texlive/2022/texmf-dist/tex/latex/substr/substr.sty)
(/usr/local/texlive/2022/texmf-dist/tex/latex/datatool/datatool-fp.sty
(/usr/local/texlive/2022/texmf-dist/tex/latex/fp/fp.sty
`Fixed Point Package', Version 0.8, April 2, 1995 (C) Michael Mehlich
(/usr/local/texlive/2022/texmf-dist/tex/latex/fp/defpattern.sty)
(/usr/local/texlive/2022/texmf-dist/tex/latex/fp/fp-basic.sty)
(/usr/local/texlive/2022/texmf-dist/tex/latex/fp/fp-addons.sty)
(/usr/local/texlive/2022/texmf-dist/tex/latex/fp/fp-snap.sty)
(/usr/local/texlive/2022/texmf-dist/tex/latex/fp/fp-exp.sty)
(/usr/local/texlive/2022/texmf-dist/tex/latex/fp/fp-trigo.sty)
(/usr/local/texlive/2022/texmf-dist/tex/latex/fp/fp-pas.sty)
(/usr/local/texlive/2022/texmf-dist/tex/latex/fp/fp-random.sty)
(/usr/local/texlive/2022/texmf-dist/tex/latex/fp/fp-eqn.sty)
(/usr/local/texlive/2022/texmf-dist/tex/latex/fp/fp-upn.sty)
(/usr/local/texlive/2022/texmf-dist/tex/latex/fp/fp-eval.sty))))
(/usr/local/texlive/2022/texmf-dist/tex/latex/glossaries/styles/glossary-hypern
av.sty)
(/usr/local/texlive/2022/texmf-dist/tex/latex/glossaries/styles/glossary-list.s
ty)
(/usr/local/texlive/2022/texmf-dist/tex/latex/glossaries/styles/glossary-long.s
ty (/usr/local/texlive/2022/texmf-dist/tex/latex/tools/longtable.sty))
(/usr/local/texlive/2022/texmf-dist/tex/latex/glossaries/styles/glossary-super.
sty (/usr/local/texlive/2022/texmf-dist/tex/latex/supertabular/supertabular.sty
))
(/usr/local/texlive/2022/texmf-dist/tex/latex/glossaries/styles/glossary-tree.s
ty)) (/usr/local/texlive/2022/texmf-dist/tex/latex/svg/svg.sty
(/usr/local/texlive/2022/texmf-dist/tex/generic/iftex/iftex.sty)
(/usr/local/texlive/2022/texmf-dist/tex/latex/koma-script/scrbase.sty
(/usr/local/texlive/2022/texmf-dist/tex/latex/koma-script/scrlfile.sty
(/usr/local/texlive/2022/texmf-dist/tex/latex/koma-script/scrlfile-hook.sty
(/usr/local/texlive/2022/texmf-dist/tex/latex/koma-script/scrlogo.sty))))
(/usr/local/texlive/2022/texmf-dist/tex/generic/pdftexcmds/pdftexcmds.sty
(/usr/local/texlive/2022/texmf-dist/tex/generic/infwarerr/infwarerr.sty)
(/usr/local/texlive/2022/texmf-dist/tex/generic/ltxcmds/ltxcmds.sty))
(/usr/local/texlive/2022/texmf-dist/tex/latex/trimspaces/trimspaces.sty)
(/usr/local/texlive/2022/texmf-dist/tex/latex/tools/shellesc.sty))
(/usr/local/texlive/2022/texmf-dist/tex/latex/transparent/transparent.sty
(/usr/local/texlive/2022/texmf-dist/tex/latex/transparent/transparent-nometadat
a.sty (/usr/local/texlive/2022/texmf-dist/tex/latex/auxhook/auxhook.sty)))
(/usr/local/texlive/2022/texmf-dist/tex/latex/pgf/systemlayer/pgfsys.sty
(/usr/local/texlive/2022/texmf-dist/tex/latex/pgf/utilities/pgfrcs.sty
(/usr/local/texlive/2022/texmf-dist/tex/generic/pgf/utilities/pgfutil-common.te
x)
(/usr/local/texlive/2022/texmf-dist/tex/generic/pgf/utilities/pgfutil-latex.def
) (/usr/local/texlive/2022/texmf-dist/tex/generic/pgf/utilities/pgfrcs.code.tex
(/usr/local/texlive/2022/texmf-dist/tex/generic/pgf/pgf.revision.tex)))
(/usr/local/texlive/2022/texmf-dist/tex/generic/pgf/systemlayer/pgfsys.code.tex
(/usr/local/texlive/2022/texmf-dist/tex/generic/pgf/utilities/pgfkeys.code.tex
(/usr/local/texlive/2022/texmf-dist/tex/generic/pgf/utilities/pgfkeyslibraryfil
tered.code.tex))
(/usr/local/texlive/2022/texmf-dist/tex/generic/pgf/systemlayer/pgf.cfg)
(/usr/local/texlive/2022/texmf-dist/tex/generic/pgf/systemlayer/pgfsys-pdftex.d
ef
(/usr/local/texlive/2022/texmf-dist/tex/generic/pgf/systemlayer/pgfsys-common-p
df.def)))
(/usr/local/texlive/2022/texmf-dist/tex/generic/pgf/systemlayer/pgfsyssoftpath.
code.tex)
(/usr/local/texlive/2022/texmf-dist/tex/generic/pgf/systemlayer/pgfsysprotocol.
code.tex)) (/usr/local/texlive/2022/texmf-dist/tex/latex/siunitx/siunitx.sty
(/usr/local/texlive/2022/texmf-dist/tex/latex/translations/translations.sty)

Package siunitx Warning: Option "binary-units" has been removed in this
(siunitx)                release.

(/usr/local/texlive/2022/texmf-dist/tex/latex/tools/array.sty))
(/usr/local/texlive/2022/texmf-dist/tex/latex/booktabs/booktabs.sty)
(/usr/local/texlive/2022/texmf-dist/tex/latex/eso-pic/eso-pic.sty)
(/usr/local/texlive/2022/texmf-dist/tex/latex/url/url.sty)
(/usr/local/texlive/2022/texmf-dist/tex/latex/l3backend/l3backend-pdftex.def)
(/diff_test_tex_engines/docker_bin_2/version_compiled_pdf/2306.00001/2306.00001
_tl2022.aux)
-- Lines per column: 56 (exact).
(/usr/local/texlive/2022/texmf-dist/tex/context/base/mkii/supp-pdf.mkii
[Loading MPS to PDF converter (version 2006.09.02).]
) (/usr/local/texlive/2022/texmf-dist/tex/latex/epstopdf-pkg/epstopdf-base.sty
(/usr/local/texlive/2022/texmf-dist/tex/latex/latexconfig/epstopdf-sys.cfg))
(/usr/local/texlive/2022/texmf-dist/tex/latex/translations/translations-basic-d
ictionary-english.trsl)
(/usr/local/texlive/2022/texmf-dist/tex/latex/amsfonts/umsa.fd)
(/usr/local/texlive/2022/texmf-dist/tex/latex/amsfonts/umsb.fd)

LaTeX Warning: Citation `dutta_tinyml_2021' on page 1 undefined on input line 1
29.


LaTeX Warning: Citation `boner2022tiny' on page 1 undefined on input line 129.


LaTeX Warning: Citation `merenda_edge_2020' on page 1 undefined on input line 1
29.


LaTeX Warning: Citation `redmon_you_2016' on page 1 undefined on input line 129
.


LaTeX Warning: Citation `ren_faster_2015' on page 1 undefined on input line 129
.


LaTeX Warning: Citation `liu_ssd_2016' on page 1 undefined on input line 129.


LaTeX Warning: Citation `wang2020fann' on page 1 undefined on input line 131.


LaTeX Warning: Citation `zhu_prune_2017' on page 1 undefined on input line 131.



LaTeX Warning: Citation `molchanov_pruning_2017' on page 1 undefined on input l
ine 131.


LaTeX Warning: Citation `gholami_survey_2021' on page 1 undefined on input line
 131.


LaTeX Warning: Citation `han_deep_2016' on page 1 undefined on input line 131.


LaTeX Warning: Citation `lin_mcunet_2020' on page 1 undefined on input line 131
.


LaTeX Warning: Citation `lin_mcunetv2_2021' on page 1 undefined on input line 1
31.


LaTeX Warning: Citation `cai_once-for-all_2020' on page 1 undefined on input li
ne 131.


LaTeX Warning: Citation `cai_-device_2019' on page 1 undefined on input line 13
1.


LaTeX Warning: Citation `scherer2021tinyradarnn' on page 1 undefined on input l
ine 131.


LaTeX Warning: Citation `li_fully_2019' on page 1 undefined on input line 131.


LaTeX Warning: Citation `redmon_you_2016' on page 1 undefined on input line 133
.


LaTeX Warning: Citation `yang_wider_2016' on page 1 undefined on input line 133
.


LaTeX Warning: Citation `everingham_pascal_2015' on page 1 undefined on input l
ine 133.

(/usr/local/texlive/2022/texmf-dist/tex/latex/psnfss/ts1ptm.fd) [1{/usr/local/t
exlive/2022/texmf-var/fonts/map/pdftex/updmap/pdftex.map}]

LaTeX Warning: Reference `fig:tinyissimoYOLO' on page 2 undefined on input line
 144.


LaTeX Warning: Citation `reuther_survey_2020' on page 2 undefined on input line
 144.


LaTeX Warning: Citation `noauthor_overview_nodate-1' on page 2 undefined on inp
ut line 144.


LaTeX Warning: Citation `yousefi_intelligence_2019' on page 2 undefined on inpu
t line 144.


LaTeX Warning: Citation `redmon_you_2016' on page 2 undefined on input line 155
.


LaTeX Warning: Citation `redmon_you_2016' on page 2 undefined on input line 166
.


LaTeX Warning: Citation `everingham_pascal_2015' on page 2 undefined on input l
ine 166.


LaTeX Warning: Citation `yang_wider_2016' on page 2 undefined on input line 170
.


LaTeX Warning: Citation `everingham_pascal_2015' on page 2 undefined on input l
ine 170.


LaTeX Warning: Citation `saad_-line_1999' on page 2 undefined on input line 173
.


LaTeX Warning: Citation `goyal_accurate_2018' on page 2 undefined on input line
 173.

[2]

LaTeX Warning: Citation `david_tensorflow_2021' on page 3 undefined on input li
ne 176.


LaTeX Warning: Citation `noauthor_adi_2022' on page 3 undefined on input line 1
76.


LaTeX Warning: Citation `yang_wider_2016' on page 3 undefined on input line 186
.


LaTeX Warning: Reference `tab:map_results_wf' on page 3 undefined on input line
 186.


LaTeX Warning: Citation `everingham_pascal_2015' on page 3 undefined on input l
ine 187.


LaTeX Warning: Citation `everingham_pascal_2015' on page 3 undefined on input l
ine 187.


LaTeX Warning: Reference `tab:map_results_voc' on page 3 undefined on input lin
e 187.

[3 <./tinyissimoYOLO.png>]

LaTeX Warning: Citation `giordano_survey_2022' on page 4 undefined on input lin
e 234.


LaTeX Warning: Reference `fig:dev_comparison' on page 4 undefined on input line
 234.


LaTeX Warning: Reference `fig:dev_comparison' on page 4 undefined on input line
 234.


LaTeX Warning: Reference `fig:dev_comparison' on page 4 undefined on input line
 234.


LaTeX Warning: Reference `fig:dev_comparison' on page 4 undefined on input line
 234.

No file 2306.00001_tl2022.bbl.

** Conference Paper **
Before submitting the final camera ready copy, remember to:

 1. Manually equalize the lengths of two columns on the last page
 of your paper;

 2. Ensure that any PostScript and/or PDF output post-processing
 uses only Type 1 fonts and that every step in the generation
 process uses the appropriate paper size.

[4 <./tinyissimo_yolo_mcu_comparison.pdf>]
(/diff_test_tex_engines/docker_bin_2/version_compiled_pdf/2306.00001/2306.00001
_tl2022.aux)

LaTeX Warning: There were undefined references.


LaTeX Warning: Label(s) may have changed. Rerun to get cross-references right.

 ){/usr/local/texlive/2022/texmf-dist/fonts/enc/dvips/base/8r.enc}</usr/local/t
exlive/2022/texmf-dist/fonts/type1/public/amsfonts/cm/cmmi10.pfb></usr/local/te
xlive/2022/texmf-dist/fonts/type1/public/amsfonts/cm/cmmi8.pfb></usr/local/texl
ive/2022/texmf-dist/fonts/type1/public/amsfonts/cm/cmmi9.pfb></usr/local/texliv
e/2022/texmf-dist/fonts/type1/public/amsfonts/cm/cmr10.pfb></usr/local/texlive/
2022/texmf-dist/fonts/type1/public/amsfonts/cm/cmr6.pfb></usr/local/texlive/202
2/texmf-dist/fonts/type1/public/amsfonts/cm/cmr7.pfb></usr/local/texlive/2022/t
exmf-dist/fonts/type1/public/amsfonts/cm/cmr8.pfb></usr/local/texlive/2022/texm
f-dist/fonts/type1/public/amsfonts/cm/cmr9.pfb></usr/local/texlive/2022/texmf-d
ist/fonts/type1/public/amsfonts/cm/cmsy10.pfb></usr/local/texlive/2022/texmf-di
st/fonts/type1/public/amsfonts/cm/cmsy7.pfb></usr/local/texlive/2022/texmf-dist
/fonts/type1/urw/times/utmb8a.pfb></usr/local/texlive/2022/texmf-dist/fonts/typ
e1/urw/times/utmbi8a.pfb></usr/local/texlive/2022/texmf-dist/fonts/type1/urw/ti
mes/utmr8a.pfb></usr/local/texlive/2022/texmf-dist/fonts/type1/urw/times/utmri8
a.pfb>
Output written on /diff_test_tex_engines/docker_bin_2/version_compiled_pdf/2306
.00001/2306.00001_tl2022.pdf (4 pages, 264058 bytes).
Transcript written on /diff_test_tex_engines/docker_bin_2/version_compiled_pdf/
2306.00001/2306.00001_tl2022.log.
Latexmk: Getting log file '/diff_test_tex_engines/docker_bin_2/version_compiled_pdf/2306.00001/2306.00001_tl2022.log'
Latexmk: Examining '/diff_test_tex_engines/docker_bin_2/version_compiled_pdf/2306.00001/2306.00001_tl2022.fls'
Latexmk: Examining '/diff_test_tex_engines/docker_bin_2/version_compiled_pdf/2306.00001/2306.00001_tl2022.log'
Latexmk: References changed.
Latexmk: Log file says output to '/diff_test_tex_engines/docker_bin_2/version_compiled_pdf/2306.00001/2306.00001_tl2022.pdf'
Latexmk: Found bibliography file(s):
  ./AICAS_TinyissimoYOLO.bib
  /usr/local/texlive/2022/texmf-dist/bibtex/bib/ieeetran/IEEEabrv.bib
Latexmk: applying rule 'bibtex /diff_test_tex_engines/docker_bin_2/version_compiled_pdf/2306.00001/2306.00001_tl2022'...
Rule 'bibtex /diff_test_tex_engines/docker_bin_2/version_compiled_pdf/2306.00001/2306.00001_tl2022':  Reasons for rerun
Category 'other':
  Rerun of 'bibtex /diff_test_tex_engines/docker_bin_2/version_compiled_pdf/2306.00001/2306.00001_tl2022' forced or previously required

------------
Run number 1 of rule 'bibtex /diff_test_tex_engines/docker_bin_2/version_compiled_pdf/2306.00001/2306.00001_tl2022'
------------
Latexmk: Change directory to '/diff_test_tex_engines/docker_bin_2/version_compiled_pdf/2306.00001/'.
To assist finding of files in document directory, I set
  BIBINPUTS='/diff_test_tex_engines/bin/tex_sources/2306.00001:/diff_test_tex_engines/docker_bin_2/version_compiled_pdf/2306.00001:'
  BSTINPUTS='/diff_test_tex_engines/bin/tex_sources/2306.00001:'.
------------
Running 'bibtex  "2306.00001_tl2022.aux"'
------------
This is BibTeX, Version 0.99d (TeX Live 2022)
The top-level auxiliary file: 2306.00001_tl2022.aux
The style file: IEEEtran.bst
Database file #1: IEEEabrv.bib
Database file #2: AICAS_TinyissimoYOLO.bib
-- IEEEtran.bst version 1.14 (2015/08/26) by Michael Shell.
-- http://www.michaelshell.org/tex/ieeetran/bibtex/
-- See the "IEEEtran_bst_HOWTO.pdf" manual for usage information.

Done.
Latexmk: Change directory back to '/diff_test_tex_engines/bin/tex_sources/2306.00001'
Latexmk: applying rule 'pdflatex'...
Rule 'pdflatex':  Reasons for rerun
Changed files or newly in use/created:
  /diff_test_tex_engines/docker_bin_2/version_compiled_pdf/2306.00001/2306.00001_tl2022.aux
  /diff_test_tex_engines/docker_bin_2/version_compiled_pdf/2306.00001/2306.00001_tl2022.bbl

------------
Run number 2 of rule 'pdflatex'
------------
------------
Running 'pdflatex  -interaction=nonstopmode -recorder --jobname="2306.00001_tl2022" -output-directory="/diff_test_tex_engines/docker_bin_2/version_compiled_pdf/2306.00001"  "conference_101719.tex"'
------------
This is pdfTeX, Version 3.141592653-2.6-1.40.24 (TeX Live 2022) (preloaded format=pdflatex)
 restricted \write18 enabled.
entering extended mode
(./conference_101719.tex
LaTeX2e <2022-11-01> patch level 1
L3 programming layer <2023-02-22> (./IEEEtran.cls
Document Class: IEEEtran 2015/08/26 V1.8b by Michael Shell
-- See the "IEEEtran_HOWTO" manual for usage information.
-- http://www.michaelshell.org/tex/ieeetran/
(/usr/local/texlive/2022/texmf-dist/tex/latex/psnfss/ot1ptm.fd)
-- Using 8.5in x 11in (letter) paper.
-- Using PDF output.
-- This is a 10 point document.
)
** ATTENTION: Overriding command lockouts (line 2).
(/usr/local/texlive/2022/texmf-dist/tex/latex/cite/cite.sty)
(/usr/local/texlive/2022/texmf-dist/tex/latex/amsmath/amsmath.sty
For additional information on amsmath, use the `?' option.
(/usr/local/texlive/2022/texmf-dist/tex/latex/amsmath/amstext.sty
(/usr/local/texlive/2022/texmf-dist/tex/latex/amsmath/amsgen.sty))
(/usr/local/texlive/2022/texmf-dist/tex/latex/amsmath/amsbsy.sty)
(/usr/local/texlive/2022/texmf-dist/tex/latex/amsmath/amsopn.sty))
(/usr/local/texlive/2022/texmf-dist/tex/latex/amsfonts/amssymb.sty
(/usr/local/texlive/2022/texmf-dist/tex/latex/amsfonts/amsfonts.sty))
(/usr/local/texlive/2022/texmf-dist/tex/latex/algorithms/algorithmic.sty
(/usr/local/texlive/2022/texmf-dist/tex/latex/base/ifthen.sty)
(/usr/local/texlive/2022/texmf-dist/tex/latex/graphics/keyval.sty))
(/usr/local/texlive/2022/texmf-dist/tex/latex/graphics/graphicx.sty
(/usr/local/texlive/2022/texmf-dist/tex/latex/graphics/graphics.sty
(/usr/local/texlive/2022/texmf-dist/tex/latex/graphics/trig.sty)
(/usr/local/texlive/2022/texmf-dist/tex/latex/graphics-cfg/graphics.cfg)
(/usr/local/texlive/2022/texmf-dist/tex/latex/graphics-def/pdftex.def)))
(/usr/local/texlive/2022/texmf-dist/tex/latex/base/textcomp.sty)
(/usr/local/texlive/2022/texmf-dist/tex/latex/xcolor/xcolor.sty
(/usr/local/texlive/2022/texmf-dist/tex/latex/graphics-cfg/color.cfg)
(/usr/local/texlive/2022/texmf-dist/tex/latex/graphics/mathcolor.ltx))
(/usr/local/texlive/2022/texmf-dist/tex/latex/glossaries/base/glossaries.sty
(/usr/local/texlive/2022/texmf-dist/tex/latex/xkeyval/xkeyval.sty
(/usr/local/texlive/2022/texmf-dist/tex/generic/xkeyval/xkeyval.tex
(/usr/local/texlive/2022/texmf-dist/tex/generic/xkeyval/xkvutils.tex)))
(/usr/local/texlive/2022/texmf-dist/tex/latex/mfirstuc/mfirstuc.sty
(/usr/local/texlive/2022/texmf-dist/tex/latex/etoolbox/etoolbox.sty))
(/usr/local/texlive/2022/texmf-dist/tex/latex/xfor/xfor.sty)
(/usr/local/texlive/2022/texmf-dist/tex/latex/datatool/datatool-base.sty
(/usr/local/texlive/2022/texmf-dist/tex/latex/substr/substr.sty)
(/usr/local/texlive/2022/texmf-dist/tex/latex/datatool/datatool-fp.sty
(/usr/local/texlive/2022/texmf-dist/tex/latex/fp/fp.sty
`Fixed Point Package', Version 0.8, April 2, 1995 (C) Michael Mehlich
(/usr/local/texlive/2022/texmf-dist/tex/latex/fp/defpattern.sty)
(/usr/local/texlive/2022/texmf-dist/tex/latex/fp/fp-basic.sty)
(/usr/local/texlive/2022/texmf-dist/tex/latex/fp/fp-addons.sty)
(/usr/local/texlive/2022/texmf-dist/tex/latex/fp/fp-snap.sty)
(/usr/local/texlive/2022/texmf-dist/tex/latex/fp/fp-exp.sty)
(/usr/local/texlive/2022/texmf-dist/tex/latex/fp/fp-trigo.sty)
(/usr/local/texlive/2022/texmf-dist/tex/latex/fp/fp-pas.sty)
(/usr/local/texlive/2022/texmf-dist/tex/latex/fp/fp-random.sty)
(/usr/local/texlive/2022/texmf-dist/tex/latex/fp/fp-eqn.sty)
(/usr/local/texlive/2022/texmf-dist/tex/latex/fp/fp-upn.sty)
(/usr/local/texlive/2022/texmf-dist/tex/latex/fp/fp-eval.sty))))
(/usr/local/texlive/2022/texmf-dist/tex/latex/glossaries/styles/glossary-hypern
av.sty)
(/usr/local/texlive/2022/texmf-dist/tex/latex/glossaries/styles/glossary-list.s
ty)
(/usr/local/texlive/2022/texmf-dist/tex/latex/glossaries/styles/glossary-long.s
ty (/usr/local/texlive/2022/texmf-dist/tex/latex/tools/longtable.sty))
(/usr/local/texlive/2022/texmf-dist/tex/latex/glossaries/styles/glossary-super.
sty (/usr/local/texlive/2022/texmf-dist/tex/latex/supertabular/supertabular.sty
))
(/usr/local/texlive/2022/texmf-dist/tex/latex/glossaries/styles/glossary-tree.s
ty)) (/usr/local/texlive/2022/texmf-dist/tex/latex/svg/svg.sty
(/usr/local/texlive/2022/texmf-dist/tex/generic/iftex/iftex.sty)
(/usr/local/texlive/2022/texmf-dist/tex/latex/koma-script/scrbase.sty
(/usr/local/texlive/2022/texmf-dist/tex/latex/koma-script/scrlfile.sty
(/usr/local/texlive/2022/texmf-dist/tex/latex/koma-script/scrlfile-hook.sty
(/usr/local/texlive/2022/texmf-dist/tex/latex/koma-script/scrlogo.sty))))
(/usr/local/texlive/2022/texmf-dist/tex/generic/pdftexcmds/pdftexcmds.sty
(/usr/local/texlive/2022/texmf-dist/tex/generic/infwarerr/infwarerr.sty)
(/usr/local/texlive/2022/texmf-dist/tex/generic/ltxcmds/ltxcmds.sty))
(/usr/local/texlive/2022/texmf-dist/tex/latex/trimspaces/trimspaces.sty)
(/usr/local/texlive/2022/texmf-dist/tex/latex/tools/shellesc.sty))
(/usr/local/texlive/2022/texmf-dist/tex/latex/transparent/transparent.sty
(/usr/local/texlive/2022/texmf-dist/tex/latex/transparent/transparent-nometadat
a.sty (/usr/local/texlive/2022/texmf-dist/tex/latex/auxhook/auxhook.sty)))
(/usr/local/texlive/2022/texmf-dist/tex/latex/pgf/systemlayer/pgfsys.sty
(/usr/local/texlive/2022/texmf-dist/tex/latex/pgf/utilities/pgfrcs.sty
(/usr/local/texlive/2022/texmf-dist/tex/generic/pgf/utilities/pgfutil-common.te
x)
(/usr/local/texlive/2022/texmf-dist/tex/generic/pgf/utilities/pgfutil-latex.def
) (/usr/local/texlive/2022/texmf-dist/tex/generic/pgf/utilities/pgfrcs.code.tex
(/usr/local/texlive/2022/texmf-dist/tex/generic/pgf/pgf.revision.tex)))
(/usr/local/texlive/2022/texmf-dist/tex/generic/pgf/systemlayer/pgfsys.code.tex
(/usr/local/texlive/2022/texmf-dist/tex/generic/pgf/utilities/pgfkeys.code.tex
(/usr/local/texlive/2022/texmf-dist/tex/generic/pgf/utilities/pgfkeyslibraryfil
tered.code.tex))
(/usr/local/texlive/2022/texmf-dist/tex/generic/pgf/systemlayer/pgf.cfg)
(/usr/local/texlive/2022/texmf-dist/tex/generic/pgf/systemlayer/pgfsys-pdftex.d
ef
(/usr/local/texlive/2022/texmf-dist/tex/generic/pgf/systemlayer/pgfsys-common-p
df.def)))
(/usr/local/texlive/2022/texmf-dist/tex/generic/pgf/systemlayer/pgfsyssoftpath.
code.tex)
(/usr/local/texlive/2022/texmf-dist/tex/generic/pgf/systemlayer/pgfsysprotocol.
code.tex)) (/usr/local/texlive/2022/texmf-dist/tex/latex/siunitx/siunitx.sty
(/usr/local/texlive/2022/texmf-dist/tex/latex/translations/translations.sty)

Package siunitx Warning: Option "binary-units" has been removed in this
(siunitx)                release.

(/usr/local/texlive/2022/texmf-dist/tex/latex/tools/array.sty))
(/usr/local/texlive/2022/texmf-dist/tex/latex/booktabs/booktabs.sty)
(/usr/local/texlive/2022/texmf-dist/tex/latex/eso-pic/eso-pic.sty)
(/usr/local/texlive/2022/texmf-dist/tex/latex/url/url.sty)
(/usr/local/texlive/2022/texmf-dist/tex/latex/l3backend/l3backend-pdftex.def)
(/diff_test_tex_engines/docker_bin_2/version_compiled_pdf/2306.00001/2306.00001
_tl2022.aux)
-- Lines per column: 56 (exact).
(/usr/local/texlive/2022/texmf-dist/tex/context/base/mkii/supp-pdf.mkii
[Loading MPS to PDF converter (version 2006.09.02).]
) (/usr/local/texlive/2022/texmf-dist/tex/latex/epstopdf-pkg/epstopdf-base.sty
(/usr/local/texlive/2022/texmf-dist/tex/latex/latexconfig/epstopdf-sys.cfg))
(/usr/local/texlive/2022/texmf-dist/tex/latex/translations/translations-basic-d
ictionary-english.trsl)
(/usr/local/texlive/2022/texmf-dist/tex/latex/amsfonts/umsa.fd)
(/usr/local/texlive/2022/texmf-dist/tex/latex/amsfonts/umsb.fd)

LaTeX Warning: Citation `dutta_tinyml_2021' on page 1 undefined on input line 1
29.


LaTeX Warning: Citation `boner2022tiny' on page 1 undefined on input line 129.


LaTeX Warning: Citation `merenda_edge_2020' on page 1 undefined on input line 1
29.


LaTeX Warning: Citation `redmon_you_2016' on page 1 undefined on input line 129
.


LaTeX Warning: Citation `ren_faster_2015' on page 1 undefined on input line 129
.


LaTeX Warning: Citation `liu_ssd_2016' on page 1 undefined on input line 129.


LaTeX Warning: Citation `wang2020fann' on page 1 undefined on input line 131.


LaTeX Warning: Citation `zhu_prune_2017' on page 1 undefined on input line 131.



LaTeX Warning: Citation `molchanov_pruning_2017' on page 1 undefined on input l
ine 131.


LaTeX Warning: Citation `gholami_survey_2021' on page 1 undefined on input line
 131.


LaTeX Warning: Citation `han_deep_2016' on page 1 undefined on input line 131.


LaTeX Warning: Citation `lin_mcunet_2020' on page 1 undefined on input line 131
.


LaTeX Warning: Citation `lin_mcunetv2_2021' on page 1 undefined on input line 1
31.


LaTeX Warning: Citation `cai_once-for-all_2020' on page 1 undefined on input li
ne 131.


LaTeX Warning: Citation `cai_-device_2019' on page 1 undefined on input line 13
1.


LaTeX Warning: Citation `scherer2021tinyradarnn' on page 1 undefined on input l
ine 131.


LaTeX Warning: Citation `li_fully_2019' on page 1 undefined on input line 131.


LaTeX Warning: Citation `redmon_you_2016' on page 1 undefined on input line 133
.


LaTeX Warning: Citation `yang_wider_2016' on page 1 undefined on input line 133
.


LaTeX Warning: Citation `everingham_pascal_2015' on page 1 undefined on input l
ine 133.

(/usr/local/texlive/2022/texmf-dist/tex/latex/psnfss/ts1ptm.fd) [1{/usr/local/t
exlive/2022/texmf-var/fonts/map/pdftex/updmap/pdftex.map}]

LaTeX Warning: Citation `reuther_survey_2020' on page 2 undefined on input line
 144.


LaTeX Warning: Citation `noauthor_overview_nodate-1' on page 2 undefined on inp
ut line 144.


LaTeX Warning: Citation `yousefi_intelligence_2019' on page 2 undefined on inpu
t line 144.


LaTeX Warning: Citation `redmon_you_2016' on page 2 undefined on input line 155
.


LaTeX Warning: Citation `redmon_you_2016' on page 2 undefined on input line 166
.


LaTeX Warning: Citation `everingham_pascal_2015' on page 2 undefined on input l
ine 166.


LaTeX Warning: Citation `yang_wider_2016' on page 2 undefined on input line 170
.


LaTeX Warning: Citation `everingham_pascal_2015' on page 2 undefined on input l
ine 170.


LaTeX Warning: Citation `saad_-line_1999' on page 2 undefined on input line 173
.


LaTeX Warning: Citation `goyal_accurate_2018' on page 2 undefined on input line
 173.

[2]

LaTeX Warning: Citation `david_tensorflow_2021' on page 3 undefined on input li
ne 176.


LaTeX Warning: Citation `noauthor_adi_2022' on page 3 undefined on input line 1
76.


LaTeX Warning: Citation `yang_wider_2016' on page 3 undefined on input line 186
.


LaTeX Warning: Citation `everingham_pascal_2015' on page 3 undefined on input l
ine 187.


LaTeX Warning: Citation `everingham_pascal_2015' on page 3 undefined on input l
ine 187.

[3 <./tinyissimoYOLO.png>]

LaTeX Warning: Citation `giordano_survey_2022' on page 4 undefined on input lin
e 234.


(/diff_test_tex_engines/docker_bin_2/version_compiled_pdf/2306.00001/2306.00001
_tl2022.bbl [4 <./tinyissimo_yolo_mcu_comparison.pdf>])

** Conference Paper **
Before submitting the final camera ready copy, remember to:

 1. Manually equalize the lengths of two columns on the last page
 of your paper;

 2. Ensure that any PostScript and/or PDF output post-processing
 uses only Type 1 fonts and that every step in the generation
 process uses the appropriate paper size.

[5]
(/diff_test_tex_engines/docker_bin_2/version_compiled_pdf/2306.00001/2306.00001
_tl2022.aux)

LaTeX Warning: There were undefined references.


LaTeX Warning: Label(s) may have changed. Rerun to get cross-references right.

 ){/usr/local/texlive/2022/texmf-dist/fonts/enc/dvips/base/8r.enc}</usr/local/t
exlive/2022/texmf-dist/fonts/type1/public/amsfonts/cm/cmmi10.pfb></usr/local/te
xlive/2022/texmf-dist/fonts/type1/public/amsfonts/cm/cmmi8.pfb></usr/local/texl
ive/2022/texmf-dist/fonts/type1/public/amsfonts/cm/cmmi9.pfb></usr/local/texliv
e/2022/texmf-dist/fonts/type1/public/amsfonts/cm/cmr10.pfb></usr/local/texlive/
2022/texmf-dist/fonts/type1/public/amsfonts/cm/cmr6.pfb></usr/local/texlive/202
2/texmf-dist/fonts/type1/public/amsfonts/cm/cmr7.pfb></usr/local/texlive/2022/t
exmf-dist/fonts/type1/public/amsfonts/cm/cmr8.pfb></usr/local/texlive/2022/texm
f-dist/fonts/type1/public/amsfonts/cm/cmr9.pfb></usr/local/texlive/2022/texmf-d
ist/fonts/type1/public/amsfonts/cm/cmsy10.pfb></usr/local/texlive/2022/texmf-di
st/fonts/type1/public/amsfonts/cm/cmsy7.pfb></usr/local/texlive/2022/texmf-dist
/fonts/type1/urw/times/utmb8a.pfb></usr/local/texlive/2022/texmf-dist/fonts/typ
e1/urw/times/utmbi8a.pfb></usr/local/texlive/2022/texmf-dist/fonts/type1/urw/ti
mes/utmr8a.pfb></usr/local/texlive/2022/texmf-dist/fonts/type1/urw/times/utmri8
a.pfb>
Output written on /diff_test_tex_engines/docker_bin_2/version_compiled_pdf/2306
.00001/2306.00001_tl2022.pdf (5 pages, 273943 bytes).
Transcript written on /diff_test_tex_engines/docker_bin_2/version_compiled_pdf/
2306.00001/2306.00001_tl2022.log.
Latexmk: Getting log file '/diff_test_tex_engines/docker_bin_2/version_compiled_pdf/2306.00001/2306.00001_tl2022.log'
Latexmk: Examining '/diff_test_tex_engines/docker_bin_2/version_compiled_pdf/2306.00001/2306.00001_tl2022.fls'
Latexmk: Examining '/diff_test_tex_engines/docker_bin_2/version_compiled_pdf/2306.00001/2306.00001_tl2022.log'
Latexmk: Found input bbl file '/diff_test_tex_engines/docker_bin_2/version_compiled_pdf/2306.00001/2306.00001_tl2022.bbl'
Latexmk: References changed.
Latexmk: Log file says output to '/diff_test_tex_engines/docker_bin_2/version_compiled_pdf/2306.00001/2306.00001_tl2022.pdf'
Latexmk: Found bibliography file(s):
  ./AICAS_TinyissimoYOLO.bib
  /usr/local/texlive/2022/texmf-dist/bibtex/bib/ieeetran/IEEEabrv.bib
Latexmk: applying rule 'bibtex /diff_test_tex_engines/docker_bin_2/version_compiled_pdf/2306.00001/2306.00001_tl2022'...
Rule 'bibtex /diff_test_tex_engines/docker_bin_2/version_compiled_pdf/2306.00001/2306.00001_tl2022':  Reasons for rerun
Changed files or newly in use/created:
  /diff_test_tex_engines/docker_bin_2/version_compiled_pdf/2306.00001/2306.00001_tl2022.aux

------------
Run number 2 of rule 'bibtex /diff_test_tex_engines/docker_bin_2/version_compiled_pdf/2306.00001/2306.00001_tl2022'
------------
Latexmk: Change directory to '/diff_test_tex_engines/docker_bin_2/version_compiled_pdf/2306.00001/'.
To assist finding of files in document directory, I set
  BIBINPUTS='/diff_test_tex_engines/bin/tex_sources/2306.00001:/diff_test_tex_engines/docker_bin_2/version_compiled_pdf/2306.00001:'
  BSTINPUTS='/diff_test_tex_engines/bin/tex_sources/2306.00001:'.
------------
Running 'bibtex  "2306.00001_tl2022.aux"'
------------
This is BibTeX, Version 0.99d (TeX Live 2022)
The top-level auxiliary file: 2306.00001_tl2022.aux
The style file: IEEEtran.bst
Database file #1: IEEEabrv.bib
Database file #2: AICAS_TinyissimoYOLO.bib
-- IEEEtran.bst version 1.14 (2015/08/26) by Michael Shell.
-- http://www.michaelshell.org/tex/ieeetran/bibtex/
-- See the "IEEEtran_bst_HOWTO.pdf" manual for usage information.

Done.
Latexmk: Change directory back to '/diff_test_tex_engines/bin/tex_sources/2306.00001'
Latexmk: applying rule 'pdflatex'...
Rule 'pdflatex':  Reasons for rerun
Changed files or newly in use/created:
  /diff_test_tex_engines/docker_bin_2/version_compiled_pdf/2306.00001/2306.00001_tl2022.aux

------------
Run number 3 of rule 'pdflatex'
------------
------------
Running 'pdflatex  -interaction=nonstopmode -recorder --jobname="2306.00001_tl2022" -output-directory="/diff_test_tex_engines/docker_bin_2/version_compiled_pdf/2306.00001"  "conference_101719.tex"'
------------
This is pdfTeX, Version 3.141592653-2.6-1.40.24 (TeX Live 2022) (preloaded format=pdflatex)
 restricted \write18 enabled.
entering extended mode
(./conference_101719.tex
LaTeX2e <2022-11-01> patch level 1
L3 programming layer <2023-02-22> (./IEEEtran.cls
Document Class: IEEEtran 2015/08/26 V1.8b by Michael Shell
-- See the "IEEEtran_HOWTO" manual for usage information.
-- http://www.michaelshell.org/tex/ieeetran/
(/usr/local/texlive/2022/texmf-dist/tex/latex/psnfss/ot1ptm.fd)
-- Using 8.5in x 11in (letter) paper.
-- Using PDF output.
-- This is a 10 point document.
)
** ATTENTION: Overriding command lockouts (line 2).
(/usr/local/texlive/2022/texmf-dist/tex/latex/cite/cite.sty)
(/usr/local/texlive/2022/texmf-dist/tex/latex/amsmath/amsmath.sty
For additional information on amsmath, use the `?' option.
(/usr/local/texlive/2022/texmf-dist/tex/latex/amsmath/amstext.sty
(/usr/local/texlive/2022/texmf-dist/tex/latex/amsmath/amsgen.sty))
(/usr/local/texlive/2022/texmf-dist/tex/latex/amsmath/amsbsy.sty)
(/usr/local/texlive/2022/texmf-dist/tex/latex/amsmath/amsopn.sty))
(/usr/local/texlive/2022/texmf-dist/tex/latex/amsfonts/amssymb.sty
(/usr/local/texlive/2022/texmf-dist/tex/latex/amsfonts/amsfonts.sty))
(/usr/local/texlive/2022/texmf-dist/tex/latex/algorithms/algorithmic.sty
(/usr/local/texlive/2022/texmf-dist/tex/latex/base/ifthen.sty)
(/usr/local/texlive/2022/texmf-dist/tex/latex/graphics/keyval.sty))
(/usr/local/texlive/2022/texmf-dist/tex/latex/graphics/graphicx.sty
(/usr/local/texlive/2022/texmf-dist/tex/latex/graphics/graphics.sty
(/usr/local/texlive/2022/texmf-dist/tex/latex/graphics/trig.sty)
(/usr/local/texlive/2022/texmf-dist/tex/latex/graphics-cfg/graphics.cfg)
(/usr/local/texlive/2022/texmf-dist/tex/latex/graphics-def/pdftex.def)))
(/usr/local/texlive/2022/texmf-dist/tex/latex/base/textcomp.sty)
(/usr/local/texlive/2022/texmf-dist/tex/latex/xcolor/xcolor.sty
(/usr/local/texlive/2022/texmf-dist/tex/latex/graphics-cfg/color.cfg)
(/usr/local/texlive/2022/texmf-dist/tex/latex/graphics/mathcolor.ltx))
(/usr/local/texlive/2022/texmf-dist/tex/latex/glossaries/base/glossaries.sty
(/usr/local/texlive/2022/texmf-dist/tex/latex/xkeyval/xkeyval.sty
(/usr/local/texlive/2022/texmf-dist/tex/generic/xkeyval/xkeyval.tex
(/usr/local/texlive/2022/texmf-dist/tex/generic/xkeyval/xkvutils.tex)))
(/usr/local/texlive/2022/texmf-dist/tex/latex/mfirstuc/mfirstuc.sty
(/usr/local/texlive/2022/texmf-dist/tex/latex/etoolbox/etoolbox.sty))
(/usr/local/texlive/2022/texmf-dist/tex/latex/xfor/xfor.sty)
(/usr/local/texlive/2022/texmf-dist/tex/latex/datatool/datatool-base.sty
(/usr/local/texlive/2022/texmf-dist/tex/latex/substr/substr.sty)
(/usr/local/texlive/2022/texmf-dist/tex/latex/datatool/datatool-fp.sty
(/usr/local/texlive/2022/texmf-dist/tex/latex/fp/fp.sty
`Fixed Point Package', Version 0.8, April 2, 1995 (C) Michael Mehlich
(/usr/local/texlive/2022/texmf-dist/tex/latex/fp/defpattern.sty)
(/usr/local/texlive/2022/texmf-dist/tex/latex/fp/fp-basic.sty)
(/usr/local/texlive/2022/texmf-dist/tex/latex/fp/fp-addons.sty)
(/usr/local/texlive/2022/texmf-dist/tex/latex/fp/fp-snap.sty)
(/usr/local/texlive/2022/texmf-dist/tex/latex/fp/fp-exp.sty)
(/usr/local/texlive/2022/texmf-dist/tex/latex/fp/fp-trigo.sty)
(/usr/local/texlive/2022/texmf-dist/tex/latex/fp/fp-pas.sty)
(/usr/local/texlive/2022/texmf-dist/tex/latex/fp/fp-random.sty)
(/usr/local/texlive/2022/texmf-dist/tex/latex/fp/fp-eqn.sty)
(/usr/local/texlive/2022/texmf-dist/tex/latex/fp/fp-upn.sty)
(/usr/local/texlive/2022/texmf-dist/tex/latex/fp/fp-eval.sty))))
(/usr/local/texlive/2022/texmf-dist/tex/latex/glossaries/styles/glossary-hypern
av.sty)
(/usr/local/texlive/2022/texmf-dist/tex/latex/glossaries/styles/glossary-list.s
ty)
(/usr/local/texlive/2022/texmf-dist/tex/latex/glossaries/styles/glossary-long.s
ty (/usr/local/texlive/2022/texmf-dist/tex/latex/tools/longtable.sty))
(/usr/local/texlive/2022/texmf-dist/tex/latex/glossaries/styles/glossary-super.
sty (/usr/local/texlive/2022/texmf-dist/tex/latex/supertabular/supertabular.sty
))
(/usr/local/texlive/2022/texmf-dist/tex/latex/glossaries/styles/glossary-tree.s
ty)) (/usr/local/texlive/2022/texmf-dist/tex/latex/svg/svg.sty
(/usr/local/texlive/2022/texmf-dist/tex/generic/iftex/iftex.sty)
(/usr/local/texlive/2022/texmf-dist/tex/latex/koma-script/scrbase.sty
(/usr/local/texlive/2022/texmf-dist/tex/latex/koma-script/scrlfile.sty
(/usr/local/texlive/2022/texmf-dist/tex/latex/koma-script/scrlfile-hook.sty
(/usr/local/texlive/2022/texmf-dist/tex/latex/koma-script/scrlogo.sty))))
(/usr/local/texlive/2022/texmf-dist/tex/generic/pdftexcmds/pdftexcmds.sty
(/usr/local/texlive/2022/texmf-dist/tex/generic/infwarerr/infwarerr.sty)
(/usr/local/texlive/2022/texmf-dist/tex/generic/ltxcmds/ltxcmds.sty))
(/usr/local/texlive/2022/texmf-dist/tex/latex/trimspaces/trimspaces.sty)
(/usr/local/texlive/2022/texmf-dist/tex/latex/tools/shellesc.sty))
(/usr/local/texlive/2022/texmf-dist/tex/latex/transparent/transparent.sty
(/usr/local/texlive/2022/texmf-dist/tex/latex/transparent/transparent-nometadat
a.sty (/usr/local/texlive/2022/texmf-dist/tex/latex/auxhook/auxhook.sty)))
(/usr/local/texlive/2022/texmf-dist/tex/latex/pgf/systemlayer/pgfsys.sty
(/usr/local/texlive/2022/texmf-dist/tex/latex/pgf/utilities/pgfrcs.sty
(/usr/local/texlive/2022/texmf-dist/tex/generic/pgf/utilities/pgfutil-common.te
x)
(/usr/local/texlive/2022/texmf-dist/tex/generic/pgf/utilities/pgfutil-latex.def
) (/usr/local/texlive/2022/texmf-dist/tex/generic/pgf/utilities/pgfrcs.code.tex
(/usr/local/texlive/2022/texmf-dist/tex/generic/pgf/pgf.revision.tex)))
(/usr/local/texlive/2022/texmf-dist/tex/generic/pgf/systemlayer/pgfsys.code.tex
(/usr/local/texlive/2022/texmf-dist/tex/generic/pgf/utilities/pgfkeys.code.tex
(/usr/local/texlive/2022/texmf-dist/tex/generic/pgf/utilities/pgfkeyslibraryfil
tered.code.tex))
(/usr/local/texlive/2022/texmf-dist/tex/generic/pgf/systemlayer/pgf.cfg)
(/usr/local/texlive/2022/texmf-dist/tex/generic/pgf/systemlayer/pgfsys-pdftex.d
ef
(/usr/local/texlive/2022/texmf-dist/tex/generic/pgf/systemlayer/pgfsys-common-p
df.def)))
(/usr/local/texlive/2022/texmf-dist/tex/generic/pgf/systemlayer/pgfsyssoftpath.
code.tex)
(/usr/local/texlive/2022/texmf-dist/tex/generic/pgf/systemlayer/pgfsysprotocol.
code.tex)) (/usr/local/texlive/2022/texmf-dist/tex/latex/siunitx/siunitx.sty
(/usr/local/texlive/2022/texmf-dist/tex/latex/translations/translations.sty)

Package siunitx Warning: Option "binary-units" has been removed in this
(siunitx)                release.

(/usr/local/texlive/2022/texmf-dist/tex/latex/tools/array.sty))
(/usr/local/texlive/2022/texmf-dist/tex/latex/booktabs/booktabs.sty)
(/usr/local/texlive/2022/texmf-dist/tex/latex/eso-pic/eso-pic.sty)
(/usr/local/texlive/2022/texmf-dist/tex/latex/url/url.sty)
(/usr/local/texlive/2022/texmf-dist/tex/latex/l3backend/l3backend-pdftex.def)
(/diff_test_tex_engines/docker_bin_2/version_compiled_pdf/2306.00001/2306.00001
_tl2022.aux)
-- Lines per column: 56 (exact).
(/usr/local/texlive/2022/texmf-dist/tex/context/base/mkii/supp-pdf.mkii
[Loading MPS to PDF converter (version 2006.09.02).]
) (/usr/local/texlive/2022/texmf-dist/tex/latex/epstopdf-pkg/epstopdf-base.sty
(/usr/local/texlive/2022/texmf-dist/tex/latex/latexconfig/epstopdf-sys.cfg))
(/usr/local/texlive/2022/texmf-dist/tex/latex/translations/translations-basic-d
ictionary-english.trsl)
(/usr/local/texlive/2022/texmf-dist/tex/latex/amsfonts/umsa.fd)
(/usr/local/texlive/2022/texmf-dist/tex/latex/amsfonts/umsb.fd)
(/usr/local/texlive/2022/texmf-dist/tex/latex/psnfss/ts1ptm.fd) [1{/usr/local/t
exlive/2022/texmf-var/fonts/map/pdftex/updmap/pdftex.map}] [2] [3 <./tinyissimo
YOLO.png>]
(/diff_test_tex_engines/docker_bin_2/version_compiled_pdf/2306.00001/2306.00001
_tl2022.bbl [4 <./tinyissimo_yolo_mcu_comparison.pdf>])

** Conference Paper **
Before submitting the final camera ready copy, remember to:

 1. Manually equalize the lengths of two columns on the last page
 of your paper;

 2. Ensure that any PostScript and/or PDF output post-processing
 uses only Type 1 fonts and that every step in the generation
 process uses the appropriate paper size.

[5]
(/diff_test_tex_engines/docker_bin_2/version_compiled_pdf/2306.00001/2306.00001
_tl2022.aux) ){/usr/local/texlive/2022/texmf-dist/fonts/enc/dvips/base/8r.enc}<
/usr/local/texlive/2022/texmf-dist/fonts/type1/public/amsfonts/cm/cmmi10.pfb></
usr/local/texlive/2022/texmf-dist/fonts/type1/public/amsfonts/cm/cmmi8.pfb></us
r/local/texlive/2022/texmf-dist/fonts/type1/public/amsfonts/cm/cmmi9.pfb></usr/
local/texlive/2022/texmf-dist/fonts/type1/public/amsfonts/cm/cmr10.pfb></usr/lo
cal/texlive/2022/texmf-dist/fonts/type1/public/amsfonts/cm/cmr6.pfb></usr/local
/texlive/2022/texmf-dist/fonts/type1/public/amsfonts/cm/cmr7.pfb></usr/local/te
xlive/2022/texmf-dist/fonts/type1/public/amsfonts/cm/cmr8.pfb></usr/local/texli
ve/2022/texmf-dist/fonts/type1/public/amsfonts/cm/cmr9.pfb></usr/local/texlive/
2022/texmf-dist/fonts/type1/public/amsfonts/cm/cmsy10.pfb></usr/local/texlive/2
022/texmf-dist/fonts/type1/public/amsfonts/cm/cmsy7.pfb></usr/local/texlive/202
2/texmf-dist/fonts/type1/urw/times/utmb8a.pfb></usr/local/texlive/2022/texmf-di
st/fonts/type1/urw/times/utmbi8a.pfb></usr/local/texlive/2022/texmf-dist/fonts/
type1/urw/times/utmr8a.pfb></usr/local/texlive/2022/texmf-dist/fonts/type1/urw/
times/utmri8a.pfb>
Output written on /diff_test_tex_engines/docker_bin_2/version_compiled_pdf/2306
.00001/2306.00001_tl2022.pdf (5 pages, 273098 bytes).
Transcript written on /diff_test_tex_engines/docker_bin_2/version_compiled_pdf/
2306.00001/2306.00001_tl2022.log.
Latexmk: Getting log file '/diff_test_tex_engines/docker_bin_2/version_compiled_pdf/2306.00001/2306.00001_tl2022.log'
Latexmk: Examining '/diff_test_tex_engines/docker_bin_2/version_compiled_pdf/2306.00001/2306.00001_tl2022.fls'
Latexmk: Examining '/diff_test_tex_engines/docker_bin_2/version_compiled_pdf/2306.00001/2306.00001_tl2022.log'
Latexmk: Found input bbl file '/diff_test_tex_engines/docker_bin_2/version_compiled_pdf/2306.00001/2306.00001_tl2022.bbl'
Latexmk: Log file says output to '/diff_test_tex_engines/docker_bin_2/version_compiled_pdf/2306.00001/2306.00001_tl2022.pdf'
Latexmk: Found bibliography file(s):
  ./AICAS_TinyissimoYOLO.bib
  /usr/local/texlive/2022/texmf-dist/bibtex/bib/ieeetran/IEEEabrv.bib
Latexmk: All targets () are up-to-date

Rc files read:
  NONE
Latexmk: This is Latexmk, John Collins, 7 Jan. 2023. Version 4.79.
Latexmk: Nothing to do for 'conference_101719.tex'.
Latexmk: All targets () are up-to-date

