This is pdfTeX, Version 3.141592653-2.6-1.40.25 (TeX Live 2023) (preloaded format=pdflatex 2024.3.4)  13 MAR 2024 10:41
entering extended mode
 restricted \write18 enabled.
 %&-line parsing enabled.
**main.tex
(./main.tex
LaTeX2e <2023-11-01> patch level 1
L3 programming layer <2024-02-20>
(/usr/local/texlive/2023/texmf-dist/tex/latex/base/article.cls
Document Class: article 2023/05/17 v1.4n Standard LaTeX document class
(/usr/local/texlive/2023/texmf-dist/tex/latex/base/size12.clo
File: size12.clo 2023/05/17 v1.4n Standard LaTeX file (size option)
)
\c@part=\count188
\c@section=\count189
\c@subsection=\count190
\c@subsubsection=\count191
\c@paragraph=\count192
\c@subparagraph=\count193
\c@figure=\count194
\c@table=\count195
\abovecaptionskip=\skip48
\belowcaptionskip=\skip49
\bibindent=\dimen140
)
(/usr/local/texlive/2023/texmf-dist/tex/latex/graphics/graphicx.sty
Package: graphicx 2021/09/16 v1.2d Enhanced LaTeX Graphics (DPC,SPQR)

(/usr/local/texlive/2023/texmf-dist/tex/latex/graphics/keyval.sty
Package: keyval 2022/05/29 v1.15 key=value parser (DPC)
\KV@toks@=\toks17
)
(/usr/local/texlive/2023/texmf-dist/tex/latex/graphics/graphics.sty
Package: graphics 2022/03/10 v1.4e Standard LaTeX Graphics (DPC,SPQR)

(/usr/local/texlive/2023/texmf-dist/tex/latex/graphics/trig.sty
Package: trig 2021/08/11 v1.11 sin cos tan (DPC)
)
(/usr/local/texlive/2023/texmf-dist/tex/latex/graphics-cfg/graphics.cfg
File: graphics.cfg 2016/06/04 v1.11 sample graphics configuration
)
Package graphics Info: Driver file: dvipdfmx.def on input line 107.

(/usr/local/texlive/2023/texmf-dist/tex/latex/graphics-def/dvipdfmx.def
File: dvipdfmx.def 2022/09/22 v5.0m Graphics/color driver for dvipdfmx
))
\Gin@req@height=\dimen141
\Gin@req@width=\dimen142
)
(/usr/local/texlive/2023/texmf-dist/tex/latex/amsfonts/amssymb.sty
Package: amssymb 2013/01/14 v3.01 AMS font symbols

(/usr/local/texlive/2023/texmf-dist/tex/latex/amsfonts/amsfonts.sty
Package: amsfonts 2013/01/14 v3.01 Basic AMSFonts support
\@emptytoks=\toks18
\symAMSa=\mathgroup4
\symAMSb=\mathgroup5
LaTeX Font Info:    Redeclaring math symbol \hbar on input line 98.
LaTeX Font Info:    Overwriting math alphabet `\mathfrak' in version `bold'
(Font)                  U/euf/m/n --> U/euf/b/n on input line 106.
))
(/usr/local/texlive/2023/texmf-dist/tex/latex/amsmath/amsmath.sty
Package: amsmath 2023/05/13 v2.17o AMS math features
\@mathmargin=\skip50

For additional information on amsmath, use the `?' option.
(/usr/local/texlive/2023/texmf-dist/tex/latex/amsmath/amstext.sty
Package: amstext 2021/08/26 v2.01 AMS text

(/usr/local/texlive/2023/texmf-dist/tex/latex/amsmath/amsgen.sty
File: amsgen.sty 1999/11/30 v2.0 generic functions
\@emptytoks=\toks19
\ex@=\dimen143
))
(/usr/local/texlive/2023/texmf-dist/tex/latex/amsmath/amsbsy.sty
Package: amsbsy 1999/11/29 v1.2d Bold Symbols
\pmbraise@=\dimen144
)
(/usr/local/texlive/2023/texmf-dist/tex/latex/amsmath/amsopn.sty
Package: amsopn 2022/04/08 v2.04 operator names
)
\inf@bad=\count196
LaTeX Info: Redefining \frac on input line 234.
\uproot@=\count197
\leftroot@=\count198
LaTeX Info: Redefining \overline on input line 399.
LaTeX Info: Redefining \colon on input line 410.
\classnum@=\count199
\DOTSCASE@=\count266
LaTeX Info: Redefining \ldots on input line 496.
LaTeX Info: Redefining \dots on input line 499.
LaTeX Info: Redefining \cdots on input line 620.
\Mathstrutbox@=\box51
\strutbox@=\box52
LaTeX Info: Redefining \big on input line 722.
LaTeX Info: Redefining \Big on input line 723.
LaTeX Info: Redefining \bigg on input line 724.
LaTeX Info: Redefining \Bigg on input line 725.
\big@size=\dimen145
LaTeX Font Info:    Redeclaring font encoding OML on input line 743.
LaTeX Font Info:    Redeclaring font encoding OMS on input line 744.
\macc@depth=\count267
LaTeX Info: Redefining \bmod on input line 905.
LaTeX Info: Redefining \pmod on input line 910.
LaTeX Info: Redefining \smash on input line 940.
LaTeX Info: Redefining \relbar on input line 970.
LaTeX Info: Redefining \Relbar on input line 971.
\c@MaxMatrixCols=\count268
\dotsspace@=\muskip16
\c@parentequation=\count269
\dspbrk@lvl=\count270
\tag@help=\toks20
\row@=\count271
\column@=\count272
\maxfields@=\count273
\andhelp@=\toks21
\eqnshift@=\dimen146
\alignsep@=\dimen147
\tagshift@=\dimen148
\tagwidth@=\dimen149
\totwidth@=\dimen150
\lineht@=\dimen151
\@envbody=\toks22
\multlinegap=\skip51
\multlinetaggap=\skip52
\mathdisplay@stack=\toks23
LaTeX Info: Redefining \[ on input line 2953.
LaTeX Info: Redefining \] on input line 2954.
)
(/usr/local/texlive/2023/texmf-dist/tex/latex/tools/bm.sty
Package: bm 2023/07/08 v1.2f Bold Symbol Support (DPC/FMi)
\symboldoperators=\mathgroup6
\symboldletters=\mathgroup7
\symboldsymbols=\mathgroup8
Package bm Info: No bold for \OMX/cmex/m/n, using \pmb.
Package bm Info: No bold for \U/msa/m/n, using \pmb.
Package bm Info: No bold for \U/msb/m/n, using \pmb.
LaTeX Font Info:    Redeclaring math alphabet \mathbf on input line 149.
)
(/usr/local/texlive/2023/texmf-dist/tex/latex/multirow/multirow.sty
Package: multirow 2021/03/15 v2.8 Span multiple rows of a table
\multirow@colwidth=\skip53
\multirow@cntb=\count274
\multirow@dima=\skip54
\bigstrutjot=\dimen152
)
(/usr/local/texlive/2023/texmf-dist/tex/latex/xcolor/xcolor.sty
Package: xcolor 2023/11/15 v3.01 LaTeX color extensions (UK)

(/usr/local/texlive/2023/texmf-dist/tex/latex/graphics-cfg/color.cfg
File: color.cfg 2016/01/02 v1.6 sample color configuration
)
Package xcolor Info: Driver file: pdftex.def on input line 274.

(/usr/local/texlive/2023/texmf-dist/tex/latex/graphics-def/pdftex.def
File: pdftex.def 2022/09/22 v1.2b Graphics/color driver for pdftex
)
(/usr/local/texlive/2023/texmf-dist/tex/latex/graphics/mathcolor.ltx)
Package xcolor Info: Model `cmy' substituted by `cmy0' on input line 1350.
Package xcolor Info: Model `RGB' extended on input line 1366.
Package xcolor Info: Model `HTML' substituted by `rgb' on input line 1368.
Package xcolor Info: Model `Hsb' substituted by `hsb' on input line 1369.
Package xcolor Info: Model `tHsb' substituted by `hsb' on input line 1370.
Package xcolor Info: Model `HSB' substituted by `hsb' on input line 1371.
Package xcolor Info: Model `Gray' substituted by `gray' on input line 1372.
Package xcolor Info: Model `wave' substituted by `hsb' on input line 1373.
)
(/usr/local/texlive/2023/texmf-dist/tex/latex/colortbl/colortbl.sty
Package: colortbl 2024/02/20 v1.0g Color table columns (DPC)

(/usr/local/texlive/2023/texmf-dist/tex/latex/tools/array.sty
Package: array 2023/10/16 v2.5g Tabular extension package (FMi)
\col@sep=\dimen153
\ar@mcellbox=\box53
\extrarowheight=\dimen154
\NC@list=\toks24
\extratabsurround=\skip55
\backup@length=\skip56
\ar@cellbox=\box54
)
\everycr=\toks25
\minrowclearance=\skip57
\rownum=\count275
)
(/usr/local/texlive/2023/texmf-dist/tex/latex/cite/cite.sty
LaTeX Info: Redefining \cite on input line 302.
LaTeX Info: Redefining \nocite on input line 332.
Package: cite 2015/02/27  v 5.5
)
(/usr/local/texlive/2023/texmf-dist/tex/latex/carlisle/slashed.sty
Package: slashed 1997/01/16 v0.01 Feynman Slashed Character Notation (DPC)
)
(/usr/local/texlive/2023/texmf-dist/tex/latex/subfigure/subfigure.sty
Package: subfigure 2002/03/15 v2.1.5 subfigure package
\subfigtopskip=\skip58
\subfigcapskip=\skip59
\subfigcaptopadj=\dimen155
\subfigbottomskip=\skip60
\subfigcapmargin=\dimen156
\subfiglabelskip=\skip61
\c@subfigure=\count276
\c@lofdepth=\count277
\c@subtable=\count278
\c@lotdepth=\count279

****************************************
* Local config file subfigure.cfg used *
****************************************
(/usr/local/texlive/2023/texmf-dist/tex/latex/subfigure/subfigure.cfg)
\subfig@top=\skip62
\subfig@bottom=\skip63
)
(/usr/local/texlive/2023/texmf-dist/tex/latex/epstopdf-pkg/epstopdf.sty
Package: epstopdf 2020-01-24 v2.11 Conversion with epstopdf on the fly (HO)

(/usr/local/texlive/2023/texmf-dist/tex/generic/infwarerr/infwarerr.sty
Package: infwarerr 2019/12/03 v1.5 Providing info/warning/error messages (HO)
)
(/usr/local/texlive/2023/texmf-dist/tex/latex/grfext/grfext.sty
Package: grfext 2019/12/03 v1.3 Manage graphics extensions (HO)

(/usr/local/texlive/2023/texmf-dist/tex/generic/kvdefinekeys/kvdefinekeys.sty
Package: kvdefinekeys 2019-12-19 v1.6 Define keys (HO)
)) (/usr/local/texlive/2023/texmf-dist/tex/latex/kvoptions/kvoptions.sty
Package: kvoptions 2022-06-15 v3.15 Key value format for package options (HO)

(/usr/local/texlive/2023/texmf-dist/tex/generic/ltxcmds/ltxcmds.sty
Package: ltxcmds 2023-12-04 v1.26 LaTeX kernel commands for general use (HO)
)
(/usr/local/texlive/2023/texmf-dist/tex/latex/kvsetkeys/kvsetkeys.sty
Package: kvsetkeys 2022-10-05 v1.19 Key value parser (HO)
))
(/usr/local/texlive/2023/texmf-dist/tex/generic/pdftexcmds/pdftexcmds.sty
Package: pdftexcmds 2020-06-27 v0.33 Utility functions of pdfTeX for LuaTeX (HO
)

(/usr/local/texlive/2023/texmf-dist/tex/generic/iftex/iftex.sty
Package: iftex 2022/02/03 v1.0f TeX engine tests
)
Package pdftexcmds Info: \pdf@primitive is available.
Package pdftexcmds Info: \pdf@ifprimitive is available.
Package pdftexcmds Info: \pdfdraftmode found.
)
(/usr/local/texlive/2023/texmf-dist/tex/latex/epstopdf-pkg/epstopdf-base.sty
Package: epstopdf-base 2020-01-24 v2.11 Base part for package epstopdf
Package epstopdf-base Info: Redefining graphics rule for `.eps' on input line 4
85.
Package grfext Info: Graphics extension search list:
(grfext)             [.pdf,.png,.jpg,.mps,.jpeg,.jbig2,.jb2,.PDF,.PNG,.JPG,.JPE
G,.JBIG2,.JB2,.eps]
(grfext)             \AppendGraphicsExtensions on input line 504.

(/usr/local/texlive/2023/texmf-dist/tex/latex/latexconfig/epstopdf-sys.cfg
File: epstopdf-sys.cfg 2010/07/13 v1.3 Configuration of (r)epstopdf for TeX Liv
e
)))
(/usr/local/texlive/2023/texmf-dist/tex/latex/graphics/epsfig.sty
Package: epsfig 2017/06/25 v1.7b (e)psfig emulation (SPQR)
\epsfxsize=\dimen157
\epsfysize=\dimen158
)
(/usr/local/texlive/2023/texmf-dist/tex/latex/here/here.sty)
(/usr/local/texlive/2023/texmf-dist/tex/latex/float/float.sty
Package: float 2001/11/08 v1.3d Float enhancements (AL)
\c@float@type=\count280
\float@exts=\toks26
\float@box=\box55
\@float@everytoks=\toks27
\@floatcapt=\box56
)
(/usr/local/texlive/2023/texmf-dist/tex/latex/comment/comment.sty
\CommentStream=\write3

Excluding comment 'comment')
(/usr/local/texlive/2023/texmf-dist/tex/latex/booktabs/booktabs.sty
Package: booktabs 2020/01/12 v1.61803398 Publication quality tables
\heavyrulewidth=\dimen159
\lightrulewidth=\dimen160
\cmidrulewidth=\dimen161
\belowrulesep=\dimen162
\belowbottomsep=\dimen163
\aboverulesep=\dimen164
\abovetopsep=\dimen165
\cmidrulesep=\dimen166
\cmidrulekern=\dimen167
\defaultaddspace=\dimen168
\@cmidla=\count281
\@cmidlb=\count282
\@aboverulesep=\dimen169
\@belowrulesep=\dimen170
\@thisruleclass=\count283
\@lastruleclass=\count284
\@thisrulewidth=\dimen171
)
(/usr/local/texlive/2023/texmf-dist/tex/latex/psnfss/mathptmx.sty
Package: mathptmx 2020/03/25 PSNFSS-v9.3 Times w/ Math, improved (SPQR, WaS) 
LaTeX Font Info:    Redeclaring symbol font `operators' on input line 28.
LaTeX Font Info:    Overwriting symbol font `operators' in version `normal'
(Font)                  OT1/cmr/m/n --> OT1/ztmcm/m/n on input line 28.
LaTeX Font Info:    Overwriting symbol font `operators' in version `bold'
(Font)                  OT1/cmr/bx/n --> OT1/ztmcm/m/n on input line 28.
LaTeX Font Info:    Redeclaring symbol font `letters' on input line 29.
LaTeX Font Info:    Overwriting symbol font `letters' in version `normal'
(Font)                  OML/cmm/m/it --> OML/ztmcm/m/it on input line 29.
LaTeX Font Info:    Overwriting symbol font `letters' in version `bold'
(Font)                  OML/cmm/b/it --> OML/ztmcm/m/it on input line 29.
LaTeX Font Info:    Redeclaring symbol font `symbols' on input line 30.
LaTeX Font Info:    Overwriting symbol font `symbols' in version `normal'
(Font)                  OMS/cmsy/m/n --> OMS/ztmcm/m/n on input line 30.
LaTeX Font Info:    Overwriting symbol font `symbols' in version `bold'
(Font)                  OMS/cmsy/b/n --> OMS/ztmcm/m/n on input line 30.
LaTeX Font Info:    Redeclaring symbol font `largesymbols' on input line 31.
LaTeX Font Info:    Overwriting symbol font `largesymbols' in version `normal'
(Font)                  OMX/cmex/m/n --> OMX/ztmcm/m/n on input line 31.
LaTeX Font Info:    Overwriting symbol font `largesymbols' in version `bold'
(Font)                  OMX/cmex/m/n --> OMX/ztmcm/m/n on input line 31.
\symbold=\mathgroup9
\symitalic=\mathgroup10
LaTeX Font Info:    Redeclaring math alphabet \mathbf on input line 34.
LaTeX Font Info:    Redeclaring math alphabet \mathit on input line 35.
LaTeX Font Info:    Overwriting math alphabet `\mathit' in version `normal'
(Font)                  OT1/cmr/m/it --> OT1/ptm/m/it on input line 35.
LaTeX Font Info:    Overwriting math alphabet `\mathit' in version `bold'
(Font)                  OT1/cmr/bx/it --> OT1/ptm/m/it on input line 35.
LaTeX Info: Redefining \hbar on input line 50.
)
(/usr/local/texlive/2023/texmf-dist/tex/latex/wrapfig/wrapfig.sty
\wrapoverhang=\dimen172
\WF@size=\dimen173
\c@WF@wrappedlines=\count285
\WF@box=\box57
\WF@everypar=\toks28
Package: wrapfig 2003/01/31  v 3.6
)
(/usr/local/texlive/2023/texmf-dist/tex/latex/ascmac/ascmac.sty
Package: ascmac 2020/01/15 v2.1 ascmac wrapper (community edition) 

(/usr/local/texlive/2023/texmf-dist/tex/latex/ascmac/tascmac.sty
Package: tascmac 2020/01/15 v2.1 ascmac package (community edition) 
Package tascmac Info: Assuming pdfLaTeX, XeLaTeX or LuaLaTeX on input line 44.
\scb@x=\box58
\scscb@x=\box59
\@bw=\dimen174
\@nbox=\box60
\@nbody=\box61
\@scw=\dimen175
\ascmac@hoboxa=\box62
\ascmac@hoboxb=\box63
\@itemh=\dimen176
\@iboxpos=\toks29
\@iboxstr=\box64
\@bwsp=\box65
\@@bwsp=\box66
\@bcal=\count286
\shaderule=\dimen177
))
(/usr/local/texlive/2023/texmf-dist/tex/latex/fancybox/fancybox.sty
Package: fancybox 2010/05/15 1.4

Style option: `fancybox' v1.4 <2010/05/15> (tvz)
\@fancybox=\box67
\shadowsize=\dimen178
\@Sbox=\box68
\do@VerbBox=\toks30
\the@fancyput=\toks31
\this@fancyput=\toks32
\EndVerbatimTokens=\toks33
\Verbatim@Outfile=\write4
\Verbatim@Infile=\read2
) (/usr/local/texlive/2023/texmf-dist/tex/generic/ulem/ulem.sty
\UL@box=\box69
\UL@hyphenbox=\box70
\UL@skip=\skip64
\UL@hook=\toks34
\UL@height=\dimen179
\UL@pe=\count287
\UL@pixel=\dimen180
\ULC@box=\box71
Package: ulem 2019/11/18
\ULdepth=\dimen181
)
(/usr/local/texlive/2023/texmf-dist/tex/latex/tools/enumerate.sty
Package: enumerate 2023/07/04 v3.00 enumerate extensions (DPC)
\@enLab=\toks35
)
LaTeX Font Info:    Redeclaring math alphabet \mathcal on input line 24.

(/usr/local/texlive/2023/texmf-dist/tex/latex/tools/xspace.sty
Package: xspace 2014/10/28 v1.13 Space after command names (DPC,MH)
)
(/usr/local/texlive/2023/texmf-dist/tex/latex/caption/caption.sty
Package: caption 2023/08/05 v3.6o Customizing captions (AR)

(/usr/local/texlive/2023/texmf-dist/tex/latex/caption/caption3.sty
Package: caption3 2023/07/31 v2.4d caption3 kernel (AR)
\caption@tempdima=\dimen182
\captionmargin=\dimen183
\caption@leftmargin=\dimen184
\caption@rightmargin=\dimen185
\caption@width=\dimen186
\caption@indent=\dimen187
\caption@parindent=\dimen188
\caption@hangindent=\dimen189
Package caption Info: Standard document class detected.
)
\c@caption@flags=\count288
\c@continuedfloat=\count289
Package caption Info: float package is loaded.
Package caption Info: subfigure package is loaded.
Package caption Info: wrapfig package is loaded.
)
(/usr/local/texlive/2023/texmf-dist/tex/latex/hyperref/hyperref.sty
Package: hyperref 2024-01-20 v7.01h Hypertext links for LaTeX

(/usr/local/texlive/2023/texmf-dist/tex/generic/pdfescape/pdfescape.sty
Package: pdfescape 2019/12/09 v1.15 Implements pdfTeX's escape features (HO)
)
(/usr/local/texlive/2023/texmf-dist/tex/latex/hycolor/hycolor.sty
Package: hycolor 2020-01-27 v1.10 Color options for hyperref/bookmark (HO)
)
(/usr/local/texlive/2023/texmf-dist/tex/latex/auxhook/auxhook.sty
Package: auxhook 2019-12-17 v1.6 Hooks for auxiliary files (HO)
)
(/usr/local/texlive/2023/texmf-dist/tex/latex/hyperref/nameref.sty
Package: nameref 2023-11-26 v2.56 Cross-referencing by name of section

(/usr/local/texlive/2023/texmf-dist/tex/latex/refcount/refcount.sty
Package: refcount 2019/12/15 v3.6 Data extraction from label references (HO)
)
(/usr/local/texlive/2023/texmf-dist/tex/generic/gettitlestring/gettitlestring.s
ty
Package: gettitlestring 2019/12/15 v1.6 Cleanup title references (HO)
)
\c@section@level=\count290
) (/usr/local/texlive/2023/texmf-dist/tex/latex/etoolbox/etoolbox.sty
Package: etoolbox 2020/10/05 v2.5k e-TeX tools for LaTeX (JAW)
\etb@tempcnta=\count291
)
\@linkdim=\dimen190
\Hy@linkcounter=\count292
\Hy@pagecounter=\count293

(/usr/local/texlive/2023/texmf-dist/tex/latex/hyperref/pd1enc.def
File: pd1enc.def 2024-01-20 v7.01h Hyperref: PDFDocEncoding definition (HO)
Now handling font encoding PD1 ...
... no UTF-8 mapping file for font encoding PD1
)
(/usr/local/texlive/2023/texmf-dist/tex/generic/intcalc/intcalc.sty
Package: intcalc 2019/12/15 v1.3 Expandable calculations with integers (HO)
)
\Hy@SavedSpaceFactor=\count294

(/usr/local/texlive/2023/texmf-dist/tex/latex/hyperref/puenc.def
File: puenc.def 2024-01-20 v7.01h Hyperref: PDF Unicode definition (HO)
Now handling font encoding PU ...
... no UTF-8 mapping file for font encoding PU
)
Package hyperref Info: Option `colorlinks' set `true' on input line 4062.
Package hyperref Info: Hyper figures OFF on input line 4179.
Package hyperref Info: Link nesting OFF on input line 4184.
Package hyperref Info: Hyper index ON on input line 4187.
Package hyperref Info: Plain pages OFF on input line 4194.
Package hyperref Info: Backreferencing OFF on input line 4199.
Package hyperref Info: Implicit mode ON; LaTeX internals redefined.
Package hyperref Info: Bookmarks ON on input line 4446.
\c@Hy@tempcnt=\count295

(/usr/local/texlive/2023/texmf-dist/tex/latex/url/url.sty
\Urlmuskip=\muskip17
Package: url 2013/09/16  ver 3.4  Verb mode for urls, etc.
)
LaTeX Info: Redefining \url on input line 4784.
\XeTeXLinkMargin=\dimen191

(/usr/local/texlive/2023/texmf-dist/tex/generic/bitset/bitset.sty
Package: bitset 2019/12/09 v1.3 Handle bit-vector datatype (HO)

(/usr/local/texlive/2023/texmf-dist/tex/generic/bigintcalc/bigintcalc.sty
Package: bigintcalc 2019/12/15 v1.5 Expandable calculations on big integers (HO
)
))
\Fld@menulength=\count296
\Field@Width=\dimen192
\Fld@charsize=\dimen193
Package hyperref Info: Hyper figures OFF on input line 6063.
Package hyperref Info: Link nesting OFF on input line 6068.
Package hyperref Info: Hyper index ON on input line 6071.
Package hyperref Info: backreferencing OFF on input line 6078.
Package hyperref Info: Link coloring ON on input line 6081.
Package hyperref Info: Link coloring with OCG OFF on input line 6088.
Package hyperref Info: PDF/A mode OFF on input line 6093.

(/usr/local/texlive/2023/texmf-dist/tex/latex/base/atbegshi-ltx.sty
Package: atbegshi-ltx 2021/01/10 v1.0c Emulation of the original atbegshi
package with kernel methods
)
\Hy@abspage=\count297
\c@Item=\count298
\c@Hfootnote=\count299
)
Package hyperref Info: Driver (autodetected): hpdftex.

(/usr/local/texlive/2023/texmf-dist/tex/latex/hyperref/hpdftex.def
File: hpdftex.def 2024-01-20 v7.01h Hyperref driver for pdfTeX

(/usr/local/texlive/2023/texmf-dist/tex/latex/base/atveryend-ltx.sty
Package: atveryend-ltx 2020/08/19 v1.0a Emulation of the original atveryend pac
kage
with kernel methods
)
\Fld@listcount=\count300
\c@bookmark@seq@number=\count301

(/usr/local/texlive/2023/texmf-dist/tex/latex/rerunfilecheck/rerunfilecheck.sty
Package: rerunfilecheck 2022-07-10 v1.10 Rerun checks for auxiliary files (HO)

(/usr/local/texlive/2023/texmf-dist/tex/generic/uniquecounter/uniquecounter.sty
Package: uniquecounter 2019/12/15 v1.4 Provide unlimited unique counter (HO)
)
Package uniquecounter Info: New unique counter `rerunfilecheck' on input line 2
85.
)
\Hy@SectionHShift=\skip65
)
LaTeX Font Info:    Trying to load font information for OT1+ptm on input line 9
6.
 (/usr/local/texlive/2023/texmf-dist/tex/latex/psnfss/ot1ptm.fd
File: ot1ptm.fd 2001/06/04 font definitions for OT1/ptm.
)
(/usr/local/texlive/2023/texmf-dist/tex/latex/l3backend/l3backend-pdftex.def
File: l3backend-pdftex.def 2024-02-20 L3 backend support: PDF output (pdfTeX)
\l__color_backend_stack_int=\count302
\l__pdf_internal_box=\box72
)
(/diff_test_tex_engines/docker_bin_2/version_compiled_pdf/2306.00052/2306.00052
_tl2023.aux)
\openout1 = `2306.00052_tl2023.aux'.

LaTeX Font Info:    Checking defaults for OML/cmm/m/it on input line 96.
LaTeX Font Info:    ... okay on input line 96.
LaTeX Font Info:    Checking defaults for OMS/cmsy/m/n on input line 96.
LaTeX Font Info:    ... okay on input line 96.
LaTeX Font Info:    Checking defaults for OT1/cmr/m/n on input line 96.
LaTeX Font Info:    ... okay on input line 96.
LaTeX Font Info:    Checking defaults for T1/cmr/m/n on input line 96.
LaTeX Font Info:    ... okay on input line 96.
LaTeX Font Info:    Checking defaults for TS1/cmr/m/n on input line 96.
LaTeX Font Info:    ... okay on input line 96.
LaTeX Font Info:    Checking defaults for OMX/cmex/m/n on input line 96.
LaTeX Font Info:    ... okay on input line 96.
LaTeX Font Info:    Checking defaults for U/cmr/m/n on input line 96.
LaTeX Font Info:    ... okay on input line 96.
LaTeX Font Info:    Checking defaults for PD1/pdf/m/n on input line 96.
LaTeX Font Info:    ... okay on input line 96.
LaTeX Font Info:    Checking defaults for PU/pdf/m/n on input line 96.
LaTeX Font Info:    ... okay on input line 96.

(/usr/local/texlive/2023/texmf-dist/tex/context/base/mkii/supp-pdf.mkii
[Loading MPS to PDF converter (version 2006.09.02).]
\scratchcounter=\count303
\scratchdimen=\dimen194
\scratchbox=\box73
\nofMPsegments=\count304
\nofMParguments=\count305
\everyMPshowfont=\toks36
\MPscratchCnt=\count306
\MPscratchDim=\dimen195
\MPnumerator=\count307
\makeMPintoPDFobject=\count308
\everyMPtoPDFconversion=\toks37
)
Package caption Info: Begin \AtBeginDocument code.
Package caption Info: hyperref package is loaded.
Package caption Info: End \AtBeginDocument code.
Package hyperref Info: Link coloring ON on input line 96.

(/diff_test_tex_engines/docker_bin_2/version_compiled_pdf/2306.00052/2306.00052
_tl2023.out)
(/diff_test_tex_engines/docker_bin_2/version_compiled_pdf/2306.00052/2306.00052
_tl2023.out)
\@outlinefile=\write5
\openout5 = `2306.00052_tl2023.out'.

LaTeX Font Info:    Trying to load font information for OT1+ztmcm on input line
 104.
 (/usr/local/texlive/2023/texmf-dist/tex/latex/psnfss/ot1ztmcm.fd
File: ot1ztmcm.fd 2000/01/03 Fontinst v1.801 font definitions for OT1/ztmcm.
)
LaTeX Font Info:    Trying to load font information for OML+ztmcm on input line
 104.

(/usr/local/texlive/2023/texmf-dist/tex/latex/psnfss/omlztmcm.fd
File: omlztmcm.fd 2000/01/03 Fontinst v1.801 font definitions for OML/ztmcm.
)
LaTeX Font Info:    Trying to load font information for OMS+ztmcm on input line
 104.

(/usr/local/texlive/2023/texmf-dist/tex/latex/psnfss/omsztmcm.fd
File: omsztmcm.fd 2000/01/03 Fontinst v1.801 font definitions for OMS/ztmcm.
)
LaTeX Font Info:    Trying to load font information for OMX+ztmcm on input line
 104.

(/usr/local/texlive/2023/texmf-dist/tex/latex/psnfss/omxztmcm.fd
File: omxztmcm.fd 2000/01/03 Fontinst v1.801 font definitions for OMX/ztmcm.
)
LaTeX Font Info:    Font shape `OT1/ptm/bx/n' in size <17.28> not available
(Font)              Font shape `OT1/ptm/b/n' tried instead on input line 104.
LaTeX Font Info:    Font shape `OT1/ptm/bx/n' in size <12> not available
(Font)              Font shape `OT1/ptm/b/n' tried instead on input line 104.
LaTeX Font Info:    Font shape `OT1/ptm/bx/n' in size <10> not available
(Font)              Font shape `OT1/ptm/b/n' tried instead on input line 104.
LaTeX Font Info:    Font shape `OT1/ptm/bx/n' in size <14.4> not available
(Font)              Font shape `OT1/ptm/b/n' tried instead on input line 111.
LaTeX Font Info:    Font shape `OT1/ptm/bx/n' in size <10.95> not available
(Font)              Font shape `OT1/ptm/b/n' tried instead on input line 111.
LaTeX Font Info:    Font shape `OT1/ptm/bx/n' in size <8> not available
(Font)              Font shape `OT1/ptm/b/n' tried instead on input line 111.
LaTeX Font Info:    Font shape `OT1/ptm/bx/n' in size <9> not available
(Font)              Font shape `OT1/ptm/b/n' tried instead on input line 116.
LaTeX Font Info:    Font shape `OT1/ptm/bx/n' in size <7> not available
(Font)              Font shape `OT1/ptm/b/n' tried instead on input line 116.


Package mathptmx Warning: There are no bold math fonts on input line 139.

LaTeX Font Info:    Font shape `OT1/ptm/bx/n' in size <6> not available
(Font)              Font shape `OT1/ptm/b/n' tried instead on input line 143.
[1
Non-PDF special ignored!
<special> papersize=597.50787pt,845.04684pt

{/usr/local/texlive/2023/texmf-var/fonts/map/pdftex/updmap/pdftex.map}{/usr/loc
al/texlive/2023/texmf-dist/fonts/enc/dvips/base/8r.enc}]
(/diff_test_tex_engines/docker_bin_2/version_compiled_pdf/2306.00052/2306.00052
_tl2023.toc)
\tf@toc=\write6
\openout6 = `2306.00052_tl2023.toc'.



LaTeX Warning: Citation `Bordone:2019guc' on page 1 undefined on input line 179
.


LaTeX Warning: Citation `Iguro:2020cpg' on page 1 undefined on input line 179.


LaTeX Warning: Citation `HFLAV:2022pwe' on page 1 undefined on input line 179.


LaTeX Warning: Citation `Bernlochner:2022ywh' on page 1 undefined on input line
 179.

LaTeX Font Info:    Font shape `OT1/ptm/bx/n' in size <7.4> not available
(Font)              Font shape `OT1/ptm/b/n' tried instead on input line 179.

LaTeX Warning: Citation `Martinelli:2021onb' on page 1 undefined on input line 
179.


LaTeX Warning: Citation `Martinelli:2021myh' on page 1 undefined on input line 
179.


LaTeX Warning: Citation `FermilabLattice:2021cdg' on page 1 undefined on input 
line 179.


LaTeX Warning: Citation `Fedele:2023ewe' on page 1 undefined on input line 179.



LaTeX Warning: Citation `Lees:2012xj' on page 1 undefined on input line 180.


LaTeX Warning: Citation `Lees:2013uzd' on page 1 undefined on input line 180.


LaTeX Warning: Citation `Huschle:2015rga' on page 1 undefined on input line 180
.


LaTeX Warning: Citation `Hirose:2016wfn' on page 1 undefined on input line 180.



LaTeX Warning: Citation `Hirose:2017dxl' on page 1 undefined on input line 180.



LaTeX Warning: Citation `Abdesselam:2019dgh' on page 1 undefined on input line 
180.


LaTeX Warning: Citation `Belle:2019rba' on page 1 undefined on input line 180.


LaTeX Warning: Citation `Aaij:2015yra' on page 1 undefined on input line 180.


LaTeX Warning: Citation `Aaij:2017uff' on page 1 undefined on input line 180.


LaTeX Warning: Citation `Aaij:2017deq' on page 1 undefined on input line 180.


LaTeX Warning: Citation `LHCb:2023zxo' on page 1 undefined on input line 180.


LaTeX Warning: Citation `LHCbRun1had' on page 1 undefined on input line 180.


LaTeX Warning: Citation `Ciezarek:2837207' on page 1 undefined on input line 18
1.


LaTeX Warning: Citation `LHCbRDst2023' on page 1 undefined on input line 181.


LaTeX Warning: Citation `Iguro:2022yzr' on page 1 undefined on input line 183.


LaTeX Warning: Citation `Iguro:2022yzr' on page 1 undefined on input line 183.


LaTeX Warning: Citation `Aebischer:2022oqe' on page 1 undefined on input line 1
83.


LaTeX Warning: Citation `Fedele:2022iib' on page 1 undefined on input line 183.



LaTeX Warning: Citation `Aban:2023pgq' on page 1 undefined on input line 183.


LaTeX Warning: Citation `Iguro:2022yzr' on page 1 undefined on input line 183.


pdfTeX warning (ext4): destination with the same identifier (name{page.1}) has 
been already used, duplicate ignored
<to be read again> 
                   \relax 
l.195 \end{align}
                  [1]

LaTeX Warning: Citation `Beneke:1996xe' on page 2 undefined on input line 199.


LaTeX Warning: Citation `Alonso:2016oyd' on page 2 undefined on input line 199.



LaTeX Warning: Citation `Celis:2016azn' on page 2 undefined on input line 199.


LaTeX Warning: Citation `Akeroyd:2017mhr' on page 2 undefined on input line 199
.


LaTeX Warning: Citation `Blanke:2018yud' on page 2 undefined on input line 199.



LaTeX Warning: Citation `Aebischer:2021ilm' on page 2 undefined on input line 1
99.


LaTeX Warning: Citation `Fedele:2022iib' on page 2 undefined on input line 199.



LaTeX Warning: Citation `Tanaka:2012nw' on page 2 undefined on input line 200.


LaTeX Warning: Citation `Belle:2019ewo' on page 2 undefined on input line 200.


LaTeX Warning: Citation `Crivellin:2012ye' on page 2 undefined on input line 20
3.


LaTeX Warning: Citation `Ko:2012sv' on page 2 undefined on input line 203.


LaTeX Warning: Citation `Crivellin:2013wna' on page 2 undefined on input line 2
03.


LaTeX Warning: Citation `Cline:2015lqp' on page 2 undefined on input line 203.


LaTeX Warning: Citation `Crivellin:2015hha' on page 2 undefined on input line 2
03.


LaTeX Warning: Citation `Lee:2017kbi' on page 2 undefined on input line 203.


LaTeX Warning: Citation `Iguro:2017ysu' on page 2 undefined on input line 203.


LaTeX Warning: Citation `Iguro:2018qzf' on page 2 undefined on input line 203.


LaTeX Warning: Citation `Martinez:2018ynq' on page 2 undefined on input line 20
3.


LaTeX Warning: Citation `Fraser:2018aqj' on page 2 undefined on input line 203.



LaTeX Warning: Citation `Athron:2021auq' on page 2 undefined on input line 203.



LaTeX Warning: Citation `Iguro:2022uzz' on page 2 undefined on input line 203.


LaTeX Warning: Citation `Blanke:2022pjy' on page 2 undefined on input line 203.



LaTeX Warning: Citation `Fedele:2022iib' on page 2 undefined on input line 203.



LaTeX Warning: Citation `Kumar:2022rcf' on page 2 undefined on input line 203.


LaTeX Warning: Citation `Iguro:2023jju' on page 2 undefined on input line 203.


LaTeX Warning: Citation `Das:2023gfz' on page 2 undefined on input line 203.


LaTeX Warning: Citation `Angelescu:2018tyl' on page 2 undefined on input line 2
06.


LaTeX Warning: Citation `Kosnik:2012dj' on page 2 undefined on input line 209.


LaTeX Warning: Citation `Shaw:2018sbe' on page 2 undefined on input line 209.


LaTeX Warning: Citation `Cheung:2022zsb' on page 2 undefined on input line 209.



LaTeX Warning: Citation `Sakaki:2013bfa' on page 2 undefined on input line 209.



LaTeX Warning: Citation `Cheung:2022zsb' on page 2 undefined on input line 209.



LaTeX Warning: Citation `Iguro:2018vqb' on page 2 undefined on input line 217.


LaTeX Warning: Citation `Iguro:2022yzr' on page 2 undefined on input line 218.


LaTeX Warning: Citation `Cheung:2022zsb' on page 2 undefined on input line 220.



LaTeX Warning: Citation `Cheung:2022zsb' on page 2 undefined on input line 225.



LaTeX Warning: Citation `Allwicher:2022mcg' on page 2 undefined on input line 2
27.

[2]

Package hyperref Warning: Token not allowed in a PDF string (Unicode):
(hyperref)                removing `math shift' on input line 247.


Package hyperref Warning: Token not allowed in a PDF string (Unicode):
(hyperref)                removing `subscript' on input line 247.


Package hyperref Warning: Token not allowed in a PDF string (Unicode):
(hyperref)                removing `math shift' on input line 247.


LaTeX Warning: Citation `Frampton:1989fu' on page 3 undefined on input line 274
.


LaTeX Warning: Citation `Frampton:1990hz' on page 3 undefined on input line 274
.


LaTeX Warning: Citation `Frampton:1991ay' on page 3 undefined on input line 274
.


LaTeX Warning: Citation `Bernigaud:2021fwn' on page 3 undefined on input line 2
74.

[3]

LaTeX Warning: Citation `Cabibbo:1963yz' on page 4 undefined on input line 312.



LaTeX Warning: Citation `Kobayashi:1973fv' on page 4 undefined on input line 31
2.

[4] [5] [6]

LaTeX Warning: Citation `Kim:2018oih' on page 7 undefined on input line 458.


LaTeX Warning: Citation `Wolfenstein:1983yz' on page 7 undefined on input line 
489.


Package hyperref Warning: Token not allowed in a PDF string (Unicode):
(hyperref)                removing `math shift' on input line 496.


Package hyperref Warning: Token not allowed in a PDF string (Unicode):
(hyperref)                removing `\epsilon' on input line 496.


Package hyperref Warning: Token not allowed in a PDF string (Unicode):
(hyperref)                removing `superscript' on input line 496.


Package hyperref Warning: Token not allowed in a PDF string (Unicode):
(hyperref)                removing `math shift' on input line 496.


Package hyperref Warning: Token not allowed in a PDF string (Unicode):
(hyperref)                removing `math shift' on input line 496.


Package hyperref Warning: Token not allowed in a PDF string (Unicode):
(hyperref)                removing `\lambda' on input line 496.


Package hyperref Warning: Token not allowed in a PDF string (Unicode):
(hyperref)                removing `superscript' on input line 496.


Package hyperref Warning: Token not allowed in a PDF string (Unicode):
(hyperref)                removing `math shift' on input line 496.

[7]

LaTeX Warning: Citation `Iguro:2022yzr' on page 8 undefined on input line 508.


LaTeX Warning: Citation `Jenkins:2013wua' on page 8 undefined on input line 512
.


LaTeX Warning: Citation `Alonso:2013hga' on page 8 undefined on input line 512.



LaTeX Warning: Citation `Gonzalez-Alonso:2017iyc' on page 8 undefined on input 
line 512.


LaTeX Warning: Citation `Aebischer:2017gaw' on page 8 undefined on input line 5
12.


LaTeX Warning: Citation `Aebischer:2018acj' on page 8 undefined on input line 5
13.


Overfull \hbox (17.66531pt too wide) detected at line 527
[]
 []


LaTeX Warning: Citation `Bobeth:1999mk' on page 8 undefined on input line 529.


LaTeX Warning: Citation `Huber:2005ig' on page 8 undefined on input line 529.


LaTeX Warning: Citation `LHCb:2017myy' on page 8 undefined on input line 531.


LaTeX Warning: Citation `LHCb:2018roe' on page 8 undefined on input line 535.

<Figs/RD_V2.pdf, id=148, 462.72874pt x 330.23375pt>
File: Figs/RD_V2.pdf Graphic file (type pdf)
<use Figs/RD_V2.pdf>
Package pdftex.def Info: Figs/RD_V2.pdf  used on input line 539.
(pdftex.def)             Requested size: 217.66362pt x 155.34088pt.

LaTeX Warning: Citation `MILC:2015uhg' on page 8 undefined on input line 564.


LaTeX Warning: Citation `FermilabLattice:2021cdg' on page 8 undefined on input 
line 564.


LaTeX Warning: Citation `Fedele:2022iib' on page 8 undefined on input line 564.



LaTeX Warning: Citation `Iguro:2020cpg' on page 8 undefined on input line 564.


LaTeX Warning: Citation `Belle:2017rcc' on page 8 undefined on input line 564.


LaTeX Warning: Citation `Belle:2018ezy' on page 8 undefined on input line 564.

[8]

LaTeX Warning: Citation `Iguro:2022yzr' on page 9 undefined on input line 573.


LaTeX Warning: Citation `Blanke:2018yud' on page 9 undefined on input line 579.



LaTeX Warning: Citation `Zheng:2020ult' on page 9 undefined on input line 579.


LaTeX Warning: Citation `Amhis:2021cfy' on page 9 undefined on input line 579.


LaTeX Warning: Citation `Fedele:2023gyi' on page 9 undefined on input line 579.



LaTeX Warning: Citation `BaBar:2016wgb' on page 9 undefined on input line 583.


LaTeX Warning: Citation `Capdevila:2017iqn' on page 9 undefined on input line 5
83.

[9 <./Figs/RD_V2.pdf>]

Package hyperref Warning: Token not allowed in a PDF string (Unicode):
(hyperref)                removing `math shift' on input line 588.


Package hyperref Warning: Token not allowed in a PDF string (Unicode):
(hyperref)                removing `\epsilon' on input line 588.


Package hyperref Warning: Token not allowed in a PDF string (Unicode):
(hyperref)                removing `superscript' on input line 588.


Package hyperref Warning: Token not allowed in a PDF string (Unicode):
(hyperref)                removing `math shift' on input line 588.

<Figs/dia_LHC_4o3.pdf, id=174, 366.36874pt x 247.92625pt>
File: Figs/dia_LHC_4o3.pdf Graphic file (type pdf)
<use Figs/dia_LHC_4o3.pdf>
Package pdftex.def Info: Figs/dia_LHC_4o3.pdf  used on input line 594.
(pdftex.def)             Requested size: 130.59949pt x 88.37949pt.
<Figs/dia_LHC_1o3.pdf, id=175, 365.365pt x 249.93375pt>
File: Figs/dia_LHC_1o3.pdf Graphic file (type pdf)
<use Figs/dia_LHC_1o3.pdf>
Package pdftex.def Info: Figs/dia_LHC_1o3.pdf  used on input line 595.
(pdftex.def)             Requested size: 130.59949pt x 89.33919pt.

LaTeX Warning: Citation `Sirunyan:2018vhk' on page 10 undefined on input line 6
07.


LaTeX Warning: Citation `Aaboud:2019bye' on page 10 undefined on input line 607
.


LaTeX Warning: Citation `Aad:2021rrh' on page 10 undefined on input line 607.


LaTeX Warning: Citation `ATLAS:2021jyv' on page 10 undefined on input line 607.



LaTeX Warning: Citation `Faroughy:2016osc' on page 10 undefined on input line 6
08.


LaTeX Warning: Citation `Iguro:2018fni' on page 10 undefined on input line 608.



LaTeX Warning: Citation `Mandal:2018kau' on page 10 undefined on input line 608
.


LaTeX Warning: Citation `Greljo:2018tzh' on page 10 undefined on input line 608
.


LaTeX Warning: Citation `Altmannshofer:2017poe' on page 10 undefined on input l
ine 608.


LaTeX Warning: Citation `Iguro:2017ysu' on page 10 undefined on input line 608.



LaTeX Warning: Citation `Abdullah:2018ets' on page 10 undefined on input line 6
08.


LaTeX Warning: Citation `Marzocca:2020ueu' on page 10 undefined on input line 6
08.


LaTeX Warning: Citation `Iguro:2020keo' on page 10 undefined on input line 608.



LaTeX Warning: Citation `Endo:2021lhi' on page 10 undefined on input line 608.


LaTeX Warning: Citation `CMS:2022goy' on page 10 undefined on input line 609.


LaTeX Warning: Citation `ATLAS:2020zms' on page 10 undefined on input line 609.



LaTeX Warning: Citation `CMS:2015hmx' on page 10 undefined on input line 609.


LaTeX Warning: Citation `Aaboud:2018vgh' on page 10 undefined on input line 609
.


LaTeX Warning: Citation `Sirunyan:2018lbg' on page 10 undefined on input line 6
09.


LaTeX Warning: Citation `ATLAS:2021bjk' on page 10 undefined on input line 609.



LaTeX Warning: Citation `ATLAS:2020zms' on page 10 undefined on input line 612.



LaTeX Warning: Citation `ATLAS:2021bjk' on page 10 undefined on input line 612.



LaTeX Warning: Citation `Allwicher:2022mcg' on page 10 undefined on input line 
613.

<Figs/h133h223_min.pdf, id=177, 363.3575pt x 349.305pt>
File: Figs/h133h223_min.pdf Graphic file (type pdf)
<use Figs/h133h223_min.pdf>
Package pdftex.def Info: Figs/h133h223_min.pdf  used on input line 619.
(pdftex.def)             Requested size: 195.89592pt x 188.32341pt.
[10 <./Figs/dia_LHC_4o3.pdf> <./Figs/dia_LHC_1o3.pdf>]
LaTeX Font Info:    Trying to load font information for TS1+ptm on input line 6
42.

(/usr/local/texlive/2023/texmf-dist/tex/latex/psnfss/ts1ptm.fd
File: ts1ptm.fd 2001/06/04 font definitions for TS1/ptm.
)

LaTeX Warning: Citation `Iguro:2018vqb' on page 11 undefined on input line 646.



Package hyperref Warning: Token not allowed in a PDF string (Unicode):
(hyperref)                removing `math shift' on input line 655.


Package hyperref Warning: Token not allowed in a PDF string (Unicode):
(hyperref)                removing `\epsilon' on input line 655.


Package hyperref Warning: Token not allowed in a PDF string (Unicode):
(hyperref)                removing `superscript' on input line 655.


Package hyperref Warning: Token not allowed in a PDF string (Unicode):
(hyperref)                removing `math shift' on input line 655.


Package hyperref Warning: Token not allowed in a PDF string (Unicode):
(hyperref)                removing `math shift' on input line 655.


Package hyperref Warning: Token not allowed in a PDF string (Unicode):
(hyperref)                removing `\lambda' on input line 655.


Package hyperref Warning: Token not allowed in a PDF string (Unicode):
(hyperref)                removing `superscript' on input line 655.


Package hyperref Warning: Token not allowed in a PDF string (Unicode):
(hyperref)                removing `math shift' on input line 655.

<Figs/RDvsBtaunu.pdf, id=193, 455.7025pt x 334.24875pt>
File: Figs/RDvsBtaunu.pdf Graphic file (type pdf)
<use Figs/RDvsBtaunu.pdf>
Package pdftex.def Info: Figs/RDvsBtaunu.pdf  used on input line 661.
(pdftex.def)             Requested size: 217.66362pt x 159.65213pt.

LaTeX Warning: Citation `Cheung:2022zsb' on page 11 undefined on input line 673
.

[11 <./Figs/h133h223_min.pdf>]

LaTeX Warning: Citation `PDG2022' on page 12 undefined on input line 688.

[12 <./Figs/RDvsBtaunu.pdf>]

LaTeX Warning: Citation `Tanaka:2016ijq' on page 13 undefined on input line 702
.


LaTeX Warning: Citation `Tanaka:2016ijq' on page 13 undefined on input line 702
.


LaTeX Warning: Citation `Kou:2018nap' on page 13 undefined on input line 703.


Package hyperref Warning: Token not allowed in a PDF string (Unicode):
(hyperref)                removing `math shift' on input line 719.


Package hyperref Warning: Token not allowed in a PDF string (Unicode):
(hyperref)                removing `\epsilon' on input line 719.


Package hyperref Warning: Token not allowed in a PDF string (Unicode):
(hyperref)                removing `math shift' on input line 719.

<Figs/dia_LHC_4o3_v2.pdf, id=229, 367.3725pt x 246.9225pt>
File: Figs/dia_LHC_4o3_v2.pdf Graphic file (type pdf)
<use Figs/dia_LHC_4o3_v2.pdf>
Package pdftex.def Info: Figs/dia_LHC_4o3_v2.pdf  used on input line 725.
(pdftex.def)             Requested size: 130.59949pt x 87.78053pt.
<Figs/dia_LHC_1o3_v2.pdf, id=230, 367.3725pt x 247.92625pt>
File: Figs/dia_LHC_1o3_v2.pdf Graphic file (type pdf)
<use Figs/dia_LHC_1o3_v2.pdf>
Package pdftex.def Info: Figs/dia_LHC_1o3_v2.pdf  used on input line 726.
(pdftex.def)             Requested size: 130.59949pt x 88.13737pt.
[13 <./Figs/dia_LHC_4o3_v2.pdf> <./Figs/dia_LHC_1o3_v2.pdf>]

LaTeX Warning: Citation `PDG2022' on page 14 undefined on input line 748.


LaTeX Warning: Citation `Kou:2018nap' on page 14 undefined on input line 748.


LaTeX Warning: Citation `Kou:2018nap' on page 14 undefined on input line 762.

<Figs/h133h223_m016.pdf, id=252, 429.605pt x 412.54124pt>
File: Figs/h133h223_m016.pdf Graphic file (type pdf)
<use Figs/h133h223_m016.pdf>
Package pdftex.def Info: Figs/h133h223_m016.pdf  used on input line 767.
(pdftex.def)             Requested size: 139.30789pt x 133.77216pt.
<Figs/h133h223_m023.pdf, id=253, 426.59375pt x 411.5375pt>
File: Figs/h133h223_m023.pdf Graphic file (type pdf)
<use Figs/h133h223_m023.pdf>
Package pdftex.def Info: Figs/h133h223_m023.pdf  used on input line 768.
(pdftex.def)             Requested size: 139.30789pt x 134.3949pt.
<Figs/h133h223_m037.pdf, id=254, 426.59375pt x 412.54124pt>
File: Figs/h133h223_m037.pdf Graphic file (type pdf)
<use Figs/h133h223_m037.pdf>
Package pdftex.def Info: Figs/h133h223_m037.pdf  used on input line 769.
(pdftex.def)             Requested size: 139.30789pt x 134.72269pt.
<Figs/Obs016.pdf, id=260, 428.60126pt x 362.35374pt>
File: Figs/Obs016.pdf Graphic file (type pdf)
<use Figs/Obs016.pdf>
Package pdftex.def Info: Figs/Obs016.pdf  used on input line 794.
(pdftex.def)             Requested size: 139.30789pt x 117.77463pt.
<Figs/Obs023.pdf, id=261, 428.60126pt x 363.3575pt>
File: Figs/Obs023.pdf Graphic file (type pdf)
<use Figs/Obs023.pdf>
Package pdftex.def Info: Figs/Obs023.pdf  used on input line 795.
(pdftex.def)             Requested size: 139.30789pt x 118.10086pt.
<Figs/Obs037.pdf, id=262, 430.60875pt x 361.35pt>
File: Figs/Obs037.pdf Graphic file (type pdf)
<use Figs/Obs037.pdf>
Package pdftex.def Info: Figs/Obs037.pdf  used on input line 796.
(pdftex.def)             Requested size: 139.30789pt x 116.90253pt.
[14 <./Figs/h133h223_m016.pdf> <./Figs/h133h223_m023.pdf> <./Figs/h133h223_m037
.pdf>]

LaTeX Warning: Citation `PDG2022' on page 15 undefined on input line 825.


LaTeX Warning: Citation `HFLAV:2022pwe' on page 15 undefined on input line 825.



LaTeX Warning: Citation `PDG2022' on page 15 undefined on input line 829.


LaTeX Warning: Citation `BESIII:2019vhn' on page 15 undefined on input line 830
.

[15 <./Figs/Obs016.pdf> <./Figs/Obs023.pdf> <./Figs/Obs037.pdf>]

LaTeX Warning: Citation `Capdevila:2017iqn' on page 16 undefined on input line 
841.


LaTeX Warning: Citation `PDG2022' on page 16 undefined on input line 841.


LaTeX Warning: Citation `Belle:2017oht' on page 16 undefined on input line 845.



LaTeX Warning: Citation `Kou:2018nap' on page 16 undefined on input line 846.


LaTeX Warning: Citation `Buras:2014fpa' on page 16 undefined on input line 847.



LaTeX Warning: Citation `Bause:2022rrs' on page 16 undefined on input line 862.



LaTeX Warning: Citation `PDG2022' on page 16 undefined on input line 862.

[16] [17]

LaTeX Warning: Citation `Iguro:2022ozl' on page 18 undefined on input line 950.



LaTeX Warning: Citation `IOprojectNo17' on page 18 undefined on input line 957.


No file 2306.00052_tl2023.bbl.
[18]
(/diff_test_tex_engines/docker_bin_2/version_compiled_pdf/2306.00052/2306.00052
_tl2023.aux)
 ***********
LaTeX2e <2023-11-01> patch level 1
L3 programming layer <2024-02-20>
 ***********


LaTeX Warning: There were undefined references.

Package rerunfilecheck Info: File `2306.00052_tl2023.out' has not changed.
(rerunfilecheck)             Checksum: DBE083A0D784438D08E02FE571FB2FB9;1777.
 ) 
Here is how much of TeX's memory you used:
 13515 strings out of 474116
 212919 string characters out of 5743689
 1956187 words of memory out of 5000000
 35464 multiletter control sequences out of 15000+600000
 647943 words of font info for 239 fonts, out of 8000000 for 9000
 1141 hyphenation exceptions out of 8191
 63i,14n,70p,795b,500s stack positions out of 10000i,1000n,20000p,200000b,200000s
</usr/local/texlive/2023/texmf-dist/fonts/type1/public/amsfonts/cm/cmex10.pfb
></usr/local/texlive/2023/texmf-dist/fonts/type1/public/amsfonts/cm/cmmi10.pfb>
</usr/local/texlive/2023/texmf-dist/fonts/type1/public/amsfonts/cm/cmr10.pfb></
usr/local/texlive/2023/texmf-dist/fonts/type1/public/amsfonts/cm/cmsy10.pfb></u
sr/local/texlive/2023/texmf-dist/fonts/type1/public/amsfonts/symbols/msam10.pfb
></usr/local/texlive/2023/texmf-dist/fonts/type1/urw/symbol/usyr.pfb></usr/loca
l/texlive/2023/texmf-dist/fonts/type1/urw/symbol/usyr.pfb></usr/local/texlive/2
023/texmf-dist/fonts/type1/urw/times/utmb8a.pfb></usr/local/texlive/2023/texmf-
dist/fonts/type1/urw/times/utmr8a.pfb></usr/local/texlive/2023/texmf-dist/fonts
/type1/urw/times/utmri8a.pfb>
Output written on /diff_test_tex_engines/docker_bin_2/version_compiled_pdf/2306
.00052/2306.00052_tl2023.pdf (19 pages, 5571434 bytes).
PDF statistics:
 402 PDF objects out of 1000 (max. 8388607)
 315 compressed objects within 4 object streams
 98 named destinations out of 1000 (max. 500000)
 146 words of extra memory for PDF output out of 10000 (max. 10000000)

