This is pdfTeX, Version 3.14159265-2.6-1.40.21 (TeX Live 2020) (preloaded format=pdflatex 2022.5.23)  20 MAR 2024 07:38
entering extended mode
 restricted \write18 enabled.
 %&-line parsing enabled.
**2306.00746
(./2306.00746
LaTeX2e <2020-10-01> patch level 4
L3 programming layer <2021-02-18>
(/usr/local/texlive/2020/texmf-dist/tex/latex/base/article.cls
Document Class: article 2020/04/10 v1.4m Standard LaTeX document class
(/usr/local/texlive/2020/texmf-dist/tex/latex/base/size12.clo
File: size12.clo 2020/04/10 v1.4m Standard LaTeX file (size option)
)
\c@part=\count179
\c@section=\count180
\c@subsection=\count181
\c@subsubsection=\count182
\c@paragraph=\count183
\c@subparagraph=\count184
\c@figure=\count185
\c@table=\count186
\abovecaptionskip=\skip47
\belowcaptionskip=\skip48
\bibindent=\dimen138
)
(/usr/local/texlive/2020/texmf-dist/tex/latex/amsmath/amsmath.sty
Package: amsmath 2020/09/23 v2.17i AMS math features
\@mathmargin=\skip49

For additional information on amsmath, use the `?' option.
(/usr/local/texlive/2020/texmf-dist/tex/latex/amsmath/amstext.sty
Package: amstext 2000/06/29 v2.01 AMS text

(/usr/local/texlive/2020/texmf-dist/tex/latex/amsmath/amsgen.sty
File: amsgen.sty 1999/11/30 v2.0 generic functions
\@emptytoks=\toks15
\ex@=\dimen139
))
(/usr/local/texlive/2020/texmf-dist/tex/latex/amsmath/amsbsy.sty
Package: amsbsy 1999/11/29 v1.2d Bold Symbols
\pmbraise@=\dimen140
)
(/usr/local/texlive/2020/texmf-dist/tex/latex/amsmath/amsopn.sty
Package: amsopn 2016/03/08 v2.02 operator names
)
\inf@bad=\count187
LaTeX Info: Redefining \frac on input line 234.
\uproot@=\count188
\leftroot@=\count189
LaTeX Info: Redefining \overline on input line 399.
\classnum@=\count190
\DOTSCASE@=\count191
LaTeX Info: Redefining \ldots on input line 496.
LaTeX Info: Redefining \dots on input line 499.
LaTeX Info: Redefining \cdots on input line 620.
\Mathstrutbox@=\box47
\strutbox@=\box48
\big@size=\dimen141
LaTeX Font Info:    Redeclaring font encoding OML on input line 743.
LaTeX Font Info:    Redeclaring font encoding OMS on input line 744.
\macc@depth=\count192
\c@MaxMatrixCols=\count193
\dotsspace@=\muskip16
\c@parentequation=\count194
\dspbrk@lvl=\count195
\tag@help=\toks16
\row@=\count196
\column@=\count197
\maxfields@=\count198
\andhelp@=\toks17
\eqnshift@=\dimen142
\alignsep@=\dimen143
\tagshift@=\dimen144
\tagwidth@=\dimen145
\totwidth@=\dimen146
\lineht@=\dimen147
\@envbody=\toks18
\multlinegap=\skip50
\multlinetaggap=\skip51
\mathdisplay@stack=\toks19
LaTeX Info: Redefining \[ on input line 2923.
LaTeX Info: Redefining \] on input line 2924.
)
(/usr/local/texlive/2020/texmf-dist/tex/latex/amscls/amsthm.sty
Package: amsthm 2020/05/29 v2.20.6
\thm@style=\toks20
\thm@bodyfont=\toks21
\thm@headfont=\toks22
\thm@notefont=\toks23
\thm@headpunct=\toks24
\thm@preskip=\skip52
\thm@postskip=\skip53
\thm@headsep=\skip54
\dth@everypar=\toks25
)
(/usr/local/texlive/2020/texmf-dist/tex/latex/amsfonts/amssymb.sty
Package: amssymb 2013/01/14 v3.01 AMS font symbols

(/usr/local/texlive/2020/texmf-dist/tex/latex/amsfonts/amsfonts.sty
Package: amsfonts 2013/01/14 v3.01 Basic AMSFonts support
\symAMSa=\mathgroup4
\symAMSb=\mathgroup5
LaTeX Font Info:    Redeclaring math symbol \hbar on input line 98.
LaTeX Font Info:    Overwriting math alphabet `\mathfrak' in version `bold'
(Font)                  U/euf/m/n --> U/euf/b/n on input line 106.
))
(/usr/local/texlive/2020/texmf-dist/tex/latex/graphics/graphicx.sty
Package: graphicx 2020/09/09 v1.2b Enhanced LaTeX Graphics (DPC,SPQR)

(/usr/local/texlive/2020/texmf-dist/tex/latex/graphics/keyval.sty
Package: keyval 2014/10/28 v1.15 key=value parser (DPC)
\KV@toks@=\toks26
)
(/usr/local/texlive/2020/texmf-dist/tex/latex/graphics/graphics.sty
Package: graphics 2020/08/30 v1.4c Standard LaTeX Graphics (DPC,SPQR)

(/usr/local/texlive/2020/texmf-dist/tex/latex/graphics/trig.sty
Package: trig 2016/01/03 v1.10 sin cos tan (DPC)
)
(/usr/local/texlive/2020/texmf-dist/tex/latex/graphics-cfg/graphics.cfg
File: graphics.cfg 2016/06/04 v1.11 sample graphics configuration
)
Package graphics Info: Driver file: pdftex.def on input line 105.

(/usr/local/texlive/2020/texmf-dist/tex/latex/graphics-def/pdftex.def
File: pdftex.def 2020/10/05 v1.2a Graphics/color driver for pdftex
))
\Gin@req@height=\dimen148
\Gin@req@width=\dimen149
)
\c@theorem=\count199
\c@punkt=\count266
\c@upunkt=\count267

(/usr/local/texlive/2020/texmf-dist/tex/latex/l3backend/l3backend-pdftex.def
File: l3backend-pdftex.def 2021-03-18 L3 backend support: PDF output (pdfTeX)
\l__color_backend_stack_int=\count268
\l__pdf_internal_box=\box49
)
(/diff_test_tex_engines/docker_bin_2/version_compiled_pdf_2020/2306.00746/2306.
00746_tl2020.aux)
\openout1 = `2306.00746_tl2020.aux'.

LaTeX Font Info:    Checking defaults for OML/cmm/m/it on input line 120.
LaTeX Font Info:    ... okay on input line 120.
LaTeX Font Info:    Checking defaults for OMS/cmsy/m/n on input line 120.
LaTeX Font Info:    ... okay on input line 120.
LaTeX Font Info:    Checking defaults for OT1/cmr/m/n on input line 120.
LaTeX Font Info:    ... okay on input line 120.
LaTeX Font Info:    Checking defaults for T1/cmr/m/n on input line 120.
LaTeX Font Info:    ... okay on input line 120.
LaTeX Font Info:    Checking defaults for TS1/cmr/m/n on input line 120.
LaTeX Font Info:    ... okay on input line 120.
LaTeX Font Info:    Checking defaults for OMX/cmex/m/n on input line 120.
LaTeX Font Info:    ... okay on input line 120.
LaTeX Font Info:    Checking defaults for U/cmr/m/n on input line 120.
LaTeX Font Info:    ... okay on input line 120.

(/usr/local/texlive/2020/texmf-dist/tex/context/base/mkii/supp-pdf.mkii
[Loading MPS to PDF converter (version 2006.09.02).]
\scratchcounter=\count269
\scratchdimen=\dimen150
\scratchbox=\box50
\nofMPsegments=\count270
\nofMParguments=\count271
\everyMPshowfont=\toks27
\MPscratchCnt=\count272
\MPscratchDim=\dimen151
\MPnumerator=\count273
\makeMPintoPDFobject=\count274
\everyMPtoPDFconversion=\toks28
) (/usr/local/texlive/2020/texmf-dist/tex/latex/epstopdf-pkg/epstopdf-base.sty
Package: epstopdf-base 2020-01-24 v2.11 Base part for package epstopdf
Package epstopdf-base Info: Redefining graphics rule for `.eps' on input line 4
85.

(/usr/local/texlive/2020/texmf-dist/tex/latex/latexconfig/epstopdf-sys.cfg
File: epstopdf-sys.cfg 2010/07/13 v1.3 Configuration of (r)epstopdf for TeX Liv
e
))
LaTeX Font Info:    Trying to load font information for U+msa on input line 122
.

(/usr/local/texlive/2020/texmf-dist/tex/latex/amsfonts/umsa.fd
File: umsa.fd 2013/01/14 v3.01 AMS symbols A
)
LaTeX Font Info:    Trying to load font information for U+msb on input line 122
.

(/usr/local/texlive/2020/texmf-dist/tex/latex/amsfonts/umsb.fd
File: umsb.fd 2013/01/14 v3.01 AMS symbols B
)
Underfull \hbox (badness 10000) in paragraph at lines 141--151

 []


Underfull \hbox (badness 10000) in paragraph at lines 141--151

 []


Underfull \hbox (badness 10000) in paragraph at lines 141--151

 []

[1

{/usr/local/texlive/2020/texmf-var/fonts/map/pdftex/updmap/pdftex.map}]
Overfull \hbox (0.8214pt too wide) in paragraph at lines 163--179
\OT1/cmr/m/n/10.95 extend to chain-homotopy equiv-a-lences of ind-Fr^^Sechet co
m-plexes of $^^@$-modules.
 []


Underfull \hbox (badness 10000) in paragraph at lines 163--179

 []


Underfull \hbox (badness 10000) in paragraph at lines 163--179

 []


Underfull \hbox (badness 10000) in paragraph at lines 163--179

 []

[2]
Underfull \hbox (badness 10000) in paragraph at lines 182--189

 []


Underfull \hbox (badness 10000) in paragraph at lines 223--226

 []

[3]
Underfull \hbox (badness 10000) in paragraph at lines 279--283

 []

[4]
Underfull \hbox (badness 10000) in paragraph at lines 297--300

 []

[5] [6]
Overfull \hbox (72.52106pt too wide) detected at line 424
[]
 []


Underfull \hbox (badness 10000) in paragraph at lines 430--434

 []

[7]
Underfull \hbox (badness 10000) in paragraph at lines 483--485

 []


Overfull \hbox (86.2045pt too wide) detected at line 515
[] \OT1/cmr/m/n/10.95 (\OMS/cmsy/m/n/10.95 ^^@\OT1/cmr/m/n/10.95 1)[]\OML/cmm/m
/it/10.95 dF[]\OT1/cmr/m/n/10.95 (\OML/cmm/m/it/10.95 a[]\OT1/cmr/m/n/10.95 )\O
ML/cmm/m/it/10.95 dF[]\OT1/cmr/m/n/10.95 (\OML/cmm/m/it/10.95 a[]\OT1/cmr/m/n/1
0.95 ) [] \OML/cmm/m/it/10.95 dF[]\OT1/cmr/m/n/10.95 (\OML/cmm/m/it/10.95 a[]\O
T1/cmr/m/n/10.95 )\OML/cmm/m/it/10.95 d[]\OT1/cmr/m/n/10.95 (\OML/cmm/m/it/10.9
5 a[]\OT1/cmr/m/n/10.95 )\OML/cmm/m/it/10.95 dF[]\OT1/cmr/m/n/10.95 (\OML/cmm/m
/it/10.95 a[]\OT1/cmr/m/n/10.95 ) [] \OML/cmm/m/it/10.95 dF[]\OT1/cmr/m/n/10.95
 (\OML/cmm/m/it/10.95 a[]\OT1/cmr/m/n/10.95 )\OML/cmm/m/it/10.95 dF[]\OT1/cmr/m
/n/10.95 (\OML/cmm/m/it/10.95 a[]\OT1/cmr/m/n/10.95 ) [] \OML/cmm/m/it/10.95 dF
[]\OT1/cmr/m/n/10.95 (\OML/cmm/m/it/10.95 a[]\OT1/cmr/m/n/10.95 )\OML/cmm/m/it/
10.95 :
 []

[8]
Overfull \hbox (5.61412pt too wide) in paragraph at lines 594--597
\OT1/cmr/m/it/10.95 with $\OML/cmm/m/it/10.95 h\OT1/cmr/m/n/10.95 (\OML/cmm/m/i
t/10.95 f; g\OT1/cmr/m/n/10.95 ) : 
[](\U/msb/m/n/10.95 C\OMS/cmsy/m/n/10.95 h\OML/cmm/m/it/10.95 X\OMS/cmsy/m/n/10
.95 i\OT1/cmr/m/n/10.95 ) \OMS/cmsy/m/n/10.95 ! \OT1/cmr/m/n/10.95 
[](\U/msb/m/n/10.95 C\OMS/cmsy/m/n/10.95 h\OML/cmm/m/it/10.95 Y\OMS/cmsy/m/n/10
.95 i\OT1/cmr/m/n/10.95 )$ \OT1/cmr/m/it/10.95 and $\OML/cmm/m/it/10.95 H\OT1/c
mr/m/n/10.95 (\OML/cmm/m/it/10.95 f; g\OT1/cmr/m/n/10.95 ) : 
[](\U/msb/m/n/10.95 C\OMS/cmsy/m/n/10.95 h\OML/cmm/m/it/10.95 X\OMS/cmsy/m/n/10
.95 i\OT1/cmr/m/n/10.95 ) \OMS/cmsy/m/n/10.95 ! \OT1/cmr/m/n/10.95 
[](\U/msb/m/n/10.95 C\OMS/cmsy/m/n/10.95 h\OML/cmm/m/it/10.95 Y\OMS/cmsy/m/n/10
.95 i\OT1/cmr/m/n/10.95 )$
 []


Overfull \hbox (87.68015pt too wide) detected at line 605
\OML/cmm/m/it/10.95 h\OT1/cmr/m/n/10.95 (\OML/cmm/m/it/10.95 f; g\OT1/cmr/m/n/1
0.95 )(\OML/cmm/m/it/10.95 dx[] [] dx[]\OT1/cmr/m/n/10.95 )  =  [][]  [][] [] (
\OML/cmm/m/it/10.95 g\OT1/cmr/m/n/10.95 (\OML/cmm/m/it/10.95 x[]\OT1/cmr/m/n/10
.95 ) \OMS/cmsy/m/n/10.95 ^^@ \OML/cmm/m/it/10.95 f\OT1/cmr/m/n/10.95 (\OML/cmm
/m/it/10.95 x[]\OT1/cmr/m/n/10.95 ))\OML/cmm/m/it/10.95 du[]\OT1/cmr/m/n/10.95 
(\OML/cmm/m/it/10.95 x[]\OT1/cmr/m/n/10.95 ) [] \OML/cmm/m/it/10.95 du[]\OT1/cm
r/m/n/10.95 (\OML/cmm/m/it/10.95 x[]\OT1/cmr/m/n/10.95 )\OML/cmm/m/it/10.95 ;
 []

[9]
Overfull \hbox (90.69656pt too wide) detected at line 620
\OML/cmm/m/it/10.95 ![] \OT1/cmr/m/n/10.95 = (\OMS/cmsy/m/n/10.95 ^^@\OT1/cmr/m
/n/10.95 1)[]\OML/cmm/m/it/10.95 du[]\OT1/cmr/m/n/10.95 (\OML/cmm/m/it/10.95 x[
]\OT1/cmr/m/n/10.95 ) [] \OML/cmm/m/it/10.95 du[]\OT1/cmr/m/n/10.95 (\OML/cmm/m
/it/10.95 x[]\OT1/cmr/m/n/10.95 )\OML/cmm/m/it/10.95 d\OT1/cmr/m/n/10.95 (\OML/
cmm/m/it/10.95 g\OT1/cmr/m/n/10.95 (\OML/cmm/m/it/10.95 x[]\OT1/cmr/m/n/10.95 )
 \OMS/cmsy/m/n/10.95 ^^@ \OML/cmm/m/it/10.95 f\OT1/cmr/m/n/10.95 (\OML/cmm/m/it
/10.95 x[]\OT1/cmr/m/n/10.95 ))\OML/cmm/m/it/10.95 du[]\OT1/cmr/m/n/10.95 (\OML
/cmm/m/it/10.95 x[]\OT1/cmr/m/n/10.95 ) [] \OML/cmm/m/it/10.95 du[]\OT1/cmr/m/n
/10.95 (\OML/cmm/m/it/10.95 x[]\OT1/cmr/m/n/10.95 )\OML/cmm/m/it/10.95 du[]\OT1
/cmr/m/n/10.95 (\OML/cmm/m/it/10.95 x[]\OT1/cmr/m/n/10.95 ) [] \OML/cmm/m/it/10
.95 du[]\OT1/cmr/m/n/10.95 (\OML/cmm/m/it/10.95 x[]\OT1/cmr/m/n/10.95 )
 []


Overfull \hbox (16.3724pt too wide) in paragraph at lines 666--670
\OT1/cmr/m/n/10.95 (see (2.14.)-(2.16)). This de-fines an op-er-a-tor $\OML/cmm
/m/it/10.95 h[] \OT1/cmr/m/n/10.95 :  \OML/cmm/m/it/10.95 CC[]\OT1/cmr/m/n/10.9
5 (\U/msb/m/n/10.95 C\OMS/cmsy/m/n/10.95 h\OT1/cmr/m/n/10.95 ^^@\OMS/cmsy/m/n/1
0.95 i\OT1/cmr/m/n/10.95 )  [][]\OMS/cmsy/m/n/10.95 !  \OML/cmm/m/it/10.95 CC[]
\OT1/cmr/m/n/10.95 (\U/msb/m/n/10.95 C\OMS/cmsy/m/n/10.95 h\OT1/cmr/m/n/10.95 ^
^@\OMS/cmsy/m/n/10.95 i\OT1/cmr/m/n/10.95 )$
 []

[10]
Underfull \hbox (badness 10000) in paragraph at lines 693--694

 []


Underfull \hbox (badness 10000) in paragraph at lines 702--708

 []

[11]
Underfull \hbox (badness 10000) in paragraph at lines 721--723

 []


Underfull \hbox (badness 10000) in paragraph at lines 727--729

 []


Overfull \hbox (1.83556pt too wide) in paragraph at lines 744--746
\OT1/cmr/bx/n/10.95 Definition and Lemma 4.2. \OT1/cmr/m/it/10.95 Let $\OT1/cmr
/m/n/10.95 ^^@$ \OT1/cmr/m/it/10.95 be a dis-crete isom-e-try group of a $\OML/
cmm/m/it/10.95 CAT\OT1/cmr/m/n/10.95 (0)$\OT1/cmr/m/it/10.95 -
 []

[12]
Overfull \hbox (5.51457pt too wide) in paragraph at lines 799--801
\OML/cmm/m/it/10.95 CC[]\OT1/cmr/m/n/10.95 (\U/msb/m/n/10.95 C\OMS/cmsy/m/n/10.
95 h\OT1/cmr/m/n/10.95 ^^@\OMS/cmsy/m/n/10.95 i\OT1/cmr/m/n/10.95 )[]$ \OT1/cmr
/m/it/10.95 of $\OML/cmm/m/it/10.95 U$\OT1/cmr/m/it/10.95 -invariants of $\OML/
cmm/m/it/10.95 CC[]\OT1/cmr/m/n/10.95 (\U/msb/m/n/10.95 C\OMS/cmsy/m/n/10.95 h\
OT1/cmr/m/n/10.95 ^^@\OMS/cmsy/m/n/10.95 i\OT1/cmr/m/n/10.95 )$\OT1/cmr/m/it/10
.95 , give there-fore rise, via (4.11),
 []


Overfull \hbox (1.83556pt too wide) in paragraph at lines 815--817
\OT1/cmr/bx/n/10.95 Definition and Lemma 4.3. \OT1/cmr/m/it/10.95 Let $\OT1/cmr
/m/n/10.95 ^^@$ \OT1/cmr/m/it/10.95 be a dis-crete isom-e-try group of a $\OML/
cmm/m/it/10.95 CAT\OT1/cmr/m/n/10.95 (0)$\OT1/cmr/m/it/10.95 -
 []


Overfull \hbox (17.72733pt too wide) detected at line 827
\OMS/cmsy/m/n/10.95 k \OML/cmm/m/it/10.95 [] \OMS/cmsy/m/n/10.95 
 \OML/cmm/m/it/10.95 ![] \OMS/cmsy/m/n/10.95 k[] \OT1/cmr/m/n/10.95 =  [][] \OM
S/cmsy/m/n/10.95 ^^A k \OML/cmm/m/it/10.95 ![] \OMS/cmsy/m/n/10.95 k[] \OML/cmm
/m/it/10.95 :
 []

[13]
Overfull \hbox (17.62679pt too wide) detected at line 912
[]\OT1/cmr/m/n/10.95 (^^@\OML/cmm/m/it/10.95 ; v\OT1/cmr/m/n/10.95 )[] \OMS/cms
y/m/n/10.95 
 \OML/cmm/m/it/10.95 CC[]\OT1/cmr/m/n/10.95 (\U/msb/m/n/10.95 C\OMS/cmsy/m/n/10
.95 h\OT1/cmr/m/n/10.95 ^^@\OMS/cmsy/m/n/10.95 i \U/msb/m/n/10.95 o \OML/cmm/m/
it/10.95 U \OT1/cmr/m/n/10.95 : \U/msb/m/n/10.95 C o \OML/cmm/m/it/10.95 U\OT1/
cmr/m/n/10.95 )[]  \OMS/cmsy/m/n/10.95 !  []\OT1/cmr/m/n/10.95 (^^@\OML/cmm/m/i
t/10.95 ; v\OT1/cmr/m/n/10.95 )[] \OMS/cmsy/m/n/10.95 
 \OML/cmm/m/it/10.95 CC[]\OT1/cmr/m/n/10.95 (\U/msb/m/n/10.95 C\OMS/cmsy/m/n/10
.95 h\OT1/cmr/m/n/10.95 ^^@\OMS/cmsy/m/n/10.95 i \U/msb/m/n/10.95 o \OML/cmm/m/
it/10.95 U \OT1/cmr/m/n/10.95 : \U/msb/m/n/10.95 C o \OML/cmm/m/it/10.95 U\OT1/
cmr/m/n/10.95 )[]\OML/cmm/m/it/10.95 :
 []


Overfull \hbox (3.72385pt too wide) detected at line 921
[]\OT1/cmr/m/n/10.95 (^^@\OML/cmm/m/it/10.95 ; v\OT1/cmr/m/n/10.95 )[] \OMS/cms
y/m/n/10.95 
 \OML/cmm/m/it/10.95 CC[]\OT1/cmr/m/n/10.95 (\U/msb/m/n/10.95 C\OMS/cmsy/m/n/10
.95 h\OT1/cmr/m/n/10.95 ^^@\OMS/cmsy/m/n/10.95 i \U/msb/m/n/10.95 o \OML/cmm/m/
it/10.95 U \OT1/cmr/m/n/10.95 : \U/msb/m/n/10.95 C o \OML/cmm/m/it/10.95 U\OT1/
cmr/m/n/10.95 )[]  \OMS/cmsy/m/n/10.95 !  []\OT1/cmr/m/n/10.95 (^^@\OML/cmm/m/i
t/10.95 ; v\OT1/cmr/m/n/10.95 )[] \OMS/cmsy/m/n/10.95 
 \OML/cmm/m/it/10.95 CC[]\OT1/cmr/m/n/10.95 (\U/msb/m/n/10.95 C\OMS/cmsy/m/n/10
.95 h\OT1/cmr/m/n/10.95 ^^@\OMS/cmsy/m/n/10.95 i \U/msb/m/n/10.95 o \OML/cmm/m/
it/10.95 U \OT1/cmr/m/n/10.95 : \U/msb/m/n/10.95 C o \OML/cmm/m/it/10.95 U\OT1/
cmr/m/n/10.95 )[]
 []

[14]
Underfull \hbox (badness 10000) in paragraph at lines 931--935

 []

[15]
Underfull \hbox (badness 10000) in paragraph at lines 1028--1033

 []


Overfull \hbox (102.44202pt too wide) detected at line 1036
\OML/cmm/m/it/10.95 ^^V[]\OT1/cmr/m/n/10.95 (\OML/cmm/m/it/10.95 [] \OMS/cmsy/
m/n/10.95 
 \OML/cmm/m/it/10.95 ![]\OT1/cmr/m/n/10.95 )  =  \OML/cmm/m/it/10.95 h[]\OT1/cm
r/m/n/10.95 (\OML/cmm/m/it/10.95 []\OT1/cmr/m/n/10.95 ) \OMS/cmsy/m/n/10.95 
 \OML/cmm/m/it/10.95 ![]  \OT1/cmr/m/n/10.95 =  [] \OMS/cmsy/m/n/10.95 
 \OML/cmm/m/it/10.95 ![]
 []


Overfull \hbox (89.76306pt too wide) detected at line 1046
\OML/cmm/m/it/10.95 []  \OT1/cmr/m/n/10.95 =  [\OML/cmm/m/it/10.95 ^^Y[]\OT1/c
mr/m/n/10.95 (\OML/cmm/m/it/10.95 h[]\OT1/cmr/m/n/10.95 )\OML/cmm/m/it/10.95 ; 
[] ; ^^Y[]\OT1/cmr/m/n/10.95 (\OML/cmm/m/it/10.95 h[]\OT1/cmr/m/n/10.95 )\OML/c
mm/m/it/10.95 ; ^^Y[]\OT1/cmr/m/n/10.95 (\OML/cmm/m/it/10.95 h[]\OT1/cmr/m/n/10
.95 )\OML/cmm/m/it/10.95 ; [] ; ^^Y[]\OT1/cmr/m/n/10.95 (\OML/cmm/m/it/10.95 h[
]\OT1/cmr/m/n/10.95 )]\OML/cmm/m/it/10.95 :
 []


Overfull \hbox (20.53587pt too wide) in paragraph at lines 1046--1048
\OT1/cmr/m/n/10.95 Note that $\OML/cmm/m/it/10.95 d\OT1/cmr/m/n/10.95 (\OML/cmm
/m/it/10.95 g; g[]\OT1/cmr/m/n/10.95 ) \OMS/cmsy/m/n/10.95 ^^T \OML/cmm/m/it/10
.95 d\OT1/cmr/m/n/10.95 (\OML/cmm/m/it/10.95 h; h[]\OT1/cmr/m/n/10.95 ) + \OMS/
cmsy/m/n/10.95 j\OML/cmm/m/it/10.95 k \OMS/cmsy/m/n/10.95 ^^@ \OML/cmm/m/it/10.
95 k[]\OMS/cmsy/m/n/10.95 j \OT1/cmr/m/n/10.95 + 2 \OML/cmm/m/it/10.95 diam\OT1
/cmr/m/n/10.95 (\OML/cmm/m/it/10.95 D\OT1/cmr/m/n/10.95 )$ for all $\OML/cmm/m/
it/10.95 g \OMS/cmsy/m/n/10.95 2 \OML/cmm/m/it/10.95 Supp\OT1/cmr/m/n/10.95 (\O
ML/cmm/m/it/10.95 ^^Y[]\OT1/cmr/m/n/10.95 (\OML/cmm/m/it/10.95 h\OT1/cmr/m/n/10
.95 ))$
 []

[16]
Underfull \hbox (badness 10000) in paragraph at lines 1098--1105

 []


Overfull \hbox (39.33098pt too wide) detected at line 1108
\OMS/cmsy/m/n/10.95 k \OT1/cmr/m/n/10.95 (\OML/cmm/m/it/10.95 id \OMS/cmsy/m/n/
10.95 
 \OML/cmm/m/it/10.95 v\OT1/cmr/m/n/10.95 )(\OML/cmm/m/it/10.95 [] \OMS/cmsy/m/
n/10.95 
 \OML/cmm/m/it/10.95 ![]\OT1/cmr/m/n/10.95 ) \OMS/cmsy/m/n/10.95 k[] \OT1/cmr/m
/n/10.95 =  [][] \OMS/cmsy/m/n/10.95 ^^A k \OML/cmm/m/it/10.95 v![] \OMS/cmsy/m
/n/10.95 k[]
 []


Overfull \hbox (15.05531pt too wide) detected at line 1113
\OMS/cmsy/m/n/10.95 ^^T  [][] ^^A k \OML/cmm/m/it/10.95 ![] \OMS/cmsy/m/n/10.95
 k[] ^^T  \OT1/cmr/m/n/10.95 2[]\OMS/cmsy/m/n/10.95 ^^A k \OML/cmm/m/it/10.95 
[] \OMS/cmsy/m/n/10.95 
 \OML/cmm/m/it/10.95 ![] \OMS/cmsy/m/n/10.95 k[]
 []


Underfull \hbox (badness 10000) in paragraph at lines 1113--1119

 []

[17]
Overfull \hbox (88.99438pt too wide) detected at line 1134
[]
 []

[18]
Overfull \hbox (39.52808pt too wide) detected at line 1202
\OML/cmm/m/it/10.95 C[]\OT1/cmr/m/n/10.95 (^^@\OML/cmm/m/it/10.95 ; v\OT1/cmr/m
/n/10.95 )[] \OMS/cmsy/m/n/10.95 
 \OML/cmm/m/it/10.95 CC[]\OT1/cmr/m/n/10.95 (\U/msb/m/n/10.95 C\OMS/cmsy/m/n/10
.95 h\OT1/cmr/m/n/10.95 ^^@\OMS/cmsy/m/n/10.95 i \U/msb/m/n/10.95 o \OML/cmm/m/
it/10.95 U \OT1/cmr/m/n/10.95 : \U/msb/m/n/10.95 C o \OML/cmm/m/it/10.95 U\OT1/
cmr/m/n/10.95 )[]  []  \OML/cmm/m/it/10.95 C[]\OT1/cmr/m/n/10.95 (^^@\OML/cmm/m
/it/10.95 ; v\OT1/cmr/m/n/10.95 )[] \OMS/cmsy/m/n/10.95 
 \OML/cmm/m/it/10.95 CC[]\OT1/cmr/m/n/10.95 (\U/msb/m/n/10.95 C\OMS/cmsy/m/n/10
.95 hf^^Cgi \U/msb/m/n/10.95 o \OML/cmm/m/it/10.95 U \OT1/cmr/m/n/10.95 : \U/ms
b/m/n/10.95 C o \OML/cmm/m/it/10.95 U\OT1/cmr/m/n/10.95 )[]
 []


Underfull \hbox (badness 10000) in paragraph at lines 1216--1220

 []


Overfull \hbox (24.44891pt too wide) detected at line 1232
\OMS/cmsy/m/n/10.95 k \OML/cmm/m/it/10.95 h[]\OT1/cmr/m/n/10.95 (\OML/cmm/m/it/
10.95 [] \OMS/cmsy/m/n/10.95 
 \OML/cmm/m/it/10.95 ![]\OT1/cmr/m/n/10.95 ) \OMS/cmsy/m/n/10.95 k[] ^^T  \OML/
cmm/m/it/10.95 C\OT1/cmr/m/n/10.95 (\OML/cmm/m/it/10.95 ^^U; R; diam\OT1/cmr/m/
n/10.95 (\OML/cmm/m/it/10.95 D\OT1/cmr/m/n/10.95 )\OML/cmm/m/it/10.95 ; k; l\OT
1/cmr/m/n/10.95 ) \OMS/cmsy/m/n/10.95 k \OML/cmm/m/it/10.95 [] \OMS/cmsy/m/n/1
0.95 
 \OML/cmm/m/it/10.95 ![] \OMS/cmsy/m/n/10.95 k[]
 []


Overfull \hbox (18.78625pt too wide) detected at line 1247
\OML/cmm/m/it/10.95 h[]\OT1/cmr/m/n/10.95 (\OML/cmm/m/it/10.95 [] \OMS/cmsy/m/
n/10.95 
 \OML/cmm/m/it/10.95 ![]\OT1/cmr/m/n/10.95 )  =  (\OMS/cmsy/m/n/10.95 ^^@\OT1/c
mr/m/n/10.95 1)[]\OML/cmm/m/it/10.95 ^^Y[]\OT1/cmr/m/n/10.95 (\OML/cmm/m/it/10.
95 []\OT1/cmr/m/n/10.95 ) \OMS/cmsy/m/n/10.95 
 [] [] [] \OT1/cmr/m/n/10.95 (\OML/cmm/m/it/10.95 h \OT1/cmr/m/n/10.95 + \OML/c
mm/m/it/10.95 H\OT1/cmr/m/n/10.95 )(\OML/cmm/m/it/10.95 ^^Y[]; ^^Y[]\OT1/cmr/m/
n/10.95 )(\OML/cmm/m/it/10.95 ![]\OT1/cmr/m/n/10.95 )
 []

[19]
Overfull \hbox (28.29788pt too wide) detected at line 1259
\OMS/cmsy/m/n/10.95 j\OML/cmm/m/it/10.95 ![]\OMS/cmsy/m/n/10.95 j[]  ^^T  \OML/
cmm/m/it/10.95 d\OT1/cmr/m/n/10.95 (\OML/cmm/m/it/10.95 g[]; g[]\OT1/cmr/m/n/10
.95 ) + [] + \OML/cmm/m/it/10.95 d\OT1/cmr/m/n/10.95 (\OML/cmm/m/it/10.95 g[]; 
g[]\OT1/cmr/m/n/10.95 ) + [] + \OML/cmm/m/it/10.95 d\OT1/cmr/m/n/10.95 (\OML/cm
m/m/it/10.95 g[]; g[]\OT1/cmr/m/n/10.95 ) + \OML/cmm/m/it/10.95 d\OT1/cmr/m/n/1
0.95 (\OML/cmm/m/it/10.95 g[]; vg[]\OT1/cmr/m/n/10.95 ) + (\OML/cmm/m/it/10.95 
n \OT1/cmr/m/n/10.95 + 1)(2 \OML/cmm/m/it/10.95 diam\OT1/cmr/m/n/10.95 (\OML/cm
m/m/it/10.95 D\OT1/cmr/m/n/10.95 ) + 1)
 []


Overfull \hbox (118.40114pt too wide) detected at line 1263
\OML/cmm/m/it/10.95 d\OT1/cmr/m/n/10.95 (\OML/cmm/m/it/10.95 g[]; vg[]\OT1/cmr/
m/n/10.95 )  \OMS/cmsy/m/n/10.95 ^^T  \OML/cmm/m/it/10.95 d\OT1/cmr/m/n/10.95 (
\OML/cmm/m/it/10.95 ^^Y[]\OT1/cmr/m/n/10.95 (\OML/cmm/m/it/10.95 g[]x\OT1/cmr/m
/n/10.95 )\OML/cmm/m/it/10.95 ; v^^Y[]\OT1/cmr/m/n/10.95 (\OML/cmm/m/it/10.95 g
[]x\OT1/cmr/m/n/10.95 )) + 2 \OML/cmm/m/it/10.95 diam\OT1/cmr/m/n/10.95 (\OML/c
mm/m/it/10.95 D\OT1/cmr/m/n/10.95 )  \OMS/cmsy/m/n/10.95 ^^T  \OML/cmm/m/it/10.
95 d\OT1/cmr/m/n/10.95 (\OML/cmm/m/it/10.95 g[]; vg[]\OT1/cmr/m/n/10.95 ) + \OM
L/cmm/m/it/10.95 d\OT1/cmr/m/n/10.95 (\OML/cmm/m/it/10.95 uh[]x; vuh[]x\OT1/cmr
/m/n/10.95 ) + 2 \OML/cmm/m/it/10.95 diam\OT1/cmr/m/n/10.95 (\OML/cmm/m/it/10.9
5 D\OT1/cmr/m/n/10.95 )
 []


Overfull \hbox (68.49306pt too wide) detected at line 1269
\OMS/cmsy/m/n/10.95 j\OML/cmm/m/it/10.95 ![]\OMS/cmsy/m/n/10.95 j[]  ^^T  j\OML
/cmm/m/it/10.95 ![]\OMS/cmsy/m/n/10.95 j[] \OT1/cmr/m/n/10.95 + \OML/cmm/m/it/1
0.95 d\OT1/cmr/m/n/10.95 (\OML/cmm/m/it/10.95 g[]; vg[]\OT1/cmr/m/n/10.95 ) + \
OML/cmm/m/it/10.95 d\OT1/cmr/m/n/10.95 (\OML/cmm/m/it/10.95 g[]; vg[]\OT1/cmr/m
/n/10.95 ) + (\OML/cmm/m/it/10.95 n \OT1/cmr/m/n/10.95 + 3)(2 \OML/cmm/m/it/10.
95 diam\OT1/cmr/m/n/10.95 (\OML/cmm/m/it/10.95 D\OT1/cmr/m/n/10.95 ) + 1)  \OMS
/cmsy/m/n/10.95 ^^T  \OT1/cmr/m/n/10.95 3\OMS/cmsy/m/n/10.95 j\OML/cmm/m/it/10.
95 ![]\OMS/cmsy/m/n/10.95 j[] \OT1/cmr/m/n/10.95 + (\OML/cmm/m/it/10.95 n \OT1/
cmr/m/n/10.95 + 3)(2 \OML/cmm/m/it/10.95 diam\OT1/cmr/m/n/10.95 (\OML/cmm/m/it/
10.95 D\OT1/cmr/m/n/10.95 ) + 1)
 []


Overfull \hbox (24.44891pt too wide) detected at line 1289
\OMS/cmsy/m/n/10.95 k \OML/cmm/m/it/10.95 h[]\OT1/cmr/m/n/10.95 (\OML/cmm/m/it/
10.95 [] \OMS/cmsy/m/n/10.95 
 \OML/cmm/m/it/10.95 ![]\OT1/cmr/m/n/10.95 ) \OMS/cmsy/m/n/10.95 k[] ^^T  \OML/
cmm/m/it/10.95 C\OT1/cmr/m/n/10.95 (\OML/cmm/m/it/10.95 ^^U; R; diam\OT1/cmr/m/
n/10.95 (\OML/cmm/m/it/10.95 D\OT1/cmr/m/n/10.95 )\OML/cmm/m/it/10.95 ; k; l\OT
1/cmr/m/n/10.95 ) \OMS/cmsy/m/n/10.95 k \OML/cmm/m/it/10.95 [] \OMS/cmsy/m/n/1
0.95 
 \OML/cmm/m/it/10.95 ![] \OMS/cmsy/m/n/10.95 k[]
 []


Overfull \hbox (86.50803pt too wide) detected at line 1302
[]
 []

[20]
Overfull \hbox (57.57843pt too wide) detected at line 1321
\OML/cmm/m/it/10.95 Cone []
 []


Overfull \hbox (5.40572pt too wide) detected at line 1345
\OML/cmm/m/it/10.95 Cone [] :
 []

[21]
Underfull \hbox (badness 10000) in paragraph at lines 1375--1376

 []


Underfull \hbox (badness 10000) in paragraph at lines 1378--1381

 []

[22]
Underfull \hbox (badness 10000) in paragraph at lines 1407--1410

 []

[23] [24] [25]
Underfull \hbox (badness 10000) in paragraph at lines 1551--1552

 []


Underfull \hbox (badness 10000) in paragraph at lines 1552--1553

 []

[26]
Overfull \hbox (28.45093pt too wide) detected at line 1593
\OML/cmm/m/it/10.95 b^^_\OT1/cmr/m/n/10.95 (\OML/cmm/m/it/10.95 u[]\OMS/cmsy/m/
n/10.95 h\OML/cmm/m/it/10.95 t[]\OMS/cmsy/m/n/10.95 i\OML/cmm/m/it/10.95 d\OMS/
cmsy/m/n/10.95 h\OML/cmm/m/it/10.95 t[]\OMS/cmsy/m/n/10.95 i\OML/cmm/m/it/10.95
 d\OMS/cmsy/m/n/10.95 h\OML/cmm/m/it/10.95 t[]\OMS/cmsy/m/n/10.95 i\OT1/cmr/m/n
/10.95 )  =  \OML/cmm/m/it/10.95 ^^_\OT1/cmr/m/n/10.95 (\OML/cmm/m/it/10.95 u[]
\OMS/cmsy/m/n/10.95 h\OML/cmm/m/it/10.95 t[]\OMS/cmsy/m/n/10.95 ih\OML/cmm/m/it
/10.95 t[]\OMS/cmsy/m/n/10.95 i\OML/cmm/m/it/10.95 d\OMS/cmsy/m/n/10.95 h\OML/c
mm/m/it/10.95 t[]\OMS/cmsy/m/n/10.95 i\OT1/cmr/m/n/10.95 )  \OMS/cmsy/m/n/10.95
 ^^@  \OML/cmm/m/it/10.95 ^^_\OT1/cmr/m/n/10.95 (\OML/cmm/m/it/10.95 u[]\OMS/cm
sy/m/n/10.95 h\OML/cmm/m/it/10.95 t[]\OMS/cmsy/m/n/10.95 i\OML/cmm/m/it/10.95 d
\OT1/cmr/m/n/10.95 (\OMS/cmsy/m/n/10.95 h\OML/cmm/m/it/10.95 t[]\OMS/cmsy/m/n/1
0.95 ih\OML/cmm/m/it/10.95 t[]\OMS/cmsy/m/n/10.95 i\OT1/cmr/m/n/10.95 ))  +  \O
ML/cmm/m/it/10.95 ^^_\OT1/cmr/m/n/10.95 (\OMS/cmsy/m/n/10.95 h\OML/cmm/m/it/10.
95 t[]\OMS/cmsy/m/n/10.95 i\OML/cmm/m/it/10.95 u[]\OMS/cmsy/m/n/10.95 h\OML/cmm
/m/it/10.95 t[]\OMS/cmsy/m/n/10.95 i\OML/cmm/m/it/10.95 d\OMS/cmsy/m/n/10.95 h\
OML/cmm/m/it/10.95 t[]\OMS/cmsy/m/n/10.95 i\OT1/cmr/m/n/10.95 )
 []

[27] [28]
Overfull \hbox (13.51714pt too wide) in paragraph at lines 1719--1722
\OT1/cmr/m/n/10.95 classes $[\OML/cmm/m/it/10.95 v\OT1/cmr/m/n/10.95 ]$ of hy-p
er-bolic el-e-ments in $^^@$, de-fines a bounded cochain on $\OML/cmm/m/it/10.9
5 CC[]\OT1/cmr/m/n/10.95 (\OML/cmm/m/it/10.95 `[]\OT1/cmr/m/n/10.95 (^^@))[]$
 []

[29] [30]
Overfull \hbox (32.3618pt too wide) detected at line 1823
\OML/cmm/m/it/10.95 HC[]\OT1/cmr/m/n/10.95 (\OML/cmm/m/it/10.95 `[]\OT1/cmr/m/n
/10.95 (^^@) \OMS/cmsy/m/n/10.95 
[] \OML/cmm/m/it/10.95 A; `[]\OT1/cmr/m/n/10.95 (^^@[]) \OMS/cmsy/m/n/10.95 
[] \OML/cmm/m/it/10.95 B\OT1/cmr/m/n/10.95 )  \OMS/cmsy/m/n/10.95 '  \OML/cmm/m
/it/10.95 Hom\OT1/cmr/m/n/10.95 (\OML/cmm/m/it/10.95 H[]\OT1/cmr/m/n/10.95 (^^@
\OML/cmm/m/it/10.95 ; \U/msb/m/n/10.95 C\OT1/cmr/m/n/10.95 ^^@[])\OML/cmm/m/it/
10.95 ; H[]\OT1/cmr/m/n/10.95 (^^@[]\OML/cmm/m/it/10.95 ; \U/msb/m/n/10.95 C\OT
1/cmr/m/n/10.95 ^^@[])) \OMS/cmsy/m/n/10.95 
 \OML/cmm/m/it/10.95 HC[]\OT1/cmr/m/n/10.95 (\OML/cmm/m/it/10.95 A; B\OT1/cmr/m
/n/10.95 )\OML/cmm/m/it/10.95 :
 []

[31] [32] [33]
(/diff_test_tex_engines/docker_bin_2/version_compiled_pdf_2020/2306.00746/2306.
00746_tl2020.aux) ) 
Here is how much of TeX's memory you used:
 2574 strings out of 479014
 33391 string characters out of 5859133
 335163 words of memory out of 5000000
 20046 multiletter control sequences out of 15000+600000
 414184 words of font info for 67 fonts, out of 8000000 for 9000
 1141 hyphenation exceptions out of 8191
 68i,13n,74p,836b,250s stack positions out of 5000i,500n,10000p,200000b,80000s
{/usr/local/texlive/2020/texmf-dist/fonts/enc/dvips/cm-super
/cm-super-ts1.enc}</usr/local/texlive/2020/texmf-dist/fonts/type1/public/amsfon
ts/cm/cmbx10.pfb></usr/local/texlive/2020/texmf-dist/fonts/type1/public/amsfont
s/cm/cmbx12.pfb></usr/local/texlive/2020/texmf-dist/fonts/type1/public/amsfonts
/cm/cmcsc10.pfb></usr/local/texlive/2020/texmf-dist/fonts/type1/public/amsfonts
/cm/cmex10.pfb></usr/local/texlive/2020/texmf-dist/fonts/type1/public/amsfonts/
cm/cmmi10.pfb></usr/local/texlive/2020/texmf-dist/fonts/type1/public/amsfonts/c
m/cmmi6.pfb></usr/local/texlive/2020/texmf-dist/fonts/type1/public/amsfonts/cm/
cmmi8.pfb></usr/local/texlive/2020/texmf-dist/fonts/type1/public/amsfonts/cm/cm
r10.pfb></usr/local/texlive/2020/texmf-dist/fonts/type1/public/amsfonts/cm/cmr1
2.pfb></usr/local/texlive/2020/texmf-dist/fonts/type1/public/amsfonts/cm/cmr17.
pfb></usr/local/texlive/2020/texmf-dist/fonts/type1/public/amsfonts/cm/cmr6.pfb
></usr/local/texlive/2020/texmf-dist/fonts/type1/public/amsfonts/cm/cmr8.pfb></
usr/local/texlive/2020/texmf-dist/fonts/type1/public/amsfonts/cm/cmsy10.pfb></u
sr/local/texlive/2020/texmf-dist/fonts/type1/public/amsfonts/cm/cmsy6.pfb></usr
/local/texlive/2020/texmf-dist/fonts/type1/public/amsfonts/cm/cmsy8.pfb></usr/l
ocal/texlive/2020/texmf-dist/fonts/type1/public/amsfonts/cm/cmti10.pfb></usr/lo
cal/texlive/2020/texmf-dist/fonts/type1/public/amsfonts/symbols/msam10.pfb></us
r/local/texlive/2020/texmf-dist/fonts/type1/public/amsfonts/symbols/msbm10.pfb>
</usr/local/texlive/2020/texmf-dist/fonts/type1/public/cm-super/sfrm1095.pfb>
Output written on /diff_test_tex_engines/docker_bin_2/version_compiled_pdf_2020
/2306.00746/2306.00746_tl2020.pdf (33 pages, 359645 bytes).
PDF statistics:
 188 PDF objects out of 1000 (max. 8388607)
 132 compressed objects within 2 object streams
 0 named destinations out of 1000 (max. 500000)
 1 words of extra memory for PDF output out of 10000 (max. 10000000)

