Latexmk: Missing bbl file '/diff_test_tex_engines/docker_bin_2/version_compiled_pdf/2306.01838/2306.01838_tl2022.bbl' in following:
 No file 2306.01838_tl2022.bbl.
Latexmk: Missing bbl file '/diff_test_tex_engines/docker_bin_2/version_compiled_pdf/2306.01838/2306.01838_tl2022.bbl' in following:
 No file 2306.01838_tl2022.bbl.
Latexmk: Maximum runs of bibtex /diff_test_tex_engines/docker_bin_2/version_compiled_pdf/2306.01838/2306.01838_tl2022 reached without getting stable files
Latexmk: ====List of undefined refs and citations:
  Citation `Dej' on page 2 undefined on input line 524
  Citation `Dej' on page 2 undefined on input line 524
  Citation `Haj' on page 2 undefined on input line 524
  Citation `HajSch' on page 2 undefined on input line 524
  Citation `HajTys' on page 2 undefined on input line 524
  Citation `perry2020lipschitz' on page 2 undefined on input line 524
  Citation `Weg' on page 2 undefined on input line 524
 And 19 more --- see log file.
----------------------
This message may duplicate earlier message.
Latexmk: Failure in processing file 'Core_of_homotopy_classes_in_H_1.tex':
   'bibtex /diff_test_tex_engines/docker_bin_2/version_compiled_pdf/2306.01838/2306.01838_tl2022' needed too many passes
----------------------
Latexmk: If appropriate, the -f option can be used to get latexmk
  to try to force complete processing.
Latexmk: Maximum runs of bibtex /diff_test_tex_engines/docker_bin_2/version_compiled_pdf/2306.01838/2306.01838_tl2022 reached without getting stable files
----------------------
This message may duplicate earlier message.
Latexmk: Failure in processing file 'Core_of_homotopy_classes_in_H_1.tex':
   'bibtex /diff_test_tex_engines/docker_bin_2/version_compiled_pdf/2306.01838/2306.01838_tl2022' needed too many passes
----------------------
Latexmk: If appropriate, the -f option can be used to get latexmk
  to try to force complete processing.
