Rc files read:
  NONE
Latexmk: This is Latexmk, John Collins, 7 Jan. 2023. Version 4.79.
No existing .aux file, so I'll make a simple one, and require run of *latex.
Latexmk: applying rule 'pdflatex'...
Rule 'pdflatex':  Reasons for rerun
Category 'other':
  Rerun of 'pdflatex' forced or previously required

------------
Run number 1 of rule 'pdflatex'
------------
------------
Running 'pdflatex  -interaction=nonstopmode -recorder --jobname="2306.00269_tl2022" -output-directory="/diff_test_tex_engines/docker_bin_2/version_compiled_pdf/2306.00269"  "Best_L0_L1_Linf.tex"'
------------
This is pdfTeX, Version 3.141592653-2.6-1.40.24 (TeX Live 2022) (preloaded format=pdflatex)
 restricted \write18 enabled.
entering extended mode
(./Best_L0_L1_Linf.tex
LaTeX2e <2022-11-01> patch level 1
L3 programming layer <2023-02-22>
(/usr/local/texlive/2022/texmf-dist/tex/latex/base/article.cls
Document Class: article 2022/07/02 v1.4n Standard LaTeX document class
(/usr/local/texlive/2022/texmf-dist/tex/latex/base/size11.clo))
(/usr/local/texlive/2022/texmf-dist/tex/latex/psnfss/times.sty)
(/usr/local/texlive/2022/texmf-dist/tex/latex/graphics/graphicx.sty
(/usr/local/texlive/2022/texmf-dist/tex/latex/graphics/keyval.sty)
(/usr/local/texlive/2022/texmf-dist/tex/latex/graphics/graphics.sty
(/usr/local/texlive/2022/texmf-dist/tex/latex/graphics/trig.sty)
(/usr/local/texlive/2022/texmf-dist/tex/latex/graphics-cfg/graphics.cfg)
(/usr/local/texlive/2022/texmf-dist/tex/latex/graphics-def/pdftex.def)))
(/usr/local/texlive/2022/texmf-dist/tex/latex/graphics/color.sty
(/usr/local/texlive/2022/texmf-dist/tex/latex/graphics-cfg/color.cfg)
(/usr/local/texlive/2022/texmf-dist/tex/latex/graphics/mathcolor.ltx))
(/usr/local/texlive/2022/texmf-dist/tex/latex/amsfonts/amssymb.sty
(/usr/local/texlive/2022/texmf-dist/tex/latex/amsfonts/amsfonts.sty))
(/usr/local/texlive/2022/texmf-dist/tex/latex/amsmath/amsmath.sty
For additional information on amsmath, use the `?' option.
(/usr/local/texlive/2022/texmf-dist/tex/latex/amsmath/amstext.sty
(/usr/local/texlive/2022/texmf-dist/tex/latex/amsmath/amsgen.sty))
(/usr/local/texlive/2022/texmf-dist/tex/latex/amsmath/amsbsy.sty)
(/usr/local/texlive/2022/texmf-dist/tex/latex/amsmath/amsopn.sty))
(/usr/local/texlive/2022/texmf-dist/tex/latex/base/ifthen.sty)
(/usr/local/texlive/2022/texmf-dist/tex/latex/tools/calc.sty)
(/usr/local/texlive/2022/texmf-dist/tex/latex/psnfss/ot1ptm.fd)
(/usr/local/texlive/2022/texmf-dist/tex/latex/l3backend/l3backend-pdftex.def)
(/diff_test_tex_engines/docker_bin_2/version_compiled_pdf/2306.00269/2306.00269
_tl2022.aux)
(/usr/local/texlive/2022/texmf-dist/tex/context/base/mkii/supp-pdf.mkii
[Loading MPS to PDF converter (version 2006.09.02).]
) (/usr/local/texlive/2022/texmf-dist/tex/latex/epstopdf-pkg/epstopdf-base.sty
(/usr/local/texlive/2022/texmf-dist/tex/latex/latexconfig/epstopdf-sys.cfg))
(/usr/local/texlive/2022/texmf-dist/tex/latex/amsfonts/umsa.fd)
(/usr/local/texlive/2022/texmf-dist/tex/latex/amsfonts/umsb.fd)

LaTeX Warning: Citation `Canoetal_MonoClass19' on page 1 undefined on input lin
e 91.

[1{/usr/local/texlive/2022/texmf-var/fonts/map/pdftex/updmap/pdftex.map}]

LaTeX Warning: Reference `sec:definitions' on page 2 undefined on input line 12
6.


LaTeX Warning: Reference `sec:Linfty' on page 2 undefined on input line 128.


LaTeX Warning: Reference `sec:L1' on page 2 undefined on input line 129.


LaTeX Warning: Reference `sec:L0' on page 2 undefined on input line 130.


LaTeX Warning: Reference `sec:linear' on page 2 undefined on input line 132.


LaTeX Warning: Reference `sec:Conclude' on page 2 undefined on input line 132.


LaTeX Warning: Reference `sec:Linfty' on page 2 undefined on input line 142.


LaTeX Warning: Reference `sec:L1' on page 2 undefined on input line 143.


LaTeX Warning: Reference `sec:L0' on page 2 undefined on input line 144.


LaTeX Warning: Citation `DLG_LinfPolya83' on page 2 undefined on input line 146
.


LaTeX Warning: Citation `EggerTaylorPolya1ConvRate93' on page 2 undefined on in
put line 146.


LaTeX Warning: Citation `HLMT_L1Polya88' on page 2 undefined on input line 146.



LaTeX Warning: Citation `QFOMMB_PolyaL1' on page 2 undefined on input line 146.



LaTeX Warning: Citation `BadL1' on page 2 undefined on input line 149.


LaTeX Warning: Citation `QStrictLinfty' on page 2 undefined on input line 155.


LaTeX Warning: Reference `sec:L0' on page 2 undefined on input line 160.


LaTeX Warning: Citation `QL0Secondary' on page 2 undefined on input line 161.

[2]

LaTeX Warning: Citation `QStrictLinfty' on page 3 undefined on input line 176.


LaTeX Warning: Reference `sec:L0' on page 3 undefined on input line 177.


LaTeX Warning: Reference `sec:L1' on page 3 undefined on input line 178.


LaTeX Warning: Reference `sec:Linfty' on page 3 undefined on input line 180.


LaTeX Warning: Citation `QL0Secondary' on page 3 undefined on input line 199.


LaTeX Warning: Citation `QStrictLinfty' on page 3 undefined on input line 207.


LaTeX Warning: Citation `QStrictLinfty' on page 3 undefined on input line 209.


LaTeX Warning: Citation `Yale_LipschitzLearn' on page 3 undefined on input line
 210.


LaTeX Warning: Citation `QStrictLinfty' on page 3 undefined on input line 211.

[3] (/usr/local/texlive/2022/texmf-dist/tex/latex/psnfss/ot1phv.fd)

LaTeX Warning: Citation `QStrictLinfty' on page 4 undefined on input line 219.


LaTeX Warning: Citation `QStrictLinfty' on page 4 undefined on input line 224.


LaTeX Warning: Reference `sec:definitions' on page 4 undefined on input line 22
5.


Underfull \hbox (badness 10000) in paragraph at lines 231--235


Underfull \hbox (badness 10000) in paragraph at lines 236--241


Underfull \hbox (badness 10000) in paragraph at lines 242--243

(/usr/local/texlive/2022/texmf-dist/tex/latex/psnfss/omsphv.fd)
Underfull \hbox (badness 10000) in paragraph at lines 245--255


Underfull \hbox (badness 10000) in paragraph at lines 256--263


LaTeX Warning: Citation `AHKS_L1' on page 4 undefined on input line 282.


LaTeX Warning: Citation `Yale_AllLp' on page 4 undefined on input line 282.


LaTeX Warning: Citation `Pardalosetal94' on page 4 undefined on input line 282.



LaTeX Warning: Citation `RobertsonWright' on page 4 undefined on input line 282
.


LaTeX Warning: Citation `Rote' on page 4 undefined on input line 282.


LaTeX Warning: Citation `ShiMinL195' on page 4 undefined on input line 282.


LaTeX Warning: Citation `QPartition' on page 4 undefined on input line 282.


LaTeX Warning: Citation `QLpviaL0' on page 4 undefined on input line 282.

(/usr/local/texlive/2022/texmf-dist/tex/latex/psnfss/omsptm.fd)

LaTeX Warning: Reference `sec:strictdown1' on page 4 undefined on input line 29
5.


LaTeX Warning: Reference `sec:strictup1' on page 4 undefined on input line 295.


[4] [5]

LaTeX Warning: Citation `Jackson_Median' on page 6 undefined on input line 304.



LaTeX Warning: Citation `HLMT_L1Polya88' on page 6 undefined on input line 321.



LaTeX Warning: Citation `LandersRogge_L1approx' on page 6 undefined on input li
ne 321.


LaTeX Warning: Citation `LandersRogge_L1approx' on page 6 undefined on input li
ne 331.


LaTeX Warning: Citation `Yale_AllLp' on page 6 undefined on input line 334.


LaTeX Warning: Citation `QPartition' on page 6 undefined on input line 334.


LaTeX Warning: Citation `QLpviaL0' on page 6 undefined on input line 334.


LaTeX Warning: Citation `Yale_AllLp' on page 6 undefined on input line 335.


LaTeX Warning: Citation `QPartition' on page 6 undefined on input line 335.

[6]

LaTeX Warning: Citation `QLpviaL0' on page 7 undefined on input line 338.


LaTeX Warning: Citation `RadeBM_MaxIS' on page 7 undefined on input line 338.


LaTeX Warning: Citation `Flow_That' on page 7 undefined on input line 342.


Overfull \hbox (3.32341pt too wide) in paragraph at lines 368--371
\OT1/ptm/m/n/10.95 is true for $\OML/cmm/m/it/10.95 ^^O$ \OT1/ptm/m/n/10.95 suf
-fi-ciently small. Us-ing Tay-lor ex-pan-sions, and the fact that $[][] \OML/cm
m/m/it/10.95 w\OT1/cmr/m/n/10.95 (\OML/cmm/m/it/10.95 v\OT1/cmr/m/n/10.95 )\OML
/cmm/m/it/10.95 d\OT1/cmr/m/n/10.95 (\OML/cmm/m/it/10.95 v\OT1/cmr/m/n/10.95 ) 
= [][] \OML/cmm/m/it/10.95 w\OT1/cmr/m/n/10.95 (\OML/cmm/m/it/10.95 v\OT1/cmr/m
/n/10.95 )\OML/cmm/m/it/10.95 e\OT1/cmr/m/n/10.95 (\OML/cmm/m/it/10.95 v\OT1/cm
r/m/n/10.95 )$
[7]

LaTeX Warning: Citation `QL0Secondary' on page 8 undefined on input line 394.


LaTeX Warning: Citation `QPartition' on page 8 undefined on input line 434.


LaTeX Warning: Reference `fig:PAVfigure' on page 8 undefined on input line 439.


[8]

LaTeX Warning: Reference `fig:PAVfigure' on page 9 undefined on input line 464.



LaTeX Warning: Reference `fig:PAVcode' on page 9 undefined on input line 464.


LaTeX Warning: Reference `fig:partition' on page 9 undefined on input line 502.



Underfull \hbox (badness 10000) in paragraph at lines 498--515


Underfull \hbox (badness 10000) in paragraph at lines 498--515


LaTeX Warning: Citation `QL0Secondary' on page 9 undefined on input line 526.


LaTeX Warning: Reference `sec:linear' on page 9 undefined on input line 528.


LaTeX Warning: Citation `QStrictLinfty' on page 9 undefined on input line 530.

[9] [10 <./PAV-eps-converted-to.pdf>]

LaTeX Warning: Reference `sec:definitions' on page 11 undefined on input line 5
76.


LaTeX Warning: Citation `Yale_AllLp' on page 11 undefined on input line 577.


LaTeX Warning: Citation `QStrictLinfty' on page 11 undefined on input line 577.



LaTeX Warning: Citation `Jackson_Median' on page 11 undefined on input line 581
.


LaTeX Warning: Reference `sec:strictup1' on page 11 undefined on input line 584
.

[11]

LaTeX Warning: Reference `sec:L0' on page 12 undefined on input line 589.


LaTeX Warning: Citation `EggerTaylorPolya1ConvRate93' on page 12 undefined on i
nput line 591.


LaTeX Warning: Citation `QFOMMB_PolyaL1' on page 12 undefined on input line 591
.


LaTeX Warning: Citation `RadeBM_Relabel09' on page 12 undefined on input line 5
91.


LaTeX Warning: Citation `QL0Secondary' on page 12 undefined on input line 591.


LaTeX Warning: Citation `StegemanFeeldersAllL0_11' on page 12 undefined on inpu
t line 591.


LaTeX Warning: Citation `RadeBM_Relabel12' on page 12 undefined on input line 5
91.


LaTeX Warning: Citation `ShiMinL195' on page 12 undefined on input line 591.


LaTeX Warning: Citation `Relab_Feelders06' on page 12 undefined on input line 5
95.


LaTeX Warning: Citation `PP_Relabel' on page 12 undefined on input line 595.


LaTeX Warning: Citation `RadeBM_Relabel09' on page 12 undefined on input line 5
95.


LaTeX Warning: Citation `QL0Secondary' on page 12 undefined on input line 595.


LaTeX Warning: Reference `sec:strictdown1' on page 12 undefined on input line 5
98.

[12]

LaTeX Warning: Citation `QStrictLinfty' on page 13 undefined on input line 678.



LaTeX Warning: Citation `QStrictLinfty' on page 13 undefined on input line 687.



LaTeX Warning: Citation `QStrictLinfty' on page 13 undefined on input line 689.


[13]
Overfull \hbox (14.2174pt too wide) in paragraph at lines 720--737
[]\OT1/ptm/m/n/10.95 Let $\OML/cmm/m/it/10.95 f[]$ \OT1/ptm/m/n/10.95 be the fu
nc-tion formed by trim-ming $\OML/cmm/m/it/10.95 f[]$ \OT1/ptm/m/n/10.95 on all
 level sets of $\OMS/cmsy/m/n/10.95 A\OT1/cmr/m/n/10.95 (\OML/cmm/m/it/10.95 G;
 f[]; w\OT1/cmr/m/n/10.95 )$ \OT1/ptm/m/n/10.95 ex-cept $\OML/cmm/m/it/10.95 B$
\OT1/ptm/m/n/10.95 . Then $\OMS/cmsy/m/n/10.95 A\OT1/cmr/m/n/10.95 (\OML/cmm/m/
it/10.95 G; f[]; w\OT1/cmr/m/n/10.95 ) =
[14]
(/diff_test_tex_engines/docker_bin_2/version_compiled_pdf/2306.00269/2306.00269
_tl2022.aux)

LaTeX Warning: There were undefined references.


LaTeX Warning: Label(s) may have changed. Rerun to get cross-references right.

 )
(see the transcript file for additional information){/usr/local/texlive/2022/te
xmf-dist/fonts/enc/dvips/base/8r.enc}</usr/local/texlive/2022/texmf-dist/fonts/
type1/public/amsfonts/cm/cmbx10.pfb></usr/local/texlive/2022/texmf-dist/fonts/t
ype1/public/amsfonts/cm/cmbx12.pfb></usr/local/texlive/2022/texmf-dist/fonts/ty
pe1/public/amsfonts/cm/cmex10.pfb></usr/local/texlive/2022/texmf-dist/fonts/typ
e1/public/amsfonts/cm/cmmi10.pfb></usr/local/texlive/2022/texmf-dist/fonts/type
1/public/amsfonts/cm/cmmi12.pfb></usr/local/texlive/2022/texmf-dist/fonts/type1
/public/amsfonts/cm/cmmi6.pfb></usr/local/texlive/2022/texmf-dist/fonts/type1/p
ublic/amsfonts/cm/cmmi8.pfb></usr/local/texlive/2022/texmf-dist/fonts/type1/pub
lic/amsfonts/cm/cmr10.pfb></usr/local/texlive/2022/texmf-dist/fonts/type1/publi
c/amsfonts/cm/cmr8.pfb></usr/local/texlive/2022/texmf-dist/fonts/type1/public/a
msfonts/cm/cmss10.pfb></usr/local/texlive/2022/texmf-dist/fonts/type1/public/am
sfonts/cm/cmss12.pfb></usr/local/texlive/2022/texmf-dist/fonts/type1/public/ams
fonts/cm/cmsy10.pfb></usr/local/texlive/2022/texmf-dist/fonts/type1/public/amsf
onts/cm/cmsy7.pfb></usr/local/texlive/2022/texmf-dist/fonts/type1/public/amsfon
ts/cm/cmsy8.pfb></usr/local/texlive/2022/texmf-dist/fonts/type1/public/amsfonts
/symbols/msam10.pfb></usr/local/texlive/2022/texmf-dist/fonts/type1/public/amsf
onts/symbols/msbm10.pfb></usr/local/texlive/2022/texmf-dist/fonts/type1/urw/hel
vetic/uhvr8a.pfb></usr/local/texlive/2022/texmf-dist/fonts/type1/urw/times/utmb
8a.pfb></usr/local/texlive/2022/texmf-dist/fonts/type1/urw/times/utmr8a.pfb></u
sr/local/texlive/2022/texmf-dist/fonts/type1/urw/times/utmri8a.pfb>
Output written on /diff_test_tex_engines/docker_bin_2/version_compiled_pdf/2306
.00269/2306.00269_tl2022.pdf (14 pages, 278919 bytes).
Transcript written on /diff_test_tex_engines/docker_bin_2/version_compiled_pdf/
2306.00269/2306.00269_tl2022.log.
Latexmk: Getting log file '/diff_test_tex_engines/docker_bin_2/version_compiled_pdf/2306.00269/2306.00269_tl2022.log'
Latexmk: Examining '/diff_test_tex_engines/docker_bin_2/version_compiled_pdf/2306.00269/2306.00269_tl2022.fls'
Latexmk: Examining '/diff_test_tex_engines/docker_bin_2/version_compiled_pdf/2306.00269/2306.00269_tl2022.log'
Latexmk: References changed.
Latexmk: Log file says output to '/diff_test_tex_engines/docker_bin_2/version_compiled_pdf/2306.00269/2306.00269_tl2022.pdf'
Latexmk: applying rule 'pdflatex'...
Rule 'pdflatex':  Reasons for rerun
Changed files or newly in use/created:
  /diff_test_tex_engines/docker_bin_2/version_compiled_pdf/2306.00269/2306.00269_tl2022.aux

------------
Run number 2 of rule 'pdflatex'
------------
------------
Running 'pdflatex  -interaction=nonstopmode -recorder --jobname="2306.00269_tl2022" -output-directory="/diff_test_tex_engines/docker_bin_2/version_compiled_pdf/2306.00269"  "Best_L0_L1_Linf.tex"'
------------
This is pdfTeX, Version 3.141592653-2.6-1.40.24 (TeX Live 2022) (preloaded format=pdflatex)
 restricted \write18 enabled.
entering extended mode
(./Best_L0_L1_Linf.tex
LaTeX2e <2022-11-01> patch level 1
L3 programming layer <2023-02-22>
(/usr/local/texlive/2022/texmf-dist/tex/latex/base/article.cls
Document Class: article 2022/07/02 v1.4n Standard LaTeX document class
(/usr/local/texlive/2022/texmf-dist/tex/latex/base/size11.clo))
(/usr/local/texlive/2022/texmf-dist/tex/latex/psnfss/times.sty)
(/usr/local/texlive/2022/texmf-dist/tex/latex/graphics/graphicx.sty
(/usr/local/texlive/2022/texmf-dist/tex/latex/graphics/keyval.sty)
(/usr/local/texlive/2022/texmf-dist/tex/latex/graphics/graphics.sty
(/usr/local/texlive/2022/texmf-dist/tex/latex/graphics/trig.sty)
(/usr/local/texlive/2022/texmf-dist/tex/latex/graphics-cfg/graphics.cfg)
(/usr/local/texlive/2022/texmf-dist/tex/latex/graphics-def/pdftex.def)))
(/usr/local/texlive/2022/texmf-dist/tex/latex/graphics/color.sty
(/usr/local/texlive/2022/texmf-dist/tex/latex/graphics-cfg/color.cfg)
(/usr/local/texlive/2022/texmf-dist/tex/latex/graphics/mathcolor.ltx))
(/usr/local/texlive/2022/texmf-dist/tex/latex/amsfonts/amssymb.sty
(/usr/local/texlive/2022/texmf-dist/tex/latex/amsfonts/amsfonts.sty))
(/usr/local/texlive/2022/texmf-dist/tex/latex/amsmath/amsmath.sty
For additional information on amsmath, use the `?' option.
(/usr/local/texlive/2022/texmf-dist/tex/latex/amsmath/amstext.sty
(/usr/local/texlive/2022/texmf-dist/tex/latex/amsmath/amsgen.sty))
(/usr/local/texlive/2022/texmf-dist/tex/latex/amsmath/amsbsy.sty)
(/usr/local/texlive/2022/texmf-dist/tex/latex/amsmath/amsopn.sty))
(/usr/local/texlive/2022/texmf-dist/tex/latex/base/ifthen.sty)
(/usr/local/texlive/2022/texmf-dist/tex/latex/tools/calc.sty)
(/usr/local/texlive/2022/texmf-dist/tex/latex/psnfss/ot1ptm.fd)
(/usr/local/texlive/2022/texmf-dist/tex/latex/l3backend/l3backend-pdftex.def)
(/diff_test_tex_engines/docker_bin_2/version_compiled_pdf/2306.00269/2306.00269
_tl2022.aux)
(/usr/local/texlive/2022/texmf-dist/tex/context/base/mkii/supp-pdf.mkii
[Loading MPS to PDF converter (version 2006.09.02).]
) (/usr/local/texlive/2022/texmf-dist/tex/latex/epstopdf-pkg/epstopdf-base.sty
(/usr/local/texlive/2022/texmf-dist/tex/latex/latexconfig/epstopdf-sys.cfg))
(/usr/local/texlive/2022/texmf-dist/tex/latex/amsfonts/umsa.fd)
(/usr/local/texlive/2022/texmf-dist/tex/latex/amsfonts/umsb.fd) [1{/usr/local/t
exlive/2022/texmf-var/fonts/map/pdftex/updmap/pdftex.map}] [2] [3]
(/usr/local/texlive/2022/texmf-dist/tex/latex/psnfss/ot1phv.fd)
Underfull \hbox (badness 10000) in paragraph at lines 231--235


Underfull \hbox (badness 10000) in paragraph at lines 236--241


Underfull \hbox (badness 10000) in paragraph at lines 242--243

(/usr/local/texlive/2022/texmf-dist/tex/latex/psnfss/omsphv.fd)
Underfull \hbox (badness 10000) in paragraph at lines 245--255


Underfull \hbox (badness 10000) in paragraph at lines 256--263

(/usr/local/texlive/2022/texmf-dist/tex/latex/psnfss/omsptm.fd) [4] [5]
[6]
Overfull \hbox (3.32341pt too wide) in paragraph at lines 368--371
\OT1/ptm/m/n/10.95 is true for $\OML/cmm/m/it/10.95 ^^O$ \OT1/ptm/m/n/10.95 suf
-fi-ciently small. Us-ing Tay-lor ex-pan-sions, and the fact that $[][] \OML/cm
m/m/it/10.95 w\OT1/cmr/m/n/10.95 (\OML/cmm/m/it/10.95 v\OT1/cmr/m/n/10.95 )\OML
/cmm/m/it/10.95 d\OT1/cmr/m/n/10.95 (\OML/cmm/m/it/10.95 v\OT1/cmr/m/n/10.95 ) 
= [][] \OML/cmm/m/it/10.95 w\OT1/cmr/m/n/10.95 (\OML/cmm/m/it/10.95 v\OT1/cmr/m
/n/10.95 )\OML/cmm/m/it/10.95 e\OT1/cmr/m/n/10.95 (\OML/cmm/m/it/10.95 v\OT1/cm
r/m/n/10.95 )$
[7] [8]
Underfull \hbox (badness 10000) in paragraph at lines 498--515


Underfull \hbox (badness 10000) in paragraph at lines 498--515

[9] [10 <./PAV-eps-converted-to.pdf>] [11] [12] [13]
Overfull \hbox (14.2174pt too wide) in paragraph at lines 720--737
[]\OT1/ptm/m/n/10.95 Let $\OML/cmm/m/it/10.95 f[]$ \OT1/ptm/m/n/10.95 be the fu
nc-tion formed by trim-ming $\OML/cmm/m/it/10.95 f[]$ \OT1/ptm/m/n/10.95 on all
 level sets of $\OMS/cmsy/m/n/10.95 A\OT1/cmr/m/n/10.95 (\OML/cmm/m/it/10.95 G;
 f[]; w\OT1/cmr/m/n/10.95 )$ \OT1/ptm/m/n/10.95 ex-cept $\OML/cmm/m/it/10.95 B$
\OT1/ptm/m/n/10.95 . Then $\OMS/cmsy/m/n/10.95 A\OT1/cmr/m/n/10.95 (\OML/cmm/m/
it/10.95 G; f[]; w\OT1/cmr/m/n/10.95 ) =
[14]
(/diff_test_tex_engines/docker_bin_2/version_compiled_pdf/2306.00269/2306.00269
_tl2022.aux) )
(see the transcript file for additional information){/usr/local/texlive/2022/te
xmf-dist/fonts/enc/dvips/base/8r.enc}</usr/local/texlive/2022/texmf-dist/fonts/
type1/public/amsfonts/cm/cmbx10.pfb></usr/local/texlive/2022/texmf-dist/fonts/t
ype1/public/amsfonts/cm/cmbx12.pfb></usr/local/texlive/2022/texmf-dist/fonts/ty
pe1/public/amsfonts/cm/cmex10.pfb></usr/local/texlive/2022/texmf-dist/fonts/typ
e1/public/amsfonts/cm/cmmi10.pfb></usr/local/texlive/2022/texmf-dist/fonts/type
1/public/amsfonts/cm/cmmi12.pfb></usr/local/texlive/2022/texmf-dist/fonts/type1
/public/amsfonts/cm/cmmi6.pfb></usr/local/texlive/2022/texmf-dist/fonts/type1/p
ublic/amsfonts/cm/cmmi8.pfb></usr/local/texlive/2022/texmf-dist/fonts/type1/pub
lic/amsfonts/cm/cmr10.pfb></usr/local/texlive/2022/texmf-dist/fonts/type1/publi
c/amsfonts/cm/cmr8.pfb></usr/local/texlive/2022/texmf-dist/fonts/type1/public/a
msfonts/cm/cmss10.pfb></usr/local/texlive/2022/texmf-dist/fonts/type1/public/am
sfonts/cm/cmss12.pfb></usr/local/texlive/2022/texmf-dist/fonts/type1/public/ams
fonts/cm/cmsy10.pfb></usr/local/texlive/2022/texmf-dist/fonts/type1/public/amsf
onts/cm/cmsy7.pfb></usr/local/texlive/2022/texmf-dist/fonts/type1/public/amsfon
ts/cm/cmsy8.pfb></usr/local/texlive/2022/texmf-dist/fonts/type1/public/amsfonts
/symbols/msam10.pfb></usr/local/texlive/2022/texmf-dist/fonts/type1/public/amsf
onts/symbols/msbm10.pfb></usr/local/texlive/2022/texmf-dist/fonts/type1/urw/hel
vetic/uhvr8a.pfb></usr/local/texlive/2022/texmf-dist/fonts/type1/urw/times/utmb
8a.pfb></usr/local/texlive/2022/texmf-dist/fonts/type1/urw/times/utmr8a.pfb></u
sr/local/texlive/2022/texmf-dist/fonts/type1/urw/times/utmri8a.pfb>
Output written on /diff_test_tex_engines/docker_bin_2/version_compiled_pdf/2306
.00269/2306.00269_tl2022.pdf (14 pages, 277843 bytes).
Transcript written on /diff_test_tex_engines/docker_bin_2/version_compiled_pdf/
2306.00269/2306.00269_tl2022.log.
Latexmk: Getting log file '/diff_test_tex_engines/docker_bin_2/version_compiled_pdf/2306.00269/2306.00269_tl2022.log'
Latexmk: Examining '/diff_test_tex_engines/docker_bin_2/version_compiled_pdf/2306.00269/2306.00269_tl2022.fls'
Latexmk: Examining '/diff_test_tex_engines/docker_bin_2/version_compiled_pdf/2306.00269/2306.00269_tl2022.log'
Latexmk: Log file says output to '/diff_test_tex_engines/docker_bin_2/version_compiled_pdf/2306.00269/2306.00269_tl2022.pdf'
Latexmk: All targets () are up-to-date

Rc files read:
  NONE
Latexmk: This is Latexmk, John Collins, 7 Jan. 2023. Version 4.79.
Latexmk: Nothing to do for 'Best_L0_L1_Linf.tex'.
Latexmk: All targets () are up-to-date

