Set environment variable BIBINPUTS='/diff_test_tex_engines/docker_bin_2/version_compiled_pdf_2020/2306.05750:'
Set environment variable TEXINPUTS='/diff_test_tex_engines/docker_bin_2/version_compiled_pdf_2020/2306.05750:'
Latexmk: applying rule 'pdflatex'...
This is pdfTeX, Version 3.14159265-2.6-1.40.21 (TeX Live 2020) (preloaded format=pdflatex)
 restricted \write18 enabled.
entering extended mode
(./2306.05750
LaTeX2e <2020-10-01> patch level 4
L3 programming layer <2021-02-18>
(/usr/local/texlive/2020/texmf-dist/tex/latex/base/article.cls
Document Class: article 2020/04/10 v1.4m Standard LaTeX document class
(/usr/local/texlive/2020/texmf-dist/tex/latex/base/size10.clo))
(/usr/local/texlive/2020/texmf-dist/tex/latex/amsmath/amsmath.sty
For additional information on amsmath, use the `?' option.
(/usr/local/texlive/2020/texmf-dist/tex/latex/amsmath/amstext.sty
(/usr/local/texlive/2020/texmf-dist/tex/latex/amsmath/amsgen.sty))
(/usr/local/texlive/2020/texmf-dist/tex/latex/amsmath/amsbsy.sty)
(/usr/local/texlive/2020/texmf-dist/tex/latex/amsmath/amsopn.sty))
(/usr/local/texlive/2020/texmf-dist/tex/latex/amsfonts/amssymb.sty
(/usr/local/texlive/2020/texmf-dist/tex/latex/amsfonts/amsfonts.sty))
(/usr/local/texlive/2020/texmf-dist/tex/latex/graphics/color.sty
(/usr/local/texlive/2020/texmf-dist/tex/latex/graphics-cfg/color.cfg)
(/usr/local/texlive/2020/texmf-dist/tex/latex/graphics-def/pdftex.def))
(/usr/local/texlive/2020/texmf-dist/tex/latex/url/url.sty)
(/usr/local/texlive/2020/texmf-dist/tex/latex/amscls/amsthm.sty)
(/usr/local/texlive/2020/texmf-dist/tex/latex/multirow/multirow.sty)
(/usr/local/texlive/2020/texmf-dist/tex/latex/graphics/graphicx.sty
(/usr/local/texlive/2020/texmf-dist/tex/latex/graphics/keyval.sty)
(/usr/local/texlive/2020/texmf-dist/tex/latex/graphics/graphics.sty
(/usr/local/texlive/2020/texmf-dist/tex/latex/graphics/trig.sty)
(/usr/local/texlive/2020/texmf-dist/tex/latex/graphics-cfg/graphics.cfg)
(/usr/local/texlive/2020/texmf-dist/tex/latex/graphics-def/dvipdfmx.def)))
(/usr/local/texlive/2020/texmf-dist/tex/latex/pgf/frontendlayer/tikz.sty
(/usr/local/texlive/2020/texmf-dist/tex/latex/pgf/basiclayer/pgf.sty
(/usr/local/texlive/2020/texmf-dist/tex/latex/pgf/utilities/pgfrcs.sty
(/usr/local/texlive/2020/texmf-dist/tex/generic/pgf/utilities/pgfutil-common.te
x
(/usr/local/texlive/2020/texmf-dist/tex/generic/pgf/utilities/pgfutil-common-li
sts.tex))
(/usr/local/texlive/2020/texmf-dist/tex/generic/pgf/utilities/pgfutil-latex.def
) (/usr/local/texlive/2020/texmf-dist/tex/generic/pgf/utilities/pgfrcs.code.tex
(/usr/local/texlive/2020/texmf-dist/tex/generic/pgf/pgf.revision.tex)))
(/usr/local/texlive/2020/texmf-dist/tex/latex/pgf/basiclayer/pgfcore.sty
(/usr/local/texlive/2020/texmf-dist/tex/latex/pgf/systemlayer/pgfsys.sty
(/usr/local/texlive/2020/texmf-dist/tex/generic/pgf/systemlayer/pgfsys.code.tex
(/usr/local/texlive/2020/texmf-dist/tex/generic/pgf/utilities/pgfkeys.code.tex
(/usr/local/texlive/2020/texmf-dist/tex/generic/pgf/utilities/pgfkeysfiltered.c
ode.tex))
(/usr/local/texlive/2020/texmf-dist/tex/generic/pgf/systemlayer/pgf.cfg)
(/usr/local/texlive/2020/texmf-dist/tex/generic/pgf/systemlayer/pgfsys-dvipdfmx
.def
(/usr/local/texlive/2020/texmf-dist/tex/generic/pgf/systemlayer/pgfsys-common-p
df.def)))
(/usr/local/texlive/2020/texmf-dist/tex/generic/pgf/systemlayer/pgfsyssoftpath.
code.tex)
(/usr/local/texlive/2020/texmf-dist/tex/generic/pgf/systemlayer/pgfsysprotocol.
code.tex)) (/usr/local/texlive/2020/texmf-dist/tex/latex/xcolor/xcolor.sty
(/usr/local/texlive/2020/texmf-dist/tex/latex/graphics-cfg/color.cfg))
(/usr/local/texlive/2020/texmf-dist/tex/generic/pgf/basiclayer/pgfcore.code.tex
(/usr/local/texlive/2020/texmf-dist/tex/generic/pgf/math/pgfmath.code.tex
(/usr/local/texlive/2020/texmf-dist/tex/generic/pgf/math/pgfmathcalc.code.tex
(/usr/local/texlive/2020/texmf-dist/tex/generic/pgf/math/pgfmathutil.code.tex)
(/usr/local/texlive/2020/texmf-dist/tex/generic/pgf/math/pgfmathparser.code.tex
)
(/usr/local/texlive/2020/texmf-dist/tex/generic/pgf/math/pgfmathfunctions.code.
tex
(/usr/local/texlive/2020/texmf-dist/tex/generic/pgf/math/pgfmathfunctions.basic
.code.tex)
(/usr/local/texlive/2020/texmf-dist/tex/generic/pgf/math/pgfmathfunctions.trigo
nometric.code.tex)
(/usr/local/texlive/2020/texmf-dist/tex/generic/pgf/math/pgfmathfunctions.rando
m.code.tex)
(/usr/local/texlive/2020/texmf-dist/tex/generic/pgf/math/pgfmathfunctions.compa
rison.code.tex)
(/usr/local/texlive/2020/texmf-dist/tex/generic/pgf/math/pgfmathfunctions.base.
code.tex)
(/usr/local/texlive/2020/texmf-dist/tex/generic/pgf/math/pgfmathfunctions.round
.code.tex)
(/usr/local/texlive/2020/texmf-dist/tex/generic/pgf/math/pgfmathfunctions.misc.
code.tex)
(/usr/local/texlive/2020/texmf-dist/tex/generic/pgf/math/pgfmathfunctions.integ
erarithmetics.code.tex)))
(/usr/local/texlive/2020/texmf-dist/tex/generic/pgf/math/pgfmathfloat.code.tex)
) (/usr/local/texlive/2020/texmf-dist/tex/generic/pgf/math/pgfint.code.tex)
(/usr/local/texlive/2020/texmf-dist/tex/generic/pgf/basiclayer/pgfcorepoints.co
de.tex)
(/usr/local/texlive/2020/texmf-dist/tex/generic/pgf/basiclayer/pgfcorepathconst
ruct.code.tex)
(/usr/local/texlive/2020/texmf-dist/tex/generic/pgf/basiclayer/pgfcorepathusage
.code.tex)
(/usr/local/texlive/2020/texmf-dist/tex/generic/pgf/basiclayer/pgfcorescopes.co
de.tex)
(/usr/local/texlive/2020/texmf-dist/tex/generic/pgf/basiclayer/pgfcoregraphicst
ate.code.tex)
(/usr/local/texlive/2020/texmf-dist/tex/generic/pgf/basiclayer/pgfcoretransform
ations.code.tex)
(/usr/local/texlive/2020/texmf-dist/tex/generic/pgf/basiclayer/pgfcorequick.cod
e.tex)
(/usr/local/texlive/2020/texmf-dist/tex/generic/pgf/basiclayer/pgfcoreobjects.c
ode.tex)
(/usr/local/texlive/2020/texmf-dist/tex/generic/pgf/basiclayer/pgfcorepathproce
ssing.code.tex)
(/usr/local/texlive/2020/texmf-dist/tex/generic/pgf/basiclayer/pgfcorearrows.co
de.tex)
(/usr/local/texlive/2020/texmf-dist/tex/generic/pgf/basiclayer/pgfcoreshade.cod
e.tex)
(/usr/local/texlive/2020/texmf-dist/tex/generic/pgf/basiclayer/pgfcoreimage.cod
e.tex
(/usr/local/texlive/2020/texmf-dist/tex/generic/pgf/basiclayer/pgfcoreexternal.
code.tex))
(/usr/local/texlive/2020/texmf-dist/tex/generic/pgf/basiclayer/pgfcorelayers.co
de.tex)
(/usr/local/texlive/2020/texmf-dist/tex/generic/pgf/basiclayer/pgfcoretranspare
ncy.code.tex)
(/usr/local/texlive/2020/texmf-dist/tex/generic/pgf/basiclayer/pgfcorepatterns.
code.tex)
(/usr/local/texlive/2020/texmf-dist/tex/generic/pgf/basiclayer/pgfcorerdf.code.
tex)))
(/usr/local/texlive/2020/texmf-dist/tex/generic/pgf/modules/pgfmoduleshapes.cod
e.tex)
(/usr/local/texlive/2020/texmf-dist/tex/generic/pgf/modules/pgfmoduleplot.code.
tex)
(/usr/local/texlive/2020/texmf-dist/tex/latex/pgf/compatibility/pgfcomp-version
-0-65.sty)
(/usr/local/texlive/2020/texmf-dist/tex/latex/pgf/compatibility/pgfcomp-version
-1-18.sty))
(/usr/local/texlive/2020/texmf-dist/tex/latex/pgf/utilities/pgffor.sty
(/usr/local/texlive/2020/texmf-dist/tex/latex/pgf/utilities/pgfkeys.sty
(/usr/local/texlive/2020/texmf-dist/tex/generic/pgf/utilities/pgfkeys.code.tex)
) (/usr/local/texlive/2020/texmf-dist/tex/latex/pgf/math/pgfmath.sty
(/usr/local/texlive/2020/texmf-dist/tex/generic/pgf/math/pgfmath.code.tex))
(/usr/local/texlive/2020/texmf-dist/tex/generic/pgf/utilities/pgffor.code.tex
(/usr/local/texlive/2020/texmf-dist/tex/generic/pgf/math/pgfmath.code.tex)))
(/usr/local/texlive/2020/texmf-dist/tex/generic/pgf/frontendlayer/tikz/tikz.cod
e.tex
(/usr/local/texlive/2020/texmf-dist/tex/generic/pgf/libraries/pgflibraryplothan
dlers.code.tex)
(/usr/local/texlive/2020/texmf-dist/tex/generic/pgf/modules/pgfmodulematrix.cod
e.tex)
(/usr/local/texlive/2020/texmf-dist/tex/generic/pgf/frontendlayer/tikz/librarie
s/tikzlibrarytopaths.code.tex)))
(/usr/local/texlive/2020/texmf-dist/tex/generic/pgf/frontendlayer/tikz/librarie
s/tikzlibrarypositioning.code.tex)
(/usr/local/texlive/2020/texmf-dist/tex/generic/pgf/frontendlayer/tikz/librarie
s/tikzlibraryintersections.code.tex
(/usr/local/texlive/2020/texmf-dist/tex/generic/pgf/libraries/pgflibraryinterse
ctions.code.tex
(/usr/local/texlive/2020/texmf-dist/tex/generic/pgf/libraries/pgflibraryfpu.cod
e.tex)))
(/usr/local/texlive/2020/texmf-dist/tex/generic/pgf/frontendlayer/tikz/librarie
s/tikzlibrarycalc.code.tex)
(/usr/local/texlive/2020/texmf-dist/tex/generic/pgf/libraries/pgflibraryarrows.
meta.code.tex)
(/usr/local/texlive/2020/texmf-dist/tex/generic/pgf/frontendlayer/tikz/librarie
s/tikzlibrarymath.code.tex
(/usr/local/texlive/2020/texmf-dist/tex/generic/pgf/frontendlayer/tikz/librarie
s/tikzlibraryfpu.code.tex))
(/usr/local/texlive/2020/texmf-dist/tex/latex/ascmac/ascmac.sty
(/usr/local/texlive/2020/texmf-dist/tex/latex/ascmac/tascmac.sty))
(/usr/local/texlive/2020/texmf-dist/tex/latex/l3backend/l3backend-pdftex.def)
(/diff_test_tex_engines/docker_bin_2/version_compiled_pdf_2020/2306.05750/2306.
05750_tl2020.aux)
(/usr/local/texlive/2020/texmf-dist/tex/context/base/mkii/supp-pdf.mkii
[Loading MPS to PDF converter (version 2006.09.02).]
) (/usr/local/texlive/2020/texmf-dist/tex/latex/epstopdf-pkg/epstopdf-base.sty
(/usr/local/texlive/2020/texmf-dist/tex/latex/latexconfig/epstopdf-sys.cfg))
(/usr/local/texlive/2020/texmf-dist/tex/latex/amsfonts/umsa.fd)
(/usr/local/texlive/2020/texmf-dist/tex/latex/amsfonts/umsb.fd)
! Use of \@xfootnotemark doesn't match its definition.
\new@ifnextchar ...served@d = #1\def \reserved@a {
                                                  #2}\def \reserved@b {#3}\f...
l.61 \maketitle
               
! Use of \@xfootnotemark doesn't match its definition.
<argument> \def \reserved@a *
                             {\@xtabularcr }\reserved@a 
l.61 \maketitle
               
! Use of \@xfootnotemark doesn't match its definition.
\@ifnextchar ... \reserved@d =#1\def \reserved@a {
                                                  #2}\def \reserved@b {#3}\f...
l.61 \maketitle
               
! Use of \@argtabularcr doesn't match its definition.
\@ifnextchar ...eserved@d =#1\def \reserved@a {#2}
                                                  \def \reserved@b {#3}\futu...
l.61 \maketitle
               
! Missing \endcsname inserted.
<to be read again> 
                   \csname\endcsname 
l.61 \maketitle
               
! Missing \endcsname inserted.
<to be read again> 
                   \csname\endcsname 
l.61 \maketitle
               
! Missing \endcsname inserted.
<to be read again> 
                   \csname\endcsname 
l.61 \maketitle
               
! Missing \endcsname inserted.
<to be read again> 
                   \MessageBreak 
l.61 \maketitle
               
! Missing \endcsname inserted.
<to be read again> 
                   \csname\endcsname 
l.61 \maketitle
               
! Missing \endcsname inserted.
<to be read again> 
                   \csname\endcsname 
l.61 \maketitle
               
! Missing \endcsname inserted.
<to be read again> 
                   \csname\endcsname 
l.61 \maketitle
               
! Missing \endcsname inserted.
<to be read again> 
                   \MessageBreak 
l.61 \maketitle
               
! Missing \endcsname inserted.
<to be read again> 
                   \csname\endcsname 
l.61 \maketitle
               
! Missing \endcsname inserted.
<to be read again> 
                   \csname\endcsname 
l.61 \maketitle
               
! Missing \endcsname inserted.
<to be read again> 
                   \csname\endcsname 
l.61 \maketitle
               
! Missing \endcsname inserted.
<to be read again> 
                   \MessageBreak 
l.61 \maketitle
               
! Missing \endcsname inserted.
<to be read again> 
                   \csname\endcsname 
l.61 \maketitle
               
! Missing \endcsname inserted.
<to be read again> 
                   \csname\endcsname 
l.61 \maketitle
               
! Missing \endcsname inserted.
<to be read again> 
                   \csname\endcsname 
l.61 \maketitle
               
! Missing \endcsname inserted.
<to be read again> 
                   \MessageBreak 
l.61 \maketitle
               
! Missing \endcsname inserted.
<to be read again> 
                   \csname\endcsname 
l.61 \maketitle
               
! Missing \endcsname inserted.
<to be read again> 
                   \csname\endcsname 
l.61 \maketitle
               
! Missing \endcsname inserted.
<to be read again> 
                   \csname\endcsname 
l.61 \maketitle
               
! Missing \endcsname inserted.
<to be read again> 
                   \MessageBreak 
l.61 \maketitle
               
! Missing \endcsname inserted.
<to be read again> 
                   \csname\endcsname 
l.61 \maketitle
               
! Missing \endcsname inserted.
<to be read again> 
                   \csname\endcsname 
l.61 \maketitle
               
! Missing \endcsname inserted.
<to be read again> 
                   \csname\endcsname 
l.61 \maketitle
               
! Missing \endcsname inserted.
<to be read again> 
                   \MessageBreak 
l.61 \maketitle
               
! Missing \endcsname inserted.
<to be read again> 
                   \csname\endcsname 
l.61 \maketitle
               
! Missing \endcsname inserted.
<to be read again> 
                   \csname\endcsname 
l.61 \maketitle
               
! Missing \endcsname inserted.
<to be read again> 
                   \csname\endcsname 
l.61 \maketitle
               
! Missing \endcsname inserted.
<to be read again> 
                   \MessageBreak 
l.61 \maketitle
               
! Missing \endcsname inserted.
<to be read again> 
                   \csname\endcsname 
l.61 \maketitle
               
! Missing \endcsname inserted.
<to be read again> 
                   \csname\endcsname 
l.61 \maketitle
               
! Missing \endcsname inserted.
<to be read again> 
                   \csname\endcsname 
l.61 \maketitle
               
! Missing \endcsname inserted.
<to be read again> 
                   \MessageBreak 
l.61 \maketitle
               
! Missing \endcsname inserted.
<to be read again> 
                   \csname\endcsname 
l.61 \maketitle
               
! Missing \endcsname inserted.
<to be read again> 
                   \csname\endcsname 
l.61 \maketitle
               
! Missing \endcsname inserted.
<to be read again> 
                   \csname\endcsname 
l.61 \maketitle
               
! Missing \endcsname inserted.
<to be read again> 
                   \MessageBreak 
l.61 \maketitle
               
! Missing \endcsname inserted.
<to be read again> 
                   \csname\endcsname 
l.61 \maketitle
               
! Missing \endcsname inserted.
<to be read again> 
                   \csname\endcsname 
l.61 \maketitle
               
! Missing \endcsname inserted.
<to be read again> 
                   \csname\endcsname 
l.61 \maketitle
               
! Missing \endcsname inserted.
<to be read again> 
                   \MessageBreak 
l.61 \maketitle
               
! Missing \endcsname inserted.
<to be read again> 
                   \csname\endcsname 
l.61 \maketitle
               
! Missing \endcsname inserted.
<to be read again> 
                   \csname\endcsname 
l.61 \maketitle
               
! Missing \endcsname inserted.
<to be read again> 
                   \csname\endcsname 
l.61 \maketitle
               
! Missing \endcsname inserted.
<to be read again> 
                   \MessageBreak 
l.61 \maketitle
               
! Missing \endcsname inserted.
<to be read again> 
                   \csname\endcsname 
l.61 \maketitle
               
! Missing \endcsname inserted.
<to be read again> 
                   \csname\endcsname 
l.61 \maketitle
               
! Missing \endcsname inserted.
<to be read again> 
                   \csname\endcsname 
l.61 \maketitle
               
! Missing \endcsname inserted.
<to be read again> 
                   \MessageBreak 
l.61 \maketitle
               
! Missing \endcsname inserted.
<to be read again> 
                   \csname\endcsname 
l.61 \maketitle
               
! Missing \endcsname inserted.
<to be read again> 
                   \csname\endcsname 
l.61 \maketitle
               
! Missing \endcsname inserted.
<to be read again> 
                   \csname\endcsname 
l.61 \maketitle
               
! Missing \endcsname inserted.
<to be read again> 
                   \MessageBreak 
l.61 \maketitle
               
! Missing \endcsname inserted.
<to be read again> 
                   \csname\endcsname 
l.61 \maketitle
               
! Missing \endcsname inserted.
<to be read again> 
                   \csname\endcsname 
l.61 \maketitle
               
! Missing \endcsname inserted.
<to be read again> 
                   \csname\endcsname 
l.61 \maketitle
               
! Missing \endcsname inserted.
<to be read again> 
                   \MessageBreak 
l.61 \maketitle
               
! Missing \endcsname inserted.
<to be read again> 
                   \csname\endcsname 
l.61 \maketitle
               
! Missing \endcsname inserted.
<to be read again> 
                   \csname\endcsname 
l.61 \maketitle
               
! Missing \endcsname inserted.
<to be read again> 
                   \csname\endcsname 
l.61 \maketitle
               
! Missing \endcsname inserted.
<to be read again> 
                   \MessageBreak 
l.61 \maketitle
               
! Missing \endcsname inserted.
<to be read again> 
                   \csname\endcsname 
l.61 \maketitle
               
! Missing \endcsname inserted.
<to be read again> 
                   \csname\endcsname 
l.61 \maketitle
               
! Missing \endcsname inserted.
<to be read again> 
                   \csname\endcsname 
l.61 \maketitle
               
! Missing \endcsname inserted.
<to be read again> 
                   \MessageBreak 
l.61 \maketitle
               
! Missing \endcsname inserted.
<to be read again> 
                   \csname\endcsname 
l.61 \maketitle
               
! Missing \endcsname inserted.
<to be read again> 
                   \csname\endcsname 
l.61 \maketitle
               
! Missing \endcsname inserted.
<to be read again> 
                   \csname\endcsname 
l.61 \maketitle
               
! Missing \endcsname inserted.
<to be read again> 
                   \MessageBreak 
l.61 \maketitle
               
! Missing \endcsname inserted.
<to be read again> 
                   \csname\endcsname 
l.61 \maketitle
               
! Missing \endcsname inserted.
<to be read again> 
                   \csname\endcsname 
l.61 \maketitle
               
! Missing \endcsname inserted.
<to be read again> 
                   \csname\endcsname 
l.61 \maketitle
               
! Missing \endcsname inserted.
<to be read again> 
                   \MessageBreak 
l.61 \maketitle
               
! Missing \endcsname inserted.
<to be read again> 
                   \csname\endcsname 
l.61 \maketitle
               
! Missing \endcsname inserted.
<to be read again> 
                   \csname\endcsname 
l.61 \maketitle
               
! Missing \endcsname inserted.
<to be read again> 
                   \csname\endcsname 
l.61 \maketitle
               
! Missing \endcsname inserted.
<to be read again> 
                   \MessageBreak 
l.61 \maketitle
               
! Missing \endcsname inserted.
<to be read again> 
                   \csname\endcsname 
l.61 \maketitle
               
! Missing \endcsname inserted.
<to be read again> 
                   \csname\endcsname 
l.61 \maketitle
               
! Missing \endcsname inserted.
<to be read again> 
                   \csname\endcsname 
l.61 \maketitle
               
! Missing \endcsname inserted.
<to be read again> 
                   \MessageBreak 
l.61 \maketitle
               
! Missing \endcsname inserted.
<to be read again> 
                   \csname\endcsname 
l.61 \maketitle
               
! Missing \endcsname inserted.
<to be read again> 
                   \csname\endcsname 
l.61 \maketitle
               
! Missing \endcsname inserted.
<to be read again> 
                   \csname\endcsname 
l.61 \maketitle
               
! Missing \endcsname inserted.
<to be read again> 
                   \MessageBreak 
l.61 \maketitle
               
! Missing \endcsname inserted.
<to be read again> 
                   \csname\endcsname 
l.61 \maketitle
               
! Missing \endcsname inserted.
<to be read again> 
                   \csname\endcsname 
l.61 \maketitle
               
! Missing \endcsname inserted.
<to be read again> 
                   \csname\endcsname 
l.61 \maketitle
               
! Missing \endcsname inserted.
<to be read again> 
                   \MessageBreak 
l.61 \maketitle
               
! Missing \endcsname inserted.
<to be read again> 
                   \csname\endcsname 
l.61 \maketitle
               
! Missing \endcsname inserted.
<to be read again> 
                   \csname\endcsname 
l.61 \maketitle
               
! Missing \endcsname inserted.
<to be read again> 
                   \csname\endcsname 
l.61 \maketitle
               
! Missing \endcsname inserted.
<to be read again> 
                   \MessageBreak 
l.61 \maketitle
               
! Missing \endcsname inserted.
<to be read again> 
                   \csname\endcsname 
l.61 \maketitle
               
! Missing \endcsname inserted.
<to be read again> 
                   \csname\endcsname 
l.61 \maketitle
               
! Missing \endcsname inserted.
<to be read again> 
                   \csname\endcsname 
l.61 \maketitle
               
! Missing \endcsname inserted.
<to be read again> 
                   \MessageBreak 
l.61 \maketitle
               
(That makes 100 errors; please try again.)
!  ==> Fatal error occurred, no output PDF file produced!
Transcript written on /diff_test_tex_engines/docker_bin_2/version_compiled_pdf_
2020/2306.05750/2306.05750_tl2020.log.
Latexmk: Examining '/diff_test_tex_engines/docker_bin_2/version_compiled_pdf_2020/2306.05750/2306.05750_tl2020.log'
=== TeX engine is 'pdfTeX'
Latexmk: Errors, so I did not complete making targets
Set environment variable BIBINPUTS='/diff_test_tex_engines/docker_bin_2/version_compiled_pdf_2020/2306.05750:'
Set environment variable TEXINPUTS='/diff_test_tex_engines/docker_bin_2/version_compiled_pdf_2020/2306.05750:'
Latexmk: applying rule 'pdflatex'...
This is pdfTeX, Version 3.14159265-2.6-1.40.21 (TeX Live 2020) (preloaded format=pdflatex)
 restricted \write18 enabled.
entering extended mode
(./2306.05750
LaTeX2e <2020-10-01> patch level 4
L3 programming layer <2021-02-18>
(/usr/local/texlive/2020/texmf-dist/tex/latex/base/article.cls
Document Class: article 2020/04/10 v1.4m Standard LaTeX document class
(/usr/local/texlive/2020/texmf-dist/tex/latex/base/size10.clo))
(/usr/local/texlive/2020/texmf-dist/tex/latex/amsmath/amsmath.sty
For additional information on amsmath, use the `?' option.
(/usr/local/texlive/2020/texmf-dist/tex/latex/amsmath/amstext.sty
(/usr/local/texlive/2020/texmf-dist/tex/latex/amsmath/amsgen.sty))
(/usr/local/texlive/2020/texmf-dist/tex/latex/amsmath/amsbsy.sty)
(/usr/local/texlive/2020/texmf-dist/tex/latex/amsmath/amsopn.sty))
(/usr/local/texlive/2020/texmf-dist/tex/latex/amsfonts/amssymb.sty
(/usr/local/texlive/2020/texmf-dist/tex/latex/amsfonts/amsfonts.sty))
(/usr/local/texlive/2020/texmf-dist/tex/latex/graphics/color.sty
(/usr/local/texlive/2020/texmf-dist/tex/latex/graphics-cfg/color.cfg)
(/usr/local/texlive/2020/texmf-dist/tex/latex/graphics-def/pdftex.def))
(/usr/local/texlive/2020/texmf-dist/tex/latex/url/url.sty)
(/usr/local/texlive/2020/texmf-dist/tex/latex/amscls/amsthm.sty)
(/usr/local/texlive/2020/texmf-dist/tex/latex/multirow/multirow.sty)
(/usr/local/texlive/2020/texmf-dist/tex/latex/graphics/graphicx.sty
(/usr/local/texlive/2020/texmf-dist/tex/latex/graphics/keyval.sty)
(/usr/local/texlive/2020/texmf-dist/tex/latex/graphics/graphics.sty
(/usr/local/texlive/2020/texmf-dist/tex/latex/graphics/trig.sty)
(/usr/local/texlive/2020/texmf-dist/tex/latex/graphics-cfg/graphics.cfg)
(/usr/local/texlive/2020/texmf-dist/tex/latex/graphics-def/dvipdfmx.def)))
(/usr/local/texlive/2020/texmf-dist/tex/latex/pgf/frontendlayer/tikz.sty
(/usr/local/texlive/2020/texmf-dist/tex/latex/pgf/basiclayer/pgf.sty
(/usr/local/texlive/2020/texmf-dist/tex/latex/pgf/utilities/pgfrcs.sty
(/usr/local/texlive/2020/texmf-dist/tex/generic/pgf/utilities/pgfutil-common.te
x
(/usr/local/texlive/2020/texmf-dist/tex/generic/pgf/utilities/pgfutil-common-li
sts.tex))
(/usr/local/texlive/2020/texmf-dist/tex/generic/pgf/utilities/pgfutil-latex.def
) (/usr/local/texlive/2020/texmf-dist/tex/generic/pgf/utilities/pgfrcs.code.tex
(/usr/local/texlive/2020/texmf-dist/tex/generic/pgf/pgf.revision.tex)))
(/usr/local/texlive/2020/texmf-dist/tex/latex/pgf/basiclayer/pgfcore.sty
(/usr/local/texlive/2020/texmf-dist/tex/latex/pgf/systemlayer/pgfsys.sty
(/usr/local/texlive/2020/texmf-dist/tex/generic/pgf/systemlayer/pgfsys.code.tex
(/usr/local/texlive/2020/texmf-dist/tex/generic/pgf/utilities/pgfkeys.code.tex
(/usr/local/texlive/2020/texmf-dist/tex/generic/pgf/utilities/pgfkeysfiltered.c
ode.tex))
(/usr/local/texlive/2020/texmf-dist/tex/generic/pgf/systemlayer/pgf.cfg)
(/usr/local/texlive/2020/texmf-dist/tex/generic/pgf/systemlayer/pgfsys-dvipdfmx
.def
(/usr/local/texlive/2020/texmf-dist/tex/generic/pgf/systemlayer/pgfsys-common-p
df.def)))
(/usr/local/texlive/2020/texmf-dist/tex/generic/pgf/systemlayer/pgfsyssoftpath.
code.tex)
(/usr/local/texlive/2020/texmf-dist/tex/generic/pgf/systemlayer/pgfsysprotocol.
code.tex)) (/usr/local/texlive/2020/texmf-dist/tex/latex/xcolor/xcolor.sty
(/usr/local/texlive/2020/texmf-dist/tex/latex/graphics-cfg/color.cfg))
(/usr/local/texlive/2020/texmf-dist/tex/generic/pgf/basiclayer/pgfcore.code.tex
(/usr/local/texlive/2020/texmf-dist/tex/generic/pgf/math/pgfmath.code.tex
(/usr/local/texlive/2020/texmf-dist/tex/generic/pgf/math/pgfmathcalc.code.tex
(/usr/local/texlive/2020/texmf-dist/tex/generic/pgf/math/pgfmathutil.code.tex)
(/usr/local/texlive/2020/texmf-dist/tex/generic/pgf/math/pgfmathparser.code.tex
)
(/usr/local/texlive/2020/texmf-dist/tex/generic/pgf/math/pgfmathfunctions.code.
tex
(/usr/local/texlive/2020/texmf-dist/tex/generic/pgf/math/pgfmathfunctions.basic
.code.tex)
(/usr/local/texlive/2020/texmf-dist/tex/generic/pgf/math/pgfmathfunctions.trigo
nometric.code.tex)
(/usr/local/texlive/2020/texmf-dist/tex/generic/pgf/math/pgfmathfunctions.rando
m.code.tex)
(/usr/local/texlive/2020/texmf-dist/tex/generic/pgf/math/pgfmathfunctions.compa
rison.code.tex)
(/usr/local/texlive/2020/texmf-dist/tex/generic/pgf/math/pgfmathfunctions.base.
code.tex)
(/usr/local/texlive/2020/texmf-dist/tex/generic/pgf/math/pgfmathfunctions.round
.code.tex)
(/usr/local/texlive/2020/texmf-dist/tex/generic/pgf/math/pgfmathfunctions.misc.
code.tex)
(/usr/local/texlive/2020/texmf-dist/tex/generic/pgf/math/pgfmathfunctions.integ
erarithmetics.code.tex)))
(/usr/local/texlive/2020/texmf-dist/tex/generic/pgf/math/pgfmathfloat.code.tex)
) (/usr/local/texlive/2020/texmf-dist/tex/generic/pgf/math/pgfint.code.tex)
(/usr/local/texlive/2020/texmf-dist/tex/generic/pgf/basiclayer/pgfcorepoints.co
de.tex)
(/usr/local/texlive/2020/texmf-dist/tex/generic/pgf/basiclayer/pgfcorepathconst
ruct.code.tex)
(/usr/local/texlive/2020/texmf-dist/tex/generic/pgf/basiclayer/pgfcorepathusage
.code.tex)
(/usr/local/texlive/2020/texmf-dist/tex/generic/pgf/basiclayer/pgfcorescopes.co
de.tex)
(/usr/local/texlive/2020/texmf-dist/tex/generic/pgf/basiclayer/pgfcoregraphicst
ate.code.tex)
(/usr/local/texlive/2020/texmf-dist/tex/generic/pgf/basiclayer/pgfcoretransform
ations.code.tex)
(/usr/local/texlive/2020/texmf-dist/tex/generic/pgf/basiclayer/pgfcorequick.cod
e.tex)
(/usr/local/texlive/2020/texmf-dist/tex/generic/pgf/basiclayer/pgfcoreobjects.c
ode.tex)
(/usr/local/texlive/2020/texmf-dist/tex/generic/pgf/basiclayer/pgfcorepathproce
ssing.code.tex)
(/usr/local/texlive/2020/texmf-dist/tex/generic/pgf/basiclayer/pgfcorearrows.co
de.tex)
(/usr/local/texlive/2020/texmf-dist/tex/generic/pgf/basiclayer/pgfcoreshade.cod
e.tex)
(/usr/local/texlive/2020/texmf-dist/tex/generic/pgf/basiclayer/pgfcoreimage.cod
e.tex
(/usr/local/texlive/2020/texmf-dist/tex/generic/pgf/basiclayer/pgfcoreexternal.
code.tex))
(/usr/local/texlive/2020/texmf-dist/tex/generic/pgf/basiclayer/pgfcorelayers.co
de.tex)
(/usr/local/texlive/2020/texmf-dist/tex/generic/pgf/basiclayer/pgfcoretranspare
ncy.code.tex)
(/usr/local/texlive/2020/texmf-dist/tex/generic/pgf/basiclayer/pgfcorepatterns.
code.tex)
(/usr/local/texlive/2020/texmf-dist/tex/generic/pgf/basiclayer/pgfcorerdf.code.
tex)))
(/usr/local/texlive/2020/texmf-dist/tex/generic/pgf/modules/pgfmoduleshapes.cod
e.tex)
(/usr/local/texlive/2020/texmf-dist/tex/generic/pgf/modules/pgfmoduleplot.code.
tex)
(/usr/local/texlive/2020/texmf-dist/tex/latex/pgf/compatibility/pgfcomp-version
-0-65.sty)
(/usr/local/texlive/2020/texmf-dist/tex/latex/pgf/compatibility/pgfcomp-version
-1-18.sty))
(/usr/local/texlive/2020/texmf-dist/tex/latex/pgf/utilities/pgffor.sty
(/usr/local/texlive/2020/texmf-dist/tex/latex/pgf/utilities/pgfkeys.sty
(/usr/local/texlive/2020/texmf-dist/tex/generic/pgf/utilities/pgfkeys.code.tex)
) (/usr/local/texlive/2020/texmf-dist/tex/latex/pgf/math/pgfmath.sty
(/usr/local/texlive/2020/texmf-dist/tex/generic/pgf/math/pgfmath.code.tex))
(/usr/local/texlive/2020/texmf-dist/tex/generic/pgf/utilities/pgffor.code.tex
(/usr/local/texlive/2020/texmf-dist/tex/generic/pgf/math/pgfmath.code.tex)))
(/usr/local/texlive/2020/texmf-dist/tex/generic/pgf/frontendlayer/tikz/tikz.cod
e.tex
(/usr/local/texlive/2020/texmf-dist/tex/generic/pgf/libraries/pgflibraryplothan
dlers.code.tex)
(/usr/local/texlive/2020/texmf-dist/tex/generic/pgf/modules/pgfmodulematrix.cod
e.tex)
(/usr/local/texlive/2020/texmf-dist/tex/generic/pgf/frontendlayer/tikz/librarie
s/tikzlibrarytopaths.code.tex)))
(/usr/local/texlive/2020/texmf-dist/tex/generic/pgf/frontendlayer/tikz/librarie
s/tikzlibrarypositioning.code.tex)
(/usr/local/texlive/2020/texmf-dist/tex/generic/pgf/frontendlayer/tikz/librarie
s/tikzlibraryintersections.code.tex
(/usr/local/texlive/2020/texmf-dist/tex/generic/pgf/libraries/pgflibraryinterse
ctions.code.tex
(/usr/local/texlive/2020/texmf-dist/tex/generic/pgf/libraries/pgflibraryfpu.cod
e.tex)))
(/usr/local/texlive/2020/texmf-dist/tex/generic/pgf/frontendlayer/tikz/librarie
s/tikzlibrarycalc.code.tex)
(/usr/local/texlive/2020/texmf-dist/tex/generic/pgf/libraries/pgflibraryarrows.
meta.code.tex)
(/usr/local/texlive/2020/texmf-dist/tex/generic/pgf/frontendlayer/tikz/librarie
s/tikzlibrarymath.code.tex
(/usr/local/texlive/2020/texmf-dist/tex/generic/pgf/frontendlayer/tikz/librarie
s/tikzlibraryfpu.code.tex))
(/usr/local/texlive/2020/texmf-dist/tex/latex/ascmac/ascmac.sty
(/usr/local/texlive/2020/texmf-dist/tex/latex/ascmac/tascmac.sty))
(/usr/local/texlive/2020/texmf-dist/tex/latex/l3backend/l3backend-pdftex.def)
(/diff_test_tex_engines/docker_bin_2/version_compiled_pdf_2020/2306.05750/2306.
05750_tl2020.aux)
(/usr/local/texlive/2020/texmf-dist/tex/context/base/mkii/supp-pdf.mkii
[Loading MPS to PDF converter (version 2006.09.02).]
) (/usr/local/texlive/2020/texmf-dist/tex/latex/epstopdf-pkg/epstopdf-base.sty
(/usr/local/texlive/2020/texmf-dist/tex/latex/latexconfig/epstopdf-sys.cfg))
(/usr/local/texlive/2020/texmf-dist/tex/latex/amsfonts/umsa.fd)
(/usr/local/texlive/2020/texmf-dist/tex/latex/amsfonts/umsb.fd)
! Use of \@xfootnotemark doesn't match its definition.
\new@ifnextchar ...served@d = #1\def \reserved@a {
                                                  #2}\def \reserved@b {#3}\f...
l.61 \maketitle
               
! Use of \@xfootnotemark doesn't match its definition.
<argument> \def \reserved@a *
                             {\@xtabularcr }\reserved@a 
l.61 \maketitle
               
! Use of \@xfootnotemark doesn't match its definition.
\@ifnextchar ... \reserved@d =#1\def \reserved@a {
                                                  #2}\def \reserved@b {#3}\f...
l.61 \maketitle
               
! Use of \@argtabularcr doesn't match its definition.
\@ifnextchar ...eserved@d =#1\def \reserved@a {#2}
                                                  \def \reserved@b {#3}\futu...
l.61 \maketitle
               
! Missing \endcsname inserted.
<to be read again> 
                   \csname\endcsname 
l.61 \maketitle
               
! Missing \endcsname inserted.
<to be read again> 
                   \csname\endcsname 
l.61 \maketitle
               
! Missing \endcsname inserted.
<to be read again> 
                   \csname\endcsname 
l.61 \maketitle
               
! Missing \endcsname inserted.
<to be read again> 
                   \MessageBreak 
l.61 \maketitle
               
! Missing \endcsname inserted.
<to be read again> 
                   \csname\endcsname 
l.61 \maketitle
               
! Missing \endcsname inserted.
<to be read again> 
                   \csname\endcsname 
l.61 \maketitle
               
! Missing \endcsname inserted.
<to be read again> 
                   \csname\endcsname 
l.61 \maketitle
               
! Missing \endcsname inserted.
<to be read again> 
                   \MessageBreak 
l.61 \maketitle
               
! Missing \endcsname inserted.
<to be read again> 
                   \csname\endcsname 
l.61 \maketitle
               
! Missing \endcsname inserted.
<to be read again> 
                   \csname\endcsname 
l.61 \maketitle
               
! Missing \endcsname inserted.
<to be read again> 
                   \csname\endcsname 
l.61 \maketitle
               
! Missing \endcsname inserted.
<to be read again> 
                   \MessageBreak 
l.61 \maketitle
               
! Missing \endcsname inserted.
<to be read again> 
                   \csname\endcsname 
l.61 \maketitle
               
! Missing \endcsname inserted.
<to be read again> 
                   \csname\endcsname 
l.61 \maketitle
               
! Missing \endcsname inserted.
<to be read again> 
                   \csname\endcsname 
l.61 \maketitle
               
! Missing \endcsname inserted.
<to be read again> 
                   \MessageBreak 
l.61 \maketitle
               
! Missing \endcsname inserted.
<to be read again> 
                   \csname\endcsname 
l.61 \maketitle
               
! Missing \endcsname inserted.
<to be read again> 
                   \csname\endcsname 
l.61 \maketitle
               
! Missing \endcsname inserted.
<to be read again> 
                   \csname\endcsname 
l.61 \maketitle
               
! Missing \endcsname inserted.
<to be read again> 
                   \MessageBreak 
l.61 \maketitle
               
! Missing \endcsname inserted.
<to be read again> 
                   \csname\endcsname 
l.61 \maketitle
               
! Missing \endcsname inserted.
<to be read again> 
                   \csname\endcsname 
l.61 \maketitle
               
! Missing \endcsname inserted.
<to be read again> 
                   \csname\endcsname 
l.61 \maketitle
               
! Missing \endcsname inserted.
<to be read again> 
                   \MessageBreak 
l.61 \maketitle
               
! Missing \endcsname inserted.
<to be read again> 
                   \csname\endcsname 
l.61 \maketitle
               
! Missing \endcsname inserted.
<to be read again> 
                   \csname\endcsname 
l.61 \maketitle
               
! Missing \endcsname inserted.
<to be read again> 
                   \csname\endcsname 
l.61 \maketitle
               
! Missing \endcsname inserted.
<to be read again> 
                   \MessageBreak 
l.61 \maketitle
               
! Missing \endcsname inserted.
<to be read again> 
                   \csname\endcsname 
l.61 \maketitle
               
! Missing \endcsname inserted.
<to be read again> 
                   \csname\endcsname 
l.61 \maketitle
               
! Missing \endcsname inserted.
<to be read again> 
                   \csname\endcsname 
l.61 \maketitle
               
! Missing \endcsname inserted.
<to be read again> 
                   \MessageBreak 
l.61 \maketitle
               
! Missing \endcsname inserted.
<to be read again> 
                   \csname\endcsname 
l.61 \maketitle
               
! Missing \endcsname inserted.
<to be read again> 
                   \csname\endcsname 
l.61 \maketitle
               
! Missing \endcsname inserted.
<to be read again> 
                   \csname\endcsname 
l.61 \maketitle
               
! Missing \endcsname inserted.
<to be read again> 
                   \MessageBreak 
l.61 \maketitle
               
! Missing \endcsname inserted.
<to be read again> 
                   \csname\endcsname 
l.61 \maketitle
               
! Missing \endcsname inserted.
<to be read again> 
                   \csname\endcsname 
l.61 \maketitle
               
! Missing \endcsname inserted.
<to be read again> 
                   \csname\endcsname 
l.61 \maketitle
               
! Missing \endcsname inserted.
<to be read again> 
                   \MessageBreak 
l.61 \maketitle
               
! Missing \endcsname inserted.
<to be read again> 
                   \csname\endcsname 
l.61 \maketitle
               
! Missing \endcsname inserted.
<to be read again> 
                   \csname\endcsname 
l.61 \maketitle
               
! Missing \endcsname inserted.
<to be read again> 
                   \csname\endcsname 
l.61 \maketitle
               
! Missing \endcsname inserted.
<to be read again> 
                   \MessageBreak 
l.61 \maketitle
               
! Missing \endcsname inserted.
<to be read again> 
                   \csname\endcsname 
l.61 \maketitle
               
! Missing \endcsname inserted.
<to be read again> 
                   \csname\endcsname 
l.61 \maketitle
               
! Missing \endcsname inserted.
<to be read again> 
                   \csname\endcsname 
l.61 \maketitle
               
! Missing \endcsname inserted.
<to be read again> 
                   \MessageBreak 
l.61 \maketitle
               
! Missing \endcsname inserted.
<to be read again> 
                   \csname\endcsname 
l.61 \maketitle
               
! Missing \endcsname inserted.
<to be read again> 
                   \csname\endcsname 
l.61 \maketitle
               
! Missing \endcsname inserted.
<to be read again> 
                   \csname\endcsname 
l.61 \maketitle
               
! Missing \endcsname inserted.
<to be read again> 
                   \MessageBreak 
l.61 \maketitle
               
! Missing \endcsname inserted.
<to be read again> 
                   \csname\endcsname 
l.61 \maketitle
               
! Missing \endcsname inserted.
<to be read again> 
                   \csname\endcsname 
l.61 \maketitle
               
! Missing \endcsname inserted.
<to be read again> 
                   \csname\endcsname 
l.61 \maketitle
               
! Missing \endcsname inserted.
<to be read again> 
                   \MessageBreak 
l.61 \maketitle
               
! Missing \endcsname inserted.
<to be read again> 
                   \csname\endcsname 
l.61 \maketitle
               
! Missing \endcsname inserted.
<to be read again> 
                   \csname\endcsname 
l.61 \maketitle
               
! Missing \endcsname inserted.
<to be read again> 
                   \csname\endcsname 
l.61 \maketitle
               
! Missing \endcsname inserted.
<to be read again> 
                   \MessageBreak 
l.61 \maketitle
               
! Missing \endcsname inserted.
<to be read again> 
                   \csname\endcsname 
l.61 \maketitle
               
! Missing \endcsname inserted.
<to be read again> 
                   \csname\endcsname 
l.61 \maketitle
               
! Missing \endcsname inserted.
<to be read again> 
                   \csname\endcsname 
l.61 \maketitle
               
! Missing \endcsname inserted.
<to be read again> 
                   \MessageBreak 
l.61 \maketitle
               
! Missing \endcsname inserted.
<to be read again> 
                   \csname\endcsname 
l.61 \maketitle
               
! Missing \endcsname inserted.
<to be read again> 
                   \csname\endcsname 
l.61 \maketitle
               
! Missing \endcsname inserted.
<to be read again> 
                   \csname\endcsname 
l.61 \maketitle
               
! Missing \endcsname inserted.
<to be read again> 
                   \MessageBreak 
l.61 \maketitle
               
! Missing \endcsname inserted.
<to be read again> 
                   \csname\endcsname 
l.61 \maketitle
               
! Missing \endcsname inserted.
<to be read again> 
                   \csname\endcsname 
l.61 \maketitle
               
! Missing \endcsname inserted.
<to be read again> 
                   \csname\endcsname 
l.61 \maketitle
               
! Missing \endcsname inserted.
<to be read again> 
                   \MessageBreak 
l.61 \maketitle
               
! Missing \endcsname inserted.
<to be read again> 
                   \csname\endcsname 
l.61 \maketitle
               
! Missing \endcsname inserted.
<to be read again> 
                   \csname\endcsname 
l.61 \maketitle
               
! Missing \endcsname inserted.
<to be read again> 
                   \csname\endcsname 
l.61 \maketitle
               
! Missing \endcsname inserted.
<to be read again> 
                   \MessageBreak 
l.61 \maketitle
               
! Missing \endcsname inserted.
<to be read again> 
                   \csname\endcsname 
l.61 \maketitle
               
! Missing \endcsname inserted.
<to be read again> 
                   \csname\endcsname 
l.61 \maketitle
               
! Missing \endcsname inserted.
<to be read again> 
                   \csname\endcsname 
l.61 \maketitle
               
! Missing \endcsname inserted.
<to be read again> 
                   \MessageBreak 
l.61 \maketitle
               
! Missing \endcsname inserted.
<to be read again> 
                   \csname\endcsname 
l.61 \maketitle
               
! Missing \endcsname inserted.
<to be read again> 
                   \csname\endcsname 
l.61 \maketitle
               
! Missing \endcsname inserted.
<to be read again> 
                   \csname\endcsname 
l.61 \maketitle
               
! Missing \endcsname inserted.
<to be read again> 
                   \MessageBreak 
l.61 \maketitle
               
! Missing \endcsname inserted.
<to be read again> 
                   \csname\endcsname 
l.61 \maketitle
               
! Missing \endcsname inserted.
<to be read again> 
                   \csname\endcsname 
l.61 \maketitle
               
! Missing \endcsname inserted.
<to be read again> 
                   \csname\endcsname 
l.61 \maketitle
               
! Missing \endcsname inserted.
<to be read again> 
                   \MessageBreak 
l.61 \maketitle
               
! Missing \endcsname inserted.
<to be read again> 
                   \csname\endcsname 
l.61 \maketitle
               
! Missing \endcsname inserted.
<to be read again> 
                   \csname\endcsname 
l.61 \maketitle
               
! Missing \endcsname inserted.
<to be read again> 
                   \csname\endcsname 
l.61 \maketitle
               
! Missing \endcsname inserted.
<to be read again> 
                   \MessageBreak 
l.61 \maketitle
               
! Missing \endcsname inserted.
<to be read again> 
                   \csname\endcsname 
l.61 \maketitle
               
! Missing \endcsname inserted.
<to be read again> 
                   \csname\endcsname 
l.61 \maketitle
               
! Missing \endcsname inserted.
<to be read again> 
                   \csname\endcsname 
l.61 \maketitle
               
! Missing \endcsname inserted.
<to be read again> 
                   \MessageBreak 
l.61 \maketitle
               
(That makes 100 errors; please try again.)
!  ==> Fatal error occurred, no output PDF file produced!
Transcript written on /diff_test_tex_engines/docker_bin_2/version_compiled_pdf_
2020/2306.05750/2306.05750_tl2020.log.
Latexmk: Examining '/diff_test_tex_engines/docker_bin_2/version_compiled_pdf_2020/2306.05750/2306.05750_tl2020.log'
=== TeX engine is 'pdfTeX'
Latexmk: Errors, so I did not complete making targets
