Rc files read:
  NONE
Latexmk: This is Latexmk, John Collins, 7 Jan. 2023. Version 4.79.
No existing .aux file, so I'll make a simple one, and require run of *latex.
Latexmk: applying rule 'pdflatex'...
Rule 'pdflatex':  Reasons for rerun
Category 'other':
  Rerun of 'pdflatex' forced or previously required

------------
Run number 1 of rule 'pdflatex'
------------
------------
Running 'pdflatex  -interaction=nonstopmode -recorder --jobname="2306.05750_tl2022" -output-directory="/diff_test_tex_engines/docker_bin_2/version_compiled_pdf/2306.05750"  "2306.05750"'
------------
This is pdfTeX, Version 3.141592653-2.6-1.40.24 (TeX Live 2022) (preloaded format=pdflatex)
 restricted \write18 enabled.
entering extended mode
(./2306.05750
LaTeX2e <2022-11-01> patch level 1
L3 programming layer <2023-02-22>
(/usr/local/texlive/2022/texmf-dist/tex/latex/base/article.cls
Document Class: article 2022/07/02 v1.4n Standard LaTeX document class
(/usr/local/texlive/2022/texmf-dist/tex/latex/base/size10.clo))
(/usr/local/texlive/2022/texmf-dist/tex/latex/amsmath/amsmath.sty
For additional information on amsmath, use the `?' option.
(/usr/local/texlive/2022/texmf-dist/tex/latex/amsmath/amstext.sty
(/usr/local/texlive/2022/texmf-dist/tex/latex/amsmath/amsgen.sty))
(/usr/local/texlive/2022/texmf-dist/tex/latex/amsmath/amsbsy.sty)
(/usr/local/texlive/2022/texmf-dist/tex/latex/amsmath/amsopn.sty))
(/usr/local/texlive/2022/texmf-dist/tex/latex/amsfonts/amssymb.sty
(/usr/local/texlive/2022/texmf-dist/tex/latex/amsfonts/amsfonts.sty))
(/usr/local/texlive/2022/texmf-dist/tex/latex/graphics/color.sty
(/usr/local/texlive/2022/texmf-dist/tex/latex/graphics-cfg/color.cfg)
(/usr/local/texlive/2022/texmf-dist/tex/latex/graphics-def/pdftex.def)
(/usr/local/texlive/2022/texmf-dist/tex/latex/graphics/mathcolor.ltx))
(/usr/local/texlive/2022/texmf-dist/tex/latex/url/url.sty)
(/usr/local/texlive/2022/texmf-dist/tex/latex/amscls/amsthm.sty)
(/usr/local/texlive/2022/texmf-dist/tex/latex/multirow/multirow.sty)
(/usr/local/texlive/2022/texmf-dist/tex/latex/graphics/graphicx.sty
(/usr/local/texlive/2022/texmf-dist/tex/latex/graphics/keyval.sty)
(/usr/local/texlive/2022/texmf-dist/tex/latex/graphics/graphics.sty
(/usr/local/texlive/2022/texmf-dist/tex/latex/graphics/trig.sty)
(/usr/local/texlive/2022/texmf-dist/tex/latex/graphics-cfg/graphics.cfg)
(/usr/local/texlive/2022/texmf-dist/tex/latex/graphics-def/dvipdfmx.def)))
(/usr/local/texlive/2022/texmf-dist/tex/latex/pgf/frontendlayer/tikz.sty
(/usr/local/texlive/2022/texmf-dist/tex/latex/pgf/basiclayer/pgf.sty
(/usr/local/texlive/2022/texmf-dist/tex/latex/pgf/utilities/pgfrcs.sty
(/usr/local/texlive/2022/texmf-dist/tex/generic/pgf/utilities/pgfutil-common.te
x)
(/usr/local/texlive/2022/texmf-dist/tex/generic/pgf/utilities/pgfutil-latex.def
) (/usr/local/texlive/2022/texmf-dist/tex/generic/pgf/utilities/pgfrcs.code.tex
(/usr/local/texlive/2022/texmf-dist/tex/generic/pgf/pgf.revision.tex)))
(/usr/local/texlive/2022/texmf-dist/tex/latex/pgf/basiclayer/pgfcore.sty
(/usr/local/texlive/2022/texmf-dist/tex/latex/pgf/systemlayer/pgfsys.sty
(/usr/local/texlive/2022/texmf-dist/tex/generic/pgf/systemlayer/pgfsys.code.tex
(/usr/local/texlive/2022/texmf-dist/tex/generic/pgf/utilities/pgfkeys.code.tex
(/usr/local/texlive/2022/texmf-dist/tex/generic/pgf/utilities/pgfkeyslibraryfil
tered.code.tex))
(/usr/local/texlive/2022/texmf-dist/tex/generic/pgf/systemlayer/pgf.cfg)
(/usr/local/texlive/2022/texmf-dist/tex/generic/pgf/systemlayer/pgfsys-dvipdfmx
.def
(/usr/local/texlive/2022/texmf-dist/tex/generic/pgf/systemlayer/pgfsys-common-p
df.def)))
(/usr/local/texlive/2022/texmf-dist/tex/generic/pgf/systemlayer/pgfsyssoftpath.
code.tex)
(/usr/local/texlive/2022/texmf-dist/tex/generic/pgf/systemlayer/pgfsysprotocol.
code.tex)) (/usr/local/texlive/2022/texmf-dist/tex/latex/xcolor/xcolor.sty
(/usr/local/texlive/2022/texmf-dist/tex/latex/graphics-cfg/color.cfg)
(/usr/local/texlive/2022/texmf-dist/tex/latex/graphics/mathcolor.ltx))
(/usr/local/texlive/2022/texmf-dist/tex/generic/pgf/basiclayer/pgfcore.code.tex
(/usr/local/texlive/2022/texmf-dist/tex/generic/pgf/math/pgfmath.code.tex
(/usr/local/texlive/2022/texmf-dist/tex/generic/pgf/math/pgfmathutil.code.tex)
(/usr/local/texlive/2022/texmf-dist/tex/generic/pgf/math/pgfmathparser.code.tex
)
(/usr/local/texlive/2022/texmf-dist/tex/generic/pgf/math/pgfmathfunctions.code.
tex)
(/usr/local/texlive/2022/texmf-dist/tex/generic/pgf/math/pgfmathfunctions.basic
.code.tex)
(/usr/local/texlive/2022/texmf-dist/tex/generic/pgf/math/pgfmathfunctions.trigo
nometric.code.tex)
(/usr/local/texlive/2022/texmf-dist/tex/generic/pgf/math/pgfmathfunctions.rando
m.code.tex)
(/usr/local/texlive/2022/texmf-dist/tex/generic/pgf/math/pgfmathfunctions.compa
rison.code.tex)
(/usr/local/texlive/2022/texmf-dist/tex/generic/pgf/math/pgfmathfunctions.base.
code.tex)
(/usr/local/texlive/2022/texmf-dist/tex/generic/pgf/math/pgfmathfunctions.round
.code.tex)
(/usr/local/texlive/2022/texmf-dist/tex/generic/pgf/math/pgfmathfunctions.misc.
code.tex)
(/usr/local/texlive/2022/texmf-dist/tex/generic/pgf/math/pgfmathfunctions.integ
erarithmetics.code.tex)
(/usr/local/texlive/2022/texmf-dist/tex/generic/pgf/math/pgfmathcalc.code.tex)
(/usr/local/texlive/2022/texmf-dist/tex/generic/pgf/math/pgfmathfloat.code.tex)
) (/usr/local/texlive/2022/texmf-dist/tex/generic/pgf/math/pgfint.code.tex)
(/usr/local/texlive/2022/texmf-dist/tex/generic/pgf/basiclayer/pgfcorepoints.co
de.tex)
(/usr/local/texlive/2022/texmf-dist/tex/generic/pgf/basiclayer/pgfcorepathconst
ruct.code.tex)
(/usr/local/texlive/2022/texmf-dist/tex/generic/pgf/basiclayer/pgfcorepathusage
.code.tex)
(/usr/local/texlive/2022/texmf-dist/tex/generic/pgf/basiclayer/pgfcorescopes.co
de.tex)
(/usr/local/texlive/2022/texmf-dist/tex/generic/pgf/basiclayer/pgfcoregraphicst
ate.code.tex)
(/usr/local/texlive/2022/texmf-dist/tex/generic/pgf/basiclayer/pgfcoretransform
ations.code.tex)
(/usr/local/texlive/2022/texmf-dist/tex/generic/pgf/basiclayer/pgfcorequick.cod
e.tex)
(/usr/local/texlive/2022/texmf-dist/tex/generic/pgf/basiclayer/pgfcoreobjects.c
ode.tex)
(/usr/local/texlive/2022/texmf-dist/tex/generic/pgf/basiclayer/pgfcorepathproce
ssing.code.tex)
(/usr/local/texlive/2022/texmf-dist/tex/generic/pgf/basiclayer/pgfcorearrows.co
de.tex)
(/usr/local/texlive/2022/texmf-dist/tex/generic/pgf/basiclayer/pgfcoreshade.cod
e.tex)
(/usr/local/texlive/2022/texmf-dist/tex/generic/pgf/basiclayer/pgfcoreimage.cod
e.tex)
(/usr/local/texlive/2022/texmf-dist/tex/generic/pgf/basiclayer/pgfcoreexternal.
code.tex)
(/usr/local/texlive/2022/texmf-dist/tex/generic/pgf/basiclayer/pgfcorelayers.co
de.tex)
(/usr/local/texlive/2022/texmf-dist/tex/generic/pgf/basiclayer/pgfcoretranspare
ncy.code.tex)
(/usr/local/texlive/2022/texmf-dist/tex/generic/pgf/basiclayer/pgfcorepatterns.
code.tex)
(/usr/local/texlive/2022/texmf-dist/tex/generic/pgf/basiclayer/pgfcorerdf.code.
tex)))
(/usr/local/texlive/2022/texmf-dist/tex/generic/pgf/modules/pgfmoduleshapes.cod
e.tex)
(/usr/local/texlive/2022/texmf-dist/tex/generic/pgf/modules/pgfmoduleplot.code.
tex)
(/usr/local/texlive/2022/texmf-dist/tex/latex/pgf/compatibility/pgfcomp-version
-0-65.sty)
(/usr/local/texlive/2022/texmf-dist/tex/latex/pgf/compatibility/pgfcomp-version
-1-18.sty))
(/usr/local/texlive/2022/texmf-dist/tex/latex/pgf/utilities/pgffor.sty
(/usr/local/texlive/2022/texmf-dist/tex/latex/pgf/utilities/pgfkeys.sty
(/usr/local/texlive/2022/texmf-dist/tex/generic/pgf/utilities/pgfkeys.code.tex)
) (/usr/local/texlive/2022/texmf-dist/tex/latex/pgf/math/pgfmath.sty
(/usr/local/texlive/2022/texmf-dist/tex/generic/pgf/math/pgfmath.code.tex))
(/usr/local/texlive/2022/texmf-dist/tex/generic/pgf/utilities/pgffor.code.tex))

(/usr/local/texlive/2022/texmf-dist/tex/generic/pgf/frontendlayer/tikz/tikz.cod
e.tex
(/usr/local/texlive/2022/texmf-dist/tex/generic/pgf/libraries/pgflibraryplothan
dlers.code.tex)
(/usr/local/texlive/2022/texmf-dist/tex/generic/pgf/modules/pgfmodulematrix.cod
e.tex)
(/usr/local/texlive/2022/texmf-dist/tex/generic/pgf/frontendlayer/tikz/librarie
s/tikzlibrarytopaths.code.tex)))
(/usr/local/texlive/2022/texmf-dist/tex/generic/pgf/frontendlayer/tikz/librarie
s/tikzlibrarypositioning.code.tex)
(/usr/local/texlive/2022/texmf-dist/tex/generic/pgf/frontendlayer/tikz/librarie
s/tikzlibraryintersections.code.tex
(/usr/local/texlive/2022/texmf-dist/tex/generic/pgf/libraries/pgflibraryinterse
ctions.code.tex
(/usr/local/texlive/2022/texmf-dist/tex/generic/pgf/libraries/pgflibraryfpu.cod
e.tex)))
(/usr/local/texlive/2022/texmf-dist/tex/generic/pgf/frontendlayer/tikz/librarie
s/tikzlibrarycalc.code.tex)
(/usr/local/texlive/2022/texmf-dist/tex/generic/pgf/libraries/pgflibraryarrows.
meta.code.tex)
(/usr/local/texlive/2022/texmf-dist/tex/generic/pgf/frontendlayer/tikz/librarie
s/tikzlibrarymath.code.tex
(/usr/local/texlive/2022/texmf-dist/tex/generic/pgf/frontendlayer/tikz/librarie
s/tikzlibraryfpu.code.tex))
(/usr/local/texlive/2022/texmf-dist/tex/latex/ascmac/ascmac.sty
(/usr/local/texlive/2022/texmf-dist/tex/latex/ascmac/tascmac.sty))
(/usr/local/texlive/2022/texmf-dist/tex/latex/l3backend/l3backend-pdftex.def)
(/diff_test_tex_engines/docker_bin_2/version_compiled_pdf/2306.05750/2306.05750
_tl2022.aux)
(/usr/local/texlive/2022/texmf-dist/tex/context/base/mkii/supp-pdf.mkii
[Loading MPS to PDF converter (version 2006.09.02).]
) (/usr/local/texlive/2022/texmf-dist/tex/latex/epstopdf-pkg/epstopdf-base.sty
(/usr/local/texlive/2022/texmf-dist/tex/latex/latexconfig/epstopdf-sys.cfg))
(/usr/local/texlive/2022/texmf-dist/tex/latex/amsfonts/umsa.fd)
(/usr/local/texlive/2022/texmf-dist/tex/latex/amsfonts/umsb.fd)

LaTeX Warning: Citation `BNS1' on page 1 undefined on input line 78.


LaTeX Warning: Citation `BNS2' on page 1 undefined on input line 78.


LaTeX Warning: Citation `QDZ' on page 1 undefined on input line 89.


LaTeX Warning: Citation `SP' on page 1 undefined on input line 89.


LaTeX Warning: Citation `SP' on page 1 undefined on input line 90.

[1
Non-PDF special ignored!
<special> papersize=614.295pt,794.96999pt
Non-PDF special ignored!
<special> color push gray 0
Non-PDF special ignored!
<special> color pop
Non-PDF special ignored!
<special> color push gray 0
Non-PDF special ignored!
<special> color push gray 0
Non-PDF special ignored!
<special> color pop
{/usr/local/texlive/2022/texmf-var/fonts/map/pdftex/updmap/pdftex.map}
Non-PDF special ignored!
<special> color push gray 0
Non-PDF special ignored!
<special> color pop
Non-PDF special ignored!
<special> color push gray 0
Non-PDF special ignored!
<special> color pop
Non-PDF special ignored!
<special> color push gray 0
Non-PDF special ignored!
<special> color pop
Non-PDF special ignored!
<special> color push gray 0
Non-PDF special ignored!
<special> color pop
] [2
Non-PDF special ignored!
<special> color push gray 0
Non-PDF special ignored!
<special> color pop
Non-PDF special ignored!
<special> color push gray 0
Non-PDF special ignored!
<special> color pop
]

LaTeX Warning: Citation `AIS-BNS' on page 3 undefined on input line 150.


LaTeX Warning: Citation `NV' on page 3 undefined on input line 150.


LaTeX Warning: Citation `Scho' on page 3 undefined on input line 150.

[3
Non-PDF special ignored!
<special> color push gray 0
Non-PDF special ignored!
<special> color pop
Non-PDF special ignored!
<special> color push gray 0
Non-PDF special ignored!
<special> color pop
]

LaTeX Warning: Reference `eq-ass' on page 4 undefined on input line 194.


LaTeX Warning: Reference `SDE-Z' on page 4 undefined on input line 195.


LaTeX Warning: Citation `AIS-BNS' on page 4 undefined on input line 195.


LaTeX Warning: Reference `SDE-Z' on page 4 undefined on input line 198.


LaTeX Warning: Reference `ass' on page 4 undefined on input line 198.

[4
Non-PDF special ignored!
<special> color push gray 0
Non-PDF special ignored!
<special> color pop
Non-PDF special ignored!
<special> color push gray 0
Non-PDF special ignored!
<special> color pop
Non-PDF special ignored!
<special> color push gray 0
Non-PDF special ignored!
<special> color pop
]

LaTeX Warning: Reference `eq-BNS' on page 5 undefined on input line 245.


LaTeX Warning: Reference `sigma-SDE' on page 5 undefined on input line 251.


LaTeX Warning: Citation `SP' on page 5 undefined on input line 256.


LaTeX Warning: Reference `algo-SP' on page 5 undefined on input line 256.


LaTeX Warning: Reference `eq-Z' on page 5 undefined on input line 266.

[5
Non-PDF special ignored!
<special> color push gray 0
Non-PDF special ignored!
<special> color pop
Non-PDF special ignored!
<special> color push gray 0
Non-PDF special ignored!
<special> color pop
]

LaTeX Warning: Reference `jump-approx' on page 6 undefined on input line 288.


LaTeX Warning: Reference `eq-ass' on page 6 undefined on input line 299.


LaTeX Warning: Reference `eq-C1' on page 6 undefined on input line 301.


LaTeX Warning: Reference `eq-C2' on page 6 undefined on input line 301.


LaTeX Warning: Reference `algo-SP' on page 6 undefined on input line 307.


LaTeX Warning: Citation `QDZ' on page 6 undefined on input line 335.


LaTeX Warning: Reference `eq-nu' on page 6 undefined on input line 335.


LaTeX Warning: Reference `eq-nu*' on page 6 undefined on input line 335.

[6
Non-PDF special ignored!
<special> color push gray 0
Non-PDF special ignored!
<special> color pop
Non-PDF special ignored!
<special> color push gray 0
Non-PDF special ignored!
<special> color pop
Non-PDF special ignored!
<special> color push gray 0
Non-PDF special ignored!
<special> color pop
Non-PDF special ignored!
<special> color push gray 0
Non-PDF special ignored!
<special> color pop
Non-PDF special ignored!
<special> color push gray 0
Non-PDF special ignored!
<special> color pop
Non-PDF special ignored!
<special> color push gray 0
Non-PDF special ignored!
<special> color pop
Non-PDF special ignored!
<special> color push gray 0
Non-PDF special ignored!
<special> color pop
Non-PDF special ignored!
<special> color push gray 0
Non-PDF special ignored!
<special> color pop
Non-PDF special ignored!
<special> color push gray 0
Non-PDF special ignored!
<special> color pop
Non-PDF special ignored!
<special> color push gray 0
Non-PDF special ignored!
<special> color pop
Non-PDF special ignored!
<special> color push gray 0
Non-PDF special ignored!
<special> color pop
Non-PDF special ignored!
<special> color push gray 0
Non-PDF special ignored!
<special> color pop
Non-PDF special ignored!
<special> color push gray 0
Non-PDF special ignored!
<special> color pop
Non-PDF special ignored!
<special> color push gray 0
Non-PDF special ignored!
<special> color pop
Non-PDF special ignored!
<special> color push gray 0
Non-PDF special ignored!
<special> color pop
] [7
Non-PDF special ignored!
<special> color push gray 0
Non-PDF special ignored!
<special> color pop
Non-PDF special ignored!
<special> color push gray 0
Non-PDF special ignored!
<special> color pop
]

LaTeX Warning: Citation `G' on page 8 undefined on input line 383.


LaTeX Warning: Citation `G' on page 8 undefined on input line 416.


LaTeX Warning: Reference `algo2-1' on page 8 undefined on input line 416.

[8
Non-PDF special ignored!
<special> color push gray 0
Non-PDF special ignored!
<special> color pop
Non-PDF special ignored!
<special> color push gray 0
Non-PDF special ignored!
<special> color pop
Non-PDF special ignored!
<special> color push gray 0
Non-PDF special ignored!
<special> color pop
Non-PDF special ignored!
<special> color push gray 0
Non-PDF special ignored!
<special> color pop
Non-PDF special ignored!
<special> color push gray 0
Non-PDF special ignored!
<special> color pop
Non-PDF special ignored!
<special> color push gray 0
Non-PDF special ignored!
<special> color pop
]

LaTeX Warning: Reference `eq-4-2' on page 9 undefined on input line 426.


LaTeX Warning: Reference `algo2-1' on page 9 undefined on input line 432.


LaTeX Warning: Reference `algo2-1' on page 9 undefined on input line 436.


LaTeX Warning: Reference `algo-SP' on page 9 undefined on input line 438.


LaTeX Warning: Reference `eq-BNS*' on page 9 undefined on input line 445.

[9
Non-PDF special ignored!
<special> color push gray 0
Non-PDF special ignored!
<special> color pop
Non-PDF special ignored!
<special> color push gray 0
Non-PDF special ignored!
<special> color pop
Non-PDF special ignored!
<special> color push gray 0
Non-PDF special ignored!
<special> color pop
Non-PDF special ignored!
<special> color push gray 0
Non-PDF special ignored!
<special> color pop
Non-PDF special ignored!
<special> color push gray 0
Non-PDF special ignored!
<special> color pop
Non-PDF special ignored!
<special> color push gray 0
Non-PDF special ignored!
<special> color pop
Non-PDF special ignored!
<special> color push gray 0
Non-PDF special ignored!
<special> color pop
Non-PDF special ignored!
<special> color push gray 0
Non-PDF special ignored!
<special> color pop
Non-PDF special ignored!
<special> color push gray 0
Non-PDF special ignored!
<special> color pop
Non-PDF special ignored!
<special> color push gray 0
Non-PDF special ignored!
<special> color pop
Non-PDF special ignored!
<special> color push gray 0
Non-PDF special ignored!
<special> color pop
Non-PDF special ignored!
<special> color push gray 0
Non-PDF special ignored!
<special> color pop
]

LaTeX Warning: Reference `algo1' on page 10 undefined on input line 464.


LaTeX Warning: Reference `algo2-2' on page 10 undefined on input line 472.


LaTeX Warning: Reference `algo1' on page 10 undefined on input line 488.


LaTeX Warning: Reference `algo2' on page 10 undefined on input line 488.


LaTeX Warning: Citation `NV' on page 10 undefined on input line 489.


LaTeX Warning: Reference `ass' on page 10 undefined on input line 493.


LaTeX Warning: Reference `algo1' on page 10 undefined on input line 503.


LaTeX Warning: Reference `algo2' on page 10 undefined on input line 503.


LaTeX Warning: Reference `algo1' on page 10 undefined on input line 508.


LaTeX Warning: Reference `algo2' on page 10 undefined on input line 508.

[10
Non-PDF special ignored!
<special> color push gray 0
Non-PDF special ignored!
<special> color pop
Non-PDF special ignored!
<special> color push gray 0
Non-PDF special ignored!
<special> color pop
Non-PDF special ignored!
<special> color push gray 0
Non-PDF special ignored!
<special> color pop
Non-PDF special ignored!
<special> color push gray 0
Non-PDF special ignored!
<special> color pop
Non-PDF special ignored!
<special> color push gray 0
Non-PDF special ignored!
<special> color pop
Non-PDF special ignored!
<special> color push gray 0
Non-PDF special ignored!
<special> color pop
Non-PDF special ignored!
<special> color push gray 0
Non-PDF special ignored!
<special> color pop
Non-PDF special ignored!
<special> color push gray 0
Non-PDF special ignored!
<special> color pop
Non-PDF special ignored!
<special> color push gray 0
Non-PDF special ignored!
<special> color pop
Non-PDF special ignored!
<special> color push gray 0
Non-PDF special ignored!
<special> color pop
Non-PDF special ignored!
<special> color push gray 0
Non-PDF special ignored!
<special> color pop
Non-PDF special ignored!
<special> color push gray 0
Non-PDF special ignored!
<special> color pop
]

LaTeX Warning: Reference `table1' on page 11 undefined on input line 514.


LaTeX Warning: Reference `table2' on page 11 undefined on input line 514.


LaTeX Warning: Reference `algo1' on page 11 undefined on input line 514.


LaTeX Warning: Reference `algo2' on page 11 undefined on input line 514.


LaTeX Warning: Reference `table1' on page 11 undefined on input line 515.


LaTeX Warning: Reference `table2' on page 11 undefined on input line 515.


LaTeX Warning: Reference `algo1' on page 11 undefined on input line 533.


LaTeX Warning: Reference `algo2' on page 11 undefined on input line 552.


LaTeX Warning: Reference `algo1' on page 11 undefined on input line 554.


LaTeX Warning: Reference `algo1' on page 11 undefined on input line 556.


LaTeX Warning: Reference `jump-approx' on page 11 undefined on input line 556.


LaTeX Warning: Reference `algo2' on page 11 undefined on input line 559.


LaTeX Warning: Reference `algo1' on page 11 undefined on input line 562.


LaTeX Warning: Reference `algo1' on page 11 undefined on input line 565.


LaTeX Warning: Reference `algo2' on page 11 undefined on input line 565.

[11
Non-PDF special ignored!
<special> color push gray 0
Non-PDF special ignored!
<special> color pop
Non-PDF special ignored!
<special> color push gray 0
Non-PDF special ignored!
<special> color push gray 0
Non-PDF special ignored!
<special> color pop
Non-PDF special ignored!
<special> color push gray 0
Non-PDF special ignored!
<special> color pop
Non-PDF special ignored!
<special> color push gray 0
Non-PDF special ignored!
<special> color pop
Non-PDF special ignored!
<special> color pop
Non-PDF special ignored!
<special> color push gray 0
Non-PDF special ignored!
<special> color pop
]

LaTeX Warning: Reference `algo1' on page 12 undefined on input line 576.


LaTeX Warning: Reference `algo2' on page 12 undefined on input line 576.


LaTeX Warning: Reference `algo2' on page 12 undefined on input line 577.


LaTeX Warning: Citation `SP' on page 12 undefined on input line 593.


LaTeX Warning: Citation `SP' on page 12 undefined on input line 600.

[12
Non-PDF special ignored!
<special> color push gray 0
Non-PDF special ignored!
<special> color pop
Non-PDF special ignored!
<special> color push gray 0
Non-PDF special ignored!
<special> color pop
Non-PDF special ignored!
<special> color push gray 0
Non-PDF special ignored!
<special> color pop
Non-PDF special ignored!
<special> color push gray 0
Non-PDF special ignored!
<special> color pop
Non-PDF special ignored!
<special> color push gray 0
Non-PDF special ignored!
<special> color pop
Non-PDF special ignored!
<special> color push gray 0
Non-PDF special ignored!
<special> color pop
Non-PDF special ignored!
<special> color push gray 0
Non-PDF special ignored!
<special> color pop
]
Underfull \hbox (badness 2027) in paragraph at lines 629--632
[]\OT1/cmr/m/n/10 Barndorff-Nielsen, O. E., & Shep-hard, N. (2001). Non-Gaussia
n
[13
Non-PDF special ignored!
<special> color push gray 0
Non-PDF special ignored!
<special> color pop
Non-PDF special ignored!
<special> color push gray 0
Non-PDF special ignored!
<special> color pop
Non-PDF special ignored!
<special> color push gray 0
Non-PDF special ignored!
<special> color pop
Non-PDF special ignored!
<special> color push gray 0
Non-PDF special ignored!
<special> color pop
Non-PDF special ignored!
<special> color push gray 0
Non-PDF special ignored!
<special> color pop
Non-PDF special ignored!
<special> color push gray 0
Non-PDF special ignored!
<special> color pop
Non-PDF special ignored!
<special> color push gray 0
Non-PDF special ignored!
<special> color pop
Non-PDF special ignored!
<special> color push gray 0
Non-PDF special ignored!
<special> color pop
Non-PDF special ignored!
<special> color push gray 0
Non-PDF special ignored!
<special> color pop
Non-PDF special ignored!
<special> color push gray 0
Non-PDF special ignored!
<special> color pop
Non-PDF special ignored!
<special> color push gray 0
Non-PDF special ignored!
<special> color pop
Non-PDF special ignored!
<special> color push gray 0
Non-PDF special ignored!
<special> color pop
Non-PDF special ignored!
<special> color push gray 0
Non-PDF special ignored!
<special> color pop
Non-PDF special ignored!
<special> color push gray 0
Non-PDF special ignored!
<special> color pop
Non-PDF special ignored!
<special> color push gray 0
Non-PDF special ignored!
<special> color pop
]
(/diff_test_tex_engines/docker_bin_2/version_compiled_pdf/2306.05750/2306.05750
_tl2022.aux)

LaTeX Warning: There were undefined references.


LaTeX Warning: Label(s) may have changed. Rerun to get cross-references right.

 )
(see the transcript file for additional information){/usr/local/texlive/2022/te
xmf-dist/fonts/enc/dvips/cm-super/cm-super-ts1.enc}</usr/local/texlive/2022/tex
mf-dist/fonts/type1/public/amsfonts/cm/cmbx10.pfb></usr/local/texlive/2022/texm
f-dist/fonts/type1/public/amsfonts/cm/cmbx12.pfb></usr/local/texlive/2022/texmf
-dist/fonts/type1/public/amsfonts/cm/cmbx9.pfb></usr/local/texlive/2022/texmf-d
ist/fonts/type1/public/amsfonts/cm/cmex10.pfb></usr/local/texlive/2022/texmf-di
st/fonts/type1/public/amsfonts/cmextra/cmex7.pfb></usr/local/texlive/2022/texmf
-dist/fonts/type1/public/amsfonts/cm/cmmi10.pfb></usr/local/texlive/2022/texmf-
dist/fonts/type1/public/amsfonts/cm/cmmi12.pfb></usr/local/texlive/2022/texmf-d
ist/fonts/type1/public/amsfonts/cm/cmmi5.pfb></usr/local/texlive/2022/texmf-dis
t/fonts/type1/public/amsfonts/cm/cmmi6.pfb></usr/local/texlive/2022/texmf-dist/
fonts/type1/public/amsfonts/cm/cmmi7.pfb></usr/local/texlive/2022/texmf-dist/fo
nts/type1/public/amsfonts/cm/cmmi8.pfb></usr/local/texlive/2022/texmf-dist/font
s/type1/public/amsfonts/cm/cmr10.pfb></usr/local/texlive/2022/texmf-dist/fonts/
type1/public/amsfonts/cm/cmr12.pfb></usr/local/texlive/2022/texmf-dist/fonts/ty
pe1/public/amsfonts/cm/cmr17.pfb></usr/local/texlive/2022/texmf-dist/fonts/type
1/public/amsfonts/cm/cmr5.pfb></usr/local/texlive/2022/texmf-dist/fonts/type1/p
ublic/amsfonts/cm/cmr6.pfb></usr/local/texlive/2022/texmf-dist/fonts/type1/publ
ic/amsfonts/cm/cmr7.pfb></usr/local/texlive/2022/texmf-dist/fonts/type1/public/
amsfonts/cm/cmr8.pfb></usr/local/texlive/2022/texmf-dist/fonts/type1/public/ams
fonts/cm/cmr9.pfb></usr/local/texlive/2022/texmf-dist/fonts/type1/public/amsfon
ts/cm/cmsy10.pfb></usr/local/texlive/2022/texmf-dist/fonts/type1/public/amsfont
s/cm/cmsy5.pfb></usr/local/texlive/2022/texmf-dist/fonts/type1/public/amsfonts/
cm/cmsy6.pfb></usr/local/texlive/2022/texmf-dist/fonts/type1/public/amsfonts/cm
/cmsy7.pfb></usr/local/texlive/2022/texmf-dist/fonts/type1/public/amsfonts/cm/c
mti10.pfb></usr/local/texlive/2022/texmf-dist/fonts/type1/public/amsfonts/symbo
ls/msbm10.pfb></usr/local/texlive/2022/texmf-dist/fonts/type1/public/amsfonts/s
ymbols/msbm7.pfb></usr/local/texlive/2022/texmf-dist/fonts/type1/public/cm-supe
r/sfrm0600.pfb></usr/local/texlive/2022/texmf-dist/fonts/type1/public/cm-super/
sfrm0800.pfb>
Output written on /diff_test_tex_engines/docker_bin_2/version_compiled_pdf/2306
.05750/2306.05750_tl2022.pdf (13 pages, 372537 bytes).
Transcript written on /diff_test_tex_engines/docker_bin_2/version_compiled_pdf/
2306.05750/2306.05750_tl2022.log.
Latexmk: Getting log file '/diff_test_tex_engines/docker_bin_2/version_compiled_pdf/2306.05750/2306.05750_tl2022.log'
Latexmk: Examining '/diff_test_tex_engines/docker_bin_2/version_compiled_pdf/2306.05750/2306.05750_tl2022.fls'
Latexmk: Examining '/diff_test_tex_engines/docker_bin_2/version_compiled_pdf/2306.05750/2306.05750_tl2022.log'
Latexmk: References changed.
Latexmk: Log file says output to '/diff_test_tex_engines/docker_bin_2/version_compiled_pdf/2306.05750/2306.05750_tl2022.pdf'
Latexmk: applying rule 'pdflatex'...
Rule 'pdflatex':  Reasons for rerun
Changed files or newly in use/created:
  /diff_test_tex_engines/docker_bin_2/version_compiled_pdf/2306.05750/2306.05750_tl2022.aux

------------
Run number 2 of rule 'pdflatex'
------------
------------
Running 'pdflatex  -interaction=nonstopmode -recorder --jobname="2306.05750_tl2022" -output-directory="/diff_test_tex_engines/docker_bin_2/version_compiled_pdf/2306.05750"  "2306.05750"'
------------
This is pdfTeX, Version 3.141592653-2.6-1.40.24 (TeX Live 2022) (preloaded format=pdflatex)
 restricted \write18 enabled.
entering extended mode
(./2306.05750
LaTeX2e <2022-11-01> patch level 1
L3 programming layer <2023-02-22>
(/usr/local/texlive/2022/texmf-dist/tex/latex/base/article.cls
Document Class: article 2022/07/02 v1.4n Standard LaTeX document class
(/usr/local/texlive/2022/texmf-dist/tex/latex/base/size10.clo))
(/usr/local/texlive/2022/texmf-dist/tex/latex/amsmath/amsmath.sty
For additional information on amsmath, use the `?' option.
(/usr/local/texlive/2022/texmf-dist/tex/latex/amsmath/amstext.sty
(/usr/local/texlive/2022/texmf-dist/tex/latex/amsmath/amsgen.sty))
(/usr/local/texlive/2022/texmf-dist/tex/latex/amsmath/amsbsy.sty)
(/usr/local/texlive/2022/texmf-dist/tex/latex/amsmath/amsopn.sty))
(/usr/local/texlive/2022/texmf-dist/tex/latex/amsfonts/amssymb.sty
(/usr/local/texlive/2022/texmf-dist/tex/latex/amsfonts/amsfonts.sty))
(/usr/local/texlive/2022/texmf-dist/tex/latex/graphics/color.sty
(/usr/local/texlive/2022/texmf-dist/tex/latex/graphics-cfg/color.cfg)
(/usr/local/texlive/2022/texmf-dist/tex/latex/graphics-def/pdftex.def)
(/usr/local/texlive/2022/texmf-dist/tex/latex/graphics/mathcolor.ltx))
(/usr/local/texlive/2022/texmf-dist/tex/latex/url/url.sty)
(/usr/local/texlive/2022/texmf-dist/tex/latex/amscls/amsthm.sty)
(/usr/local/texlive/2022/texmf-dist/tex/latex/multirow/multirow.sty)
(/usr/local/texlive/2022/texmf-dist/tex/latex/graphics/graphicx.sty
(/usr/local/texlive/2022/texmf-dist/tex/latex/graphics/keyval.sty)
(/usr/local/texlive/2022/texmf-dist/tex/latex/graphics/graphics.sty
(/usr/local/texlive/2022/texmf-dist/tex/latex/graphics/trig.sty)
(/usr/local/texlive/2022/texmf-dist/tex/latex/graphics-cfg/graphics.cfg)
(/usr/local/texlive/2022/texmf-dist/tex/latex/graphics-def/dvipdfmx.def)))
(/usr/local/texlive/2022/texmf-dist/tex/latex/pgf/frontendlayer/tikz.sty
(/usr/local/texlive/2022/texmf-dist/tex/latex/pgf/basiclayer/pgf.sty
(/usr/local/texlive/2022/texmf-dist/tex/latex/pgf/utilities/pgfrcs.sty
(/usr/local/texlive/2022/texmf-dist/tex/generic/pgf/utilities/pgfutil-common.te
x)
(/usr/local/texlive/2022/texmf-dist/tex/generic/pgf/utilities/pgfutil-latex.def
) (/usr/local/texlive/2022/texmf-dist/tex/generic/pgf/utilities/pgfrcs.code.tex
(/usr/local/texlive/2022/texmf-dist/tex/generic/pgf/pgf.revision.tex)))
(/usr/local/texlive/2022/texmf-dist/tex/latex/pgf/basiclayer/pgfcore.sty
(/usr/local/texlive/2022/texmf-dist/tex/latex/pgf/systemlayer/pgfsys.sty
(/usr/local/texlive/2022/texmf-dist/tex/generic/pgf/systemlayer/pgfsys.code.tex
(/usr/local/texlive/2022/texmf-dist/tex/generic/pgf/utilities/pgfkeys.code.tex
(/usr/local/texlive/2022/texmf-dist/tex/generic/pgf/utilities/pgfkeyslibraryfil
tered.code.tex))
(/usr/local/texlive/2022/texmf-dist/tex/generic/pgf/systemlayer/pgf.cfg)
(/usr/local/texlive/2022/texmf-dist/tex/generic/pgf/systemlayer/pgfsys-dvipdfmx
.def
(/usr/local/texlive/2022/texmf-dist/tex/generic/pgf/systemlayer/pgfsys-common-p
df.def)))
(/usr/local/texlive/2022/texmf-dist/tex/generic/pgf/systemlayer/pgfsyssoftpath.
code.tex)
(/usr/local/texlive/2022/texmf-dist/tex/generic/pgf/systemlayer/pgfsysprotocol.
code.tex)) (/usr/local/texlive/2022/texmf-dist/tex/latex/xcolor/xcolor.sty
(/usr/local/texlive/2022/texmf-dist/tex/latex/graphics-cfg/color.cfg)
(/usr/local/texlive/2022/texmf-dist/tex/latex/graphics/mathcolor.ltx))
(/usr/local/texlive/2022/texmf-dist/tex/generic/pgf/basiclayer/pgfcore.code.tex
(/usr/local/texlive/2022/texmf-dist/tex/generic/pgf/math/pgfmath.code.tex
(/usr/local/texlive/2022/texmf-dist/tex/generic/pgf/math/pgfmathutil.code.tex)
(/usr/local/texlive/2022/texmf-dist/tex/generic/pgf/math/pgfmathparser.code.tex
)
(/usr/local/texlive/2022/texmf-dist/tex/generic/pgf/math/pgfmathfunctions.code.
tex)
(/usr/local/texlive/2022/texmf-dist/tex/generic/pgf/math/pgfmathfunctions.basic
.code.tex)
(/usr/local/texlive/2022/texmf-dist/tex/generic/pgf/math/pgfmathfunctions.trigo
nometric.code.tex)
(/usr/local/texlive/2022/texmf-dist/tex/generic/pgf/math/pgfmathfunctions.rando
m.code.tex)
(/usr/local/texlive/2022/texmf-dist/tex/generic/pgf/math/pgfmathfunctions.compa
rison.code.tex)
(/usr/local/texlive/2022/texmf-dist/tex/generic/pgf/math/pgfmathfunctions.base.
code.tex)
(/usr/local/texlive/2022/texmf-dist/tex/generic/pgf/math/pgfmathfunctions.round
.code.tex)
(/usr/local/texlive/2022/texmf-dist/tex/generic/pgf/math/pgfmathfunctions.misc.
code.tex)
(/usr/local/texlive/2022/texmf-dist/tex/generic/pgf/math/pgfmathfunctions.integ
erarithmetics.code.tex)
(/usr/local/texlive/2022/texmf-dist/tex/generic/pgf/math/pgfmathcalc.code.tex)
(/usr/local/texlive/2022/texmf-dist/tex/generic/pgf/math/pgfmathfloat.code.tex)
) (/usr/local/texlive/2022/texmf-dist/tex/generic/pgf/math/pgfint.code.tex)
(/usr/local/texlive/2022/texmf-dist/tex/generic/pgf/basiclayer/pgfcorepoints.co
de.tex)
(/usr/local/texlive/2022/texmf-dist/tex/generic/pgf/basiclayer/pgfcorepathconst
ruct.code.tex)
(/usr/local/texlive/2022/texmf-dist/tex/generic/pgf/basiclayer/pgfcorepathusage
.code.tex)
(/usr/local/texlive/2022/texmf-dist/tex/generic/pgf/basiclayer/pgfcorescopes.co
de.tex)
(/usr/local/texlive/2022/texmf-dist/tex/generic/pgf/basiclayer/pgfcoregraphicst
ate.code.tex)
(/usr/local/texlive/2022/texmf-dist/tex/generic/pgf/basiclayer/pgfcoretransform
ations.code.tex)
(/usr/local/texlive/2022/texmf-dist/tex/generic/pgf/basiclayer/pgfcorequick.cod
e.tex)
(/usr/local/texlive/2022/texmf-dist/tex/generic/pgf/basiclayer/pgfcoreobjects.c
ode.tex)
(/usr/local/texlive/2022/texmf-dist/tex/generic/pgf/basiclayer/pgfcorepathproce
ssing.code.tex)
(/usr/local/texlive/2022/texmf-dist/tex/generic/pgf/basiclayer/pgfcorearrows.co
de.tex)
(/usr/local/texlive/2022/texmf-dist/tex/generic/pgf/basiclayer/pgfcoreshade.cod
e.tex)
(/usr/local/texlive/2022/texmf-dist/tex/generic/pgf/basiclayer/pgfcoreimage.cod
e.tex)
(/usr/local/texlive/2022/texmf-dist/tex/generic/pgf/basiclayer/pgfcoreexternal.
code.tex)
(/usr/local/texlive/2022/texmf-dist/tex/generic/pgf/basiclayer/pgfcorelayers.co
de.tex)
(/usr/local/texlive/2022/texmf-dist/tex/generic/pgf/basiclayer/pgfcoretranspare
ncy.code.tex)
(/usr/local/texlive/2022/texmf-dist/tex/generic/pgf/basiclayer/pgfcorepatterns.
code.tex)
(/usr/local/texlive/2022/texmf-dist/tex/generic/pgf/basiclayer/pgfcorerdf.code.
tex)))
(/usr/local/texlive/2022/texmf-dist/tex/generic/pgf/modules/pgfmoduleshapes.cod
e.tex)
(/usr/local/texlive/2022/texmf-dist/tex/generic/pgf/modules/pgfmoduleplot.code.
tex)
(/usr/local/texlive/2022/texmf-dist/tex/latex/pgf/compatibility/pgfcomp-version
-0-65.sty)
(/usr/local/texlive/2022/texmf-dist/tex/latex/pgf/compatibility/pgfcomp-version
-1-18.sty))
(/usr/local/texlive/2022/texmf-dist/tex/latex/pgf/utilities/pgffor.sty
(/usr/local/texlive/2022/texmf-dist/tex/latex/pgf/utilities/pgfkeys.sty
(/usr/local/texlive/2022/texmf-dist/tex/generic/pgf/utilities/pgfkeys.code.tex)
) (/usr/local/texlive/2022/texmf-dist/tex/latex/pgf/math/pgfmath.sty
(/usr/local/texlive/2022/texmf-dist/tex/generic/pgf/math/pgfmath.code.tex))
(/usr/local/texlive/2022/texmf-dist/tex/generic/pgf/utilities/pgffor.code.tex))

(/usr/local/texlive/2022/texmf-dist/tex/generic/pgf/frontendlayer/tikz/tikz.cod
e.tex
(/usr/local/texlive/2022/texmf-dist/tex/generic/pgf/libraries/pgflibraryplothan
dlers.code.tex)
(/usr/local/texlive/2022/texmf-dist/tex/generic/pgf/modules/pgfmodulematrix.cod
e.tex)
(/usr/local/texlive/2022/texmf-dist/tex/generic/pgf/frontendlayer/tikz/librarie
s/tikzlibrarytopaths.code.tex)))
(/usr/local/texlive/2022/texmf-dist/tex/generic/pgf/frontendlayer/tikz/librarie
s/tikzlibrarypositioning.code.tex)
(/usr/local/texlive/2022/texmf-dist/tex/generic/pgf/frontendlayer/tikz/librarie
s/tikzlibraryintersections.code.tex
(/usr/local/texlive/2022/texmf-dist/tex/generic/pgf/libraries/pgflibraryinterse
ctions.code.tex
(/usr/local/texlive/2022/texmf-dist/tex/generic/pgf/libraries/pgflibraryfpu.cod
e.tex)))
(/usr/local/texlive/2022/texmf-dist/tex/generic/pgf/frontendlayer/tikz/librarie
s/tikzlibrarycalc.code.tex)
(/usr/local/texlive/2022/texmf-dist/tex/generic/pgf/libraries/pgflibraryarrows.
meta.code.tex)
(/usr/local/texlive/2022/texmf-dist/tex/generic/pgf/frontendlayer/tikz/librarie
s/tikzlibrarymath.code.tex
(/usr/local/texlive/2022/texmf-dist/tex/generic/pgf/frontendlayer/tikz/librarie
s/tikzlibraryfpu.code.tex))
(/usr/local/texlive/2022/texmf-dist/tex/latex/ascmac/ascmac.sty
(/usr/local/texlive/2022/texmf-dist/tex/latex/ascmac/tascmac.sty))
(/usr/local/texlive/2022/texmf-dist/tex/latex/l3backend/l3backend-pdftex.def)
(/diff_test_tex_engines/docker_bin_2/version_compiled_pdf/2306.05750/2306.05750
_tl2022.aux)
(/usr/local/texlive/2022/texmf-dist/tex/context/base/mkii/supp-pdf.mkii
[Loading MPS to PDF converter (version 2006.09.02).]
) (/usr/local/texlive/2022/texmf-dist/tex/latex/epstopdf-pkg/epstopdf-base.sty
(/usr/local/texlive/2022/texmf-dist/tex/latex/latexconfig/epstopdf-sys.cfg))
(/usr/local/texlive/2022/texmf-dist/tex/latex/amsfonts/umsa.fd)
(/usr/local/texlive/2022/texmf-dist/tex/latex/amsfonts/umsb.fd) [1
Non-PDF special ignored!
<special> papersize=614.295pt,794.96999pt
Non-PDF special ignored!
<special> color push gray 0
Non-PDF special ignored!
<special> color pop
Non-PDF special ignored!
<special> color push gray 0
Non-PDF special ignored!
<special> color push gray 0
Non-PDF special ignored!
<special> color pop
{/usr/local/texlive/2022/texmf-var/fonts/map/pdftex/updmap/pdftex.map}
Non-PDF special ignored!
<special> color push gray 0
Non-PDF special ignored!
<special> color pop
Non-PDF special ignored!
<special> color push gray 0
Non-PDF special ignored!
<special> color pop
Non-PDF special ignored!
<special> color push gray 0
Non-PDF special ignored!
<special> color pop
Non-PDF special ignored!
<special> color push gray 0
Non-PDF special ignored!
<special> color pop
] [2
Non-PDF special ignored!
<special> color push gray 0
Non-PDF special ignored!
<special> color pop
Non-PDF special ignored!
<special> color push gray 0
Non-PDF special ignored!
<special> color pop
] [3
Non-PDF special ignored!
<special> color push gray 0
Non-PDF special ignored!
<special> color pop
Non-PDF special ignored!
<special> color push gray 0
Non-PDF special ignored!
<special> color pop
] [4
Non-PDF special ignored!
<special> color push gray 0
Non-PDF special ignored!
<special> color pop
Non-PDF special ignored!
<special> color push gray 0
Non-PDF special ignored!
<special> color pop
Non-PDF special ignored!
<special> color push gray 0
Non-PDF special ignored!
<special> color pop
] [5
Non-PDF special ignored!
<special> color push gray 0
Non-PDF special ignored!
<special> color pop
Non-PDF special ignored!
<special> color push gray 0
Non-PDF special ignored!
<special> color pop
] [6
Non-PDF special ignored!
<special> color push gray 0
Non-PDF special ignored!
<special> color pop
Non-PDF special ignored!
<special> color push gray 0
Non-PDF special ignored!
<special> color pop
Non-PDF special ignored!
<special> color push gray 0
Non-PDF special ignored!
<special> color pop
Non-PDF special ignored!
<special> color push gray 0
Non-PDF special ignored!
<special> color pop
Non-PDF special ignored!
<special> color push gray 0
Non-PDF special ignored!
<special> color pop
Non-PDF special ignored!
<special> color push gray 0
Non-PDF special ignored!
<special> color pop
Non-PDF special ignored!
<special> color push gray 0
Non-PDF special ignored!
<special> color pop
Non-PDF special ignored!
<special> color push gray 0
Non-PDF special ignored!
<special> color pop
Non-PDF special ignored!
<special> color push gray 0
Non-PDF special ignored!
<special> color pop
Non-PDF special ignored!
<special> color push gray 0
Non-PDF special ignored!
<special> color pop
Non-PDF special ignored!
<special> color push gray 0
Non-PDF special ignored!
<special> color pop
Non-PDF special ignored!
<special> color push gray 0
Non-PDF special ignored!
<special> color pop
Non-PDF special ignored!
<special> color push gray 0
Non-PDF special ignored!
<special> color pop
Non-PDF special ignored!
<special> color push gray 0
Non-PDF special ignored!
<special> color pop
Non-PDF special ignored!
<special> color push gray 0
Non-PDF special ignored!
<special> color pop
] [7
Non-PDF special ignored!
<special> color push gray 0
Non-PDF special ignored!
<special> color pop
Non-PDF special ignored!
<special> color push gray 0
Non-PDF special ignored!
<special> color pop
] [8
Non-PDF special ignored!
<special> color push gray 0
Non-PDF special ignored!
<special> color pop
Non-PDF special ignored!
<special> color push gray 0
Non-PDF special ignored!
<special> color pop
Non-PDF special ignored!
<special> color push gray 0
Non-PDF special ignored!
<special> color pop
Non-PDF special ignored!
<special> color push gray 0
Non-PDF special ignored!
<special> color pop
Non-PDF special ignored!
<special> color push gray 0
Non-PDF special ignored!
<special> color pop
Non-PDF special ignored!
<special> color push gray 0
Non-PDF special ignored!
<special> color pop
] [9
Non-PDF special ignored!
<special> color push gray 0
Non-PDF special ignored!
<special> color pop
Non-PDF special ignored!
<special> color push gray 0
Non-PDF special ignored!
<special> color pop
Non-PDF special ignored!
<special> color push gray 0
Non-PDF special ignored!
<special> color pop
Non-PDF special ignored!
<special> color push gray 0
Non-PDF special ignored!
<special> color pop
Non-PDF special ignored!
<special> color push gray 0
Non-PDF special ignored!
<special> color pop
Non-PDF special ignored!
<special> color push gray 0
Non-PDF special ignored!
<special> color pop
Non-PDF special ignored!
<special> color push gray 0
Non-PDF special ignored!
<special> color pop
Non-PDF special ignored!
<special> color push gray 0
Non-PDF special ignored!
<special> color pop
Non-PDF special ignored!
<special> color push gray 0
Non-PDF special ignored!
<special> color pop
Non-PDF special ignored!
<special> color push gray 0
Non-PDF special ignored!
<special> color pop
Non-PDF special ignored!
<special> color push gray 0
Non-PDF special ignored!
<special> color pop
Non-PDF special ignored!
<special> color push gray 0
Non-PDF special ignored!
<special> color pop
] [10
Non-PDF special ignored!
<special> color push gray 0
Non-PDF special ignored!
<special> color pop
Non-PDF special ignored!
<special> color push gray 0
Non-PDF special ignored!
<special> color pop
Non-PDF special ignored!
<special> color push gray 0
Non-PDF special ignored!
<special> color pop
Non-PDF special ignored!
<special> color push gray 0
Non-PDF special ignored!
<special> color pop
Non-PDF special ignored!
<special> color push gray 0
Non-PDF special ignored!
<special> color pop
Non-PDF special ignored!
<special> color push gray 0
Non-PDF special ignored!
<special> color pop
Non-PDF special ignored!
<special> color push gray 0
Non-PDF special ignored!
<special> color pop
Non-PDF special ignored!
<special> color push gray 0
Non-PDF special ignored!
<special> color pop
Non-PDF special ignored!
<special> color push gray 0
Non-PDF special ignored!
<special> color pop
Non-PDF special ignored!
<special> color push gray 0
Non-PDF special ignored!
<special> color pop
Non-PDF special ignored!
<special> color push gray 0
Non-PDF special ignored!
<special> color pop
Non-PDF special ignored!
<special> color push gray 0
Non-PDF special ignored!
<special> color pop
] [11
Non-PDF special ignored!
<special> color push gray 0
Non-PDF special ignored!
<special> color pop
Non-PDF special ignored!
<special> color push gray 0
Non-PDF special ignored!
<special> color push gray 0
Non-PDF special ignored!
<special> color pop
Non-PDF special ignored!
<special> color push gray 0
Non-PDF special ignored!
<special> color pop
Non-PDF special ignored!
<special> color push gray 0
Non-PDF special ignored!
<special> color pop
Non-PDF special ignored!
<special> color pop
Non-PDF special ignored!
<special> color push gray 0
Non-PDF special ignored!
<special> color pop
] [12
Non-PDF special ignored!
<special> color push gray 0
Non-PDF special ignored!
<special> color pop
Non-PDF special ignored!
<special> color push gray 0
Non-PDF special ignored!
<special> color pop
Non-PDF special ignored!
<special> color push gray 0
Non-PDF special ignored!
<special> color pop
Non-PDF special ignored!
<special> color push gray 0
Non-PDF special ignored!
<special> color pop
Non-PDF special ignored!
<special> color push gray 0
Non-PDF special ignored!
<special> color pop
Non-PDF special ignored!
<special> color push gray 0
Non-PDF special ignored!
<special> color pop
Non-PDF special ignored!
<special> color push gray 0
Non-PDF special ignored!
<special> color pop
]
Underfull \hbox (badness 2027) in paragraph at lines 629--632
[]\OT1/cmr/m/n/10 Barndorff-Nielsen, O. E., & Shep-hard, N. (2001). Non-Gaussia
n
[13
Non-PDF special ignored!
<special> color push gray 0
Non-PDF special ignored!
<special> color pop
Non-PDF special ignored!
<special> color push gray 0
Non-PDF special ignored!
<special> color pop
Non-PDF special ignored!
<special> color push gray 0
Non-PDF special ignored!
<special> color pop
Non-PDF special ignored!
<special> color push gray 0
Non-PDF special ignored!
<special> color pop
Non-PDF special ignored!
<special> color push gray 0
Non-PDF special ignored!
<special> color pop
Non-PDF special ignored!
<special> color push gray 0
Non-PDF special ignored!
<special> color pop
Non-PDF special ignored!
<special> color push gray 0
Non-PDF special ignored!
<special> color pop
Non-PDF special ignored!
<special> color push gray 0
Non-PDF special ignored!
<special> color pop
Non-PDF special ignored!
<special> color push gray 0
Non-PDF special ignored!
<special> color pop
Non-PDF special ignored!
<special> color push gray 0
Non-PDF special ignored!
<special> color pop
Non-PDF special ignored!
<special> color push gray 0
Non-PDF special ignored!
<special> color pop
Non-PDF special ignored!
<special> color push gray 0
Non-PDF special ignored!
<special> color pop
Non-PDF special ignored!
<special> color push gray 0
Non-PDF special ignored!
<special> color pop
Non-PDF special ignored!
<special> color push gray 0
Non-PDF special ignored!
<special> color pop
Non-PDF special ignored!
<special> color push gray 0
Non-PDF special ignored!
<special> color pop
]
(/diff_test_tex_engines/docker_bin_2/version_compiled_pdf/2306.05750/2306.05750
_tl2022.aux) )
(see the transcript file for additional information){/usr/local/texlive/2022/te
xmf-dist/fonts/enc/dvips/cm-super/cm-super-ts1.enc}</usr/local/texlive/2022/tex
mf-dist/fonts/type1/public/amsfonts/cm/cmbx10.pfb></usr/local/texlive/2022/texm
f-dist/fonts/type1/public/amsfonts/cm/cmbx12.pfb></usr/local/texlive/2022/texmf
-dist/fonts/type1/public/amsfonts/cm/cmbx9.pfb></usr/local/texlive/2022/texmf-d
ist/fonts/type1/public/amsfonts/cm/cmex10.pfb></usr/local/texlive/2022/texmf-di
st/fonts/type1/public/amsfonts/cmextra/cmex7.pfb></usr/local/texlive/2022/texmf
-dist/fonts/type1/public/amsfonts/cm/cmmi10.pfb></usr/local/texlive/2022/texmf-
dist/fonts/type1/public/amsfonts/cm/cmmi12.pfb></usr/local/texlive/2022/texmf-d
ist/fonts/type1/public/amsfonts/cm/cmmi5.pfb></usr/local/texlive/2022/texmf-dis
t/fonts/type1/public/amsfonts/cm/cmmi6.pfb></usr/local/texlive/2022/texmf-dist/
fonts/type1/public/amsfonts/cm/cmmi7.pfb></usr/local/texlive/2022/texmf-dist/fo
nts/type1/public/amsfonts/cm/cmmi8.pfb></usr/local/texlive/2022/texmf-dist/font
s/type1/public/amsfonts/cm/cmr10.pfb></usr/local/texlive/2022/texmf-dist/fonts/
type1/public/amsfonts/cm/cmr12.pfb></usr/local/texlive/2022/texmf-dist/fonts/ty
pe1/public/amsfonts/cm/cmr17.pfb></usr/local/texlive/2022/texmf-dist/fonts/type
1/public/amsfonts/cm/cmr5.pfb></usr/local/texlive/2022/texmf-dist/fonts/type1/p
ublic/amsfonts/cm/cmr6.pfb></usr/local/texlive/2022/texmf-dist/fonts/type1/publ
ic/amsfonts/cm/cmr7.pfb></usr/local/texlive/2022/texmf-dist/fonts/type1/public/
amsfonts/cm/cmr8.pfb></usr/local/texlive/2022/texmf-dist/fonts/type1/public/ams
fonts/cm/cmr9.pfb></usr/local/texlive/2022/texmf-dist/fonts/type1/public/amsfon
ts/cm/cmsy10.pfb></usr/local/texlive/2022/texmf-dist/fonts/type1/public/amsfont
s/cm/cmsy5.pfb></usr/local/texlive/2022/texmf-dist/fonts/type1/public/amsfonts/
cm/cmsy6.pfb></usr/local/texlive/2022/texmf-dist/fonts/type1/public/amsfonts/cm
/cmsy7.pfb></usr/local/texlive/2022/texmf-dist/fonts/type1/public/amsfonts/cm/c
mti10.pfb></usr/local/texlive/2022/texmf-dist/fonts/type1/public/amsfonts/symbo
ls/msbm10.pfb></usr/local/texlive/2022/texmf-dist/fonts/type1/public/amsfonts/s
ymbols/msbm7.pfb></usr/local/texlive/2022/texmf-dist/fonts/type1/public/cm-supe
r/sfrm0600.pfb></usr/local/texlive/2022/texmf-dist/fonts/type1/public/cm-super/
sfrm0800.pfb>
Output written on /diff_test_tex_engines/docker_bin_2/version_compiled_pdf/2306
.05750/2306.05750_tl2022.pdf (13 pages, 371736 bytes).
Transcript written on /diff_test_tex_engines/docker_bin_2/version_compiled_pdf/
2306.05750/2306.05750_tl2022.log.
Latexmk: Getting log file '/diff_test_tex_engines/docker_bin_2/version_compiled_pdf/2306.05750/2306.05750_tl2022.log'
Latexmk: Examining '/diff_test_tex_engines/docker_bin_2/version_compiled_pdf/2306.05750/2306.05750_tl2022.fls'
Latexmk: Examining '/diff_test_tex_engines/docker_bin_2/version_compiled_pdf/2306.05750/2306.05750_tl2022.log'
Latexmk: Log file says output to '/diff_test_tex_engines/docker_bin_2/version_compiled_pdf/2306.05750/2306.05750_tl2022.pdf'
Latexmk: All targets () are up-to-date

Rc files read:
  NONE
Latexmk: This is Latexmk, John Collins, 7 Jan. 2023. Version 4.79.
Latexmk: Nothing to do for '2306.05750'.
Latexmk: All targets () are up-to-date

