This is pdfTeX, Version 3.141592653-2.6-1.40.23 (TeX Live 2021) (preloaded format=pdflatex 2023.4.22)  13 MAR 2024 07:51
entering extended mode
 restricted \write18 enabled.
 %&-line parsing enabled.
**Doublereplica.tex
(./Doublereplica.tex
LaTeX2e <2021-11-15> patch level 1
L3 programming layer <2022-02-24>
(/usr/local/texlive/2021/texmf-dist/tex/latex/revtex/revtex4-2.cls
Document Class: revtex4-2 2020/10/03 4.2e (https://journals.aps.org/revtex/ for
 documentation)
 Copyright (c) 2019 American Physical Society.
 mailto:revtex@aps.org
 Licensed under the LPPL:
http://www.ctan.org/tex-archive/macros/latex/base/lppl.txt
 Arthur Ogawa <arthur_ogawa at sbcglobal dot net>
 Based on work by David Carlisle <david at dcarlisle.demon.co.uk>
 Version (4.2d,4.2e): Modified by Mark Doyle and Phelype Oleinik
 .
ltxutil[2020/10/03 4.2e utilities package (portions licensed from W. E. Baxter 
web at superscript.com)]
LaTeX Info: Redefining \@centercr on input line 356.
Class revtex4-2 Info: Repairing hyperref-unfriendly LaTeX definition of \mpfoot
note on input line 481.
Class revtex4-2 Info: Repairing broken LateX \@sect on input line 803.
\intertabularlinepenalty=\count185
\@tbpen=\count186
\@arstrutbox@hline=\box50
Class revtex4-2 Info: Repairing broken LaTeX \@xbitor on input line 1834.
Class revtex4-2 Info: Making \typeout \long on input line 2099.
ltxfront[2020/10/03 4.2e frontmatter package (AO,DPC,MD)]
\c@affil=\count187
\c@collab=\count188
\absbox=\box51
ltxgrid[2020/10/03 4.2e page grid package (portions licensed from W. E. Baxter 
web at superscript.com)]
\c@linecount=\count189
\output@latex=\toks16
\box@size@1=\box52
\box@size@2=\box53
\@protection@box=\box54
\@topmark@saved=\toks17
\footins@saved=\box55
\footins@recovered=\box56
\column@recovered=\box57
\pagesofar=\box58
\footsofar=\box59
\pagegrid@col=\count190
Class revtex4-2 Info: Overriding \@vspace, \@vspacer, \@no@pgbk, \@newline, and
 \\  on input line 5665.
\c@part=\count191
\c@section=\count192
\c@subsection=\count193
\c@subsubsection=\count194
\c@paragraph=\count195
\c@subparagraph=\count196
\abovecaptionskip=\skip47
\belowcaptionskip=\skip48
\c@figure=\count197
\fbox@1=\box60
\c@table=\count198
\fbox@2=\box61
\c@video=\count199
\fbox@4=\box62
\@bibdataout=\write3
\widetext@top=\box63
\widetext@bot=\box64

Class revtex4-2 Warning: No Society specified, using default society aps.

(/usr/local/texlive/2021/texmf-dist/tex/latex/revtex/aps4-2.rtx
File: aps4-2 2020/10/03 4.2e (https://journals.aps.org/revtex/ for documentatio
n)
Class revtex4-2 Info: RevTeX society APS selected on input line 40.
)
Class revtex4-2 Info: Selecting journal prl on input line 7660.
Class revtex4-2 Info: APS journal PRL selected on input line 7661.

(/usr/local/texlive/2021/texmf-dist/tex/latex/revtex/aps10pt4-2.rtx
File: aps10pt4-2 2020/10/03 4.2e (https://journals.aps.org/revtex/ for document
ation)
Class revtex4-2 Info: RevTeX pointsize 10pt selected on input line 39.
)
(/usr/local/texlive/2021/texmf-dist/tex/latex/textcase/textcase.sty
Package: textcase 2019/09/14 v1.00 Text only upper/lower case changing (DPC)
)
(/usr/local/texlive/2021/texmf-dist/tex/latex/amsfonts/amssymb.sty
Package: amssymb 2013/01/14 v3.01 AMS font symbols

(/usr/local/texlive/2021/texmf-dist/tex/latex/amsfonts/amsfonts.sty
Package: amsfonts 2013/01/14 v3.01 Basic AMSFonts support
\@emptytoks=\toks18
\symAMSa=\mathgroup4
\symAMSb=\mathgroup5
LaTeX Font Info:    Redeclaring math symbol \hbar on input line 98.
LaTeX Font Info:    Overwriting math alphabet `\mathfrak' in version `bold'
(Font)                  U/euf/m/n --> U/euf/b/n on input line 106.
))
(/usr/local/texlive/2021/texmf-dist/tex/latex/amsmath/amsmath.sty
Package: amsmath 2021/10/15 v2.17l AMS math features
\@mathmargin=\skip49

For additional information on amsmath, use the `?' option.
(/usr/local/texlive/2021/texmf-dist/tex/latex/amsmath/amstext.sty
Package: amstext 2021/08/26 v2.01 AMS text

(/usr/local/texlive/2021/texmf-dist/tex/latex/amsmath/amsgen.sty
File: amsgen.sty 1999/11/30 v2.0 generic functions
\@emptytoks=\toks19
\ex@=\dimen138
)
LaTeX Info: Redefining \text on input line 28.
)
(/usr/local/texlive/2021/texmf-dist/tex/latex/amsmath/amsbsy.sty
Package: amsbsy 1999/11/29 v1.2d Bold Symbols
\pmbraise@=\dimen139
)
(/usr/local/texlive/2021/texmf-dist/tex/latex/amsmath/amsopn.sty
Package: amsopn 2021/08/26 v2.02 operator names
)
\inf@bad=\count266
LaTeX Info: Redefining \frac on input line 234.
\uproot@=\count267
\leftroot@=\count268
LaTeX Info: Redefining \overline on input line 399.
\classnum@=\count269
\DOTSCASE@=\count270
LaTeX Info: Redefining \ldots on input line 496.
LaTeX Info: Redefining \dots on input line 499.
LaTeX Info: Redefining \cdots on input line 620.
\Mathstrutbox@=\box65
\strutbox@=\box66
\big@size=\dimen140
LaTeX Font Info:    Redeclaring font encoding OML on input line 743.
LaTeX Font Info:    Redeclaring font encoding OMS on input line 744.
\macc@depth=\count271
\c@MaxMatrixCols=\count272
\dotsspace@=\muskip16
\c@parentequation=\count273
\dspbrk@lvl=\count274
\tag@help=\toks20
\row@=\count275
\column@=\count276
\maxfields@=\count277
\andhelp@=\toks21
\eqnshift@=\dimen141
\alignsep@=\dimen142
\tagshift@=\dimen143
\tagwidth@=\dimen144
\totwidth@=\dimen145
\lineht@=\dimen146
\@envbody=\toks22
\multlinegap=\skip50
\multlinetaggap=\skip51
\mathdisplay@stack=\toks23
LaTeX Info: Redefining \[ on input line 2938.
LaTeX Info: Redefining \] on input line 2939.
)
(/usr/local/texlive/2021/texmf-dist/tex/latex/url/url.sty
\Urlmuskip=\muskip17
Package: url 2013/09/16  ver 3.4  Verb mode for urls, etc.
)
(/usr/local/texlive/2021/texmf-dist/tex/latex/natbib/natbib.sty
Package: natbib 2010/09/13 8.31b (PWD, AO)
\bibhang=\skip52
\bibsep=\skip53
LaTeX Info: Redefining \cite on input line 694.
\c@NAT@ctr=\count278
)
Class revtex4-2 Info: Repairing natbib's \BibitemShut on input line 7665.

(/usr/local/texlive/2021/texmf-dist/tex/latex/revtex/revsymb4-2.sty
Package: revsymb4-2 2020/10/03 4.2e (https://journals.aps.org/revtex/ for docum
entation)
LaTeX Info: Redefining \frak on input line 104.
LaTeX Info: Redefining \Bbb on input line 120.
LaTeX Info: Redefining \REV@mathfrak on input line 128.
))
(/usr/local/texlive/2021/texmf-dist/tex/latex/oberdiek/centernot.sty
Package: centernot 2016/05/16 v1.4 Centers the not symbol horizontally (HO)
)
(/usr/local/texlive/2021/texmf-dist/tex/latex/graphics/graphicx.sty
Package: graphicx 2021/09/16 v1.2d Enhanced LaTeX Graphics (DPC,SPQR)

(/usr/local/texlive/2021/texmf-dist/tex/latex/graphics/keyval.sty
Package: keyval 2014/10/28 v1.15 key=value parser (DPC)
\KV@toks@=\toks24
)
(/usr/local/texlive/2021/texmf-dist/tex/latex/graphics/graphics.sty
Package: graphics 2021/03/04 v1.4d Standard LaTeX Graphics (DPC,SPQR)

(/usr/local/texlive/2021/texmf-dist/tex/latex/graphics/trig.sty
Package: trig 2021/08/11 v1.11 sin cos tan (DPC)
)
(/usr/local/texlive/2021/texmf-dist/tex/latex/graphics-cfg/graphics.cfg
File: graphics.cfg 2016/06/04 v1.11 sample graphics configuration
)
Package graphics Info: Driver file: pdftex.def on input line 107.

(/usr/local/texlive/2021/texmf-dist/tex/latex/graphics-def/pdftex.def
File: pdftex.def 2020/10/05 v1.2a Graphics/color driver for pdftex
))
\Gin@req@height=\dimen147
\Gin@req@width=\dimen148
)
(/usr/local/texlive/2021/texmf-dist/tex/latex/tools/dcolumn.sty
Package: dcolumn 2014/10/28 v1.06 decimal alignment package (DPC)

(/usr/local/texlive/2021/texmf-dist/tex/latex/tools/array.sty
Package: array 2021/10/04 v2.5f Tabular extension package (FMi)
\col@sep=\dimen149
\ar@mcellbox=\box67
\extrarowheight=\dimen150
\NC@list=\toks25
\extratabsurround=\skip54
\backup@length=\skip55
\ar@cellbox=\box68
))
(/usr/local/texlive/2021/texmf-dist/tex/latex/tools/bm.sty
Package: bm 2021/04/25 v1.2e Bold Symbol Support (DPC/FMi)
\symboldoperators=\mathgroup6
\symboldletters=\mathgroup7
\symboldsymbols=\mathgroup8
Package bm Info: No bold for \OMX/cmex/m/n, using \pmb.
Package bm Info: No bold for \U/msa/m/n, using \pmb.
Package bm Info: No bold for \U/msb/m/n, using \pmb.
LaTeX Font Info:    Redeclaring math alphabet \mathbf on input line 149.
LaTeX Info: Redefining \bm on input line 218.
)
(/usr/local/texlive/2021/texmf-dist/tex/latex/xcolor/xcolor.sty
Package: xcolor 2021/10/31 v2.13 LaTeX color extensions (UK)

(/usr/local/texlive/2021/texmf-dist/tex/latex/graphics-cfg/color.cfg
File: color.cfg 2016/01/02 v1.6 sample color configuration
)
Package xcolor Info: Driver file: pdftex.def on input line 227.
Package xcolor Info: Model `cmy' substituted by `cmy0' on input line 1352.
Package xcolor Info: Model `hsb' substituted by `rgb' on input line 1356.
Package xcolor Info: Model `RGB' extended on input line 1368.
Package xcolor Info: Model `HTML' substituted by `rgb' on input line 1370.
Package xcolor Info: Model `Hsb' substituted by `hsb' on input line 1371.
Package xcolor Info: Model `tHsb' substituted by `hsb' on input line 1372.
Package xcolor Info: Model `HSB' substituted by `hsb' on input line 1373.
Package xcolor Info: Model `Gray' substituted by `gray' on input line 1374.
Package xcolor Info: Model `wave' substituted by `hsb' on input line 1375.

(/usr/local/texlive/2021/texmf-dist/tex/latex/graphics/dvipsnam.def
File: dvipsnam.def 2016/06/17 v3.0m Driver-dependent file (DPC,SPQR)
))
Class revtex4-2 Info: Unrecognized array package. Please update this document c
lass! (Proceeding with fingers crossed.) on input line 60.
Class revtex4-2 Info: cite was not loaded (OK!) on input line 60.
Class revtex4-2 Info: mcite was not loaded (OK!) on input line 60.
Class revtex4-2 Info: multicol was not loaded (OK!) on input line 60.

(/usr/local/texlive/2021/texmf-dist/tex/latex/l3backend/l3backend-pdftex.def
File: l3backend-pdftex.def 2022-02-07 L3 backend support: PDF output (pdfTeX)
\l__color_backend_stack_int=\count279
\l__pdf_internal_box=\box69
)
(/diff_test_tex_engines/docker_bin_2/version_compiled_pdf/2306.01403/2306.01403
_tl2021.aux)
\openout1 = `2306.01403_tl2021.aux'.

LaTeX Font Info:    Checking defaults for OML/cmm/m/it on input line 60.
LaTeX Font Info:    ... okay on input line 60.
LaTeX Font Info:    Checking defaults for OMS/cmsy/m/n on input line 60.
LaTeX Font Info:    ... okay on input line 60.
LaTeX Font Info:    Checking defaults for OT1/cmr/m/n on input line 60.
LaTeX Font Info:    ... okay on input line 60.
LaTeX Font Info:    Checking defaults for T1/cmr/m/n on input line 60.
LaTeX Font Info:    ... okay on input line 60.
LaTeX Font Info:    Checking defaults for TS1/cmr/m/n on input line 60.
LaTeX Font Info:    ... okay on input line 60.
LaTeX Font Info:    Checking defaults for OMX/cmex/m/n on input line 60.
LaTeX Font Info:    ... okay on input line 60.
LaTeX Font Info:    Checking defaults for U/cmr/m/n on input line 60.
LaTeX Font Info:    ... okay on input line 60.

(/usr/local/texlive/2021/texmf-dist/tex/context/base/mkii/supp-pdf.mkii
[Loading MPS to PDF converter (version 2006.09.02).]
\scratchcounter=\count280
\scratchdimen=\dimen151
\scratchbox=\box70
\nofMPsegments=\count281
\nofMParguments=\count282
\everyMPshowfont=\toks26
\MPscratchCnt=\count283
\MPscratchDim=\dimen152
\MPnumerator=\count284
\makeMPintoPDFobject=\count285
\everyMPtoPDFconversion=\toks27
) (/usr/local/texlive/2021/texmf-dist/tex/latex/epstopdf-pkg/epstopdf-base.sty
Package: epstopdf-base 2020-01-24 v2.11 Base part for package epstopdf

(/usr/local/texlive/2021/texmf-dist/tex/generic/infwarerr/infwarerr.sty
Package: infwarerr 2019/12/03 v1.5 Providing info/warning/error messages (HO)
)
(/usr/local/texlive/2021/texmf-dist/tex/latex/grfext/grfext.sty
Package: grfext 2019/12/03 v1.3 Manage graphics extensions (HO)

(/usr/local/texlive/2021/texmf-dist/tex/generic/kvdefinekeys/kvdefinekeys.sty
Package: kvdefinekeys 2019-12-19 v1.6 Define keys (HO)
)) (/usr/local/texlive/2021/texmf-dist/tex/latex/kvoptions/kvoptions.sty
Package: kvoptions 2020-10-07 v3.14 Key value format for package options (HO)

(/usr/local/texlive/2021/texmf-dist/tex/generic/ltxcmds/ltxcmds.sty
Package: ltxcmds 2020-05-10 v1.25 LaTeX kernel commands for general use (HO)
)
(/usr/local/texlive/2021/texmf-dist/tex/generic/kvsetkeys/kvsetkeys.sty
Package: kvsetkeys 2019/12/15 v1.18 Key value parser (HO)
))
(/usr/local/texlive/2021/texmf-dist/tex/generic/pdftexcmds/pdftexcmds.sty
Package: pdftexcmds 2020-06-27 v0.33 Utility functions of pdfTeX for LuaTeX (HO
)

(/usr/local/texlive/2021/texmf-dist/tex/generic/iftex/iftex.sty
Package: iftex 2022/02/03 v1.0f TeX engine tests
)
Package pdftexcmds Info: \pdf@primitive is available.
Package pdftexcmds Info: \pdf@ifprimitive is available.
Package pdftexcmds Info: \pdfdraftmode found.
)
Package epstopdf-base Info: Redefining graphics rule for `.eps' on input line 4
85.
Package grfext Info: Graphics extension search list:
(grfext)             [.pdf,.png,.jpg,.mps,.jpeg,.jbig2,.jb2,.PDF,.PNG,.JPG,.JPE
G,.JBIG2,.JB2,.eps]
(grfext)             \AppendGraphicsExtensions on input line 504.

(/usr/local/texlive/2021/texmf-dist/tex/latex/latexconfig/epstopdf-sys.cfg
File: epstopdf-sys.cfg 2010/07/13 v1.3 Configuration of (r)epstopdf for TeX Liv
e
))
\openout3 = `2306.01403_tl2021Notes.bib'.

LaTeX Font Info:    Trying to load font information for U+msa on input line 97.


(/usr/local/texlive/2021/texmf-dist/tex/latex/amsfonts/umsa.fd
File: umsa.fd 2013/01/14 v3.01 AMS symbols A
)
LaTeX Font Info:    Trying to load font information for U+msb on input line 97.


(/usr/local/texlive/2021/texmf-dist/tex/latex/amsfonts/umsb.fd
File: umsb.fd 2013/01/14 v3.01 AMS symbols B
)

Package amsfonts Warning: Obsolete command \bold; \mathbf should be used instea
d on input line 107.

[1{/usr/local/texlive/2021/texmf-var/fonts/map/pdftex/updmap/pdftex.map}]
Overfull \hbox (20.38805pt too wide) detected at line 203
[][] 
 []


Overfull \hbox (1.15984pt too wide) detected at line 208
[]\U/msb/m/n/10 E[]\OML/cmm/m/it/10 ^^Q\OT1/cmr/m/n/10 (\OML/cmm/m/it/10 t; ^^\
\OT1/cmr/m/n/10 )\OML/cmm/m/it/10 ^^Q\OT1/cmr/m/n/10 (\OML/cmm/m/it/10 t[]; ^^\
\OT1/cmr/m/n/10 )[] = \OML/cmm/m/it/10  []C\OT1/cmr/m/n/10 (\OML/cmm/m/it/10 t
; t[]; ^^\\OT1/cmr/m/n/10 ) = \OML/cmm/m/it/10 []\U/msb/m/n/10 E[]\OML/cmm/m/i
t/10 x\OT1/cmr/m/n/10 (\OML/cmm/m/it/10 t; ^^\\OT1/cmr/m/n/10 )\OML/cmm/m/it/10
 x\OT1/cmr/m/n/10 (\OML/cmm/m/it/10 t[]; ^^\\OT1/cmr/m/n/10 )[]
 []


Underfull \hbox (badness 1221) in paragraph at lines 214--215
[]\OT1/cmr/m/n/10 We now ap-ply the present the-o-ret-i-cal frame-work
 []

[2]
Underfull \hbox (badness 1102) in paragraph at lines 263--266
\OT1/cmr/m/n/10 We de-fine the in-trin-sic vari-ance $\OML/cmm/m/it/10 q[] \OT1
/cmr/m/n/10 = \OML/cmm/m/it/10 q \OMS/cmsy/m/n/10 ^^@ \OML/cmm/m/it/10 ^^[[]$ \
OT1/cmr/m/n/10 for
 []

<fig1a.pdf, id=24, 508.23697pt x 393.49438pt>
File: fig1a.pdf Graphic file (type pdf)
<use fig1a.pdf>
Package pdftex.def Info: fig1a.pdf  used on input line 322.
(pdftex.def)             Requested size: 116.89203pt x 90.5018pt.
<fig2b-eps-converted-to.pdf, id=25, 509.07175pt x 393.32896pt>
File: fig2b-eps-converted-to.pdf Graphic file (type pdf)
<use fig2b-eps-converted-to.pdf>
Package pdftex.def Info: fig2b-eps-converted-to.pdf  used on input line 323.
(pdftex.def)             Requested size: 117.08403pt x 90.46375pt.
<fig2c.pdf, id=26, 562.1pt x 421.575pt>
File: fig2c.pdf Graphic file (type pdf)
<use fig2c.pdf>
Package pdftex.def Info: fig2c.pdf  used on input line 324.
(pdftex.def)             Requested size: 120.84914pt x 90.63686pt.
<fig2d-eps-converted-to.pdf, id=27, 548.2335pt x 387.51465pt>
File: fig2d-eps-converted-to.pdf Graphic file (type pdf)
<use fig2d-eps-converted-to.pdf>
Package pdftex.def Info: fig2d-eps-converted-to.pdf  used on input line 325.
(pdftex.def)             Requested size: 120.61174pt x 85.25348pt.
<fig2e.pdf, id=28, 562.1pt x 421.575pt>
File: fig2e.pdf Graphic file (type pdf)
<use fig2e.pdf>
Package pdftex.def Info: fig2e.pdf  used on input line 326.
(pdftex.def)             Requested size: 120.84914pt x 90.63686pt.
<fig2f-eps-converted-to.pdf, id=29, 555.59186pt x 395.14018pt>
File: fig2f-eps-converted-to.pdf Graphic file (type pdf)
<use fig2f-eps-converted-to.pdf>
Package pdftex.def Info: fig2f-eps-converted-to.pdf  used on input line 327.
(pdftex.def)             Requested size: 119.4499pt x 84.95348pt.
[3]

LaTeX Warning: A float is stuck (cannot be placed); try class option [floatfix]
 on input line 341.

<Figure_2a.png, id=36, 203.8014pt x 149.1171pt>
File: Figure_2a.png Graphic file (type png)
<use Figure_2a.png>
Package pdftex.def Info: Figure_2a.png  used on input line 355.
(pdftex.def)             Requested size: 120.24178pt x 87.97832pt.
<Figure_2b.png, id=38, 234.6366pt x 176.0979pt>
File: Figure_2b.png Graphic file (type png)
<use Figure_2b.png>
Package pdftex.def Info: Figure_2b.png  used on input line 356.
(pdftex.def)             Requested size: 118.49232pt x 88.93007pt.
[4 <./fig1a.pdf> <./fig2b-eps-converted-to.pdf> <./fig2c.pdf> <./fig2d-eps-conv
erted-to.pdf> <./fig2e.pdf> <./fig2f-eps-converted-to.pdf> <./Figure_2a.png> <.
/Figure_2b.png>]
(/diff_test_tex_engines/docker_bin_2/version_compiled_pdf/2306.01403/2306.01403
_tl2021.bbl
Underfull \hbox (badness 1158) in paragraph at lines 73--79
 []\OT1/cmr/m/n/9 S. Stern, T. Dror, E. Stolovicki, N. Bren-ner, and
 []


Underfull \hbox (badness 2150) in paragraph at lines 199--203
 []\OT1/cmr/m/n/9 R. Berner, T. Gross, C. Kuehn, J. Kurths, and
 []


Underfull \hbox (badness 3428) in paragraph at lines 199--203
 \OT1/cmr/m/n/9 S. Yanchuk, Adap-tive dy-nam-i-cal net-works (2023),
 []


Underfull \hbox (badness 1831) in paragraph at lines 206--210
 []\OT1/cmr/m/n/9 C. Kuehn, \OT1/cmr/m/it/9 Mul-ti-ple time scale dy-nam-ics\OT
1/cmr/m/n/9 , Vol. 191
 []

[5]
Underfull \hbox (badness 1087) in paragraph at lines 436--443
 \OT1/cmr/m/n/9 extinctions in many-variable in-ter-act-ing pop-u-la-tions,
 []


Underfull \hbox (badness 2521) in paragraph at lines 448--455
 \OT1/cmr/m/n/9 ma-te-ri-als through ac-tiv-ity (2022), arXiv:2203.03024
 []


Underfull \hbox (badness 2158) in paragraph at lines 480--487
 []\OT1/cmr/m/n/9 J. Pauls-son, Mod-els of stochas-tic gene ex-pres-sion,
 []

[6]) [7]
Overfull \hbox (46.20099pt too wide) detected at line 410
[]
 []

[8] [9]
Overfull \hbox (24.58987pt too wide) detected at line 521
[]
 []


Overfull \hbox (56.67596pt too wide) detected at line 529
[]
 []

[10] [11]
Overfull \hbox (31.08397pt too wide) detected at line 594
[]
 []

<fig2a-eps-converted-to.pdf, id=131, 497.48521pt x 390.6514pt>
File: fig2a-eps-converted-to.pdf Graphic file (type pdf)
<use fig2a-eps-converted-to.pdf>
Package pdftex.def Info: fig2a-eps-converted-to.pdf  used on input line 602.
(pdftex.def)             Requested size: 109.44708pt x 85.94356pt.
<fig1b-eps-converted-to.pdf, id=132, 523.9708pt x 399.95381pt>
File: fig1b-eps-converted-to.pdf Graphic file (type pdf)
<use fig1b-eps-converted-to.pdf>
Package pdftex.def Info: fig1b-eps-converted-to.pdf  used on input line 603.
(pdftex.def)             Requested size: 115.27393pt x 87.9901pt.
<fig1c-eps-converted-to.pdf, id=133, 524.43793pt x 400.3501pt>
File: fig1c-eps-converted-to.pdf Graphic file (type pdf)
<use fig1c-eps-converted-to.pdf>
Package pdftex.def Info: fig1c-eps-converted-to.pdf  used on input line 604.
(pdftex.def)             Requested size: 115.3767pt x 88.07729pt.
<fig1d-eps-converted-to.pdf, id=134, 523.9575pt x 404.37773pt>
File: fig1d-eps-converted-to.pdf Graphic file (type pdf)
<use fig1d-eps-converted-to.pdf>
Package pdftex.def Info: fig1d-eps-converted-to.pdf  used on input line 606.
(pdftex.def)             Requested size: 115.271pt x 88.96336pt.
<fig1e-eps-converted-to.pdf, id=135, 525.42772pt x 395.40811pt>
File: fig1e-eps-converted-to.pdf Graphic file (type pdf)
<use fig1e-eps-converted-to.pdf>
Package pdftex.def Info: fig1e-eps-converted-to.pdf  used on input line 607.
(pdftex.def)             Requested size: 115.59445pt x 86.99005pt.
<fig1f-eps-converted-to.pdf, id=136, 524.17365pt x 408.53899pt>
File: fig1f-eps-converted-to.pdf Graphic file (type pdf)
<use fig1f-eps-converted-to.pdf>
Package pdftex.def Info: fig1f-eps-converted-to.pdf  used on input line 608.
(pdftex.def)             Requested size: 115.31856pt x 89.87885pt.
[12 <./fig2a-eps-converted-to.pdf> <./fig1b-eps-converted-to.pdf> <./fig1c-eps-
converted-to.pdf> <./fig1d-eps-converted-to.pdf> <./fig1e-eps-converted-to.pdf>
 <./fig1f-eps-converted-to.pdf>]
(/diff_test_tex_engines/docker_bin_2/version_compiled_pdf/2306.01403/2306.01403
_tl2021.aux) ) 
Here is how much of TeX's memory you used:
 6345 strings out of 478276
 95850 string characters out of 5846504
 449165 words of memory out of 5000000
 24444 multiletter control sequences out of 15000+600000
 479959 words of font info for 67 fonts, out of 8000000 for 9000
 1141 hyphenation exceptions out of 8191
 69i,20n,76p,1419b,442s stack positions out of 5000i,500n,10000p,200000b,80000s
</usr/local/texlive/2021/texmf-dist/fonts/type1/public/amsfonts/c
m/cmbx10.pfb></usr/local/texlive/2021/texmf-dist/fonts/type1/public/amsfonts/cm
/cmbx12.pfb></usr/local/texlive/2021/texmf-dist/fonts/type1/public/amsfonts/cm/
cmbx7.pfb></usr/local/texlive/2021/texmf-dist/fonts/type1/public/amsfonts/cm/cm
bx9.pfb></usr/local/texlive/2021/texmf-dist/fonts/type1/public/amsfonts/cm/cmex
10.pfb></usr/local/texlive/2021/texmf-dist/fonts/type1/public/amsfonts/cmextra/
cmex9.pfb></usr/local/texlive/2021/texmf-dist/fonts/type1/public/amsfonts/cm/cm
mi10.pfb></usr/local/texlive/2021/texmf-dist/fonts/type1/public/amsfonts/cm/cmm
i5.pfb></usr/local/texlive/2021/texmf-dist/fonts/type1/public/amsfonts/cm/cmmi6
.pfb></usr/local/texlive/2021/texmf-dist/fonts/type1/public/amsfonts/cm/cmmi7.p
fb></usr/local/texlive/2021/texmf-dist/fonts/type1/public/amsfonts/cm/cmmi9.pfb
></usr/local/texlive/2021/texmf-dist/fonts/type1/public/amsfonts/cm/cmmib10.pfb
></usr/local/texlive/2021/texmf-dist/fonts/type1/public/amsfonts/cm/cmr10.pfb><
/usr/local/texlive/2021/texmf-dist/fonts/type1/public/amsfonts/cm/cmr5.pfb></us
r/local/texlive/2021/texmf-dist/fonts/type1/public/amsfonts/cm/cmr6.pfb></usr/l
ocal/texlive/2021/texmf-dist/fonts/type1/public/amsfonts/cm/cmr7.pfb></usr/loca
l/texlive/2021/texmf-dist/fonts/type1/public/amsfonts/cm/cmr9.pfb></usr/local/t
exlive/2021/texmf-dist/fonts/type1/public/amsfonts/cm/cmsy10.pfb></usr/local/te
xlive/2021/texmf-dist/fonts/type1/public/amsfonts/cm/cmsy5.pfb></usr/local/texl
ive/2021/texmf-dist/fonts/type1/public/amsfonts/cm/cmsy6.pfb></usr/local/texliv
e/2021/texmf-dist/fonts/type1/public/amsfonts/cm/cmsy7.pfb></usr/local/texlive/
2021/texmf-dist/fonts/type1/public/amsfonts/cm/cmsy9.pfb></usr/local/texlive/20
21/texmf-dist/fonts/type1/public/amsfonts/cm/cmti10.pfb></usr/local/texlive/202
1/texmf-dist/fonts/type1/public/amsfonts/cm/cmti9.pfb></usr/local/texlive/2021/
texmf-dist/fonts/type1/public/amsfonts/symbols/msbm10.pfb>
Output written on /diff_test_tex_engines/docker_bin_2/version_compiled_pdf/2306
.01403/2306.01403_tl2021.pdf (12 pages, 749307 bytes).
PDF statistics:
 303 PDF objects out of 1000 (max. 8388607)
 164 compressed objects within 2 object streams
 0 named destinations out of 1000 (max. 500000)
 71 words of extra memory for PDF output out of 10000 (max. 10000000)

