This is pdfTeX, Version 3.141592653-2.6-1.40.25 (TeX Live 2023) (preloaded format=pdflatex 2024.3.4)  13 MAR 2024 11:45
entering extended mode
 restricted \write18 enabled.
 %&-line parsing enabled.
**Doublereplica.tex
(./Doublereplica.tex
LaTeX2e <2023-11-01> patch level 1
L3 programming layer <2024-02-20>
(/usr/local/texlive/2023/texmf-dist/tex/latex/revtex/revtex4-2.cls
Document Class: revtex4-2 2022/06/05 4.2f (https://journals.aps.org/revtex/ for
 documentation)
 Copyright (c) 2019 American Physical Society.
 mailto:revtex@aps.org
 Licensed under the LPPL:
http://www.ctan.org/tex-archive/macros/latex/base/lppl.txt
 Arthur Ogawa <arthur_ogawa at sbcglobal dot net>
 Based on work by David Carlisle <david at dcarlisle.demon.co.uk>
 Version (4.2d--4.2f): Modified by Mark Doyle and Phelype Oleinik
 .
ltxutil[2022/06/05 4.2f utilities package (portions licensed from W. E. Baxter 
web at superscript.com)]
LaTeX Info: Redefining \@centercr on input line 356.
Class revtex4-2 Info: Repairing broken LaTeX eqnarray on input line 417.
\eqncolsep=\skip48
Class revtex4-2 Info: Repairing hyperref-unfriendly LaTeX definition of \mpfoot
note on input line 492.
Class revtex4-2 Info: Repairing broken LateX \@sect on input line 814.
\intertabularlinepenalty=\count188
\@tbpen=\count189
\@arstrutbox@hline=\box51
Class revtex4-2 Info: Repairing broken LaTeX \@xbitor on input line 1845.
Class revtex4-2 Info: Making \typeout \long on input line 2110.
ltxfront[2022/06/05 4.2f frontmatter package (AO,DPC,MD)]
\c@affil=\count190
\c@collab=\count191
\absbox=\box52
ltxgrid[2022/06/05 4.2f page grid package (portions licensed from W. E. Baxter 
web at superscript.com)]
\c@linecount=\count192
\output@latex=\toks17
\box@size@1=\box53
\box@size@2=\box54
\@protection@box=\box55
\@topmark@saved=\toks18
\footins@saved=\box56
\footins@recovered=\box57
\column@recovered=\box58
\pagesofar=\box59
\footsofar=\box60
\pagegrid@col=\count193
Class revtex4-2 Info: Overriding \@vspace, \@vspacer, \@no@pgbk, \@newline, and
 \\  on input line 5676.
\c@part=\count194
\c@section=\count195
\c@subsection=\count196
\c@subsubsection=\count197
\c@paragraph=\count198
\c@subparagraph=\count199
\abovecaptionskip=\skip49
\belowcaptionskip=\skip50
\c@figure=\count266
\fbox@1=\box61
\c@table=\count267
\fbox@2=\box62
\c@video=\count268
\fbox@4=\box63
\@bibdataout=\write3
\widetext@top=\box64
\widetext@bot=\box65

Class revtex4-2 Warning: No Society specified, using default society aps.

(/usr/local/texlive/2023/texmf-dist/tex/latex/revtex/aps4-2.rtx
File: aps4-2 2022/06/05 4.2f (https://journals.aps.org/revtex/ for documentatio
n)
Class revtex4-2 Info: RevTeX society APS selected on input line 40.
)
Class revtex4-2 Info: Selecting journal prl on input line 7671.
Class revtex4-2 Info: APS journal PRL selected on input line 7672.

(/usr/local/texlive/2023/texmf-dist/tex/latex/revtex/aps10pt4-2.rtx
File: aps10pt4-2 2022/06/05 4.2f (https://journals.aps.org/revtex/ for document
ation)
Class revtex4-2 Info: RevTeX pointsize 10pt selected on input line 39.
)
(/usr/local/texlive/2023/texmf-dist/tex/latex/textcase/textcase.sty
Package: textcase 2023/07/27 v1.04 Text only upper/lower case changing (DPC)
Package textcase Info: Defining Legacy names on input line 20.
)
(/usr/local/texlive/2023/texmf-dist/tex/latex/amsfonts/amssymb.sty
Package: amssymb 2013/01/14 v3.01 AMS font symbols

(/usr/local/texlive/2023/texmf-dist/tex/latex/amsfonts/amsfonts.sty
Package: amsfonts 2013/01/14 v3.01 Basic AMSFonts support
\@emptytoks=\toks19
\symAMSa=\mathgroup4
\symAMSb=\mathgroup5
LaTeX Font Info:    Redeclaring math symbol \hbar on input line 98.
LaTeX Font Info:    Overwriting math alphabet `\mathfrak' in version `bold'
(Font)                  U/euf/m/n --> U/euf/b/n on input line 106.
))
(/usr/local/texlive/2023/texmf-dist/tex/latex/amsmath/amsmath.sty
Package: amsmath 2023/05/13 v2.17o AMS math features
\@mathmargin=\skip51

For additional information on amsmath, use the `?' option.
(/usr/local/texlive/2023/texmf-dist/tex/latex/amsmath/amstext.sty
Package: amstext 2021/08/26 v2.01 AMS text

(/usr/local/texlive/2023/texmf-dist/tex/latex/amsmath/amsgen.sty
File: amsgen.sty 1999/11/30 v2.0 generic functions
\@emptytoks=\toks20
\ex@=\dimen140
)
LaTeX Info: Redefining \text on input line 28.
)
(/usr/local/texlive/2023/texmf-dist/tex/latex/amsmath/amsbsy.sty
Package: amsbsy 1999/11/29 v1.2d Bold Symbols
\pmbraise@=\dimen141
)
(/usr/local/texlive/2023/texmf-dist/tex/latex/amsmath/amsopn.sty
Package: amsopn 2022/04/08 v2.04 operator names
)
\inf@bad=\count269
LaTeX Info: Redefining \frac on input line 234.
\uproot@=\count270
\leftroot@=\count271
LaTeX Info: Redefining \overline on input line 399.
LaTeX Info: Redefining \colon on input line 410.
\classnum@=\count272
\DOTSCASE@=\count273
LaTeX Info: Redefining \ldots on input line 496.
LaTeX Info: Redefining \dots on input line 499.
LaTeX Info: Redefining \cdots on input line 620.
\Mathstrutbox@=\box66
\strutbox@=\box67
LaTeX Info: Redefining \big on input line 722.
LaTeX Info: Redefining \Big on input line 723.
LaTeX Info: Redefining \bigg on input line 724.
LaTeX Info: Redefining \Bigg on input line 725.
\big@size=\dimen142
LaTeX Font Info:    Redeclaring font encoding OML on input line 743.
LaTeX Font Info:    Redeclaring font encoding OMS on input line 744.
\macc@depth=\count274
LaTeX Info: Redefining \bmod on input line 905.
LaTeX Info: Redefining \pmod on input line 910.
LaTeX Info: Redefining \smash on input line 940.
LaTeX Info: Redefining \relbar on input line 970.
LaTeX Info: Redefining \Relbar on input line 971.
\c@MaxMatrixCols=\count275
\dotsspace@=\muskip16
\c@parentequation=\count276
\dspbrk@lvl=\count277
\tag@help=\toks21
\row@=\count278
\column@=\count279
\maxfields@=\count280
\andhelp@=\toks22
\eqnshift@=\dimen143
\alignsep@=\dimen144
\tagshift@=\dimen145
\tagwidth@=\dimen146
\totwidth@=\dimen147
\lineht@=\dimen148
\@envbody=\toks23
\multlinegap=\skip52
\multlinetaggap=\skip53
\mathdisplay@stack=\toks24
LaTeX Info: Redefining \[ on input line 2953.
LaTeX Info: Redefining \] on input line 2954.
)
(/usr/local/texlive/2023/texmf-dist/tex/latex/url/url.sty
\Urlmuskip=\muskip17
Package: url 2013/09/16  ver 3.4  Verb mode for urls, etc.
)
(/usr/local/texlive/2023/texmf-dist/tex/latex/natbib/natbib.sty
Package: natbib 2010/09/13 8.31b (PWD, AO)
\bibhang=\skip54
\bibsep=\skip55
LaTeX Info: Redefining \cite on input line 694.
\c@NAT@ctr=\count281
)
Class revtex4-2 Info: Repairing natbib's \BibitemShut on input line 7676.

(/usr/local/texlive/2023/texmf-dist/tex/latex/revtex/revsymb4-2.sty
Package: revsymb4-2 2022/06/05 4.2f (https://journals.aps.org/revtex/ for docum
entation)
LaTeX Info: Redefining \frak on input line 104.
LaTeX Info: Redefining \Bbb on input line 120.
LaTeX Info: Redefining \REV@mathfrak on input line 128.
))
(/usr/local/texlive/2023/texmf-dist/tex/latex/oberdiek/centernot.sty
Package: centernot 2016/05/16 v1.4 Centers the not symbol horizontally (HO)
)
(/usr/local/texlive/2023/texmf-dist/tex/latex/graphics/graphicx.sty
Package: graphicx 2021/09/16 v1.2d Enhanced LaTeX Graphics (DPC,SPQR)

(/usr/local/texlive/2023/texmf-dist/tex/latex/graphics/keyval.sty
Package: keyval 2022/05/29 v1.15 key=value parser (DPC)
\KV@toks@=\toks25
)
(/usr/local/texlive/2023/texmf-dist/tex/latex/graphics/graphics.sty
Package: graphics 2022/03/10 v1.4e Standard LaTeX Graphics (DPC,SPQR)

(/usr/local/texlive/2023/texmf-dist/tex/latex/graphics/trig.sty
Package: trig 2021/08/11 v1.11 sin cos tan (DPC)
)
(/usr/local/texlive/2023/texmf-dist/tex/latex/graphics-cfg/graphics.cfg
File: graphics.cfg 2016/06/04 v1.11 sample graphics configuration
)
Package graphics Info: Driver file: pdftex.def on input line 107.

(/usr/local/texlive/2023/texmf-dist/tex/latex/graphics-def/pdftex.def
File: pdftex.def 2022/09/22 v1.2b Graphics/color driver for pdftex
))
\Gin@req@height=\dimen149
\Gin@req@width=\dimen150
)
(/usr/local/texlive/2023/texmf-dist/tex/latex/tools/dcolumn.sty
Package: dcolumn 2023/07/08 v1.06 decimal alignment package (DPC)

(/usr/local/texlive/2023/texmf-dist/tex/latex/tools/array.sty
Package: array 2023/10/16 v2.5g Tabular extension package (FMi)
\col@sep=\dimen151
\ar@mcellbox=\box68
\extrarowheight=\dimen152
\NC@list=\toks26
\extratabsurround=\skip56
\backup@length=\skip57
\ar@cellbox=\box69
))
(/usr/local/texlive/2023/texmf-dist/tex/latex/tools/bm.sty
Package: bm 2023/07/08 v1.2f Bold Symbol Support (DPC/FMi)
\symboldoperators=\mathgroup6
\symboldletters=\mathgroup7
\symboldsymbols=\mathgroup8
Package bm Info: No bold for \OMX/cmex/m/n, using \pmb.
Package bm Info: No bold for \U/msa/m/n, using \pmb.
Package bm Info: No bold for \U/msb/m/n, using \pmb.
LaTeX Font Info:    Redeclaring math alphabet \mathbf on input line 149.
LaTeX Info: Redefining \bm on input line 219.
)
(/usr/local/texlive/2023/texmf-dist/tex/latex/xcolor/xcolor.sty
Package: xcolor 2023/11/15 v3.01 LaTeX color extensions (UK)

(/usr/local/texlive/2023/texmf-dist/tex/latex/graphics-cfg/color.cfg
File: color.cfg 2016/01/02 v1.6 sample color configuration
)
Package xcolor Info: Driver file: pdftex.def on input line 274.

(/usr/local/texlive/2023/texmf-dist/tex/latex/graphics/mathcolor.ltx)
Package xcolor Info: Model `cmy' substituted by `cmy0' on input line 1350.
Package xcolor Info: Model `hsb' substituted by `rgb' on input line 1354.
Package xcolor Info: Model `RGB' extended on input line 1366.
Package xcolor Info: Model `HTML' substituted by `rgb' on input line 1368.
Package xcolor Info: Model `Hsb' substituted by `hsb' on input line 1369.
Package xcolor Info: Model `tHsb' substituted by `hsb' on input line 1370.
Package xcolor Info: Model `HSB' substituted by `hsb' on input line 1371.
Package xcolor Info: Model `Gray' substituted by `gray' on input line 1372.
Package xcolor Info: Model `wave' substituted by `hsb' on input line 1373.
)
(/usr/local/texlive/2023/texmf-dist/tex/latex/graphics/dvipsnam.def
File: dvipsnam.def 2016/06/17 v3.0m Driver-dependent file (DPC,SPQR)
)
Class revtex4-2 Info: Unrecognized array package. Please update this document c
lass! (Proceeding with fingers crossed.) on input line 60.
Class revtex4-2 Info: cite was not loaded (OK!) on input line 60.
Class revtex4-2 Info: mcite was not loaded (OK!) on input line 60.
Class revtex4-2 Info: multicol was not loaded (OK!) on input line 60.

(/usr/local/texlive/2023/texmf-dist/tex/latex/l3backend/l3backend-pdftex.def
File: l3backend-pdftex.def 2024-02-20 L3 backend support: PDF output (pdfTeX)
\l__color_backend_stack_int=\count282
\l__pdf_internal_box=\box70
)
(/diff_test_tex_engines/docker_bin_2/version_compiled_pdf/2306.01403/2306.01403
_tl2023.aux)
\openout1 = `2306.01403_tl2023.aux'.

LaTeX Font Info:    Checking defaults for OML/cmm/m/it on input line 60.
LaTeX Font Info:    ... okay on input line 60.
LaTeX Font Info:    Checking defaults for OMS/cmsy/m/n on input line 60.
LaTeX Font Info:    ... okay on input line 60.
LaTeX Font Info:    Checking defaults for OT1/cmr/m/n on input line 60.
LaTeX Font Info:    ... okay on input line 60.
LaTeX Font Info:    Checking defaults for T1/cmr/m/n on input line 60.
LaTeX Font Info:    ... okay on input line 60.
LaTeX Font Info:    Checking defaults for TS1/cmr/m/n on input line 60.
LaTeX Font Info:    ... okay on input line 60.
LaTeX Font Info:    Checking defaults for OMX/cmex/m/n on input line 60.
LaTeX Font Info:    ... okay on input line 60.
LaTeX Font Info:    Checking defaults for U/cmr/m/n on input line 60.
LaTeX Font Info:    ... okay on input line 60.

(/usr/local/texlive/2023/texmf-dist/tex/context/base/mkii/supp-pdf.mkii
[Loading MPS to PDF converter (version 2006.09.02).]
\scratchcounter=\count283
\scratchdimen=\dimen153
\scratchbox=\box71
\nofMPsegments=\count284
\nofMParguments=\count285
\everyMPshowfont=\toks27
\MPscratchCnt=\count286
\MPscratchDim=\dimen154
\MPnumerator=\count287
\makeMPintoPDFobject=\count288
\everyMPtoPDFconversion=\toks28
) (/usr/local/texlive/2023/texmf-dist/tex/latex/epstopdf-pkg/epstopdf-base.sty
Package: epstopdf-base 2020-01-24 v2.11 Base part for package epstopdf
Package epstopdf-base Info: Redefining graphics rule for `.eps' on input line 4
85.

(/usr/local/texlive/2023/texmf-dist/tex/latex/latexconfig/epstopdf-sys.cfg
File: epstopdf-sys.cfg 2010/07/13 v1.3 Configuration of (r)epstopdf for TeX Liv
e
))
\openout3 = `2306.01403_tl2023Notes.bib'.

LaTeX Font Info:    Trying to load font information for U+msa on input line 97.


(/usr/local/texlive/2023/texmf-dist/tex/latex/amsfonts/umsa.fd
File: umsa.fd 2013/01/14 v3.01 AMS symbols A
)
LaTeX Font Info:    Trying to load font information for U+msb on input line 97.


(/usr/local/texlive/2023/texmf-dist/tex/latex/amsfonts/umsb.fd
File: umsb.fd 2013/01/14 v3.01 AMS symbols B
)

Package amsfonts Warning: Obsolete command \bold; \mathbf should be used instea
d on input line 107.

[1{/usr/local/texlive/2023/texmf-var/fonts/map/pdftex/updmap/pdftex.map}]
Overfull \hbox (20.38805pt too wide) detected at line 203
[][] 
 []


Overfull \hbox (1.15984pt too wide) detected at line 208
[]\U/msb/m/n/10 E[]\OML/cmm/m/it/10 ^^Q\OT1/cmr/m/n/10 (\OML/cmm/m/it/10 t; ^^\
\OT1/cmr/m/n/10 )\OML/cmm/m/it/10 ^^Q\OT1/cmr/m/n/10 (\OML/cmm/m/it/10 t[]; ^^\
\OT1/cmr/m/n/10 )[] = \OML/cmm/m/it/10  []C\OT1/cmr/m/n/10 (\OML/cmm/m/it/10 t
; t[]; ^^\\OT1/cmr/m/n/10 ) = \OML/cmm/m/it/10 []\U/msb/m/n/10 E[]\OML/cmm/m/i
t/10 x\OT1/cmr/m/n/10 (\OML/cmm/m/it/10 t; ^^\\OT1/cmr/m/n/10 )\OML/cmm/m/it/10
 x\OT1/cmr/m/n/10 (\OML/cmm/m/it/10 t[]; ^^\\OT1/cmr/m/n/10 )[]
 []


Underfull \hbox (badness 1221) in paragraph at lines 214--215
[]\OT1/cmr/m/n/10 We now ap-ply the present the-o-ret-i-cal frame-work
 []

[2]
Underfull \hbox (badness 1102) in paragraph at lines 263--266
\OT1/cmr/m/n/10 We de-fine the in-trin-sic vari-ance $\OML/cmm/m/it/10 q[] \OT1
/cmr/m/n/10 = \OML/cmm/m/it/10 q \OMS/cmsy/m/n/10 ^^@ \OML/cmm/m/it/10 ^^[[]$ \
OT1/cmr/m/n/10 for
 []

<fig1a.pdf, id=24, 508.23697pt x 393.49438pt>
File: fig1a.pdf Graphic file (type pdf)
<use fig1a.pdf>
Package pdftex.def Info: fig1a.pdf  used on input line 322.
(pdftex.def)             Requested size: 116.89203pt x 90.5018pt.
<fig2b-eps-converted-to.pdf, id=25, 509.07175pt x 393.32896pt>
File: fig2b-eps-converted-to.pdf Graphic file (type pdf)
<use fig2b-eps-converted-to.pdf>
Package pdftex.def Info: fig2b-eps-converted-to.pdf  used on input line 323.
(pdftex.def)             Requested size: 117.08403pt x 90.46375pt.
<fig2c.pdf, id=26, 562.1pt x 421.575pt>
File: fig2c.pdf Graphic file (type pdf)
<use fig2c.pdf>
Package pdftex.def Info: fig2c.pdf  used on input line 324.
(pdftex.def)             Requested size: 120.84914pt x 90.63686pt.
<fig2d-eps-converted-to.pdf, id=27, 548.2335pt x 387.51465pt>
File: fig2d-eps-converted-to.pdf Graphic file (type pdf)
<use fig2d-eps-converted-to.pdf>
Package pdftex.def Info: fig2d-eps-converted-to.pdf  used on input line 325.
(pdftex.def)             Requested size: 120.61174pt x 85.25348pt.
<fig2e.pdf, id=28, 562.1pt x 421.575pt>
File: fig2e.pdf Graphic file (type pdf)
<use fig2e.pdf>
Package pdftex.def Info: fig2e.pdf  used on input line 326.
(pdftex.def)             Requested size: 120.84914pt x 90.63686pt.
<fig2f-eps-converted-to.pdf, id=29, 555.59186pt x 395.14018pt>
File: fig2f-eps-converted-to.pdf Graphic file (type pdf)
<use fig2f-eps-converted-to.pdf>
Package pdftex.def Info: fig2f-eps-converted-to.pdf  used on input line 327.
(pdftex.def)             Requested size: 119.4499pt x 84.95348pt.
[3]

LaTeX Warning: A float is stuck (cannot be placed); try class option [floatfix]
 on input line 341.

<Figure_2a.png, id=36, 203.8014pt x 149.1171pt>
File: Figure_2a.png Graphic file (type png)
<use Figure_2a.png>
Package pdftex.def Info: Figure_2a.png  used on input line 355.
(pdftex.def)             Requested size: 120.24178pt x 87.97832pt.
<Figure_2b.png, id=38, 234.6366pt x 176.0979pt>
File: Figure_2b.png Graphic file (type png)
<use Figure_2b.png>
Package pdftex.def Info: Figure_2b.png  used on input line 356.
(pdftex.def)             Requested size: 118.49232pt x 88.93007pt.
[4 <./fig1a.pdf> <./fig2b-eps-converted-to.pdf> <./fig2c.pdf> <./fig2d-eps-conv
erted-to.pdf> <./fig2e.pdf> <./fig2f-eps-converted-to.pdf> <./Figure_2a.png> <.
/Figure_2b.png>]
(/diff_test_tex_engines/docker_bin_2/version_compiled_pdf/2306.01403/2306.01403
_tl2023.bbl
Underfull \hbox (badness 1158) in paragraph at lines 73--79
 []\OT1/cmr/m/n/9 S. Stern, T. Dror, E. Stolovicki, N. Bren-ner, and
 []


Underfull \hbox (badness 2150) in paragraph at lines 199--203
 []\OT1/cmr/m/n/9 R. Berner, T. Gross, C. Kuehn, J. Kurths, and
 []


Underfull \hbox (badness 3428) in paragraph at lines 199--203
 \OT1/cmr/m/n/9 S. Yanchuk, Adap-tive dy-nam-i-cal net-works (2023),
 []


Underfull \hbox (badness 1831) in paragraph at lines 206--210
 []\OT1/cmr/m/n/9 C. Kuehn, \OT1/cmr/m/it/9 Mul-ti-ple time scale dy-nam-ics\OT
1/cmr/m/n/9 , Vol. 191
 []

[5]
Underfull \hbox (badness 1087) in paragraph at lines 436--443
 \OT1/cmr/m/n/9 extinctions in many-variable in-ter-act-ing pop-u-la-tions,
 []


Underfull \hbox (badness 2521) in paragraph at lines 448--455
 \OT1/cmr/m/n/9 ma-te-ri-als through ac-tiv-ity (2022), arXiv:2203.03024
 []


Underfull \hbox (badness 2158) in paragraph at lines 480--487
 []\OT1/cmr/m/n/9 J. Pauls-son, Mod-els of stochas-tic gene ex-pres-sion,
 []

[6]) [7]
Overfull \hbox (46.20099pt too wide) detected at line 410
[]
 []

[8] [9]
Overfull \hbox (24.58987pt too wide) detected at line 521
[]
 []


Overfull \hbox (56.67596pt too wide) detected at line 529
[]
 []

[10] [11]
Overfull \hbox (31.08397pt too wide) detected at line 594
[]
 []

<fig2a-eps-converted-to.pdf, id=131, 497.48521pt x 390.6514pt>
File: fig2a-eps-converted-to.pdf Graphic file (type pdf)
<use fig2a-eps-converted-to.pdf>
Package pdftex.def Info: fig2a-eps-converted-to.pdf  used on input line 602.
(pdftex.def)             Requested size: 109.44708pt x 85.94356pt.
<fig1b-eps-converted-to.pdf, id=132, 523.9708pt x 399.95381pt>
File: fig1b-eps-converted-to.pdf Graphic file (type pdf)
<use fig1b-eps-converted-to.pdf>
Package pdftex.def Info: fig1b-eps-converted-to.pdf  used on input line 603.
(pdftex.def)             Requested size: 115.27393pt x 87.9901pt.
<fig1c-eps-converted-to.pdf, id=133, 524.43793pt x 400.3501pt>
File: fig1c-eps-converted-to.pdf Graphic file (type pdf)
<use fig1c-eps-converted-to.pdf>
Package pdftex.def Info: fig1c-eps-converted-to.pdf  used on input line 604.
(pdftex.def)             Requested size: 115.3767pt x 88.07729pt.
<fig1d-eps-converted-to.pdf, id=134, 523.9575pt x 404.37773pt>
File: fig1d-eps-converted-to.pdf Graphic file (type pdf)
<use fig1d-eps-converted-to.pdf>
Package pdftex.def Info: fig1d-eps-converted-to.pdf  used on input line 606.
(pdftex.def)             Requested size: 115.271pt x 88.96336pt.
<fig1e-eps-converted-to.pdf, id=135, 525.42772pt x 395.40811pt>
File: fig1e-eps-converted-to.pdf Graphic file (type pdf)
<use fig1e-eps-converted-to.pdf>
Package pdftex.def Info: fig1e-eps-converted-to.pdf  used on input line 607.
(pdftex.def)             Requested size: 115.59445pt x 86.99005pt.
<fig1f-eps-converted-to.pdf, id=136, 524.17365pt x 408.53899pt>
File: fig1f-eps-converted-to.pdf Graphic file (type pdf)
<use fig1f-eps-converted-to.pdf>
Package pdftex.def Info: fig1f-eps-converted-to.pdf  used on input line 608.
(pdftex.def)             Requested size: 115.31856pt x 89.87885pt.
[12 <./fig2a-eps-converted-to.pdf> <./fig1b-eps-converted-to.pdf> <./fig1c-eps-
converted-to.pdf> <./fig1d-eps-converted-to.pdf> <./fig1e-eps-converted-to.pdf>
 <./fig1f-eps-converted-to.pdf>]
(/diff_test_tex_engines/docker_bin_2/version_compiled_pdf/2306.01403/2306.01403
_tl2023.aux)
 ***********
LaTeX2e <2023-11-01> patch level 1
L3 programming layer <2024-02-20>
 ***********
 ) 
Here is how much of TeX's memory you used:
 5790 strings out of 474116
 84965 string characters out of 5743689
 1981187 words of memory out of 5000000
 28087 multiletter control sequences out of 15000+600000
 568769 words of font info for 75 fonts, out of 8000000 for 9000
 1141 hyphenation exceptions out of 8191
 71i,20n,79p,1419b,447s stack positions out of 10000i,1000n,20000p,200000b,200000s
</usr/local/texlive/2023/texmf-dist/fonts/type1/public/amsfonts/cm/cmbx10.pfb
></usr/local/texlive/2023/texmf-dist/fonts/type1/public/amsfonts/cm/cmbx12.pfb>
</usr/local/texlive/2023/texmf-dist/fonts/type1/public/amsfonts/cm/cmbx7.pfb></
usr/local/texlive/2023/texmf-dist/fonts/type1/public/amsfonts/cm/cmbx9.pfb></us
r/local/texlive/2023/texmf-dist/fonts/type1/public/amsfonts/cm/cmex10.pfb></usr
/local/texlive/2023/texmf-dist/fonts/type1/public/amsfonts/cmextra/cmex9.pfb></
usr/local/texlive/2023/texmf-dist/fonts/type1/public/amsfonts/cm/cmmi10.pfb></u
sr/local/texlive/2023/texmf-dist/fonts/type1/public/amsfonts/cm/cmmi5.pfb></usr
/local/texlive/2023/texmf-dist/fonts/type1/public/amsfonts/cm/cmmi6.pfb></usr/l
ocal/texlive/2023/texmf-dist/fonts/type1/public/amsfonts/cm/cmmi7.pfb></usr/loc
al/texlive/2023/texmf-dist/fonts/type1/public/amsfonts/cm/cmmi9.pfb></usr/local
/texlive/2023/texmf-dist/fonts/type1/public/amsfonts/cm/cmmib10.pfb></usr/local
/texlive/2023/texmf-dist/fonts/type1/public/amsfonts/cm/cmr10.pfb></usr/local/t
exlive/2023/texmf-dist/fonts/type1/public/amsfonts/cm/cmr5.pfb></usr/local/texl
ive/2023/texmf-dist/fonts/type1/public/amsfonts/cm/cmr6.pfb></usr/local/texlive
/2023/texmf-dist/fonts/type1/public/amsfonts/cm/cmr7.pfb></usr/local/texlive/20
23/texmf-dist/fonts/type1/public/amsfonts/cm/cmr9.pfb></usr/local/texlive/2023/
texmf-dist/fonts/type1/public/amsfonts/cm/cmsy10.pfb></usr/local/texlive/2023/t
exmf-dist/fonts/type1/public/amsfonts/cm/cmsy5.pfb></usr/local/texlive/2023/tex
mf-dist/fonts/type1/public/amsfonts/cm/cmsy6.pfb></usr/local/texlive/2023/texmf
-dist/fonts/type1/public/amsfonts/cm/cmsy7.pfb></usr/local/texlive/2023/texmf-d
ist/fonts/type1/public/amsfonts/cm/cmsy9.pfb></usr/local/texlive/2023/texmf-dis
t/fonts/type1/public/amsfonts/cm/cmti10.pfb></usr/local/texlive/2023/texmf-dist
/fonts/type1/public/amsfonts/cm/cmti9.pfb></usr/local/texlive/2023/texmf-dist/f
onts/type1/public/amsfonts/symbols/msbm10.pfb>
Output written on /diff_test_tex_engines/docker_bin_2/version_compiled_pdf/2306
.01403/2306.01403_tl2023.pdf (12 pages, 749399 bytes).
PDF statistics:
 303 PDF objects out of 1000 (max. 8388607)
 164 compressed objects within 2 object streams
 0 named destinations out of 1000 (max. 500000)
 71 words of extra memory for PDF output out of 10000 (max. 10000000)

