This is pdfTeX, Version 3.14159265-2.6-1.40.21 (TeX Live 2020) (preloaded format=pdflatex 2022.5.23)  20 MAR 2024 09:11
entering extended mode
 restricted \write18 enabled.
 %&-line parsing enabled.
**HiQR_v2.tex
(./HiQR_v2.tex
LaTeX2e <2020-10-01> patch level 4
L3 programming layer <2021-02-18> (./elsarticle.cls
Document Class: elsarticle 2009/09/17, 1.20b: Elsevier Ltd
\@bls=\dimen138
(/usr/local/texlive/2020/texmf-dist/tex/latex/base/article.cls
Document Class: article 2020/04/10 v1.4m Standard LaTeX document class
(/usr/local/texlive/2020/texmf-dist/tex/latex/base/size11.clo
File: size11.clo 2020/04/10 v1.4m Standard LaTeX file (size option)
)
\c@part=\count179
\c@section=\count180
\c@subsection=\count181
\c@subsubsection=\count182
\c@paragraph=\count183
\c@subparagraph=\count184
\c@figure=\count185
\c@table=\count186
\abovecaptionskip=\skip47
\belowcaptionskip=\skip48
\bibindent=\dimen139
)
(/usr/local/texlive/2020/texmf-dist/tex/latex/graphics/graphicx.sty
Package: graphicx 2020/09/09 v1.2b Enhanced LaTeX Graphics (DPC,SPQR)

(/usr/local/texlive/2020/texmf-dist/tex/latex/graphics/keyval.sty
Package: keyval 2014/10/28 v1.15 key=value parser (DPC)
\KV@toks@=\toks15
)
(/usr/local/texlive/2020/texmf-dist/tex/latex/graphics/graphics.sty
Package: graphics 2020/08/30 v1.4c Standard LaTeX Graphics (DPC,SPQR)

(/usr/local/texlive/2020/texmf-dist/tex/latex/graphics/trig.sty
Package: trig 2016/01/03 v1.10 sin cos tan (DPC)
)
(/usr/local/texlive/2020/texmf-dist/tex/latex/graphics-cfg/graphics.cfg
File: graphics.cfg 2016/06/04 v1.11 sample graphics configuration
)
Package graphics Info: Driver file: pdftex.def on input line 105.

(/usr/local/texlive/2020/texmf-dist/tex/latex/graphics-def/pdftex.def
File: pdftex.def 2020/10/05 v1.2a Graphics/color driver for pdftex
))
\Gin@req@height=\dimen140
\Gin@req@width=\dimen141
)
(/usr/local/texlive/2020/texmf-dist/tex/latex/psnfss/pifont.sty
Package: pifont 2020/03/25 PSNFSS-v9.3 Pi font support (SPQR) 
LaTeX Font Info:    Trying to load font information for U+pzd on input line 63.


(/usr/local/texlive/2020/texmf-dist/tex/latex/psnfss/upzd.fd
File: upzd.fd 2001/06/04 font definitions for U/pzd.
)
LaTeX Font Info:    Trying to load font information for U+psy on input line 64.


(/usr/local/texlive/2020/texmf-dist/tex/latex/psnfss/upsy.fd
File: upsy.fd 2001/06/04 font definitions for U/psy.
))
\c@tnote=\count187
\c@fnote=\count188
\c@cnote=\count189
\c@ead=\count190
\c@author=\count191
\@eadauthor=\toks16
\c@affn=\count192
\absbox=\box47
\keybox=\box48
\Columnwidth=\dimen142
\space@left=\dimen143
\els@boxa=\box49
\els@boxb=\box50
\leftMargin=\dimen144
\@enLab=\toks17
\@sep=\skip49
\@@sep=\skip50

(/diff_test_tex_engines/docker_bin_2/version_compiled_pdf_2020/2306.00469/2306.
00469_tl2020.spl)
(/usr/local/texlive/2020/texmf-dist/tex/latex/natbib/natbib.sty
Package: natbib 2010/09/13 8.31b (PWD, AO)
\bibhang=\skip51
\bibsep=\skip52
LaTeX Info: Redefining \cite on input line 694.
\c@NAT@ctr=\count193
)
\splwrite=\write3
\openout3 = `2306.00469_tl2020.spl'.

\appnamewidth=\dimen145
)
(/usr/local/texlive/2020/texmf-dist/tex/latex/amsmath/amsmath.sty
Package: amsmath 2020/09/23 v2.17i AMS math features
\@mathmargin=\skip53

For additional information on amsmath, use the `?' option.
(/usr/local/texlive/2020/texmf-dist/tex/latex/amsmath/amstext.sty
Package: amstext 2000/06/29 v2.01 AMS text

(/usr/local/texlive/2020/texmf-dist/tex/latex/amsmath/amsgen.sty
File: amsgen.sty 1999/11/30 v2.0 generic functions
\@emptytoks=\toks18
\ex@=\dimen146
))
(/usr/local/texlive/2020/texmf-dist/tex/latex/amsmath/amsbsy.sty
Package: amsbsy 1999/11/29 v1.2d Bold Symbols
\pmbraise@=\dimen147
)
(/usr/local/texlive/2020/texmf-dist/tex/latex/amsmath/amsopn.sty
Package: amsopn 2016/03/08 v2.02 operator names
)
\inf@bad=\count194
LaTeX Info: Redefining \frac on input line 234.
\uproot@=\count195
\leftroot@=\count196
LaTeX Info: Redefining \overline on input line 399.
\classnum@=\count197
\DOTSCASE@=\count198
LaTeX Info: Redefining \ldots on input line 496.
LaTeX Info: Redefining \dots on input line 499.
LaTeX Info: Redefining \cdots on input line 620.
\Mathstrutbox@=\box51
\strutbox@=\box52
\big@size=\dimen148
LaTeX Font Info:    Redeclaring font encoding OML on input line 743.
LaTeX Font Info:    Redeclaring font encoding OMS on input line 744.
\macc@depth=\count199
\c@MaxMatrixCols=\count266
\dotsspace@=\muskip16
\c@parentequation=\count267
\dspbrk@lvl=\count268
\tag@help=\toks19
\row@=\count269
\column@=\count270
\maxfields@=\count271
\andhelp@=\toks20
\eqnshift@=\dimen149
\alignsep@=\dimen150
\tagshift@=\dimen151
\tagwidth@=\dimen152
\totwidth@=\dimen153
\lineht@=\dimen154
\@envbody=\toks21
\multlinegap=\skip54
\multlinetaggap=\skip55
\mathdisplay@stack=\toks22
LaTeX Info: Redefining \[ on input line 2923.
LaTeX Info: Redefining \] on input line 2924.
)
(/usr/local/texlive/2020/texmf-dist/tex/latex/amsfonts/amsfonts.sty
Package: amsfonts 2013/01/14 v3.01 Basic AMSFonts support
\symAMSa=\mathgroup4
\symAMSb=\mathgroup5
LaTeX Font Info:    Redeclaring math symbol \hbar on input line 98.
LaTeX Font Info:    Overwriting math alphabet `\mathfrak' in version `bold'
(Font)                  U/euf/m/n --> U/euf/b/n on input line 106.
)
(/usr/local/texlive/2020/texmf-dist/tex/latex/amsfonts/amssymb.sty
Package: amssymb 2013/01/14 v3.01 AMS font symbols
)
(/usr/local/texlive/2020/texmf-dist/tex/latex/amscls/amsthm.sty
Package: amsthm 2020/05/29 v2.20.6
\thm@style=\toks23
\thm@bodyfont=\toks24
\thm@headfont=\toks25
\thm@notefont=\toks26
\thm@headpunct=\toks27
\thm@preskip=\skip56
\thm@postskip=\skip57
\thm@headsep=\skip58
\dth@everypar=\toks28
LaTeX Info: Redefining \qed on input line 273.
)
(/usr/local/texlive/2020/texmf-dist/tex/latex/hyperref/hyperref.sty
Package: hyperref 2021-02-27 v7.00k Hypertext links for LaTeX

(/usr/local/texlive/2020/texmf-dist/tex/generic/ltxcmds/ltxcmds.sty
Package: ltxcmds 2020-05-10 v1.25 LaTeX kernel commands for general use (HO)
)
(/usr/local/texlive/2020/texmf-dist/tex/generic/iftex/iftex.sty
Package: iftex 2020/03/06 v1.0d TeX engine tests
)
(/usr/local/texlive/2020/texmf-dist/tex/generic/pdftexcmds/pdftexcmds.sty
Package: pdftexcmds 2020-06-27 v0.33 Utility functions of pdfTeX for LuaTeX (HO
)

(/usr/local/texlive/2020/texmf-dist/tex/generic/infwarerr/infwarerr.sty
Package: infwarerr 2019/12/03 v1.5 Providing info/warning/error messages (HO)
)
Package pdftexcmds Info: \pdf@primitive is available.
Package pdftexcmds Info: \pdf@ifprimitive is available.
Package pdftexcmds Info: \pdfdraftmode found.
)
(/usr/local/texlive/2020/texmf-dist/tex/generic/kvsetkeys/kvsetkeys.sty
Package: kvsetkeys 2019/12/15 v1.18 Key value parser (HO)
)
(/usr/local/texlive/2020/texmf-dist/tex/generic/kvdefinekeys/kvdefinekeys.sty
Package: kvdefinekeys 2019-12-19 v1.6 Define keys (HO)
)
(/usr/local/texlive/2020/texmf-dist/tex/generic/pdfescape/pdfescape.sty
Package: pdfescape 2019/12/09 v1.15 Implements pdfTeX's escape features (HO)
)
(/usr/local/texlive/2020/texmf-dist/tex/latex/hycolor/hycolor.sty
Package: hycolor 2020-01-27 v1.10 Color options for hyperref/bookmark (HO)
)
(/usr/local/texlive/2020/texmf-dist/tex/latex/letltxmacro/letltxmacro.sty
Package: letltxmacro 2019/12/03 v1.6 Let assignment for LaTeX macros (HO)
)
(/usr/local/texlive/2020/texmf-dist/tex/latex/auxhook/auxhook.sty
Package: auxhook 2019-12-17 v1.6 Hooks for auxiliary files (HO)
)
(/usr/local/texlive/2020/texmf-dist/tex/latex/kvoptions/kvoptions.sty
Package: kvoptions 2020-10-07 v3.14 Key value format for package options (HO)
)
\@linkdim=\dimen155
\Hy@linkcounter=\count272
\Hy@pagecounter=\count273

(/usr/local/texlive/2020/texmf-dist/tex/latex/hyperref/pd1enc.def
File: pd1enc.def 2021-02-27 v7.00k Hyperref: PDFDocEncoding definition (HO)
Now handling font encoding PD1 ...
... no UTF-8 mapping file for font encoding PD1
)
(/usr/local/texlive/2020/texmf-dist/tex/latex/hyperref/hyperref-langpatches.def
File: hyperref-langpatches.def 2021-02-27 v7.00k Hyperref: patches for babel la
nguages
) (/usr/local/texlive/2020/texmf-dist/tex/generic/intcalc/intcalc.sty
Package: intcalc 2019/12/15 v1.3 Expandable calculations with integers (HO)
)
(/usr/local/texlive/2020/texmf-dist/tex/generic/etexcmds/etexcmds.sty
Package: etexcmds 2019/12/15 v1.7 Avoid name clashes with e-TeX commands (HO)
)
\Hy@SavedSpaceFactor=\count274

(/usr/local/texlive/2020/texmf-dist/tex/latex/hyperref/puenc.def
File: puenc.def 2021-02-27 v7.00k Hyperref: PDF Unicode definition (HO)
Now handling font encoding PU ...
... no UTF-8 mapping file for font encoding PU
)
Package hyperref Info: Hyper figures OFF on input line 4192.
Package hyperref Info: Link nesting OFF on input line 4197.
Package hyperref Info: Hyper index ON on input line 4200.
Package hyperref Info: Plain pages OFF on input line 4207.
Package hyperref Info: Backreferencing OFF on input line 4212.
Package hyperref Info: Implicit mode ON; LaTeX internals redefined.
Package hyperref Info: Bookmarks ON on input line 4445.
\c@Hy@tempcnt=\count275

(/usr/local/texlive/2020/texmf-dist/tex/latex/url/url.sty
\Urlmuskip=\muskip17
Package: url 2013/09/16  ver 3.4  Verb mode for urls, etc.
)
LaTeX Info: Redefining \url on input line 4804.
\XeTeXLinkMargin=\dimen156

(/usr/local/texlive/2020/texmf-dist/tex/generic/bitset/bitset.sty
Package: bitset 2019/12/09 v1.3 Handle bit-vector datatype (HO)

(/usr/local/texlive/2020/texmf-dist/tex/generic/bigintcalc/bigintcalc.sty
Package: bigintcalc 2019/12/15 v1.5 Expandable calculations on big integers (HO
)
))
\Fld@menulength=\count276
\Field@Width=\dimen157
\Fld@charsize=\dimen158
Package hyperref Info: Hyper figures OFF on input line 6075.
Package hyperref Info: Link nesting OFF on input line 6080.
Package hyperref Info: Hyper index ON on input line 6083.
Package hyperref Info: backreferencing OFF on input line 6090.
Package hyperref Info: Link coloring OFF on input line 6095.
Package hyperref Info: Link coloring with OCG OFF on input line 6100.
Package hyperref Info: PDF/A mode OFF on input line 6105.
LaTeX Info: Redefining \ref on input line 6145.
LaTeX Info: Redefining \pageref on input line 6149.

(/usr/local/texlive/2020/texmf-dist/tex/latex/base/atbegshi-ltx.sty
Package: atbegshi-ltx 2020/08/17 v1.0a Emulation of the original atbegshi packa
ge
with kernel methods
)
\Hy@abspage=\count277
\c@Item=\count278
\c@Hfootnote=\count279
)
Package hyperref Info: Driver (autodetected): hpdftex.

(/usr/local/texlive/2020/texmf-dist/tex/latex/hyperref/hpdftex.def
File: hpdftex.def 2021-02-27 v7.00k Hyperref driver for pdfTeX

(/usr/local/texlive/2020/texmf-dist/tex/latex/base/atveryend-ltx.sty
Package: atveryend-ltx 2020/08/19 v1.0a Emulation of the original atvery packag
e
with kernel methods
)
\Fld@listcount=\count280
\c@bookmark@seq@number=\count281

(/usr/local/texlive/2020/texmf-dist/tex/latex/rerunfilecheck/rerunfilecheck.sty
Package: rerunfilecheck 2019/12/05 v1.9 Rerun checks for auxiliary files (HO)

(/usr/local/texlive/2020/texmf-dist/tex/generic/uniquecounter/uniquecounter.sty
Package: uniquecounter 2019/12/15 v1.4 Provide unlimited unique counter (HO)
)
Package uniquecounter Info: New unique counter `rerunfilecheck' on input line 2
86.
)
\Hy@SectionHShift=\skip59
) (/usr/local/texlive/2020/texmf-dist/tex/latex/graphics/epsfig.sty
Package: epsfig 2017/06/25 v1.7b (e)psfig emulation (SPQR)
\epsfxsize=\dimen159
\epsfysize=\dimen160
)
(/usr/local/texlive/2020/texmf-dist/tex/latex/algorithms/algorithm.sty
Package: algorithm 2009/08/24 v0.1 Document Style `algorithm' - floating enviro
nment

(/usr/local/texlive/2020/texmf-dist/tex/latex/float/float.sty
Package: float 2001/11/08 v1.3d Float enhancements (AL)
\c@float@type=\count282
\float@exts=\toks29
\float@box=\box53
\@float@everytoks=\toks30
\@floatcapt=\box54
)
(/usr/local/texlive/2020/texmf-dist/tex/latex/base/ifthen.sty
Package: ifthen 2014/09/29 v1.1c Standard LaTeX ifthen package (DPC)
)
\@float@every@algorithm=\toks31
\c@algorithm=\count283
)
(/usr/local/texlive/2020/texmf-dist/tex/latex/algorithmicx/algpseudocode.sty
Package: algpseudocode 

(/usr/local/texlive/2020/texmf-dist/tex/latex/algorithmicx/algorithmicx.sty
Package: algorithmicx 2005/04/27 v1.2 Algorithmicx

Document Style algorithmicx 1.2 - a greatly improved `algorithmic' style
\c@ALG@line=\count284
\c@ALG@rem=\count285
\c@ALG@nested=\count286
\ALG@tlm=\skip60
\ALG@thistlm=\skip61
\c@ALG@Lnr=\count287
\c@ALG@blocknr=\count288
\c@ALG@storecount=\count289
\c@ALG@tmpcounter=\count290
\ALG@tmplength=\skip62
)
Document Style - pseudocode environments for use with the `algorithmicx' style
) (/usr/local/texlive/2020/texmf-dist/tex/latex/xcolor/xcolor.sty
Package: xcolor 2016/05/11 v2.12 LaTeX color extensions (UK)

(/usr/local/texlive/2020/texmf-dist/tex/latex/graphics-cfg/color.cfg
File: color.cfg 2016/01/02 v1.6 sample color configuration
)
Package xcolor Info: Driver file: pdftex.def on input line 225.
Package xcolor Info: Model `cmy' substituted by `cmy0' on input line 1348.
Package xcolor Info: Model `hsb' substituted by `rgb' on input line 1352.
Package xcolor Info: Model `RGB' extended on input line 1364.
Package xcolor Info: Model `HTML' substituted by `rgb' on input line 1366.
Package xcolor Info: Model `Hsb' substituted by `hsb' on input line 1367.
Package xcolor Info: Model `tHsb' substituted by `hsb' on input line 1368.
Package xcolor Info: Model `HSB' substituted by `hsb' on input line 1369.
Package xcolor Info: Model `Gray' substituted by `gray' on input line 1370.
Package xcolor Info: Model `wave' substituted by `hsb' on input line 1371.
)
\c@cor=\count291
\c@defin=\count292
\c@thm=\count293
\c@prop=\count294
\c@remark=\count295
\c@lem=\count296
\c@exm=\count297

(./numcompress.sty
Package: numcompress 2012/08/18 187 numcompress (CVR)


Package numcompress Warning: ****************************************
(numcompress)                Package numcompress v,187 loaded
(numcompress)                [Compress numbers (CVR)]
(numcompress)                ****************************************.

) (/usr/local/texlive/2020/texmf-dist/tex/latex/l3backend/l3backend-pdftex.def
File: l3backend-pdftex.def 2021-03-18 L3 backend support: PDF output (pdfTeX)
\l__color_backend_stack_int=\count298
\l__pdf_internal_box=\box55
)
(/diff_test_tex_engines/docker_bin_2/version_compiled_pdf_2020/2306.00469/2306.
00469_tl2020.aux)
\openout1 = `2306.00469_tl2020.aux'.

LaTeX Font Info:    Checking defaults for OML/cmm/m/it on input line 121.
LaTeX Font Info:    ... okay on input line 121.
LaTeX Font Info:    Checking defaults for OMS/cmsy/m/n on input line 121.
LaTeX Font Info:    ... okay on input line 121.
LaTeX Font Info:    Checking defaults for OT1/cmr/m/n on input line 121.
LaTeX Font Info:    ... okay on input line 121.
LaTeX Font Info:    Checking defaults for T1/cmr/m/n on input line 121.
LaTeX Font Info:    ... okay on input line 121.
LaTeX Font Info:    Checking defaults for TS1/cmr/m/n on input line 121.
LaTeX Font Info:    ... okay on input line 121.
LaTeX Font Info:    Checking defaults for OMX/cmex/m/n on input line 121.
LaTeX Font Info:    ... okay on input line 121.
LaTeX Font Info:    Checking defaults for U/cmr/m/n on input line 121.
LaTeX Font Info:    ... okay on input line 121.
LaTeX Font Info:    Checking defaults for PD1/pdf/m/n on input line 121.
LaTeX Font Info:    ... okay on input line 121.
LaTeX Font Info:    Checking defaults for PU/pdf/m/n on input line 121.
LaTeX Font Info:    ... okay on input line 121.

(/usr/local/texlive/2020/texmf-dist/tex/context/base/mkii/supp-pdf.mkii
[Loading MPS to PDF converter (version 2006.09.02).]
\scratchcounter=\count299
\scratchdimen=\dimen161
\scratchbox=\box56
\nofMPsegments=\count300
\nofMParguments=\count301
\everyMPshowfont=\toks32
\MPscratchCnt=\count302
\MPscratchDim=\dimen162
\MPnumerator=\count303
\makeMPintoPDFobject=\count304
\everyMPtoPDFconversion=\toks33
) (/usr/local/texlive/2020/texmf-dist/tex/latex/epstopdf-pkg/epstopdf-base.sty
Package: epstopdf-base 2020-01-24 v2.11 Base part for package epstopdf
Package epstopdf-base Info: Redefining graphics rule for `.eps' on input line 4
85.

(/usr/local/texlive/2020/texmf-dist/tex/latex/latexconfig/epstopdf-sys.cfg
File: epstopdf-sys.cfg 2010/07/13 v1.3 Configuration of (r)epstopdf for TeX Liv
e
))
Package hyperref Info: Link coloring OFF on input line 121.

(/usr/local/texlive/2020/texmf-dist/tex/latex/hyperref/nameref.sty
Package: nameref 2021-04-02 v2.47 Cross-referencing by name of section

(/usr/local/texlive/2020/texmf-dist/tex/latex/refcount/refcount.sty
Package: refcount 2019/12/15 v3.6 Data extraction from label references (HO)
)
(/usr/local/texlive/2020/texmf-dist/tex/generic/gettitlestring/gettitlestring.s
ty
Package: gettitlestring 2019/12/15 v1.6 Cleanup title references (HO)
)
\c@section@level=\count305
)
LaTeX Info: Redefining \ref on input line 121.
LaTeX Info: Redefining \pageref on input line 121.
LaTeX Info: Redefining \nameref on input line 121.

(/diff_test_tex_engines/docker_bin_2/version_compiled_pdf_2020/2306.00469/2306.
00469_tl2020.out)
(/diff_test_tex_engines/docker_bin_2/version_compiled_pdf_2020/2306.00469/2306.
00469_tl2020.out)
\@outlinefile=\write4
\openout4 = `2306.00469_tl2020.out'.

LaTeX Font Info:    Trying to load font information for U+msa on input line 158
.

(/usr/local/texlive/2020/texmf-dist/tex/latex/amsfonts/umsa.fd
File: umsa.fd 2013/01/14 v3.01 AMS symbols A
)
LaTeX Font Info:    Trying to load font information for U+msb on input line 158
.

(/usr/local/texlive/2020/texmf-dist/tex/latex/amsfonts/umsb.fd
File: umsb.fd 2013/01/14 v3.01 AMS symbols B
)

Package natbib Warning: Citation `bien2013lasso' on page 1 undefined on input l
ine 163.


Package natbib Warning: Citation `hao2014interaction' on page 1 undefined on in
put line 163.


Package natbib Warning: Citation `hao2016model' on page 1 undefined on input li
ne 163.


Package natbib Warning: Citation `hao2017note' on page 1 undefined on input lin
e 163.


Package natbib Warning: Citation `yu2019reluctant' on page 1 undefined on input
 line 163.


Package natbib Warning: Citation `tang2020high' on page 1 undefined on input li
ne 163.


Package natbib Warning: Citation `lu2021' on page 1 undefined on input line 163
.


Package natbib Warning: Citation `wang2021penalized' on page 1 undefined on inp
ut line 163.

[1


{/usr/local/texlive/2020/texmf-var/fonts/map/pdftex/updmap/pdftex.map}]

Package natbib Warning: Citation `bien2015convex' on page 2 undefined on input 
line 180.


Package natbib Warning: Citation `yuan2009structured' on page 2 undefined on in
put line 186.


Package natbib Warning: Citation `radchenko2010variable' on page 2 undefined on
 input line 186.


Package natbib Warning: Citation `choi2010variable' on page 2 undefined on inpu
t line 186.


Package natbib Warning: Citation `bien2013lasso' on page 2 undefined on input l
ine 186.


Package natbib Warning: Citation `lim2015learning' on page 2 undefined on input
 line 186.


Package natbib Warning: Citation `haris2016convex' on page 2 undefined on input
 line 186.


Package natbib Warning: Citation `she2017group' on page 2 undefined on input li
ne 186.

[2]

Package natbib Warning: Citation `wainwright2019high' on page 3 undefined on in
put line 205.


Package natbib Warning: Citation `zhao2016analysis' on page 3 undefined on inpu
t line 205.


Package natbib Warning: Citation `glmnet' on page 3 undefined on input line 206
.


Package natbib Warning: Citation `hao2014interaction' on page 3 undefined on in
put line 209.


Package natbib Warning: Citation `fan2015innovated' on page 3 undefined on inpu
t line 209.


Package natbib Warning: Citation `kong2017interaction' on page 3 undefined on i
nput line 209.


Package natbib Warning: Citation `hao2016model' on page 3 undefined on input li
ne 209.


Package natbib Warning: Citation `yu2019reluctant' on page 3 undefined on input
 line 209.


Package natbib Warning: Citation `wang2021penalized' on page 3 undefined on inp
ut line 210.


Package natbib Warning: Citation `tang2020high' on page 3 undefined on input li
ne 210.


Overfull \hbox (4.44998pt too wide) in paragraph at lines 209--212
[]\OT1/cmr/m/n/10.95 To ad-dress the com-pu-ta-tional chal-lenges as-so-ci-ated
 with high-dimensional
 []

[3] [4]

Package natbib Warning: Citation `boyd2011distributed' on page 5 undefined on i
nput line 281.


Package natbib Warning: Citation `friedman2001elements' on page 5 undefined on 
input line 281.


Package natbib Warning: Citation `haris2016convex' on page 5 undefined on input
 line 283.

[5] [6] [7]

Package natbib Warning: Citation `radchenko2010variable' on page 8 undefined on
 input line 363.


Package natbib Warning: Citation `lim2015learning' on page 8 undefined on input
 line 363.


Package natbib Warning: Citation `haris2016convex' on page 8 undefined on input
 line 368.


Package natbib Warning: Citation `bien2013lasso' on page 8 undefined on input l
ine 374.


Package natbib Warning: Citation `haris2016convex' on page 8 undefined on input
 line 374.


Package natbib Warning: Citation `lu2021' on page 8 undefined on input line 380
.

[8]

Package natbib Warning: Citation `boyd2011distributed' on page 9 undefined on i
nput line 396.


Overfull \hbox (7.3593pt too wide) in paragraph at lines 407--408
[]\OT1/cmr/m/n/10.95 Step 1: $\OT1/cmr/bx/n/10.95 B[] \OT1/cmr/m/n/10.95 = [][]
 [] \OML/cmm/m/it/10.95 ; i \OT1/cmr/m/n/10.95 = 0\OML/cmm/m/it/10.95 ; []  ; N
$\OT1/cmr/m/n/10.95 ; 
 []


Package natbib Warning: Citation `parikh2014proximal' on page 9 undefined on in
put line 417.

[9]

Package natbib Warning: Citation `yuan2006model' on page 10 undefined on input 
line 451.

[10]

Package natbib Warning: Citation `duchi2009efficient' on page 11 undefined on i
nput line 455.


Package natbib Warning: Citation `duchi2009efficient' on page 11 undefined on i
nput line 467.


Package natbib Warning: Citation `haris2016convex' on page 11 undefined on inpu
t line 468.


Package natbib Warning: Citation `haris2016convex' on page 11 undefined on inpu
t line 480.

Package hyperref Info: bookmark level for unknown algorithm defaults to 0 on in
put line 486.
[11]
Overfull \hbox (5.81877pt too wide) in paragraph at lines 513--514
[]\OT1/cmr/m/n/10.95 In this part, we com-pare four al-go-rithms for com-put-in
g the ridge-penalized
 []

[12]

Package natbib Warning: Citation `friedman2010regularization' on page 13 undefi
ned on input line 539.


Package natbib Warning: Citation `breheny2011coordinate' on page 13 undefined o
n input line 539.


Package natbib Warning: Citation `tibshirani2012strong' on page 13 undefined on
 input line 558.


Package natbib Warning: Citation `lee2015strong' on page 13 undefined on input 
line 558.


Package natbib Warning: Citation `tibshirani2012strong' on page 13 undefined on
 input line 558.

[13pdfTeX warning (ext4): destination with the same identifier (name{table.1}) 
has been already used, duplicate ignored
<argument> ...shipout:D \box_use:N \l_shipout_box 
                                                  
l.559 
      pdfTeX warning (ext4): destination with the same identifier (name{table.2
}) has been already used, duplicate ignored
<argument> ...shipout:D \box_use:N \l_shipout_box 
                                                  
l.559 
      ] [14pdfTeX warning (ext4): destination with the same identifier (name{ta
ble.3}) has been already used, duplicate ignored
<argument> ...shipout:D \box_use:N \l_shipout_box 
                                                  
l.612 
      ]
<500-200-1-12.pdf, id=193, 505.89pt x 505.89pt>
File: 500-200-1-12.pdf Graphic file (type pdf)
<use 500-200-1-12.pdf>
Package pdftex.def Info: 500-200-1-12.pdf  used on input line 646.
(pdftex.def)             Requested size: 90.33838pt x 90.33838pt.
<500-200-1-13.pdf, id=194, 505.89pt x 505.89pt>
File: 500-200-1-13.pdf Graphic file (type pdf)
<use 500-200-1-13.pdf>
Package pdftex.def Info: 500-200-1-13.pdf  used on input line 646.
(pdftex.def)             Requested size: 90.33838pt x 90.33838pt.
<500-200-1-14.pdf, id=195, 505.89pt x 505.89pt>
File: 500-200-1-14.pdf Graphic file (type pdf)
<use 500-200-1-14.pdf>
Package pdftex.def Info: 500-200-1-14.pdf  used on input line 646.
(pdftex.def)             Requested size: 90.33838pt x 90.33838pt.
<500-200-1-15.pdf, id=196, 505.89pt x 505.89pt>
File: 500-200-1-15.pdf Graphic file (type pdf)
<use 500-200-1-15.pdf>
Package pdftex.def Info: 500-200-1-15.pdf  used on input line 646.
(pdftex.def)             Requested size: 90.33838pt x 90.33838pt.
<500-200-2-12.pdf, id=198, 505.89pt x 505.89pt>
File: 500-200-2-12.pdf Graphic file (type pdf)
<use 500-200-2-12.pdf>
Package pdftex.def Info: 500-200-2-12.pdf  used on input line 646.
(pdftex.def)             Requested size: 90.33838pt x 90.33838pt.
<500-200-2-13.pdf, id=199, 505.89pt x 505.89pt>
File: 500-200-2-13.pdf Graphic file (type pdf)
<use 500-200-2-13.pdf>
Package pdftex.def Info: 500-200-2-13.pdf  used on input line 646.
(pdftex.def)             Requested size: 90.33838pt x 90.33838pt.
<500-200-2-14.pdf, id=200, 505.89pt x 505.89pt>
File: 500-200-2-14.pdf Graphic file (type pdf)
<use 500-200-2-14.pdf>
Package pdftex.def Info: 500-200-2-14.pdf  used on input line 646.
(pdftex.def)             Requested size: 90.33838pt x 90.33838pt.
<500-200-2-15.pdf, id=201, 505.89pt x 505.89pt>
File: 500-200-2-15.pdf Graphic file (type pdf)
<use 500-200-2-15.pdf>
Package pdftex.def Info: 500-200-2-15.pdf  used on input line 646.
(pdftex.def)             Requested size: 90.33838pt x 90.33838pt.
<500-200-3-12.pdf, id=203, 505.89pt x 505.89pt>
File: 500-200-3-12.pdf Graphic file (type pdf)
<use 500-200-3-12.pdf>
Package pdftex.def Info: 500-200-3-12.pdf  used on input line 646.
(pdftex.def)             Requested size: 90.33838pt x 90.33838pt.
<500-200-3-13.pdf, id=204, 505.89pt x 505.89pt>
File: 500-200-3-13.pdf Graphic file (type pdf)
<use 500-200-3-13.pdf>
Package pdftex.def Info: 500-200-3-13.pdf  used on input line 646.
(pdftex.def)             Requested size: 90.33838pt x 90.33838pt.
<500-200-3-14.pdf, id=205, 505.89pt x 505.89pt>
File: 500-200-3-14.pdf Graphic file (type pdf)
<use 500-200-3-14.pdf>
Package pdftex.def Info: 500-200-3-14.pdf  used on input line 646.
(pdftex.def)             Requested size: 90.33838pt x 90.33838pt.
<500-200-3-15.pdf, id=206, 505.89pt x 505.89pt>
File: 500-200-3-15.pdf Graphic file (type pdf)
<use 500-200-3-15.pdf>
Package pdftex.def Info: 500-200-3-15.pdf  used on input line 646.
(pdftex.def)             Requested size: 90.33838pt x 90.33838pt.

No file 2306.00469_tl2020.bbl.

Package natbib Warning: There were undefined citations.

[15] [16pdfTeX warning (ext4): destination with the same identifier (name{figur
e.1}) has been already used, duplicate ignored
<argument> ...shipout:D \box_use:N \l_shipout_box 
                                                  
l.657 \end{document}
                     <./500-200-1-12.pdf> <./500-200-1-13.pdf> <./500-200-1-14.
pdf> <./500-200-1-15.pdf> <./500-200-2-12.pdf> <./500-200-2-13.pdf> <./500-200-
2-14.pdf> <./500-200-2-15.pdf> <./500-200-3-12.pdf> <./500-200-3-13.pdf> <./500
-200-3-14.pdf> <./500-200-3-15.pdf>]
(/diff_test_tex_engines/docker_bin_2/version_compiled_pdf_2020/2306.00469/2306.
00469_tl2020.aux)
Package rerunfilecheck Info: File `2306.00469_tl2020.out' has not changed.
(rerunfilecheck)             Checksum: A4F2581E00E9C52274293AA576BA1FD5;1446.
 ) 
Here is how much of TeX's memory you used:
 10956 strings out of 479014
 154887 string characters out of 5859133
 480062 words of memory out of 5000000
 28186 multiletter control sequences out of 15000+600000
 418031 words of font info for 81 fonts, out of 8000000 for 9000
 1141 hyphenation exceptions out of 8191
 83i,15n,88p,770b,397s stack positions out of 5000i,500n,10000p,200000b,80000s
{/usr/local/texlive/2020/texmf-dist/fonts/enc/dvips/cm-super/cm-super-ts1.enc
}</usr/local/texlive/2020/texmf-dist/fonts/type1/public/amsfonts/cm/cmbx10.pfb>
</usr/local/texlive/2020/texmf-dist/fonts/type1/public/amsfonts/cm/cmbx8.pfb></
usr/local/texlive/2020/texmf-dist/fonts/type1/public/amsfonts/cm/cmex10.pfb></u
sr/local/texlive/2020/texmf-dist/fonts/type1/public/amsfonts/cm/cmmi10.pfb></us
r/local/texlive/2020/texmf-dist/fonts/type1/public/amsfonts/cm/cmmi5.pfb></usr/
local/texlive/2020/texmf-dist/fonts/type1/public/amsfonts/cm/cmmi6.pfb></usr/lo
cal/texlive/2020/texmf-dist/fonts/type1/public/amsfonts/cm/cmmi7.pfb></usr/loca
l/texlive/2020/texmf-dist/fonts/type1/public/amsfonts/cm/cmmi8.pfb></usr/local/
texlive/2020/texmf-dist/fonts/type1/public/amsfonts/cm/cmmi9.pfb></usr/local/te
xlive/2020/texmf-dist/fonts/type1/public/amsfonts/cm/cmr10.pfb></usr/local/texl
ive/2020/texmf-dist/fonts/type1/public/amsfonts/cm/cmr12.pfb></usr/local/texliv
e/2020/texmf-dist/fonts/type1/public/amsfonts/cm/cmr6.pfb></usr/local/texlive/2
020/texmf-dist/fonts/type1/public/amsfonts/cm/cmr7.pfb></usr/local/texlive/2020
/texmf-dist/fonts/type1/public/amsfonts/cm/cmr8.pfb></usr/local/texlive/2020/te
xmf-dist/fonts/type1/public/amsfonts/cm/cmr9.pfb></usr/local/texlive/2020/texmf
-dist/fonts/type1/public/amsfonts/cm/cmsy10.pfb></usr/local/texlive/2020/texmf-
dist/fonts/type1/public/amsfonts/cm/cmsy6.pfb></usr/local/texlive/2020/texmf-di
st/fonts/type1/public/amsfonts/cm/cmsy7.pfb></usr/local/texlive/2020/texmf-dist
/fonts/type1/public/amsfonts/cm/cmsy8.pfb></usr/local/texlive/2020/texmf-dist/f
onts/type1/public/amsfonts/cm/cmti10.pfb></usr/local/texlive/2020/texmf-dist/fo
nts/type1/public/amsfonts/cm/cmti7.pfb></usr/local/texlive/2020/texmf-dist/font
s/type1/public/amsfonts/cm/cmti9.pfb></usr/local/texlive/2020/texmf-dist/fonts/
type1/public/amsfonts/cm/cmtt10.pfb></usr/local/texlive/2020/texmf-dist/fonts/t
ype1/public/amsfonts/cm/cmtt9.pfb></usr/local/texlive/2020/texmf-dist/fonts/typ
e1/public/amsfonts/symbols/msbm10.pfb></usr/local/texlive/2020/texmf-dist/fonts
/type1/public/cm-super/sfrm1095.pfb>
Output written on /diff_test_tex_engines/docker_bin_2/version_compiled_pdf_2020
/2306.00469/2306.00469_tl2020.pdf (16 pages, 479259 bytes).
PDF statistics:
 374 PDF objects out of 1000 (max. 8388607)
 302 compressed objects within 4 object streams
 54 named destinations out of 1000 (max. 500000)
 141 words of extra memory for PDF output out of 10000 (max. 10000000)

