This is pdfTeX, Version 3.141592653-2.6-1.40.25 (TeX Live 2023) (preloaded format=pdflatex 2024.3.4)  13 MAR 2024 11:45
entering extended mode
 restricted \write18 enabled.
 %&-line parsing enabled.
**HiQR_v2.tex
(./HiQR_v2.tex
LaTeX2e <2023-11-01> patch level 1
L3 programming layer <2024-02-20>
(./elsarticle.cls
Document Class: elsarticle 2009/09/17, 1.20b: Elsevier Ltd
\@bls=\dimen140
(/usr/local/texlive/2023/texmf-dist/tex/latex/base/article.cls
Document Class: article 2023/05/17 v1.4n Standard LaTeX document class
(/usr/local/texlive/2023/texmf-dist/tex/latex/base/size11.clo
File: size11.clo 2023/05/17 v1.4n Standard LaTeX file (size option)
)
\c@part=\count188
\c@section=\count189
\c@subsection=\count190
\c@subsubsection=\count191
\c@paragraph=\count192
\c@subparagraph=\count193
\c@figure=\count194
\c@table=\count195
\abovecaptionskip=\skip48
\belowcaptionskip=\skip49
\bibindent=\dimen141
)
(/usr/local/texlive/2023/texmf-dist/tex/latex/graphics/graphicx.sty
Package: graphicx 2021/09/16 v1.2d Enhanced LaTeX Graphics (DPC,SPQR)

(/usr/local/texlive/2023/texmf-dist/tex/latex/graphics/keyval.sty
Package: keyval 2022/05/29 v1.15 key=value parser (DPC)
\KV@toks@=\toks17
)
(/usr/local/texlive/2023/texmf-dist/tex/latex/graphics/graphics.sty
Package: graphics 2022/03/10 v1.4e Standard LaTeX Graphics (DPC,SPQR)

(/usr/local/texlive/2023/texmf-dist/tex/latex/graphics/trig.sty
Package: trig 2021/08/11 v1.11 sin cos tan (DPC)
)
(/usr/local/texlive/2023/texmf-dist/tex/latex/graphics-cfg/graphics.cfg
File: graphics.cfg 2016/06/04 v1.11 sample graphics configuration
)
Package graphics Info: Driver file: pdftex.def on input line 107.

(/usr/local/texlive/2023/texmf-dist/tex/latex/graphics-def/pdftex.def
File: pdftex.def 2022/09/22 v1.2b Graphics/color driver for pdftex
))
\Gin@req@height=\dimen142
\Gin@req@width=\dimen143
)
(/usr/local/texlive/2023/texmf-dist/tex/latex/psnfss/pifont.sty
Package: pifont 2020/03/25 PSNFSS-v9.3 Pi font support (SPQR) 
LaTeX Font Info:    Trying to load font information for U+pzd on input line 63.


(/usr/local/texlive/2023/texmf-dist/tex/latex/psnfss/upzd.fd
File: upzd.fd 2001/06/04 font definitions for U/pzd.
)
LaTeX Font Info:    Trying to load font information for U+psy on input line 64.


(/usr/local/texlive/2023/texmf-dist/tex/latex/psnfss/upsy.fd
File: upsy.fd 2001/06/04 font definitions for U/psy.
))
\c@tnote=\count196
\c@fnote=\count197
\c@cnote=\count198
\c@ead=\count199
\c@author=\count266
\@eadauthor=\toks18
\c@affn=\count267
\absbox=\box51
\keybox=\box52
\Columnwidth=\dimen144
\space@left=\dimen145
\els@boxa=\box53
\els@boxb=\box54
\leftMargin=\dimen146
\@enLab=\toks19
\@sep=\skip50
\@@sep=\skip51

(/diff_test_tex_engines/docker_bin_2/version_compiled_pdf/2306.00469/2306.00469
_tl2023.spl) (/usr/local/texlive/2023/texmf-dist/tex/latex/natbib/natbib.sty
Package: natbib 2010/09/13 8.31b (PWD, AO)
\bibhang=\skip52
\bibsep=\skip53
LaTeX Info: Redefining \cite on input line 694.
\c@NAT@ctr=\count268
)
\splwrite=\write3
\openout3 = `2306.00469_tl2023.spl'.

\appnamewidth=\dimen147
)
(/usr/local/texlive/2023/texmf-dist/tex/latex/amsmath/amsmath.sty
Package: amsmath 2023/05/13 v2.17o AMS math features
\@mathmargin=\skip54

For additional information on amsmath, use the `?' option.
(/usr/local/texlive/2023/texmf-dist/tex/latex/amsmath/amstext.sty
Package: amstext 2021/08/26 v2.01 AMS text

(/usr/local/texlive/2023/texmf-dist/tex/latex/amsmath/amsgen.sty
File: amsgen.sty 1999/11/30 v2.0 generic functions
\@emptytoks=\toks20
\ex@=\dimen148
))
(/usr/local/texlive/2023/texmf-dist/tex/latex/amsmath/amsbsy.sty
Package: amsbsy 1999/11/29 v1.2d Bold Symbols
\pmbraise@=\dimen149
)
(/usr/local/texlive/2023/texmf-dist/tex/latex/amsmath/amsopn.sty
Package: amsopn 2022/04/08 v2.04 operator names
)
\inf@bad=\count269
LaTeX Info: Redefining \frac on input line 234.
\uproot@=\count270
\leftroot@=\count271
LaTeX Info: Redefining \overline on input line 399.
LaTeX Info: Redefining \colon on input line 410.
\classnum@=\count272
\DOTSCASE@=\count273
LaTeX Info: Redefining \ldots on input line 496.
LaTeX Info: Redefining \dots on input line 499.
LaTeX Info: Redefining \cdots on input line 620.
\Mathstrutbox@=\box55
\strutbox@=\box56
LaTeX Info: Redefining \big on input line 722.
LaTeX Info: Redefining \Big on input line 723.
LaTeX Info: Redefining \bigg on input line 724.
LaTeX Info: Redefining \Bigg on input line 725.
\big@size=\dimen150
LaTeX Font Info:    Redeclaring font encoding OML on input line 743.
LaTeX Font Info:    Redeclaring font encoding OMS on input line 744.
\macc@depth=\count274
LaTeX Info: Redefining \bmod on input line 905.
LaTeX Info: Redefining \pmod on input line 910.
LaTeX Info: Redefining \smash on input line 940.
LaTeX Info: Redefining \relbar on input line 970.
LaTeX Info: Redefining \Relbar on input line 971.
\c@MaxMatrixCols=\count275
\dotsspace@=\muskip16
\c@parentequation=\count276
\dspbrk@lvl=\count277
\tag@help=\toks21
\row@=\count278
\column@=\count279
\maxfields@=\count280
\andhelp@=\toks22
\eqnshift@=\dimen151
\alignsep@=\dimen152
\tagshift@=\dimen153
\tagwidth@=\dimen154
\totwidth@=\dimen155
\lineht@=\dimen156
\@envbody=\toks23
\multlinegap=\skip55
\multlinetaggap=\skip56
\mathdisplay@stack=\toks24
LaTeX Info: Redefining \[ on input line 2953.
LaTeX Info: Redefining \] on input line 2954.
)
(/usr/local/texlive/2023/texmf-dist/tex/latex/amsfonts/amsfonts.sty
Package: amsfonts 2013/01/14 v3.01 Basic AMSFonts support
\symAMSa=\mathgroup4
\symAMSb=\mathgroup5
LaTeX Font Info:    Redeclaring math symbol \hbar on input line 98.
LaTeX Font Info:    Overwriting math alphabet `\mathfrak' in version `bold'
(Font)                  U/euf/m/n --> U/euf/b/n on input line 106.
)
(/usr/local/texlive/2023/texmf-dist/tex/latex/amsfonts/amssymb.sty
Package: amssymb 2013/01/14 v3.01 AMS font symbols
)
(/usr/local/texlive/2023/texmf-dist/tex/latex/amscls/amsthm.sty
Package: amsthm 2020/05/29 v2.20.6
\thm@style=\toks25
\thm@bodyfont=\toks26
\thm@headfont=\toks27
\thm@notefont=\toks28
\thm@headpunct=\toks29
\thm@preskip=\skip57
\thm@postskip=\skip58
\thm@headsep=\skip59
\dth@everypar=\toks30
LaTeX Info: Redefining \qed on input line 273.
)
(/usr/local/texlive/2023/texmf-dist/tex/latex/hyperref/hyperref.sty
Package: hyperref 2024-01-20 v7.01h Hypertext links for LaTeX

(/usr/local/texlive/2023/texmf-dist/tex/generic/iftex/iftex.sty
Package: iftex 2022/02/03 v1.0f TeX engine tests
)
(/usr/local/texlive/2023/texmf-dist/tex/latex/kvsetkeys/kvsetkeys.sty
Package: kvsetkeys 2022-10-05 v1.19 Key value parser (HO)
)
(/usr/local/texlive/2023/texmf-dist/tex/generic/kvdefinekeys/kvdefinekeys.sty
Package: kvdefinekeys 2019-12-19 v1.6 Define keys (HO)
)
(/usr/local/texlive/2023/texmf-dist/tex/generic/pdfescape/pdfescape.sty
Package: pdfescape 2019/12/09 v1.15 Implements pdfTeX's escape features (HO)

(/usr/local/texlive/2023/texmf-dist/tex/generic/ltxcmds/ltxcmds.sty
Package: ltxcmds 2023-12-04 v1.26 LaTeX kernel commands for general use (HO)
)
(/usr/local/texlive/2023/texmf-dist/tex/generic/pdftexcmds/pdftexcmds.sty
Package: pdftexcmds 2020-06-27 v0.33 Utility functions of pdfTeX for LuaTeX (HO
)

(/usr/local/texlive/2023/texmf-dist/tex/generic/infwarerr/infwarerr.sty
Package: infwarerr 2019/12/03 v1.5 Providing info/warning/error messages (HO)
)
Package pdftexcmds Info: \pdf@primitive is available.
Package pdftexcmds Info: \pdf@ifprimitive is available.
Package pdftexcmds Info: \pdfdraftmode found.
))
(/usr/local/texlive/2023/texmf-dist/tex/latex/hycolor/hycolor.sty
Package: hycolor 2020-01-27 v1.10 Color options for hyperref/bookmark (HO)
)
(/usr/local/texlive/2023/texmf-dist/tex/latex/auxhook/auxhook.sty
Package: auxhook 2019-12-17 v1.6 Hooks for auxiliary files (HO)
)
(/usr/local/texlive/2023/texmf-dist/tex/latex/hyperref/nameref.sty
Package: nameref 2023-11-26 v2.56 Cross-referencing by name of section

(/usr/local/texlive/2023/texmf-dist/tex/latex/refcount/refcount.sty
Package: refcount 2019/12/15 v3.6 Data extraction from label references (HO)
)
(/usr/local/texlive/2023/texmf-dist/tex/generic/gettitlestring/gettitlestring.s
ty
Package: gettitlestring 2019/12/15 v1.6 Cleanup title references (HO)
 (/usr/local/texlive/2023/texmf-dist/tex/latex/kvoptions/kvoptions.sty
Package: kvoptions 2022-06-15 v3.15 Key value format for package options (HO)
))
\c@section@level=\count281
)
(/usr/local/texlive/2023/texmf-dist/tex/latex/etoolbox/etoolbox.sty
Package: etoolbox 2020/10/05 v2.5k e-TeX tools for LaTeX (JAW)
\etb@tempcnta=\count282
)
\@linkdim=\dimen157
\Hy@linkcounter=\count283
\Hy@pagecounter=\count284

(/usr/local/texlive/2023/texmf-dist/tex/latex/hyperref/pd1enc.def
File: pd1enc.def 2024-01-20 v7.01h Hyperref: PDFDocEncoding definition (HO)
Now handling font encoding PD1 ...
... no UTF-8 mapping file for font encoding PD1
)
(/usr/local/texlive/2023/texmf-dist/tex/generic/intcalc/intcalc.sty
Package: intcalc 2019/12/15 v1.3 Expandable calculations with integers (HO)
)
\Hy@SavedSpaceFactor=\count285

(/usr/local/texlive/2023/texmf-dist/tex/latex/hyperref/puenc.def
File: puenc.def 2024-01-20 v7.01h Hyperref: PDF Unicode definition (HO)
Now handling font encoding PU ...
... no UTF-8 mapping file for font encoding PU
)
Package hyperref Info: Hyper figures OFF on input line 4179.
Package hyperref Info: Link nesting OFF on input line 4184.
Package hyperref Info: Hyper index ON on input line 4187.
Package hyperref Info: Plain pages OFF on input line 4194.
Package hyperref Info: Backreferencing OFF on input line 4199.
Package hyperref Info: Implicit mode ON; LaTeX internals redefined.
Package hyperref Info: Bookmarks ON on input line 4446.
\c@Hy@tempcnt=\count286

(/usr/local/texlive/2023/texmf-dist/tex/latex/url/url.sty
\Urlmuskip=\muskip17
Package: url 2013/09/16  ver 3.4  Verb mode for urls, etc.
)
LaTeX Info: Redefining \url on input line 4784.
\XeTeXLinkMargin=\dimen158

(/usr/local/texlive/2023/texmf-dist/tex/generic/bitset/bitset.sty
Package: bitset 2019/12/09 v1.3 Handle bit-vector datatype (HO)

(/usr/local/texlive/2023/texmf-dist/tex/generic/bigintcalc/bigintcalc.sty
Package: bigintcalc 2019/12/15 v1.5 Expandable calculations on big integers (HO
)
))
\Fld@menulength=\count287
\Field@Width=\dimen159
\Fld@charsize=\dimen160
Package hyperref Info: Hyper figures OFF on input line 6063.
Package hyperref Info: Link nesting OFF on input line 6068.
Package hyperref Info: Hyper index ON on input line 6071.
Package hyperref Info: backreferencing OFF on input line 6078.
Package hyperref Info: Link coloring OFF on input line 6083.
Package hyperref Info: Link coloring with OCG OFF on input line 6088.
Package hyperref Info: PDF/A mode OFF on input line 6093.

(/usr/local/texlive/2023/texmf-dist/tex/latex/base/atbegshi-ltx.sty
Package: atbegshi-ltx 2021/01/10 v1.0c Emulation of the original atbegshi
package with kernel methods
)
\Hy@abspage=\count288
\c@Item=\count289
\c@Hfootnote=\count290
)
Package hyperref Info: Driver (autodetected): hpdftex.

(/usr/local/texlive/2023/texmf-dist/tex/latex/hyperref/hpdftex.def
File: hpdftex.def 2024-01-20 v7.01h Hyperref driver for pdfTeX

(/usr/local/texlive/2023/texmf-dist/tex/latex/base/atveryend-ltx.sty
Package: atveryend-ltx 2020/08/19 v1.0a Emulation of the original atveryend pac
kage
with kernel methods
)
\Fld@listcount=\count291
\c@bookmark@seq@number=\count292

(/usr/local/texlive/2023/texmf-dist/tex/latex/rerunfilecheck/rerunfilecheck.sty
Package: rerunfilecheck 2022-07-10 v1.10 Rerun checks for auxiliary files (HO)

(/usr/local/texlive/2023/texmf-dist/tex/generic/uniquecounter/uniquecounter.sty
Package: uniquecounter 2019/12/15 v1.4 Provide unlimited unique counter (HO)
)
Package uniquecounter Info: New unique counter `rerunfilecheck' on input line 2
85.
)
\Hy@SectionHShift=\skip60
) (/usr/local/texlive/2023/texmf-dist/tex/latex/graphics/epsfig.sty
Package: epsfig 2017/06/25 v1.7b (e)psfig emulation (SPQR)
\epsfxsize=\dimen161
\epsfysize=\dimen162
)
(/usr/local/texlive/2023/texmf-dist/tex/latex/algorithms/algorithm.sty
Package: algorithm 2009/08/24 v0.1 Document Style `algorithm' - floating enviro
nment

(/usr/local/texlive/2023/texmf-dist/tex/latex/float/float.sty
Package: float 2001/11/08 v1.3d Float enhancements (AL)
\c@float@type=\count293
\float@exts=\toks31
\float@box=\box57
\@float@everytoks=\toks32
\@floatcapt=\box58
)
(/usr/local/texlive/2023/texmf-dist/tex/latex/base/ifthen.sty
Package: ifthen 2022/04/13 v1.1d Standard LaTeX ifthen package (DPC)
)
\@float@every@algorithm=\toks33
\c@algorithm=\count294
)
(/usr/local/texlive/2023/texmf-dist/tex/latex/algorithmicx/algpseudocode.sty
Package: algpseudocode 

(/usr/local/texlive/2023/texmf-dist/tex/latex/algorithmicx/algorithmicx.sty
Package: algorithmicx 2005/04/27 v1.2 Algorithmicx

Document Style algorithmicx 1.2 - a greatly improved `algorithmic' style
\c@ALG@line=\count295
\c@ALG@rem=\count296
\c@ALG@nested=\count297
\ALG@tlm=\skip61
\ALG@thistlm=\skip62
\c@ALG@Lnr=\count298
\c@ALG@blocknr=\count299
\c@ALG@storecount=\count300
\c@ALG@tmpcounter=\count301
\ALG@tmplength=\skip63
)
Document Style - pseudocode environments for use with the `algorithmicx' style
) (/usr/local/texlive/2023/texmf-dist/tex/latex/xcolor/xcolor.sty
Package: xcolor 2023/11/15 v3.01 LaTeX color extensions (UK)

(/usr/local/texlive/2023/texmf-dist/tex/latex/graphics-cfg/color.cfg
File: color.cfg 2016/01/02 v1.6 sample color configuration
)
Package xcolor Info: Driver file: pdftex.def on input line 274.

(/usr/local/texlive/2023/texmf-dist/tex/latex/graphics/mathcolor.ltx)
Package xcolor Info: Model `cmy' substituted by `cmy0' on input line 1350.
Package xcolor Info: Model `hsb' substituted by `rgb' on input line 1354.
Package xcolor Info: Model `RGB' extended on input line 1366.
Package xcolor Info: Model `HTML' substituted by `rgb' on input line 1368.
Package xcolor Info: Model `Hsb' substituted by `hsb' on input line 1369.
Package xcolor Info: Model `tHsb' substituted by `hsb' on input line 1370.
Package xcolor Info: Model `HSB' substituted by `hsb' on input line 1371.
Package xcolor Info: Model `Gray' substituted by `gray' on input line 1372.
Package xcolor Info: Model `wave' substituted by `hsb' on input line 1373.
)
\c@cor=\count302
\c@defin=\count303
\c@thm=\count304
\c@prop=\count305
\c@remark=\count306
\c@lem=\count307
\c@exm=\count308

(./numcompress.sty
Package: numcompress 2012/08/18 187 numcompress (CVR)


Package numcompress Warning: ****************************************
(numcompress)                Package numcompress v,187 loaded
(numcompress)                [Compress numbers (CVR)]
(numcompress)                ****************************************.

) (/usr/local/texlive/2023/texmf-dist/tex/latex/l3backend/l3backend-pdftex.def
File: l3backend-pdftex.def 2024-02-20 L3 backend support: PDF output (pdfTeX)
\l__color_backend_stack_int=\count309
\l__pdf_internal_box=\box59
)
(/diff_test_tex_engines/docker_bin_2/version_compiled_pdf/2306.00469/2306.00469
_tl2023.aux)
\openout1 = `2306.00469_tl2023.aux'.

LaTeX Font Info:    Checking defaults for OML/cmm/m/it on input line 121.
LaTeX Font Info:    ... okay on input line 121.
LaTeX Font Info:    Checking defaults for OMS/cmsy/m/n on input line 121.
LaTeX Font Info:    ... okay on input line 121.
LaTeX Font Info:    Checking defaults for OT1/cmr/m/n on input line 121.
LaTeX Font Info:    ... okay on input line 121.
LaTeX Font Info:    Checking defaults for T1/cmr/m/n on input line 121.
LaTeX Font Info:    ... okay on input line 121.
LaTeX Font Info:    Checking defaults for TS1/cmr/m/n on input line 121.
LaTeX Font Info:    ... okay on input line 121.
LaTeX Font Info:    Checking defaults for OMX/cmex/m/n on input line 121.
LaTeX Font Info:    ... okay on input line 121.
LaTeX Font Info:    Checking defaults for U/cmr/m/n on input line 121.
LaTeX Font Info:    ... okay on input line 121.
LaTeX Font Info:    Checking defaults for PD1/pdf/m/n on input line 121.
LaTeX Font Info:    ... okay on input line 121.
LaTeX Font Info:    Checking defaults for PU/pdf/m/n on input line 121.
LaTeX Font Info:    ... okay on input line 121.

(/usr/local/texlive/2023/texmf-dist/tex/context/base/mkii/supp-pdf.mkii
[Loading MPS to PDF converter (version 2006.09.02).]
\scratchcounter=\count310
\scratchdimen=\dimen163
\scratchbox=\box60
\nofMPsegments=\count311
\nofMParguments=\count312
\everyMPshowfont=\toks34
\MPscratchCnt=\count313
\MPscratchDim=\dimen164
\MPnumerator=\count314
\makeMPintoPDFobject=\count315
\everyMPtoPDFconversion=\toks35
) (/usr/local/texlive/2023/texmf-dist/tex/latex/epstopdf-pkg/epstopdf-base.sty
Package: epstopdf-base 2020-01-24 v2.11 Base part for package epstopdf
Package epstopdf-base Info: Redefining graphics rule for `.eps' on input line 4
85.

(/usr/local/texlive/2023/texmf-dist/tex/latex/latexconfig/epstopdf-sys.cfg
File: epstopdf-sys.cfg 2010/07/13 v1.3 Configuration of (r)epstopdf for TeX Liv
e
))
Package hyperref Info: Link coloring OFF on input line 121.

(/diff_test_tex_engines/docker_bin_2/version_compiled_pdf/2306.00469/2306.00469
_tl2023.out)
(/diff_test_tex_engines/docker_bin_2/version_compiled_pdf/2306.00469/2306.00469
_tl2023.out)
\@outlinefile=\write4
\openout4 = `2306.00469_tl2023.out'.

LaTeX Font Info:    Trying to load font information for U+msa on input line 158
.
 (/usr/local/texlive/2023/texmf-dist/tex/latex/amsfonts/umsa.fd
File: umsa.fd 2013/01/14 v3.01 AMS symbols A
)
LaTeX Font Info:    Trying to load font information for U+msb on input line 158
.

(/usr/local/texlive/2023/texmf-dist/tex/latex/amsfonts/umsb.fd
File: umsb.fd 2013/01/14 v3.01 AMS symbols B
)

Package natbib Warning: Citation `bien2013lasso' on page 1 undefined on input l
ine 163.


Package natbib Warning: Citation `hao2014interaction' on page 1 undefined on in
put line 163.


Package natbib Warning: Citation `hao2016model' on page 1 undefined on input li
ne 163.


Package natbib Warning: Citation `hao2017note' on page 1 undefined on input lin
e 163.


Package natbib Warning: Citation `yu2019reluctant' on page 1 undefined on input
 line 163.


Package natbib Warning: Citation `tang2020high' on page 1 undefined on input li
ne 163.


Package natbib Warning: Citation `lu2021' on page 1 undefined on input line 163
.


Package natbib Warning: Citation `wang2021penalized' on page 1 undefined on inp
ut line 163.

[1


{/usr/local/texlive/2023/texmf-var/fonts/map/pdftex/updmap/pdftex.map}]

Package natbib Warning: Citation `bien2015convex' on page 2 undefined on input 
line 180.


Package natbib Warning: Citation `yuan2009structured' on page 2 undefined on in
put line 186.


Package natbib Warning: Citation `radchenko2010variable' on page 2 undefined on
 input line 186.


Package natbib Warning: Citation `choi2010variable' on page 2 undefined on inpu
t line 186.


Package natbib Warning: Citation `bien2013lasso' on page 2 undefined on input l
ine 186.


Package natbib Warning: Citation `lim2015learning' on page 2 undefined on input
 line 186.


Package natbib Warning: Citation `haris2016convex' on page 2 undefined on input
 line 186.


Package natbib Warning: Citation `she2017group' on page 2 undefined on input li
ne 186.

[2]

Package natbib Warning: Citation `wainwright2019high' on page 3 undefined on in
put line 205.


Package natbib Warning: Citation `zhao2016analysis' on page 3 undefined on inpu
t line 205.


Package natbib Warning: Citation `glmnet' on page 3 undefined on input line 206
.


Package natbib Warning: Citation `hao2014interaction' on page 3 undefined on in
put line 209.


Package natbib Warning: Citation `fan2015innovated' on page 3 undefined on inpu
t line 209.


Package natbib Warning: Citation `kong2017interaction' on page 3 undefined on i
nput line 209.


Package natbib Warning: Citation `hao2016model' on page 3 undefined on input li
ne 209.


Package natbib Warning: Citation `yu2019reluctant' on page 3 undefined on input
 line 209.


Package natbib Warning: Citation `wang2021penalized' on page 3 undefined on inp
ut line 210.


Package natbib Warning: Citation `tang2020high' on page 3 undefined on input li
ne 210.


Overfull \hbox (4.44998pt too wide) in paragraph at lines 209--212
[]\OT1/cmr/m/n/10.95 To ad-dress the com-pu-ta-tional chal-lenges as-so-ci-ated
 with high-dimensional
 []

[3] [4]

Package natbib Warning: Citation `boyd2011distributed' on page 5 undefined on i
nput line 281.


Package natbib Warning: Citation `friedman2001elements' on page 5 undefined on 
input line 281.


Package natbib Warning: Citation `haris2016convex' on page 5 undefined on input
 line 283.

[5] [6] [7]

Package natbib Warning: Citation `radchenko2010variable' on page 8 undefined on
 input line 363.


Package natbib Warning: Citation `lim2015learning' on page 8 undefined on input
 line 363.


Package natbib Warning: Citation `haris2016convex' on page 8 undefined on input
 line 368.


Package natbib Warning: Citation `bien2013lasso' on page 8 undefined on input l
ine 374.


Package natbib Warning: Citation `haris2016convex' on page 8 undefined on input
 line 374.


Package natbib Warning: Citation `lu2021' on page 8 undefined on input line 380
.

[8{/usr/local/texlive/2023/texmf-dist/fonts/enc/dvips/cm-super/cm-super-ts1.enc
}]

Package natbib Warning: Citation `boyd2011distributed' on page 9 undefined on i
nput line 396.


Overfull \hbox (7.3593pt too wide) in paragraph at lines 407--408
[]\OT1/cmr/m/n/10.95 Step 1: $\OT1/cmr/bx/n/10.95 B[] \OT1/cmr/m/n/10.95 = [][]
 [] \OML/cmm/m/it/10.95 ; i \OT1/cmr/m/n/10.95 = 0\OML/cmm/m/it/10.95 ; []  ; N
$\OT1/cmr/m/n/10.95 ; 
 []


Package natbib Warning: Citation `parikh2014proximal' on page 9 undefined on in
put line 417.

[9]

Package natbib Warning: Citation `yuan2006model' on page 10 undefined on input 
line 451.

[10]

Package natbib Warning: Citation `duchi2009efficient' on page 11 undefined on i
nput line 455.


Package natbib Warning: Citation `duchi2009efficient' on page 11 undefined on i
nput line 467.


Package natbib Warning: Citation `haris2016convex' on page 11 undefined on inpu
t line 468.


Package natbib Warning: Citation `haris2016convex' on page 11 undefined on inpu
t line 480.

Package hyperref Info: bookmark level for unknown algorithm defaults to 0 on in
put line 486.
[11]
Overfull \hbox (5.81877pt too wide) in paragraph at lines 513--514
[]\OT1/cmr/m/n/10.95 In this part, we com-pare four al-go-rithms for com-put-in
g the ridge-penalized
 []

[12]

Package natbib Warning: Citation `friedman2010regularization' on page 13 undefi
ned on input line 539.


Package natbib Warning: Citation `breheny2011coordinate' on page 13 undefined o
n input line 539.


Package natbib Warning: Citation `tibshirani2012strong' on page 13 undefined on
 input line 558.


Package natbib Warning: Citation `lee2015strong' on page 13 undefined on input 
line 558.


Package natbib Warning: Citation `tibshirani2012strong' on page 13 undefined on
 input line 558.

[13
pdfTeX warning (ext4): destination with the same identifier (name{table.1}) has
 been already used, duplicate ignored
<argument> ...shipout:D \box_use:N \l_shipout_box 
                                                  \__shipout_drop_firstpage_...
l.559 
      
pdfTeX warning (ext4): destination with the same identifier (name{table.2}) has
 been already used, duplicate ignored
<argument> ...shipout:D \box_use:N \l_shipout_box 
                                                  \__shipout_drop_firstpage_...
l.559 
      ] [14
pdfTeX warning (ext4): destination with the same identifier (name{table.3}) has
 been already used, duplicate ignored
<argument> ...shipout:D \box_use:N \l_shipout_box 
                                                  \__shipout_drop_firstpage_...
l.612 
      ]
<500-200-1-12.pdf, id=193, 505.89pt x 505.89pt>
File: 500-200-1-12.pdf Graphic file (type pdf)
<use 500-200-1-12.pdf>
Package pdftex.def Info: 500-200-1-12.pdf  used on input line 646.
(pdftex.def)             Requested size: 90.33838pt x 90.33838pt.
<500-200-1-13.pdf, id=194, 505.89pt x 505.89pt>
File: 500-200-1-13.pdf Graphic file (type pdf)
<use 500-200-1-13.pdf>
Package pdftex.def Info: 500-200-1-13.pdf  used on input line 646.
(pdftex.def)             Requested size: 90.33838pt x 90.33838pt.
<500-200-1-14.pdf, id=195, 505.89pt x 505.89pt>
File: 500-200-1-14.pdf Graphic file (type pdf)
<use 500-200-1-14.pdf>
Package pdftex.def Info: 500-200-1-14.pdf  used on input line 646.
(pdftex.def)             Requested size: 90.33838pt x 90.33838pt.
<500-200-1-15.pdf, id=196, 505.89pt x 505.89pt>
File: 500-200-1-15.pdf Graphic file (type pdf)
<use 500-200-1-15.pdf>
Package pdftex.def Info: 500-200-1-15.pdf  used on input line 646.
(pdftex.def)             Requested size: 90.33838pt x 90.33838pt.
<500-200-2-12.pdf, id=198, 505.89pt x 505.89pt>
File: 500-200-2-12.pdf Graphic file (type pdf)
<use 500-200-2-12.pdf>
Package pdftex.def Info: 500-200-2-12.pdf  used on input line 646.
(pdftex.def)             Requested size: 90.33838pt x 90.33838pt.
<500-200-2-13.pdf, id=199, 505.89pt x 505.89pt>
File: 500-200-2-13.pdf Graphic file (type pdf)
<use 500-200-2-13.pdf>
Package pdftex.def Info: 500-200-2-13.pdf  used on input line 646.
(pdftex.def)             Requested size: 90.33838pt x 90.33838pt.
<500-200-2-14.pdf, id=200, 505.89pt x 505.89pt>
File: 500-200-2-14.pdf Graphic file (type pdf)
<use 500-200-2-14.pdf>
Package pdftex.def Info: 500-200-2-14.pdf  used on input line 646.
(pdftex.def)             Requested size: 90.33838pt x 90.33838pt.
<500-200-2-15.pdf, id=201, 505.89pt x 505.89pt>
File: 500-200-2-15.pdf Graphic file (type pdf)
<use 500-200-2-15.pdf>
Package pdftex.def Info: 500-200-2-15.pdf  used on input line 646.
(pdftex.def)             Requested size: 90.33838pt x 90.33838pt.
<500-200-3-12.pdf, id=203, 505.89pt x 505.89pt>
File: 500-200-3-12.pdf Graphic file (type pdf)
<use 500-200-3-12.pdf>
Package pdftex.def Info: 500-200-3-12.pdf  used on input line 646.
(pdftex.def)             Requested size: 90.33838pt x 90.33838pt.
<500-200-3-13.pdf, id=204, 505.89pt x 505.89pt>
File: 500-200-3-13.pdf Graphic file (type pdf)
<use 500-200-3-13.pdf>
Package pdftex.def Info: 500-200-3-13.pdf  used on input line 646.
(pdftex.def)             Requested size: 90.33838pt x 90.33838pt.
<500-200-3-14.pdf, id=205, 505.89pt x 505.89pt>
File: 500-200-3-14.pdf Graphic file (type pdf)
<use 500-200-3-14.pdf>
Package pdftex.def Info: 500-200-3-14.pdf  used on input line 646.
(pdftex.def)             Requested size: 90.33838pt x 90.33838pt.
<500-200-3-15.pdf, id=206, 505.89pt x 505.89pt>
File: 500-200-3-15.pdf Graphic file (type pdf)
<use 500-200-3-15.pdf>
Package pdftex.def Info: 500-200-3-15.pdf  used on input line 646.
(pdftex.def)             Requested size: 90.33838pt x 90.33838pt.

No file 2306.00469_tl2023.bbl.

Package natbib Warning: There were undefined citations.

[15] [16
pdfTeX warning (ext4): destination with the same identifier (name{figure.1}) ha
s been already used, duplicate ignored
<argument> ...shipout:D \box_use:N \l_shipout_box 
                                                  \__shipout_drop_firstpage_...
l.657 \end{document}
                     <./500-200-1-12.pdf> <./500-200-1-13.pdf> <./500-200-1-14.
pdf> <./500-200-1-15.pdf> <./500-200-2-12.pdf> <./500-200-2-13.pdf> <./500-200-
2-14.pdf> <./500-200-2-15.pdf> <./500-200-3-12.pdf> <./500-200-3-13.pdf> <./500
-200-3-14.pdf> <./500-200-3-15.pdf>]
(/diff_test_tex_engines/docker_bin_2/version_compiled_pdf/2306.00469/2306.00469
_tl2023.aux)
 ***********
LaTeX2e <2023-11-01> patch level 1
L3 programming layer <2024-02-20>
 ***********
Package rerunfilecheck Info: File `2306.00469_tl2023.out' has not changed.
(rerunfilecheck)             Checksum: A4F2581E00E9C52274293AA576BA1FD5;1446.
 ) 
Here is how much of TeX's memory you used:
 11832 strings out of 474116
 178336 string characters out of 5743689
 1944187 words of memory out of 5000000
 33955 multiletter control sequences out of 15000+600000
 572670 words of font info for 90 fonts, out of 8000000 for 9000
 1141 hyphenation exceptions out of 8191
 75i,15n,79p,770b,515s stack positions out of 10000i,1000n,20000p,200000b,200000s
</usr/local/texlive/2023/texmf-dist/fonts/type1/public/amsfonts/cm/cmbx10.pfb
></usr/local/texlive/2023/texmf-dist/fonts/type1/public/amsfonts/cm/cmbx8.pfb><
/usr/local/texlive/2023/texmf-dist/fonts/type1/public/amsfonts/cm/cmex10.pfb></
usr/local/texlive/2023/texmf-dist/fonts/type1/public/amsfonts/cm/cmmi10.pfb></u
sr/local/texlive/2023/texmf-dist/fonts/type1/public/amsfonts/cm/cmmi5.pfb></usr
/local/texlive/2023/texmf-dist/fonts/type1/public/amsfonts/cm/cmmi6.pfb></usr/l
ocal/texlive/2023/texmf-dist/fonts/type1/public/amsfonts/cm/cmmi7.pfb></usr/loc
al/texlive/2023/texmf-dist/fonts/type1/public/amsfonts/cm/cmmi8.pfb></usr/local
/texlive/2023/texmf-dist/fonts/type1/public/amsfonts/cm/cmmi9.pfb></usr/local/t
exlive/2023/texmf-dist/fonts/type1/public/amsfonts/cm/cmr10.pfb></usr/local/tex
live/2023/texmf-dist/fonts/type1/public/amsfonts/cm/cmr12.pfb></usr/local/texli
ve/2023/texmf-dist/fonts/type1/public/amsfonts/cm/cmr6.pfb></usr/local/texlive/
2023/texmf-dist/fonts/type1/public/amsfonts/cm/cmr7.pfb></usr/local/texlive/202
3/texmf-dist/fonts/type1/public/amsfonts/cm/cmr8.pfb></usr/local/texlive/2023/t
exmf-dist/fonts/type1/public/amsfonts/cm/cmr9.pfb></usr/local/texlive/2023/texm
f-dist/fonts/type1/public/amsfonts/cm/cmsy10.pfb></usr/local/texlive/2023/texmf
-dist/fonts/type1/public/amsfonts/cm/cmsy6.pfb></usr/local/texlive/2023/texmf-d
ist/fonts/type1/public/amsfonts/cm/cmsy7.pfb></usr/local/texlive/2023/texmf-dis
t/fonts/type1/public/amsfonts/cm/cmsy8.pfb></usr/local/texlive/2023/texmf-dist/
fonts/type1/public/amsfonts/cm/cmti10.pfb></usr/local/texlive/2023/texmf-dist/f
onts/type1/public/amsfonts/cm/cmti7.pfb></usr/local/texlive/2023/texmf-dist/fon
ts/type1/public/amsfonts/cm/cmti9.pfb></usr/local/texlive/2023/texmf-dist/fonts
/type1/public/amsfonts/cm/cmtt10.pfb></usr/local/texlive/2023/texmf-dist/fonts/
type1/public/amsfonts/cm/cmtt9.pfb></usr/local/texlive/2023/texmf-dist/fonts/ty
pe1/public/amsfonts/symbols/msbm10.pfb></usr/local/texlive/2023/texmf-dist/font
s/type1/public/cm-super/sfrm1095.pfb>
Output written on /diff_test_tex_engines/docker_bin_2/version_compiled_pdf/2306
.00469/2306.00469_tl2023.pdf (16 pages, 501306 bytes).
PDF statistics:
 400 PDF objects out of 1000 (max. 8388607)
 302 compressed objects within 4 object streams
 54 named destinations out of 1000 (max. 500000)
 141 words of extra memory for PDF output out of 10000 (max. 10000000)

