This is pdfTeX, Version 3.14159265-2.6-1.40.21 (TeX Live 2020) (preloaded format=pdflatex 2022.5.23)  20 MAR 2024 07:40
entering extended mode
 restricted \write18 enabled.
 %&-line parsing enabled.
**2306.00329
(./2306.00329
LaTeX2e <2020-10-01> patch level 4
L3 programming layer <2021-02-18>
(/usr/local/texlive/2020/texmf-dist/tex/latex/base/article.cls
Document Class: article 2020/04/10 v1.4m Standard LaTeX document class
(/usr/local/texlive/2020/texmf-dist/tex/latex/base/size11.clo
File: size11.clo 2020/04/10 v1.4m Standard LaTeX file (size option)
)
\c@part=\count179
\c@section=\count180
\c@subsection=\count181
\c@subsubsection=\count182
\c@paragraph=\count183
\c@subparagraph=\count184
\c@figure=\count185
\c@table=\count186
\abovecaptionskip=\skip47
\belowcaptionskip=\skip48
\bibindent=\dimen138
)
(/usr/local/texlive/2020/texmf-dist/tex/latex/l3backend/l3backend-pdftex.def
File: l3backend-pdftex.def 2021-03-18 L3 backend support: PDF output (pdfTeX)
\l__color_backend_stack_int=\count187
\l__pdf_internal_box=\box47
)
(/diff_test_tex_engines/docker_bin_2/version_compiled_pdf_2020/2306.00329/2306.
00329_tl2020.aux)
\openout1 = `2306.00329_tl2020.aux'.

LaTeX Font Info:    Checking defaults for OML/cmm/m/it on input line 20.
LaTeX Font Info:    ... okay on input line 20.
LaTeX Font Info:    Checking defaults for OMS/cmsy/m/n on input line 20.
LaTeX Font Info:    ... okay on input line 20.
LaTeX Font Info:    Checking defaults for OT1/cmr/m/n on input line 20.
LaTeX Font Info:    ... okay on input line 20.
LaTeX Font Info:    Checking defaults for T1/cmr/m/n on input line 20.
LaTeX Font Info:    ... okay on input line 20.
LaTeX Font Info:    Checking defaults for TS1/cmr/m/n on input line 20.
LaTeX Font Info:    ... okay on input line 20.
LaTeX Font Info:    Checking defaults for OMX/cmex/m/n on input line 20.
LaTeX Font Info:    ... okay on input line 20.
LaTeX Font Info:    Checking defaults for U/cmr/m/n on input line 20.
LaTeX Font Info:    ... okay on input line 20.

Overfull \hbox (4.36179pt too wide) in paragraph at lines 42--50
\OT1/cmr/m/n/10 Musslimani as well Yang's ver-sions of the non-lo-cal non-lin-e
ar Schr^^?odinger
 []

[1

{/usr/local/texlive/2020/texmf-var/fonts/map/pdftex/updmap/pdftex.map}]
LaTeX Font Info:    External font `cmex10' loaded for size
(Font)              <10.95> on input line 85.
LaTeX Font Info:    External font `cmex10' loaded for size
(Font)              <8> on input line 85.
LaTeX Font Info:    External font `cmex10' loaded for size
(Font)              <6> on input line 85.

[2] [3] [4] [5] [6] [7] [8] [9] [10]
Overfull \hbox (21.75415pt too wide) detected at line 612
[]\OML/cmm/m/it/10.95 g \OT1/cmr/m/n/10.95 = \OMS/cmsy/m/n/10.95 ^^@\OT1/cmr/m/
n/10.95 1 \OML/cmm/m/it/10.95 ;  [] []\OT1/cmr/m/n/10.95 0 \OML/cmm/m/it/10.95 
< m < \OT1/cmr/m/n/10.95 1 \OML/cmm/m/it/10.95 ;  [] []A \OT1/cmr/m/n/10.95 = \
OML/cmm/m/it/10.95 ^^L ;  [] []! \OT1/cmr/m/n/10.95 = \OMS/cmsy/m/n/10.95 ^^@\O
ML/cmm/m/it/10.95 k\OT1/cmr/m/n/10.95 [\OML/cmm/m/it/10.95 k[] \OT1/cmr/m/n/10.
95 + 3(1 + \OML/cmm/m/it/10.95 m\OT1/cmr/m/n/10.95 )\OML/cmm/m/it/10.95 A[]\OT1
/cmr/m/n/10.95 ] \OML/cmm/m/it/10.95 ;  [] []v \OT1/cmr/m/n/10.95 = \OMS/cmsy/m
/n/10.95 ^^@\OT1/cmr/m/n/10.95 [3\OML/cmm/m/it/10.95 k[] \OT1/cmr/m/n/10.95 + (
1 + \OML/cmm/m/it/10.95 m\OT1/cmr/m/n/10.95 )\OML/cmm/m/it/10.95 A[]\OT1/cmr/m/
n/10.95 ] \OML/cmm/m/it/10.95 :
 []

[11]
Overfull \hbox (32.70416pt too wide) detected at line 628
[]\OML/cmm/m/it/10.95 g \OT1/cmr/m/n/10.95 = \OMS/cmsy/m/n/10.95 ^^@\OT1/cmr/m/
n/10.95 1 \OML/cmm/m/it/10.95 ;  [] []\OT1/cmr/m/n/10.95 0 \OML/cmm/m/it/10.95 
< m < \OT1/cmr/m/n/10.95 1 \OML/cmm/m/it/10.95 ;  [] []A \OT1/cmr/m/n/10.95 = \
OML/cmm/m/it/10.95 ^^L ;  [] []! \OT1/cmr/m/n/10.95 = \OMS/cmsy/m/n/10.95 ^^@\O
ML/cmm/m/it/10.95 k\OT1/cmr/m/n/10.95 [\OML/cmm/m/it/10.95 k[] \OMS/cmsy/m/n/10
.95 ^^@ \OT1/cmr/m/n/10.95 3(2\OML/cmm/m/it/10.95 m \OMS/cmsy/m/n/10.95 ^^@ \OT
1/cmr/m/n/10.95 1)\OML/cmm/m/it/10.95 A[]\OT1/cmr/m/n/10.95 ] \OML/cmm/m/it/10.
95 ;  [] []v \OT1/cmr/m/n/10.95 = \OMS/cmsy/m/n/10.95 ^^@\OT1/cmr/m/n/10.95 [3\
OML/cmm/m/it/10.95 k[] \OMS/cmsy/m/n/10.95 ^^@ \OT1/cmr/m/n/10.95 (2\OML/cmm/m/
it/10.95 m \OMS/cmsy/m/n/10.95 ^^@ \OT1/cmr/m/n/10.95 1)\OML/cmm/m/it/10.95 A[]
\OT1/cmr/m/n/10.95 ] \OML/cmm/m/it/10.95 :
 []


Overfull \hbox (13.23746pt too wide) detected at line 644
[]\OML/cmm/m/it/10.95 g \OT1/cmr/m/n/10.95 = 1 \OML/cmm/m/it/10.95 ;  [] []\OT1
/cmr/m/n/10.95 0 \OML/cmm/m/it/10.95 < m < \OT1/cmr/m/n/10.95 1 \OML/cmm/m/it/1
0.95 ;  [] []A \OT1/cmr/m/n/10.95 = \OML/cmm/m/it/10.95 ^^L ;  [] []! \OT1/cmr/
m/n/10.95 = \OMS/cmsy/m/n/10.95 ^^@\OML/cmm/m/it/10.95 k\OT1/cmr/m/n/10.95 [\OM
L/cmm/m/it/10.95 k[] \OMS/cmsy/m/n/10.95 ^^@ \OT1/cmr/m/n/10.95 3(2 \OMS/cmsy/m
/n/10.95 ^^@ \OML/cmm/m/it/10.95 m\OT1/cmr/m/n/10.95 )\OML/cmm/m/it/10.95 A[]\O
T1/cmr/m/n/10.95 ] \OML/cmm/m/it/10.95 ;  [] []v \OT1/cmr/m/n/10.95 = \OMS/cmsy
/m/n/10.95 ^^@\OT1/cmr/m/n/10.95 [3\OML/cmm/m/it/10.95 k[] \OMS/cmsy/m/n/10.95 
^^@ \OT1/cmr/m/n/10.95 (2 \OMS/cmsy/m/n/10.95 ^^@ \OML/cmm/m/it/10.95 m\OT1/cmr
/m/n/10.95 )\OML/cmm/m/it/10.95 A[]\OT1/cmr/m/n/10.95 ] \OML/cmm/m/it/10.95 :
 []

[12] [13] [14] [15] [16]
Overfull \hbox (7.97495pt too wide) in alignment at lines 914--917
 [][][] []
 []

[17] [18]
Overfull \hbox (66.22601pt too wide) detected at line 1023
[]\OML/cmm/m/it/10.95 iu[]\OT1/cmr/m/n/10.95 (\OML/cmm/m/it/10.95 x; t\OT1/cmr/
m/n/10.95 ) + \OML/cmm/m/it/10.95 \OT1/cmr/m/n/10.95 [\OML/cmm/m/it/10.95 u[]\
OT1/cmr/m/n/10.95 (\OML/cmm/m/it/10.95 x; t\OT1/cmr/m/n/10.95 ) + 2\OML/cmm/m/i
t/10.95 gu[]\OT1/cmr/m/n/10.95 (\OML/cmm/m/it/10.95 x; t\OT1/cmr/m/n/10.95 )\OM
L/cmm/m/it/10.95 u\OT1/cmr/m/n/10.95 (\OMS/cmsy/m/n/10.95 ^^@\OML/cmm/m/it/10.9
5 x; \OMS/cmsy/m/n/10.95 ^^@\OML/cmm/m/it/10.95 t\OT1/cmr/m/n/10.95 )] + \OML/c
mm/m/it/10.95 i^^L\OT1/cmr/m/n/10.95 [\OML/cmm/m/it/10.95 u[]\OT1/cmr/m/n/10.95
 (\OML/cmm/m/it/10.95 x; t\OT1/cmr/m/n/10.95 ) + 6\OML/cmm/m/it/10.95 gu\OT1/cm
r/m/n/10.95 (\OML/cmm/m/it/10.95 x; t\OT1/cmr/m/n/10.95 )\OML/cmm/m/it/10.95 u\
OT1/cmr/m/n/10.95 (\OMS/cmsy/m/n/10.95 ^^@\OML/cmm/m/it/10.95 x; \OMS/cmsy/m/n/
10.95 ^^@\OML/cmm/m/it/10.95 t\OT1/cmr/m/n/10.95 )\OML/cmm/m/it/10.95 u[]\OT1/c
mr/m/n/10.95 (\OML/cmm/m/it/10.95 x; t\OT1/cmr/m/n/10.95 )] = 0 \OML/cmm/m/it/1
0.95 :
 []


Overfull \hbox (19.21185pt too wide) detected at line 1032
[]\OML/cmm/m/it/10.95 iu[]\OT1/cmr/m/n/10.95 (\OML/cmm/m/it/10.95 x; t\OT1/cmr/
m/n/10.95 ) + \OML/cmm/m/it/10.95 \OT1/cmr/m/n/10.95 [\OML/cmm/m/it/10.95 u[]\
OT1/cmr/m/n/10.95 (\OML/cmm/m/it/10.95 x; t\OT1/cmr/m/n/10.95 ) + 2\OML/cmm/m/i
t/10.95 g\OMS/cmsy/m/n/10.95 j\OML/cmm/m/it/10.95 u\OMS/cmsy/m/n/10.95 j[]\OT1/
cmr/m/n/10.95 (\OML/cmm/m/it/10.95 x; t\OT1/cmr/m/n/10.95 )\OML/cmm/m/it/10.95 
u\OT1/cmr/m/n/10.95 (\OML/cmm/m/it/10.95 x; t\OT1/cmr/m/n/10.95 )] + \OML/cmm/m
/it/10.95 i^^L\OT1/cmr/m/n/10.95 [\OML/cmm/m/it/10.95 u[]\OT1/cmr/m/n/10.95 (\O
ML/cmm/m/it/10.95 x; t\OT1/cmr/m/n/10.95 ) + 6\OML/cmm/m/it/10.95 g\OMS/cmsy/m/
n/10.95 j\OML/cmm/m/it/10.95 u\OMS/cmsy/m/n/10.95 j[]\OT1/cmr/m/n/10.95 (\OML/c
mm/m/it/10.95 x; t\OT1/cmr/m/n/10.95 )\OML/cmm/m/it/10.95 u[]\OT1/cmr/m/n/10.95
 (\OML/cmm/m/it/10.95 x; t\OT1/cmr/m/n/10.95 )] = 0 \OML/cmm/m/it/10.95 ;
 []

[19]
Overfull \hbox (0.38968pt too wide) in alignment at lines 1062--1066
 [][][] []
 []

[20] [21] [22] [23] [24] [25] [26] [27] [28] [29] [30] [31] [32] [33] [34]
[35] [36] [37]
(/diff_test_tex_engines/docker_bin_2/version_compiled_pdf_2020/2306.00329/2306.
00329_tl2020.aux) ) 
Here is how much of TeX's memory you used:
 667 strings out of 479014
 9014 string characters out of 5859133
 305445 words of memory out of 5000000
 18217 multiletter control sequences out of 15000+600000
 408342 words of font info for 43 fonts, out of 8000000 for 9000
 1141 hyphenation exceptions out of 8191
 44i,8n,50p,306b,203s stack positions out of 5000i,500n,10000p,200000b,80000s
</usr/local/texlive/2020/texmf-dist/fonts/type1/public/amsfo
nts/cm/cmbx10.pfb></usr/local/texlive/2020/texmf-dist/fonts/type1/public/amsfon
ts/cm/cmbx12.pfb></usr/local/texlive/2020/texmf-dist/fonts/type1/public/amsfont
s/cm/cmex10.pfb></usr/local/texlive/2020/texmf-dist/fonts/type1/public/amsfonts
/cm/cmmi10.pfb></usr/local/texlive/2020/texmf-dist/fonts/type1/public/amsfonts/
cm/cmmi8.pfb></usr/local/texlive/2020/texmf-dist/fonts/type1/public/amsfonts/cm
/cmr10.pfb></usr/local/texlive/2020/texmf-dist/fonts/type1/public/amsfonts/cm/c
mr6.pfb></usr/local/texlive/2020/texmf-dist/fonts/type1/public/amsfonts/cm/cmr8
.pfb></usr/local/texlive/2020/texmf-dist/fonts/type1/public/amsfonts/cm/cmsy10.
pfb></usr/local/texlive/2020/texmf-dist/fonts/type1/public/amsfonts/cm/cmsy8.pf
b></usr/local/texlive/2020/texmf-dist/fonts/type1/public/amsfonts/cm/cmti10.pfb
>
Output written on /diff_test_tex_engines/docker_bin_2/version_compiled_pdf_2020
/2306.00329/2306.00329_tl2020.pdf (37 pages, 217275 bytes).
PDF statistics:
 170 PDF objects out of 1000 (max. 8388607)
 118 compressed objects within 2 object streams
 0 named destinations out of 1000 (max. 500000)
 1 words of extra memory for PDF output out of 10000 (max. 10000000)

