Latexmk: Missing input file '2306.00052_tl2023.toc' (or dependence on it) from following:
  No file 2306.00052_tl2023.toc.
Latexmk: Missing bbl file '/diff_test_tex_engines/docker_bin_2/version_compiled_pdf/2306.00052/2306.00052_tl2023.bbl' in following:
 No file 2306.00052_tl2023.bbl.
Latexmk: Veto of running of 'bibtex /diff_test_tex_engines/docker_bin_2/version_compiled_pdf/2306.00052/2306.00052_tl2023' ($bibtex_use=1)
Latexmk: Missing bbl file '/diff_test_tex_engines/docker_bin_2/version_compiled_pdf/2306.00052/2306.00052_tl2023.bbl' in following:
 No file 2306.00052_tl2023.bbl.
Latexmk: Veto of running of 'bibtex /diff_test_tex_engines/docker_bin_2/version_compiled_pdf/2306.00052/2306.00052_tl2023' ($bibtex_use=1)
Latexmk: Missing bbl file '/diff_test_tex_engines/docker_bin_2/version_compiled_pdf/2306.00052/2306.00052_tl2023.bbl' in following:
 No file 2306.00052_tl2023.bbl.
Latexmk: Veto of running of 'bibtex /diff_test_tex_engines/docker_bin_2/version_compiled_pdf/2306.00052/2306.00052_tl2023' ($bibtex_use=1)
Latexmk: ====Undefined refs and citations with line #s in .tex file:
  Citation `Bordone:2019guc' on page 1 undefined on input line 179
  Citation `Iguro:2020cpg' on page 1 undefined on input line 179
  Citation `HFLAV:2022pwe' on page 1 undefined on input line 179
  Citation `Bernlochner:2022ywh' on page 1 undefined on input line 179
  Citation `Martinelli:2021onb' on page 1 undefined on input line 179
  Citation `Martinelli:2021myh' on page 1 undefined on input line 179
  Citation `FermilabLattice:2021cdg' on page 1 undefined on input line 179
 And 170 more --- see log file '/diff_test_tex_engines/docker_bin_2/version_compiled_pdf/2306.00052/2306.00052_tl2023.log'
Latexmk: Veto of running of 'bibtex /diff_test_tex_engines/docker_bin_2/version_compiled_pdf/2306.00052/2306.00052_tl2023' ($bibtex_use=1)
