Latexmk: Missing input file '2306.00052_tl2022.toc' (or dependence on it) from following:
  No file 2306.00052_tl2022.toc.
Latexmk: Missing bbl file '/diff_test_tex_engines/docker_bin_2/version_compiled_pdf/2306.00052/2306.00052_tl2022.bbl' in following:
 No file 2306.00052_tl2022.bbl.
Latexmk: Missing bbl file '/diff_test_tex_engines/docker_bin_2/version_compiled_pdf/2306.00052/2306.00052_tl2022.bbl' in following:
 No file 2306.00052_tl2022.bbl.
Latexmk: Missing bbl file '/diff_test_tex_engines/docker_bin_2/version_compiled_pdf/2306.00052/2306.00052_tl2022.bbl' in following:
 No file 2306.00052_tl2022.bbl.
Latexmk: Maximum runs of bibtex /diff_test_tex_engines/docker_bin_2/version_compiled_pdf/2306.00052/2306.00052_tl2022 reached without getting stable files
Latexmk: ====List of undefined refs and citations:
  Citation `Bordone:2019guc' on page 1 undefined on input line 179
  Citation `Iguro:2020cpg' on page 1 undefined on input line 179
  Citation `HFLAV:2022pwe' on page 1 undefined on input line 179
  Citation `Bernlochner:2022ywh' on page 1 undefined on input line 179
  Citation `Martinelli:2021onb' on page 1 undefined on input line 179
  Citation `Martinelli:2021myh' on page 1 undefined on input line 179
  Citation `FermilabLattice:2021cdg' on page 1 undefined on input line 179
 And 134 more --- see log file.
----------------------
This message may duplicate earlier message.
Latexmk: Failure in processing file 'main.tex':
   'bibtex /diff_test_tex_engines/docker_bin_2/version_compiled_pdf/2306.00052/2306.00052_tl2022' needed too many passes
----------------------
Latexmk: If appropriate, the -f option can be used to get latexmk
  to try to force complete processing.
Latexmk: Maximum runs of bibtex /diff_test_tex_engines/docker_bin_2/version_compiled_pdf/2306.00052/2306.00052_tl2022 reached without getting stable files
----------------------
This message may duplicate earlier message.
Latexmk: Failure in processing file 'main.tex':
   'bibtex /diff_test_tex_engines/docker_bin_2/version_compiled_pdf/2306.00052/2306.00052_tl2022' needed too many passes
----------------------
Latexmk: If appropriate, the -f option can be used to get latexmk
  to try to force complete processing.
