Rc files read:
  NONE
Latexmk: This is Latexmk, John Collins, 29 September 2020, version: 4.70b.
Rule 'pdflatex': The following rules & subrules became out-of-date:
      'pdflatex'
------------
Run number 1 of rule 'pdflatex'
------------
------------
Running 'pdflatex  -interaction=nonstopmode -recorder -output-directory="/diff_test_tex_engines/docker_bin_2/version_compiled_pdf_2020/2306.00052" --jobname="2306.00052_tl2020"  "main.tex"'
------------
Latexmk: Non-existent bbl file '/diff_test_tex_engines/docker_bin_2/version_compiled_pdf_2020/2306.00052/2306.00052_tl2020.bbl in line'
 No file 2306.00052_tl2020.bbl.
Latexmk: References changed.
Latexmk: References changed.
Latexmk: Log file says output to '/diff_test_tex_engines/docker_bin_2/version_compiled_pdf_2020/2306.00052/2306.00052_tl2020.pdf'
Latexmk: List of undefined refs and citations:
  Citation `ATLAS:2020zms' on page 10 undefined on input line 609
  Citation `ATLAS:2020zms' on page 10 undefined on input line 612
  Citation `ATLAS:2021bjk' on page 10 undefined on input line 609
  Citation `ATLAS:2021bjk' on page 10 undefined on input line 612
  Citation `ATLAS:2021jyv' on page 10 undefined on input line 607
  Citation `Aaboud:2018vgh' on page 10 undefined on input line 609
  Citation `Aaboud:2019bye' on page 10 undefined on input line 607
  Citation `Aad:2021rrh' on page 10 undefined on input line 607
  Citation `Aaij:2015yra' on page 1 undefined on input line 180
  Citation `Aaij:2017deq' on page 1 undefined on input line 180
  Citation `Aaij:2017uff' on page 1 undefined on input line 180
  Citation `Aban:2023pgq' on page 1 undefined on input line 183
  Citation `Abdesselam:2019dgh' on page 1 undefined on input line 180
  Citation `Abdullah:2018ets' on page 10 undefined on input line 608
  Citation `Aebischer:2017gaw' on page 7 undefined on input line 512
  Citation `Aebischer:2018acj' on page 7 undefined on input line 513
  Citation `Aebischer:2021ilm' on page 1 undefined on input line 199
  Citation `Aebischer:2022oqe' on page 1 undefined on input line 183
  Citation `Akeroyd:2017mhr' on page 1 undefined on input line 199
  Citation `Allwicher:2022mcg' on page 10 undefined on input line 613
  Citation `Allwicher:2022mcg' on page 2 undefined on input line 227
  Citation `Alonso:2013hga' on page 7 undefined on input line 512
  Citation `Alonso:2016oyd' on page 1 undefined on input line 199
  Citation `Altmannshofer:2017poe' on page 10 undefined on input line 608
  Citation `Amhis:2021cfy' on page 9 undefined on input line 579
  Citation `Angelescu:2018tyl' on page 2 undefined on input line 206
  Citation `Athron:2021auq' on page 1 undefined on input line 203
  Citation `BESIII:2019vhn' on page 15 undefined on input line 830
  Citation `BaBar:2016wgb' on page 9 undefined on input line 583
  Citation `Bause:2022rrs' on page 16 undefined on input line 862
  Citation `Belle:2017oht' on page 15 undefined on input line 845
  Citation `Belle:2017rcc' on page 8 undefined on input line 564
  Citation `Belle:2018ezy' on page 8 undefined on input line 564
  Citation `Belle:2019ewo' on page 1 undefined on input line 200
  Citation `Belle:2019rba' on page 1 undefined on input line 180
  Citation `Beneke:1996xe' on page 1 undefined on input line 199
  Citation `Bernigaud:2021fwn' on page 3 undefined on input line 274
  Citation `Bernlochner:2022ywh' on page 1 undefined on input line 179
  Citation `Blanke:2018yud' on page 1 undefined on input line 199
  Citation `Blanke:2018yud' on page 9 undefined on input line 579
  Citation `Blanke:2022pjy' on page 1 undefined on input line 203
  Citation `Bobeth:1999mk' on page 8 undefined on input line 529
  Citation `Bordone:2019guc' on page 1 undefined on input line 179
  Citation `Buras:2014fpa' on page 15 undefined on input line 847
  Citation `CMS:2015hmx' on page 10 undefined on input line 609
  Citation `CMS:2022goy' on page 10 undefined on input line 609
  Citation `Cabibbo:1963yz' on page 3 undefined on input line 312
  Citation `Capdevila:2017iqn' on page 15 undefined on input line 841
  Citation `Capdevila:2017iqn' on page 9 undefined on input line 583
  Citation `Celis:2016azn' on page 1 undefined on input line 199
  Citation `Cheung:2022zsb' on page 11 undefined on input line 673
  Citation `Cheung:2022zsb' on page 2 undefined on input line 209
  Citation `Cheung:2022zsb' on page 2 undefined on input line 220
  Citation `Cheung:2022zsb' on page 2 undefined on input line 225
  Citation `Ciezarek:2837207' on page 1 undefined on input line 181
  Citation `Cline:2015lqp' on page 1 undefined on input line 203
  Citation `Crivellin:2012ye' on page 1 undefined on input line 203
  Citation `Crivellin:2013wna' on page 1 undefined on input line 203
  Citation `Crivellin:2015hha' on page 1 undefined on input line 203
  Citation `Das:2023gfz' on page 1 undefined on input line 203
  Citation `Endo:2021lhi' on page 10 undefined on input line 608
  Citation `Faroughy:2016osc' on page 10 undefined on input line 608
  Citation `Fedele:2022iib' on page 1 undefined on input line 183
  Citation `Fedele:2022iib' on page 1 undefined on input line 199
  Citation `Fedele:2022iib' on page 1 undefined on input line 203
  Citation `Fedele:2022iib' on page 8 undefined on input line 564
  Citation `Fedele:2023ewe' on page 1 undefined on input line 179
  Citation `Fedele:2023gyi' on page 9 undefined on input line 579
  Citation `FermilabLattice:2021cdg' on page 1 undefined on input line 179
  Citation `FermilabLattice:2021cdg' on page 8 undefined on input line 564
  Citation `Frampton:1989fu' on page 3 undefined on input line 274
  Citation `Frampton:1990hz' on page 3 undefined on input line 274
  Citation `Frampton:1991ay' on page 3 undefined on input line 274
  Citation `Fraser:2018aqj' on page 1 undefined on input line 203
  Citation `Gonzalez-Alonso:2017iyc' on page 7 undefined on input line 512
  Citation `Greljo:2018tzh' on page 10 undefined on input line 608
  Citation `HFLAV:2022pwe' on page 1 undefined on input line 179
  Citation `HFLAV:2022pwe' on page 15 undefined on input line 825
  Citation `Hirose:2016wfn' on page 1 undefined on input line 180
  Citation `Hirose:2017dxl' on page 1 undefined on input line 180
  Citation `Huber:2005ig' on page 8 undefined on input line 529
  Citation `Huschle:2015rga' on page 1 undefined on input line 180
  Citation `IOprojectNo17' on page 17 undefined on input line 957
  Citation `Iguro:2017ysu' on page 1 undefined on input line 203
  Citation `Iguro:2017ysu' on page 10 undefined on input line 608
  Citation `Iguro:2018fni' on page 10 undefined on input line 608
  Citation `Iguro:2018qzf' on page 1 undefined on input line 203
  Citation `Iguro:2018vqb' on page 11 undefined on input line 646
  Citation `Iguro:2018vqb' on page 2 undefined on input line 217
  Citation `Iguro:2020cpg' on page 1 undefined on input line 179
  Citation `Iguro:2020cpg' on page 8 undefined on input line 564
  Citation `Iguro:2020keo' on page 10 undefined on input line 608
  Citation `Iguro:2022ozl' on page 17 undefined on input line 950
  Citation `Iguro:2022uzz' on page 1 undefined on input line 203
  Citation `Iguro:2022yzr' on page 1 undefined on input line 183
  Citation `Iguro:2022yzr' on page 2 undefined on input line 218
  Citation `Iguro:2022yzr' on page 7 undefined on input line 508
  Citation `Iguro:2022yzr' on page 9 undefined on input line 573
  Citation `Iguro:2023jju' on page 1 undefined on input line 203
  Citation `Jenkins:2013wua' on page 7 undefined on input line 512
  Citation `Kim:2018oih' on page 6 undefined on input line 458
  Citation `Ko:2012sv' on page 1 undefined on input line 203
  Citation `Kobayashi:1973fv' on page 3 undefined on input line 312
  Citation `Kosnik:2012dj' on page 2 undefined on input line 209
  Citation `Kou:2018nap' on page 12 undefined on input line 703
  Citation `Kou:2018nap' on page 13 undefined on input line 748
  Citation `Kou:2018nap' on page 14 undefined on input line 762
  Citation `Kou:2018nap' on page 15 undefined on input line 846
  Citation `Kumar:2022rcf' on page 1 undefined on input line 203
  Citation `LHCb:2017myy' on page 8 undefined on input line 531
  Citation `LHCb:2018roe' on page 8 undefined on input line 535
  Citation `LHCb:2023zxo' on page 1 undefined on input line 180
  Citation `LHCbRDst2023' on page 1 undefined on input line 181
  Citation `LHCbRun1had' on page 1 undefined on input line 180
  Citation `Lee:2017kbi' on page 1 undefined on input line 203
  Citation `Lees:2012xj' on page 1 undefined on input line 180
  Citation `Lees:2013uzd' on page 1 undefined on input line 180
  Citation `MILC:2015uhg' on page 8 undefined on input line 564
  Citation `Mandal:2018kau' on page 10 undefined on input line 608
  Citation `Martinelli:2021myh' on page 1 undefined on input line 179
  Citation `Martinelli:2021onb' on page 1 undefined on input line 179
  Citation `Martinez:2018ynq' on page 1 undefined on input line 203
  Citation `Marzocca:2020ueu' on page 10 undefined on input line 608
  Citation `PDG2022' on page 12 undefined on input line 688
  Citation `PDG2022' on page 13 undefined on input line 748
  Citation `PDG2022' on page 15 undefined on input line 825
  Citation `PDG2022' on page 15 undefined on input line 829
  Citation `PDG2022' on page 15 undefined on input line 841
  Citation `PDG2022' on page 16 undefined on input line 862
  Citation `Sakaki:2013bfa' on page 2 undefined on input line 209
  Citation `Shaw:2018sbe' on page 2 undefined on input line 209
  Citation `Sirunyan:2018lbg' on page 10 undefined on input line 609
  Citation `Sirunyan:2018vhk' on page 10 undefined on input line 607
  Citation `Tanaka:2012nw' on page 1 undefined on input line 200
  Citation `Tanaka:2016ijq' on page 12 undefined on input line 702
  Citation `Wolfenstein:1983yz' on page 7 undefined on input line 489
  Citation `Zheng:2020ult' on page 9 undefined on input line 579
  Reference `Eq:fermoin_VQ2' on page 3 undefined on input line 322
  Reference `Tab:ModelNRC' on page 13 undefined on input line 736
  Reference `Tab:ModelNRC' on page 15 undefined on input line 813
  Reference `Tab:ModelNRC' on page 4 undefined on input line 367
  Reference `Tab:ModelNRC_summary' on page 16 undefined on input line 872
  Reference `Tab:ModelNRC_summary' on page 16 undefined on input line 894
  Reference `eq:Btotautau' on page 8 undefined on input line 555
  Reference `eq:Butaunu_current' on page 12 undefined on input line 704
  Reference `eq:Butaunu_current' on page 13 undefined on input line 712
  Reference `eq:CSR_general' on page 15 undefined on input line 826
  Reference `eq:Ham_bctaunu' on page 7 undefined on input line 478
  Reference `eq:ND_SL_ope' on page 8 undefined on input line 522
  Reference `eq:ND_SL_ope2' on page 8 undefined on input line 555
  Reference `eq:coupling_structure_2' on page 7 undefined on input line 487
  Reference `eq:eq:CSRcb' on page 12 undefined on input line 686
  Reference `eq:eq:CSRub' on page 12 undefined on input line 686
  Reference `fig:Obs_correlation' on page 14 undefined on input line 787
  Reference `fig:RD_Bstautau' on page 11 undefined on input line 669
  Reference `fig:RD_Bstautau' on page 13 undefined on input line 711
  Reference `fig:RD_Bstautau' on page 8 undefined on input line 557
  Reference `fig:RD_Btaunu' on page 13 undefined on input line 710
  Reference `fig:diagrams' on page 10 undefined on input line 610
  Reference `fig:diagrams' on page 13 undefined on input line 732
  Reference `fig:diagrams2' on page 14 undefined on input line 784
  Reference `fig:diagrams2' on page 16 undefined on input line 884
  Reference `fig:h133_h223' on page 10 undefined on input line 633
  Reference `fig:h133_h223' on page 14 undefined on input line 776
  Reference `fig:h133h223h213' on page 14 undefined on input line 786
  Reference `sec:LHC' on page 16 undefined on input line 883
  Reference `sec:LHC' on page 7 undefined on input line 490
  Reference `sec:Model' on page 2 undefined on input line 234
  Reference `sec:Oepsilon' on page 13 undefined on input line 715
  Reference `sec:Oepsilon' on page 7 undefined on input line 492
  Reference `sec:Pheno' on page 2 undefined on input line 235
  Reference `sec:Summary' on page 13 undefined on input line 754
  Reference `sec:Summary' on page 2 undefined on input line 237
  Reference `sec:minimal_flavor' on page 7 undefined on input line 488
  Reference `sec:next_to_minimal_flavor' on page 7 undefined on input line 491
Latexmk: Failed to find one or more bibliography files:
    'ref.bib'
Rule 'bibtex /diff_test_tex_engines/docker_bin_2/version_compiled_pdf_2020/2306.00052/2306.00052_tl2020': File changes, etc:
   Changed files, or newly in use since previous run(s):
      '/diff_test_tex_engines/docker_bin_2/version_compiled_pdf_2020/2306.00052/2306.00052_tl2020.aux'
Latexmk: I WON'T RUN 'bibtex /diff_test_tex_engines/docker_bin_2/version_compiled_pdf_2020/2306.00052/2306.00052_tl2020' because I don't find the following files:
  ref.bib
Rule 'pdflatex': File changes, etc:
   Changed files, or newly in use since previous run(s):
      '/diff_test_tex_engines/docker_bin_2/version_compiled_pdf_2020/2306.00052/2306.00052_tl2020.aux'
      '/diff_test_tex_engines/docker_bin_2/version_compiled_pdf_2020/2306.00052/2306.00052_tl2020.out'
------------
Run number 2 of rule 'pdflatex'
------------
------------
Running 'pdflatex  -interaction=nonstopmode -recorder -output-directory="/diff_test_tex_engines/docker_bin_2/version_compiled_pdf_2020/2306.00052" --jobname="2306.00052_tl2020"  "main.tex"'
------------
Latexmk: Non-existent bbl file '/diff_test_tex_engines/docker_bin_2/version_compiled_pdf_2020/2306.00052/2306.00052_tl2020.bbl in line'
 No file 2306.00052_tl2020.bbl.
Latexmk: References changed.
Latexmk: Log file says output to '/diff_test_tex_engines/docker_bin_2/version_compiled_pdf_2020/2306.00052/2306.00052_tl2020.pdf'
Latexmk: List of undefined refs and citations:
  Citation `ATLAS:2020zms' on page 10 undefined on input line 609
  Citation `ATLAS:2020zms' on page 10 undefined on input line 612
  Citation `ATLAS:2021bjk' on page 10 undefined on input line 609
  Citation `ATLAS:2021bjk' on page 10 undefined on input line 612
  Citation `ATLAS:2021jyv' on page 10 undefined on input line 607
  Citation `Aaboud:2018vgh' on page 10 undefined on input line 609
  Citation `Aaboud:2019bye' on page 10 undefined on input line 607
  Citation `Aad:2021rrh' on page 10 undefined on input line 607
  Citation `Aaij:2015yra' on page 1 undefined on input line 180
  Citation `Aaij:2017deq' on page 1 undefined on input line 180
  Citation `Aaij:2017uff' on page 1 undefined on input line 180
  Citation `Aban:2023pgq' on page 1 undefined on input line 183
  Citation `Abdesselam:2019dgh' on page 1 undefined on input line 180
  Citation `Abdullah:2018ets' on page 10 undefined on input line 608
  Citation `Aebischer:2017gaw' on page 8 undefined on input line 512
  Citation `Aebischer:2018acj' on page 8 undefined on input line 513
  Citation `Aebischer:2021ilm' on page 2 undefined on input line 199
  Citation `Aebischer:2022oqe' on page 1 undefined on input line 183
  Citation `Akeroyd:2017mhr' on page 2 undefined on input line 199
  Citation `Allwicher:2022mcg' on page 10 undefined on input line 613
  Citation `Allwicher:2022mcg' on page 2 undefined on input line 227
  Citation `Alonso:2013hga' on page 8 undefined on input line 512
  Citation `Alonso:2016oyd' on page 2 undefined on input line 199
  Citation `Altmannshofer:2017poe' on page 10 undefined on input line 608
  Citation `Amhis:2021cfy' on page 9 undefined on input line 579
  Citation `Angelescu:2018tyl' on page 2 undefined on input line 206
  Citation `Athron:2021auq' on page 2 undefined on input line 203
  Citation `BESIII:2019vhn' on page 15 undefined on input line 830
  Citation `BaBar:2016wgb' on page 9 undefined on input line 583
  Citation `Bause:2022rrs' on page 16 undefined on input line 862
  Citation `Belle:2017oht' on page 16 undefined on input line 845
  Citation `Belle:2017rcc' on page 8 undefined on input line 564
  Citation `Belle:2018ezy' on page 8 undefined on input line 564
  Citation `Belle:2019ewo' on page 2 undefined on input line 200
  Citation `Belle:2019rba' on page 1 undefined on input line 180
  Citation `Beneke:1996xe' on page 2 undefined on input line 199
  Citation `Bernigaud:2021fwn' on page 3 undefined on input line 274
  Citation `Bernlochner:2022ywh' on page 1 undefined on input line 179
  Citation `Blanke:2018yud' on page 2 undefined on input line 199
  Citation `Blanke:2018yud' on page 9 undefined on input line 579
  Citation `Blanke:2022pjy' on page 2 undefined on input line 203
  Citation `Bobeth:1999mk' on page 8 undefined on input line 529
  Citation `Bordone:2019guc' on page 1 undefined on input line 179
  Citation `Buras:2014fpa' on page 16 undefined on input line 847
  Citation `CMS:2015hmx' on page 10 undefined on input line 609
  Citation `CMS:2022goy' on page 10 undefined on input line 609
  Citation `Cabibbo:1963yz' on page 4 undefined on input line 312
  Citation `Capdevila:2017iqn' on page 16 undefined on input line 841
  Citation `Capdevila:2017iqn' on page 9 undefined on input line 583
  Citation `Celis:2016azn' on page 2 undefined on input line 199
  Citation `Cheung:2022zsb' on page 11 undefined on input line 673
  Citation `Cheung:2022zsb' on page 2 undefined on input line 209
  Citation `Cheung:2022zsb' on page 2 undefined on input line 220
  Citation `Cheung:2022zsb' on page 2 undefined on input line 225
  Citation `Ciezarek:2837207' on page 1 undefined on input line 181
  Citation `Cline:2015lqp' on page 2 undefined on input line 203
  Citation `Crivellin:2012ye' on page 2 undefined on input line 203
  Citation `Crivellin:2013wna' on page 2 undefined on input line 203
  Citation `Crivellin:2015hha' on page 2 undefined on input line 203
  Citation `Das:2023gfz' on page 2 undefined on input line 203
  Citation `Endo:2021lhi' on page 10 undefined on input line 608
  Citation `Faroughy:2016osc' on page 10 undefined on input line 608
  Citation `Fedele:2022iib' on page 1 undefined on input line 183
  Citation `Fedele:2022iib' on page 2 undefined on input line 199
  Citation `Fedele:2022iib' on page 2 undefined on input line 203
  Citation `Fedele:2022iib' on page 8 undefined on input line 564
  Citation `Fedele:2023ewe' on page 1 undefined on input line 179
  Citation `Fedele:2023gyi' on page 9 undefined on input line 579
  Citation `FermilabLattice:2021cdg' on page 1 undefined on input line 179
  Citation `FermilabLattice:2021cdg' on page 8 undefined on input line 564
  Citation `Frampton:1989fu' on page 3 undefined on input line 274
  Citation `Frampton:1990hz' on page 3 undefined on input line 274
  Citation `Frampton:1991ay' on page 3 undefined on input line 274
  Citation `Fraser:2018aqj' on page 2 undefined on input line 203
  Citation `Gonzalez-Alonso:2017iyc' on page 8 undefined on input line 512
  Citation `Greljo:2018tzh' on page 10 undefined on input line 608
  Citation `HFLAV:2022pwe' on page 1 undefined on input line 179
  Citation `HFLAV:2022pwe' on page 15 undefined on input line 825
  Citation `Hirose:2016wfn' on page 1 undefined on input line 180
  Citation `Hirose:2017dxl' on page 1 undefined on input line 180
  Citation `Huber:2005ig' on page 8 undefined on input line 529
  Citation `Huschle:2015rga' on page 1 undefined on input line 180
  Citation `IOprojectNo17' on page 18 undefined on input line 957
  Citation `Iguro:2017ysu' on page 10 undefined on input line 608
  Citation `Iguro:2017ysu' on page 2 undefined on input line 203
  Citation `Iguro:2018fni' on page 10 undefined on input line 608
  Citation `Iguro:2018qzf' on page 2 undefined on input line 203
  Citation `Iguro:2018vqb' on page 11 undefined on input line 646
  Citation `Iguro:2018vqb' on page 2 undefined on input line 217
  Citation `Iguro:2020cpg' on page 1 undefined on input line 179
  Citation `Iguro:2020cpg' on page 8 undefined on input line 564
  Citation `Iguro:2020keo' on page 10 undefined on input line 608
  Citation `Iguro:2022ozl' on page 18 undefined on input line 950
  Citation `Iguro:2022uzz' on page 2 undefined on input line 203
  Citation `Iguro:2022yzr' on page 1 undefined on input line 183
  Citation `Iguro:2022yzr' on page 2 undefined on input line 218
  Citation `Iguro:2022yzr' on page 8 undefined on input line 508
  Citation `Iguro:2022yzr' on page 9 undefined on input line 573
  Citation `Iguro:2023jju' on page 2 undefined on input line 203
  Citation `Jenkins:2013wua' on page 8 undefined on input line 512
  Citation `Kim:2018oih' on page 7 undefined on input line 458
  Citation `Ko:2012sv' on page 2 undefined on input line 203
  Citation `Kobayashi:1973fv' on page 4 undefined on input line 312
  Citation `Kosnik:2012dj' on page 2 undefined on input line 209
  Citation `Kou:2018nap' on page 13 undefined on input line 703
  Citation `Kou:2018nap' on page 14 undefined on input line 748
  Citation `Kou:2018nap' on page 14 undefined on input line 762
  Citation `Kou:2018nap' on page 16 undefined on input line 846
  Citation `Kumar:2022rcf' on page 2 undefined on input line 203
  Citation `LHCb:2017myy' on page 8 undefined on input line 531
  Citation `LHCb:2018roe' on page 8 undefined on input line 535
  Citation `LHCb:2023zxo' on page 1 undefined on input line 180
  Citation `LHCbRDst2023' on page 1 undefined on input line 181
  Citation `LHCbRun1had' on page 1 undefined on input line 180
  Citation `Lee:2017kbi' on page 2 undefined on input line 203
  Citation `Lees:2012xj' on page 1 undefined on input line 180
  Citation `Lees:2013uzd' on page 1 undefined on input line 180
  Citation `MILC:2015uhg' on page 8 undefined on input line 564
  Citation `Mandal:2018kau' on page 10 undefined on input line 608
  Citation `Martinelli:2021myh' on page 1 undefined on input line 179
  Citation `Martinelli:2021onb' on page 1 undefined on input line 179
  Citation `Martinez:2018ynq' on page 2 undefined on input line 203
  Citation `Marzocca:2020ueu' on page 10 undefined on input line 608
  Citation `PDG2022' on page 12 undefined on input line 688
  Citation `PDG2022' on page 14 undefined on input line 748
  Citation `PDG2022' on page 15 undefined on input line 825
  Citation `PDG2022' on page 15 undefined on input line 829
  Citation `PDG2022' on page 16 undefined on input line 841
  Citation `PDG2022' on page 16 undefined on input line 862
  Citation `Sakaki:2013bfa' on page 2 undefined on input line 209
  Citation `Shaw:2018sbe' on page 2 undefined on input line 209
  Citation `Sirunyan:2018lbg' on page 10 undefined on input line 609
  Citation `Sirunyan:2018vhk' on page 10 undefined on input line 607
  Citation `Tanaka:2012nw' on page 2 undefined on input line 200
  Citation `Tanaka:2016ijq' on page 13 undefined on input line 702
  Citation `Wolfenstein:1983yz' on page 7 undefined on input line 489
  Citation `Zheng:2020ult' on page 9 undefined on input line 579
Latexmk: Failed to find one or more bibliography files:
    'ref.bib'
Rule 'bibtex /diff_test_tex_engines/docker_bin_2/version_compiled_pdf_2020/2306.00052/2306.00052_tl2020': File changes, etc:
   Changed files, or newly in use since previous run(s):
      '/diff_test_tex_engines/docker_bin_2/version_compiled_pdf_2020/2306.00052/2306.00052_tl2020.aux'
Latexmk: I WON'T RUN 'bibtex /diff_test_tex_engines/docker_bin_2/version_compiled_pdf_2020/2306.00052/2306.00052_tl2020' because I don't find the following files:
  ref.bib
Rule 'pdflatex': File changes, etc:
   Changed files, or newly in use since previous run(s):
      '/diff_test_tex_engines/docker_bin_2/version_compiled_pdf_2020/2306.00052/2306.00052_tl2020.aux'
      '/diff_test_tex_engines/docker_bin_2/version_compiled_pdf_2020/2306.00052/2306.00052_tl2020.toc'
------------
Run number 3 of rule 'pdflatex'
------------
------------
Running 'pdflatex  -interaction=nonstopmode -recorder -output-directory="/diff_test_tex_engines/docker_bin_2/version_compiled_pdf_2020/2306.00052" --jobname="2306.00052_tl2020"  "main.tex"'
------------
Latexmk: Non-existent bbl file '/diff_test_tex_engines/docker_bin_2/version_compiled_pdf_2020/2306.00052/2306.00052_tl2020.bbl in line'
 No file 2306.00052_tl2020.bbl.
Latexmk: Log file says output to '/diff_test_tex_engines/docker_bin_2/version_compiled_pdf_2020/2306.00052/2306.00052_tl2020.pdf'
Latexmk: List of undefined refs and citations:
  Citation `ATLAS:2020zms' on page 10 undefined on input line 609
  Citation `ATLAS:2020zms' on page 10 undefined on input line 612
  Citation `ATLAS:2021bjk' on page 10 undefined on input line 609
  Citation `ATLAS:2021bjk' on page 10 undefined on input line 612
  Citation `ATLAS:2021jyv' on page 10 undefined on input line 607
  Citation `Aaboud:2018vgh' on page 10 undefined on input line 609
  Citation `Aaboud:2019bye' on page 10 undefined on input line 607
  Citation `Aad:2021rrh' on page 10 undefined on input line 607
  Citation `Aaij:2015yra' on page 1 undefined on input line 180
  Citation `Aaij:2017deq' on page 1 undefined on input line 180
  Citation `Aaij:2017uff' on page 1 undefined on input line 180
  Citation `Aban:2023pgq' on page 1 undefined on input line 183
  Citation `Abdesselam:2019dgh' on page 1 undefined on input line 180
  Citation `Abdullah:2018ets' on page 10 undefined on input line 608
  Citation `Aebischer:2017gaw' on page 8 undefined on input line 512
  Citation `Aebischer:2018acj' on page 8 undefined on input line 513
  Citation `Aebischer:2021ilm' on page 2 undefined on input line 199
  Citation `Aebischer:2022oqe' on page 1 undefined on input line 183
  Citation `Akeroyd:2017mhr' on page 2 undefined on input line 199
  Citation `Allwicher:2022mcg' on page 10 undefined on input line 613
  Citation `Allwicher:2022mcg' on page 2 undefined on input line 227
  Citation `Alonso:2013hga' on page 8 undefined on input line 512
  Citation `Alonso:2016oyd' on page 2 undefined on input line 199
  Citation `Altmannshofer:2017poe' on page 10 undefined on input line 608
  Citation `Amhis:2021cfy' on page 9 undefined on input line 579
  Citation `Angelescu:2018tyl' on page 2 undefined on input line 206
  Citation `Athron:2021auq' on page 2 undefined on input line 203
  Citation `BESIII:2019vhn' on page 15 undefined on input line 830
  Citation `BaBar:2016wgb' on page 9 undefined on input line 583
  Citation `Bause:2022rrs' on page 16 undefined on input line 862
  Citation `Belle:2017oht' on page 16 undefined on input line 845
  Citation `Belle:2017rcc' on page 8 undefined on input line 564
  Citation `Belle:2018ezy' on page 8 undefined on input line 564
  Citation `Belle:2019ewo' on page 2 undefined on input line 200
  Citation `Belle:2019rba' on page 1 undefined on input line 180
  Citation `Beneke:1996xe' on page 2 undefined on input line 199
  Citation `Bernigaud:2021fwn' on page 3 undefined on input line 274
  Citation `Bernlochner:2022ywh' on page 1 undefined on input line 179
  Citation `Blanke:2018yud' on page 2 undefined on input line 199
  Citation `Blanke:2018yud' on page 9 undefined on input line 579
  Citation `Blanke:2022pjy' on page 2 undefined on input line 203
  Citation `Bobeth:1999mk' on page 8 undefined on input line 529
  Citation `Bordone:2019guc' on page 1 undefined on input line 179
  Citation `Buras:2014fpa' on page 16 undefined on input line 847
  Citation `CMS:2015hmx' on page 10 undefined on input line 609
  Citation `CMS:2022goy' on page 10 undefined on input line 609
  Citation `Cabibbo:1963yz' on page 4 undefined on input line 312
  Citation `Capdevila:2017iqn' on page 16 undefined on input line 841
  Citation `Capdevila:2017iqn' on page 9 undefined on input line 583
  Citation `Celis:2016azn' on page 2 undefined on input line 199
  Citation `Cheung:2022zsb' on page 11 undefined on input line 673
  Citation `Cheung:2022zsb' on page 2 undefined on input line 209
  Citation `Cheung:2022zsb' on page 2 undefined on input line 220
  Citation `Cheung:2022zsb' on page 2 undefined on input line 225
  Citation `Ciezarek:2837207' on page 1 undefined on input line 181
  Citation `Cline:2015lqp' on page 2 undefined on input line 203
  Citation `Crivellin:2012ye' on page 2 undefined on input line 203
  Citation `Crivellin:2013wna' on page 2 undefined on input line 203
  Citation `Crivellin:2015hha' on page 2 undefined on input line 203
  Citation `Das:2023gfz' on page 2 undefined on input line 203
  Citation `Endo:2021lhi' on page 10 undefined on input line 608
  Citation `Faroughy:2016osc' on page 10 undefined on input line 608
  Citation `Fedele:2022iib' on page 1 undefined on input line 183
  Citation `Fedele:2022iib' on page 2 undefined on input line 199
  Citation `Fedele:2022iib' on page 2 undefined on input line 203
  Citation `Fedele:2022iib' on page 8 undefined on input line 564
  Citation `Fedele:2023ewe' on page 1 undefined on input line 179
  Citation `Fedele:2023gyi' on page 9 undefined on input line 579
  Citation `FermilabLattice:2021cdg' on page 1 undefined on input line 179
  Citation `FermilabLattice:2021cdg' on page 8 undefined on input line 564
  Citation `Frampton:1989fu' on page 3 undefined on input line 274
  Citation `Frampton:1990hz' on page 3 undefined on input line 274
  Citation `Frampton:1991ay' on page 3 undefined on input line 274
  Citation `Fraser:2018aqj' on page 2 undefined on input line 203
  Citation `Gonzalez-Alonso:2017iyc' on page 8 undefined on input line 512
  Citation `Greljo:2018tzh' on page 10 undefined on input line 608
  Citation `HFLAV:2022pwe' on page 1 undefined on input line 179
  Citation `HFLAV:2022pwe' on page 15 undefined on input line 825
  Citation `Hirose:2016wfn' on page 1 undefined on input line 180
  Citation `Hirose:2017dxl' on page 1 undefined on input line 180
  Citation `Huber:2005ig' on page 8 undefined on input line 529
  Citation `Huschle:2015rga' on page 1 undefined on input line 180
  Citation `IOprojectNo17' on page 18 undefined on input line 957
  Citation `Iguro:2017ysu' on page 10 undefined on input line 608
  Citation `Iguro:2017ysu' on page 2 undefined on input line 203
  Citation `Iguro:2018fni' on page 10 undefined on input line 608
  Citation `Iguro:2018qzf' on page 2 undefined on input line 203
  Citation `Iguro:2018vqb' on page 11 undefined on input line 646
  Citation `Iguro:2018vqb' on page 2 undefined on input line 217
  Citation `Iguro:2020cpg' on page 1 undefined on input line 179
  Citation `Iguro:2020cpg' on page 8 undefined on input line 564
  Citation `Iguro:2020keo' on page 10 undefined on input line 608
  Citation `Iguro:2022ozl' on page 18 undefined on input line 950
  Citation `Iguro:2022uzz' on page 2 undefined on input line 203
  Citation `Iguro:2022yzr' on page 1 undefined on input line 183
  Citation `Iguro:2022yzr' on page 2 undefined on input line 218
  Citation `Iguro:2022yzr' on page 8 undefined on input line 508
  Citation `Iguro:2022yzr' on page 9 undefined on input line 573
  Citation `Iguro:2023jju' on page 2 undefined on input line 203
  Citation `Jenkins:2013wua' on page 8 undefined on input line 512
  Citation `Kim:2018oih' on page 7 undefined on input line 458
  Citation `Ko:2012sv' on page 2 undefined on input line 203
  Citation `Kobayashi:1973fv' on page 4 undefined on input line 312
  Citation `Kosnik:2012dj' on page 2 undefined on input line 209
  Citation `Kou:2018nap' on page 13 undefined on input line 703
  Citation `Kou:2018nap' on page 14 undefined on input line 748
  Citation `Kou:2018nap' on page 14 undefined on input line 762
  Citation `Kou:2018nap' on page 16 undefined on input line 846
  Citation `Kumar:2022rcf' on page 2 undefined on input line 203
  Citation `LHCb:2017myy' on page 8 undefined on input line 531
  Citation `LHCb:2018roe' on page 8 undefined on input line 535
  Citation `LHCb:2023zxo' on page 1 undefined on input line 180
  Citation `LHCbRDst2023' on page 1 undefined on input line 181
  Citation `LHCbRun1had' on page 1 undefined on input line 180
  Citation `Lee:2017kbi' on page 2 undefined on input line 203
  Citation `Lees:2012xj' on page 1 undefined on input line 180
  Citation `Lees:2013uzd' on page 1 undefined on input line 180
  Citation `MILC:2015uhg' on page 8 undefined on input line 564
  Citation `Mandal:2018kau' on page 10 undefined on input line 608
  Citation `Martinelli:2021myh' on page 1 undefined on input line 179
  Citation `Martinelli:2021onb' on page 1 undefined on input line 179
  Citation `Martinez:2018ynq' on page 2 undefined on input line 203
  Citation `Marzocca:2020ueu' on page 10 undefined on input line 608
  Citation `PDG2022' on page 12 undefined on input line 688
  Citation `PDG2022' on page 14 undefined on input line 748
  Citation `PDG2022' on page 15 undefined on input line 825
  Citation `PDG2022' on page 15 undefined on input line 829
  Citation `PDG2022' on page 16 undefined on input line 841
  Citation `PDG2022' on page 16 undefined on input line 862
  Citation `Sakaki:2013bfa' on page 2 undefined on input line 209
  Citation `Shaw:2018sbe' on page 2 undefined on input line 209
  Citation `Sirunyan:2018lbg' on page 10 undefined on input line 609
  Citation `Sirunyan:2018vhk' on page 10 undefined on input line 607
  Citation `Tanaka:2012nw' on page 2 undefined on input line 200
  Citation `Tanaka:2016ijq' on page 13 undefined on input line 702
  Citation `Wolfenstein:1983yz' on page 7 undefined on input line 489
  Citation `Zheng:2020ult' on page 9 undefined on input line 579
Latexmk: Failed to find one or more bibliography files:
    'ref.bib'
Latexmk: Summary of warnings from last run of *latex:
  Latex failed to resolve 177 citation(s)
Rc files read:
  NONE
Latexmk: This is Latexmk, John Collins, 29 September 2020, version: 4.70b.
Rule 'bibtex /diff_test_tex_engines/docker_bin_2/version_compiled_pdf_2020/2306.00052/2306.00052_tl2020': The following rules & subrules became out-of-date:
      'bibtex /diff_test_tex_engines/docker_bin_2/version_compiled_pdf_2020/2306.00052/2306.00052_tl2020'
Latexmk: I WON'T RUN 'bibtex /diff_test_tex_engines/docker_bin_2/version_compiled_pdf_2020/2306.00052/2306.00052_tl2020' because I don't find the following files:
  ref.bib
