This is pdfTeX, Version 3.141592653-2.6-1.40.23 (TeX Live 2021) (preloaded format=pdflatex 2023.4.22)  24 MAR 2024 04:20
entering extended mode
 restricted \write18 enabled.
 %&-line parsing enabled.
**main.tex
(./main.tex
LaTeX2e <2021-11-15> patch level 1
L3 programming layer <2022-02-24>
(/usr/local/texlive/2021/texmf-dist/tex/latex/base/article.cls
Document Class: article 2021/10/04 v1.4n Standard LaTeX document class
(/usr/local/texlive/2021/texmf-dist/tex/latex/base/size12.clo
File: size12.clo 2021/10/04 v1.4n Standard LaTeX file (size option)
)
\c@part=\count185
\c@section=\count186
\c@subsection=\count187
\c@subsubsection=\count188
\c@paragraph=\count189
\c@subparagraph=\count190
\c@figure=\count191
\c@table=\count192
\abovecaptionskip=\skip47
\belowcaptionskip=\skip48
\bibindent=\dimen138
)
{vertical mode: \relax}
{\par}
{\relax}
{\def}
{\global}
{\begingroup}
{\let}
{\def}
{\edef}
{\endgroup}
{\gdef}
{\global}
{\global}
{\global}
{\long}
{\relax}
{\xdef}
{\xdef}
{\xdef}
{\xdef}
{\xdef}
{\xdef}
{\xdef}
{\xdef}
{\xdef}
{\xdef}
{\xdef}
{\xdef}
{\xdef}
{\xdef}
{\xdef}
{\xdef}
{\xdef}
{\xdef}
{\xdef}
{\xdef}
{\xdef}
{\xdef}
{\xdef}
{\let}
{\let}
{\let}
{\let}
{\count124}
{\edef}
{\global}
{\global}
{\protected}
{\relax}
{\advance}
{\edef}
{\edef}
{\global}
{\advance}
{\edef}
{\edef}
{\global}
{\global}
{\global}
{\global}
{\global}
{\protected}
{\relax}
{\global}
{\global}
{\protected}
{\relax}
{\global}
{\global}
{\global}
{\global}
{\protected}
{\relax}
{\edef}
{\edef}
{\global}
{\global}
{\global}
{\global}
{\edef}
{\edef}
{\global}
{\global}
{\long}
{\relax}
{\edef}
{\edef}
{\global}
{\global}
{\let}
{\global}
{\global}
{\advance}
{\long}
{\edef}
{\xdef}
{\edef}
{\xdef}
{\global}
{\global}
{\long}
{\relax}
{\edef}
{\edef}
{\edef}
{\global}
{\global}
{\let}
{\advance}
{\long}
{\edef}
{\xdef}
{\edef}
{\xdef}
{\global}
{\global}
{\long}
{\relax}
{\global}
{\global}
{\let}
{\xdef}
{\xdef}
{\xdef}
{\xdef}
{\xdef}
{\xdef}
{\xdef}
{\xdef}
{\xdef}
{\xdef}
{\xdef}
{\xdef}
{\xdef}
{\xdef}
{\xdef}
{\let}
{\let}
{\let}
{\let}
{\count124}
{\edef}
{\global}
{\global}
{\protected}
{\relax}
{\advance}
{\edef}
{\edef}
{\global}
{\global}
{\global}
{\global}
{\global}
{\protected}
{\relax}
{\global}
{\global}
{\protected}
{\relax}
{\global}
{\global}
{\global}
{\global}
{\edef}
{\edef}
{\global}
{\global}
{\long}
{\relax}
{\edef}
{\edef}
{\global}
{\global}
{\let}
{\global}
{\global}
{\advance}
{\long}
{\edef}
{\xdef}
{\edef}
{\xdef}
{\global}
{\global}
{\long}
{\relax}
{\global}
{\global}
{\let}
{\xdef}
{\xdef}
{\let}
{\let}
{\let}
{\let}
{\count124}
{\edef}
{\global}
{\global}
{\protected}
{\relax}
{\advance}
{\edef}
{\edef}
{\let}
{\global}
{\global}
{\global}
{\global}
{\protected}
{\relax}
{\global}
{\global}
{\protected}
{\relax}
{\global}
{\global}
{\global}
{\global}
{\edef}
{\edef}
{\global}
{\global}
{\long}
{\relax}
{\edef}
{\edef}
{\global}
{\global}
{\let}
{\global}
{\global}
{\advance}
{\long}
{\edef}
{\xdef}
{\edef}
{\xdef}
{\global}
{\global}
{\long}
{\relax}
{\global}
{\global}
{\let}
{\xdef}
{\xdef}
{\let}
{\let}
{\let}
{\let}
{\count124}
{\edef}
{\global}
{\global}
{\protected}
{\relax}
{\advance}
{\edef}
{\edef}
{\let}
{\global}
{\global}
{\global}
{\global}
{\protected}
{\relax}
{\global}
{\global}
{\protected}
{\relax}
{\global}
{\global}
{\global}
{\global}
{\edef}
{\edef}
{\global}
{\global}
{\long}
{\relax}
{\edef}
{\edef}
{\global}
{\global}
{\let}
{\global}
{\global}
{\advance}
{\long}
{\edef}
{\xdef}
{\edef}
{\xdef}
{\global}
{\global}
{\long}
{\relax}
{\global}
{\global}
{\let}
{\xdef}
{\xdef}
{\let}
{\let}
{\let}
{\let}
{\count124}
{\edef}
{\global}
{\global}
{\protected}
{\relax}
{\advance}
{\edef}
{\edef}
{\let}
{\global}
{\global}
{\global}
{\global}
{\protected}
{\relax}
{\global}
{\global}
{\protected}
{\relax}
{\global}
{\global}
{\global}
{\global}
{\edef}
{\edef}
{\global}
{\global}
{\long}
{\relax}
{\edef}
{\edef}
{\global}
{\global}
{\let}
{\global}
{\global}
{\advance}
{\long}
{\edef}
{\xdef}
{\edef}
{\xdef}
{\global}
{\global}
{\long}
{\relax}
{\global}
{\global}
{\let}
{\xdef}
{\xdef}
{\xdef}
{\let}
{\let}
{\let}
{\let}
{\count124}
{\edef}
{\global}
{\global}
{\protected}
{\relax}
{\advance}
{\edef}
{\edef}
{\let}
{\global}
{\global}
{\global}
{\global}
{\protected}
{\relax}
{\global}
{\global}
{\protected}
{\relax}
{\global}
{\global}
{\global}
{\global}
{\edef}
{\edef}
{\global}
{\global}
{\long}
{\relax}
{\edef}
{\edef}
{\global}
{\global}
{\let}
{\global}
{\global}
{\advance}
{\long}
{\edef}
{\xdef}
{\edef}
{\xdef}
{\global}
{\global}
{\long}
{\relax}
{\global}
{\global}
{\let}
{\xdef}
{\xdef}
{\let}
{\let}
{\let}
{\let}
{\count124}
{\edef}
{\global}
{\global}
{\protected}
{\relax}
{\advance}
{\edef}
{\edef}
{\let}
{\global}
{\global}
{\global}
{\global}
{\protected}
{\relax}
{\global}
{\global}
{\protected}
{\relax}
{\global}
{\global}
{\global}
{\global}
{\edef}
{\edef}
{\global}
{\global}
{\long}
{\relax}
{\edef}
{\edef}
{\global}
{\global}
{\let}
{\global}
{\global}
{\advance}
{\long}
{\edef}
{\xdef}
{\edef}
{\xdef}
{\global}
{\global}
{\long}
{\relax}
{\global}
{\global}
{\let}
{\xdef}
{\xdef}
{\global}
{\global}
{\global}
{\global}
{\relax}
{\begingroup}
{\endgroup}
{\xdef}
{\global}
{\global}
{\global}
{\global}
{\let}
{\protected}
{\protected}
{\protected}
{\protected}
{\protected}
{\protected}
{\protected}
{\begingroup}
{\def}
{\toks0}
{\edef}
{\endgroup}
{\let}
{\begingroup}
{\def}
{\toks0}
{\edef}
{\endgroup}
{\let}
{\begingroup}
{\def}
{\toks0}
{\edef}
{\endgroup}
{\let}
{\relax}
{\relax}
{\edef}
{\let}
{\edef}
{\edef}
{\edef}
{\let}
{\relax}
{\afterassignment}
{\dimen47}
{\edef}
{\afterassignment}
{\skip20}
{\edef}
{\edef}
{\let}
{\def}
{\let}
{\xdef}
{select font cmr12}
{\baselineskip}
{\relax}
{\baselineskip}
{\skip12}
{\setbox}
{restricted horizontal mode: \vrule}
{end-group character }}
{vertical mode: \let}
{\relax}
{\relax}
{\relax}
{\edef}
{\edef}
{\edef}
{\def}
{\toks14}
{\edef}
{\edef}
{\def}
{\toks14}
{\edef}
{\edef}
{\relax}
{\let}
{\def}
{\relax}
{\let}
{\let}
{\def}
{\edef}
{\def}
{\toks14}
{\edef}
{\edef}
{\begingroup}
{\let}
{\endgroup}
{\let}
{\let}
{\xdef}
{select font cmr12}
{\relax}
{\relax}
{\let}
{\global}
{\edef}
{\xdef}
{\global}
{\global}
{\global}
{\global}
{\global}
{\global}
{\global}
{\global}
{\xdef}
{\global}
{\protected}
{\global}
{\global}
{\edef}
{\xdef}
{\def}
{\def}
{\count168}
{\relax}
{\let}
{\let}
{\let}
{\begingroup}
{\edef}
{\endgroup}
{\edef}
{\edef}
{\edef}
{\def}
{\def}
{\edef}
{\edef}
{\xdef}
{\edef}
{\edef}
{\edef}
{\global}
{\global}
{\global}
{\edef}
{\xdef}
{\xdef}
{\edef}
{\xdef}
{\xdef}
{\edef}
{\xdef}
{\xdef}
{\xdef}
{\global}
{\relax}
{\catcode}
{\relax}
{\global}
{\global}
{\global}
{\relax}
{\begingroup}
{\escapechar}
{let}
{edef}
{def}
{let}
{xdef}
{global}
{endgroup}
{\openin}
{\closein}
{\edef}
{\let}
{\def}
{\edef}
{\xdef}
{\begingroup}
{\escapechar}
{let}
{edef}
{def}
{let}
{xdef}
{global}
{endgroup}
{\edef}
{\edef}
{\let}
{\let}
{\edef}
{\let}
{\global}
{\global}
{\global}
{\def}
{\edef}
{\edef}
{\xdef}
{\let}
{\gdef}
{\let}
{\let}
{\global}
{\let}
{\relax}
{\relax}
{\begingroup}
{\escapechar}
{let}
{edef}
{def}
{let}
{xdef}
{global}
{endgroup}
{\openin}
{\closein}
{\edef}
{\let}
{\def}
{\edef}
{\xdef}
{\edef}
{\edef}
{\let}
{\let}
{\edef}
{\edef}
{\xdef}

(/usr/local/texlive/2021/texmf-dist/tex/latex/l3backend/l3backend-pdftex.def
{\begingroup}
{\catcode}
{\catcode}
{\catcode}
{\relax}
{\catcode}
{\relax}
{\let}
{\def}
{\def}
{\futurelet}
{\let}
{\immediate}
File: l3backend-pdftex.def 2022-02-07 L3 backend support: PDF output (pdfTeX)
{\xdef}
{\endgroup}
{\protected}
{\catcode}
{\catcode}
{\catcode}
{\catcode}
{\catcode}
{\catcode}
{\catcode}
{\catcode}
{\catcode}
{\endlinechar}
{\relax}
{\let}
{blank space  }
{\global}
{\protected}
{\let}
{\edef}
{\edef}
{\begingroup}
{\let}
{\protected}
{\endgroup}
{\protected}
{\protected}
{\let}
{\edef}
{\edef}
{\begingroup}
{\let}
{\protected}
{\endgroup}
{\protected}
{\protected}
{\protected}
{\protected}
{\let}
{\edef}
{\edef}
{\begingroup}
{\let}
{\protected}
{\endgroup}
{\protected}
{\global}
{\count21}
{\relax}
{\global}
{\immediate}
\l__color_backend_stack_int=\count193
{\protected}
{\protected}
{\let}
{\edef}
{\edef}
{\begingroup}
{\let}
{\protected}
{\endgroup}
{\protected}
{\global}
{\global}
{\protected}
{\protected}
{\protected}
{\protected}
{\protected}
{\global}
{\long}
{\long}
{\protected}
{\global}
{\global}
{\protected}
{\protected}
{\protected}
{\protected}
{\long}
{\protected}
{\protected}
{\protected}
{\protected}
{\protected}
{\protected}
{\protected}
{\protected}
{\protected}
{\protected}
{\protected}
{\protected}
{\global}
{\global}
{\protected}
{\protected}
{\protected}
{\global}
{\global}
{\protected}
{\global}
{\let}
{\edef}
{\edef}
{\begingroup}
{\let}
{\protected}
{\endgroup}
{\protected}
{\protected}
{\global}
{\global}
{\protected}
{\protected}
{\protected}
{\protected}
{\protected}
{\protected}
{\global}
{\protected}
{\protected}
{\protected}
{\protected}
{\protected}
{\protected}
{\protected}
{\protected}
{\long}
{\protected}
{\protected}
{\protected}
{\protected}
{\protected}
{\protected}
{\protected}
{\protected}
{\protected}
{\protected}
{\global}
{\protected}
{\global}
{\protected}
{\protected}
{\protected}
{\protected}
{\global}
{\global}
{\global}
{\global}
{\global}
{\protected}
{\protected}
{\protected}
{\global}
{\count21}
{\relax}
{\global}
{\immediate}
\l__pdf_internal_box=\box50
{\protected}
{\long}
{\protected}
{\protected}
{\protected}
{\protected}
{\long}
{\protected}
{\protected}
{\protected}
{\protected}
{\protected}
{\global}
{\protected}
{\long}
{\protected}
{\let}
{\edef}
{\edef}
{\begingroup}
{\let}
{\protected}
{\endgroup}
{\long}
{\long}
{\protected}
{\let}
{\edef}
{\edef}
{\begingroup}
{\let}
{\protected}
{\endgroup}
{\long}
{\long}
{\protected}
{\protected}
{\protected}
{\protected}
{\protected}
{\long}
{\long}
{\protected}
{\protected}
{\global}
{\global}
{\protected}
{\protected}
{\protected}
{\protected}
{\protected}
{\protected}
{\protected}
{\let}
{\edef}
{\edef}
{\begingroup}
{\let}
{\protected}
{\endgroup}
)
{\edef}
{\edef}
{\edef}
{\edef}
{\xdef}
{\edef}
{\edef}
{\edef}
{\edef}
{\edef}
{\let}
{\let}
{\let}
{\def}
{\xdef}
{\edef}
{\edef}
{\edef}
{\edef}
{\edef}
{\xdef}
{\edef}
{\global}
{\gdef}
{\gdef}
{\catcode}
{\relax}
{\gdef}
{\gdef}
{\xdef}
{\xdef}
{\edef}
{\xdef}
{\xdef}
{\xdef}
{\edef}
{\catcode}
{\catcode}
{\catcode}
{\catcode}
{\catcode}
{\catcode}
{\catcode}
{\catcode}
{\catcode}
{\endlinechar}
{\relax}
{\let}
{\protected}
{\global}
{\global}
{\global}
{\dimen131}
{\dimen132}
{\vsize}
{\dimen117}
{\count129}
{\hsize}
{\dimen59}
{\begingroup}
{\global}
{\global}
{\global}
{\global}
{\global}
{\dimen130}
{\global}
{\global}
{\dimen129}
{\advance}
{\dimen130}
{\skip41}
{\skip42}
{\skip43}
{\def}
{\relax}
{\catcode}
{\relax}
{\let}
{\global}
{\relax}
{\begingroup}
{\escapechar}
{let}
{edef}
{def}
{let}
{xdef}
{global}
{endgroup}
{\openin}
{\closein}
{\edef}
{\let}
{\def}

(out/tl2021_rerun.aux
{\relax}
{\gdef}
{blank space  }
)
{\endgroup}
{\immediate}
\openout1 = `tl2021_rerun.aux'.

{\immediate}
{\def}
{\relax}
{\begingroup}
{\def}
{\let}
{\immediate}
LaTeX Font Info:    Checking defaults for OML/cmm/m/it on input line 6.
{\endgroup}
{\relax}
{\begingroup}
{\def}
{\let}
{\immediate}
LaTeX Font Info:    ... okay on input line 6.
{\endgroup}
{\relax}
{\begingroup}
{\def}
{\let}
{\immediate}
LaTeX Font Info:    Checking defaults for OMS/cmsy/m/n on input line 6.
{\endgroup}
{\relax}
{\begingroup}
{\def}
{\let}
{\immediate}
LaTeX Font Info:    ... okay on input line 6.
{\endgroup}
{\relax}
{\begingroup}
{\def}
{\let}
{\immediate}
LaTeX Font Info:    Checking defaults for OT1/cmr/m/n on input line 6.
{\endgroup}
{\relax}
{\begingroup}
{\def}
{\let}
{\immediate}
LaTeX Font Info:    ... okay on input line 6.
{\endgroup}
{\relax}
{\begingroup}
{\def}
{\let}
{\immediate}
LaTeX Font Info:    Checking defaults for T1/cmr/m/n on input line 6.
{\endgroup}
{\relax}
{\begingroup}
{\def}
{\let}
{\immediate}
LaTeX Font Info:    ... okay on input line 6.
{\endgroup}
{\relax}
{\begingroup}
{\def}
{\let}
{\immediate}
LaTeX Font Info:    Checking defaults for TS1/cmr/m/n on input line 6.
{\endgroup}
{\relax}
{\begingroup}
{\def}
{\let}
{\immediate}
LaTeX Font Info:    ... okay on input line 6.
{\endgroup}
{\relax}
{\begingroup}
{\def}
{\let}
{\immediate}
LaTeX Font Info:    Checking defaults for OMX/cmex/m/n on input line 6.
{\endgroup}
{\relax}
{\begingroup}
{\def}
{\let}
{\immediate}
LaTeX Font Info:    ... okay on input line 6.
{\endgroup}
{\relax}
{\begingroup}
{\def}
{\let}
{\immediate}
LaTeX Font Info:    Checking defaults for U/cmr/m/n on input line 6.
{\endgroup}
{\relax}
{\begingroup}
{\def}
{\let}
{\immediate}
LaTeX Font Info:    ... okay on input line 6.
{\endgroup}
{\begingroup}
{\escapechar}
{def}
{def}
{def}
{def}
{def}
{endgroup}
{\let}
{\relax}
{\edef}
{\let}
{\edef}
{\edef}
{\edef}
{\everyjob}
{\let}
{\relax}
{\relax}
{\let}
{\relax}
{\afterassignment}
{\dimen47}
{\edef}
{\afterassignment}
{\skip20}
{\edef}
{\edef}
{\let}
{\def}
{\relax}
{\let}
{\xdef}
{select font cmr12}
{\baselineskip}
{\relax}
{\baselineskip}
{\skip12}
{\setbox}
{restricted horizontal mode: \vrule}
{end-group character }}
{vertical mode: \let}
{\relax}
{\abovedisplayskip}
{\abovedisplayshortskip}
{\belowdisplayshortskip}
{\belowdisplayskip}
{\let}
{\toks11}
{\let}
{\chardef}
{\let}
{\let}
{\xdef}
{\begingroup}
{\endgroup}
{\xdef}
{\global}
{\global}
{\global}
{\global}
{\global}
{\global}
{\global}
{\global}
{\begingroup}
{\protected}
{\endgroup}
{\global}
{\global}
{\global}
{\global}
{\gdef}
{\global}
{\global}
{\global}
{\global}
{\global}
{\global}
{\global}
{\global}
{\global}
{\global}
{\global}
{\global}
{\global}
{\global}
{\global}
{\global}
{\global}
{\global}
{\global}
{\global}
{\global}
{\global}
{\global}
{\global}
{\global}
{\global}
{\global}
{\global}
{\global}
{\global}
{\global}
{\global}
{\global}
{\global}
{\global}
{\global}
{\global}
{\global}
{\global}
{\global}
{\global}
{\global}
{\global}
{\global}
{\global}
{\global}
{\global}
{\global}
{\global}
{\global}
{\global}
{\global}
{\global}
{\global}
{\global}
{\global}
{\global}
{\global}
{\global}
{\global}
{\global}
{\global}
{\global}
{\global}
{\global}
{\global}
{\global}
{\global}
{\global}
{\global}
{\global}
{\global}
{\global}
{\global}
{\global}
{\global}
{\global}
{\global}
{\global}
{\global}
{\global}
{\global}
{\global}
{\global}
{\global}
{\global}
{\global}
{\global}
{\global}
{\global}
{\global}
{\global}
{\global}
{\global}
{\global}
{\global}
{\global}
{\global}
{\global}
{\global}
{\global}
{\global}
{\global}
{\global}
{\global}
{\global}
{\global}
{\global}
{\global}
{\global}
{\global}
{\global}
{\global}
{\global}
{\global}
{\global}
{\global}
{\global}
{\global}
{\global}
{\global}
{\global}
{\global}
{\global}
{\global}
{\global}
{\global}
{\global}
{\global}
{\global}
{\global}
{\begingroup}
{\endgroup}
{\xdef}
{\global}
{\global}
{\global}
{\global}
{\ignorespaces}
{math shift character $}
{horizontal mode: \global}
{\begingroup}
{\par}
{vertical mode: \endgroup}
{\everypar}
{\begingroup}
{\everypar}
{\parskip}
{\noindent}
{horizontal mode: \endgroup}
{\everypar}
{\box}
{math shift character $}
@firstpass
[] 
@\par via @@0 b=0 p=-10000 d=100
@@1: line 1.2- t=100 -> @@0

{display math mode: \gdef}
{\gdef}
{\gdef}
{\begingroup}
{\escapechar}
{xdef}
{let}
{xdef}
{begingroup}
{let}
{escapechar}
{def}
{def}
{def}
{def}
{def}
{let}
{edef}
{def}
{def}
{def}
{def}
{let}
{def}
{def}
{futurelet}
{let}
{def}
{def}
{def}
{edef}
{dimen47}
{edef}
{let}
{global}
{relax}
{select font cmr8}
{relax}
{hyphenchar}
{relax}
{endgroup}
{let}
{xdef}
{begingroup}
{let}
{escapechar}
{def}
{def}
{def}
{def}
{def}
{let}
{edef}
{def}
{def}
{let}
{def}
{def}
{futurelet}
{let}
{def}
{def}
{def}
{edef}
{dimen47}
{edef}
{let}
{global}
{relax}
{select font cmr6}
{relax}
{hyphenchar}
{relax}
{endgroup}
{edef}
{xdef}
{begingroup}
{let}
{escapechar}
{def}
{def}
{def}
{def}
{def}
{let}
{edef}
{def}
{def}
{def}
{def}
{def}
{def}
{def}
{def}
{let}
{def}
{def}
{futurelet}
{let}
{def}
{def}
{let}
{dimen47}
{edef}
{let}
{global}
{relax}
{select font cmmi12}
{relax}
{skewchar}
{relax}
{endgroup}
{let}
{xdef}
{begingroup}
{let}
{escapechar}
{def}
{def}
{def}
{def}
{def}
{let}
{edef}
{def}
{def}
{def}
{def}
{let}
{def}
{def}
{futurelet}
{let}
{def}
{def}
{def}
{edef}
{dimen47}
{edef}
{let}
{global}
{relax}
{select font cmmi8}
{relax}
{skewchar}
{relax}
{endgroup}
{let}
{xdef}
{begingroup}
{let}
{escapechar}
{def}
{def}
{def}
{def}
{def}
{let}
{edef}
{def}
{def}
{let}
{def}
{def}
{futurelet}
{let}
{def}
{def}
{def}
{edef}
{dimen47}
{edef}
{let}
{global}
{relax}
{select font cmmi6}
{relax}
{skewchar}
{relax}
{endgroup}
{edef}
{xdef}
{begingroup}
{let}
{escapechar}
{def}
{def}
{def}
{def}
{def}
{let}
{edef}
{def}
{def}
{def}
{def}
{def}
{def}
{def}
{def}
{let}
{def}
{def}
{futurelet}
{let}
{def}
{def}
{let}
{dimen47}
{edef}
{let}
{global}
{relax}
{select font cmsy10 at 12.0pt}
{relax}
{skewchar}
{relax}
{endgroup}
{let}
{xdef}
{begingroup}
{let}
{escapechar}
{def}
{def}
{def}
{def}
{def}
{let}
{edef}
{def}
{def}
{def}
{def}
{let}
{def}
{def}
{futurelet}
{let}
{def}
{def}
{def}
{edef}
{dimen47}
{edef}
{let}
{global}
{relax}
{select font cmsy8}
{relax}
{skewchar}
{relax}
{endgroup}
{let}
{xdef}
{begingroup}
{let}
{escapechar}
{def}
{def}
{def}
{def}
{def}
{let}
{edef}
{def}
{def}
{let}
{def}
{def}
{futurelet}
{let}
{def}
{def}
{def}
{edef}
{dimen47}
{edef}
{let}
{global}
{relax}
{select font cmsy6}
{relax}
{skewchar}
{relax}
{endgroup}
{edef}
{xdef}
{begingroup}
{let}
{escapechar}
{def}
{def}
{def}
{def}
{def}
{let}
{edef}
{def}
{def}
{dimen51}
{dimen51}
{dimen50}
{let}
{def}
{def}
{futurelet}
{let}
{def}
{def}
{def}
{let}
{relax}
{begingroup}
{def}
{let}
{immediate}
LaTeX Font Info:    External font `cmex10' loaded for size
(Font)              <12> on input line 7.
{endgroup}
{let}
{global}
{relax}
{select font cmex10}
{relax}
{relax}
{endgroup}
{let}
{xdef}
{begingroup}
{let}
{escapechar}
{def}
{def}
{def}
{def}
{def}
{let}
{edef}
{def}
{def}
{dimen51}
{dimen51}
{dimen50}
{let}
{def}
{def}
{futurelet}
{let}
{def}
{def}
{def}
{let}
{relax}
{begingroup}
{def}
{let}
{immediate}
LaTeX Font Info:    External font `cmex10' loaded for size
(Font)              <8> on input line 7.
{endgroup}
{let}
{global}
{relax}
{select font cmex10}
{relax}
{relax}
{endgroup}
{let}
{xdef}
{begingroup}
{let}
{escapechar}
{def}
{def}
{def}
{def}
{def}
{let}
{edef}
{def}
{def}
{dimen51}
{dimen51}
{dimen50}
{let}
{def}
{def}
{futurelet}
{let}
{def}
{def}
{def}
{let}
{relax}
{begingroup}
{def}
{let}
{immediate}
LaTeX Font Info:    External font `cmex10' loaded for size
(Font)              <6> on input line 7.
{endgroup}
{let}
{global}
{relax}
{select font cmex10}
{relax}
{relax}
{endgroup}
{edef}
{gdef}
{gdef}
{gdef}
{gdef}
{globaldefs}
{textfont}
{scriptfont}
{scriptscriptfont}
{textfont}
{scriptfont}
{scriptscriptfont}
{textfont}
{scriptfont}
{scriptscriptfont}
{textfont}
{scriptfont}
{scriptscriptfont}
{let}
{endgroup}
{\relax}
{\let}
{\def}
{the letter x}
{the character +}
{the letter y}
{the character =}
{the letter z}
{blank space  }
{\eqno}
{math mode: \let}
{\def}
{the character (}
{the character 1}
{the character .}
{the character 1}
{the character )}
{math shift character $}
{horizontal mode: the letter t}
{blank space  }
{the letter t}
{blank space  }
{the letter t}
{blank space  }
{\relax}
{\unskip}
{\par}
@firstpass
\OT1/cmr/m/n/12 text text text 
@\par via @@0 b=0 p=-10000 d=100
@@1: line 5.2- t=100 -> @@0

{vertical mode: \begingroup}
{\endgroup}
{\xdef}
{\global}
{\global}
{\global}
{\global}
{\def}
{\relax}
{\par}
{\vfil}
{\penalty}
{internal vertical mode: \let}
{\setbox}
{\let}
{\xdef}
{\global}
{\setbox}
{\relax}
{\dimen0}
{\unvbox}
{\vskip}
{\vskip}
{end-group character }}
{\global}
{\begingroup}
{\let}
{\language}
{\def}
{\def}
{\let}
{\global}
{\global}
{\let}
{\let}
{\let}
{\let}
{\let}
{\let}
{\let}
{\parindent}
{\parskip}
{\toks11}
{\dimen59}
{\dimen60}
{\leftskip}
{\rightskip}
{\skip27}
{\parfillskip}
{\lineskip}
{\lineskiplimit}
{\baselineskip}
{\relax}
{\let}
{\edef}
{\afterassignment}
{\setbox}
{\aftergroup}
{\let}
{\aftergroup}
{\aftergroup}
{\relax}
{\relax}
{\edef}
{\let}
{\edef}
{\edef}
{\edef}
{\let}
{\relax}
{\let}
{\xdef}
{select font cmr12}
{\relax}
{\relax}
{\relax}
{\relax}
{\let}
{\relax}
{\afterassignment}
{\dimen47}
{\edef}
{\afterassignment}
{\skip20}
{\edef}
{\edef}
{\let}
{\def}
{\relax}
{\let}
{\xdef}
{select font cmr12}
{\baselineskip}
{\relax}
{\baselineskip}
{\skip12}
{\setbox}
{restricted horizontal mode: \vrule}
{end-group character }}
{internal vertical mode: \let}
{\relax}
{\abovedisplayskip}
{\abovedisplayshortskip}
{\belowdisplayshortskip}
{\belowdisplayskip}
{\let}
{\relax}
{\sfcode}
{\sfcode}
{\sfcode}
{\sfcode}
{\sfcode}
{\sfcode}
{\let}
{\let}
{\let}
{\baselineskip}
{\lineskip}
{\lineskiplimit}
{\unvbox}
{\global}
{\vskip}
{\moveright}
{\setbox}
{\vfil}
{\hbox}
{restricted horizontal mode: \begingroup}
{\relax}
{\hbox}
{end-group character }}
{\relax}
{\endgroup}
{end-group character }}
{internal vertical mode: end-group character }}
{\dp}
{\box}
{\vskip}
{\box}
{\baselineskip}
{\hbox}
{restricted horizontal mode: \begingroup}
{\relax}
{\hbox}
{\relax}
{\relax}
{\edef}
{\let}
{\edef}
{\edef}
{\edef}
{\let}
{\relax}
{\let}
{\xdef}
{select font cmr12}
{\relax}
{\relax}
{\hfil}
{the character 1}
{\hfil}
{end-group character }}
{\relax}
{\endgroup}
{end-group character }}
{internal vertical mode: end-group character }}
{end-group character }}
{\let}
{\let}
{\dimen105}
{\relax}
{\dimen106}
{\relax}
{\dimen107}
{\relax}
{\dimen108}
{\relax}
{\global}
{\global}
{\dimen105}
{\relax}
{\dimen106}
{\relax}
{\dimen107}
{\relax}
{\dimen108}
{\relax}
{\global}
{\global}
{\global}
{\long}
{\global}
{\relax}
{\let}
{\shipout}


Completed box being shipped out [1] []


{/usr/local/texlive/2021/texmf-var/fonts/map/pdftex/updmap/pdftex.map}
{\let}
{\let}
{\endgroup}
{\let}
{\global}
{\global}
{\global}
{\relax}
{\begingroup}
{\let}
{\endgroup}
{\let}
{\global}
{\global}
{\global}
{\global}
{\global}
{\global}
{\global}
{\dimen130}
{\global}
{\global}
{\begingroup}
{\let}
{\global}
{\let}
{\endgroup}
{\global}
{end-group character }}
{vertical mode: \write}
{\vbox}
{internal vertical mode: end-group character }}
{vertical mode: \penalty}
{internal vertical mode: \let}
{\setbox}
{\unvbox}
{\setbox}
{\xdef}
{\global}
{\global}
{\global}
{\begingroup}
{\dimen130}
{\let}
{\global}
{\endgroup}
{\global}
{end-group character }}
{vertical mode: \begingroup}
{\endgroup}
{\xdef}
{\global}
{\global}
{\global}
{\global}
{\edef}
{\immediate}
{\begingroup}
{\immediate}
{\let}
{\let}
{\let}
{\relax}
{\catcode}
{\relax}
 (out/tl2021_rerun.aux
{\relax}
{\gdef}
{blank space  }
)
{\begingroup}
{\endgroup}
{\xdef}
{\global}
{\global}
{\global}
{\global}
{\begingroup}
{\endgroup}
{\xdef}
{\relax}
{\relax}
{\relax}
{\global}
{\global}
{\global}
{\global}
{\endgroup}
{\begingroup}
{\endgroup}
{\xdef}
{\global}
{\global}
{\global}
{\global}
{\deadcycles}
{\end}
{internal vertical mode: \let}
{\deadcycles}
{\global}
{\unvbox}
{end-group character }}
{\global}
{end-group character }}
{vertical mode: \end}
 ) 
Here is how much of TeX's memory you used:
 420 strings out of 478276
 7696 string characters out of 5846504
 296987 words of memory out of 5000000
 18700 multiletter control sequences out of 15000+600000
 471995 words of font info for 37 fonts, out of 8000000 for 9000
 1141 hyphenation exceptions out of 8191
 33i,5n,38p,141b,107s stack positions out of 5000i,500n,10000p,200000b,80000s
</usr/local/texlive/2021/texmf-dist/fonts/type1/public/amsfonts/cm/cmmi12.pfb
></usr/local/texlive/2021/texmf-dist/fonts/type1/public/amsfonts/cm/cmr12.pfb>
Output written on out/tl2021_rerun.pdf (1 page, 20308 bytes).
PDF statistics:
 18 PDF objects out of 1000 (max. 8388607)
 10 compressed objects within 1 object stream
 0 named destinations out of 1000 (max. 500000)
 1 words of extra memory for PDF output out of 10000 (max. 10000000)

