This is pdfTeX, Version 3.141592653-2.6-1.40.25 (TeX Live 2023) (preloaded format=pdflatex 2024.3.4)  24 MAR 2024 10:23
entering extended mode
 restricted \write18 enabled.
 %&-line parsing enabled.
**main.tex
(./main.tex
LaTeX2e <2023-11-01> patch level 1
L3 programming layer <2024-02-20>
(/usr/local/texlive/2023/texmf-dist/tex/latex/base/article.cls
Document Class: article 2023/05/17 v1.4n Standard LaTeX document class
(/usr/local/texlive/2023/texmf-dist/tex/latex/base/size12.clo
File: size12.clo 2023/05/17 v1.4n Standard LaTeX file (size option)
)
\c@part=\count188
\c@section=\count189
\c@subsection=\count190
\c@subsubsection=\count191
\c@paragraph=\count192
\c@subparagraph=\count193
\c@figure=\count194
\c@table=\count195
\abovecaptionskip=\skip48
\belowcaptionskip=\skip49
\bibindent=\dimen140
)
{vertical mode: \relax}
{\par}
{\relax}
{\def}
{\global}
{\begingroup}
{\let}
{\def}
{\edef}
{\endgroup}
{\gdef}
{\global}
{\global}
{\global}
{\long}
{\relax}
{\xdef}
{\long}
{\long}
{\xdef}
{\edef}
{\global}
{\xdef}
{\long}
{\long}
{\xdef}
{\edef}
{\global}
{\xdef}
{\long}
{\long}
{\xdef}
{\edef}
{\global}
{\xdef}
{\long}
{\long}
{\xdef}
{\edef}
{\global}
{\xdef}
{\long}
{\long}
{\xdef}
{\edef}
{\global}
{\xdef}
{\long}
{\long}
{\xdef}
{\edef}
{\global}
{\xdef}
{\long}
{\long}
{\xdef}
{\edef}
{\global}
{\xdef}
{\long}
{\long}
{\xdef}
{\edef}
{\global}
{\xdef}
{\long}
{\long}
{\xdef}
{\edef}
{\global}
{\xdef}
{\long}
{\long}
{\xdef}
{\edef}
{\global}
{\xdef}
{\long}
{\long}
{\xdef}
{\edef}
{\global}
{\xdef}
{\long}
{\long}
{\xdef}
{\edef}
{\global}
{\xdef}
{\long}
{\long}
{\xdef}
{\edef}
{\global}
{\xdef}
{\long}
{\long}
{\xdef}
{\edef}
{\global}
{\xdef}
{\long}
{\long}
{\xdef}
{\edef}
{\global}
{\xdef}
{\long}
{\long}
{\xdef}
{\edef}
{\global}
{\xdef}
{\long}
{\long}
{\xdef}
{\edef}
{\global}
{\xdef}
{\long}
{\long}
{\xdef}
{\edef}
{\global}
{\xdef}
{\long}
{\long}
{\xdef}
{\edef}
{\global}
{\xdef}
{\long}
{\long}
{\xdef}
{\edef}
{\global}
{\xdef}
{\long}
{\long}
{\xdef}
{\edef}
{\global}
{\xdef}
{\long}
{\long}
{\xdef}
{\edef}
{\global}
{\xdef}
{\long}
{\long}
{\xdef}
{\edef}
{\global}
{\xdef}
{\long}
{\long}
{\xdef}
{\edef}
{\global}
{\xdef}
{\long}
{\long}
{\xdef}
{\edef}
{\global}
{\xdef}
{\long}
{\let}
{\let}
{\let}
{\let}
{\count127}
{\edef}
{\global}
{\global}
{\protected}
{\advance}
{\edef}
{\edef}
{\global}
{\advance}
{\edef}
{\edef}
{\global}
{\advance}
{\edef}
{\edef}
{\global}
{\global}
{\global}
{\global}
{\global}
{\protected}
{\global}
{\global}
{\protected}
{\global}
{\global}
{\global}
{\global}
{\protected}
{\edef}
{\edef}
{\edef}
{\global}
{\global}
{\global}
{\global}
{\protected}
{\edef}
{\edef}
{\edef}
{\global}
{\global}
{\global}
{\global}
{\edef}
{\edef}
{\global}
{\global}
{\long}
{\relax}
{\edef}
{\edef}
{\global}
{\global}
{\let}
{\global}
{\global}
{\advance}
{\long}
{\edef}
{\xdef}
{\edef}
{\xdef}
{\global}
{\global}
{\long}
{\relax}
{\edef}
{\edef}
{\edef}
{\edef}
{\global}
{\global}
{\let}
{\advance}
{\long}
{\edef}
{\xdef}
{\edef}
{\xdef}
{\global}
{\global}
{\long}
{\relax}
{\edef}
{\edef}
{\edef}
{\edef}
{\global}
{\global}
{\let}
{\advance}
{\long}
{\edef}
{\xdef}
{\edef}
{\xdef}
{\global}
{\global}
{\long}
{\relax}
{\global}
{\global}
{\let}
{\xdef}
{\xdef}
{\long}
{\xdef}
{\edef}
{\global}
{\xdef}
{\long}
{\long}
{\xdef}
{\edef}
{\global}
{\xdef}
{\long}
{\long}
{\xdef}
{\edef}
{\global}
{\xdef}
{\long}
{\long}
{\xdef}
{\edef}
{\global}
{\xdef}
{\long}
{\long}
{\xdef}
{\edef}
{\global}
{\xdef}
{\long}
{\long}
{\xdef}
{\edef}
{\global}
{\xdef}
{\long}
{\long}
{\xdef}
{\edef}
{\global}
{\xdef}
{\long}
{\long}
{\xdef}
{\edef}
{\global}
{\xdef}
{\long}
{\long}
{\xdef}
{\edef}
{\global}
{\xdef}
{\long}
{\long}
{\xdef}
{\edef}
{\global}
{\xdef}
{\long}
{\long}
{\xdef}
{\edef}
{\global}
{\xdef}
{\long}
{\long}
{\xdef}
{\edef}
{\global}
{\xdef}
{\long}
{\long}
{\xdef}
{\edef}
{\global}
{\xdef}
{\long}
{\long}
{\xdef}
{\edef}
{\global}
{\xdef}
{\long}
{\long}
{\xdef}
{\edef}
{\global}
{\xdef}
{\long}
{\long}
{\xdef}
{\edef}
{\global}
{\xdef}
{\long}
{\let}
{\let}
{\let}
{\let}
{\count127}
{\edef}
{\global}
{\global}
{\protected}
{\advance}
{\edef}
{\edef}
{\global}
{\global}
{\global}
{\global}
{\global}
{\protected}
{\global}
{\global}
{\protected}
{\global}
{\global}
{\global}
{\global}
{\edef}
{\edef}
{\global}
{\global}
{\long}
{\relax}
{\edef}
{\edef}
{\global}
{\global}
{\let}
{\global}
{\global}
{\advance}
{\long}
{\edef}
{\xdef}
{\edef}
{\xdef}
{\global}
{\global}
{\long}
{\relax}
{\global}
{\global}
{\let}
{\xdef}
{\xdef}
{\long}
{\xdef}
{\edef}
{\global}
{\xdef}
{\long}
{\long}
{\xdef}
{\edef}
{\global}
{\xdef}
{\long}
{\let}
{\let}
{\let}
{\let}
{\count127}
{\edef}
{\global}
{\global}
{\protected}
{\advance}
{\edef}
{\edef}
{\let}
{\global}
{\global}
{\global}
{\global}
{\protected}
{\global}
{\global}
{\protected}
{\global}
{\global}
{\global}
{\global}
{\edef}
{\edef}
{\global}
{\global}
{\long}
{\relax}
{\edef}
{\edef}
{\global}
{\global}
{\let}
{\global}
{\global}
{\advance}
{\long}
{\edef}
{\xdef}
{\edef}
{\xdef}
{\global}
{\global}
{\long}
{\relax}
{\global}
{\global}
{\let}
{\xdef}
{\xdef}
{\long}
{\xdef}
{\edef}
{\global}
{\xdef}
{\long}
{\let}
{\let}
{\let}
{\let}
{\count127}
{\edef}
{\global}
{\global}
{\protected}
{\advance}
{\edef}
{\edef}
{\let}
{\global}
{\global}
{\global}
{\global}
{\protected}
{\global}
{\global}
{\protected}
{\global}
{\global}
{\global}
{\global}
{\edef}
{\edef}
{\global}
{\global}
{\long}
{\relax}
{\edef}
{\edef}
{\global}
{\global}
{\let}
{\global}
{\global}
{\advance}
{\long}
{\edef}
{\xdef}
{\edef}
{\xdef}
{\global}
{\global}
{\long}
{\relax}
{\global}
{\global}
{\let}
{\xdef}
{\xdef}
{\long}
{\xdef}
{\edef}
{\global}
{\xdef}
{\long}
{\let}
{\let}
{\let}
{\let}
{\count127}
{\edef}
{\global}
{\global}
{\protected}
{\advance}
{\edef}
{\edef}
{\let}
{\global}
{\global}
{\global}
{\global}
{\protected}
{\global}
{\global}
{\protected}
{\global}
{\global}
{\global}
{\global}
{\edef}
{\edef}
{\global}
{\global}
{\long}
{\relax}
{\edef}
{\edef}
{\global}
{\global}
{\let}
{\global}
{\global}
{\advance}
{\long}
{\edef}
{\xdef}
{\edef}
{\xdef}
{\global}
{\global}
{\long}
{\relax}
{\global}
{\global}
{\let}
{\xdef}
{\xdef}
{\long}
{\xdef}
{\edef}
{\global}
{\xdef}
{\long}
{\let}
{\let}
{\let}
{\let}
{\count127}
{\edef}
{\global}
{\global}
{\protected}
{\advance}
{\edef}
{\edef}
{\let}
{\global}
{\global}
{\global}
{\global}
{\protected}
{\global}
{\global}
{\protected}
{\global}
{\global}
{\global}
{\global}
{\edef}
{\edef}
{\global}
{\global}
{\long}
{\relax}
{\edef}
{\edef}
{\global}
{\global}
{\let}
{\global}
{\global}
{\advance}
{\long}
{\edef}
{\xdef}
{\edef}
{\xdef}
{\global}
{\global}
{\long}
{\relax}
{\global}
{\global}
{\let}
{\xdef}
{\xdef}
{\long}
{\xdef}
{\edef}
{\global}
{\xdef}
{\long}
{\let}
{\let}
{\let}
{\let}
{\count127}
{\edef}
{\global}
{\global}
{\protected}
{\advance}
{\edef}
{\edef}
{\let}
{\global}
{\global}
{\global}
{\global}
{\protected}
{\global}
{\global}
{\protected}
{\global}
{\global}
{\global}
{\global}
{\edef}
{\edef}
{\global}
{\global}
{\long}
{\relax}
{\edef}
{\edef}
{\global}
{\global}
{\let}
{\global}
{\global}
{\advance}
{\long}
{\edef}
{\xdef}
{\edef}
{\xdef}
{\global}
{\global}
{\long}
{\relax}
{\global}
{\global}
{\let}
{\xdef}
{\xdef}
{\long}
{\xdef}
{\edef}
{\global}
{\xdef}
{\long}
{\long}
{\xdef}
{\edef}
{\global}
{\xdef}
{\long}
{\let}
{\let}
{\let}
{\let}
{\count127}
{\edef}
{\global}
{\global}
{\protected}
{\advance}
{\edef}
{\edef}
{\let}
{\global}
{\global}
{\global}
{\global}
{\protected}
{\global}
{\global}
{\protected}
{\global}
{\global}
{\global}
{\global}
{\edef}
{\edef}
{\global}
{\global}
{\long}
{\relax}
{\edef}
{\edef}
{\global}
{\global}
{\let}
{\global}
{\global}
{\advance}
{\long}
{\edef}
{\xdef}
{\edef}
{\xdef}
{\global}
{\global}
{\long}
{\relax}
{\global}
{\global}
{\let}
{\xdef}
{\xdef}
{\long}
{\xdef}
{\edef}
{\global}
{\xdef}
{\long}
{\let}
{\let}
{\let}
{\let}
{\count127}
{\edef}
{\global}
{\global}
{\protected}
{\advance}
{\edef}
{\edef}
{\let}
{\global}
{\global}
{\global}
{\global}
{\protected}
{\global}
{\global}
{\protected}
{\global}
{\global}
{\global}
{\global}
{\edef}
{\edef}
{\global}
{\global}
{\long}
{\relax}
{\edef}
{\edef}
{\global}
{\global}
{\let}
{\global}
{\global}
{\advance}
{\long}
{\edef}
{\xdef}
{\edef}
{\xdef}
{\global}
{\global}
{\long}
{\relax}
{\global}
{\global}
{\let}
{\xdef}
{\xdef}
{\long}
{\xdef}
{\edef}
{\global}
{\xdef}
{\long}
{\let}
{\let}
{\let}
{\let}
{\count127}
{\edef}
{\global}
{\global}
{\protected}
{\advance}
{\edef}
{\edef}
{\let}
{\global}
{\global}
{\global}
{\global}
{\protected}
{\global}
{\global}
{\protected}
{\global}
{\global}
{\global}
{\global}
{\edef}
{\edef}
{\global}
{\global}
{\long}
{\relax}
{\edef}
{\edef}
{\global}
{\global}
{\let}
{\global}
{\global}
{\advance}
{\long}
{\edef}
{\xdef}
{\edef}
{\xdef}
{\global}
{\global}
{\long}
{\relax}
{\global}
{\global}
{\let}
{\xdef}
{\xdef}
{\long}
{\xdef}
{\edef}
{\global}
{\xdef}
{\long}
{\let}
{\let}
{\let}
{\let}
{\count127}
{\edef}
{\global}
{\global}
{\protected}
{\advance}
{\edef}
{\edef}
{\let}
{\global}
{\global}
{\global}
{\global}
{\protected}
{\global}
{\global}
{\protected}
{\global}
{\global}
{\global}
{\global}
{\edef}
{\edef}
{\global}
{\global}
{\long}
{\relax}
{\edef}
{\edef}
{\global}
{\global}
{\let}
{\global}
{\global}
{\advance}
{\long}
{\edef}
{\xdef}
{\edef}
{\xdef}
{\global}
{\global}
{\long}
{\relax}
{\global}
{\global}
{\let}
{\xdef}
{\xdef}
{\long}
{\xdef}
{\edef}
{\global}
{\xdef}
{\long}
{\let}
{\let}
{\let}
{\let}
{\count127}
{\edef}
{\global}
{\global}
{\protected}
{\advance}
{\edef}
{\edef}
{\let}
{\global}
{\global}
{\global}
{\global}
{\protected}
{\global}
{\global}
{\protected}
{\global}
{\global}
{\global}
{\global}
{\edef}
{\edef}
{\global}
{\global}
{\long}
{\relax}
{\edef}
{\edef}
{\global}
{\global}
{\let}
{\global}
{\global}
{\advance}
{\long}
{\edef}
{\xdef}
{\edef}
{\xdef}
{\global}
{\global}
{\long}
{\relax}
{\global}
{\global}
{\let}
{\xdef}
{\xdef}
{\long}
{\xdef}
{\edef}
{\global}
{\xdef}
{\long}
{\let}
{\let}
{\let}
{\let}
{\count127}
{\edef}
{\global}
{\global}
{\protected}
{\advance}
{\edef}
{\edef}
{\let}
{\global}
{\global}
{\global}
{\global}
{\protected}
{\global}
{\global}
{\protected}
{\global}
{\global}
{\global}
{\global}
{\edef}
{\edef}
{\global}
{\global}
{\long}
{\relax}
{\edef}
{\edef}
{\global}
{\global}
{\let}
{\global}
{\global}
{\advance}
{\long}
{\edef}
{\xdef}
{\edef}
{\xdef}
{\global}
{\global}
{\long}
{\relax}
{\global}
{\global}
{\let}
{\xdef}
{\xdef}
{\long}
{\xdef}
{\edef}
{\global}
{\xdef}
{\long}
{\let}
{\let}
{\let}
{\let}
{\count127}
{\edef}
{\global}
{\global}
{\protected}
{\advance}
{\edef}
{\edef}
{\let}
{\global}
{\global}
{\global}
{\global}
{\protected}
{\global}
{\global}
{\protected}
{\global}
{\global}
{\global}
{\global}
{\edef}
{\edef}
{\global}
{\global}
{\long}
{\relax}
{\edef}
{\edef}
{\global}
{\global}
{\let}
{\global}
{\global}
{\advance}
{\long}
{\edef}
{\xdef}
{\edef}
{\xdef}
{\global}
{\global}
{\long}
{\relax}
{\global}
{\global}
{\let}
{\xdef}
{\xdef}
{\long}
{\xdef}
{\edef}
{\global}
{\xdef}
{\long}
{\let}
{\let}
{\let}
{\let}
{\count127}
{\edef}
{\global}
{\global}
{\protected}
{\advance}
{\edef}
{\edef}
{\let}
{\global}
{\global}
{\global}
{\global}
{\protected}
{\global}
{\global}
{\protected}
{\global}
{\global}
{\global}
{\global}
{\edef}
{\edef}
{\global}
{\global}
{\long}
{\relax}
{\edef}
{\edef}
{\global}
{\global}
{\let}
{\global}
{\global}
{\advance}
{\long}
{\edef}
{\xdef}
{\edef}
{\xdef}
{\global}
{\global}
{\long}
{\relax}
{\global}
{\global}
{\let}
{\xdef}
{\xdef}
{\long}
{\xdef}
{\edef}
{\global}
{\global}
{\global}
{\global}
{\global}
{\global}
{\global}
{\relax}
{\begingroup}
{\endgroup}
{\xdef}
{\xdef}
{\long}
{\long}
{\xdef}
{\edef}
{\global}
{\long}
{\long}
{\long}
{\global}
{\let}
{\protected}
{\protected}
{\protected}
{\protected}
{\protected}
{\protected}
{\protected}
{\begingroup}
{\def}
{\toks0}
{\edef}
{\endgroup}
{\let}
{\begingroup}
{\def}
{\toks0}
{\edef}
{\endgroup}
{\let}
{\begingroup}
{\def}
{\toks0}
{\edef}
{\endgroup}
{\let}
{\relax}
{\relax}
{\edef}
{\let}
{\edef}
{\edef}
{\edef}
{\let}
{\relax}
{\afterassignment}
{\dimen47}
{\edef}
{\afterassignment}
{\skip20}
{\edef}
{\edef}
{\let}
{\def}
{\let}
{\xdef}
{select font cmr12}
{\baselineskip}
{\relax}
{\baselineskip}
{\skip12}
{\setbox}
{restricted horizontal mode: \vrule}
{end-group character }}
{vertical mode: \let}
{\relax}
{\relax}
{\relax}
{\edef}
{\edef}
{\edef}
{\def}
{\toks15}
{\edef}
{\edef}
{\def}
{\toks15}
{\edef}
{\edef}
{\relax}
{\let}
{\def}
{\relax}
{\let}
{\let}
{\def}
{\edef}
{\def}
{\toks15}
{\edef}
{\edef}
{\begingroup}
{\let}
{\endgroup}
{\let}
{\let}
{\xdef}
{select font cmr12}
{\relax}
{\relax}
{\let}
{\global}
{\xdef}
{\global}
{\global}
{\global}
{\global}
{\global}
{\global}
{\global}
{\global}
{\xdef}
{\global}
{\protected}
{\global}
{\global}
{\xdef}
{\def}
{\def}
{\count171}
{\relax}
{\let}
{\let}
{\let}
{\begingroup}
{\edef}
{\endgroup}
{\edef}
{\edef}
{\edef}
{\def}
{\def}
{\xdef}
{\edef}
{\edef}
{\edef}
{\global}
{\global}
{\global}
{\edef}
{\xdef}
{\xdef}
{\edef}
{\xdef}
{\xdef}
{\edef}
{\xdef}
{\xdef}
{\xdef}
{\global}
{\relax}
{\catcode}
{\relax}
{\global}
{\global}
{\global}
{\relax}
{\begingroup}
{\escapechar}
{let}
{edef}
{def}
{let}
{xdef}
{global}
{endgroup}
{\edef}
{\let}
{\edef}
{\def}
{\edef}
{\xdef}
{\begingroup}
{\escapechar}
{let}
{edef}
{def}
{let}
{xdef}
{global}
{endgroup}
{\edef}
{\edef}
{\let}
{\let}
{\edef}
{\let}
{\global}
{\global}
{\global}
{\def}
{\edef}
{\edef}
{\let}
{\let}
{\afterassignment}
{\xdef}
{\let}
{\let}
{\gdef}
{\let}
{\let}
{\global}
{\let}
{\relax}
{\relax}
{\begingroup}
{\escapechar}
{let}
{edef}
{def}
{let}
{xdef}
{global}
{endgroup}
{\edef}
{\let}
{\edef}
{\def}
{\edef}
{\xdef}
{\edef}
{\edef}
{\let}
{\let}
{\edef}
{\edef}
{\xdef}

(/usr/local/texlive/2023/texmf-dist/tex/latex/l3backend/l3backend-pdftex.def
{\begingroup}
{\catcode}
{\catcode}
{\catcode}
{\relax}
{\catcode}
{\relax}
{\let}
{\def}
{\def}
{\futurelet}
{\let}
{\immediate}
File: l3backend-pdftex.def 2024-02-20 L3 backend support: PDF output (pdfTeX)
{\xdef}
{\endgroup}
{\protected}
{\catcode}
{\catcode}
{\catcode}
{\catcode}
{\catcode}
{\catcode}
{\catcode}
{\catcode}
{\endlinechar}
{\relax}
{\let}
{blank space  }
{\global}
{\protected}
{\protected}
{\protected}
{\let}
{\begingroup}
{\protected}
{\endgroup}
{\protected}
{\protected}
{\protected}
{\protected}
{\protected}
{\let}
{\begingroup}
{\protected}
{\endgroup}
{\global}
{\count21}
{\relax}
{\global}
{\immediate}
\l__color_backend_stack_int=\count196
{\protected}
{\protected}
{\protected}
{\global}
{\global}
{\edef}
{\edef}
{\protected}
{\protected}
{\protected}
{\protected}
{\protected}
{\global}
{\long}
{\long}
{\protected}
{\global}
{\global}
{\protected}
{\protected}
{\protected}
{\protected}
{\protected}
{\long}
{\protected}
{\protected}
{\protected}
{\protected}
{\protected}
{\protected}
{\protected}
{\protected}
{\protected}
{\protected}
{\protected}
{\protected}
{\global}
{\global}
{\global}
{\global}
{\protected}
{\protected}
{\protected}
{\global}
{\global}
{\protected}
{\global}
{\let}
{\begingroup}
{\protected}
{\endgroup}
{\protected}
{\protected}
{\global}
{\global}
{\protected}
{\protected}
{\protected}
{\protected}
{\protected}
{\protected}
{\global}
{\protected}
{\protected}
{\protected}
{\protected}
{\protected}
{\protected}
{\protected}
{\protected}
{\long}
{\protected}
{\protected}
{\protected}
{\protected}
{\protected}
{\protected}
{\protected}
{\protected}
{\protected}
{\protected}
{\protected}
{\xdef}
{\long}
{\begingroup}
{\endgroup}
{\xdef}
{\xdef}
{\long}
{\global}
{\long}
{\long}
{\long}
{\edef}
{\begingroup}
{\edef}
{\endgroup}
{\edef}
{\long}
{\edef}
{\protected}
{\let}
{\global}
{\global}
{\xdef}
{\edef}
{\edef}
{\long}
{\edef}
{\long}
{\xdef}
{\let}
{\let}
{\let}
{\let}
{\count127}
{\edef}
{\global}
{\global}
{\protected}
{\advance}
{\edef}
{\edef}
{\global}
{\global}
{\global}
{\global}
{\global}
{\protected}
{\global}
{\global}
{\protected}
{\global}
{\global}
{\global}
{\global}
{\edef}
{\edef}
{\global}
{\global}
{\long}
{\relax}
{\edef}
{\edef}
{\global}
{\global}
{\let}
{\global}
{\global}
{\advance}
{\long}
{\edef}
{\xdef}
{\edef}
{\xdef}
{\global}
{\global}
{\long}
{\relax}
{\global}
{\global}
{\let}
{\xdef}
{\xdef}
{\long}
{\xdef}
{\edef}
{\global}
{\global}
{\protected}
{\global}
{\global}
{\protected}
{\protected}
{\protected}
{\protected}
{\long}
{\protected}
{\global}
{\global}
{\global}
{\global}
{\global}
{\global}
{\protected}
{\global}
{\protected}
{\protected}
{\global}
{\protected}
{\global}
{\count21}
{\relax}
{\global}
{\immediate}
\l__pdf_internal_box=\box51
{\protected}
{\long}
{\protected}
{\protected}
{\protected}
{\protected}
{\long}
{\protected}
{\protected}
{\protected}
{\protected}
{\protected}
{\global}
{\protected}
{\long}
{\protected}
{\long}
{\let}
{\begingroup}
{\protected}
{\endgroup}
{\long}
{\long}
{\protected}
{\let}
{\begingroup}
{\protected}
{\endgroup}
{\long}
{\long}
{\protected}
{\protected}
{\protected}
{\protected}
{\protected}
{\long}
{\long}
{\protected}
{\protected}
{\protected}
{\global}
{\global}
{\protected}
{\protected}
{\protected}
{\protected}
{\protected}
{\protected}
{\protected}
{\let}
{\begingroup}
{\protected}
{\endgroup}
)
{\edef}
{\edef}
{\edef}
{\edef}
{\xdef}
{\edef}
{\edef}
{\edef}
{\edef}
{\edef}
{\let}
{\let}
{\let}
{\def}
{\xdef}
{\edef}
{\edef}
{\edef}
{\edef}
{\edef}
{\xdef}
{\edef}
{\global}
{\gdef}
{\gdef}
{\catcode}
{\relax}
{\gdef}
{\gdef}
{\xdef}
{\xdef}
{\edef}
{\xdef}
{\xdef}
{\xdef}
{\edef}
{\catcode}
{\catcode}
{\catcode}
{\catcode}
{\catcode}
{\catcode}
{\catcode}
{\catcode}
{\endlinechar}
{\relax}
{\let}
{\protected}
{\global}
{\global}
{\global}
{\dimen133}
{\dimen134}
{\vsize}
{\dimen117}
{\count132}
{\hsize}
{\dimen59}
{\begingroup}
{\global}
{\global}
{\global}
{\global}
{\global}
{\dimen132}
{\global}
{\global}
{\dimen131}
{\advance}
{\dimen132}
{\skip42}
{\skip43}
{\skip44}
{\def}
{\relax}
{\catcode}
{\relax}
{\let}
{\global}
{\relax}
{\begingroup}
{\escapechar}
{let}
{edef}
{def}
{let}
{xdef}
{global}
{endgroup}
{\edef}
{\let}
{\edef}
{\def}

(out/tl2023_rerun.aux
{\relax}
{\gdef}
{blank space  }
)
{\endgroup}
{\immediate}
\openout1 = `tl2023_rerun.aux'.

{\immediate}
{\def}
{\relax}
{\begingroup}
{\def}
{\let}
{\immediate}
LaTeX Font Info:    Checking defaults for OML/cmm/m/it on input line 6.
{\endgroup}
{\relax}
{\begingroup}
{\def}
{\let}
{\immediate}
LaTeX Font Info:    ... okay on input line 6.
{\endgroup}
{\relax}
{\begingroup}
{\def}
{\let}
{\immediate}
LaTeX Font Info:    Checking defaults for OMS/cmsy/m/n on input line 6.
{\endgroup}
{\relax}
{\begingroup}
{\def}
{\let}
{\immediate}
LaTeX Font Info:    ... okay on input line 6.
{\endgroup}
{\relax}
{\begingroup}
{\def}
{\let}
{\immediate}
LaTeX Font Info:    Checking defaults for OT1/cmr/m/n on input line 6.
{\endgroup}
{\relax}
{\begingroup}
{\def}
{\let}
{\immediate}
LaTeX Font Info:    ... okay on input line 6.
{\endgroup}
{\relax}
{\begingroup}
{\def}
{\let}
{\immediate}
LaTeX Font Info:    Checking defaults for T1/cmr/m/n on input line 6.
{\endgroup}
{\relax}
{\begingroup}
{\def}
{\let}
{\immediate}
LaTeX Font Info:    ... okay on input line 6.
{\endgroup}
{\relax}
{\begingroup}
{\def}
{\let}
{\immediate}
LaTeX Font Info:    Checking defaults for TS1/cmr/m/n on input line 6.
{\endgroup}
{\relax}
{\begingroup}
{\def}
{\let}
{\immediate}
LaTeX Font Info:    ... okay on input line 6.
{\endgroup}
{\relax}
{\begingroup}
{\def}
{\let}
{\immediate}
LaTeX Font Info:    Checking defaults for OMX/cmex/m/n on input line 6.
{\endgroup}
{\relax}
{\begingroup}
{\def}
{\let}
{\immediate}
LaTeX Font Info:    ... okay on input line 6.
{\endgroup}
{\relax}
{\begingroup}
{\def}
{\let}
{\immediate}
LaTeX Font Info:    Checking defaults for U/cmr/m/n on input line 6.
{\endgroup}
{\relax}
{\begingroup}
{\def}
{\let}
{\immediate}
LaTeX Font Info:    ... okay on input line 6.
{\endgroup}
{\begingroup}
{\escapechar}
{def}
{def}
{def}
{def}
{def}
{endgroup}
{\let}
{\relax}
{\edef}
{\let}
{\edef}
{\edef}
{\edef}
{\everyjob}
{\let}
{\relax}
{\relax}
{\let}
{\relax}
{\afterassignment}
{\dimen47}
{\edef}
{\afterassignment}
{\skip20}
{\edef}
{\edef}
{\let}
{\def}
{\relax}
{\let}
{\xdef}
{select font cmr12}
{\baselineskip}
{\relax}
{\baselineskip}
{\skip12}
{\setbox}
{restricted horizontal mode: \vrule}
{end-group character }}
{vertical mode: \let}
{\relax}
{\abovedisplayskip}
{\abovedisplayshortskip}
{\belowdisplayshortskip}
{\belowdisplayskip}
{\let}
{\toks12}
{\let}
{\chardef}
{\let}
{\let}
{\xdef}
{\begingroup}
{\endgroup}
{\xdef}
{\xdef}
{\long}
{\long}
{\xdef}
{\edef}
{\global}
{\long}
{\long}
{\long}
{\global}
{\global}
{\global}
{\protected}
{\global}
{\global}
{\global}
{\global}
{\global}
{\protected}
{\global}
{\begingroup}
{\protected}
{\let}
{\global}
{\protected}
{\edef}
{\edef}
{\global}
{\endgroup}
{\edef}
{\begingroup}
{\protected}
{\endgroup}
{\global}
{\global}
{\global}
{\global}
{\gdef}
{\global}
{\global}
{\global}
{\global}
{\global}
{\global}
{\global}
{\global}
{\global}
{\global}
{\global}
{\global}
{\global}
{\global}
{\global}
{\global}
{\global}
{\global}
{\global}
{\global}
{\global}
{\global}
{\global}
{\global}
{\global}
{\global}
{\global}
{\global}
{\global}
{\global}
{\global}
{\global}
{\global}
{\global}
{\global}
{\global}
{\global}
{\global}
{\global}
{\global}
{\global}
{\global}
{\global}
{\global}
{\global}
{\global}
{\global}
{\global}
{\global}
{\global}
{\global}
{\global}
{\global}
{\global}
{\global}
{\global}
{\global}
{\global}
{\global}
{\global}
{\global}
{\global}
{\global}
{\global}
{\global}
{\global}
{\global}
{\global}
{\global}
{\global}
{\global}
{\global}
{\global}
{\global}
{\global}
{\global}
{\global}
{\global}
{\global}
{\global}
{\global}
{\global}
{\global}
{\global}
{\global}
{\global}
{\global}
{\global}
{\global}
{\global}
{\global}
{\global}
{\global}
{\global}
{\global}
{\global}
{\global}
{\global}
{\global}
{\global}
{\global}
{\global}
{\global}
{\global}
{\global}
{\global}
{\global}
{\global}
{\global}
{\global}
{\global}
{\global}
{\global}
{\global}
{\global}
{\global}
{\global}
{\global}
{\global}
{\global}
{\global}
{\global}
{\global}
{\global}
{\global}
{\global}
{\global}
{\global}
{\global}
{\global}
{\global}
{\global}
{\global}
{\global}
{\begingroup}
{\endgroup}
{\xdef}
{\xdef}
{\long}
{\long}
{\xdef}
{\edef}
{\global}
{\long}
{\long}
{\long}
{\global}
{\ignorespaces}
{math shift character $}
{horizontal mode: \global}
{\begingroup}
{\par}
{vertical mode: \endgroup}
{\everypar}
{\begingroup}
{\everypar}
{\parskip}
{\noindent}
{horizontal mode: \endgroup}
{\everypar}
{\box}
{math shift character $}
@firstpass
[] 
@\par via @@0 b=0 p=-10000 d=100
@@1: line 1.2- t=100 -> @@0

{display math mode: \aftergroup}
{\aftergroup}
{\gdef}
{\gdef}
{\gdef}
{\begingroup}
{\escapechar}
{xdef}
{let}
{xdef}
{begingroup}
{let}
{escapechar}
{def}
{def}
{def}
{def}
{def}
{let}
{edef}
{def}
{def}
{def}
{def}
{let}
{def}
{def}
{futurelet}
{let}
{def}
{def}
{def}
{edef}
{dimen47}
{edef}
{let}
{global}
{relax}
{select font cmr8}
{relax}
{hyphenchar}
{relax}
{endgroup}
{let}
{xdef}
{begingroup}
{let}
{escapechar}
{def}
{def}
{def}
{def}
{def}
{let}
{edef}
{def}
{def}
{let}
{def}
{def}
{futurelet}
{let}
{def}
{def}
{def}
{edef}
{dimen47}
{edef}
{let}
{global}
{relax}
{select font cmr6}
{relax}
{hyphenchar}
{relax}
{endgroup}
{edef}
{xdef}
{begingroup}
{let}
{escapechar}
{def}
{def}
{def}
{def}
{def}
{let}
{edef}
{def}
{def}
{def}
{def}
{def}
{def}
{def}
{def}
{let}
{def}
{def}
{futurelet}
{let}
{def}
{def}
{let}
{dimen47}
{edef}
{let}
{global}
{relax}
{select font cmmi12}
{relax}
{skewchar}
{relax}
{endgroup}
{let}
{xdef}
{begingroup}
{let}
{escapechar}
{def}
{def}
{def}
{def}
{def}
{let}
{edef}
{def}
{def}
{def}
{def}
{let}
{def}
{def}
{futurelet}
{let}
{def}
{def}
{def}
{edef}
{dimen47}
{edef}
{let}
{global}
{relax}
{select font cmmi8}
{relax}
{skewchar}
{relax}
{endgroup}
{let}
{xdef}
{begingroup}
{let}
{escapechar}
{def}
{def}
{def}
{def}
{def}
{let}
{edef}
{def}
{def}
{let}
{def}
{def}
{futurelet}
{let}
{def}
{def}
{def}
{edef}
{dimen47}
{edef}
{let}
{global}
{relax}
{select font cmmi6}
{relax}
{skewchar}
{relax}
{endgroup}
{edef}
{xdef}
{begingroup}
{let}
{escapechar}
{def}
{def}
{def}
{def}
{def}
{let}
{edef}
{def}
{def}
{def}
{def}
{def}
{def}
{def}
{def}
{let}
{def}
{def}
{futurelet}
{let}
{def}
{def}
{let}
{dimen47}
{edef}
{let}
{global}
{relax}
{select font cmsy10 at 12.0pt}
{relax}
{skewchar}
{relax}
{endgroup}
{let}
{xdef}
{begingroup}
{let}
{escapechar}
{def}
{def}
{def}
{def}
{def}
{let}
{edef}
{def}
{def}
{def}
{def}
{let}
{def}
{def}
{futurelet}
{let}
{def}
{def}
{def}
{edef}
{dimen47}
{edef}
{let}
{global}
{relax}
{select font cmsy8}
{relax}
{skewchar}
{relax}
{endgroup}
{let}
{xdef}
{begingroup}
{let}
{escapechar}
{def}
{def}
{def}
{def}
{def}
{let}
{edef}
{def}
{def}
{let}
{def}
{def}
{futurelet}
{let}
{def}
{def}
{def}
{edef}
{dimen47}
{edef}
{let}
{global}
{relax}
{select font cmsy6}
{relax}
{skewchar}
{relax}
{endgroup}
{edef}
{xdef}
{begingroup}
{let}
{escapechar}
{def}
{def}
{def}
{def}
{def}
{let}
{edef}
{def}
{def}
{dimen51}
{dimen51}
{dimen50}
{let}
{def}
{def}
{futurelet}
{let}
{def}
{def}
{def}
{let}
{relax}
{begingroup}
{def}
{let}
{immediate}
LaTeX Font Info:    External font `cmex10' loaded for size
(Font)              <12> on input line 7.
{endgroup}
{let}
{global}
{relax}
{select font cmex10}
{relax}
{relax}
{endgroup}
{let}
{xdef}
{begingroup}
{let}
{escapechar}
{def}
{def}
{def}
{def}
{def}
{let}
{edef}
{def}
{def}
{dimen51}
{dimen51}
{dimen50}
{let}
{def}
{def}
{futurelet}
{let}
{def}
{def}
{def}
{let}
{relax}
{begingroup}
{def}
{let}
{immediate}
LaTeX Font Info:    External font `cmex10' loaded for size
(Font)              <8> on input line 7.
{endgroup}
{let}
{global}
{relax}
{select font cmex10}
{relax}
{relax}
{endgroup}
{let}
{xdef}
{begingroup}
{let}
{escapechar}
{def}
{def}
{def}
{def}
{def}
{let}
{edef}
{def}
{def}
{dimen51}
{dimen51}
{dimen50}
{let}
{def}
{def}
{futurelet}
{let}
{def}
{def}
{def}
{let}
{relax}
{begingroup}
{def}
{let}
{immediate}
LaTeX Font Info:    External font `cmex10' loaded for size
(Font)              <6> on input line 7.
{endgroup}
{let}
{global}
{relax}
{select font cmex10}
{relax}
{relax}
{endgroup}
{edef}
{gdef}
{gdef}
{gdef}
{gdef}
{globaldefs}
{textfont}
{scriptfont}
{scriptscriptfont}
{textfont}
{scriptfont}
{scriptscriptfont}
{textfont}
{scriptfont}
{scriptscriptfont}
{textfont}
{scriptfont}
{scriptscriptfont}
{let}
{endgroup}
{\relax}
{\let}
{\def}
{\aftergroup}
{\aftergroup}
{the letter x}
{the character +}
{the letter y}
{the character =}
{the letter z}
{blank space  }
{\eqno}
{math mode: \aftergroup}
{\let}
{\def}
{\aftergroup}
{\aftergroup}
{\aftergroup}
{begin-group character {}
{the character (}
{the character 1}
{the character .}
{the character 1}
{the character )}
{end-group character }}
{math shift character $}
{horizontal mode: \global}
{\ignorespaces}
{\global}
{\ignorespaces}
{the letter t}
{blank space  }
{the letter t}
{blank space  }
{the letter t}
{blank space  }
{\relax}
{\unskip}
{\par}
@firstpass
\OT1/cmr/m/n/12 text text text 
@\par via @@0 b=0 p=-10000 d=100
@@1: line 5.2- t=100 -> @@0

{vertical mode: \begingroup}
{\endgroup}
{\xdef}
{\xdef}
{\long}
{\long}
{\xdef}
{\edef}
{\global}
{\long}
{\long}
{\long}
{\global}
{\def}
{\relax}
{\par}
{\vfil}
{\penalty}
{internal vertical mode: \let}
{\setbox}
{\let}
{\xdef}
{\global}
{\setbox}
{\relax}
{\dimen0}
{\unvbox}
{\vskip}
{\vskip}
{end-group character }}
{\global}
{\global}
{\global}
{\long}
{\relax}
{\global}
{\global}
{\global}
{\global}
{\global}
{\global}
{\global}
{\global}
{\global}
{\global}
{\global}
{\begingroup}
{\splitmaxdepth}
{\relax}
{\vbadness}
{\vfuzz}
{\relax}
{\setbox}
{\begingroup}
{\unvcopy}
{\unskip}
{\setbox}
{\kern}
{\relax}
{\par}
{\endgroup}
{end-group character }}
{\setbox}
{\global}
{\global}
{\long}
{\relax}
{\global}
{\global}
{\xdef}
{\global}
{\global}
{\global}
{\global}
{\xdef}
{\global}
{\global}
{\global}
{\global}
{\xdef}
{\global}
{\global}
{\global}
{\global}
{\endgroup}
{\global}
{\global}
{\long}
{\relax}
{\global}
{\global}
{\global}
{\global}
{\global}
{\global}
{\global}
{\global}
{\global}
{\global}
{\global}
{\global}
{\global}
{\long}
{\relax}
{\global}
{\global}
{\global}
{\global}
{\global}
{\global}
{\global}
{\global}
{\global}
{\global}
{\global}
{\global}
{\global}
{\long}
{\relax}
{\global}
{\global}
{\global}
{\global}
{\global}
{\global}
{\global}
{\global}
{\global}
{\global}
{\global}
{\global}
{\global}
{\long}
{\relax}
{\global}
{\global}
{\global}
{\global}
{\global}
{\global}
{\global}
{\global}
{\global}
{\global}
{\global}
{\begingroup}
{\let}
{\language}
{\def}
{\def}
{\let}
{\global}
{\global}
{\let}
{\let}
{\let}
{\let}
{\let}
{\let}
{\let}
{\parindent}
{\parskip}
{\toks12}
{\dimen59}
{\dimen60}
{\leftskip}
{\rightskip}
{\skip28}
{\parfillskip}
{\lineskip}
{\lineskiplimit}
{\baselineskip}
{\relax}
{\let}
{\edef}
{\edef}
{\afterassignment}
{\setbox}
{\aftergroup}
{\let}
{\aftergroup}
{\aftergroup}
{\relax}
{\relax}
{\edef}
{\let}
{\edef}
{\edef}
{\edef}
{\let}
{\relax}
{\let}
{\xdef}
{select font cmr12}
{\relax}
{\relax}
{\relax}
{\relax}
{\let}
{\relax}
{\afterassignment}
{\dimen47}
{\edef}
{\afterassignment}
{\skip20}
{\edef}
{\edef}
{\let}
{\def}
{\relax}
{\let}
{\xdef}
{select font cmr12}
{\baselineskip}
{\relax}
{\baselineskip}
{\skip12}
{\setbox}
{restricted horizontal mode: \vrule}
{end-group character }}
{internal vertical mode: \let}
{\relax}
{\abovedisplayskip}
{\abovedisplayshortskip}
{\belowdisplayshortskip}
{\belowdisplayskip}
{\let}
{\relax}
{\sfcode}
{\sfcode}
{\sfcode}
{\sfcode}
{\sfcode}
{\sfcode}
{\let}
{\let}
{\let}
{\baselineskip}
{\lineskip}
{\lineskiplimit}
{\unvbox}
{\global}
{\vskip}
{\moveright}
{\setbox}
{\vfil}
{\hbox}
{restricted horizontal mode: \begingroup}
{\relax}
{\hbox}
{end-group character }}
{\relax}
{\endgroup}
{end-group character }}
{internal vertical mode: end-group character }}
{\dp}
{\box}
{\vskip}
{\box}
{\baselineskip}
{\hbox}
{restricted horizontal mode: \begingroup}
{\relax}
{\hbox}
{\relax}
{\relax}
{\edef}
{\let}
{\edef}
{\edef}
{\edef}
{\let}
{\relax}
{\let}
{\xdef}
{select font cmr12}
{\relax}
{\relax}
{\hfil}
{the character 1}
{\hfil}
{end-group character }}
{\relax}
{\endgroup}
{end-group character }}
{internal vertical mode: end-group character }}
{end-group character }}
{\let}
{\let}
{\dimen105}
{\relax}
{\dimen106}
{\relax}
{\dimen107}
{\relax}
{\dimen108}
{\relax}
{\global}
{\global}
{\dimen105}
{\relax}
{\dimen106}
{\relax}
{\dimen107}
{\relax}
{\dimen108}
{\relax}
{\global}
{\global}
{\global}
{\long}
{\relax}
{\let}
{\shipout}


Completed box being shipped out [1] []


{/usr/local/texlive/2023/texmf-var/fonts/map/pdftex/updmap/pdftex.map}
{\let}
{\let}
{\endgroup}
{\let}
{\global}
{\global}
{\global}
{\relax}
{\begingroup}
{\let}
{\endgroup}
{\let}
{\global}
{\global}
{\global}
{\global}
{\global}
{\global}
{\global}
{\dimen132}
{\global}
{\global}
{\begingroup}
{\let}
{\global}
{\let}
{\endgroup}
{\global}
{end-group character }}
{vertical mode: \write}
{\vbox}
{internal vertical mode: end-group character }}
{vertical mode: \penalty}
{internal vertical mode: \let}
{\setbox}
{\unvbox}
{\setbox}
{\xdef}
{\global}
{\global}
{\global}
{\begingroup}
{\dimen132}
{\let}
{\global}
{\endgroup}
{\global}
{end-group character }}
{vertical mode: \begingroup}
{\endgroup}
{\xdef}
{\xdef}
{\long}
{\long}
{\xdef}
{\edef}
{\global}
{\long}
{\long}
{\long}
{\global}
{\edef}
{\immediate}
{\begingroup}
{\immediate}
{\let}
{\let}
{\let}
{\let}
{\relax}
{\catcode}
{\relax}
 (out/tl2023_rerun.aux
{\relax}
{\gdef}
{blank space  }
)
{\begingroup}
{\endgroup}
{\xdef}
{\xdef}
{\long}
{\long}
{\xdef}
{\edef}
{\global}
{\long}
{\long}
{\long}
{\global}
{\begingroup}
{\endgroup}
{\xdef}
{\xdef}
{\long}
{\long}
{\xdef}
{\edef}
{\global}
{\let}
{\immediate}
 ***********
{\immediate}
LaTeX2e <2023-11-01> patch level 1
{\immediate}
L3 programming layer <2024-02-20>
{\immediate}
 ***********
{\relax}
{\relax}
{\relax}
{\long}
{\long}
{\long}
{\global}
{\endgroup}
{\begingroup}
{\endgroup}
{\xdef}
{\xdef}
{\long}
{\long}
{\xdef}
{\edef}
{\global}
{\long}
{\long}
{\long}
{\global}
{\deadcycles}
{\end}
{internal vertical mode: \let}
{\deadcycles}
{\global}
{\unvbox}
{end-group character }}
{\global}
{end-group character }}
{vertical mode: \end}
 ) 
Here is how much of TeX's memory you used:
 447 strings out of 474116
 8508 string characters out of 5743689
 1925187 words of memory out of 5000000
 22879 multiletter control sequences out of 15000+600000
 560805 words of font info for 45 fonts, out of 8000000 for 9000
 1141 hyphenation exceptions out of 8191
 35i,5n,50p,141b,109s stack positions out of 10000i,1000n,20000p,200000b,200000s
</usr/local/texlive/2023/texmf-dist/fonts/type1/public/amsfonts/cm/cmmi12.pfb
></usr/local/texlive/2023/texmf-dist/fonts/type1/public/amsfonts/cm/cmr12.pfb>
Output written on out/tl2023_rerun.pdf (1 page, 20309 bytes).
PDF statistics:
 18 PDF objects out of 1000 (max. 8388607)
 10 compressed objects within 1 object stream
 0 named destinations out of 1000 (max. 500000)
 1 words of extra memory for PDF output out of 10000 (max. 10000000)

