This is pdfTeX, Version 3.141592653-2.6-1.40.25 (TeX Live 2023) (preloaded format=pdflatex 2024.3.4)  1 APR 2024 17:04
entering extended mode
 restricted \write18 enabled.
 %&-line parsing enabled.
**root.tex
(./root.tex
LaTeX2e <2023-11-01> patch level 1
L3 programming layer <2024-02-20>
(./ieeecolor.cls

LaTeX Warning: You have requested document class `ieeecolor',
               but the document class provides `IEEEtran'.

Document Class: IEEEtran 2002/11/18 revision V1.6b by Michael Shell
-- See the "IEEEtran_HOWTO" manual for usage information.
-- The source comments contain changelog notes.
(/usr/local/texlive/2023/texmf-dist/tex/latex/graphics/color.sty
Package: color 2022/01/06 v1.3d Standard LaTeX Color (DPC)

(/usr/local/texlive/2023/texmf-dist/tex/latex/graphics-cfg/color.cfg
File: color.cfg 2016/01/02 v1.6 sample color configuration
)
Package color Info: Driver file: pdftex.def on input line 149.

(/usr/local/texlive/2023/texmf-dist/tex/latex/graphics-def/pdftex.def
File: pdftex.def 2022/09/22 v1.2b Graphics/color driver for pdftex
)
(/usr/local/texlive/2023/texmf-dist/tex/latex/graphics/mathcolor.ltx))
\@draftversionrule=\dimen140
\@IEEEtrantmpdimenA=\dimen141
\@IEEEtrantmpdimenB=\dimen142
\@IEEEtrantmpcountA=\count188
\@IEEEtrantmpcountB=\count189
\@IEEEtrantmptoksA=\toks17
LaTeX Font Info:    Trying to load font information for OT1+ptm on input line 8
34.

(/usr/local/texlive/2023/texmf-dist/tex/latex/psnfss/ot1ptm.fd
File: ot1ptm.fd 2001/06/04 font definitions for OT1/ptm.
)
\@IEEEnormalsizefontbaselineskip=\skip48

-- This is a 10 point document.
\normalsizebaselineskip=\skip49
\normaljot=\skip50
LaTeX Font Info:    Font shape `OT1/ptm/bx/n' in size <5> not available
(Font)              Font shape `OT1/ptm/b/n' tried instead on input line 1180.
LaTeX Font Info:    Font shape `OT1/ptm/bx/it' in size <5> not available
(Font)              Font shape `OT1/ptm/b/it' tried instead on input line 1180.

LaTeX Font Info:    Font shape `OT1/ptm/bx/n' in size <7> not available
(Font)              Font shape `OT1/ptm/b/n' tried instead on input line 1180.
LaTeX Font Info:    Font shape `OT1/ptm/bx/it' in size <7> not available
(Font)              Font shape `OT1/ptm/b/it' tried instead on input line 1180.

LaTeX Font Info:    Font shape `OT1/ptm/bx/n' in size <8> not available
(Font)              Font shape `OT1/ptm/b/n' tried instead on input line 1180.
LaTeX Font Info:    Font shape `OT1/ptm/bx/it' in size <8> not available
(Font)              Font shape `OT1/ptm/b/it' tried instead on input line 1180.

LaTeX Font Info:    Font shape `OT1/ptm/bx/n' in size <9> not available
(Font)              Font shape `OT1/ptm/b/n' tried instead on input line 1180.
LaTeX Font Info:    Font shape `OT1/ptm/bx/it' in size <9> not available
(Font)              Font shape `OT1/ptm/b/it' tried instead on input line 1180.

LaTeX Font Info:    Font shape `OT1/ptm/bx/n' in size <10> not available
(Font)              Font shape `OT1/ptm/b/n' tried instead on input line 1180.
LaTeX Font Info:    Font shape `OT1/ptm/bx/it' in size <10> not available
(Font)              Font shape `OT1/ptm/b/it' tried instead on input line 1180.

LaTeX Font Info:    Font shape `OT1/ptm/bx/n' in size <11> not available
(Font)              Font shape `OT1/ptm/b/n' tried instead on input line 1180.
LaTeX Font Info:    Font shape `OT1/ptm/bx/it' in size <11> not available
(Font)              Font shape `OT1/ptm/b/it' tried instead on input line 1180.

LaTeX Font Info:    Font shape `OT1/ptm/bx/n' in size <12> not available
(Font)              Font shape `OT1/ptm/b/n' tried instead on input line 1180.
LaTeX Font Info:    Font shape `OT1/ptm/bx/it' in size <12> not available
(Font)              Font shape `OT1/ptm/b/it' tried instead on input line 1180.

LaTeX Font Info:    Font shape `OT1/ptm/bx/n' in size <17> not available
(Font)              Font shape `OT1/ptm/b/n' tried instead on input line 1180.
LaTeX Font Info:    Font shape `OT1/ptm/bx/it' in size <17> not available
(Font)              Font shape `OT1/ptm/b/it' tried instead on input line 1180.

LaTeX Font Info:    Font shape `OT1/ptm/bx/n' in size <20> not available
(Font)              Font shape `OT1/ptm/b/n' tried instead on input line 1180.
LaTeX Font Info:    Font shape `OT1/ptm/bx/it' in size <20> not available
(Font)              Font shape `OT1/ptm/b/it' tried instead on input line 1180.

LaTeX Font Info:    Font shape `OT1/ptm/bx/n' in size <24> not available
(Font)              Font shape `OT1/ptm/b/n' tried instead on input line 1180.
LaTeX Font Info:    Font shape `OT1/ptm/bx/it' in size <24> not available
(Font)              Font shape `OT1/ptm/b/it' tried instead on input line 1180.

\IEEEilabelindentA=\dimen143
\IEEEilabelindentB=\dimen144
\IEEEilabelindent=\dimen145
\IEEEelabelindent=\dimen146
\IEEEdlabelindent=\dimen147
\labelindent=\dimen148
\IEEEiednormlabelsep=\dimen149
\IEEEiedmathlabelsep=\dimen150
\IEEEiedtopsep=\skip51
\c@section=\count190
\c@subsection=\count191
\c@subsubsection=\count192
\c@paragraph=\count193
\c@IEEEsubequation=\count194
\abovecaptionskip=\skip52
\belowcaptionskip=\skip53
\figbox=\box51
\c@figure=\count195
\c@query=\count196
\c@qry=\count197
\c@nquery=\count198
\c@tquery=\count199
\c@equery=\count266
\c@eqry=\count267
\c@edquery=\count268
\c@etquery=\count269
\c@table=\count270
\@IEEEeqnnumcols=\count271
\@IEEEeqncolcnt=\count272
\firstpagerule=\skip54
\logowidth=\skip55
\@IEEEtmpitemindent=\dimen151
\c@biography=\count273
\c@edbiography=\count274
LaTeX Info: Redefining \sf on input line 4872.
\@IEEEtranrubishbin=\box52
) (./lcsys.sty) (/usr/local/texlive/2023/texmf-dist/tex/latex/cite/cite.sty
LaTeX Info: Redefining \cite on input line 302.
LaTeX Info: Redefining \nocite on input line 332.
Package: cite 2015/02/27  v 5.5
)
(/usr/local/texlive/2023/texmf-dist/tex/latex/amsmath/amsmath.sty
Package: amsmath 2023/05/13 v2.17o AMS math features
\@mathmargin=\skip56

For additional information on amsmath, use the `?' option.
(/usr/local/texlive/2023/texmf-dist/tex/latex/amsmath/amstext.sty
Package: amstext 2021/08/26 v2.01 AMS text

(/usr/local/texlive/2023/texmf-dist/tex/latex/amsmath/amsgen.sty
File: amsgen.sty 1999/11/30 v2.0 generic functions
\@emptytoks=\toks18
\ex@=\dimen152
))
(/usr/local/texlive/2023/texmf-dist/tex/latex/amsmath/amsbsy.sty
Package: amsbsy 1999/11/29 v1.2d Bold Symbols
\pmbraise@=\dimen153
)
(/usr/local/texlive/2023/texmf-dist/tex/latex/amsmath/amsopn.sty
Package: amsopn 2022/04/08 v2.04 operator names
)
\inf@bad=\count275
LaTeX Info: Redefining \frac on input line 234.
\uproot@=\count276
\leftroot@=\count277
LaTeX Info: Redefining \overline on input line 399.
LaTeX Info: Redefining \colon on input line 410.
\classnum@=\count278
\DOTSCASE@=\count279
LaTeX Info: Redefining \ldots on input line 496.
LaTeX Info: Redefining \dots on input line 499.
LaTeX Info: Redefining \cdots on input line 620.
\Mathstrutbox@=\box53
\strutbox@=\box54
LaTeX Info: Redefining \big on input line 722.
LaTeX Info: Redefining \Big on input line 723.
LaTeX Info: Redefining \bigg on input line 724.
LaTeX Info: Redefining \Bigg on input line 725.
\big@size=\dimen154
LaTeX Font Info:    Redeclaring font encoding OML on input line 743.
LaTeX Font Info:    Redeclaring font encoding OMS on input line 744.
\macc@depth=\count280
LaTeX Info: Redefining \bmod on input line 905.
LaTeX Info: Redefining \pmod on input line 910.
LaTeX Info: Redefining \smash on input line 940.
LaTeX Info: Redefining \relbar on input line 970.
LaTeX Info: Redefining \Relbar on input line 971.
\c@MaxMatrixCols=\count281
\dotsspace@=\muskip16
\c@parentequation=\count282
\dspbrk@lvl=\count283
\tag@help=\toks19
\row@=\count284
\column@=\count285
\maxfields@=\count286
\andhelp@=\toks20
\eqnshift@=\dimen155
\alignsep@=\dimen156
\tagshift@=\dimen157
\tagwidth@=\dimen158
\totwidth@=\dimen159
\lineht@=\dimen160
\@envbody=\toks21
\multlinegap=\skip57
\multlinetaggap=\skip58
\mathdisplay@stack=\toks22
LaTeX Info: Redefining \[ on input line 2953.
LaTeX Info: Redefining \] on input line 2954.
)
(/usr/local/texlive/2023/texmf-dist/tex/latex/amsfonts/amssymb.sty
Package: amssymb 2013/01/14 v3.01 AMS font symbols

(/usr/local/texlive/2023/texmf-dist/tex/latex/amsfonts/amsfonts.sty
Package: amsfonts 2013/01/14 v3.01 Basic AMSFonts support
\symAMSa=\mathgroup4
\symAMSb=\mathgroup5
LaTeX Font Info:    Redeclaring math symbol \hbar on input line 98.
LaTeX Font Info:    Overwriting math alphabet `\mathfrak' in version `bold'
(Font)                  U/euf/m/n --> U/euf/b/n on input line 106.
))
(/usr/local/texlive/2023/texmf-dist/tex/latex/algorithms/algorithmic.sty
Package: algorithmic 2009/08/24 v0.1 Document Style `algorithmic'

(/usr/local/texlive/2023/texmf-dist/tex/latex/base/ifthen.sty
Package: ifthen 2022/04/13 v1.1d Standard LaTeX ifthen package (DPC)
)
(/usr/local/texlive/2023/texmf-dist/tex/latex/graphics/keyval.sty
Package: keyval 2022/05/29 v1.15 key=value parser (DPC)
\KV@toks@=\toks23
)
\c@ALC@unique=\count287
\c@ALC@line=\count288
\c@ALC@rem=\count289
\c@ALC@depth=\count290
\ALC@tlm=\skip59
\algorithmicindent=\skip60
)
(/usr/local/texlive/2023/texmf-dist/tex/latex/graphics/graphicx.sty
Package: graphicx 2021/09/16 v1.2d Enhanced LaTeX Graphics (DPC,SPQR)

(/usr/local/texlive/2023/texmf-dist/tex/latex/graphics/graphics.sty
Package: graphics 2022/03/10 v1.4e Standard LaTeX Graphics (DPC,SPQR)

(/usr/local/texlive/2023/texmf-dist/tex/latex/graphics/trig.sty
Package: trig 2021/08/11 v1.11 sin cos tan (DPC)
)
(/usr/local/texlive/2023/texmf-dist/tex/latex/graphics-cfg/graphics.cfg
File: graphics.cfg 2016/06/04 v1.11 sample graphics configuration
)
Package graphics Info: Driver file: pdftex.def on input line 107.
)
\Gin@req@height=\dimen161
\Gin@req@width=\dimen162
)
(/usr/local/texlive/2023/texmf-dist/tex/latex/base/textcomp.sty
Package: textcomp 2020/02/02 v2.0n Standard LaTeX package
)
(/usr/local/texlive/2023/texmf-dist/tex/latex/graphics/epsfig.sty
Package: epsfig 2017/06/25 v1.7b (e)psfig emulation (SPQR)
\epsfxsize=\dimen163
\epsfysize=\dimen164
)
(/usr/local/texlive/2023/texmf-dist/tex/latex/psnfss/mathptmx.sty
Package: mathptmx 2020/03/25 PSNFSS-v9.3 Times w/ Math, improved (SPQR, WaS) 
LaTeX Font Info:    Redeclaring symbol font `operators' on input line 28.
LaTeX Font Info:    Overwriting symbol font `operators' in version `normal'
(Font)                  OT1/cmr/m/n --> OT1/ztmcm/m/n on input line 28.
LaTeX Font Info:    Overwriting symbol font `operators' in version `bold'
(Font)                  OT1/cmr/bx/n --> OT1/ztmcm/m/n on input line 28.
LaTeX Font Info:    Redeclaring symbol font `letters' on input line 29.
LaTeX Font Info:    Overwriting symbol font `letters' in version `normal'
(Font)                  OML/cmm/m/it --> OML/ztmcm/m/it on input line 29.
LaTeX Font Info:    Overwriting symbol font `letters' in version `bold'
(Font)                  OML/cmm/b/it --> OML/ztmcm/m/it on input line 29.
LaTeX Font Info:    Redeclaring symbol font `symbols' on input line 30.
LaTeX Font Info:    Overwriting symbol font `symbols' in version `normal'
(Font)                  OMS/cmsy/m/n --> OMS/ztmcm/m/n on input line 30.
LaTeX Font Info:    Overwriting symbol font `symbols' in version `bold'
(Font)                  OMS/cmsy/b/n --> OMS/ztmcm/m/n on input line 30.
LaTeX Font Info:    Redeclaring symbol font `largesymbols' on input line 31.
LaTeX Font Info:    Overwriting symbol font `largesymbols' in version `normal'
(Font)                  OMX/cmex/m/n --> OMX/ztmcm/m/n on input line 31.
LaTeX Font Info:    Overwriting symbol font `largesymbols' in version `bold'
(Font)                  OMX/cmex/m/n --> OMX/ztmcm/m/n on input line 31.
\symbold=\mathgroup6
\symitalic=\mathgroup7
LaTeX Font Info:    Redeclaring math alphabet \mathbf on input line 34.
LaTeX Font Info:    Overwriting math alphabet `\mathbf' in version `normal'
(Font)                  OT1/cmr/bx/n --> OT1/ptm/bx/n on input line 34.
LaTeX Font Info:    Overwriting math alphabet `\mathbf' in version `bold'
(Font)                  OT1/cmr/bx/n --> OT1/ptm/bx/n on input line 34.
LaTeX Font Info:    Redeclaring math alphabet \mathit on input line 35.
LaTeX Font Info:    Overwriting math alphabet `\mathit' in version `normal'
(Font)                  OT1/cmr/m/it --> OT1/ptm/m/it on input line 35.
LaTeX Font Info:    Overwriting math alphabet `\mathit' in version `bold'
(Font)                  OT1/cmr/bx/it --> OT1/ptm/m/it on input line 35.
LaTeX Info: Redefining \hbar on input line 50.
)
(/usr/local/texlive/2023/texmf-dist/tex/latex/psnfss/times.sty
Package: times 2020/03/25 PSNFSS-v9.3 (SPQR) 
)
(/usr/local/texlive/2023/texmf-dist/tex/latex/booktabs/booktabs.sty
Package: booktabs 2020/01/12 v1.61803398 Publication quality tables
\heavyrulewidth=\dimen165
\lightrulewidth=\dimen166
\cmidrulewidth=\dimen167
\belowrulesep=\dimen168
\belowbottomsep=\dimen169
\aboverulesep=\dimen170
\abovetopsep=\dimen171
\cmidrulesep=\dimen172
\cmidrulekern=\dimen173
\defaultaddspace=\dimen174
\@cmidla=\count291
\@cmidlb=\count292
\@aboverulesep=\dimen175
\@belowrulesep=\dimen176
\@thisruleclass=\count293
\@lastruleclass=\count294
\@thisrulewidth=\dimen177
)
(/usr/local/texlive/2023/texmf-dist/tex/latex/csquotes/csquotes.sty
Package: csquotes 2022-09-14 v5.2n context-sensitive quotations (JAW)

(/usr/local/texlive/2023/texmf-dist/tex/latex/etoolbox/etoolbox.sty
Package: etoolbox 2020/10/05 v2.5k e-TeX tools for LaTeX (JAW)
\etb@tempcnta=\count295
)
\csq@reset=\count296
\csq@gtype=\count297
\csq@glevel=\count298
\csq@qlevel=\count299
\csq@maxlvl=\count300
\csq@tshold=\count301
\csq@ltx@everypar=\toks24

(/usr/local/texlive/2023/texmf-dist/tex/latex/csquotes/csquotes.def
File: csquotes.def 2022-09-14 v5.2n csquotes generic definitions (JAW)
)
Package csquotes Info: Trying to load configuration file 'csquotes.cfg'...
Package csquotes Info: ... configuration file loaded successfully.

(/usr/local/texlive/2023/texmf-dist/tex/latex/csquotes/csquotes.cfg
File: csquotes.cfg 
))
(/usr/local/texlive/2023/texmf-dist/tex/latex/multirow/multirow.sty
Package: multirow 2021/03/15 v2.8 Span multiple rows of a table
\multirow@colwidth=\skip61
\multirow@cntb=\count302
\multirow@dima=\skip62
\bigstrutjot=\dimen178
)
(/usr/local/texlive/2023/texmf-dist/tex/latex/eso-pic/eso-pic.sty
Package: eso-pic 2023/05/03 v3.0c eso-pic (RN)
\ESO@tempdima=\dimen179
\ESO@tempdimb=\dimen180
)
Package csquotes Info: Checking for multilingual support...
Package csquotes Info: ... none found.

(/usr/local/texlive/2023/texmf-dist/tex/latex/l3backend/l3backend-pdftex.def
File: l3backend-pdftex.def 2024-02-20 L3 backend support: PDF output (pdfTeX)
\l__color_backend_stack_int=\count303
\l__pdf_internal_box=\box55
)
(out/tl2023_rerun_redefined_tilde.aux)
\openout1 = `tl2023_rerun_redefined_tilde.aux'.

LaTeX Font Info:    Checking defaults for OML/cmm/m/it on input line 59.
LaTeX Font Info:    ... okay on input line 59.
LaTeX Font Info:    Checking defaults for OMS/cmsy/m/n on input line 59.
LaTeX Font Info:    ... okay on input line 59.
LaTeX Font Info:    Checking defaults for OT1/cmr/m/n on input line 59.
LaTeX Font Info:    ... okay on input line 59.
LaTeX Font Info:    Checking defaults for T1/cmr/m/n on input line 59.
LaTeX Font Info:    ... okay on input line 59.
LaTeX Font Info:    Checking defaults for TS1/cmr/m/n on input line 59.
LaTeX Font Info:    ... okay on input line 59.
LaTeX Font Info:    Checking defaults for OMX/cmex/m/n on input line 59.
LaTeX Font Info:    ... okay on input line 59.
LaTeX Font Info:    Checking defaults for U/cmr/m/n on input line 59.
LaTeX Font Info:    ... okay on input line 59.

(/usr/local/texlive/2023/texmf-dist/tex/context/base/mkii/supp-pdf.mkii
[Loading MPS to PDF converter (version 2006.09.02).]
\scratchcounter=\count304
\scratchdimen=\dimen181
\scratchbox=\box56
\nofMPsegments=\count305
\nofMParguments=\count306
\everyMPshowfont=\toks25
\MPscratchCnt=\count307
\MPscratchDim=\dimen182
\MPnumerator=\count308
\makeMPintoPDFobject=\count309
\everyMPtoPDFconversion=\toks26
) (/usr/local/texlive/2023/texmf-dist/tex/latex/epstopdf-pkg/epstopdf-base.sty
Package: epstopdf-base 2020-01-24 v2.11 Base part for package epstopdf
Package epstopdf-base Info: Redefining graphics rule for `.eps' on input line 4
85.

(/usr/local/texlive/2023/texmf-dist/tex/latex/latexconfig/epstopdf-sys.cfg
File: epstopdf-sys.cfg 2010/07/13 v1.3 Configuration of (r)epstopdf for TeX Liv
e
))
Package color Info: Redefining color nblue on input line 68.
Package color Info: Redefining color mblue on input line 68.
LaTeX Font Info:    Trying to load font information for OT1+phv on input line 6
8.

(/usr/local/texlive/2023/texmf-dist/tex/latex/psnfss/ot1phv.fd
File: ot1phv.fd 2020/03/25 scalable font definitions for OT1/phv.
)
LaTeX Font Info:    Font shape `OT1/phv/m/it' in size <11> not available
(Font)              Font shape `OT1/phv/m/sl' tried instead on input line 68.
Package color Info: Redefining color nblue on input line 68.
Package color Info: Redefining color mblue on input line 68.
LaTeX Font Info:    Trying to load font information for OT1+ztmcm on input line
 68.

(/usr/local/texlive/2023/texmf-dist/tex/latex/psnfss/ot1ztmcm.fd
File: ot1ztmcm.fd 2000/01/03 Fontinst v1.801 font definitions for OT1/ztmcm.
)
LaTeX Font Info:    Trying to load font information for OML+ztmcm on input line
 68.

(/usr/local/texlive/2023/texmf-dist/tex/latex/psnfss/omlztmcm.fd
File: omlztmcm.fd 2000/01/03 Fontinst v1.801 font definitions for OML/ztmcm.
)
LaTeX Font Info:    Trying to load font information for OMS+ztmcm on input line
 68.

(/usr/local/texlive/2023/texmf-dist/tex/latex/psnfss/omsztmcm.fd
File: omsztmcm.fd 2000/01/03 Fontinst v1.801 font definitions for OMS/ztmcm.
)
LaTeX Font Info:    Trying to load font information for OMX+ztmcm on input line
 68.

(/usr/local/texlive/2023/texmf-dist/tex/latex/psnfss/omxztmcm.fd
File: omxztmcm.fd 2000/01/03 Fontinst v1.801 font definitions for OMX/ztmcm.
)
LaTeX Font Info:    Font shape `OT1/ptm/bx/n' in size <6> not available
(Font)              Font shape `OT1/ptm/b/n' tried instead on input line 68.
LaTeX Font Info:    Font shape `OT1/phv/m/it' in size <8> not available
(Font)              Font shape `OT1/phv/m/sl' tried instead on input line 68.

Underfull \hbox (badness 1997) in paragraph at lines 68--68
\OT1/phv/m/n/8 ratom Re-search and Train-ing Pro-gramme (Grant Agree-ment No.
 []


Underfull \hbox (badness 3471) in paragraph at lines 68--68
\OT1/phv/m/n/8 The Nether-lands (e-mail: c.a.orrico@tue.nl, m.vanberkel@differ.
nl,
 []

Package color Info: Redefining color nblue on input line 71.
Package color Info: Redefining color mblue on input line 71.
LaTeX Font Info:    Font shape `OT1/phv/b/it' in size <9> not available
(Font)              Font shape `OT1/phv/b/sl' tried instead on input line 71.
Package color Info: Redefining color nblue on input line 76.
Package color Info: Redefining color mblue on input line 76.
LaTeX Font Info:    Trying to load font information for T1+phv on input line 80
.
(/usr/local/texlive/2023/texmf-dist/tex/latex/psnfss/t1phv.fd
File: t1phv.fd 2020/03/25 scalable font definitions for T1/phv.
)
Package epstopdf Info: Source file: <iter1.eps>
(epstopdf)                    date: 2024-04-01 17:03:24
(epstopdf)                    size: 3286935 bytes
(epstopdf)             Output file: <iter1-eps-converted-to.pdf>
(epstopdf)                    date: 2024-04-01 17:03:24
(epstopdf)                    size: 266537 bytes
(epstopdf)             Command: <repstopdf --outfile=iter1-eps-converted-to.pdf
 iter1.eps>
(epstopdf)             \includegraphics on input line 86.
Package epstopdf Info: Output file is already uptodate.
<iter1-eps-converted-to.pdf, id=1, 543.02875pt x 532.99126pt>
File: iter1-eps-converted-to.pdf Graphic file (type pdf)
<use iter1-eps-converted-to.pdf>
Package pdftex.def Info: iter1-eps-converted-to.pdf  used on input line 86.
(pdftex.def)             Requested size: 144.54pt x 141.86823pt.
LaTeX Font Info:    Font shape `OT1/ptm/bx/n' in size <7.4> not available
(Font)              Font shape `OT1/ptm/b/n' tried instead on input line 86.


Package mathptmx Warning: There are no bold math fonts on input line 87.

LaTeX Font Info:    Trying to load font information for TS1+ptm on input line 9
4.
(/usr/local/texlive/2023/texmf-dist/tex/latex/psnfss/ts1ptm.fd
File: ts1ptm.fd 2001/06/04 font definitions for TS1/ptm.
) [1{/usr/local/texlive/2023/texmf-var/fonts/map/pdftex/updmap/pdftex.map}{/usr
/local/texlive/2023/texmf-dist/fonts/enc/dvips/base/8r.enc}




pdfTeX warning: pdflatex: pop empty color page stack 0


pdfTeX warning: pdflatex: pop empty color page stack 0


pdfTeX warning: pdflatex: pop empty color page stack 0


pdfTeX warning: pdflatex: pop empty color page stack 0


pdfTeX warning: pdflatex: pop empty color page stack 0
 <./iter1-eps-converted-to.pdf>]
LaTeX Font Info:    Trying to load font information for OT1+pcr on input line 9
8.

(/usr/local/texlive/2023/texmf-dist/tex/latex/psnfss/ot1pcr.fd
File: ot1pcr.fd 2001/06/04 font definitions for OT1/pcr.
)
Package epstopdf Info: Source file: <orric2.eps>
(epstopdf)                    date: 2024-04-01 17:03:24
(epstopdf)                    size: 528616 bytes
(epstopdf)             Output file: <orric2-eps-converted-to.pdf>
(epstopdf)                    date: 2024-04-01 17:03:24
(epstopdf)                    size: 569604 bytes
(epstopdf)             Command: <repstopdf --outfile=orric2-eps-converted-to.pd
f orric2.eps>
(epstopdf)             \includegraphics on input line 103.
Package epstopdf Info: Output file is already uptodate.
<orric2-eps-converted-to.pdf, id=18, 605.26125pt x 611.28375pt>
File: orric2-eps-converted-to.pdf Graphic file (type pdf)
<use orric2-eps-converted-to.pdf>
Package pdftex.def Info: orric2-eps-converted-to.pdf  used on input line 103.
(pdftex.def)             Requested size: 252.0pt x 254.50816pt.
LaTeX Font Info:    Font shape `OT1/phv/m/it' in size <10> not available
(Font)              Font shape `OT1/phv/m/sl' tried instead on input line 114.
 [2

pdfTeX warning: pdflatex: pop empty color page stack 0


pdfTeX warning: pdflatex: pop empty color page stack 0


pdfTeX warning: pdflatex: pop empty color page stack 0
 <./orric2-eps-converted-to.pdf>] [3]
\width=\dimen183
\width=\dimen184
Package epstopdf Info: Source file: <orric3.eps>
(epstopdf)                    date: 2024-04-01 17:03:24
(epstopdf)                    size: 499923 bytes
(epstopdf)             Output file: <orric3-eps-converted-to.pdf>
(epstopdf)                    date: 2024-04-01 17:03:24
(epstopdf)                    size: 180751 bytes
(epstopdf)             Command: <repstopdf --outfile=orric3-eps-converted-to.pd
f orric3.eps>
(epstopdf)             \includegraphics on input line 266.
Package epstopdf Info: Output file is already uptodate.
<orric3-eps-converted-to.pdf, id=40, 513.92pt x 182.6825pt>
File: orric3-eps-converted-to.pdf Graphic file (type pdf)
<use orric3-eps-converted-to.pdf>
Package pdftex.def Info: orric3-eps-converted-to.pdf  used on input line 266.
(pdftex.def)             Requested size: 516.0pt x 183.43744pt.
 [4]
\width=\dimen185
Package epstopdf Info: Source file: <orric4.eps>
(epstopdf)                    date: 2024-04-01 17:03:24
(epstopdf)                    size: 70648 bytes
(epstopdf)             Output file: <orric4-eps-converted-to.pdf>
(epstopdf)                    date: 2024-04-01 17:03:24
(epstopdf)                    size: 26840 bytes
(epstopdf)             Command: <repstopdf --outfile=orric4-eps-converted-to.pd
f orric4.eps>
(epstopdf)             \includegraphics on input line 313.
Package epstopdf Info: Output file is already uptodate.
<orric4-eps-converted-to.pdf, id=44, 252.945pt x 127.47626pt>
File: orric4-eps-converted-to.pdf Graphic file (type pdf)
<use orric4-eps-converted-to.pdf>
Package pdftex.def Info: orric4-eps-converted-to.pdf  used on input line 313.
(pdftex.def)             Requested size: 252.0pt x 127.00327pt.
\width=\dimen186
 [5

pdfTeX warning: pdflatex: pop empty color page stack 0


pdfTeX warning: pdflatex: pop empty color page stack 0


pdfTeX warning: pdflatex: pop empty color page stack 0
 <./orric3-eps-converted-to.pdf>] (out/tl2023_rerun_redefined_tilde.bbl)
[6

pdfTeX warning: pdflatex: pop empty color page stack 0


pdfTeX warning: pdflatex: pop empty color page stack 0


pdfTeX warning: pdflatex: pop empty color page stack 0
 <./orric4-eps-converted-to.pdf>] (out/tl2023_rerun_redefined_tilde.aux)
 ***********
LaTeX2e <2023-11-01> patch level 1
L3 programming layer <2024-02-20>
 ***********
 ) 
Here is how much of TeX's memory you used:
 5320 strings out of 474116
 82258 string characters out of 5743689
 1966187 words of memory out of 5000000
 27552 multiletter control sequences out of 15000+600000
 647452 words of font info for 183 fonts, out of 8000000 for 9000
 1141 hyphenation exceptions out of 8191
 57i,18n,65p,1425b,400s stack positions out of 10000i,1000n,20000p,200000b,200000s
</usr/local/texlive/2023/texmf-dist/fonts/type1/public/amsfonts/cm/cmex10.pfb
></usr/local/texlive/2023/texmf-dist/fonts/type1/public/amsfonts/cm/cmmi10.pfb>
</usr/local/texlive/2023/texmf-dist/fonts/type1/public/amsfonts/cm/cmr10.pfb></
usr/local/texlive/2023/texmf-dist/fonts/type1/public/amsfonts/cm/cmsy10.pfb></u
sr/local/texlive/2023/texmf-dist/fonts/type1/public/amsfonts/symbols/msbm10.pfb
></usr/local/texlive/2023/texmf-dist/fonts/type1/public/rsfs/rsfs10.pfb></usr/l
ocal/texlive/2023/texmf-dist/fonts/type1/urw/courier/ucrr8a.pfb></usr/local/tex
live/2023/texmf-dist/fonts/type1/urw/helvetic/uhvb8a.pfb></usr/local/texlive/20
23/texmf-dist/fonts/type1/urw/helvetic/uhvbo8a.pfb></usr/local/texlive/2023/tex
mf-dist/fonts/type1/urw/helvetic/uhvr8a.pfb></usr/local/texlive/2023/texmf-dist
/fonts/type1/urw/helvetic/uhvro8a.pfb></usr/local/texlive/2023/texmf-dist/fonts
/type1/urw/symbol/usyr.pfb></usr/local/texlive/2023/texmf-dist/fonts/type1/urw/
symbol/usyr.pfb></usr/local/texlive/2023/texmf-dist/fonts/type1/urw/times/utmb8
a.pfb></usr/local/texlive/2023/texmf-dist/fonts/type1/urw/times/utmr8a.pfb></us
r/local/texlive/2023/texmf-dist/fonts/type1/urw/times/utmri8a.pfb>
Output written on out/tl2023_rerun_redefined_tilde.pdf (6 pages, 1222674 bytes)
.
PDF statistics:
 126 PDF objects out of 1000 (max. 8388607)
 72 compressed objects within 1 object stream
 0 named destinations out of 1000 (max. 500000)
 21 words of extra memory for PDF output out of 10000 (max. 10000000)

