Rc files read:
  NONE
Latexmk: This is Latexmk, John Collins, 31 Jan. 2024. Version 4.83.
No existing .aux file, so I'll make a simple one, and require run of *latex.
Latexmk: applying rule 'pdflatex'...
Rule 'pdflatex':  Reasons for rerun
Category 'other':
  Rerun of 'pdflatex' forced or previously required:
    Reason or flag: 'Initial setup'

------------
Run number 1 of rule 'pdflatex'
------------
------------
Running 'pdflatex  -interaction=nonstopmode -recorder --jobname="2306.00510_tl2023" -output-directory="/diff_test_tex_engines/docker_bin_2/version_compiled_pdf/2306.00510"  "2306.00510"'
------------
This is pdfTeX, Version 3.141592653-2.6-1.40.25 (TeX Live 2023) (preloaded format=pdflatex)
 restricted \write18 enabled.
entering extended mode
(./2306.00510
LaTeX2e <2023-11-01> patch level 1
L3 programming layer <2024-02-20>
(/usr/local/texlive/2023/texmf-dist/tex/latex/base/article.cls
Document Class: article 2023/05/17 v1.4n Standard LaTeX document class
(/usr/local/texlive/2023/texmf-dist/tex/latex/base/size12.clo))
(/usr/local/texlive/2023/texmf-dist/tex/latex/amsfonts/amssymb.sty
(/usr/local/texlive/2023/texmf-dist/tex/latex/amsfonts/amsfonts.sty))
(/usr/local/texlive/2023/texmf-dist/tex/latex/graphics/epsfig.sty
(/usr/local/texlive/2023/texmf-dist/tex/latex/graphics/graphicx.sty
(/usr/local/texlive/2023/texmf-dist/tex/latex/graphics/keyval.sty)
(/usr/local/texlive/2023/texmf-dist/tex/latex/graphics/graphics.sty
(/usr/local/texlive/2023/texmf-dist/tex/latex/graphics/trig.sty)
(/usr/local/texlive/2023/texmf-dist/tex/latex/graphics-cfg/graphics.cfg)
(/usr/local/texlive/2023/texmf-dist/tex/latex/graphics-def/pdftex.def))))
(/usr/local/texlive/2023/texmf-dist/tex/latex/amsmath/amsmath.sty
For additional information on amsmath, use the `?' option.
(/usr/local/texlive/2023/texmf-dist/tex/latex/amsmath/amstext.sty
(/usr/local/texlive/2023/texmf-dist/tex/latex/amsmath/amsgen.sty))
(/usr/local/texlive/2023/texmf-dist/tex/latex/amsmath/amsbsy.sty)
(/usr/local/texlive/2023/texmf-dist/tex/latex/amsmath/amsopn.sty))
(/usr/local/texlive/2023/texmf-dist/tex/latex/amsfonts/euscript.sty)
(/usr/local/texlive/2023/texmf-dist/tex/latex/amsmath/amscd.sty)
(/usr/local/texlive/2023/texmf-dist/tex/latex/amscls/amsthm.sty)
(/usr/local/texlive/2023/texmf-dist/tex/latex/l3backend/l3backend-pdftex.def)
(/diff_test_tex_engines/docker_bin_2/version_compiled_pdf/2306.00510/2306.00510
_tl2023.aux)
(/usr/local/texlive/2023/texmf-dist/tex/context/base/mkii/supp-pdf.mkii
[Loading MPS to PDF converter (version 2006.09.02).]
) (/usr/local/texlive/2023/texmf-dist/tex/latex/epstopdf-pkg/epstopdf-base.sty
(/usr/local/texlive/2023/texmf-dist/tex/latex/latexconfig/epstopdf-sys.cfg))
(/usr/local/texlive/2023/texmf-dist/tex/latex/amsfonts/umsa.fd)
(/usr/local/texlive/2023/texmf-dist/tex/latex/amsfonts/umsb.fd) [1{/usr/local/t
exlive/2023/texmf-var/fonts/map/pdftex/updmap/pdftex.map}]

LaTeX Warning: Citation `ML' on page 2 undefined on input line 87.


LaTeX Warning: Citation `KML' on page 2 undefined on input line 87.


LaTeX Warning: Citation `ML2' on page 2 undefined on input line 87.


LaTeX Warning: Citation `MJ' on page 2 undefined on input line 87.


LaTeX Warning: Citation `P' on page 2 undefined on input line 87.


LaTeX Warning: Citation `Gai' on page 2 undefined on input line 87.


LaTeX Warning: Citation `DaGu' on page 2 undefined on input line 87.


LaTeX Warning: Citation `AFKKZ' on page 2 undefined on input line 90.


LaTeX Warning: Citation `AKZ' on page 2 undefined on input line 90.


LaTeX Warning: Citation `AFKKZ' on page 2 undefined on input line 90.


LaTeX Warning: Citation `GSh' on page 2 undefined on input line 90.


LaTeX Warning: Citation `Pe' on page 2 undefined on input line 90.


LaTeX Warning: Reference `R' on page 2 undefined on input line 93.


LaTeX Warning: Reference `df' on page 2 undefined on input line 93.


LaTeX Warning: Citation `F' on page 2 undefined on input line 93.


LaTeX Warning: Citation `DF' on page 2 undefined on input line 93.


LaTeX Warning: Citation `BhD' on page 2 undefined on input line 93.


LaTeX Warning: Citation `BGL' on page 2 undefined on input line 93.

[2]

LaTeX Warning: Reference `fr95c' on page 3 undefined on input line 101.


LaTeX Warning: Citation `B' on page 3 undefined on input line 101.


LaTeX Warning: Citation `Po' on page 3 undefined on input line 101.


LaTeX Warning: Citation `F95' on page 3 undefined on input line 101.


LaTeX Warning: Citation `D96' on page 3 undefined on input line 101.


LaTeX Warning: Citation `F98' on page 3 undefined on input line 101.


LaTeX Warning: Reference `rk3der' on page 3 undefined on input line 101.


LaTeX Warning: Citation `Fr97' on page 3 undefined on input line 101.


LaTeX Warning: Citation `Da07' on page 3 undefined on input line 101.


LaTeX Warning: Reference `rk2thm1' on page 3 undefined on input line 105.


LaTeX Warning: Reference `rk2com1' on page 3 undefined on input line 105.


LaTeX Warning: Reference `nepsam' on page 3 undefined on input line 105.


LaTeX Warning: Reference `rrr' on page 3 undefined on input line 105.


LaTeX Warning: Reference `rk3final' on page 3 undefined on input line 105.


LaTeX Warning: Reference `CLNDC3var' on page 3 undefined on input line 108.


LaTeX Warning: Reference `crtr' on page 3 undefined on input line 108.


LaTeX Warning: Reference `ex1' on page 3 undefined on input line 108.


LaTeX Warning: Citation `F95' on page 3 undefined on input line 108.


LaTeX Warning: Citation `D96' on page 3 undefined on input line 108.

[3]

LaTeX Warning: Citation `Ju' on page 4 undefined on input line 129.


LaTeX Warning: Citation `VDK' on page 4 undefined on input line 129.


LaTeX Warning: Citation `F' on page 4 undefined on input line 129.


LaTeX Warning: Citation `Na' on page 4 undefined on input line 129.


LaTeX Warning: Citation `W1' on page 4 undefined on input line 129.

[4]

LaTeX Warning: Citation `F' on page 5 undefined on input line 152.


LaTeX Warning: Citation `F' on page 5 undefined on input line 157.


LaTeX Warning: Citation `F' on page 5 undefined on input line 157.


LaTeX Warning: Citation `F' on page 5 undefined on input line 169.


LaTeX Warning: Citation `F' on page 5 undefined on input line 177.


LaTeX Warning: Citation `F' on page 5 undefined on input line 185.


Overfull \hbox (1.89441pt too wide) in paragraph at lines 187--188
\OT1/cmr/bx/n/12 Proposition 2.6. \OT1/cmr/m/it/12 Let $\OML/cmm/m/it/12 r$ \OT
1/cmr/m/it/12 be a lo-cal slice of $\OML/cmm/m/it/12 D$\OT1/cmr/m/it/12 . Then 
the fol-low-ing holds $\OML/cmm/m/it/12 B [] \OT1/cmr/m/n/12 = \OML/cmm/m/it/12
 A [] \OT1/cmr/m/n/12 [\OML/cmm/m/it/12 r\OT1/cmr/m/n/12 ]$\OT1/cmr/m/it/12 . 

LaTeX Warning: Citation `Re' on page 5 undefined on input line 192.

[5]

LaTeX Warning: Citation `F' on page 6 undefined on input line 198.


LaTeX Warning: Citation `Bo' on page 6 undefined on input line 218.


LaTeX Warning: Citation `DK' on page 6 undefined on input line 218.


LaTeX Warning: Citation `F95' on page 6 undefined on input line 236.


LaTeX Warning: Citation `F' on page 6 undefined on input line 243.


Overfull \hbox (7.37137pt too wide) in paragraph at lines 245--246
\OT1/cmr/bx/n/12 Theorem 2.13. \OT1/cmr/m/it/12 Let $\OML/cmm/m/it/12 D[]; D[] 
\OMS/cmsy/m/n/12 2 []\OT1/cmr/m/n/12 (\OML/cmm/m/it/12 k[]\OT1/cmr/m/n/12 )$\OT
1/cmr/m/it/12 . [] 

LaTeX Warning: Citation `F' on page 6 undefined on input line 255.


LaTeX Warning: Citation `Ma' on page 6 undefined on input line 255.

[6]

LaTeX Warning: Citation `D10' on page 7 undefined on input line 262.


LaTeX Warning: Citation `F95' on page 7 undefined on input line 273.


Overfull \hbox (21.065pt too wide) in paragraph at lines 275--276
\OT1/cmr/bx/n/12 Proposition 2.16. \OT1/cmr/m/it/12 Let $\OML/cmm/m/it/12 D \OM
S/cmsy/m/n/12 2 []\OT1/cmr/m/n/12 (\OML/cmm/m/it/12 k\OT1/cmr/m/n/12 [\OML/cmm/
m/it/12 x[]; [] ; x[]\OT1/cmr/m/n/12 ])$\OT1/cmr/m/it/12 . If $\OML/cmm/m/it/12
 D$ \OT1/cmr/m/it/12 re-stricts to a deriva-tion on $\OML/cmm/m/it/12 k\OT1/cmr
/m/n/12 [\OML/cmm/m/it/12 x[]; [] ; x[]\OT1/cmr/m/n/12 ]$\OT1/cmr/m/it/12 .

LaTeX Warning: Citation `DF' on page 7 undefined on input line 291.

[7]

LaTeX Warning: Reference `lndcommute' on page 8 undefined on input line 355.

[8]
Overfull \hbox (6.06808pt too wide) detected at line 365
\OT1/cmr/m/n/12 ^^A \OMS/cmsy/m/n/12 ^^N \OML/cmm/m/it/12 ^^N[] \OT1/cmr/m/n/12
 = [] \OMS/cmsy/m/n/12 ^^N \OML/cmm/m/it/12 ^^N[] \OT1/cmr/m/n/12 = [] \OML/cmm
/m/it/12 f[]^^N[] \OMS/cmsy/m/n/12 ^^N \OML/cmm/m/it/12 ^^N[] \OT1/cmr/m/n/12 =
 [] \OML/cmm/m/it/12 f[]^^N[] \OMS/cmsy/m/n/12 ^^N \OML/cmm/m/it/12 ^^N[] \OT1/
cmr/m/n/12 = [] \OML/cmm/m/it/12 ^^N[] \OMS/cmsy/m/n/12 ^^N \OML/cmm/m/it/12 f[
]^^N[] \OT1/cmr/m/n/12 = \OML/cmm/m/it/12 ^^N[] \OMS/cmsy/m/n/12 ^^N [] \OT1/cm
r/m/n/12 = \OML/cmm/m/it/12 ^^N[] \OMS/cmsy/m/n/12 ^^N \OT1/cmr/m/n/12 ^^A\OML/
cmm/m/it/12 :

LaTeX Warning: Reference `R' on page 9 undefined on input line 383.


LaTeX Warning: Reference `dimtwo' on page 9 undefined on input line 391.

[9]

LaTeX Warning: Reference `R' on page 10 undefined on input line 397.


LaTeX Warning: Reference `jvk' on page 10 undefined on input line 444.


LaTeX Warning: Reference `hl' on page 10 undefined on input line 446.


LaTeX Warning: Reference `dimtwo' on page 10 undefined on input line 446.


LaTeX Warning: Reference `dimtwo' on page 10 undefined on input line 446.

[10]

LaTeX Warning: Reference `hl' on page 11 undefined on input line 456.


LaTeX Warning: Reference `dimtwo' on page 11 undefined on input line 461.


LaTeX Warning: Reference `pl' on page 11 undefined on input line 510.

[11]

LaTeX Warning: Reference `c1' on page 12 undefined on input line 527.


LaTeX Warning: Reference `jvk' on page 12 undefined on input line 530.


LaTeX Warning: Reference `c1' on page 12 undefined on input line 557.

[12]

LaTeX Warning: Reference `jvk' on page 13 undefined on input line 562.


LaTeX Warning: Reference `bij' on page 13 undefined on input line 562.


LaTeX Warning: Reference `CLNDC2var' on page 13 undefined on input line 583.


LaTeX Warning: Reference `corrin' on page 13 undefined on input line 583.


LaTeX Warning: Reference `CLNDC3var1' on page 13 undefined on input line 597.

[13] [14]

LaTeX Warning: Reference `rk2sec' on page 15 undefined on input line 643.


LaTeX Warning: Reference `ex1' on page 15 undefined on input line 643.


LaTeX Warning: Reference `varema' on page 15 undefined on input line 650.


LaTeX Warning: Reference `qq' on page 15 undefined on input line 650.


LaTeX Warning: Reference `frcom' on page 15 undefined on input line 666.


LaTeX Warning: Reference `dtriang' on page 15 undefined on input line 666.


LaTeX Warning: Reference `dtriang' on page 15 undefined on input line 670.


LaTeX Warning: Reference `df' on page 15 undefined on input line 671.

[15]

LaTeX Warning: Citation `KH1' on page 16 undefined on input line 682.


LaTeX Warning: Citation `KH1' on page 16 undefined on input line 682.


LaTeX Warning: Reference `R' on page 16 undefined on input line 693.


LaTeX Warning: Reference `rk2lem' on page 16 undefined on input line 703.


LaTeX Warning: Reference `pl' on page 16 undefined on input line 703.

[16]

LaTeX Warning: Reference `rk2com1' on page 17 undefined on input line 719.


LaTeX Warning: Reference `rk2lem' on page 17 undefined on input line 721.


LaTeX Warning: Reference `rk2com1' on page 17 undefined on input line 721.


LaTeX Warning: Reference `frcom' on page 17 undefined on input line 721.


LaTeX Warning: Reference `var' on page 17 undefined on input line 721.


LaTeX Warning: Reference `corrin' on page 17 undefined on input line 721.


LaTeX Warning: Reference `rk2lem' on page 17 undefined on input line 723.


LaTeX Warning: Reference `rk2com1' on page 17 undefined on input line 723.


LaTeX Warning: Reference `frext' on page 17 undefined on input line 723.


LaTeX Warning: Reference `frext' on page 17 undefined on input line 723.


LaTeX Warning: Reference `corrin' on page 17 undefined on input line 723.


LaTeX Warning: Reference `cln' on page 17 undefined on input line 735.

[17]

LaTeX Warning: Reference `CLNDC3var' on page 18 undefined on input line 744.


LaTeX Warning: Reference `var' on page 18 undefined on input line 744.


LaTeX Warning: Reference `fr95c' on page 18 undefined on input line 744.


LaTeX Warning: Reference `df' on page 18 undefined on input line 744.


LaTeX Warning: Reference `st' on page 18 undefined on input line 744.


LaTeX Warning: Reference `rr11' on page 18 undefined on input line 771.


LaTeX Warning: Reference `sectwovar' on page 18 undefined on input line 780.


LaTeX Warning: Reference `rr11' on page 18 undefined on input line 787.


LaTeX Warning: Reference `stper' on page 18 undefined on input line 787.

[18]

LaTeX Warning: Reference `crtr' on page 19 undefined on input line 804.


LaTeX Warning: Reference `comulev' on page 19 undefined on input line 804.


LaTeX Warning: Reference `comr1' on page 19 undefined on input line 804.

[19] [20{/usr/local/texlive/2023/texmf-dist/fonts/enc/dvips/cm-super/cm-super-t
s1.enc}]

LaTeX Warning: Reference `usnap' on page 21 undefined on input line 947.


LaTeX Warning: Reference `ustr' on page 21 undefined on input line 947.


LaTeX Warning: Reference `ex1' on page 21 undefined on input line 955.


LaTeX Warning: Reference `ex2' on page 21 undefined on input line 963.


LaTeX Warning: Reference `ex1' on page 21 undefined on input line 963.


LaTeX Warning: Reference `qu' on page 21 undefined on input line 983.


LaTeX Warning: Citation `F98' on page 21 undefined on input line 993.

[21]

LaTeX Warning: Reference `rk2com1' on page 22 undefined on input line 1016.


LaTeX Warning: Reference `dtriang' on page 22 undefined on input line 1026.


LaTeX Warning: Reference `rk3com1' on page 22 undefined on input line 1029.


LaTeX Warning: Reference `rk3com2' on page 22 undefined on input line 1029.


LaTeX Warning: Reference `rk3com2' on page 22 undefined on input line 1030.

[22]

LaTeX Warning: Reference `rk2lem' on page 23 undefined on input line 1033.


LaTeX Warning: Reference `dtriang' on page 23 undefined on input line 1033.


LaTeX Warning: Reference `rrr' on page 23 undefined on input line 1054.


LaTeX Warning: Reference `rk3com2' on page 23 undefined on input line 1057.


LaTeX Warning: Reference `proplocsl' on page 23 undefined on input line 1057.

[23]

LaTeX Warning: Reference `usrt' on page 24 undefined on input line 1086.

[24] (/usr/local/texlive/2023/texmf-dist/tex/latex/amsfonts/ueuf.fd)
Overfull \hbox (4.0857pt too wide) in paragraph at lines 1152--1155
\OT1/cmr/m/n/12 Let us re-call that $\OML/cmm/m/it/12 v \OT1/cmr/m/n/12 = \OML/
cmm/m/it/12 u[]z \OT1/cmr/m/n/12 + \OML/cmm/m/it/12 x[]F[]\OT1/cmr/m/n/12 (\OML
/cmm/m/it/12 x; u\OT1/cmr/m/n/12 ) + \OML/cmm/m/it/12 mx[]F[]\OT1/cmr/m/n/12 (\
OML/cmm/m/it/12 x; u\OT1/cmr/m/n/12 )\OML/cmm/m/it/12 yu[] \OT1/cmr/m/n/12 + []
 + \OML/cmm/m/it/12 mF\OT1/cmr/m/n/12 (\OML/cmm/m/it/12 x; u\OT1/cmr/m/n/12 )\O
ML/cmm/m/it/12 y[]u[]$\OT1/cmr/m/n/12 .
[25]

LaTeX Warning: Reference `usrt' on page 26 undefined on input line 1187.

[26] [27] [28] [29]
(/diff_test_tex_engines/docker_bin_2/version_compiled_pdf/2306.00510/2306.00510
_tl2023.aux)

LaTeX Warning: There were undefined references.


LaTeX Warning: Label(s) may have changed. Rerun to get cross-references right.

 )
(see the transcript file for additional information)</usr/local/texlive/2023/te
xmf-dist/fonts/type1/public/amsfonts/cm/cmbx10.pfb></usr/local/texlive/2023/tex
mf-dist/fonts/type1/public/amsfonts/cm/cmbx12.pfb></usr/local/texlive/2023/texm
f-dist/fonts/type1/public/amsfonts/cm/cmbx8.pfb></usr/local/texlive/2023/texmf-
dist/fonts/type1/public/amsfonts/cm/cmex10.pfb></usr/local/texlive/2023/texmf-d
ist/fonts/type1/public/amsfonts/cm/cmmi10.pfb></usr/local/texlive/2023/texmf-di
st/fonts/type1/public/amsfonts/cm/cmmi12.pfb></usr/local/texlive/2023/texmf-dis
t/fonts/type1/public/amsfonts/cm/cmmi6.pfb></usr/local/texlive/2023/texmf-dist/
fonts/type1/public/amsfonts/cm/cmmi8.pfb></usr/local/texlive/2023/texmf-dist/fo
nts/type1/public/amsfonts/cm/cmr10.pfb></usr/local/texlive/2023/texmf-dist/font
s/type1/public/amsfonts/cm/cmr12.pfb></usr/local/texlive/2023/texmf-dist/fonts/
type1/public/amsfonts/cm/cmr17.pfb></usr/local/texlive/2023/texmf-dist/fonts/ty
pe1/public/amsfonts/cm/cmr6.pfb></usr/local/texlive/2023/texmf-dist/fonts/type1
/public/amsfonts/cm/cmr8.pfb></usr/local/texlive/2023/texmf-dist/fonts/type1/pu
blic/amsfonts/cm/cmsy10.pfb></usr/local/texlive/2023/texmf-dist/fonts/type1/pub
lic/amsfonts/cm/cmsy6.pfb></usr/local/texlive/2023/texmf-dist/fonts/type1/publi
c/amsfonts/cm/cmsy8.pfb></usr/local/texlive/2023/texmf-dist/fonts/type1/public/
amsfonts/cm/cmti10.pfb></usr/local/texlive/2023/texmf-dist/fonts/type1/public/a
msfonts/cm/cmti12.pfb></usr/local/texlive/2023/texmf-dist/fonts/type1/public/am
sfonts/euler/eufm10.pfb></usr/local/texlive/2023/texmf-dist/fonts/type1/public/
amsfonts/symbols/msam10.pfb></usr/local/texlive/2023/texmf-dist/fonts/type1/pub
lic/amsfonts/symbols/msbm10.pfb></usr/local/texlive/2023/texmf-dist/fonts/type1
/public/cm-super/sfrm1200.pfb>
Output written on /diff_test_tex_engines/docker_bin_2/version_compiled_pdf/2306
.00510/2306.00510_tl2023.pdf (29 pages, 401252 bytes).
Transcript written on /diff_test_tex_engines/docker_bin_2/version_compiled_pdf/
2306.00510/2306.00510_tl2023.log.
Latexmk: Getting log file '/diff_test_tex_engines/docker_bin_2/version_compiled_pdf/2306.00510/2306.00510_tl2023.log'
Latexmk: Examining '/diff_test_tex_engines/docker_bin_2/version_compiled_pdf/2306.00510/2306.00510_tl2023.fls'
Latexmk: Examining '/diff_test_tex_engines/docker_bin_2/version_compiled_pdf/2306.00510/2306.00510_tl2023.log'
Latexmk: References changed.
Latexmk: Log file says output to '/diff_test_tex_engines/docker_bin_2/version_compiled_pdf/2306.00510/2306.00510_tl2023.pdf'
Latexmk: applying rule 'pdflatex'...
Rule 'pdflatex':  Reasons for rerun
Changed files or newly in use/created:
  /diff_test_tex_engines/docker_bin_2/version_compiled_pdf/2306.00510/2306.00510_tl2023.aux

------------
Run number 2 of rule 'pdflatex'
------------
------------
Running 'pdflatex  -interaction=nonstopmode -recorder --jobname="2306.00510_tl2023" -output-directory="/diff_test_tex_engines/docker_bin_2/version_compiled_pdf/2306.00510"  "2306.00510"'
------------
This is pdfTeX, Version 3.141592653-2.6-1.40.25 (TeX Live 2023) (preloaded format=pdflatex)
 restricted \write18 enabled.
entering extended mode
(./2306.00510
LaTeX2e <2023-11-01> patch level 1
L3 programming layer <2024-02-20>
(/usr/local/texlive/2023/texmf-dist/tex/latex/base/article.cls
Document Class: article 2023/05/17 v1.4n Standard LaTeX document class
(/usr/local/texlive/2023/texmf-dist/tex/latex/base/size12.clo))
(/usr/local/texlive/2023/texmf-dist/tex/latex/amsfonts/amssymb.sty
(/usr/local/texlive/2023/texmf-dist/tex/latex/amsfonts/amsfonts.sty))
(/usr/local/texlive/2023/texmf-dist/tex/latex/graphics/epsfig.sty
(/usr/local/texlive/2023/texmf-dist/tex/latex/graphics/graphicx.sty
(/usr/local/texlive/2023/texmf-dist/tex/latex/graphics/keyval.sty)
(/usr/local/texlive/2023/texmf-dist/tex/latex/graphics/graphics.sty
(/usr/local/texlive/2023/texmf-dist/tex/latex/graphics/trig.sty)
(/usr/local/texlive/2023/texmf-dist/tex/latex/graphics-cfg/graphics.cfg)
(/usr/local/texlive/2023/texmf-dist/tex/latex/graphics-def/pdftex.def))))
(/usr/local/texlive/2023/texmf-dist/tex/latex/amsmath/amsmath.sty
For additional information on amsmath, use the `?' option.
(/usr/local/texlive/2023/texmf-dist/tex/latex/amsmath/amstext.sty
(/usr/local/texlive/2023/texmf-dist/tex/latex/amsmath/amsgen.sty))
(/usr/local/texlive/2023/texmf-dist/tex/latex/amsmath/amsbsy.sty)
(/usr/local/texlive/2023/texmf-dist/tex/latex/amsmath/amsopn.sty))
(/usr/local/texlive/2023/texmf-dist/tex/latex/amsfonts/euscript.sty)
(/usr/local/texlive/2023/texmf-dist/tex/latex/amsmath/amscd.sty)
(/usr/local/texlive/2023/texmf-dist/tex/latex/amscls/amsthm.sty)
(/usr/local/texlive/2023/texmf-dist/tex/latex/l3backend/l3backend-pdftex.def)
(/diff_test_tex_engines/docker_bin_2/version_compiled_pdf/2306.00510/2306.00510
_tl2023.aux

LaTeX Warning: Label `pl' multiply defined.

) (/usr/local/texlive/2023/texmf-dist/tex/context/base/mkii/supp-pdf.mkii
[Loading MPS to PDF converter (version 2006.09.02).]
) (/usr/local/texlive/2023/texmf-dist/tex/latex/epstopdf-pkg/epstopdf-base.sty
(/usr/local/texlive/2023/texmf-dist/tex/latex/latexconfig/epstopdf-sys.cfg))
(/usr/local/texlive/2023/texmf-dist/tex/latex/amsfonts/umsa.fd)
(/usr/local/texlive/2023/texmf-dist/tex/latex/amsfonts/umsb.fd) [1{/usr/local/t
exlive/2023/texmf-var/fonts/map/pdftex/updmap/pdftex.map}] [2] [3] [4]
Overfull \hbox (1.89441pt too wide) in paragraph at lines 187--188
\OT1/cmr/bx/n/12 Proposition 2.6. \OT1/cmr/m/it/12 Let $\OML/cmm/m/it/12 r$ \OT
1/cmr/m/it/12 be a lo-cal slice of $\OML/cmm/m/it/12 D$\OT1/cmr/m/it/12 . Then 
the fol-low-ing holds $\OML/cmm/m/it/12 B [] \OT1/cmr/m/n/12 = \OML/cmm/m/it/12
 A [] \OT1/cmr/m/n/12 [\OML/cmm/m/it/12 r\OT1/cmr/m/n/12 ]$\OT1/cmr/m/it/12 . 
[5]
Overfull \hbox (7.37137pt too wide) in paragraph at lines 245--246
\OT1/cmr/bx/n/12 Theorem 2.13. \OT1/cmr/m/it/12 Let $\OML/cmm/m/it/12 D[]; D[] 
\OMS/cmsy/m/n/12 2 []\OT1/cmr/m/n/12 (\OML/cmm/m/it/12 k[]\OT1/cmr/m/n/12 )$\OT
1/cmr/m/it/12 . [] 
[6]
Overfull \hbox (21.065pt too wide) in paragraph at lines 275--276
\OT1/cmr/bx/n/12 Proposition 2.16. \OT1/cmr/m/it/12 Let $\OML/cmm/m/it/12 D \OM
S/cmsy/m/n/12 2 []\OT1/cmr/m/n/12 (\OML/cmm/m/it/12 k\OT1/cmr/m/n/12 [\OML/cmm/
m/it/12 x[]; [] ; x[]\OT1/cmr/m/n/12 ])$\OT1/cmr/m/it/12 . If $\OML/cmm/m/it/12
 D$ \OT1/cmr/m/it/12 re-stricts to a deriva-tion on $\OML/cmm/m/it/12 k\OT1/cmr
/m/n/12 [\OML/cmm/m/it/12 x[]; [] ; x[]\OT1/cmr/m/n/12 ]$\OT1/cmr/m/it/12 .
[7] [8]
Overfull \hbox (6.06808pt too wide) detected at line 365
\OT1/cmr/m/n/12 ^^A \OMS/cmsy/m/n/12 ^^N \OML/cmm/m/it/12 ^^N[] \OT1/cmr/m/n/12
 = [] \OMS/cmsy/m/n/12 ^^N \OML/cmm/m/it/12 ^^N[] \OT1/cmr/m/n/12 = [] \OML/cmm
/m/it/12 f[]^^N[] \OMS/cmsy/m/n/12 ^^N \OML/cmm/m/it/12 ^^N[] \OT1/cmr/m/n/12 =
 [] \OML/cmm/m/it/12 f[]^^N[] \OMS/cmsy/m/n/12 ^^N \OML/cmm/m/it/12 ^^N[] \OT1/
cmr/m/n/12 = [] \OML/cmm/m/it/12 ^^N[] \OMS/cmsy/m/n/12 ^^N \OML/cmm/m/it/12 f[
]^^N[] \OT1/cmr/m/n/12 = \OML/cmm/m/it/12 ^^N[] \OMS/cmsy/m/n/12 ^^N [] \OT1/cm
r/m/n/12 = \OML/cmm/m/it/12 ^^N[] \OMS/cmsy/m/n/12 ^^N \OT1/cmr/m/n/12 ^^A\OML/
cmm/m/it/12 :
[9] [10] [11] [12] [13] [14] [15] [16] [17] [18] [19] [20{/usr/local/texlive/20
23/texmf-dist/fonts/enc/dvips/cm-super/cm-super-ts1.enc}] [21] [22] [23]
[24] (/usr/local/texlive/2023/texmf-dist/tex/latex/amsfonts/ueuf.fd)
Overfull \hbox (4.0857pt too wide) in paragraph at lines 1152--1155
\OT1/cmr/m/n/12 Let us re-call that $\OML/cmm/m/it/12 v \OT1/cmr/m/n/12 = \OML/
cmm/m/it/12 u[]z \OT1/cmr/m/n/12 + \OML/cmm/m/it/12 x[]F[]\OT1/cmr/m/n/12 (\OML
/cmm/m/it/12 x; u\OT1/cmr/m/n/12 ) + \OML/cmm/m/it/12 mx[]F[]\OT1/cmr/m/n/12 (\
OML/cmm/m/it/12 x; u\OT1/cmr/m/n/12 )\OML/cmm/m/it/12 yu[] \OT1/cmr/m/n/12 + []
 + \OML/cmm/m/it/12 mF\OT1/cmr/m/n/12 (\OML/cmm/m/it/12 x; u\OT1/cmr/m/n/12 )\O
ML/cmm/m/it/12 y[]u[]$\OT1/cmr/m/n/12 .
[25] [26] [27] [28] [29]
(/diff_test_tex_engines/docker_bin_2/version_compiled_pdf/2306.00510/2306.00510
_tl2023.aux)

LaTeX Warning: There were multiply-defined labels.

 )
(see the transcript file for additional information)</usr/local/texlive/2023/te
xmf-dist/fonts/type1/public/amsfonts/cm/cmbx10.pfb></usr/local/texlive/2023/tex
mf-dist/fonts/type1/public/amsfonts/cm/cmbx12.pfb></usr/local/texlive/2023/texm
f-dist/fonts/type1/public/amsfonts/cm/cmbx8.pfb></usr/local/texlive/2023/texmf-
dist/fonts/type1/public/amsfonts/cm/cmex10.pfb></usr/local/texlive/2023/texmf-d
ist/fonts/type1/public/amsfonts/cm/cmmi10.pfb></usr/local/texlive/2023/texmf-di
st/fonts/type1/public/amsfonts/cm/cmmi12.pfb></usr/local/texlive/2023/texmf-dis
t/fonts/type1/public/amsfonts/cm/cmmi6.pfb></usr/local/texlive/2023/texmf-dist/
fonts/type1/public/amsfonts/cm/cmmi8.pfb></usr/local/texlive/2023/texmf-dist/fo
nts/type1/public/amsfonts/cm/cmr10.pfb></usr/local/texlive/2023/texmf-dist/font
s/type1/public/amsfonts/cm/cmr12.pfb></usr/local/texlive/2023/texmf-dist/fonts/
type1/public/amsfonts/cm/cmr17.pfb></usr/local/texlive/2023/texmf-dist/fonts/ty
pe1/public/amsfonts/cm/cmr6.pfb></usr/local/texlive/2023/texmf-dist/fonts/type1
/public/amsfonts/cm/cmr8.pfb></usr/local/texlive/2023/texmf-dist/fonts/type1/pu
blic/amsfonts/cm/cmsy10.pfb></usr/local/texlive/2023/texmf-dist/fonts/type1/pub
lic/amsfonts/cm/cmsy6.pfb></usr/local/texlive/2023/texmf-dist/fonts/type1/publi
c/amsfonts/cm/cmsy8.pfb></usr/local/texlive/2023/texmf-dist/fonts/type1/public/
amsfonts/cm/cmti10.pfb></usr/local/texlive/2023/texmf-dist/fonts/type1/public/a
msfonts/cm/cmti12.pfb></usr/local/texlive/2023/texmf-dist/fonts/type1/public/am
sfonts/euler/eufm10.pfb></usr/local/texlive/2023/texmf-dist/fonts/type1/public/
amsfonts/symbols/msam10.pfb></usr/local/texlive/2023/texmf-dist/fonts/type1/pub
lic/amsfonts/symbols/msbm10.pfb></usr/local/texlive/2023/texmf-dist/fonts/type1
/public/cm-super/sfrm1200.pfb>
Output written on /diff_test_tex_engines/docker_bin_2/version_compiled_pdf/2306
.00510/2306.00510_tl2023.pdf (29 pages, 400172 bytes).
Transcript written on /diff_test_tex_engines/docker_bin_2/version_compiled_pdf/
2306.00510/2306.00510_tl2023.log.
Latexmk: Getting log file '/diff_test_tex_engines/docker_bin_2/version_compiled_pdf/2306.00510/2306.00510_tl2023.log'
Latexmk: Examining '/diff_test_tex_engines/docker_bin_2/version_compiled_pdf/2306.00510/2306.00510_tl2023.fls'
Latexmk: Examining '/diff_test_tex_engines/docker_bin_2/version_compiled_pdf/2306.00510/2306.00510_tl2023.log'
Latexmk: Log file says output to '/diff_test_tex_engines/docker_bin_2/version_compiled_pdf/2306.00510/2306.00510_tl2023.pdf'
Latexmk: Summary of warnings from last run of *latex:
  Latex found 1 multiply defined reference(s)
Latexmk: All targets (/diff_test_tex_engines/docker_bin_2/version_compiled_pdf/2306.00510/2306.00510_tl2023.pdf) are up-to-date

Rc files read:
  NONE
Latexmk: This is Latexmk, John Collins, 31 Jan. 2024. Version 4.83.
Latexmk: Nothing to do for '2306.00510'.
Latexmk: All targets (/diff_test_tex_engines/docker_bin_2/version_compiled_pdf/2306.00510/2306.00510_tl2023.pdf) are up-to-date

