Rc files read:
  NONE
Latexmk: This is Latexmk, John Collins, 29 September 2020, version: 4.70b.
Rule 'pdflatex': The following rules & subrules became out-of-date:
      'pdflatex'
------------
Run number 1 of rule 'pdflatex'
------------
------------
Running 'pdflatex  -interaction=nonstopmode -recorder -output-directory="/diff_test_tex_engines/docker_bin_2/version_compiled_pdf_2020/2306.00060" --jobname="2306.00060_tl2020"  "nitrogen_aurora.tex"'
------------
Latexmk: Non-existent bbl file '/diff_test_tex_engines/docker_bin_2/version_compiled_pdf_2020/2306.00060/2306.00060_tl2020.bbl in line'
 No file 2306.00060_tl2020.bbl.
Latexmk: References changed.
Latexmk: References changed.
Latexmk: Log file says output to '/diff_test_tex_engines/docker_bin_2/version_compiled_pdf_2020/2306.00060/2306.00060_tl2020.pdf'
Latexmk: List of undefined refs and citations:
  Citation `Adamo.etal.2020' on page 13 undefined on input line 488
  Citation `Adamo.etal.2020' on page 9 undefined on input line 353
  Citation `Adamo.etal.2020rev' on page 13 undefined on input line 488
  Citation `Aurora' on page 2 undefined on input line 103
  Citation `Aurora' on page 2 undefined on input line 94
  Citation `Aurora' on page 7 undefined on input line 265
  Citation `Bastian2013' on page 2 undefined on input line 84
  Citation `Bastian_Lardo2018' on page 1 undefined on input line 77
  Citation `Bastian_Lardo2018' on page 14 undefined on input line 503
  Citation `Bastian_Lardo2018' on page 2 undefined on input line 84
  Citation `Bastian_Lardo2018' on page 7 undefined on input line 261
  Citation `Baumgardt2003' on page 3 undefined on input line 136
  Citation `Baumgardt2003' on page 5 undefined on input line 219
  Citation `Baumgardt2003' on page 9 undefined on input line 361
  Citation `Baumgardt2003' on page 9 undefined on input line 377
  Citation `Baumgardt2021' on page 3 undefined on input line 136
  Citation `Baumgardt_Vasiliev2021' on page 10 undefined on input line 385
  Citation `Bekki.etal.2008' on page 13 undefined on input line 484
  Citation `Belokurov2018' on page 2 undefined on input line 90
  Citation `Belokurov2018' on page 7 undefined on input line 265
  Citation `Bowens2023' on page 1 undefined on input line 71
  Citation `Boylan.Kolchin.2018' on page 13 undefined on input line 479
  Citation `Bunker2023' on page 1 undefined on input line 75
  Citation `Callingham2022' on page 2 undefined on input line 90
  Citation `Callingham2022' on page 2 undefined on input line 92
  Citation `Cameron2023' on page 1 undefined on input line 75
  Citation `Cameron2023' on page 1 undefined on input line 77
  Citation `Cameron2023' on page 11 undefined on input line 442
  Citation `Cameron2023' on page 12 undefined on input line 452
  Citation `Carollo2013' on page 1 undefined on input line 79
  Citation `Carretta2022' on page 5 undefined on input line 227
  Citation `Charbonnel2023' on page 1 undefined on input line 77
  Citation `Chen_Gnedin2023' on page 13 undefined on input line 484
  Citation `Choksi2018' on page 13 undefined on input line 484
  Citation `Choksi2019' on page 13 undefined on input line 484
  Citation `Choksi2019' on page 9 undefined on input line 353
  Citation `Chon.etal.2021' on page 14 undefined on input line 503
  Citation `Conroy2012' on page 2 undefined on input line 84
  Citation `Conroy2022' on page 11 undefined on input line 421
  Citation `Conroy2022' on page 14 undefined on input line 515
  Citation `Conroy2022' on page 14 undefined on input line 521
  Citation `Conroy2022' on page 2 undefined on input line 103
  Citation `Conroy2022' on page 2 undefined on input line 97
  Citation `Conroy2022' on page 5 undefined on input line 213
  Citation `Conroy2022' on page 5 undefined on input line 224
  Citation `Crowther.2007' on page 14 undefined on input line 503
  Citation `Curtis-Lake2023' on page 1 undefined on input line 71
  Citation `Das2020' on page 3 undefined on input line 167
  Citation `Deason.etal.2019' on page 10 undefined on input line 396
  Citation `Deason2013' on page 11 undefined on input line 417
  Citation `Deason2013' on page 2 undefined on input line 90
  Citation `Denissenkov.Hartwick.2014' on page 14 undefined on input line 503
  Citation `Dercole2008' on page 2 undefined on input line 84
  Citation `Dib.etal.2007' on page 14 undefined on input line 503
  Citation `Dillamore.etal.2022' on page 14 undefined on input line 498
  Citation `Donlon2023' on page 5 undefined on input line 200
  Citation `Donnan2023' on page 1 undefined on input line 71
  Citation `Dornan.Harris.2023' on page 13 undefined on input line 484
  Citation `Drimmel2022' on page 3 undefined on input line 124
  Citation `El_Badry_etal.2019' on page 13 undefined on input line 484
  Citation `Fattahi.etal.2019' on page 14 undefined on input line 498
  Citation `Fernandez_Trincado2017' on page 1 undefined on input line 79
  Citation `Fernandez_Trincado2020' on page 1 undefined on input line 79
  Citation `Fernandez_Trincado2020b' on page 1 undefined on input line 79
  Citation `Fernandez_Trincado2022' on page 2 undefined on input line 86
  Citation `Feuillet2020' on page 7 undefined on input line 265
  Citation `Finkelstein.etal.2023' on page 14 undefined on input line 507
  Citation `Finkelstein2023' on page 1 undefined on input line 71
  Citation `Forbes.etal.2018' on page 13 undefined on input line 484
  Citation `Forbes.etal.2018' on page 15 undefined on input line 536
  Citation `Forbes2020' on page 15 undefined on input line 534
  Citation `Forbes2020' on page 2 undefined on input line 101
  Citation `Forbes2020' on page 2 undefined on input line 90
  Citation `Forbes2020' on page 2 undefined on input line 92
  Citation `Friedman.2001' on page 15 undefined on input line 532
  Citation `Friedman.2001' on page 5 undefined on input line 203
  Citation `GRAVITY2022' on page 3 undefined on input line 124
  Citation `Gieles2023' on page 11 undefined on input line 435
  Citation `Gieles2023' on page 9 undefined on input line 361
  Citation `Gratton2019' on page 1 undefined on input line 77
  Citation `Gratton2019' on page 2 undefined on input line 84
  Citation `Gratton2019' on page 7 undefined on input line 261
  Citation `Harikane2023' on page 1 undefined on input line 71
  Citation `Harris.etal.2017' on page 13 undefined on input line 484
  Citation `Harris2010' on page 3 undefined on input line 134
  Citation `Hasselquist2021' on page 4 undefined on input line 169
  Citation `Hasselquist2021' on page 5 undefined on input line 224
  Citation `Hawkins2015' on page 3 undefined on input line 167
  Citation `Helmi2018' on page 2 undefined on input line 90
  Citation `Hopkins.etal.2018' on page 13 undefined on input line 494
  Citation `Horta2021' on page 1 undefined on input line 79
  Citation `Horta2021' on page 1 undefined on input line 81
  Citation `Horta2021' on page 10 undefined on input line 404
  Citation `Horta2021' on page 10 undefined on input line 411
  Citation `Horta2021' on page 11 undefined on input line 415
  Citation `Horta2021' on page 11 undefined on input line 424
  Citation `Horta2021' on page 11 undefined on input line 430
  Citation `Horta2021' on page 12 undefined on input line 474
  Citation `Horta2021' on page 12 undefined on input line 475
  Citation `Horta2021' on page 2 undefined on input line 88
  Citation `Horta2021' on page 3 undefined on input line 144
  Citation `Horta2023' on page 2 undefined on input line 103
  Citation `Horta_FIRE' on page 11 undefined on input line 417
  Citation `Horta_GC' on page 5 undefined on input line 211
  Citation `Horta_GC' on page 5 undefined on input line 227
  Citation `Horta_heracles' on page 15 undefined on input line 534
  Citation `Horta_heracles' on page 2 undefined on input line 101
  Citation `Hudson.etal.2014' on page 13 undefined on input line 484
  Citation `Hudson.etal.2014' on page 15 undefined on input line 536
  Citation `Iorio2021' on page 11 undefined on input line 417
  Citation `Johnson.etal.2017' on page 13 undefined on input line 487
  Citation `Johnson2023' on page 3 undefined on input line 161
  Citation `Jurassic' on page 2 undefined on input line 88
  Citation `Kim.etal.2023' on page 8 undefined on input line 328
  Citation `Kisku2021' on page 2 undefined on input line 86
  Citation `Kobayashi2020' on page 3 undefined on input line 161
  Citation `Koch-Hansen2021' on page 2 undefined on input line 90
  Citation `Koch2019' on page 1 undefined on input line 81
  Citation `Koch2019' on page 10 undefined on input line 411
  Citation `Koch2019' on page 12 undefined on input line 474
  Citation `Koch2019' on page 12 undefined on input line 475
  Citation `Koch2019' on page 2 undefined on input line 84
  Citation `Kravtsov.etal.2018' on page 13 undefined on input line 484
  Citation `Kravtsov2005' on page 13 undefined on input line 484
  Citation `Krijssen2020' on page 15 undefined on input line 534
  Citation `Krijssen2020' on page 2 undefined on input line 92
  Citation `Kruijssen2012' on page 13 undefined on input line 488
  Citation `Krujssen2019' on page 2 undefined on input line 101
  Citation `Krujssen2019' on page 2 undefined on input line 90
  Citation `Krumholz2019' on page 9 undefined on input line 353
  Citation `Leung2019' on page 3 undefined on input line 123
  Citation `Lind2015' on page 1 undefined on input line 79
  Citation `Lindegren2021' on page 3 undefined on input line 124
  Citation `Livermore.etal.2015' on page 13 undefined on input line 487
  Citation `Lodders2019' on page 1 undefined on input line 75
  Citation `Mackereth2018' on page 3 undefined on input line 123
  Citation `Mackereth2019' on page 7 undefined on input line 265
  Citation `Maeder.Meynet.2006' on page 14 undefined on input line 503
  Citation `Martell2011' on page 12 undefined on input line 475
  Citation `Martell2011' on page 2 undefined on input line 84
  Citation `Martell2016' on page 1 undefined on input line 79
  Citation `Martell2016' on page 1 undefined on input line 81
  Citation `Martell2016' on page 12 undefined on input line 474
  Citation `Martell_Grebel2010' on page 1 undefined on input line 79
  Citation `Massari2019' on page 15 undefined on input line 534
  Citation `Massari2019' on page 2 undefined on input line 90
  Citation `Massari2019' on page 2 undefined on input line 92
  Citation `Massari2019' on page 5 undefined on input line 227
  Citation `McKenzie2022' on page 2 undefined on input line 90
  Citation `Mccluskey2023' on page 14 undefined on input line 515
  Citation `Milone2017' on page 2 undefined on input line 84
  Citation `Milone2017' on page 3 undefined on input line 136
  Citation `Milone2017' on page 5 undefined on input line 219
  Citation `Milone2017' on page 7 undefined on input line 259
  Citation `Milone2020' on page 7 undefined on input line 259
  Citation `Miloni_Marino2022' on page 1 undefined on input line 77
  Citation `Miloni_Marino2022' on page 2 undefined on input line 84
  Citation `Monty2023' on page 2 undefined on input line 90
  Citation `Monty2023' on page 5 undefined on input line 227
  Citation `Myeong2018' on page 2 undefined on input line 90
  Citation `Myeong2019' on page 2 undefined on input line 90
  Citation `Myeong2019' on page 5 undefined on input line 227
  Citation `Myeong2022' on page 11 undefined on input line 421
  Citation `Myeong2022' on page 2 undefined on input line 103
  Citation `Myeong2022' on page 2 undefined on input line 99
  Citation `Naab.Ostriker.2017' on page 13 undefined on input line 492
  Citation `Nadler.etal.2020' on page 13 undefined on input line 484
  Citation `Naidu2022' on page 2 undefined on input line 103
  Citation `Norris.etal.2019' on page 9 undefined on input line 353
  Citation `NumPy' on page 16 undefined on input line 568
  Citation `Oesch2016' on page 1 undefined on input line 75
  Citation `Ono2022' on page 1 undefined on input line 71
  Citation `PIGS_I' on page 2 undefined on input line 103
  Citation `PIGS_II' on page 2 undefined on input line 103
  Citation `Perez2020' on page 5 undefined on input line 229
  Citation `Phillips2022' on page 1 undefined on input line 79
  Citation `Read.Erkal.2019' on page 13 undefined on input line 484
  Citation `Ricotti.2002' on page 13 undefined on input line 479
  Citation `Rix2022' on page 10 undefined on input line 396
  Citation `Rix2022' on page 11 undefined on input line 421
  Citation `Rix2022' on page 14 undefined on input line 515
  Citation `Rix2022' on page 14 undefined on input line 523
  Citation `Rix2022' on page 2 undefined on input line 103
  Citation `Rix2022' on page 2 undefined on input line 97
  Citation `Rix2022' on page 7 undefined on input line 265
  Citation `Robertson2023' on page 1 undefined on input line 71
  Citation `Rodriguez2023' on page 9 undefined on input line 361
  Citation `Sanders2021' on page 7 undefined on input line 265
  Citation `Schechter1976' on page 9 undefined on input line 352
  Citation `Schiavon2017' on page 1 undefined on input line 79
  Citation `Schiavon2017' on page 1 undefined on input line 81
  Citation `Schiavon2017' on page 12 undefined on input line 474
  Citation `Schiavon2017' on page 2 undefined on input line 88
  Citation `Schiavon2017' on page 3 undefined on input line 144
  Citation `Schiavon2017' on page 3 undefined on input line 161
  Citation `Senchyna2023' on page 1 undefined on input line 77
  Citation `Spitler.Forbes.2009' on page 13 undefined on input line 484
  Citation `Splash' on page 5 undefined on input line 196
  Citation `Splash' on page 7 undefined on input line 265
  Citation `Tacchella2023' on page 1 undefined on input line 71
  Citation `Tang2019' on page 1 undefined on input line 79
  Citation `Tang2020' on page 2 undefined on input line 86
  Citation `Trincado2020c' on page 2 undefined on input line 86
  Citation `Vanzella.etal.2023' on page 13 undefined on input line 487
  Citation `Vasiliev2021' on page 3 undefined on input line 136
  Citation `VdB2013' on page 3 undefined on input line 136
  Citation `Vogelsberger.etal.2020' on page 13 undefined on input line 492
  Citation `Weinberg2017' on page 5 undefined on input line 224
  Citation `Weisz.etal.2023' on page 13 undefined on input line 481
  Citation `Wetzel.etal.2023' on page 13 undefined on input line 494
  Citation `Wetzel.etal.2023' on page 16 undefined on input line 567
  Citation `Wilkins.etal.2023' on page 14 undefined on input line 507
  Citation `Yung.etal.2023' on page 14 undefined on input line 507
  Citation `Zick.etal.2018' on page 13 undefined on input line 481
  Citation `Zick.etal.2018' on page 14 undefined on input line 506
  Citation `apogeedr17' on page 3 undefined on input line 121
  Citation `gaia_edr3' on page 3 undefined on input line 124
  Citation `hopkins15' on page 16 undefined on input line 567
  Citation `hopkins_etal18' on page 16 undefined on input line 567
  Citation `matplotlib' on page 16 undefined on input line 568
  Citation `radialize' on page 11 undefined on input line 417
  Citation `scipy' on page 16 undefined on input line 568
  Citation `sklearn' on page 16 undefined on input line 568
  Citation `sklearn' on page 5 undefined on input line 203
  Citation `wrinkles' on page 11 undefined on input line 417
  Citation `wrinkles' on page 3 undefined on input line 124
  Citation `wrinkles' on page 4 undefined on input line 174
  Reference `eq:fno_approx' on page 10 undefined on input line 384
  Reference `eq:fno_approx' on page 10 undefined on input line 387
  Reference `eq:fno_approx' on page 14 undefined on input line 500
  Reference `eq:maurora' on page 10 undefined on input line 384
  Reference `eq:sel' on page 15 undefined on input line 532
  Reference `eq:sel' on page 5 undefined on input line 197
  Reference `eq:sel' on page 5 undefined on input line 202
  Reference `eq:sel' on page 5 undefined on input line 203
  Reference `eq:sel' on page 5 undefined on input line 204
  Reference `eq:sel' on page 6 undefined on input line 231
  Reference `fig:dgc_insitu_dist' on page 13 undefined on input line 494
  Reference `fig:dgc_insitu_dist' on page 14 undefined on input line 497
  Reference `fig:dgc_insitu_dist' on page 15 undefined on input line 544
  Reference `fig:dgc_nrich_dist' on page 11 undefined on input line 423
  Reference `fig:dgc_nrich_dist' on page 11 undefined on input line 436
  Reference `fig:dgc_nrich_dist' on page 11 undefined on input line 447
  Reference `fig:dgc_nrich_dist' on page 15 undefined on input line 538
  Reference `fig:elz_aurora' on page 11 undefined on input line 417
  Reference `fig:elz_aurora' on page 11 undefined on input line 419
  Reference `fig:elz_aurora' on page 11 undefined on input line 442
  Reference `fig:elz_aurora' on page 15 undefined on input line 532
  Reference `fig:elz_aurora' on page 4 undefined on input line 172
  Reference `fig:elz_aurora' on page 4 undefined on input line 174
  Reference `fig:elz_aurora' on page 4 undefined on input line 180
  Reference `fig:elz_aurora' on page 5 undefined on input line 196
  Reference `fig:elz_aurora' on page 6 undefined on input line 243
  Reference `fig:elz_aurora' on page 6 undefined on input line 252
  Reference `fig:elz_aurora' on page 8 undefined on input line 303
  Reference `fig:feh_dist_ns_gc' on page 11 undefined on input line 447
  Reference `fig:feh_dist_ns_gc' on page 15 undefined on input line 538
  Reference `fig:feh_dist_ns_gc' on page 8 undefined on input line 297
  Reference `fig:feh_dist_ns_gc' on page 8 undefined on input line 320
  Reference `fig:feh_dist_ns_gc' on page 9 undefined on input line 334
  Reference `fig:frac_energy' on page 15 undefined on input line 536
  Reference `fig:frac_energy' on page 8 undefined on input line 272
  Reference `fig:frac_energy' on page 8 undefined on input line 273
  Reference `fig:frac_energy' on page 8 undefined on input line 275
  Reference `fig:frac_feh' on page 10 undefined on input line 387
  Reference `fig:frac_feh' on page 11 undefined on input line 413
  Reference `fig:frac_feh' on page 11 undefined on input line 419
  Reference `fig:frac_feh' on page 8 undefined on input line 280
  Reference `fig:frac_feh' on page 8 undefined on input line 282
  Reference `fig:frac_feh' on page 8 undefined on input line 303
  Reference `fig:frac_feh' on page 9 undefined on input line 377
  Reference `fig:frac_feh2' on page 14 undefined on input line 500
  Reference `fig:frac_feh2' on page 15 undefined on input line 540
  Reference `fig:frac_feh2' on page 15 undefined on input line 542
  Reference `fig:frac_feh2' on page 8 undefined on input line 282
  Reference `fig:frac_feh2' on page 9 undefined on input line 350
  Reference `fig:frac_feh2' on page 9 undefined on input line 357
  Reference `fig:gc_aur_acc' on page 14 undefined on input line 521
  Reference `fig:gc_aur_acc' on page 15 undefined on input line 534
  Reference `fig:gc_aur_acc' on page 5 undefined on input line 209
  Reference `fig:gc_aur_acc' on page 5 undefined on input line 211
  Reference `fig:gc_aur_acc' on page 5 undefined on input line 213
  Reference `fig:gc_aur_acc' on page 5 undefined on input line 224
  Reference `fig:gc_aur_acc' on page 5 undefined on input line 226
  Reference `fig:gc_aur_acc' on page 6 undefined on input line 231
  Reference `fig:gc_mass' on page 15 undefined on input line 542
  Reference `fig:gc_mass' on page 6 undefined on input line 237
  Reference `fig:gc_mass' on page 7 undefined on input line 259
  Reference `fig:gc_mass' on page 7 undefined on input line 261
  Reference `fig:gc_mass' on page 8 undefined on input line 286
  Reference `fig:gc_mass' on page 9 undefined on input line 350
  Reference `fig:gc_mass' on page 9 undefined on input line 353
  Reference `fig:no_feh_elz' on page 14 undefined on input line 523
  Reference `fig:no_feh_elz' on page 15 undefined on input line 536
  Reference `fig:no_feh_elz' on page 5 undefined on input line 213
  Reference `fig:no_feh_elz' on page 7 undefined on input line 265
  Reference `fig:no_feh_elz' on page 7 undefined on input line 267
  Reference `fig:no_feh_elz' on page 7 undefined on input line 269
  Reference `fig:no_oh' on page 12 undefined on input line 452
  Reference `fig:ratio_rad' on page 10 undefined on input line 396
  Reference `fig:ratio_rad' on page 11 undefined on input line 413
  Reference `fig:ratio_rad' on page 11 undefined on input line 419
  Reference `fig:ratio_rad' on page 11 undefined on input line 447
  Reference `fig:ratio_rad' on page 15 undefined on input line 536
  Reference `fig:select' on page 12 undefined on input line 452
  Reference `fig:select' on page 15 undefined on input line 530
  Reference `fig:select' on page 3 undefined on input line 144
  Reference `fig:select' on page 3 undefined on input line 146
  Reference `fig:select' on page 3 undefined on input line 148
  Reference `fig:select' on page 3 undefined on input line 150
  Reference `sec:conc' on page 2 undefined on input line 105
  Reference `sec:data' on page 2 undefined on input line 105
  Reference `sec:data' on page 3 undefined on input line 136
  Reference `sec:discussion' on page 15 undefined on input line 548
  Reference `sec:discussion' on page 2 undefined on input line 105
  Reference `sec:fcl' on page 15 undefined on input line 542
  Reference `sec:frac_feh' on page 3 undefined on input line 146
  Reference `sec:gnz11' on page 15 undefined on input line 548
  Reference `sec:gnz11' on page 3 undefined on input line 146
  Reference `sec:intro' on page 12 undefined on input line 477
  Reference `sec:maurora' on page 15 undefined on input line 546
  Reference `sec:no_select' on page 5 undefined on input line 209
  Reference `sec:no_select' on page 7 undefined on input line 269
  Reference `sec:res' on page 2 undefined on input line 105
  Reference `sec:trends' on page 3 undefined on input line 146
Latexmk: Failed to find one or more bibliography files:
    'references.bib'
Rule 'bibtex /diff_test_tex_engines/docker_bin_2/version_compiled_pdf_2020/2306.00060/2306.00060_tl2020': File changes, etc:
   Changed files, or newly in use since previous run(s):
      '/diff_test_tex_engines/docker_bin_2/version_compiled_pdf_2020/2306.00060/2306.00060_tl2020.aux'
Latexmk: I WON'T RUN 'bibtex /diff_test_tex_engines/docker_bin_2/version_compiled_pdf_2020/2306.00060/2306.00060_tl2020' because I don't find the following files:
  references.bib
Rule 'pdflatex': File changes, etc:
   Changed files, or newly in use since previous run(s):
      '/diff_test_tex_engines/docker_bin_2/version_compiled_pdf_2020/2306.00060/2306.00060_tl2020.aux'
      '/diff_test_tex_engines/docker_bin_2/version_compiled_pdf_2020/2306.00060/2306.00060_tl2020.out'
------------
Run number 2 of rule 'pdflatex'
------------
------------
Running 'pdflatex  -interaction=nonstopmode -recorder -output-directory="/diff_test_tex_engines/docker_bin_2/version_compiled_pdf_2020/2306.00060" --jobname="2306.00060_tl2020"  "nitrogen_aurora.tex"'
------------
Latexmk: Non-existent bbl file '/diff_test_tex_engines/docker_bin_2/version_compiled_pdf_2020/2306.00060/2306.00060_tl2020.bbl in line'
 No file 2306.00060_tl2020.bbl.
Latexmk: Log file says output to '/diff_test_tex_engines/docker_bin_2/version_compiled_pdf_2020/2306.00060/2306.00060_tl2020.pdf'
Latexmk: List of undefined refs and citations:
  Citation `Adamo.etal.2020' on page 13 undefined on input line 488
  Citation `Adamo.etal.2020' on page 9 undefined on input line 353
  Citation `Adamo.etal.2020rev' on page 13 undefined on input line 488
  Citation `Aurora' on page 2 undefined on input line 103
  Citation `Aurora' on page 2 undefined on input line 94
  Citation `Aurora' on page 7 undefined on input line 265
  Citation `Bastian2013' on page 2 undefined on input line 84
  Citation `Bastian_Lardo2018' on page 1 undefined on input line 77
  Citation `Bastian_Lardo2018' on page 14 undefined on input line 503
  Citation `Bastian_Lardo2018' on page 2 undefined on input line 84
  Citation `Bastian_Lardo2018' on page 7 undefined on input line 261
  Citation `Baumgardt2003' on page 3 undefined on input line 136
  Citation `Baumgardt2003' on page 5 undefined on input line 219
  Citation `Baumgardt2003' on page 9 undefined on input line 361
  Citation `Baumgardt2003' on page 9 undefined on input line 377
  Citation `Baumgardt2021' on page 3 undefined on input line 136
  Citation `Baumgardt_Vasiliev2021' on page 10 undefined on input line 385
  Citation `Bekki.etal.2008' on page 13 undefined on input line 484
  Citation `Belokurov2018' on page 2 undefined on input line 90
  Citation `Belokurov2018' on page 7 undefined on input line 265
  Citation `Bowens2023' on page 1 undefined on input line 71
  Citation `Boylan.Kolchin.2018' on page 13 undefined on input line 479
  Citation `Bunker2023' on page 1 undefined on input line 75
  Citation `Callingham2022' on page 2 undefined on input line 90
  Citation `Callingham2022' on page 2 undefined on input line 92
  Citation `Cameron2023' on page 1 undefined on input line 75
  Citation `Cameron2023' on page 1 undefined on input line 77
  Citation `Cameron2023' on page 11 undefined on input line 442
  Citation `Cameron2023' on page 12 undefined on input line 452
  Citation `Carollo2013' on page 1 undefined on input line 79
  Citation `Carretta2022' on page 5 undefined on input line 227
  Citation `Charbonnel2023' on page 1 undefined on input line 77
  Citation `Chen_Gnedin2023' on page 13 undefined on input line 484
  Citation `Choksi2018' on page 13 undefined on input line 484
  Citation `Choksi2019' on page 13 undefined on input line 484
  Citation `Choksi2019' on page 9 undefined on input line 353
  Citation `Chon.etal.2021' on page 14 undefined on input line 503
  Citation `Conroy2012' on page 2 undefined on input line 84
  Citation `Conroy2022' on page 11 undefined on input line 421
  Citation `Conroy2022' on page 14 undefined on input line 515
  Citation `Conroy2022' on page 14 undefined on input line 521
  Citation `Conroy2022' on page 2 undefined on input line 103
  Citation `Conroy2022' on page 2 undefined on input line 97
  Citation `Conroy2022' on page 5 undefined on input line 213
  Citation `Conroy2022' on page 5 undefined on input line 224
  Citation `Crowther.2007' on page 14 undefined on input line 503
  Citation `Curtis-Lake2023' on page 1 undefined on input line 71
  Citation `Das2020' on page 3 undefined on input line 167
  Citation `Deason.etal.2019' on page 10 undefined on input line 396
  Citation `Deason2013' on page 11 undefined on input line 417
  Citation `Deason2013' on page 2 undefined on input line 90
  Citation `Denissenkov.Hartwick.2014' on page 14 undefined on input line 503
  Citation `Dercole2008' on page 2 undefined on input line 84
  Citation `Dib.etal.2007' on page 14 undefined on input line 503
  Citation `Dillamore.etal.2022' on page 14 undefined on input line 498
  Citation `Donlon2023' on page 5 undefined on input line 200
  Citation `Donnan2023' on page 1 undefined on input line 71
  Citation `Dornan.Harris.2023' on page 13 undefined on input line 484
  Citation `Drimmel2022' on page 3 undefined on input line 124
  Citation `El_Badry_etal.2019' on page 13 undefined on input line 484
  Citation `Fattahi.etal.2019' on page 14 undefined on input line 498
  Citation `Fernandez_Trincado2017' on page 1 undefined on input line 79
  Citation `Fernandez_Trincado2020' on page 1 undefined on input line 79
  Citation `Fernandez_Trincado2020b' on page 1 undefined on input line 79
  Citation `Fernandez_Trincado2022' on page 2 undefined on input line 86
  Citation `Feuillet2020' on page 7 undefined on input line 265
  Citation `Finkelstein.etal.2023' on page 14 undefined on input line 507
  Citation `Finkelstein2023' on page 1 undefined on input line 71
  Citation `Forbes.etal.2018' on page 13 undefined on input line 484
  Citation `Forbes.etal.2018' on page 15 undefined on input line 536
  Citation `Forbes2020' on page 15 undefined on input line 534
  Citation `Forbes2020' on page 2 undefined on input line 101
  Citation `Forbes2020' on page 2 undefined on input line 90
  Citation `Forbes2020' on page 2 undefined on input line 92
  Citation `Friedman.2001' on page 15 undefined on input line 532
  Citation `Friedman.2001' on page 5 undefined on input line 203
  Citation `GRAVITY2022' on page 3 undefined on input line 124
  Citation `Gieles2023' on page 11 undefined on input line 435
  Citation `Gieles2023' on page 9 undefined on input line 361
  Citation `Gratton2019' on page 1 undefined on input line 77
  Citation `Gratton2019' on page 2 undefined on input line 84
  Citation `Gratton2019' on page 7 undefined on input line 261
  Citation `Harikane2023' on page 1 undefined on input line 71
  Citation `Harris.etal.2017' on page 13 undefined on input line 484
  Citation `Harris2010' on page 3 undefined on input line 134
  Citation `Hasselquist2021' on page 4 undefined on input line 169
  Citation `Hasselquist2021' on page 5 undefined on input line 224
  Citation `Hawkins2015' on page 3 undefined on input line 167
  Citation `Helmi2018' on page 2 undefined on input line 90
  Citation `Hopkins.etal.2018' on page 13 undefined on input line 494
  Citation `Horta2021' on page 1 undefined on input line 79
  Citation `Horta2021' on page 1 undefined on input line 81
  Citation `Horta2021' on page 10 undefined on input line 404
  Citation `Horta2021' on page 10 undefined on input line 411
  Citation `Horta2021' on page 11 undefined on input line 415
  Citation `Horta2021' on page 11 undefined on input line 424
  Citation `Horta2021' on page 11 undefined on input line 430
  Citation `Horta2021' on page 12 undefined on input line 474
  Citation `Horta2021' on page 12 undefined on input line 475
  Citation `Horta2021' on page 2 undefined on input line 88
  Citation `Horta2021' on page 3 undefined on input line 144
  Citation `Horta2023' on page 2 undefined on input line 103
  Citation `Horta_FIRE' on page 11 undefined on input line 417
  Citation `Horta_GC' on page 5 undefined on input line 211
  Citation `Horta_GC' on page 5 undefined on input line 227
  Citation `Horta_heracles' on page 15 undefined on input line 534
  Citation `Horta_heracles' on page 2 undefined on input line 101
  Citation `Hudson.etal.2014' on page 13 undefined on input line 484
  Citation `Hudson.etal.2014' on page 15 undefined on input line 536
  Citation `Iorio2021' on page 11 undefined on input line 417
  Citation `Johnson.etal.2017' on page 13 undefined on input line 487
  Citation `Johnson2023' on page 3 undefined on input line 161
  Citation `Jurassic' on page 2 undefined on input line 88
  Citation `Kim.etal.2023' on page 8 undefined on input line 328
  Citation `Kisku2021' on page 2 undefined on input line 86
  Citation `Kobayashi2020' on page 3 undefined on input line 161
  Citation `Koch-Hansen2021' on page 2 undefined on input line 90
  Citation `Koch2019' on page 1 undefined on input line 81
  Citation `Koch2019' on page 10 undefined on input line 411
  Citation `Koch2019' on page 12 undefined on input line 474
  Citation `Koch2019' on page 12 undefined on input line 475
  Citation `Koch2019' on page 2 undefined on input line 84
  Citation `Kravtsov.etal.2018' on page 13 undefined on input line 484
  Citation `Kravtsov2005' on page 13 undefined on input line 484
  Citation `Krijssen2020' on page 15 undefined on input line 534
  Citation `Krijssen2020' on page 2 undefined on input line 92
  Citation `Kruijssen2012' on page 13 undefined on input line 488
  Citation `Krujssen2019' on page 2 undefined on input line 101
  Citation `Krujssen2019' on page 2 undefined on input line 90
  Citation `Krumholz2019' on page 9 undefined on input line 353
  Citation `Leung2019' on page 3 undefined on input line 123
  Citation `Lind2015' on page 1 undefined on input line 79
  Citation `Lindegren2021' on page 3 undefined on input line 124
  Citation `Livermore.etal.2015' on page 13 undefined on input line 487
  Citation `Lodders2019' on page 1 undefined on input line 75
  Citation `Mackereth2018' on page 3 undefined on input line 123
  Citation `Mackereth2019' on page 7 undefined on input line 265
  Citation `Maeder.Meynet.2006' on page 14 undefined on input line 503
  Citation `Martell2011' on page 12 undefined on input line 475
  Citation `Martell2011' on page 2 undefined on input line 84
  Citation `Martell2016' on page 1 undefined on input line 79
  Citation `Martell2016' on page 1 undefined on input line 81
  Citation `Martell2016' on page 12 undefined on input line 474
  Citation `Martell_Grebel2010' on page 1 undefined on input line 79
  Citation `Massari2019' on page 15 undefined on input line 534
  Citation `Massari2019' on page 2 undefined on input line 90
  Citation `Massari2019' on page 2 undefined on input line 92
  Citation `Massari2019' on page 5 undefined on input line 227
  Citation `McKenzie2022' on page 2 undefined on input line 90
  Citation `Mccluskey2023' on page 14 undefined on input line 515
  Citation `Milone2017' on page 2 undefined on input line 84
  Citation `Milone2017' on page 3 undefined on input line 136
  Citation `Milone2017' on page 5 undefined on input line 219
  Citation `Milone2017' on page 7 undefined on input line 259
  Citation `Milone2020' on page 7 undefined on input line 259
  Citation `Miloni_Marino2022' on page 1 undefined on input line 77
  Citation `Miloni_Marino2022' on page 2 undefined on input line 84
  Citation `Monty2023' on page 2 undefined on input line 90
  Citation `Monty2023' on page 5 undefined on input line 227
  Citation `Myeong2018' on page 2 undefined on input line 90
  Citation `Myeong2019' on page 2 undefined on input line 90
  Citation `Myeong2019' on page 5 undefined on input line 227
  Citation `Myeong2022' on page 11 undefined on input line 421
  Citation `Myeong2022' on page 2 undefined on input line 103
  Citation `Myeong2022' on page 2 undefined on input line 99
  Citation `Naab.Ostriker.2017' on page 13 undefined on input line 492
  Citation `Nadler.etal.2020' on page 13 undefined on input line 484
  Citation `Naidu2022' on page 2 undefined on input line 103
  Citation `Norris.etal.2019' on page 9 undefined on input line 353
  Citation `NumPy' on page 16 undefined on input line 568
  Citation `Oesch2016' on page 1 undefined on input line 75
  Citation `Ono2022' on page 1 undefined on input line 71
  Citation `PIGS_I' on page 2 undefined on input line 103
  Citation `PIGS_II' on page 2 undefined on input line 103
  Citation `Perez2020' on page 5 undefined on input line 229
  Citation `Phillips2022' on page 1 undefined on input line 79
  Citation `Read.Erkal.2019' on page 13 undefined on input line 484
  Citation `Ricotti.2002' on page 13 undefined on input line 479
  Citation `Rix2022' on page 10 undefined on input line 396
  Citation `Rix2022' on page 11 undefined on input line 421
  Citation `Rix2022' on page 14 undefined on input line 515
  Citation `Rix2022' on page 14 undefined on input line 523
  Citation `Rix2022' on page 2 undefined on input line 103
  Citation `Rix2022' on page 2 undefined on input line 97
  Citation `Rix2022' on page 7 undefined on input line 265
  Citation `Robertson2023' on page 1 undefined on input line 71
  Citation `Rodriguez2023' on page 9 undefined on input line 361
  Citation `Sanders2021' on page 7 undefined on input line 265
  Citation `Schechter1976' on page 9 undefined on input line 352
  Citation `Schiavon2017' on page 1 undefined on input line 79
  Citation `Schiavon2017' on page 1 undefined on input line 81
  Citation `Schiavon2017' on page 12 undefined on input line 474
  Citation `Schiavon2017' on page 2 undefined on input line 88
  Citation `Schiavon2017' on page 3 undefined on input line 144
  Citation `Schiavon2017' on page 3 undefined on input line 161
  Citation `Senchyna2023' on page 1 undefined on input line 77
  Citation `Spitler.Forbes.2009' on page 13 undefined on input line 484
  Citation `Splash' on page 5 undefined on input line 196
  Citation `Splash' on page 7 undefined on input line 265
  Citation `Tacchella2023' on page 1 undefined on input line 71
  Citation `Tang2019' on page 1 undefined on input line 79
  Citation `Tang2020' on page 2 undefined on input line 86
  Citation `Trincado2020c' on page 2 undefined on input line 86
  Citation `Vanzella.etal.2023' on page 13 undefined on input line 487
  Citation `Vasiliev2021' on page 3 undefined on input line 136
  Citation `VdB2013' on page 3 undefined on input line 136
  Citation `Vogelsberger.etal.2020' on page 13 undefined on input line 492
  Citation `Weinberg2017' on page 5 undefined on input line 224
  Citation `Weisz.etal.2023' on page 13 undefined on input line 481
  Citation `Wetzel.etal.2023' on page 13 undefined on input line 494
  Citation `Wetzel.etal.2023' on page 16 undefined on input line 567
  Citation `Wilkins.etal.2023' on page 14 undefined on input line 507
  Citation `Yung.etal.2023' on page 14 undefined on input line 507
  Citation `Zick.etal.2018' on page 13 undefined on input line 481
  Citation `Zick.etal.2018' on page 14 undefined on input line 506
  Citation `apogeedr17' on page 3 undefined on input line 121
  Citation `gaia_edr3' on page 3 undefined on input line 124
  Citation `hopkins15' on page 16 undefined on input line 567
  Citation `hopkins_etal18' on page 16 undefined on input line 567
  Citation `matplotlib' on page 16 undefined on input line 568
  Citation `radialize' on page 11 undefined on input line 417
  Citation `scipy' on page 16 undefined on input line 568
  Citation `sklearn' on page 16 undefined on input line 568
  Citation `sklearn' on page 5 undefined on input line 203
  Citation `wrinkles' on page 11 undefined on input line 417
  Citation `wrinkles' on page 3 undefined on input line 124
  Citation `wrinkles' on page 4 undefined on input line 174
Latexmk: Failed to find one or more bibliography files:
    'references.bib'
Latexmk: Summary of warnings from last run of *latex:
  Latex failed to resolve 244 citation(s)
Rc files read:
  NONE
Latexmk: This is Latexmk, John Collins, 29 September 2020, version: 4.70b.
Rule 'bibtex /diff_test_tex_engines/docker_bin_2/version_compiled_pdf_2020/2306.00060/2306.00060_tl2020': The following rules & subrules became out-of-date:
      'bibtex /diff_test_tex_engines/docker_bin_2/version_compiled_pdf_2020/2306.00060/2306.00060_tl2020'
Latexmk: I WON'T RUN 'bibtex /diff_test_tex_engines/docker_bin_2/version_compiled_pdf_2020/2306.00060/2306.00060_tl2020' because I don't find the following files:
  references.bib
