Latexmk: Missing bbl file '/diff_test_tex_engines/docker_bin_2/version_compiled_pdf/2306.00003/2306.00003_tl2021.bbl' in following:
 No file 2306.00003_tl2021.bbl.
Latexmk: Missing input file '2306.00003_tl2021.ptc' (or dependence on it) from following:
  'No file 2306.00003_tl2021.ptc.'
Latexmk: Failed to find one or more bibliography files:
    'refs_manual.bib'
Latexmk: ====List of undefined refs and citations:
  Citation `yadgir2020global' on page 1 undefined on input line 2
  Citation `gardezi2018cardiac' on page 1 undefined on input line 2
  Citation `holste2022automated' on page 1 undefined on input line 8
  Citation `wessler2023automated' on page 1 undefined on input line 20
  Citation `huang2021new' on page 1 undefined on input line 20
  Citation `mitchell2019guidelines' on page 1 undefined on input line 33
  Reference `sec:methods_SA' on page 1 undefined on input line 33
 And 220 more --- see log file.
Latexmk: If appropriate, the -f option can be used to get latexmk
  to try to force complete processing.
Latexmk: Missing bbl file '/diff_test_tex_engines/docker_bin_2/version_compiled_pdf/2306.00003/2306.00003_tl2021.bbl' in following:
 No file 2306.00003_tl2021.bbl.
Latexmk: Failed to find one or more bibliography files:
    'refs_manual.bib'
Latexmk: ====List of undefined refs and citations:
  Citation `yadgir2020global' on page 1 undefined on input line 2
  Citation `gardezi2018cardiac' on page 1 undefined on input line 2
  Citation `holste2022automated' on page 1 undefined on input line 8
  Citation `wessler2023automated' on page 1 undefined on input line 20
  Citation `huang2021new' on page 1 undefined on input line 20
  Citation `mitchell2019guidelines' on page 1 undefined on input line 33
  Citation `mitchell2019guidelines' on page 1 undefined on input line 33
 And 161 more --- see log file.
Latexmk: If appropriate, the -f option can be used to get latexmk
  to try to force complete processing.
