Latexmk: Missing bbl file '/diff_test_tex_engines/docker_bin_2/version_compiled_pdf/2306.00003/2306.00003_tl2023.bbl' in following:
 No file 2306.00003_tl2023.bbl.
Latexmk: Missing input file '2306.00003_tl2023.ptc' (or dependence on it) from following:
  No file 2306.00003_tl2023.ptc.
Latexmk: ====Undefined refs and citations with line #s in .tex file:
  Citation `yadgir2020global' on page 1 undefined on input line 2
  Citation `gardezi2018cardiac' on page 1 undefined on input line 2
  Citation `holste2022automated' on page 1 undefined on input line 8
  Citation `mitchell2019guidelines' on page 1 undefined on input line 33
  Reference `sec:methods_SA' on page 1 undefined on input line 33
  Reference `sec:methods_SA' on page 1 undefined on input line 33
  Reference `sec:methods_CL' on page 1 undefined on input line 33
 And 186 more --- see log file '/diff_test_tex_engines/docker_bin_2/version_compiled_pdf/2306.00003/2306.00003_tl2023.log'
Latexmk: Sometimes, the -f option can be used to get latexmk
  to try to force complete processing.
  But normally, you will need to correct the file(s) that caused the
  error, and then rerun latexmk.
  In some cases, it is best to clean out generated files before rerunning
  latexmk after you've corrected the files.
Latexmk: Veto of running of 'bibtex /diff_test_tex_engines/docker_bin_2/version_compiled_pdf/2306.00003/2306.00003_tl2023' ($bibtex_use=1)
Latexmk: Sometimes, the -f option can be used to get latexmk
  to try to force complete processing.
  But normally, you will need to correct the file(s) that caused the
  error, and then rerun latexmk.
  In some cases, it is best to clean out generated files before rerunning
  latexmk after you've corrected the files.
