This is pdfTeX, Version 3.14159265-2.6-1.40.21 (TeX Live 2020) (preloaded format=pdflatex 2022.5.23)  20 MAR 2024 07:59
entering extended mode
 restricted \write18 enabled.
 %&-line parsing enabled.
**main.tex
(./main.tex
LaTeX2e <2020-10-01> patch level 4
L3 programming layer <2021-02-18> (./jmlr.cls
Document Class: jmlr 2017/08/01 v1.24 (NLCT) Journal of Machine Learning Resear
ch
(/usr/local/texlive/2020/texmf-dist/tex/latex/xkeyval/xkeyval.sty
Package: xkeyval 2020/11/20 v2.8 package option processing (HA)

(/usr/local/texlive/2020/texmf-dist/tex/generic/xkeyval/xkeyval.tex
(/usr/local/texlive/2020/texmf-dist/tex/generic/xkeyval/xkvutils.tex
\XKV@toks=\toks15
\XKV@tempa@toks=\toks16

(/usr/local/texlive/2020/texmf-dist/tex/generic/xkeyval/keyval.tex))
\XKV@depth=\count179
File: xkeyval.tex 2014/12/03 v2.7a key=value parser (HA)
))
(/usr/local/texlive/2020/texmf-dist/tex/latex/tools/calc.sty
Package: calc 2017/05/25 v4.3 Infix arithmetic (KKT,FJ)
\calc@Acount=\count180
\calc@Bcount=\count181
\calc@Adimen=\dimen138
\calc@Bdimen=\dimen139
\calc@Askip=\skip47
\calc@Bskip=\skip48
LaTeX Info: Redefining \setlength on input line 80.
LaTeX Info: Redefining \addtolength on input line 81.
\calc@Ccount=\count182
\calc@Cskip=\skip49
)
(/usr/local/texlive/2020/texmf-dist/tex/latex/etoolbox/etoolbox.sty
Package: etoolbox 2020/10/05 v2.5k e-TeX tools for LaTeX (JAW)
\etb@tempcnta=\count183
)
(/usr/local/texlive/2020/texmf-dist/tex/latex/base/article.cls
Document Class: article 2020/04/10 v1.4m Standard LaTeX document class
(/usr/local/texlive/2020/texmf-dist/tex/latex/base/size11.clo
File: size11.clo 2020/04/10 v1.4m Standard LaTeX file (size option)
)
\c@part=\count184
\c@section=\count185
\c@subsection=\count186
\c@subsubsection=\count187
\c@paragraph=\count188
\c@subparagraph=\count189
\c@figure=\count190
\c@table=\count191
\abovecaptionskip=\skip50
\belowcaptionskip=\skip51
\bibindent=\dimen140
)
(/usr/local/texlive/2020/texmf-dist/tex/latex/amsmath/amsmath.sty
Package: amsmath 2020/09/23 v2.17i AMS math features
\@mathmargin=\skip52

For additional information on amsmath, use the `?' option.
(/usr/local/texlive/2020/texmf-dist/tex/latex/amsmath/amstext.sty
Package: amstext 2000/06/29 v2.01 AMS text

(/usr/local/texlive/2020/texmf-dist/tex/latex/amsmath/amsgen.sty
File: amsgen.sty 1999/11/30 v2.0 generic functions
\@emptytoks=\toks17
\ex@=\dimen141
))
(/usr/local/texlive/2020/texmf-dist/tex/latex/amsmath/amsbsy.sty
Package: amsbsy 1999/11/29 v1.2d Bold Symbols
\pmbraise@=\dimen142
)
(/usr/local/texlive/2020/texmf-dist/tex/latex/amsmath/amsopn.sty
Package: amsopn 2016/03/08 v2.02 operator names
)
\inf@bad=\count192
LaTeX Info: Redefining \frac on input line 234.
\uproot@=\count193
\leftroot@=\count194
LaTeX Info: Redefining \overline on input line 399.
\classnum@=\count195
\DOTSCASE@=\count196
LaTeX Info: Redefining \ldots on input line 496.
LaTeX Info: Redefining \dots on input line 499.
LaTeX Info: Redefining \cdots on input line 620.
\Mathstrutbox@=\box47
\strutbox@=\box48
\big@size=\dimen143
LaTeX Font Info:    Redeclaring font encoding OML on input line 743.
LaTeX Font Info:    Redeclaring font encoding OMS on input line 744.
\macc@depth=\count197
\c@MaxMatrixCols=\count198
\dotsspace@=\muskip16
\c@parentequation=\count199
\dspbrk@lvl=\count266
\tag@help=\toks18
\row@=\count267
\column@=\count268
\maxfields@=\count269
\andhelp@=\toks19
\eqnshift@=\dimen144
\alignsep@=\dimen145
\tagshift@=\dimen146
\tagwidth@=\dimen147
\totwidth@=\dimen148
\lineht@=\dimen149
\@envbody=\toks20
\multlinegap=\skip53
\multlinetaggap=\skip54
\mathdisplay@stack=\toks21
LaTeX Info: Redefining \[ on input line 2923.
LaTeX Info: Redefining \] on input line 2924.
)
(/usr/local/texlive/2020/texmf-dist/tex/latex/amsfonts/amssymb.sty
Package: amssymb 2013/01/14 v3.01 AMS font symbols

(/usr/local/texlive/2020/texmf-dist/tex/latex/amsfonts/amsfonts.sty
Package: amsfonts 2013/01/14 v3.01 Basic AMSFonts support
\symAMSa=\mathgroup4
\symAMSb=\mathgroup5
LaTeX Font Info:    Redeclaring math symbol \hbar on input line 98.
LaTeX Font Info:    Overwriting math alphabet `\mathfrak' in version `bold'
(Font)                  U/euf/m/n --> U/euf/b/n on input line 106.
))
(/usr/local/texlive/2020/texmf-dist/tex/latex/natbib/natbib.sty
Package: natbib 2010/09/13 8.31b (PWD, AO)
\bibhang=\skip55
\bibsep=\skip56
LaTeX Info: Redefining \cite on input line 694.
\c@NAT@ctr=\count270
)
(/usr/local/texlive/2020/texmf-dist/tex/latex/graphics/graphicx.sty
Package: graphicx 2020/09/09 v1.2b Enhanced LaTeX Graphics (DPC,SPQR)

(/usr/local/texlive/2020/texmf-dist/tex/latex/graphics/graphics.sty
Package: graphics 2020/08/30 v1.4c Standard LaTeX Graphics (DPC,SPQR)

(/usr/local/texlive/2020/texmf-dist/tex/latex/graphics/trig.sty
Package: trig 2016/01/03 v1.10 sin cos tan (DPC)
)
(/usr/local/texlive/2020/texmf-dist/tex/latex/graphics-cfg/graphics.cfg
File: graphics.cfg 2016/06/04 v1.11 sample graphics configuration
)
Package graphics Info: Driver file: pdftex.def on input line 105.

(/usr/local/texlive/2020/texmf-dist/tex/latex/graphics-def/pdftex.def
File: pdftex.def 2020/10/05 v1.2a Graphics/color driver for pdftex
))
\Gin@req@height=\dimen150
\Gin@req@width=\dimen151
)
(/usr/local/texlive/2020/texmf-dist/tex/latex/url/url.sty
\Urlmuskip=\muskip17
Package: url 2013/09/16  ver 3.4  Verb mode for urls, etc.
)
(/usr/local/texlive/2020/texmf-dist/tex/latex/xcolor/xcolor.sty
Package: xcolor 2016/05/11 v2.12 LaTeX color extensions (UK)

(/usr/local/texlive/2020/texmf-dist/tex/latex/graphics-cfg/color.cfg
File: color.cfg 2016/01/02 v1.6 sample color configuration
)
Package xcolor Info: Driver file: pdftex.def on input line 225.
Package xcolor Info: Model `cmy' substituted by `cmy0' on input line 1348.
Package xcolor Info: Model `hsb' substituted by `rgb' on input line 1352.
Package xcolor Info: Model `RGB' extended on input line 1364.
Package xcolor Info: Model `HTML' substituted by `rgb' on input line 1366.
Package xcolor Info: Model `Hsb' substituted by `hsb' on input line 1367.
Package xcolor Info: Model `tHsb' substituted by `hsb' on input line 1368.
Package xcolor Info: Model `HSB' substituted by `hsb' on input line 1369.
Package xcolor Info: Model `Gray' substituted by `gray' on input line 1370.
Package xcolor Info: Model `wave' substituted by `hsb' on input line 1371.

(/usr/local/texlive/2020/texmf-dist/tex/latex/xcolor/x11nam.def
File: x11nam.def 2016/05/11 v2.12 Predefined colors according to Unix/X11 (UK)
))
(/usr/local/texlive/2020/texmf-dist/tex/latex/algorithm2e/algorithm2e.sty
Package: algorithm2e 2017/07/18 v5.2 algorithms environments
\c@AlgoLine=\count271

(/usr/local/texlive/2020/texmf-dist/tex/latex/base/ifthen.sty
Package: ifthen 2014/09/29 v1.1c Standard LaTeX ifthen package (DPC)
)
\algocf@hangindent=\skip57

(/usr/local/texlive/2020/texmf-dist/tex/latex/ifoddpage/ifoddpage.sty
Package: ifoddpage 2016/04/23 v1.1 Conditionals for odd/even page detection
\c@checkoddpage=\count272
)
(/usr/local/texlive/2020/texmf-dist/tex/latex/tools/xspace.sty
Package: xspace 2014/10/28 v1.13 Space after command names (DPC,MH)
)
(/usr/local/texlive/2020/texmf-dist/tex/latex/relsize/relsize.sty
Package: relsize 2013/03/29 ver 4.1
)
\skiptotal=\skip58
\skiplinenumber=\skip59
\skiprule=\skip60
\skiphlne=\skip61
\skiptext=\skip62
\skiplength=\skip63
\algomargin=\skip64
\skipalgocfslide=\skip65
\algowidth=\dimen152
\inoutsize=\dimen153
\inoutindent=\dimen154
\interspacetitleruled=\dimen155
\interspacealgoruled=\dimen156
\interspacetitleboxruled=\dimen157
\algocf@ruledwidth=\skip66
\algocf@inoutbox=\box49
\algocf@inputbox=\box50
\AlCapSkip=\skip67
\AlCapHSkip=\skip68
\algoskipindent=\skip69
\algocf@nlbox=\box51
\algocf@hangingbox=\box52
\algocf@untilbox=\box53
\algocf@skipuntil=\skip70
\algocf@capbox=\box54
\algocf@lcaptionbox=\skip71
\algoheightruledefault=\skip72
\algoheightrule=\skip73
\algotitleheightruledefault=\skip74
\algotitleheightrule=\skip75
\c@algocfline=\count273
\c@algocfproc=\count274
\c@algocf=\count275
\algocf@algoframe=\box55
\algocf@algobox=\box56
)
(/usr/local/texlive/2020/texmf-dist/tex/latex/jmlr/jmlrutils.sty
Package: jmlrutils 2020/09/21 v1.28 (NLCT)
\c@subfigure=\count276
\@subfloatcapbox=\box57
\@subfloatcontsbox=\box58
\c@subtable=\count277
\c@example=\count278
\c@theorem=\count279
)
(/usr/local/texlive/2020/texmf-dist/tex/latex/hyperref/hyperref.sty
Package: hyperref 2021-02-27 v7.00k Hypertext links for LaTeX

(/usr/local/texlive/2020/texmf-dist/tex/generic/ltxcmds/ltxcmds.sty
Package: ltxcmds 2020-05-10 v1.25 LaTeX kernel commands for general use (HO)
)
(/usr/local/texlive/2020/texmf-dist/tex/generic/iftex/iftex.sty
Package: iftex 2020/03/06 v1.0d TeX engine tests
)
(/usr/local/texlive/2020/texmf-dist/tex/generic/pdftexcmds/pdftexcmds.sty
Package: pdftexcmds 2020-06-27 v0.33 Utility functions of pdfTeX for LuaTeX (HO
)

(/usr/local/texlive/2020/texmf-dist/tex/generic/infwarerr/infwarerr.sty
Package: infwarerr 2019/12/03 v1.5 Providing info/warning/error messages (HO)
)
Package pdftexcmds Info: \pdf@primitive is available.
Package pdftexcmds Info: \pdf@ifprimitive is available.
Package pdftexcmds Info: \pdfdraftmode found.
)
(/usr/local/texlive/2020/texmf-dist/tex/generic/kvsetkeys/kvsetkeys.sty
Package: kvsetkeys 2019/12/15 v1.18 Key value parser (HO)
)
(/usr/local/texlive/2020/texmf-dist/tex/generic/kvdefinekeys/kvdefinekeys.sty
Package: kvdefinekeys 2019-12-19 v1.6 Define keys (HO)
)
(/usr/local/texlive/2020/texmf-dist/tex/generic/pdfescape/pdfescape.sty
Package: pdfescape 2019/12/09 v1.15 Implements pdfTeX's escape features (HO)
)
(/usr/local/texlive/2020/texmf-dist/tex/latex/hycolor/hycolor.sty
Package: hycolor 2020-01-27 v1.10 Color options for hyperref/bookmark (HO)
)
(/usr/local/texlive/2020/texmf-dist/tex/latex/letltxmacro/letltxmacro.sty
Package: letltxmacro 2019/12/03 v1.6 Let assignment for LaTeX macros (HO)
)
(/usr/local/texlive/2020/texmf-dist/tex/latex/auxhook/auxhook.sty
Package: auxhook 2019-12-17 v1.6 Hooks for auxiliary files (HO)
)
(/usr/local/texlive/2020/texmf-dist/tex/latex/kvoptions/kvoptions.sty
Package: kvoptions 2020-10-07 v3.14 Key value format for package options (HO)
)
\@linkdim=\dimen158
\Hy@linkcounter=\count280
\Hy@pagecounter=\count281

(/usr/local/texlive/2020/texmf-dist/tex/latex/hyperref/pd1enc.def
File: pd1enc.def 2021-02-27 v7.00k Hyperref: PDFDocEncoding definition (HO)
Now handling font encoding PD1 ...
... no UTF-8 mapping file for font encoding PD1
)
(/usr/local/texlive/2020/texmf-dist/tex/latex/hyperref/hyperref-langpatches.def
File: hyperref-langpatches.def 2021-02-27 v7.00k Hyperref: patches for babel la
nguages
) (/usr/local/texlive/2020/texmf-dist/tex/generic/intcalc/intcalc.sty
Package: intcalc 2019/12/15 v1.3 Expandable calculations with integers (HO)
)
(/usr/local/texlive/2020/texmf-dist/tex/generic/etexcmds/etexcmds.sty
Package: etexcmds 2019/12/15 v1.7 Avoid name clashes with e-TeX commands (HO)
)
\Hy@SavedSpaceFactor=\count282

(/usr/local/texlive/2020/texmf-dist/tex/latex/hyperref/puenc.def
File: puenc.def 2021-02-27 v7.00k Hyperref: PDF Unicode definition (HO)
Now handling font encoding PU ...
... no UTF-8 mapping file for font encoding PU
)
Package hyperref Info: Hyper figures OFF on input line 4192.
Package hyperref Info: Link nesting OFF on input line 4197.
Package hyperref Info: Hyper index ON on input line 4200.
Package hyperref Info: Plain pages OFF on input line 4207.
Package hyperref Info: Backreferencing OFF on input line 4212.
Package hyperref Info: Implicit mode ON; LaTeX internals redefined.
Package hyperref Info: Bookmarks ON on input line 4445.
\c@Hy@tempcnt=\count283
LaTeX Info: Redefining \url on input line 4804.
\XeTeXLinkMargin=\dimen159

(/usr/local/texlive/2020/texmf-dist/tex/generic/bitset/bitset.sty
Package: bitset 2019/12/09 v1.3 Handle bit-vector datatype (HO)

(/usr/local/texlive/2020/texmf-dist/tex/generic/bigintcalc/bigintcalc.sty
Package: bigintcalc 2019/12/15 v1.5 Expandable calculations on big integers (HO
)
))
\Fld@menulength=\count284
\Field@Width=\dimen160
\Fld@charsize=\dimen161
Package hyperref Info: Hyper figures OFF on input line 6075.
Package hyperref Info: Link nesting OFF on input line 6080.
Package hyperref Info: Hyper index ON on input line 6083.
Package hyperref Info: backreferencing OFF on input line 6090.
Package hyperref Info: Link coloring OFF on input line 6095.
Package hyperref Info: Link coloring with OCG OFF on input line 6100.
Package hyperref Info: PDF/A mode OFF on input line 6105.
LaTeX Info: Redefining \ref on input line 6145.
LaTeX Info: Redefining \pageref on input line 6149.

(/usr/local/texlive/2020/texmf-dist/tex/latex/base/atbegshi-ltx.sty
Package: atbegshi-ltx 2020/08/17 v1.0a Emulation of the original atbegshi packa
ge
with kernel methods
)
\Hy@abspage=\count285
\c@Item=\count286
\c@Hfootnote=\count287
)
Package hyperref Info: Driver (autodetected): hpdftex.

(/usr/local/texlive/2020/texmf-dist/tex/latex/hyperref/hpdftex.def
File: hpdftex.def 2021-02-27 v7.00k Hyperref driver for pdfTeX

(/usr/local/texlive/2020/texmf-dist/tex/latex/base/atveryend-ltx.sty
Package: atveryend-ltx 2020/08/19 v1.0a Emulation of the original atvery packag
e
with kernel methods
)
\Fld@listcount=\count288
\c@bookmark@seq@number=\count289

(/usr/local/texlive/2020/texmf-dist/tex/latex/rerunfilecheck/rerunfilecheck.sty
Package: rerunfilecheck 2019/12/05 v1.9 Rerun checks for auxiliary files (HO)

(/usr/local/texlive/2020/texmf-dist/tex/generic/uniquecounter/uniquecounter.sty
Package: uniquecounter 2019/12/15 v1.4 Provide unlimited unique counter (HO)
)
Package uniquecounter Info: New unique counter `rerunfilecheck' on input line 2
86.
)
\Hy@SectionHShift=\skip76
) (/usr/local/texlive/2020/texmf-dist/tex/latex/hyperref/nameref.sty
Package: nameref 2021-04-02 v2.47 Cross-referencing by name of section

(/usr/local/texlive/2020/texmf-dist/tex/latex/refcount/refcount.sty
Package: refcount 2019/12/15 v3.6 Data extraction from label references (HO)
)
(/usr/local/texlive/2020/texmf-dist/tex/generic/gettitlestring/gettitlestring.s
ty
Package: gettitlestring 2019/12/15 v1.6 Cleanup title references (HO)
)
\c@section@level=\count290
)
Package hyperref Info: Option `colorlinks' set `true' on input line 165.
Package hyperref Info: Option `linktocpage' set `true' on input line 165.
Package hyperref Info: Option `plainpages' set `false' on input line 165.
\aftertitskip=\skip77
\beforetitskip=\skip78
\interauthorskip=\skip79
\aftermaketitskip=\skip80
\jmlrlength=\skip81
\jmlrbox=\box59
\c@chapter=\count291
\postchapterskip=\skip82
\prechapterskip=\skip83
) (/usr/local/texlive/2020/texmf-dist/tex/latex/booktabs/booktabs.sty
Package: booktabs 2020/01/12 v1.61803398 Publication quality tables
\heavyrulewidth=\dimen162
\lightrulewidth=\dimen163
\cmidrulewidth=\dimen164
\belowrulesep=\dimen165
\belowbottomsep=\dimen166
\aboverulesep=\dimen167
\abovetopsep=\dimen168
\cmidrulesep=\dimen169
\cmidrulekern=\dimen170
\defaultaddspace=\dimen171
\@cmidla=\count292
\@cmidlb=\count293
\@aboverulesep=\dimen172
\@belowrulesep=\dimen173
\@thisruleclass=\count294
\@lastruleclass=\count295
\@thisrulewidth=\dimen174
)
(/usr/local/texlive/2020/texmf-dist/tex/latex/wrapfig/wrapfig.sty
\wrapoverhang=\dimen175
\WF@size=\dimen176
\c@WF@wrappedlines=\count296
\WF@box=\box60
\WF@everypar=\toks22
Package: wrapfig 2003/01/31  v 3.6
)
(/usr/local/texlive/2020/texmf-dist/tex/latex/siunitx/siunitx.sty
(/usr/local/texlive/2020/texmf-dist/tex/latex/l3kernel/expl3.sty
Package: expl3 2021-02-18 L3 programming layer (loader) 

(/usr/local/texlive/2020/texmf-dist/tex/latex/l3backend/l3backend-pdftex.def
File: l3backend-pdftex.def 2021-03-18 L3 backend support: PDF output (pdfTeX)
\l__color_backend_stack_int=\count297
\l__pdf_internal_box=\box61
))
(/usr/local/texlive/2020/texmf-dist/tex/latex/l3packages/xparse/xparse.sty
(/usr/local/texlive/2020/texmf-dist/tex/latex/l3packages/xparse/xparse-2020-10-
01.sty
(/usr/local/texlive/2020/texmf-dist/tex/latex/l3packages/xparse/xparse-generic.
tex)))
Package: siunitx 2020/02/25 v2.8b A comprehensive (SI) units package
 (/usr/local/texlive/2020/texmf-dist/tex/latex/tools/array.sty
Package: array 2020/10/01 v2.5c Tabular extension package (FMi)
\col@sep=\dimen177
\ar@mcellbox=\box62
\extrarowheight=\dimen178
\NC@list=\toks23
\extratabsurround=\skip84
\backup@length=\skip85
\ar@cellbox=\box63
)
(/usr/local/texlive/2020/texmf-dist/tex/latex/l3packages/l3keys2e/l3keys2e.sty
Package: l3keys2e 2021-03-12 LaTeX2e option processing using LaTeX3 keys
)
\l__siunitx_tmp_box=\box64
\l__siunitx_tmp_dim=\dimen179
\l__siunitx_tmp_int=\count298
\l__siunitx_number_mantissa_length_int=\count299
\l__siunitx_number_uncert_length_int=\count300
\l__siunitx_round_int=\count301
\l__siunitx_process_decimal_int=\count302
\l__siunitx_process_uncertainty_int=\count303
\l__siunitx_process_fixed_int=\count304
\l__siunitx_process_integer_min_int=\count305
\l__siunitx_process_precision_int=\count306
\l__siunitx_group_min_int=\count307
\l__siunitx_angle_marker_box=\box65
\l__siunitx_angle_unit_box=\box66
\l__siunitx_angle_marker_dim=\dimen180
\l__siunitx_angle_unit_dim=\dimen181
\l__siunitx_unit_int=\count308
\l__siunitx_unit_denominator_int=\count309
\l__siunitx_unit_numerator_int=\count310
\l__siunitx_unit_prefix_int=\count311
\l__siunitx_unit_prefix_base_int=\count312
\l__siunitx_unit_prefix_gram_int=\count313
\l__siunitx_number_product_int=\count314
\c__siunitx_one_fill_skip=\skip86
\l__siunitx_table_unit_align_skip=\skip87
\l__siunitx_table_exponent_dim=\dimen182
\l__siunitx_table_integer_dim=\dimen183
\l__siunitx_table_mantissa_dim=\dimen184
\l__siunitx_table_marker_dim=\dimen185
\l__siunitx_table_result_dim=\dimen186
\l__siunitx_table_uncert_dim=\dimen187
\l__siunitx_table_fill_pre_dim=\dimen188
\l__siunitx_table_fill_post_dim=\dimen189
\l__siunitx_table_fill_mid_dim=\dimen190
\l__siunitx_table_pre_box=\box67
\l__siunitx_table_post_box=\box68
\l__siunitx_table_mantissa_box=\box69
\l__siunitx_table_result_box=\box70
\l__siunitx_table_number_align_skip=\skip88
\l__siunitx_table_text_align_skip=\skip89
(/usr/local/texlive/2020/texmf-dist/tex/latex/translator/translator.sty
Package: translator 2020-08-03 v1.12c Easy translation of strings in LaTeX
)
(/usr/local/texlive/2020/texmf-dist/tex/latex/siunitx/siunitx-version-1.cfg
File: siunitx-version-1.cfg 2017/11/26 v2.7k siunitx: Version 1 settings
))
(/usr/local/texlive/2020/texmf-dist/tex/latex/enumitem/enumitem.sty
Package: enumitem 2019/06/20 v3.9 Customized lists
\enitkv@toks@=\toks24
\labelindent=\skip90
\enit@outerparindent=\dimen191
\enit@toks=\toks25
\enit@inbox=\box71
\enit@count@id=\count315
\enitdp@description=\count316
)
(/usr/local/texlive/2020/texmf-dist/tex/latex/float/float.sty
Package: float 2001/11/08 v1.3d Float enhancements (AL)
\c@float@type=\count317
\float@exts=\toks26
\float@box=\box72
\@float@everytoks=\toks27
\@floatcapt=\box73
)
(/usr/local/texlive/2020/texmf-dist/tex/latex/titlesec/titletoc.sty
Package: titletoc 2019/10/16 v2.13 TOC entries
\ttl@leftsep=\dimen192
)
(/usr/local/texlive/2020/texmf-dist/tex/latex/titlesec/titlesec.sty
Package: titlesec 2019/10/16 v2.13 Sectioning titles
\ttl@box=\box74
\beforetitleunit=\skip91
\aftertitleunit=\skip92
\ttl@plus=\dimen193
\ttl@minus=\dimen194
\ttl@toksa=\toks28
\titlewidth=\dimen195
\titlewidthlast=\dimen196
\titlewidthfirst=\dimen197
)
(/usr/local/texlive/2020/texmf-dist/tex/latex/caption/subcaption.sty
Package: subcaption 2020/10/07 v1.3j Sub-captions (AR)

(/usr/local/texlive/2020/texmf-dist/tex/latex/caption/caption.sty
Package: caption 2020/10/26 v3.5g Customizing captions (AR)

(/usr/local/texlive/2020/texmf-dist/tex/latex/caption/caption3.sty
Package: caption3 2020/10/21 v2.2e caption3 kernel (AR)
\captionmargin=\dimen198
\captionmargin@=\dimen199
\captionwidth=\dimen256
\caption@tempdima=\dimen257
\caption@indent=\dimen258
\caption@parindent=\dimen259
\caption@hangindent=\dimen260
Package caption Info: Unknown document class (or package),
(caption)             standard defaults will be used.
Package caption Info: \@makecaption = \long macro:#1#2->\vskip 10pt \setbox \@t
empboxa \hbox {#1: #2}\ifdim \wd \@tempboxa >\hsize \begin {list}{#1:}{\settowi
dth {\labelwidth }{#1:} \setlength {\leftmargin }{\labelwidth } \addtolength {\
leftmargin }{\labelsep } }\item #2 \end {list}\par \else \hbox to\hsize {\hfil 
\box \@tempboxa \hfil } \fi  on input line 1139.
)

Package caption Warning: Unknown document class (or package),
(caption)                standard defaults will be used.
See the caption package documentation for explanation.

\c@caption@flags=\count318
\c@continuedfloat=\count319
Package caption Info: float package is loaded.
Package caption Info: hyperref package is loaded.
Package caption Info: wrapfig package is loaded.
)

! LaTeX Error: Command \c@subfigure already defined.
               Or name \end... illegal, see p.192 of the manual.

See the LaTeX manual or LaTeX Companion for explanation.
Type  H <return>  for immediate help.
 ...                                              
                                                  
l.144 ...chCaptionType{\DeclareCaptionSubType{#1}}
                                                  
Your command was ignored.
Type  I <command> <return>  to replace it with another command,
or  <return>  to continue without it.


! LaTeX Error: Command \subfigure already defined.
               Or name \end... illegal, see p.192 of the manual.

See the LaTeX manual or LaTeX Companion for explanation.
Type  H <return>  for immediate help.
 ...                                              
                                                  
l.144 ...chCaptionType{\DeclareCaptionSubType{#1}}
                                                  
Your command was ignored.
Type  I <command> <return>  to replace it with another command,
or  <return>  to continue without it.


! LaTeX Error: Command \c@subtable already defined.
               Or name \end... illegal, see p.192 of the manual.

See the LaTeX manual or LaTeX Companion for explanation.
Type  H <return>  for immediate help.
 ...                                              
                                                  
l.144 ...chCaptionType{\DeclareCaptionSubType{#1}}
                                                  
Your command was ignored.
Type  I <command> <return>  to replace it with another command,
or  <return>  to continue without it.


! LaTeX Error: Command \subtable already defined.
               Or name \end... illegal, see p.192 of the manual.

See the LaTeX manual or LaTeX Companion for explanation.
Type  H <return>  for immediate help.
 ...                                              
                                                  
l.144 ...chCaptionType{\DeclareCaptionSubType{#1}}
                                                  
Your command was ignored.
Type  I <command> <return>  to replace it with another command,
or  <return>  to continue without it.

)
(/diff_test_tex_engines/docker_bin_2/version_compiled_pdf_2020/2306.00003/2306.
00003_tl2020.aux)
\openout1 = `2306.00003_tl2020.aux'.

LaTeX Font Info:    Checking defaults for OML/cmm/m/it on input line 73.
LaTeX Font Info:    ... okay on input line 73.
LaTeX Font Info:    Checking defaults for OMS/cmsy/m/n on input line 73.
LaTeX Font Info:    ... okay on input line 73.
LaTeX Font Info:    Checking defaults for OT1/cmr/m/n on input line 73.
LaTeX Font Info:    ... okay on input line 73.
LaTeX Font Info:    Checking defaults for T1/cmr/m/n on input line 73.
LaTeX Font Info:    ... okay on input line 73.
LaTeX Font Info:    Checking defaults for TS1/cmr/m/n on input line 73.
LaTeX Font Info:    ... okay on input line 73.
LaTeX Font Info:    Checking defaults for OMX/cmex/m/n on input line 73.
LaTeX Font Info:    ... okay on input line 73.
LaTeX Font Info:    Checking defaults for U/cmr/m/n on input line 73.
LaTeX Font Info:    ... okay on input line 73.
LaTeX Font Info:    Checking defaults for PD1/pdf/m/n on input line 73.
LaTeX Font Info:    ... okay on input line 73.
LaTeX Font Info:    Checking defaults for PU/pdf/m/n on input line 73.
LaTeX Font Info:    ... okay on input line 73.

(/usr/local/texlive/2020/texmf-dist/tex/context/base/mkii/supp-pdf.mkii
[Loading MPS to PDF converter (version 2006.09.02).]
\scratchcounter=\count320
\scratchdimen=\dimen261
\scratchbox=\box75
\nofMPsegments=\count321
\nofMParguments=\count322
\everyMPshowfont=\toks29
\MPscratchCnt=\count323
\MPscratchDim=\dimen262
\MPnumerator=\count324
\makeMPintoPDFobject=\count325
\everyMPtoPDFconversion=\toks30
) (/usr/local/texlive/2020/texmf-dist/tex/latex/epstopdf-pkg/epstopdf-base.sty
Package: epstopdf-base 2020-01-24 v2.11 Base part for package epstopdf
Package epstopdf-base Info: Redefining graphics rule for `.eps' on input line 4
85.

(/usr/local/texlive/2020/texmf-dist/tex/latex/latexconfig/epstopdf-sys.cfg
File: epstopdf-sys.cfg 2010/07/13 v1.3 Configuration of (r)epstopdf for TeX Liv
e
))
Package hyperref Info: Link coloring ON on input line 73.
LaTeX Info: Redefining \ref on input line 73.
LaTeX Info: Redefining \pageref on input line 73.
LaTeX Info: Redefining \nameref on input line 73.

(/diff_test_tex_engines/docker_bin_2/version_compiled_pdf_2020/2306.00003/2306.
00003_tl2020.out)
(/diff_test_tex_engines/docker_bin_2/version_compiled_pdf_2020/2306.00003/2306.
00003_tl2020.out)
\@outlinefile=\write3
\openout3 = `2306.00003_tl2020.out'.


(/usr/local/texlive/2020/texmf-dist/tex/latex/siunitx/siunitx-abbreviations.cfg
File: siunitx-abbreviations.cfg 2017/11/26 v2.7k siunitx: Abbreviated units
)
(/usr/local/texlive/2020/texmf-dist/tex/latex/translator/translator-basic-dicti
onary-English.dict
Dictionary: translator-basic-dictionary, Language: English 
)
Package caption Info: Begin \AtBeginDocument code.
Package caption Info: End \AtBeginDocument code.
LaTeX Font Info:    Trying to load font information for U+msa on input line 73.


(/usr/local/texlive/2020/texmf-dist/tex/latex/amsfonts/umsa.fd
File: umsa.fd 2013/01/14 v3.01 AMS symbols A
)
LaTeX Font Info:    Trying to load font information for U+msb on input line 73.


(/usr/local/texlive/2020/texmf-dist/tex/latex/amsfonts/umsb.fd
File: umsb.fd 2013/01/14 v3.01 AMS symbols B
) (./abstract.tex)

Package hyperref Warning: Ignoring empty anchor on input line 85.

\c@ttl@toc@sections=\count326
(./intro.tex

Package natbib Warning: Citation `yadgir2020global' on page 1 undefined on inpu
t line 2.


Package natbib Warning: Citation `gardezi2018cardiac' on page 1 undefined on in
put line 2.

(./fig1_diagram.tex

Package natbib Warning: Citation `holste2022automated' on page 1 undefined on i
nput line 8.



pdfTeX warning: pdflatex (file ./figures/MIL_for_AS_diagram_1.pdf): PDF inclusi
on: found PDF version <1.7>, but at most version <1.5> allowed
<figures/MIL_for_AS_diagram_1.pdf, id=133, 722.7pt x 406.51875pt>
File: figures/MIL_for_AS_diagram_1.pdf Graphic file (type pdf)
<use figures/MIL_for_AS_diagram_1.pdf>
Package pdftex.def Info: figures/MIL_for_AS_diagram_1.pdf  used on input line 1
1.
(pdftex.def)             Requested size: 195.12767pt x 109.75531pt.


pdfTeX warning: pdflatex (file ./figures/MIL_for_AS_diagram_2.pdf): PDF inclusi
on: found PDF version <1.7>, but at most version <1.5> allowed
<figures/MIL_for_AS_diagram_2.pdf, id=134, 722.7pt x 406.51875pt>
File: figures/MIL_for_AS_diagram_2.pdf Graphic file (type pdf)
<use figures/MIL_for_AS_diagram_2.pdf>
Package pdftex.def Info: figures/MIL_for_AS_diagram_2.pdf  used on input line 1
3.
(pdftex.def)             Requested size: 195.12767pt x 109.75531pt.


pdfTeX warning: pdflatex (file ./figures/MIL_for_AS_diagram_3.pdf): PDF inclusi
on: found PDF version <1.7>, but at most version <1.5> allowed
<figures/MIL_for_AS_diagram_3.pdf, id=135, 722.7pt x 406.51875pt>
File: figures/MIL_for_AS_diagram_3.pdf Graphic file (type pdf)
<use figures/MIL_for_AS_diagram_3.pdf>
Package pdftex.def Info: figures/MIL_for_AS_diagram_3.pdf  used on input line 1
5.
(pdftex.def)             Requested size: 195.12767pt x 109.75531pt.


pdfTeX warning: pdflatex (file ./figures/MIL_for_AS_diagram_4.pdf): PDF inclusi
on: found PDF version <1.7>, but at most version <1.5> allowed
<figures/MIL_for_AS_diagram_4.pdf, id=136, 722.7pt x 406.51875pt>
File: figures/MIL_for_AS_diagram_4.pdf Graphic file (type pdf)
<use figures/MIL_for_AS_diagram_4.pdf>
Package pdftex.def Info: figures/MIL_for_AS_diagram_4.pdf  used on input line 1
7.
(pdftex.def)             Requested size: 195.12767pt x 109.75531pt.

Package natbib Warning: Citation `wessler2023automated' on page 1 undefined on 
input line 20.


Package natbib Warning: Citation `huang2021new' on page 1 undefined on input li
ne 20.


Underfull \hbox (badness 10000) in paragraph at lines 24--25

 []


Package natbib Warning: Citation `mitchell2019guidelines' on page 1 undefined o
n input line 33.


Package natbib Warning: Citation `mitchell2019guidelines' on page 1 undefined o
n input line 33.

) [1{/usr/local/texlive/2020/texmf-var/fonts/map/pdftex/updmap/pdftex.map}

]

Package natbib Warning: Citation `ilse2018attention' on page 2 undefined on inp
ut line 21.


Package natbib Warning: Citation `lee2019set' on page 2 undefined on input line
 21.


Package natbib Warning: Citation `sharma2021cluster' on page 2 undefined on inp
ut line 21.


Package natbib Warning: Citation `shao2021transmil' on page 2 undefined on inpu
t line 21.


Package natbib Warning: Citation `holste2022automated' on page 2 undefined on i
nput line 27.


Package natbib Warning: Citation `huang2021new' on page 2 undefined on input li
ne 27.


Package natbib Warning: Citation `wessler2023automated' on page 2 undefined on 
input line 27.


Package natbib Warning: Citation `holste2022automated' on page 2 undefined on i
nput line 28.

[2 <./figures/MIL_for_AS_diagram_1.pdf> <./figures/MIL_for_AS_diagram_2.pdf

pdfTeX warning: pdflatex (file ./figures/MIL_for_AS_diagram_2.pdf): PDF inclusi
on: multiple pdfs with page group included in a single page
> <./figures/MIL_for_AS_diagram_3.pdf

pdfTeX warning: pdflatex (file ./figures/MIL_for_AS_diagram_3.pdf): PDF inclusi
on: multiple pdfs with page group included in a single page
> <./figures/MIL_for_AS_diagram_4.pdf

pdfTeX warning: pdflatex (file ./figures/MIL_for_AS_diagram_4.pdf): PDF inclusi
on: multiple pdfs with page group included in a single page
>]

Package natbib Warning: Citation `ilse2018attention' on page 3 undefined on inp
ut line 33.

) (./related_work.tex

Package natbib Warning: Citation `dietterich1997solving' on page 3 undefined on
 input line 3.


Package natbib Warning: Citation `maron1997framework' on page 3 undefined on in
put line 3.


Package natbib Warning: Citation `cosatto2013automated' on page 3 undefined on 
input line 5.


Package natbib Warning: Citation `shao2021transmil' on page 3 undefined on inpu
t line 5.


Package natbib Warning: Citation `li2021dual' on page 3 undefined on input line
 5.


Package natbib Warning: Citation `quellec2012multiple' on page 3 undefined on i
nput line 8.


Package natbib Warning: Citation `li2021deep' on page 3 undefined on input line
 8.


Package natbib Warning: Citation `li2021multi' on page 3 undefined on input lin
e 8.


Package natbib Warning: Citation `kandemir2015computer' on page 3 undefined on 
input line 8.


Package natbib Warning: Citation `borowa2020classifying' on page 3 undefined on
 input line 8.


Package natbib Warning: Citation `dietterich1997solving' on page 3 undefined on
 input line 8.


Package natbib Warning: Citation `zhao2013drug' on page 3 undefined on input li
ne 8.


Package natbib Warning: Citation `campanella2019clinical' on page 3 undefined o
n input line 8.


Package natbib Warning: Citation `chikontwe2020multiple' on page 3 undefined on
 input line 8.


Package natbib Warning: Citation `hou2016patch' on page 3 undefined on input li
ne 8.


Package natbib Warning: Citation `ding2012breast' on page 3 undefined on input 
line 8.


Package natbib Warning: Citation `xu2014weakly' on page 3 undefined on input li
ne 8.


Package natbib Warning: Citation `zhou2004multi' on page 3 undefined on input l
ine 9.


Package natbib Warning: Citation `quellec2017multiple' on page 3 undefined on i
nput line 9.


Package natbib Warning: Citation `carbonneau2018multiple' on page 3 undefined o
n input line 9.


Package natbib Warning: Citation `wang2018revisiting' on page 3 undefined on in
put line 14.


Package natbib Warning: Citation `liu2017detecting' on page 3 undefined on inpu
t line 14.

[3]

Package natbib Warning: Citation `ilse2018attention' on page 4 undefined on inp
ut line 31.


Package natbib Warning: Citation `lee2019set' on page 4 undefined on input line
 32.


Package natbib Warning: Citation `vaswani2017attention' on page 4 undefined on 
input line 32.


Package natbib Warning: Citation `shao2021transmil' on page 4 undefined on inpu
t line 32.


Package natbib Warning: Citation `sharma2021cluster' on page 4 undefined on inp
ut line 32.


Package natbib Warning: Citation `li2021dual' on page 4 undefined on input line
 33.


Package natbib Warning: Citation `oord2018representation' on page 4 undefined o
n input line 44.


Package natbib Warning: Citation `chen2020simple' on page 4 undefined on input 
line 44.


Package natbib Warning: Citation `he2020momentum' on page 4 undefined on input 
line 44.


Package natbib Warning: Citation `chen2020improved' on page 4 undefined on inpu
t line 44.


Package natbib Warning: Citation `grill2020bootstrap' on page 4 undefined on in
put line 44.


Package natbib Warning: Citation `caron2020unsupervised' on page 4 undefined on
 input line 44.


Package natbib Warning: Citation `chen2021exploring' on page 4 undefined on inp
ut line 44.


Package natbib Warning: Citation `oord2018representation' on page 4 undefined o
n input line 46.


Package natbib Warning: Citation `gidaris2018unsupervised' on page 4 undefined 
on input line 47.


Package natbib Warning: Citation `noroozi2016unsupervised' on page 4 undefined 
on input line 48.


Package natbib Warning: Citation `wu2018unsupervised' on page 4 undefined on in
put line 52.


Package natbib Warning: Citation `oord2018representation' on page 4 undefined o
n input line 52.


Package natbib Warning: Citation `he2020momentum' on page 4 undefined on input 
line 52.


Package natbib Warning: Citation `chen2020improved' on page 4 undefined on inpu
t line 52.


Package natbib Warning: Citation `holste2022self' on page 4 undefined on input 
line 56.


Package natbib Warning: Citation `holste2022automated' on page 4 undefined on i
nput line 56.


Package natbib Warning: Citation `liu2022multiple' on page 4 undefined on input
 line 56.


Package natbib Warning: Citation `lu2019semi' on page 4 undefined on input line
 56.


Package natbib Warning: Citation `li2021dual' on page 4 undefined on input line
 56.


Package natbib Warning: Citation `saillard2021self' on page 4 undefined on inpu
t line 56.


Package natbib Warning: Citation `dehaene2020self' on page 4 undefined on input
 line 56.


Package natbib Warning: Citation `rymarczyk2023protomil' on page 4 undefined on
 input line 56.


Package natbib Warning: Citation `arora2019theoretical' on page 4 undefined on 
input line 58.


Package natbib Warning: Citation `chuang2020debiased' on page 4 undefined on in
put line 58.


Package natbib Warning: Citation `khosla2020supervised' on page 4 undefined on 
input line 58.


Package natbib Warning: Citation `dwibedi2021little' on page 4 undefined on inp
ut line 58.


Package natbib Warning: Citation `zheng2021weakly' on page 4 undefined on input
 line 58.


Package natbib Warning: Citation `ash2021investigating' on page 4 undefined on 
input line 58.


Package natbib Warning: Citation `li2021comatch' on page 4 undefined on input l
ine 58.


Overfull \hbox (13.50099pt too wide) in paragraph at lines 56--59
[]\OT1/cmr/m/n/10.95 Recently, self-supervision has been suc-cess-fully ap-plie
d to pre-train MIL mod-els (\OT1/cmr/bx/n/10.95 ????????\OT1/cmr/m/n/10.95 ).
 []


Package natbib Warning: Citation `dai2023identifying' on page 4 undefined on in
put line 74.


Package natbib Warning: Citation `holste2022automated' on page 4 undefined on i
nput line 75.

[4]

Package natbib Warning: Citation `huang2021new' on page 5 undefined on input li
ne 79.


Package natbib Warning: Citation `wessler2023automated' on page 5 undefined on 
input line 79.


Package natbib Warning: Citation `krishna2023fully' on page 5 undefined on inpu
t line 81.


Package natbib Warning: Citation `cohen2021electrocardiogram' on page 5 undefin
ed on input line 84.


Package natbib Warning: Citation `elias2022deep' on page 5 undefined on input l
ine 84.


Package natbib Warning: Citation `yangClassificationAorticStenosis2020' on page
 5 undefined on input line 84.


Package natbib Warning: Citation `dai2023identifying' on page 5 undefined on in
put line 87.


Package natbib Warning: Citation `holste2022automated' on page 5 undefined on i
nput line 87.

) (./dataset.tex

Package natbib Warning: Citation `huang2021new' on page 5 undefined on input li
ne 8.


Package natbib Warning: Citation `huang2021new' on page 5 undefined on input li
ne 9.

LaTeX Font Info:    Trying to load font information for OMS+cmr on input line 2
2.
(/usr/local/texlive/2020/texmf-dist/tex/latex/base/omscmr.fd
File: omscmr.fd 2019/12/16 v2.5j Standard LaTeX font definitions
)
LaTeX Font Info:    Font shape `OMS/cmr/m/n' in size <10.95> not available
(Font)              Font shape `OMS/cmsy/m/n' tried instead on input line 22.


Package natbib Warning: Citation `mitchell2019guidelines' on page 5 undefined o
n input line 23.

[5]) (./fig2_workflow_diagram.tex
<figures/SAMIL_diagram_draft1.png, id=373, 1169.3286pt x 600.5637pt>
File: figures/SAMIL_diagram_draft1.png Graphic file (type png)
<use figures/SAMIL_diagram_draft1.png>
Package pdftex.def Info: figures/SAMIL_diagram_draft1.png  used on input line 3
.
(pdftex.def)             Requested size: 433.62pt x 222.69994pt.


Package natbib Warning: Citation `chen2020simple' on page 6 undefined on input 
line 7.


Package natbib Warning: Citation `chen2020improved' on page 6 undefined on inpu
t line 7.


Package natbib Warning: Citation `chen2020simple' on page 6 undefined on input 
line 7.


Package natbib Warning: Citation `chen2020improved' on page 6 undefined on inpu
t line 7.

) (./methods.tex

Package natbib Warning: Citation `huang2022tmed' on page 6 undefined on input l
ine 19.


Package natbib Warning: Citation `ilse2018attention' on page 6 undefined on inp
ut line 26.


Package natbib Warning: Citation `li2021dual' on page 6 undefined on input line
 26.

[6] [7 <./figures/SAMIL_diagram_draft1.png>]

Package natbib Warning: Citation `madani2018fast' on page 8 undefined on input 
line 94.


Package natbib Warning: Citation `zhang2018fully' on page 8 undefined on input 
line 94.


Package natbib Warning: Citation `long2018identification' on page 8 undefined o
n input line 94.


Package natbib Warning: Citation `huang2021new' on page 8 undefined on input li
ne 94.

[8]

Package natbib Warning: Citation `hinton2015distilling' on page 9 undefined on 
input line 115.


Package natbib Warning: Citation `huang2022fix' on page 9 undefined on input li
ne 121.


Package natbib Warning: Citation `holste2022self' on page 9 undefined on input 
line 155.


Package natbib Warning: Citation `holste2022automated' on page 9 undefined on i
nput line 155.


Package natbib Warning: Citation `liu2022multiple' on page 9 undefined on input
 line 155.


Package natbib Warning: Citation `lu2019semi' on page 9 undefined on input line
 155.


Package natbib Warning: Citation `li2021dual' on page 9 undefined on input line
 155.


Package natbib Warning: Citation `saillard2021self' on page 9 undefined on inpu
t line 155.


Package natbib Warning: Citation `dehaene2020self' on page 9 undefined on input
 line 155.


Package natbib Warning: Citation `rymarczyk2023protomil' on page 9 undefined on
 input line 155.

[9]

Package natbib Warning: Citation `he2020momentum' on page 10 undefined on input
 line 163.


Package natbib Warning: Citation `chen2020improved' on page 10 undefined on inp
ut line 163.


Package natbib Warning: Citation `wu2018unsupervised' on page 10 undefined on i
nput line 164.


Package natbib Warning: Citation `ye2019unsupervised' on page 10 undefined on i
nput line 164.


Package natbib Warning: Citation `bachman2019learning' on page 10 undefined on 
input line 164.


Package natbib Warning: Citation `he2020momentum' on page 10 undefined on input
 line 172.


Package natbib Warning: Citation `oord2018representation' on page 10 undefined 
on input line 178.


Package natbib Warning: Citation `he2020momentum' on page 10 undefined on input
 line 191.


Package natbib Warning: Citation `li2021dual' on page 10 undefined on input lin
e 269.


Package natbib Warning: Citation `chen2020simple' on page 10 undefined on input
 line 269.


Package natbib Warning: Citation `he2020momentum' on page 10 undefined on input
 line 269.


Package natbib Warning: Citation `chen2020improved' on page 10 undefined on inp
ut line 269.

[10]

Package natbib Warning: Citation `chen2020improved' on page 11 undefined on inp
ut line 347.


Package natbib Warning: Citation `chen2020simple' on page 11 undefined on input
 line 347.

) (./Results.tex

Package natbib Warning: Citation `huang2021new' on page 11 undefined on input l
ine 4.


Package natbib Warning: Citation `zaheer2017deep' on page 11 undefined on input
 line 18.


Package natbib Warning: Citation `ilse2018attention' on page 11 undefined on in
put line 18.


Package natbib Warning: Citation `lee2019set' on page 11 undefined on input lin
e 18.


Package natbib Warning: Citation `li2021dual' on page 11 undefined on input lin
e 18.


Package natbib Warning: Citation `wessler2023automated' on page 11 undefined on
 input line 18.


Package natbib Warning: Citation `holste2022automated' on page 11 undefined on 
input line 18.


Package natbib Warning: Citation `holste2022self' on page 11 undefined on input
 line 18.

(./tab_1_test_acc_on_TMED.tex

Package natbib Warning: Citation `holste2022automated' on page 11 undefined on 
input line 26.


Package natbib Warning: Citation `wessler2023automated' on page 11 undefined on
 input line 26.


Package natbib Warning: Citation `ilse2018attention' on page 11 undefined on in
put line 27.


Package natbib Warning: Citation `lee2019set' on page 11 undefined on input lin
e 27.


Package natbib Warning: Citation `li2021dual' on page 11 undefined on input lin
e 27.

[11])

Package natbib Warning: Citation `holste2022automated' on page 12 undefined on 
input line 38.


Package natbib Warning: Citation `holste2022self' on page 12 undefined on input
 line 38.


Package natbib Warning: Citation `wessler2023automated' on page 12 undefined on
 input line 38.

[12] (./tab_2_external_valid.tex
Overfull \hbox (3.84921pt too wide) in paragraph at lines 20--41
 [][] 
 []

)

Package natbib Warning: Citation `holzinger2017we' on page 13 undefined on inpu
t line 70.


Package natbib Warning: Citation `lundberg2017unified' on page 13 undefined on 
input line 70.


Package natbib Warning: Citation `tonekaboni2019clinicians' on page 13 undefine
d on input line 70.

(./fig_AttentionWeights_and_Relevance_Alignment.tex
<figures/Attention_View_Alignment/data_seed0.pdf, id=454, 433.62pt x 289.08pt>
File: figures/Attention_View_Alignment/data_seed0.pdf Graphic file (type pdf)
<use figures/Attention_View_Alignment/data_seed0.pdf>
Package pdftex.def Info: figures/Attention_View_Alignment/data_seed0.pdf  used 
on input line 6.
(pdftex.def)             Requested size: 138.76157pt x 92.50748pt.
<figures/Attention_View_Alignment/data_seed1.pdf, id=455, 433.62pt x 289.08pt>
File: figures/Attention_View_Alignment/data_seed1.pdf Graphic file (type pdf)
<use figures/Attention_View_Alignment/data_seed1.pdf>
Package pdftex.def Info: figures/Attention_View_Alignment/data_seed1.pdf  used 
on input line 8.
(pdftex.def)             Requested size: 138.76157pt x 92.50748pt.
<figures/Attention_View_Alignment/data_seed2.pdf, id=456, 433.62pt x 289.08pt>
File: figures/Attention_View_Alignment/data_seed2.pdf Graphic file (type pdf)
<use figures/Attention_View_Alignment/data_seed2.pdf>
Package pdftex.def Info: figures/Attention_View_Alignment/data_seed2.pdf  used 
on input line 10.
(pdftex.def)             Requested size: 138.76157pt x 92.50748pt.
)
Overfull \hbox (21.06956pt too wide) in paragraph at lines 102--102
 [][] 
 []


Overfull \hbox (20.52037pt too wide) in paragraph at lines 119--119
 [][] 
 []


LaTeX Warning: `!h' float specifier changed to `!ht'.

[13]) (./discussion.tex [14 <./figures/Attention_View_Alignment/data_seed0.pdf>
 <./figures/Attention_View_Alignment/data_seed1.pdf> <./figures/Attention_View_
Alignment/data_seed2.pdf>])
No file 2306.00003_tl2020.bbl.

(/diff_test_tex_engines/docker_bin_2/version_compiled_pdf_2020/2306.00003/2306.
00003_tl2020.ptc

! LaTeX Error: Something's wrong--perhaps a missing \item.

See the LaTeX manual or LaTeX Companion for explanation.
Type  H <return>  for immediate help.
 ...                                              
                                                  
l.39 ...rline {A}Further Results}{16}{section.0.A}
                                                  %
Try typing  <return>  to proceed.
If that doesn't work, type  X <return>  to quit.


! LaTeX Error: Something's wrong--perhaps a missing \item.

See the LaTeX manual or LaTeX Companion for explanation.
Type  H <return>  for immediate help.
 ...                                              
                                                  
l.39 ...rline {A}Further Results}{16}{section.0.A}
                                                  %
Try typing  <return>  to proceed.
If that doesn't work, type  X <return>  to quit.


Overfull \hbox (1906.2155pt too wide) in paragraph at lines 2--39
 \OT1/cmr/m/n/10.95 section.0.1section.0.2subsection.0.2.1subsection.0.2.1subse
ction.0.2.2subsection.0.2.3section.0.3section.0.4subsection.0.4.1subsection.0.4
.2subsection.0.4.2subsection.0.4.2equation.0.4.1equation.0.4.2subsection.0.4.3s
ubsection.0.4.3equation.0.4.4equation.0.4.4subsection.0.4.4subsection.0.4.4equa
tion.0.4.6subsection.0.4.5subsection.0.4.5subsection.0.4.5section.0.5section.0.
5section.0.5subsection.0.5.1subsection.0.5.2subsection.0.5.3subsection.0.5.4sec
tion.0.6section.0.6section.0.6section.0.6 
 []

[15]) (./fig_confusion_mat.tex
<figures/confusion_matrix/cropped_seed0/JASE.pdf, id=522, 662.475pt x 647.41875
pt>
File: figures/confusion_matrix/cropped_seed0/JASE.pdf Graphic file (type pdf)
<use figures/confusion_matrix/cropped_seed0/JASE.pdf>
Package pdftex.def Info: figures/confusion_matrix/cropped_seed0/JASE.pdf  used 
on input line 10.
(pdftex.def)             Requested size: 125.74689pt x 122.88242pt.
<figures/confusion_matrix/cropped_seed1/JASE.pdf, id=523, 662.475pt x 647.41875
pt>
File: figures/confusion_matrix/cropped_seed1/JASE.pdf Graphic file (type pdf)
<use figures/confusion_matrix/cropped_seed1/JASE.pdf>
Package pdftex.def Info: figures/confusion_matrix/cropped_seed1/JASE.pdf  used 
on input line 12.
(pdftex.def)             Requested size: 125.74689pt x 122.88242pt.
<figures/confusion_matrix/cropped_seed2/JASE.pdf, id=524, 662.475pt x 647.41875
pt>
File: figures/confusion_matrix/cropped_seed2/JASE.pdf Graphic file (type pdf)
<use figures/confusion_matrix/cropped_seed2/JASE.pdf>
Package pdftex.def Info: figures/confusion_matrix/cropped_seed2/JASE.pdf  used 
on input line 14.
(pdftex.def)             Requested size: 125.74689pt x 122.88242pt.
<figures/confusion_matrix/cropped_seed0/OffTheShelfABMIL.pdf, id=525, 662.475pt
 x 647.41875pt>
File: figures/confusion_matrix/cropped_seed0/OffTheShelfABMIL.pdf Graphic file 
(type pdf)
<use figures/confusion_matrix/cropped_seed0/OffTheShelfABMIL.pdf>
Package pdftex.def Info: figures/confusion_matrix/cropped_seed0/OffTheShelfABMI
L.pdf  used on input line 18.
(pdftex.def)             Requested size: 125.74689pt x 122.88242pt.
<figures/confusion_matrix/cropped_seed1/OffTheShelfABMIL.pdf, id=526, 662.475pt
 x 647.41875pt>
File: figures/confusion_matrix/cropped_seed1/OffTheShelfABMIL.pdf Graphic file 
(type pdf)
<use figures/confusion_matrix/cropped_seed1/OffTheShelfABMIL.pdf>
Package pdftex.def Info: figures/confusion_matrix/cropped_seed1/OffTheShelfABMI
L.pdf  used on input line 20.
(pdftex.def)             Requested size: 125.74689pt x 122.88242pt.
<figures/confusion_matrix/cropped_seed2/OffTheShelfABMIL.pdf, id=527, 662.475pt
 x 647.41875pt>
File: figures/confusion_matrix/cropped_seed2/OffTheShelfABMIL.pdf Graphic file 
(type pdf)
<use figures/confusion_matrix/cropped_seed2/OffTheShelfABMIL.pdf>
Package pdftex.def Info: figures/confusion_matrix/cropped_seed2/OffTheShelfABMI
L.pdf  used on input line 22.
(pdftex.def)             Requested size: 125.74689pt x 122.88242pt.
<figures/confusion_matrix/cropped_seed0/OffTheShelfDSMIL_updatedseed0.pdf, id=5
28, 662.475pt x 647.41875pt>
File: figures/confusion_matrix/cropped_seed0/OffTheShelfDSMIL_updatedseed0.pdf 
Graphic file (type pdf)
<use figures/confusion_matrix/cropped_seed0/OffTheShelfDSMIL_updatedseed0.pdf>
Package pdftex.def Info: figures/confusion_matrix/cropped_seed0/OffTheShelfDSMI
L_updatedseed0.pdf  used on input line 26.
(pdftex.def)             Requested size: 125.74689pt x 122.88242pt.
<figures/confusion_matrix/cropped_seed1/OffTheShelfDSMIL.pdf, id=529, 662.475pt
 x 647.41875pt>
File: figures/confusion_matrix/cropped_seed1/OffTheShelfDSMIL.pdf Graphic file 
(type pdf)
<use figures/confusion_matrix/cropped_seed1/OffTheShelfDSMIL.pdf>
Package pdftex.def Info: figures/confusion_matrix/cropped_seed1/OffTheShelfDSMI
L.pdf  used on input line 28.
(pdftex.def)             Requested size: 125.74689pt x 122.88242pt.
<figures/confusion_matrix/cropped_seed2/OffTheShelfDSMIL.pdf, id=530, 662.475pt
 x 647.41875pt>
File: figures/confusion_matrix/cropped_seed2/OffTheShelfDSMIL.pdf Graphic file 
(type pdf)
<use figures/confusion_matrix/cropped_seed2/OffTheShelfDSMIL.pdf>
Package pdftex.def Info: figures/confusion_matrix/cropped_seed2/OffTheShelfDSMI
L.pdf  used on input line 30.
(pdftex.def)             Requested size: 125.74689pt x 122.88242pt.
<figures/confusion_matrix/cropped_seed0/VRABMIL_WholeMILPretrain.pdf, id=531, 6
62.475pt x 647.41875pt>
File: figures/confusion_matrix/cropped_seed0/VRABMIL_WholeMILPretrain.pdf Graph
ic file (type pdf)
<use figures/confusion_matrix/cropped_seed0/VRABMIL_WholeMILPretrain.pdf>
Package pdftex.def Info: figures/confusion_matrix/cropped_seed0/VRABMIL_WholeMI
LPretrain.pdf  used on input line 34.
(pdftex.def)             Requested size: 125.74689pt x 122.88242pt.
<figures/confusion_matrix/cropped_seed1/VRABMIL_WholeMILPretrain.pdf, id=532, 6
62.475pt x 647.41875pt>
File: figures/confusion_matrix/cropped_seed1/VRABMIL_WholeMILPretrain.pdf Graph
ic file (type pdf)
<use figures/confusion_matrix/cropped_seed1/VRABMIL_WholeMILPretrain.pdf>
Package pdftex.def Info: figures/confusion_matrix/cropped_seed1/VRABMIL_WholeMI
LPretrain.pdf  used on input line 36.
(pdftex.def)             Requested size: 125.74689pt x 122.88242pt.
<figures/confusion_matrix/cropped_seed2/VRABMIL_WholeMILPretrain.pdf, id=533, 6
62.475pt x 647.41875pt>
File: figures/confusion_matrix/cropped_seed2/VRABMIL_WholeMILPretrain.pdf Graph
ic file (type pdf)
<use figures/confusion_matrix/cropped_seed2/VRABMIL_WholeMILPretrain.pdf>
Package pdftex.def Info: figures/confusion_matrix/cropped_seed2/VRABMIL_WholeMI
LPretrain.pdf  used on input line 38.
(pdftex.def)             Requested size: 125.74689pt x 122.88242pt.
) [16] (./fig_TMED2_ROC.tex
<figures/AUC_Analysis/data_seed0/NoASvsSomeAS_withDSMIL_DSMILupdatedseed0.pdf, 
id=538, 433.62pt x 289.08pt>
File: figures/AUC_Analysis/data_seed0/NoASvsSomeAS_withDSMIL_DSMILupdatedseed0.
pdf Graphic file (type pdf)
<use figures/AUC_Analysis/data_seed0/NoASvsSomeAS_withDSMIL_DSMILupdatedseed0.p
df>
Package pdftex.def Info: figures/AUC_Analysis/data_seed0/NoASvsSomeAS_withDSMIL
_DSMILupdatedseed0.pdf  used on input line 9.
(pdftex.def)             Requested size: 173.44534pt x 115.62994pt.
<figures/AUC_Analysis/data_seed0/EarlyASvsSignificantAS_withDSMIL_DSMILupdateds
eed0.pdf, id=539, 433.62pt x 289.08pt>
File: figures/AUC_Analysis/data_seed0/EarlyASvsSignificantAS_withDSMIL_DSMILupd
atedseed0.pdf Graphic file (type pdf)
<use figures/AUC_Analysis/data_seed0/EarlyASvsSignificantAS_withDSMIL_DSMILupda
tedseed0.pdf>
Package pdftex.def Info: figures/AUC_Analysis/data_seed0/EarlyASvsSignificantAS
_withDSMIL_DSMILupdatedseed0.pdf  used on input line 11.
(pdftex.def)             Requested size: 173.44534pt x 115.62994pt.
<figures/AUC_Analysis/data_seed0/SignificantASvsNoSignificantAS_withDSMIL_DSMIL
updatedseed0.pdf, id=540, 433.62pt x 289.08pt>
File: figures/AUC_Analysis/data_seed0/SignificantASvsNoSignificantAS_withDSMIL_
DSMILupdatedseed0.pdf Graphic file (type pdf)
<use figures/AUC_Analysis/data_seed0/SignificantASvsNoSignificantAS_withDSMIL_D
SMILupdatedseed0.pdf>
Package pdftex.def Info: figures/AUC_Analysis/data_seed0/SignificantASvsNoSigni
ficantAS_withDSMIL_DSMILupdatedseed0.pdf  used on input line 13.
(pdftex.def)             Requested size: 173.44534pt x 115.62994pt.
<figures/AUC_Analysis/data_seed1/NoASvsSomeAS_withDSMIL.pdf, id=541, 433.62pt x
 289.08pt>
File: figures/AUC_Analysis/data_seed1/NoASvsSomeAS_withDSMIL.pdf Graphic file (
type pdf)
<use figures/AUC_Analysis/data_seed1/NoASvsSomeAS_withDSMIL.pdf>
Package pdftex.def Info: figures/AUC_Analysis/data_seed1/NoASvsSomeAS_withDSMIL
.pdf  used on input line 18.
(pdftex.def)             Requested size: 173.44534pt x 115.62994pt.
<figures/AUC_Analysis/data_seed1/EarlyASvsSignificantAS_withDSMIL.pdf, id=542, 
433.62pt x 289.08pt>
File: figures/AUC_Analysis/data_seed1/EarlyASvsSignificantAS_withDSMIL.pdf Grap
hic file (type pdf)
<use figures/AUC_Analysis/data_seed1/EarlyASvsSignificantAS_withDSMIL.pdf>
Package pdftex.def Info: figures/AUC_Analysis/data_seed1/EarlyASvsSignificantAS
_withDSMIL.pdf  used on input line 20.
(pdftex.def)             Requested size: 173.44534pt x 115.62994pt.
<figures/AUC_Analysis/data_seed1/SignificantASvsNoSignificantAS_withDSMIL.pdf, 
id=543, 433.62pt x 289.08pt>
File: figures/AUC_Analysis/data_seed1/SignificantASvsNoSignificantAS_withDSMIL.
pdf Graphic file (type pdf)
<use figures/AUC_Analysis/data_seed1/SignificantASvsNoSignificantAS_withDSMIL.p
df>
Package pdftex.def Info: figures/AUC_Analysis/data_seed1/SignificantASvsNoSigni
ficantAS_withDSMIL.pdf  used on input line 22.
(pdftex.def)             Requested size: 173.44534pt x 115.62994pt.
<figures/AUC_Analysis/data_seed2/NoASvsSomeAS_withDSMIL.pdf, id=544, 433.62pt x
 289.08pt>
File: figures/AUC_Analysis/data_seed2/NoASvsSomeAS_withDSMIL.pdf Graphic file (
type pdf)
<use figures/AUC_Analysis/data_seed2/NoASvsSomeAS_withDSMIL.pdf>
Package pdftex.def Info: figures/AUC_Analysis/data_seed2/NoASvsSomeAS_withDSMIL
.pdf  used on input line 27.
(pdftex.def)             Requested size: 173.44534pt x 115.62994pt.
<figures/AUC_Analysis/data_seed2/EarlyASvsSignificantAS_withDSMIL.pdf, id=545, 
433.62pt x 289.08pt>
File: figures/AUC_Analysis/data_seed2/EarlyASvsSignificantAS_withDSMIL.pdf Grap
hic file (type pdf)
<use figures/AUC_Analysis/data_seed2/EarlyASvsSignificantAS_withDSMIL.pdf>
Package pdftex.def Info: figures/AUC_Analysis/data_seed2/EarlyASvsSignificantAS
_withDSMIL.pdf  used on input line 29.
(pdftex.def)             Requested size: 173.44534pt x 115.62994pt.
<figures/AUC_Analysis/data_seed2/SignificantASvsNoSignificantAS_withDSMIL.pdf, 
id=546, 433.62pt x 289.08pt>
File: figures/AUC_Analysis/data_seed2/SignificantASvsNoSignificantAS_withDSMIL.
pdf Graphic file (type pdf)
<use figures/AUC_Analysis/data_seed2/SignificantASvsNoSignificantAS_withDSMIL.p
df>
Package pdftex.def Info: figures/AUC_Analysis/data_seed2/SignificantASvsNoSigni
ficantAS_withDSMIL.pdf  used on input line 31.
(pdftex.def)             Requested size: 173.44534pt x 115.62994pt.

Overfull \hbox (119.21297pt too wide) in paragraph at lines 4--35
[][] 
 []

) [17 <./figures/confusion_matrix/cropped_seed0/JASE.pdf> <./figures/confusion_
matrix/cropped_seed1/JASE.pdf> <./figures/confusion_matrix/cropped_seed2/JASE.p
df> <./figures/confusion_matrix/cropped_seed0/OffTheShelfABMIL.pdf> <./figures/
confusion_matrix/cropped_seed1/OffTheShelfABMIL.pdf> <./figures/confusion_matri
x/cropped_seed2/OffTheShelfABMIL.pdf> <./figures/confusion_matrix/cropped_seed0
/OffTheShelfDSMIL_updatedseed0.pdf> <./figures/confusion_matrix/cropped_seed1/O
ffTheShelfDSMIL.pdf> <./figures/confusion_matrix/cropped_seed2/OffTheShelfDSMIL
.pdf> <./figures/confusion_matrix/cropped_seed0/VRABMIL_WholeMILPretrain.pdf> <
./figures/confusion_matrix/cropped_seed1/VRABMIL_WholeMILPretrain.pdf> <./figur
es/confusion_matrix/cropped_seed2/VRABMIL_WholeMILPretrain.pdf>]
(./fig_AttendedImages.tex
<figures/top_attended_images/2927484s1_OffTheShelfABMIL_top1_BVBO0SL1_0.pdf, id
=684, 112.42pt x 112.42pt>
File: figures/top_attended_images/2927484s1_OffTheShelfABMIL_top1_BVBO0SL1_0.pd
f Graphic file (type pdf)
<use figures/top_attended_images/2927484s1_OffTheShelfABMIL_top1_BVBO0SL1_0.pdf
>
Package pdftex.def Info: figures/top_attended_images/2927484s1_OffTheShelfABMIL
_top1_BVBO0SL1_0.pdf  used on input line 9.
(pdftex.def)             Requested size: 78.04842pt x 78.0519pt.
<figures/top_attended_images/2927484s1_OffTheShelfABMIL_top2_BVBO0SL0_0.pdf, id
=685, 112.42pt x 112.42pt>
File: figures/top_attended_images/2927484s1_OffTheShelfABMIL_top2_BVBO0SL0_0.pd
f Graphic file (type pdf)
<use figures/top_attended_images/2927484s1_OffTheShelfABMIL_top2_BVBO0SL0_0.pdf
>
Package pdftex.def Info: figures/top_attended_images/2927484s1_OffTheShelfABMIL
_top2_BVBO0SL0_0.pdf  used on input line 11.
(pdftex.def)             Requested size: 78.04842pt x 78.0519pt.
<figures/top_attended_images/2927484s1_OffTheShelfABMIL_top3_BVBO0SKQ_0.pdf, id
=686, 112.42pt x 112.42pt>
File: figures/top_attended_images/2927484s1_OffTheShelfABMIL_top3_BVBO0SKQ_0.pd
f Graphic file (type pdf)
<use figures/top_attended_images/2927484s1_OffTheShelfABMIL_top3_BVBO0SKQ_0.pdf
>
Package pdftex.def Info: figures/top_attended_images/2927484s1_OffTheShelfABMIL
_top3_BVBO0SKQ_0.pdf  used on input line 13.
(pdftex.def)             Requested size: 78.04842pt x 78.0519pt.
<figures/top_attended_images/2927484s1_OffTheShelfABMIL_top4_BVBO0SL2_0.pdf, id
=687, 112.42pt x 112.42pt>
File: figures/top_attended_images/2927484s1_OffTheShelfABMIL_top4_BVBO0SL2_0.pd
f Graphic file (type pdf)
<use figures/top_attended_images/2927484s1_OffTheShelfABMIL_top4_BVBO0SL2_0.pdf
>
Package pdftex.def Info: figures/top_attended_images/2927484s1_OffTheShelfABMIL
_top4_BVBO0SL2_0.pdf  used on input line 15.
(pdftex.def)             Requested size: 78.04842pt x 78.0519pt.
<figures/top_attended_images/2927484s1_OffTheShelfABMIL_top5_BVBO0SM0_0.pdf, id
=688, 112.42pt x 112.42pt>
File: figures/top_attended_images/2927484s1_OffTheShelfABMIL_top5_BVBO0SM0_0.pd
f Graphic file (type pdf)
<use figures/top_attended_images/2927484s1_OffTheShelfABMIL_top5_BVBO0SM0_0.pdf
>
Package pdftex.def Info: figures/top_attended_images/2927484s1_OffTheShelfABMIL
_top5_BVBO0SM0_0.pdf  used on input line 17.
(pdftex.def)             Requested size: 78.04842pt x 78.0519pt.
<figures/top_attended_images/2927484s1_OffTheShelfABMIL_top6_BVBO0SPG_1.pdf, id
=689, 112.42pt x 112.42pt>
File: figures/top_attended_images/2927484s1_OffTheShelfABMIL_top6_BVBO0SPG_1.pd
f Graphic file (type pdf)
<use figures/top_attended_images/2927484s1_OffTheShelfABMIL_top6_BVBO0SPG_1.pdf
>
Package pdftex.def Info: figures/top_attended_images/2927484s1_OffTheShelfABMIL
_top6_BVBO0SPG_1.pdf  used on input line 22.
(pdftex.def)             Requested size: 78.04842pt x 78.0519pt.
<figures/top_attended_images/2927484s1_OffTheShelfABMIL_top7_BVBO0SPF_1.pdf, id
=690, 112.42pt x 112.42pt>
File: figures/top_attended_images/2927484s1_OffTheShelfABMIL_top7_BVBO0SPF_1.pd
f Graphic file (type pdf)
<use figures/top_attended_images/2927484s1_OffTheShelfABMIL_top7_BVBO0SPF_1.pdf
>
Package pdftex.def Info: figures/top_attended_images/2927484s1_OffTheShelfABMIL
_top7_BVBO0SPF_1.pdf  used on input line 24.
(pdftex.def)             Requested size: 78.04842pt x 78.0519pt.
<figures/top_attended_images/2927484s1_OffTheShelfABMIL_top8_BVBO0SMX_0.pdf, id
=691, 112.42pt x 112.42pt>
File: figures/top_attended_images/2927484s1_OffTheShelfABMIL_top8_BVBO0SMX_0.pd
f Graphic file (type pdf)
<use figures/top_attended_images/2927484s1_OffTheShelfABMIL_top8_BVBO0SMX_0.pdf
>
Package pdftex.def Info: figures/top_attended_images/2927484s1_OffTheShelfABMIL
_top8_BVBO0SMX_0.pdf  used on input line 26.
(pdftex.def)             Requested size: 78.04842pt x 78.0519pt.
<figures/top_attended_images/2927484s1_OffTheShelfABMIL_top9_BVBO0SPV_0.pdf, id
=692, 112.42pt x 112.42pt>
File: figures/top_attended_images/2927484s1_OffTheShelfABMIL_top9_BVBO0SPV_0.pd
f Graphic file (type pdf)
<use figures/top_attended_images/2927484s1_OffTheShelfABMIL_top9_BVBO0SPV_0.pdf
>
Package pdftex.def Info: figures/top_attended_images/2927484s1_OffTheShelfABMIL
_top9_BVBO0SPV_0.pdf  used on input line 28.
(pdftex.def)             Requested size: 78.04842pt x 78.0519pt.
<figures/top_attended_images/2927484s1_OffTheShelfABMIL_top10_BVBO0SOT_0.pdf, i
d=693, 112.42pt x 112.42pt>
File: figures/top_attended_images/2927484s1_OffTheShelfABMIL_top10_BVBO0SOT_0.p
df Graphic file (type pdf)
<use figures/top_attended_images/2927484s1_OffTheShelfABMIL_top10_BVBO0SOT_0.pd
f>
Package pdftex.def Info: figures/top_attended_images/2927484s1_OffTheShelfABMIL
_top10_BVBO0SOT_0.pdf  used on input line 30.
(pdftex.def)             Requested size: 78.04842pt x 78.0519pt.
<figures/top_attended_images/2927484s1_SAMIL_top1_BVBO0SM0_0.pdf, id=694, 112.4
2pt x 112.42pt>
File: figures/top_attended_images/2927484s1_SAMIL_top1_BVBO0SM0_0.pdf Graphic f
ile (type pdf)
<use figures/top_attended_images/2927484s1_SAMIL_top1_BVBO0SM0_0.pdf>
Package pdftex.def Info: figures/top_attended_images/2927484s1_SAMIL_top1_BVBO0
SM0_0.pdf  used on input line 35.
(pdftex.def)             Requested size: 78.04842pt x 78.0519pt.
<figures/top_attended_images/2927484s1_SAMIL_top2_BVBO0SMM_0.pdf, id=695, 112.4
2pt x 112.42pt>
File: figures/top_attended_images/2927484s1_SAMIL_top2_BVBO0SMM_0.pdf Graphic f
ile (type pdf)
<use figures/top_attended_images/2927484s1_SAMIL_top2_BVBO0SMM_0.pdf>
Package pdftex.def Info: figures/top_attended_images/2927484s1_SAMIL_top2_BVBO0
SMM_0.pdf  used on input line 37.
(pdftex.def)             Requested size: 78.04842pt x 78.0519pt.
<figures/top_attended_images/2927484s1_SAMIL_top3_BVBO0SL1_0.pdf, id=696, 112.4
2pt x 112.42pt>
File: figures/top_attended_images/2927484s1_SAMIL_top3_BVBO0SL1_0.pdf Graphic f
ile (type pdf)
<use figures/top_attended_images/2927484s1_SAMIL_top3_BVBO0SL1_0.pdf>
Package pdftex.def Info: figures/top_attended_images/2927484s1_SAMIL_top3_BVBO0
SL1_0.pdf  used on input line 39.
(pdftex.def)             Requested size: 78.04842pt x 78.0519pt.
<figures/top_attended_images/2927484s1_SAMIL_top4_BVBO0SL2_0.pdf, id=697, 112.4
2pt x 112.42pt>
File: figures/top_attended_images/2927484s1_SAMIL_top4_BVBO0SL2_0.pdf Graphic f
ile (type pdf)
<use figures/top_attended_images/2927484s1_SAMIL_top4_BVBO0SL2_0.pdf>
Package pdftex.def Info: figures/top_attended_images/2927484s1_SAMIL_top4_BVBO0
SL2_0.pdf  used on input line 41.
(pdftex.def)             Requested size: 78.04842pt x 78.0519pt.
<figures/top_attended_images/2927484s1_SAMIL_top5_BVBO0SKQ_0.pdf, id=698, 112.4
2pt x 112.42pt>
File: figures/top_attended_images/2927484s1_SAMIL_top5_BVBO0SKQ_0.pdf Graphic f
ile (type pdf)
<use figures/top_attended_images/2927484s1_SAMIL_top5_BVBO0SKQ_0.pdf>
Package pdftex.def Info: figures/top_attended_images/2927484s1_SAMIL_top5_BVBO0
SKQ_0.pdf  used on input line 43.
(pdftex.def)             Requested size: 78.04842pt x 78.0519pt.
<figures/top_attended_images/2927484s1_SAMIL_top6_BVBO0SL0_0.pdf, id=699, 112.4
2pt x 112.42pt>
File: figures/top_attended_images/2927484s1_SAMIL_top6_BVBO0SL0_0.pdf Graphic f
ile (type pdf)
<use figures/top_attended_images/2927484s1_SAMIL_top6_BVBO0SL0_0.pdf>
Package pdftex.def Info: figures/top_attended_images/2927484s1_SAMIL_top6_BVBO0
SL0_0.pdf  used on input line 48.
(pdftex.def)             Requested size: 78.04842pt x 78.0519pt.
<figures/top_attended_images/2927484s1_SAMIL_top7_BVBO0SKM_0.pdf, id=700, 112.4
2pt x 112.42pt>
File: figures/top_attended_images/2927484s1_SAMIL_top7_BVBO0SKM_0.pdf Graphic f
ile (type pdf)
<use figures/top_attended_images/2927484s1_SAMIL_top7_BVBO0SKM_0.pdf>
Package pdftex.def Info: figures/top_attended_images/2927484s1_SAMIL_top7_BVBO0
SKM_0.pdf  used on input line 50.
(pdftex.def)             Requested size: 78.04842pt x 78.0519pt.
<figures/top_attended_images/2927484s1_SAMIL_top8_BVBO0SL6_0.pdf, id=701, 112.4
2pt x 112.42pt>
File: figures/top_attended_images/2927484s1_SAMIL_top8_BVBO0SL6_0.pdf Graphic f
ile (type pdf)
<use figures/top_attended_images/2927484s1_SAMIL_top8_BVBO0SL6_0.pdf>
Package pdftex.def Info: figures/top_attended_images/2927484s1_SAMIL_top8_BVBO0
SL6_0.pdf  used on input line 52.
(pdftex.def)             Requested size: 78.04842pt x 78.0519pt.
<figures/top_attended_images/2927484s1_SAMIL_top9_BVBO0SLB_0.pdf, id=702, 112.4
2pt x 112.42pt>
File: figures/top_attended_images/2927484s1_SAMIL_top9_BVBO0SLB_0.pdf Graphic f
ile (type pdf)
<use figures/top_attended_images/2927484s1_SAMIL_top9_BVBO0SLB_0.pdf>
Package pdftex.def Info: figures/top_attended_images/2927484s1_SAMIL_top9_BVBO0
SLB_0.pdf  used on input line 54.
(pdftex.def)             Requested size: 78.04842pt x 78.0519pt.
<figures/top_attended_images/2927484s1_SAMIL_top10_BVBO0SMD_0.pdf, id=703, 112.
42pt x 112.42pt>
File: figures/top_attended_images/2927484s1_SAMIL_top10_BVBO0SMD_0.pdf Graphic 
file (type pdf)
<use figures/top_attended_images/2927484s1_SAMIL_top10_BVBO0SMD_0.pdf>
Package pdftex.def Info: figures/top_attended_images/2927484s1_SAMIL_top10_BVBO
0SMD_0.pdf  used on input line 56.
(pdftex.def)             Requested size: 78.04842pt x 78.0519pt.

Overfull \hbox (32.24992pt too wide) in paragraph at lines 5--60
[][] 
 []

) [18 <./figures/AUC_Analysis/data_seed0/NoASvsSomeAS_withDSMIL_DSMILupdatedsee
d0.pdf> <./figures/AUC_Analysis/data_seed0/EarlyASvsSignificantAS_withDSMIL_DSM
ILupdatedseed0.pdf> <./figures/AUC_Analysis/data_seed0/SignificantASvsNoSignifi
cantAS_withDSMIL_DSMILupdatedseed0.pdf> <./figures/AUC_Analysis/data_seed1/NoAS
vsSomeAS_withDSMIL.pdf> <./figures/AUC_Analysis/data_seed1/EarlyASvsSignificant
AS_withDSMIL.pdf> <./figures/AUC_Analysis/data_seed1/SignificantASvsNoSignifica
ntAS_withDSMIL.pdf> <./figures/AUC_Analysis/data_seed2/NoASvsSomeAS_withDSMIL.p
df> <./figures/AUC_Analysis/data_seed2/EarlyASvsSignificantAS_withDSMIL.pdf> <.
/figures/AUC_Analysis/data_seed2/SignificantASvsNoSignificantAS_withDSMIL.pdf>]
(./app_Architecture.tex

Package natbib Warning: Citation `ilse2018attention' on page 19 undefined on in
put line 1.


LaTeX Warning: `!h' float specifier changed to `!ht'.


Package natbib Warning: Citation `lee2019set' on page 19 undefined on input lin
e 26.


Package natbib Warning: Citation `li2021dual' on page 19 undefined on input lin
e 26.

[19 <./figures/top_attended_images/2927484s1_OffTheShelfABMIL_top1_BVBO0SL1_0.p
df> <./figures/top_attended_images/2927484s1_OffTheShelfABMIL_top2_BVBO0SL0_0.p
df> <./figures/top_attended_images/2927484s1_OffTheShelfABMIL_top3_BVBO0SKQ_0.p
df> <./figures/top_attended_images/2927484s1_OffTheShelfABMIL_top4_BVBO0SL2_0.p
df> <./figures/top_attended_images/2927484s1_OffTheShelfABMIL_top5_BVBO0SM0_0.p
df> <./figures/top_attended_images/2927484s1_OffTheShelfABMIL_top6_BVBO0SPG_1.p
df> <./figures/top_attended_images/2927484s1_OffTheShelfABMIL_top7_BVBO0SPF_1.p
df> <./figures/top_attended_images/2927484s1_OffTheShelfABMIL_top8_BVBO0SMX_0.p
df> <./figures/top_attended_images/2927484s1_OffTheShelfABMIL_top9_BVBO0SPV_0.p
df> <./figures/top_attended_images/2927484s1_OffTheShelfABMIL_top10_BVBO0SOT_0.
pdf> <./figures/top_attended_images/2927484s1_SAMIL_top1_BVBO0SM0_0.pdf> <./fig
ures/top_attended_images/2927484s1_SAMIL_top2_BVBO0SMM_0.pdf> <./figures/top_at
tended_images/2927484s1_SAMIL_top3_BVBO0SL1_0.pdf> <./figures/top_attended_imag
es/2927484s1_SAMIL_top4_BVBO0SL2_0.pdf> <./figures/top_attended_images/2927484s
1_SAMIL_top5_BVBO0SKQ_0.pdf> <./figures/top_attended_images/2927484s1_SAMIL_top
6_BVBO0SL0_0.pdf> <./figures/top_attended_images/2927484s1_SAMIL_top7_BVBO0SKM_
0.pdf> <./figures/top_attended_images/2927484s1_SAMIL_top8_BVBO0SL6_0.pdf> <./f
igures/top_attended_images/2927484s1_SAMIL_top9_BVBO0SLB_0.pdf> <./figures/top_
attended_images/2927484s1_SAMIL_top10_BVBO0SMD_0.pdf>])
(./app_ViewClassifier.tex

Package natbib Warning: Citation `huang2022fix' on page 20 undefined on input l
ine 1.


Package natbib Warning: Citation `laine2016temporal' on page 20 undefined on in
put line 1.


LaTeX Warning: `h' float specifier changed to `ht'.


Package natbib Warning: Citation `zagoruyko2016wide' on page 20 undefined on in
put line 17.


Package natbib Warning: Citation `robbins1951stochastic' on page 20 undefined o
n input line 19.

[20]) (./app_experiment_details.tex

Package natbib Warning: Citation `holste2022automated' on page 21 undefined on 
input line 3.


Package natbib Warning: Citation `holste2022self' on page 21 undefined on input
 line 3.


Package natbib Warning: Citation `he2016deep' on page 21 undefined on input lin
e 3.


Package natbib Warning: Citation `holste2022self' on page 21 undefined on input
 line 3.


Package natbib Warning: Citation `tran2018closer' on page 21 undefined on input
 line 3.


Package natbib Warning: Citation `zaheer2017deep' on page 21 undefined on input
 line 7.


Package natbib Warning: Citation `paszke2019pytorch' on page 21 undefined on in
put line 11.


Package natbib Warning: Citation `robbins1951stochastic' on page 21 undefined o
n input line 11.

[21]) (./app_SSL_Pretraining.tex

Package natbib Warning: Citation `he2020momentum' on page 22 undefined on input
 line 1.


Package natbib Warning: Citation `chen2020improved' on page 22 undefined on inp
ut line 1.


Package natbib Warning: Citation `goyal2017accurate' on page 22 undefined on in
put line 1.

[22]

Package natbib Warning: Citation `chen2020improved' on page 23 undefined on inp
ut line 5.


Package natbib Warning: Citation `chen2020simple' on page 23 undefined on input
 line 5.

) (./app_relatedworks.tex

Package natbib Warning: Citation `dietterich1997solving' on page 23 undefined o
n input line 4.


Package natbib Warning: Citation `maron1997framework' on page 23 undefined on i
nput line 5.


Package natbib Warning: Citation `wang2000solving' on page 23 undefined on inpu
t line 6.


Package natbib Warning: Citation `zhang2001dd' on page 23 undefined on input li
ne 6.


Package natbib Warning: Citation `andrews2002support' on page 23 undefined on i
nput line 6.


Package natbib Warning: Citation `zhou2009multi' on page 23 undefined on input 
line 6.


Package natbib Warning: Citation `zhang2005multiple' on page 23 undefined on in
put line 6.


Package natbib Warning: Citation `kim2010gaussian' on page 23 undefined on inpu
t line 6.

) [23]

Package natbib Warning: There were undefined citations.

\tf@ptc=\write4
\openout4 = `2306.00003_tl2020.ptc'.

[24]
(/diff_test_tex_engines/docker_bin_2/version_compiled_pdf_2020/2306.00003/2306.
00003_tl2020.aux)

LaTeX Warning: Label(s) may have changed. Rerun to get cross-references right.

Package rerunfilecheck Info: File `2306.00003_tl2020.out' has not changed.
(rerunfilecheck)             Checksum: A4CD070AB5A2BE29C9EAFFB97177957C;6048.
 ) 
Here is how much of TeX's memory you used:
 18469 strings out of 479014
 328222 string characters out of 5859133
 662885 words of memory out of 5000000
 35506 multiletter control sequences out of 15000+600000
 418386 words of font info for 85 fonts, out of 8000000 for 9000
 1141 hyphenation exceptions out of 8191
 86i,14n,131p,1460b,901s stack positions out of 5000i,500n,10000p,200000b,80000s
{/usr/local/texlive/2020/texmf-dist/fonts/enc/dvips/cm-super/cm-super-ts1.enc
}</usr/local/texlive/2020/texmf-dist/fonts/type1/public/amsfonts/cm/cmbx10.pfb>
</usr/local/texlive/2020/texmf-dist/fonts/type1/public/amsfonts/cm/cmbx12.pfb><
/usr/local/texlive/2020/texmf-dist/fonts/type1/public/amsfonts/cm/cmbx8.pfb></u
sr/local/texlive/2020/texmf-dist/fonts/type1/public/amsfonts/cm/cmbx9.pfb></usr
/local/texlive/2020/texmf-dist/fonts/type1/public/amsfonts/cm/cmcsc10.pfb></usr
/local/texlive/2020/texmf-dist/fonts/type1/public/amsfonts/cm/cmex10.pfb></usr/
local/texlive/2020/texmf-dist/fonts/type1/public/amsfonts/cm/cmmi10.pfb></usr/l
ocal/texlive/2020/texmf-dist/fonts/type1/public/amsfonts/cm/cmmi6.pfb></usr/loc
al/texlive/2020/texmf-dist/fonts/type1/public/amsfonts/cm/cmmi7.pfb></usr/local
/texlive/2020/texmf-dist/fonts/type1/public/amsfonts/cm/cmmi8.pfb></usr/local/t
exlive/2020/texmf-dist/fonts/type1/public/amsfonts/cm/cmr10.pfb></usr/local/tex
live/2020/texmf-dist/fonts/type1/public/amsfonts/cm/cmr6.pfb></usr/local/texliv
e/2020/texmf-dist/fonts/type1/public/amsfonts/cm/cmr7.pfb></usr/local/texlive/2
020/texmf-dist/fonts/type1/public/amsfonts/cm/cmr8.pfb></usr/local/texlive/2020
/texmf-dist/fonts/type1/public/amsfonts/cm/cmr9.pfb></usr/local/texlive/2020/te
xmf-dist/fonts/type1/public/amsfonts/cm/cmsy10.pfb></usr/local/texlive/2020/tex
mf-dist/fonts/type1/public/amsfonts/cm/cmsy8.pfb></usr/local/texlive/2020/texmf
-dist/fonts/type1/public/amsfonts/cm/cmti10.pfb></usr/local/texlive/2020/texmf-
dist/fonts/type1/public/amsfonts/cm/cmtt9.pfb></usr/local/texlive/2020/texmf-di
st/fonts/type1/public/amsfonts/symbols/msbm10.pfb></usr/local/texlive/2020/texm
f-dist/fonts/type1/public/cm-super/sfrm0800.pfb>
Output written on /diff_test_tex_engines/docker_bin_2/version_compiled_pdf_2020
/2306.00003/2306.00003_tl2020.pdf (24 pages, 2672494 bytes).
PDF statistics:
 961 PDF objects out of 1000 (max. 8388607)
 636 compressed objects within 7 object streams
 84 named destinations out of 1000 (max. 500000)
 502 words of extra memory for PDF output out of 10000 (max. 10000000)

