\BOOKMARK [1][-]{section.0.1}{\376\377\000I\000n\000t\000r\000o\000d\000u\000c\000t\000i\000o\000n}{}% 1
\BOOKMARK [1][-]{section.0.2}{\376\377\000R\000e\000l\000a\000t\000e\000d\000\040\000W\000o\000r\000k}{}% 2
\BOOKMARK [2][-]{subsection.0.2.1}{\376\377\000M\000u\000l\000t\000i\000p\000l\000e\000-\000i\000n\000s\000t\000a\000n\000c\000e\000\040\000l\000e\000a\000r\000n\000i\000n\000g\000.}{section.0.2}% 3
\BOOKMARK [2][-]{subsection.0.2.2}{\376\377\000S\000e\000l\000f\000-\000s\000u\000p\000e\000r\000v\000i\000s\000e\000d\000\040\000l\000e\000a\000r\000n\000i\000n\000g\000\040\000a\000n\000d\000\040\000P\000r\000e\000t\000r\000a\000i\000n\000i\000n\000g\000\040\000o\000f\000\040\000M\000I\000L}{section.0.2}% 4
\BOOKMARK [2][-]{subsection.0.2.3}{\376\377\000A\000p\000p\000l\000i\000c\000a\000t\000i\000o\000n\000s\000\040\000o\000f\000\040\000M\000L\000\040\000t\000o\000\040\000A\000o\000r\000t\000i\000c\000\040\000S\000t\000e\000n\000o\000s\000i\000s\000.}{section.0.2}% 5
\BOOKMARK [1][-]{section.0.3}{\376\377\000D\000a\000t\000a\000s\000e\000t}{}% 6
\BOOKMARK [1][-]{section.0.4}{\376\377\000M\000e\000t\000h\000o\000d\000s}{}% 7
\BOOKMARK [2][-]{subsection.0.4.1}{\376\377\000P\000r\000o\000b\000l\000e\000m\000\040\000F\000o\000r\000m\000u\000l\000a\000t\000i\000o\000n}{section.0.4}% 8
\BOOKMARK [2][-]{subsection.0.4.2}{\376\377\000G\000e\000n\000e\000r\000a\000l\000\040\000M\000I\000L\000\040\000a\000r\000c\000h\000i\000t\000e\000c\000t\000u\000r\000e}{section.0.4}% 9
\BOOKMARK [2][-]{subsection.0.4.3}{\376\377\000C\000o\000n\000t\000r\000i\000b\000u\000t\000i\000o\000n\000\040\0001\000:\000\040\000A\000t\000t\000e\000n\000t\000i\000o\000n\000\040\000s\000u\000p\000e\000r\000v\000i\000s\000e\000d\000\040\000b\000y\000\040\000a\000\040\000v\000i\000e\000w\000\040\000c\000l\000a\000s\000s\000i\000f\000i\000e\000r}{section.0.4}% 10
\BOOKMARK [2][-]{subsection.0.4.4}{\376\377\000C\000o\000n\000t\000r\000i\000b\000u\000t\000i\000o\000n\000\040\000\043\0002\000:\000\040\000C\000o\000n\000t\000r\000a\000s\000t\000i\000v\000e\000\040\000l\000e\000a\000r\000n\000i\000n\000g\000\040\000o\000f\000\040\000e\000n\000t\000i\000r\000e\000\040\000s\000t\000u\000d\000y\000\040\000r\000e\000p\000r\000e\000s\000e\000n\000t\000a\000t\000i\000o\000n\000s}{section.0.4}% 11
\BOOKMARK [2][-]{subsection.0.4.5}{\376\377\000S\000A\000M\000I\000L\000\040\000P\000i\000p\000e\000l\000i\000n\000e}{section.0.4}% 12
\BOOKMARK [1][-]{section.0.5}{\376\377\000R\000e\000s\000u\000l\000t\000s}{}% 13
\BOOKMARK [2][-]{subsection.0.5.1}{\376\377\000Q\000u\000a\000n\000t\000i\000t\000a\000t\000i\000v\000e\000\040\000e\000v\000a\000l\000u\000a\000t\000i\000o\000n\000\040\000o\000n\000\040\000T\000M\000E\000D\000-\0002}{section.0.5}% 14
\BOOKMARK [2][-]{subsection.0.5.2}{\376\377\000E\000v\000a\000l\000u\000a\000t\000i\000o\000n\000\040\000o\000f\000\040\000s\000c\000r\000e\000e\000n\000i\000n\000g\000\040\000p\000o\000t\000e\000n\000t\000i\000a\000l\000\040\000o\000n\000\040\0002\0000\0002\0002\000-\000V\000a\000l\000i\000d\000a\000t\000i\000o\000n\000\040\000s\000e\000t\000.}{section.0.5}% 15
\BOOKMARK [2][-]{subsection.0.5.3}{\376\377\000A\000s\000s\000e\000s\000s\000m\000e\000n\000t\000\040\000o\000f\000\040\000a\000t\000t\000e\000n\000t\000i\000o\000n\000\040\000q\000u\000a\000l\000i\000t\000y}{section.0.5}% 16
\BOOKMARK [2][-]{subsection.0.5.4}{\376\377\000A\000b\000l\000a\000t\000i\000o\000n\000\040\000e\000v\000a\000l\000u\000a\000t\000i\000o\000n\000s\000\040\000o\000f\000\040\000a\000t\000t\000e\000n\000t\000i\000o\000n\000\040\000a\000n\000d\000\040\000p\000r\000e\000t\000r\000a\000i\000n\000i\000n\000g}{section.0.5}% 17
\BOOKMARK [1][-]{section.0.6}{\376\377\000D\000i\000s\000c\000u\000s\000s\000i\000o\000n}{}% 18
\BOOKMARK [1][-]{section.0.A}{\376\377\000F\000u\000r\000t\000h\000e\000r\000\040\000R\000e\000s\000u\000l\000t\000s}{}% 19
\BOOKMARK [2][-]{subsection.0.A.1}{\376\377\000C\000o\000n\000f\000u\000s\000i\000o\000n\000\040\000m\000a\000t\000r\000i\000x}{section.0.A}% 20
\BOOKMARK [2][-]{subsection.0.A.2}{\376\377\000R\000O\000C\000\040\000f\000o\000r\000\040\000A\000S\000\040\000S\000c\000r\000e\000e\000n\000i\000n\000g\000\040\000T\000a\000s\000k\000s}{section.0.A}% 21
\BOOKMARK [2][-]{subsection.0.A.3}{\376\377\000A\000t\000t\000e\000n\000d\000e\000d\000\040\000I\000m\000a\000g\000e\000s\000\040\000b\000y\000\040\000S\000A\000M\000I\000L\000\040\000a\000n\000d\000\040\000A\000B\000M\000I\000L}{section.0.A}% 22
\BOOKMARK [1][-]{section.0.B}{\376\377\000M\000e\000t\000h\000o\000d\000s\000\040\000S\000u\000p\000p\000l\000e\000m\000e\000n\000t}{}% 23
\BOOKMARK [2][-]{subsection.0.B.1}{\376\377\000A\000r\000c\000h\000i\000t\000e\000c\000t\000u\000r\000e}{section.0.B}% 24
\BOOKMARK [2][-]{subsection.0.B.2}{\376\377\000V\000i\000e\000w\000\040\000C\000l\000a\000s\000s\000i\000f\000i\000e\000r}{section.0.B}% 25
\BOOKMARK [1][-]{section.0.C}{\376\377\000M\000I\000L\000\040\000E\000x\000p\000e\000r\000i\000m\000e\000n\000t\000\040\000D\000e\000t\000a\000i\000l\000s}{}% 26
\BOOKMARK [2][-]{subsection.0.C.1}{\376\377\000D\000e\000t\000a\000i\000l\000s\000\040\000o\000n\000\040\000F\000i\000l\000t\000e\000r\000\040\000t\000h\000e\000n\000\040\000A\000v\000g\000.\000\040\000A\000p\000p\000r\000o\000a\000c\000h}{section.0.C}% 27
\BOOKMARK [2][-]{subsection.0.C.2}{\376\377\000D\000e\000t\000a\000i\000l\000s\000\040\000o\000n\000\040\000D\000e\000e\000p\000S\000e\000t}{section.0.C}% 28
\BOOKMARK [2][-]{subsection.0.C.3}{\376\377\000T\000r\000a\000i\000n\000i\000n\000g\000.}{section.0.C}% 29
\BOOKMARK [2][-]{subsection.0.C.4}{\376\377\000H\000y\000p\000e\000r\000p\000a\000r\000a\000m\000e\000t\000e\000r\000.}{section.0.C}% 30
\BOOKMARK [1][-]{section.0.D}{\376\377\000S\000e\000l\000f\000-\000s\000u\000p\000e\000r\000v\000i\000s\000e\000d\000\040\000P\000r\000e\000t\000r\000a\000i\000n\000i\000n\000g}{}% 31
\BOOKMARK [1][-]{section.0.E}{\376\377\000A\000d\000d\000i\000t\000i\000o\000n\000a\000l\000\040\000R\000e\000l\000a\000t\000e\000d\000\040\000W\000o\000r\000k}{}% 32
