This is pdfTeX, Version 3.141592653-2.6-1.40.24 (TeX Live 2022) (preloaded format=pdflatex 2023.4.22)  13 MAR 2024 08:55
entering extended mode
 restricted \write18 enabled.
 %&-line parsing enabled.
**main.tex
(./main.tex
LaTeX2e <2022-11-01> patch level 1
L3 programming layer <2023-02-22> (./jmlr.cls
Document Class: jmlr 2017/08/01 v1.24 (NLCT) Journal of Machine Learning Resear
ch
(/usr/local/texlive/2022/texmf-dist/tex/latex/xkeyval/xkeyval.sty
Package: xkeyval 2022/06/16 v2.9 package option processing (HA)

(/usr/local/texlive/2022/texmf-dist/tex/generic/xkeyval/xkeyval.tex
(/usr/local/texlive/2022/texmf-dist/tex/generic/xkeyval/xkvutils.tex
\XKV@toks=\toks16
\XKV@tempa@toks=\toks17

(/usr/local/texlive/2022/texmf-dist/tex/generic/xkeyval/keyval.tex))
\XKV@depth=\count185
File: xkeyval.tex 2014/12/03 v2.7a key=value parser (HA)
))
(/usr/local/texlive/2022/texmf-dist/tex/latex/tools/calc.sty
Package: calc 2017/05/25 v4.3 Infix arithmetic (KKT,FJ)
\calc@Acount=\count186
\calc@Bcount=\count187
\calc@Adimen=\dimen140
\calc@Bdimen=\dimen141
\calc@Askip=\skip48
\calc@Bskip=\skip49
LaTeX Info: Redefining \setlength on input line 80.
LaTeX Info: Redefining \addtolength on input line 81.
\calc@Ccount=\count188
\calc@Cskip=\skip50
)
(/usr/local/texlive/2022/texmf-dist/tex/latex/etoolbox/etoolbox.sty
Package: etoolbox 2020/10/05 v2.5k e-TeX tools for LaTeX (JAW)
\etb@tempcnta=\count189
)
(/usr/local/texlive/2022/texmf-dist/tex/latex/base/article.cls
Document Class: article 2022/07/02 v1.4n Standard LaTeX document class
(/usr/local/texlive/2022/texmf-dist/tex/latex/base/size11.clo
File: size11.clo 2022/07/02 v1.4n Standard LaTeX file (size option)
)
\c@part=\count190
\c@section=\count191
\c@subsection=\count192
\c@subsubsection=\count193
\c@paragraph=\count194
\c@subparagraph=\count195
\c@figure=\count196
\c@table=\count197
\abovecaptionskip=\skip51
\belowcaptionskip=\skip52
\bibindent=\dimen142
)
(/usr/local/texlive/2022/texmf-dist/tex/latex/amsmath/amsmath.sty
Package: amsmath 2022/04/08 v2.17n AMS math features
\@mathmargin=\skip53

For additional information on amsmath, use the `?' option.
(/usr/local/texlive/2022/texmf-dist/tex/latex/amsmath/amstext.sty
Package: amstext 2021/08/26 v2.01 AMS text

(/usr/local/texlive/2022/texmf-dist/tex/latex/amsmath/amsgen.sty
File: amsgen.sty 1999/11/30 v2.0 generic functions
\@emptytoks=\toks18
\ex@=\dimen143
))
(/usr/local/texlive/2022/texmf-dist/tex/latex/amsmath/amsbsy.sty
Package: amsbsy 1999/11/29 v1.2d Bold Symbols
\pmbraise@=\dimen144
)
(/usr/local/texlive/2022/texmf-dist/tex/latex/amsmath/amsopn.sty
Package: amsopn 2022/04/08 v2.04 operator names
)
\inf@bad=\count198
LaTeX Info: Redefining \frac on input line 234.
\uproot@=\count199
\leftroot@=\count266
LaTeX Info: Redefining \overline on input line 399.
LaTeX Info: Redefining \colon on input line 410.
\classnum@=\count267
\DOTSCASE@=\count268
LaTeX Info: Redefining \ldots on input line 496.
LaTeX Info: Redefining \dots on input line 499.
LaTeX Info: Redefining \cdots on input line 620.
\Mathstrutbox@=\box51
\strutbox@=\box52
LaTeX Info: Redefining \big on input line 722.
LaTeX Info: Redefining \Big on input line 723.
LaTeX Info: Redefining \bigg on input line 724.
LaTeX Info: Redefining \Bigg on input line 725.
\big@size=\dimen145
LaTeX Font Info:    Redeclaring font encoding OML on input line 743.
LaTeX Font Info:    Redeclaring font encoding OMS on input line 744.
\macc@depth=\count269
LaTeX Info: Redefining \bmod on input line 905.
LaTeX Info: Redefining \pmod on input line 910.
LaTeX Info: Redefining \smash on input line 940.
LaTeX Info: Redefining \relbar on input line 970.
LaTeX Info: Redefining \Relbar on input line 971.
\c@MaxMatrixCols=\count270
\dotsspace@=\muskip16
\c@parentequation=\count271
\dspbrk@lvl=\count272
\tag@help=\toks19
\row@=\count273
\column@=\count274
\maxfields@=\count275
\andhelp@=\toks20
\eqnshift@=\dimen146
\alignsep@=\dimen147
\tagshift@=\dimen148
\tagwidth@=\dimen149
\totwidth@=\dimen150
\lineht@=\dimen151
\@envbody=\toks21
\multlinegap=\skip54
\multlinetaggap=\skip55
\mathdisplay@stack=\toks22
LaTeX Info: Redefining \[ on input line 2953.
LaTeX Info: Redefining \] on input line 2954.
)
(/usr/local/texlive/2022/texmf-dist/tex/latex/amsfonts/amssymb.sty
Package: amssymb 2013/01/14 v3.01 AMS font symbols

(/usr/local/texlive/2022/texmf-dist/tex/latex/amsfonts/amsfonts.sty
Package: amsfonts 2013/01/14 v3.01 Basic AMSFonts support
\symAMSa=\mathgroup4
\symAMSb=\mathgroup5
LaTeX Font Info:    Redeclaring math symbol \hbar on input line 98.
LaTeX Font Info:    Overwriting math alphabet `\mathfrak' in version `bold'
(Font)                  U/euf/m/n --> U/euf/b/n on input line 106.
))
(/usr/local/texlive/2022/texmf-dist/tex/latex/natbib/natbib.sty
Package: natbib 2010/09/13 8.31b (PWD, AO)
\bibhang=\skip56
\bibsep=\skip57
LaTeX Info: Redefining \cite on input line 694.
\c@NAT@ctr=\count276
)
(/usr/local/texlive/2022/texmf-dist/tex/latex/graphics/graphicx.sty
Package: graphicx 2021/09/16 v1.2d Enhanced LaTeX Graphics (DPC,SPQR)

(/usr/local/texlive/2022/texmf-dist/tex/latex/graphics/graphics.sty
Package: graphics 2022/03/10 v1.4e Standard LaTeX Graphics (DPC,SPQR)

(/usr/local/texlive/2022/texmf-dist/tex/latex/graphics/trig.sty
Package: trig 2021/08/11 v1.11 sin cos tan (DPC)
)
(/usr/local/texlive/2022/texmf-dist/tex/latex/graphics-cfg/graphics.cfg
File: graphics.cfg 2016/06/04 v1.11 sample graphics configuration
)
Package graphics Info: Driver file: pdftex.def on input line 107.

(/usr/local/texlive/2022/texmf-dist/tex/latex/graphics-def/pdftex.def
File: pdftex.def 2022/09/22 v1.2b Graphics/color driver for pdftex
))
\Gin@req@height=\dimen152
\Gin@req@width=\dimen153
)
(/usr/local/texlive/2022/texmf-dist/tex/latex/url/url.sty
\Urlmuskip=\muskip17
Package: url 2013/09/16  ver 3.4  Verb mode for urls, etc.
)
(/usr/local/texlive/2022/texmf-dist/tex/latex/xcolor/xcolor.sty
Package: xcolor 2022/06/12 v2.14 LaTeX color extensions (UK)

(/usr/local/texlive/2022/texmf-dist/tex/latex/graphics-cfg/color.cfg
File: color.cfg 2016/01/02 v1.6 sample color configuration
)
Package xcolor Info: Driver file: pdftex.def on input line 227.

(/usr/local/texlive/2022/texmf-dist/tex/latex/graphics/mathcolor.ltx)
Package xcolor Info: Model `cmy' substituted by `cmy0' on input line 1353.
Package xcolor Info: Model `hsb' substituted by `rgb' on input line 1357.
Package xcolor Info: Model `RGB' extended on input line 1369.
Package xcolor Info: Model `HTML' substituted by `rgb' on input line 1371.
Package xcolor Info: Model `Hsb' substituted by `hsb' on input line 1372.
Package xcolor Info: Model `tHsb' substituted by `hsb' on input line 1373.
Package xcolor Info: Model `HSB' substituted by `hsb' on input line 1374.
Package xcolor Info: Model `Gray' substituted by `gray' on input line 1375.
Package xcolor Info: Model `wave' substituted by `hsb' on input line 1376.

(/usr/local/texlive/2022/texmf-dist/tex/latex/xcolor/x11nam.def
File: x11nam.def 2022/06/12 v2.14 Predefined colors according to Unix/X11 (UK)
))
(/usr/local/texlive/2022/texmf-dist/tex/latex/algorithm2e/algorithm2e.sty
Package: algorithm2e 2017/07/18 v5.2 algorithms environments
\c@AlgoLine=\count277

(/usr/local/texlive/2022/texmf-dist/tex/latex/base/ifthen.sty
Package: ifthen 2022/04/13 v1.1d Standard LaTeX ifthen package (DPC)
)
\algocf@hangindent=\skip58

(/usr/local/texlive/2022/texmf-dist/tex/latex/ifoddpage/ifoddpage.sty
Package: ifoddpage 2022/10/18 v1.2 Conditionals for odd/even page detection
\c@checkoddpage=\count278
)
(/usr/local/texlive/2022/texmf-dist/tex/latex/tools/xspace.sty
Package: xspace 2014/10/28 v1.13 Space after command names (DPC,MH)
)
(/usr/local/texlive/2022/texmf-dist/tex/latex/relsize/relsize.sty
Package: relsize 2013/03/29 ver 4.1
)
\skiptotal=\skip59
\skiplinenumber=\skip60
\skiprule=\skip61
\skiphlne=\skip62
\skiptext=\skip63
\skiplength=\skip64
\algomargin=\skip65
\skipalgocfslide=\skip66
\algowidth=\dimen154
\inoutsize=\dimen155
\inoutindent=\dimen156
\interspacetitleruled=\dimen157
\interspacealgoruled=\dimen158
\interspacetitleboxruled=\dimen159
\algocf@ruledwidth=\skip67
\algocf@inoutbox=\box53
\algocf@inputbox=\box54
\AlCapSkip=\skip68
\AlCapHSkip=\skip69
\algoskipindent=\skip70
\algocf@nlbox=\box55
\algocf@hangingbox=\box56
\algocf@untilbox=\box57
\algocf@skipuntil=\skip71
\algocf@capbox=\box58
\algocf@lcaptionbox=\skip72
\algoheightruledefault=\skip73
\algoheightrule=\skip74
\algotitleheightruledefault=\skip75
\algotitleheightrule=\skip76
\c@algocfline=\count279
\c@algocfproc=\count280
\c@algocf=\count281
\algocf@algoframe=\box59
\algocf@algobox=\box60
)
(/usr/local/texlive/2022/texmf-dist/tex/latex/jmlr/jmlrutils.sty
Package: jmlrutils 2022/02/09 v1.30 (NLCT)
\c@subfigure=\count282
\@subfloatcapbox=\box61
\@subfloatcontsbox=\box62
\jmlrminsubcaptionwidth=\skip77
\c@subtable=\count283
\c@example=\count284
\c@theorem=\count285
)
(/usr/local/texlive/2022/texmf-dist/tex/latex/hyperref/hyperref.sty
Package: hyperref 2023-02-07 v7.00v Hypertext links for LaTeX

(/usr/local/texlive/2022/texmf-dist/tex/generic/ltxcmds/ltxcmds.sty
Package: ltxcmds 2020-05-10 v1.25 LaTeX kernel commands for general use (HO)
)
(/usr/local/texlive/2022/texmf-dist/tex/generic/iftex/iftex.sty
Package: iftex 2022/02/03 v1.0f TeX engine tests
)
(/usr/local/texlive/2022/texmf-dist/tex/generic/pdftexcmds/pdftexcmds.sty
Package: pdftexcmds 2020-06-27 v0.33 Utility functions of pdfTeX for LuaTeX (HO
)

(/usr/local/texlive/2022/texmf-dist/tex/generic/infwarerr/infwarerr.sty
Package: infwarerr 2019/12/03 v1.5 Providing info/warning/error messages (HO)
)
Package pdftexcmds Info: \pdf@primitive is available.
Package pdftexcmds Info: \pdf@ifprimitive is available.
Package pdftexcmds Info: \pdfdraftmode found.
)
(/usr/local/texlive/2022/texmf-dist/tex/latex/kvsetkeys/kvsetkeys.sty
Package: kvsetkeys 2022-10-05 v1.19 Key value parser (HO)
)
(/usr/local/texlive/2022/texmf-dist/tex/generic/kvdefinekeys/kvdefinekeys.sty
Package: kvdefinekeys 2019-12-19 v1.6 Define keys (HO)
)
(/usr/local/texlive/2022/texmf-dist/tex/generic/pdfescape/pdfescape.sty
Package: pdfescape 2019/12/09 v1.15 Implements pdfTeX's escape features (HO)
)
(/usr/local/texlive/2022/texmf-dist/tex/latex/hycolor/hycolor.sty
Package: hycolor 2020-01-27 v1.10 Color options for hyperref/bookmark (HO)
)
(/usr/local/texlive/2022/texmf-dist/tex/latex/letltxmacro/letltxmacro.sty
Package: letltxmacro 2019/12/03 v1.6 Let assignment for LaTeX macros (HO)
)
(/usr/local/texlive/2022/texmf-dist/tex/latex/auxhook/auxhook.sty
Package: auxhook 2019-12-17 v1.6 Hooks for auxiliary files (HO)
)
(/usr/local/texlive/2022/texmf-dist/tex/latex/hyperref/nameref.sty
Package: nameref 2022-05-17 v2.50 Cross-referencing by name of section

(/usr/local/texlive/2022/texmf-dist/tex/latex/refcount/refcount.sty
Package: refcount 2019/12/15 v3.6 Data extraction from label references (HO)
)
(/usr/local/texlive/2022/texmf-dist/tex/generic/gettitlestring/gettitlestring.s
ty
Package: gettitlestring 2019/12/15 v1.6 Cleanup title references (HO)
 (/usr/local/texlive/2022/texmf-dist/tex/latex/kvoptions/kvoptions.sty
Package: kvoptions 2022-06-15 v3.15 Key value format for package options (HO)
))
\c@section@level=\count286
)
\@linkdim=\dimen160
\Hy@linkcounter=\count287
\Hy@pagecounter=\count288

(/usr/local/texlive/2022/texmf-dist/tex/latex/hyperref/pd1enc.def
File: pd1enc.def 2023-02-07 v7.00v Hyperref: PDFDocEncoding definition (HO)
Now handling font encoding PD1 ...
... no UTF-8 mapping file for font encoding PD1
)
(/usr/local/texlive/2022/texmf-dist/tex/generic/intcalc/intcalc.sty
Package: intcalc 2019/12/15 v1.3 Expandable calculations with integers (HO)
)
(/usr/local/texlive/2022/texmf-dist/tex/generic/etexcmds/etexcmds.sty
Package: etexcmds 2019/12/15 v1.7 Avoid name clashes with e-TeX commands (HO)
)
\Hy@SavedSpaceFactor=\count289

(/usr/local/texlive/2022/texmf-dist/tex/latex/hyperref/puenc.def
File: puenc.def 2023-02-07 v7.00v Hyperref: PDF Unicode definition (HO)
Now handling font encoding PU ...
... no UTF-8 mapping file for font encoding PU
)
Package hyperref Info: Hyper figures OFF on input line 4177.
Package hyperref Info: Link nesting OFF on input line 4182.
Package hyperref Info: Hyper index ON on input line 4185.
Package hyperref Info: Plain pages OFF on input line 4192.
Package hyperref Info: Backreferencing OFF on input line 4197.
Package hyperref Info: Implicit mode ON; LaTeX internals redefined.
Package hyperref Info: Bookmarks ON on input line 4425.
\c@Hy@tempcnt=\count290
LaTeX Info: Redefining \url on input line 4763.
\XeTeXLinkMargin=\dimen161

(/usr/local/texlive/2022/texmf-dist/tex/generic/bitset/bitset.sty
Package: bitset 2019/12/09 v1.3 Handle bit-vector datatype (HO)

(/usr/local/texlive/2022/texmf-dist/tex/generic/bigintcalc/bigintcalc.sty
Package: bigintcalc 2019/12/15 v1.5 Expandable calculations on big integers (HO
)
))
\Fld@menulength=\count291
\Field@Width=\dimen162
\Fld@charsize=\dimen163
Package hyperref Info: Hyper figures OFF on input line 6042.
Package hyperref Info: Link nesting OFF on input line 6047.
Package hyperref Info: Hyper index ON on input line 6050.
Package hyperref Info: backreferencing OFF on input line 6057.
Package hyperref Info: Link coloring OFF on input line 6062.
Package hyperref Info: Link coloring with OCG OFF on input line 6067.
Package hyperref Info: PDF/A mode OFF on input line 6072.

(/usr/local/texlive/2022/texmf-dist/tex/latex/base/atbegshi-ltx.sty
Package: atbegshi-ltx 2021/01/10 v1.0c Emulation of the original atbegshi
package with kernel methods
)
\Hy@abspage=\count292
\c@Item=\count293
\c@Hfootnote=\count294
)
Package hyperref Info: Driver (autodetected): hpdftex.

(/usr/local/texlive/2022/texmf-dist/tex/latex/hyperref/hpdftex.def
File: hpdftex.def 2023-02-07 v7.00v Hyperref driver for pdfTeX

(/usr/local/texlive/2022/texmf-dist/tex/latex/base/atveryend-ltx.sty
Package: atveryend-ltx 2020/08/19 v1.0a Emulation of the original atveryend pac
kage
with kernel methods
)
\Fld@listcount=\count295
\c@bookmark@seq@number=\count296

(/usr/local/texlive/2022/texmf-dist/tex/latex/rerunfilecheck/rerunfilecheck.sty
Package: rerunfilecheck 2022-07-10 v1.10 Rerun checks for auxiliary files (HO)

(/usr/local/texlive/2022/texmf-dist/tex/generic/uniquecounter/uniquecounter.sty
Package: uniquecounter 2019/12/15 v1.4 Provide unlimited unique counter (HO)
)
Package uniquecounter Info: New unique counter `rerunfilecheck' on input line 2
85.
)
\Hy@SectionHShift=\skip78
)
Package hyperref Info: Option `colorlinks' set `true' on input line 165.
Package hyperref Info: Option `linktocpage' set `true' on input line 165.
Package hyperref Info: Option `plainpages' set `false' on input line 165.
\aftertitskip=\skip79
\beforetitskip=\skip80
\interauthorskip=\skip81
\aftermaketitskip=\skip82
\jmlrlength=\skip83
\jmlrbox=\box63
\c@chapter=\count297
\postchapterskip=\skip84
\prechapterskip=\skip85
) (/usr/local/texlive/2022/texmf-dist/tex/latex/booktabs/booktabs.sty
Package: booktabs 2020/01/12 v1.61803398 Publication quality tables
\heavyrulewidth=\dimen164
\lightrulewidth=\dimen165
\cmidrulewidth=\dimen166
\belowrulesep=\dimen167
\belowbottomsep=\dimen168
\aboverulesep=\dimen169
\abovetopsep=\dimen170
\cmidrulesep=\dimen171
\cmidrulekern=\dimen172
\defaultaddspace=\dimen173
\@cmidla=\count298
\@cmidlb=\count299
\@aboverulesep=\dimen174
\@belowrulesep=\dimen175
\@thisruleclass=\count300
\@lastruleclass=\count301
\@thisrulewidth=\dimen176
)
(/usr/local/texlive/2022/texmf-dist/tex/latex/wrapfig/wrapfig.sty
\wrapoverhang=\dimen177
\WF@size=\dimen178
\c@WF@wrappedlines=\count302
\WF@box=\box64
\WF@everypar=\toks23
Package: wrapfig 2003/01/31  v 3.6
)
(/usr/local/texlive/2022/texmf-dist/tex/latex/siunitx/siunitx.sty
Package: siunitx 2023-03-04 v3.2.2 A comprehensive (SI) units package
\l__siunitx_angle_tmp_dim=\dimen179
\l__siunitx_angle_marker_box=\box65
\l__siunitx_angle_unit_box=\box66
\l__siunitx_compound_count_int=\count303

(/usr/local/texlive/2022/texmf-dist/tex/latex/translations/translations.sty
Package: translations 2022/02/05 v1.12 internationalization of LaTeX2e packages
 (CN)
)
\l__siunitx_number_exponent_fixed_int=\count304
\l__siunitx_number_min_decimal_int=\count305
\l__siunitx_number_min_integer_int=\count306
\l__siunitx_number_round_precision_int=\count307
\l__siunitx_number_lower_threshold_int=\count308
\l__siunitx_number_upper_threshold_int=\count309
\l__siunitx_number_group_first_int=\count310
\l__siunitx_number_group_size_int=\count311
\l__siunitx_number_group_minimum_int=\count312
\l__siunitx_table_tmp_box=\box67
\l__siunitx_table_tmp_dim=\dimen180
\l__siunitx_table_column_width_dim=\dimen181
\l__siunitx_table_integer_box=\box68
\l__siunitx_table_decimal_box=\box69
\l__siunitx_table_uncert_box=\box70
\l__siunitx_table_before_box=\box71
\l__siunitx_table_after_box=\box72
\l__siunitx_table_before_dim=\dimen182
\l__siunitx_table_carry_dim=\dimen183
\l__siunitx_unit_tmp_int=\count313
\l__siunitx_unit_position_int=\count314
\l__siunitx_unit_total_int=\count315


Package siunitx Warning: Option "load-configurations" has been removed in this
(siunitx)                release.

(/usr/local/texlive/2022/texmf-dist/tex/latex/tools/array.sty
Package: array 2022/09/04 v2.5g Tabular extension package (FMi)
\col@sep=\dimen184
\ar@mcellbox=\box73
\extrarowheight=\dimen185
\NC@list=\toks24
\extratabsurround=\skip86
\backup@length=\skip87
\ar@cellbox=\box74
))
(/usr/local/texlive/2022/texmf-dist/tex/latex/enumitem/enumitem.sty
Package: enumitem 2019/06/20 v3.9 Customized lists
\enitkv@toks@=\toks25
\labelindent=\skip88
\enit@outerparindent=\dimen186
\enit@toks=\toks26
\enit@inbox=\box75
\enit@count@id=\count316
\enitdp@description=\count317
)
(/usr/local/texlive/2022/texmf-dist/tex/latex/float/float.sty
Package: float 2001/11/08 v1.3d Float enhancements (AL)
\c@float@type=\count318
\float@exts=\toks27
\float@box=\box76
\@float@everytoks=\toks28
\@floatcapt=\box77
)
(/usr/local/texlive/2022/texmf-dist/tex/latex/titlesec/titletoc.sty
Package: titletoc 2021/07/05 v2.14 TOC entries
\ttl@leftsep=\dimen187
)
(/usr/local/texlive/2022/texmf-dist/tex/latex/titlesec/titlesec.sty
Package: titlesec 2021/07/05 v2.14 Sectioning titles
\ttl@box=\box78
\beforetitleunit=\skip89
\aftertitleunit=\skip90
\ttl@plus=\dimen188
\ttl@minus=\dimen189
\ttl@toksa=\toks29
\titlewidth=\dimen190
\titlewidthlast=\dimen191
\titlewidthfirst=\dimen192
)
(/usr/local/texlive/2022/texmf-dist/tex/latex/caption/subcaption.sty
Package: subcaption 2022/01/07 v1.5 Sub-captions (AR)

(/usr/local/texlive/2022/texmf-dist/tex/latex/caption/caption.sty
Package: caption 2022/03/01 v3.6b Customizing captions (AR)

(/usr/local/texlive/2022/texmf-dist/tex/latex/caption/caption3.sty
Package: caption3 2022/03/17 v2.3b caption3 kernel (AR)
\caption@tempdima=\dimen193
\captionmargin=\dimen194
\caption@leftmargin=\dimen195
\caption@rightmargin=\dimen196
\caption@width=\dimen197
\caption@indent=\dimen198
\caption@parindent=\dimen199
\caption@hangindent=\dimen256
Package caption Info: Unknown document class (or package),
(caption)             standard defaults will be used.
Package caption Info: \@makecaption = \long macro:#1#2->\vskip 10pt \setbox \@t
empboxa \hbox {#1: #2}\ifdim \wd \@tempboxa >\hsize \begin {list}{#1:}{\settowi
dth {\labelwidth }{#1:} \setlength {\leftmargin }{\labelwidth } \addtolength {\
leftmargin }{\labelsep } }\item #2 \end {list}\par \else \hbox to\hsize {\hfil 
\box \@tempboxa \hfil } \fi  on input line 1176.
)

Package caption Warning: Unknown document class (or package),
(caption)                standard defaults will be used.
See the caption package documentation for explanation.

\c@caption@flags=\count319
\c@continuedfloat=\count320
Package caption Info: float package is loaded.
Package caption Info: hyperref package is loaded.
Package caption Info: wrapfig package is loaded.
)

! LaTeX Error: Command \c@subfigure already defined.
               Or name \end... illegal, see p.192 of the manual.

See the LaTeX manual or LaTeX Companion for explanation.
Type  H <return>  for immediate help.
 ...                                              
                                                  
l.241 ...hCaptionType{\DeclareCaptionSubType{#1}}}
                                                  
Your command was ignored.
Type  I <command> <return>  to replace it with another command,
or  <return>  to continue without it.


! LaTeX Error: Command \subfigure already defined.
               Or name \end... illegal, see p.192 of the manual.

See the LaTeX manual or LaTeX Companion for explanation.
Type  H <return>  for immediate help.
 ...                                              
                                                  
l.241 ...hCaptionType{\DeclareCaptionSubType{#1}}}
                                                  
Your command was ignored.
Type  I <command> <return>  to replace it with another command,
or  <return>  to continue without it.


! LaTeX Error: Command \c@subtable already defined.
               Or name \end... illegal, see p.192 of the manual.

See the LaTeX manual or LaTeX Companion for explanation.
Type  H <return>  for immediate help.
 ...                                              
                                                  
l.241 ...hCaptionType{\DeclareCaptionSubType{#1}}}
                                                  
Your command was ignored.
Type  I <command> <return>  to replace it with another command,
or  <return>  to continue without it.


! LaTeX Error: Command \subtable already defined.
               Or name \end... illegal, see p.192 of the manual.

See the LaTeX manual or LaTeX Companion for explanation.
Type  H <return>  for immediate help.
 ...                                              
                                                  
l.241 ...hCaptionType{\DeclareCaptionSubType{#1}}}
                                                  
Your command was ignored.
Type  I <command> <return>  to replace it with another command,
or  <return>  to continue without it.

)
Package translations Info: No language package found. I am going to use `englis
h' as default language. on input line 73.
 (/usr/local/texlive/2022/texmf-dist/tex/latex/l3backend/l3backend-pdftex.def
File: l3backend-pdftex.def 2023-01-16 L3 backend support: PDF output (pdfTeX)
\l__color_backend_stack_int=\count321
\l__pdf_internal_box=\box79
)
(/diff_test_tex_engines/docker_bin_2/version_compiled_pdf/2306.00003/2306.00003
_tl2022.aux)
\openout1 = `2306.00003_tl2022.aux'.

LaTeX Font Info:    Checking defaults for OML/cmm/m/it on input line 73.
LaTeX Font Info:    ... okay on input line 73.
LaTeX Font Info:    Checking defaults for OMS/cmsy/m/n on input line 73.
LaTeX Font Info:    ... okay on input line 73.
LaTeX Font Info:    Checking defaults for OT1/cmr/m/n on input line 73.
LaTeX Font Info:    ... okay on input line 73.
LaTeX Font Info:    Checking defaults for T1/cmr/m/n on input line 73.
LaTeX Font Info:    ... okay on input line 73.
LaTeX Font Info:    Checking defaults for TS1/cmr/m/n on input line 73.
LaTeX Font Info:    ... okay on input line 73.
LaTeX Font Info:    Checking defaults for OMX/cmex/m/n on input line 73.
LaTeX Font Info:    ... okay on input line 73.
LaTeX Font Info:    Checking defaults for U/cmr/m/n on input line 73.
LaTeX Font Info:    ... okay on input line 73.
LaTeX Font Info:    Checking defaults for PD1/pdf/m/n on input line 73.
LaTeX Font Info:    ... okay on input line 73.
LaTeX Font Info:    Checking defaults for PU/pdf/m/n on input line 73.
LaTeX Font Info:    ... okay on input line 73.

(/usr/local/texlive/2022/texmf-dist/tex/context/base/mkii/supp-pdf.mkii
[Loading MPS to PDF converter (version 2006.09.02).]
\scratchcounter=\count322
\scratchdimen=\dimen257
\scratchbox=\box80
\nofMPsegments=\count323
\nofMParguments=\count324
\everyMPshowfont=\toks30
\MPscratchCnt=\count325
\MPscratchDim=\dimen258
\MPnumerator=\count326
\makeMPintoPDFobject=\count327
\everyMPtoPDFconversion=\toks31
) (/usr/local/texlive/2022/texmf-dist/tex/latex/epstopdf-pkg/epstopdf-base.sty
Package: epstopdf-base 2020-01-24 v2.11 Base part for package epstopdf
Package epstopdf-base Info: Redefining graphics rule for `.eps' on input line 4
85.

(/usr/local/texlive/2022/texmf-dist/tex/latex/latexconfig/epstopdf-sys.cfg
File: epstopdf-sys.cfg 2010/07/13 v1.3 Configuration of (r)epstopdf for TeX Liv
e
))
Package hyperref Info: Link coloring ON on input line 73.
\@outlinefile=\write3
\openout3 = `2306.00003_tl2022.out'.


(/usr/local/texlive/2022/texmf-dist/tex/latex/translations/translations-basic-d
ictionary-english.trsl
File: translations-basic-dictionary-english.trsl (english translation file `tra
nslations-basic-dictionary')
)
Package caption Info: Begin \AtBeginDocument code.
Package caption Info: End \AtBeginDocument code.
LaTeX Font Info:    Trying to load font information for U+msa on input line 80.


(/usr/local/texlive/2022/texmf-dist/tex/latex/amsfonts/umsa.fd
File: umsa.fd 2013/01/14 v3.01 AMS symbols A
)
LaTeX Font Info:    Trying to load font information for U+msb on input line 80.


(/usr/local/texlive/2022/texmf-dist/tex/latex/amsfonts/umsb.fd
File: umsb.fd 2013/01/14 v3.01 AMS symbols B
) (./abstract.tex)

Package hyperref Warning: Ignoring empty anchor on input line 85.

\c@ttl@toc@sections=\count328
(./intro.tex

Package natbib Warning: Citation `yadgir2020global' on page 1 undefined on inpu
t line 2.


Package natbib Warning: Citation `gardezi2018cardiac' on page 1 undefined on in
put line 2.

(./fig1_diagram.tex

Package natbib Warning: Citation `holste2022automated' on page 1 undefined on i
nput line 8.



pdfTeX warning: pdflatex (file ./figures/MIL_for_AS_diagram_1.pdf): PDF inclusi
on: found PDF version <1.7>, but at most version <1.5> allowed
<figures/MIL_for_AS_diagram_1.pdf, id=5, 722.7pt x 406.51875pt>
File: figures/MIL_for_AS_diagram_1.pdf Graphic file (type pdf)
<use figures/MIL_for_AS_diagram_1.pdf>
Package pdftex.def Info: figures/MIL_for_AS_diagram_1.pdf  used on input line 1
1.
(pdftex.def)             Requested size: 195.12767pt x 109.75531pt.


pdfTeX warning: pdflatex (file ./figures/MIL_for_AS_diagram_2.pdf): PDF inclusi
on: found PDF version <1.7>, but at most version <1.5> allowed
<figures/MIL_for_AS_diagram_2.pdf, id=6, 722.7pt x 406.51875pt>
File: figures/MIL_for_AS_diagram_2.pdf Graphic file (type pdf)
<use figures/MIL_for_AS_diagram_2.pdf>
Package pdftex.def Info: figures/MIL_for_AS_diagram_2.pdf  used on input line 1
3.
(pdftex.def)             Requested size: 195.12767pt x 109.75531pt.


pdfTeX warning: pdflatex (file ./figures/MIL_for_AS_diagram_3.pdf): PDF inclusi
on: found PDF version <1.7>, but at most version <1.5> allowed
<figures/MIL_for_AS_diagram_3.pdf, id=7, 722.7pt x 406.51875pt>
File: figures/MIL_for_AS_diagram_3.pdf Graphic file (type pdf)
<use figures/MIL_for_AS_diagram_3.pdf>
Package pdftex.def Info: figures/MIL_for_AS_diagram_3.pdf  used on input line 1
5.
(pdftex.def)             Requested size: 195.12767pt x 109.75531pt.


pdfTeX warning: pdflatex (file ./figures/MIL_for_AS_diagram_4.pdf): PDF inclusi
on: found PDF version <1.7>, but at most version <1.5> allowed
<figures/MIL_for_AS_diagram_4.pdf, id=8, 722.7pt x 406.51875pt>
File: figures/MIL_for_AS_diagram_4.pdf Graphic file (type pdf)
<use figures/MIL_for_AS_diagram_4.pdf>
Package pdftex.def Info: figures/MIL_for_AS_diagram_4.pdf  used on input line 1
7.
(pdftex.def)             Requested size: 195.12767pt x 109.75531pt.

Package natbib Warning: Citation `wessler2023automated' on page 1 undefined on 
input line 20.


Package natbib Warning: Citation `huang2021new' on page 1 undefined on input li
ne 20.


Underfull \hbox (badness 10000) in paragraph at lines 24--25

 []


Package natbib Warning: Citation `mitchell2019guidelines' on page 1 undefined o
n input line 33.


LaTeX Warning: Reference `sec:methods_SA' on page 1 undefined on input line 33.



LaTeX Warning: Reference `sec:methods_CL' on page 1 undefined on input line 33.



Package natbib Warning: Citation `mitchell2019guidelines' on page 1 undefined o
n input line 33.


LaTeX Warning: Reference `sec:methods_SA' on page 1 undefined on input line 33.



LaTeX Warning: Reference `sec:methods_CL' on page 1 undefined on input line 33.


)

LaTeX Warning: Reference `fig:diagrams' on page 1 undefined on input line 14.


LaTeX Warning: Reference `jmlrstart' on page 1 undefined on input line 15.


LaTeX Warning: Reference `jmlrend' on page 1 undefined on input line 15.

[1{/usr/local/texlive/2022/texmf-var/fonts/map/pdftex/updmap/pdftex.map}

]

Package natbib Warning: Citation `ilse2018attention' on page 2 undefined on inp
ut line 21.


Package natbib Warning: Citation `lee2019set' on page 2 undefined on input line
 21.


Package natbib Warning: Citation `sharma2021cluster' on page 2 undefined on inp
ut line 21.


Package natbib Warning: Citation `shao2021transmil' on page 2 undefined on inpu
t line 21.


LaTeX Warning: Reference `fig:diagrams' on page 2 undefined on input line 27.


Package natbib Warning: Citation `holste2022automated' on page 2 undefined on i
nput line 27.


LaTeX Warning: Reference `fig:diagrams' on page 2 undefined on input line 27.


Package natbib Warning: Citation `huang2021new' on page 2 undefined on input li
ne 27.


Package natbib Warning: Citation `wessler2023automated' on page 2 undefined on 
input line 27.


LaTeX Warning: Reference `sec:Results' on page 2 undefined on input line 28.


Package natbib Warning: Citation `holste2022automated' on page 2 undefined on i
nput line 28.

[2 <./figures/MIL_for_AS_diagram_1.pdf> <./figures/MIL_for_AS_diagram_2.pdf

pdfTeX warning: pdflatex (file ./figures/MIL_for_AS_diagram_2.pdf): PDF inclusi
on: multiple pdfs with page group included in a single page
> <./figures/MIL_for_AS_diagram_3.pdf

pdfTeX warning: pdflatex (file ./figures/MIL_for_AS_diagram_3.pdf): PDF inclusi
on: multiple pdfs with page group included in a single page
> <./figures/MIL_for_AS_diagram_4.pdf

pdfTeX warning: pdflatex (file ./figures/MIL_for_AS_diagram_4.pdf): PDF inclusi
on: multiple pdfs with page group included in a single page
>]

LaTeX Warning: Reference `sec:methods_SA' on page 3 undefined on input line 32.



Package natbib Warning: Citation `ilse2018attention' on page 3 undefined on inp
ut line 33.


LaTeX Warning: Reference `sec:methods_CL' on page 3 undefined on input line 34.



LaTeX Warning: Reference `sec:methods_SA' on page 3 undefined on input line 42.



LaTeX Warning: Reference `sec:methods_CL' on page 3 undefined on input line 42.


) (./related_work.tex

Package natbib Warning: Citation `dietterich1997solving' on page 3 undefined on
 input line 3.


Package natbib Warning: Citation `maron1997framework' on page 3 undefined on in
put line 3.


Package natbib Warning: Citation `cosatto2013automated' on page 3 undefined on 
input line 5.


Package natbib Warning: Citation `shao2021transmil' on page 3 undefined on inpu
t line 5.


Package natbib Warning: Citation `li2021dual' on page 3 undefined on input line
 5.


Package natbib Warning: Citation `quellec2012multiple' on page 3 undefined on i
nput line 8.


Package natbib Warning: Citation `li2021deep' on page 3 undefined on input line
 8.


Package natbib Warning: Citation `li2021multi' on page 3 undefined on input lin
e 8.


Package natbib Warning: Citation `kandemir2015computer' on page 3 undefined on 
input line 8.


Package natbib Warning: Citation `borowa2020classifying' on page 3 undefined on
 input line 8.


Package natbib Warning: Citation `dietterich1997solving' on page 3 undefined on
 input line 8.


Package natbib Warning: Citation `zhao2013drug' on page 3 undefined on input li
ne 8.


Package natbib Warning: Citation `campanella2019clinical' on page 3 undefined o
n input line 8.


Package natbib Warning: Citation `chikontwe2020multiple' on page 3 undefined on
 input line 8.


Package natbib Warning: Citation `hou2016patch' on page 3 undefined on input li
ne 8.


Package natbib Warning: Citation `ding2012breast' on page 3 undefined on input 
line 8.


Package natbib Warning: Citation `xu2014weakly' on page 3 undefined on input li
ne 8.


Package natbib Warning: Citation `zhou2004multi' on page 3 undefined on input l
ine 9.


Package natbib Warning: Citation `quellec2017multiple' on page 3 undefined on i
nput line 9.


Package natbib Warning: Citation `carbonneau2018multiple' on page 3 undefined o
n input line 9.


Package natbib Warning: Citation `wang2018revisiting' on page 3 undefined on in
put line 14.


Package natbib Warning: Citation `liu2017detecting' on page 3 undefined on inpu
t line 14.

[3]

LaTeX Warning: Reference `app:relatedworks' on page 4 undefined on input line 3
0.


Package natbib Warning: Citation `ilse2018attention' on page 4 undefined on inp
ut line 31.


Package natbib Warning: Citation `lee2019set' on page 4 undefined on input line
 32.


Package natbib Warning: Citation `vaswani2017attention' on page 4 undefined on 
input line 32.


Package natbib Warning: Citation `shao2021transmil' on page 4 undefined on inpu
t line 32.


Package natbib Warning: Citation `sharma2021cluster' on page 4 undefined on inp
ut line 32.


Package natbib Warning: Citation `li2021dual' on page 4 undefined on input line
 33.


Package natbib Warning: Citation `oord2018representation' on page 4 undefined o
n input line 44.


Package natbib Warning: Citation `chen2020simple' on page 4 undefined on input 
line 44.


Package natbib Warning: Citation `he2020momentum' on page 4 undefined on input 
line 44.


Package natbib Warning: Citation `chen2020improved' on page 4 undefined on inpu
t line 44.


Package natbib Warning: Citation `grill2020bootstrap' on page 4 undefined on in
put line 44.


Package natbib Warning: Citation `caron2020unsupervised' on page 4 undefined on
 input line 44.


Package natbib Warning: Citation `chen2021exploring' on page 4 undefined on inp
ut line 44.


Package natbib Warning: Citation `oord2018representation' on page 4 undefined o
n input line 46.


Package natbib Warning: Citation `gidaris2018unsupervised' on page 4 undefined 
on input line 47.


Package natbib Warning: Citation `noroozi2016unsupervised' on page 4 undefined 
on input line 48.


Package natbib Warning: Citation `wu2018unsupervised' on page 4 undefined on in
put line 52.


Package natbib Warning: Citation `oord2018representation' on page 4 undefined o
n input line 52.


Package natbib Warning: Citation `he2020momentum' on page 4 undefined on input 
line 52.


Package natbib Warning: Citation `chen2020improved' on page 4 undefined on inpu
t line 52.


Package natbib Warning: Citation `holste2022self' on page 4 undefined on input 
line 56.


Package natbib Warning: Citation `holste2022automated' on page 4 undefined on i
nput line 56.


Package natbib Warning: Citation `liu2022multiple' on page 4 undefined on input
 line 56.


Package natbib Warning: Citation `lu2019semi' on page 4 undefined on input line
 56.


Package natbib Warning: Citation `li2021dual' on page 4 undefined on input line
 56.


Package natbib Warning: Citation `saillard2021self' on page 4 undefined on inpu
t line 56.


Package natbib Warning: Citation `dehaene2020self' on page 4 undefined on input
 line 56.


Package natbib Warning: Citation `rymarczyk2023protomil' on page 4 undefined on
 input line 56.


Package natbib Warning: Citation `arora2019theoretical' on page 4 undefined on 
input line 58.


Package natbib Warning: Citation `chuang2020debiased' on page 4 undefined on in
put line 58.


Package natbib Warning: Citation `khosla2020supervised' on page 4 undefined on 
input line 58.


Package natbib Warning: Citation `dwibedi2021little' on page 4 undefined on inp
ut line 58.


Package natbib Warning: Citation `zheng2021weakly' on page 4 undefined on input
 line 58.


Package natbib Warning: Citation `ash2021investigating' on page 4 undefined on 
input line 58.


Package natbib Warning: Citation `li2021comatch' on page 4 undefined on input l
ine 58.


Overfull \hbox (13.50099pt too wide) in paragraph at lines 56--59
[]\OT1/cmr/m/n/10.95 Recently, self-supervision has been suc-cess-fully ap-plie
d to pre-train MIL mod-els (\OT1/cmr/bx/n/10.95 ????????\OT1/cmr/m/n/10.95 ).
 []


LaTeX Warning: Reference `fig:diagrams' on page 4 undefined on input line 73.


Package natbib Warning: Citation `dai2023identifying' on page 4 undefined on in
put line 74.


Package natbib Warning: Citation `holste2022automated' on page 4 undefined on i
nput line 75.

[4]

LaTeX Warning: Reference `fig:diagrams' on page 5 undefined on input line 78.


Package natbib Warning: Citation `huang2021new' on page 5 undefined on input li
ne 79.


Package natbib Warning: Citation `wessler2023automated' on page 5 undefined on 
input line 79.


Package natbib Warning: Citation `krishna2023fully' on page 5 undefined on inpu
t line 81.


Package natbib Warning: Citation `cohen2021electrocardiogram' on page 5 undefin
ed on input line 84.


Package natbib Warning: Citation `elias2022deep' on page 5 undefined on input l
ine 84.


Package natbib Warning: Citation `yangClassificationAorticStenosis2020' on page
 5 undefined on input line 84.


Package natbib Warning: Citation `dai2023identifying' on page 5 undefined on in
put line 87.


Package natbib Warning: Citation `holste2022automated' on page 5 undefined on i
nput line 87.

) (./dataset.tex

Package natbib Warning: Citation `huang2021new' on page 5 undefined on input li
ne 8.


Package natbib Warning: Citation `huang2021new' on page 5 undefined on input li
ne 9.

LaTeX Font Info:    Trying to load font information for OMS+cmr on input line 2
2.
(/usr/local/texlive/2022/texmf-dist/tex/latex/base/omscmr.fd
File: omscmr.fd 2022/07/10 v2.5l Standard LaTeX font definitions
)
LaTeX Font Info:    Font shape `OMS/cmr/m/n' in size <10.95> not available
(Font)              Font shape `OMS/cmsy/m/n' tried instead on input line 22.


Package natbib Warning: Citation `mitchell2019guidelines' on page 5 undefined o
n input line 23.

[5])

LaTeX Warning: Reference `sec:methods_formulation' on page 6 undefined on input
 line 104.


LaTeX Warning: Reference `sec:base_arch' on page 6 undefined on input line 105.



LaTeX Warning: Reference `sec:methods_SA' on page 6 undefined on input line 107
.


LaTeX Warning: Reference `sec:methods_CL' on page 6 undefined on input line 108
.


LaTeX Warning: Reference `fig:workflow_diagram' on page 6 undefined on input li
ne 108.

(./fig2_workflow_diagram.tex
<figures/SAMIL_diagram_draft1.png, id=227, 1169.3286pt x 600.5637pt>
File: figures/SAMIL_diagram_draft1.png Graphic file (type png)
<use figures/SAMIL_diagram_draft1.png>
Package pdftex.def Info: figures/SAMIL_diagram_draft1.png  used on input line 3
.
(pdftex.def)             Requested size: 433.62pt x 222.69994pt.


LaTeX Warning: Reference `eq:patient_embedding_samil' on page 6 undefined on in
put line 7.


LaTeX Warning: Reference `sec:methods_CL' on page 6 undefined on input line 7.


Package natbib Warning: Citation `chen2020simple' on page 6 undefined on input 
line 7.


Package natbib Warning: Citation `chen2020improved' on page 6 undefined on inpu
t line 7.


LaTeX Warning: Reference `eq:patient_embedding_samil' on page 6 undefined on in
put line 7.


LaTeX Warning: Reference `sec:methods_CL' on page 6 undefined on input line 7.


Package natbib Warning: Citation `chen2020simple' on page 6 undefined on input 
line 7.


Package natbib Warning: Citation `chen2020improved' on page 6 undefined on inpu
t line 7.

) (./methods.tex

Package natbib Warning: Citation `huang2022tmed' on page 6 undefined on input l
ine 19.


Package natbib Warning: Citation `ilse2018attention' on page 6 undefined on inp
ut line 26.


Package natbib Warning: Citation `li2021dual' on page 6 undefined on input line
 26.


LaTeX Warning: Reference `fig:diagrams' on page 6 undefined on input line 26.

[6]

LaTeX Warning: Reference `app:Architecture' on page 7 undefined on input line 4
4.

[7 <./figures/SAMIL_diagram_draft1.png>]

LaTeX Warning: Reference `eq:patient_embedding_abmil' on page 8 undefined on in
put line 68.


LaTeX Warning: Reference `tab:TMED2_BACC' on page 8 undefined on input line 90.



LaTeX Warning: Reference `eq:patient_embedding_abmil' on page 8 undefined on in
put line 90.


LaTeX Warning: Reference `fig:Attention_View_Alignment' on page 8 undefined on 
input line 90.


Package natbib Warning: Citation `madani2018fast' on page 8 undefined on input 
line 94.


Package natbib Warning: Citation `zhang2018fully' on page 8 undefined on input 
line 94.


Package natbib Warning: Citation `long2018identification' on page 8 undefined o
n input line 94.


Package natbib Warning: Citation `huang2021new' on page 8 undefined on input li
ne 94.


LaTeX Warning: Reference `eq:patient_embedding_abmil' on page 8 undefined on in
put line 97.

[8]

Package natbib Warning: Citation `hinton2015distilling' on page 9 undefined on 
input line 115.


Package natbib Warning: Citation `huang2022fix' on page 9 undefined on input li
ne 121.


LaTeX Warning: Reference `app:ViewClassifier' on page 9 undefined on input line
 121.


Package natbib Warning: Citation `holste2022self' on page 9 undefined on input 
line 155.


Package natbib Warning: Citation `holste2022automated' on page 9 undefined on i
nput line 155.


Package natbib Warning: Citation `liu2022multiple' on page 9 undefined on input
 line 155.


Package natbib Warning: Citation `lu2019semi' on page 9 undefined on input line
 155.


Package natbib Warning: Citation `li2021dual' on page 9 undefined on input line
 155.


Package natbib Warning: Citation `saillard2021self' on page 9 undefined on inpu
t line 155.


Package natbib Warning: Citation `dehaene2020self' on page 9 undefined on input
 line 155.


Package natbib Warning: Citation `rymarczyk2023protomil' on page 9 undefined on
 input line 155.


LaTeX Warning: Reference `tab:Pretraining strategy ablation' on page 9 undefine
d on input line 158.

[9]

Package natbib Warning: Citation `he2020momentum' on page 10 undefined on input
 line 163.


Package natbib Warning: Citation `chen2020improved' on page 10 undefined on inp
ut line 163.


Package natbib Warning: Citation `wu2018unsupervised' on page 10 undefined on i
nput line 164.


Package natbib Warning: Citation `ye2019unsupervised' on page 10 undefined on i
nput line 164.


Package natbib Warning: Citation `bachman2019learning' on page 10 undefined on 
input line 164.


Package natbib Warning: Citation `he2020momentum' on page 10 undefined on input
 line 172.


Package natbib Warning: Citation `oord2018representation' on page 10 undefined 
on input line 178.


Package natbib Warning: Citation `he2020momentum' on page 10 undefined on input
 line 191.


Package natbib Warning: Citation `li2021dual' on page 10 undefined on input lin
e 269.


Package natbib Warning: Citation `chen2020simple' on page 10 undefined on input
 line 269.


Package natbib Warning: Citation `he2020momentum' on page 10 undefined on input
 line 269.


Package natbib Warning: Citation `chen2020improved' on page 10 undefined on inp
ut line 269.

[10]

LaTeX Warning: Reference `sec:methods_CL' on page 11 undefined on input line 34
6.


Package natbib Warning: Citation `chen2020improved' on page 11 undefined on inp
ut line 347.


Package natbib Warning: Citation `chen2020simple' on page 11 undefined on input
 line 347.


LaTeX Warning: Reference `app:SSL_Pretraining' on page 11 undefined on input li
ne 347.


LaTeX Warning: Reference `fig:workflow_diagram' on page 11 undefined on input l
ine 359.

) (./Results.tex

Package natbib Warning: Citation `huang2021new' on page 11 undefined on input l
ine 4.


Package natbib Warning: Citation `zaheer2017deep' on page 11 undefined on input
 line 18.


Package natbib Warning: Citation `ilse2018attention' on page 11 undefined on in
put line 18.


Package natbib Warning: Citation `lee2019set' on page 11 undefined on input lin
e 18.


Package natbib Warning: Citation `li2021dual' on page 11 undefined on input lin
e 18.


Package natbib Warning: Citation `wessler2023automated' on page 11 undefined on
 input line 18.


Package natbib Warning: Citation `holste2022automated' on page 11 undefined on 
input line 18.


Package natbib Warning: Citation `holste2022self' on page 11 undefined on input
 line 18.


LaTeX Warning: Reference `App:DeepSet' on page 11 undefined on input line 19.

(./tab_1_test_acc_on_TMED.tex

Package natbib Warning: Citation `holste2022automated' on page 11 undefined on 
input line 26.


Package natbib Warning: Citation `wessler2023automated' on page 11 undefined on
 input line 26.


Package natbib Warning: Citation `ilse2018attention' on page 11 undefined on in
put line 27.


Package natbib Warning: Citation `lee2019set' on page 11 undefined on input lin
e 27.


Package natbib Warning: Citation `li2021dual' on page 11 undefined on input lin
e 27.


LaTeX Warning: Reference `fig:diagrams' on page 11 undefined on input line 31.


LaTeX Warning: Reference `fig:diagrams' on page 11 undefined on input line 31.

[11])

LaTeX Warning: Reference `tab:TMED2_BACC' on page 12 undefined on input line 29
.


LaTeX Warning: Reference `tab:TMED2_BACC' on page 12 undefined on input line 38
.


Package natbib Warning: Citation `holste2022automated' on page 12 undefined on 
input line 38.


Package natbib Warning: Citation `holste2022self' on page 12 undefined on input
 line 38.


Package natbib Warning: Citation `wessler2023automated' on page 12 undefined on
 input line 38.


LaTeX Warning: Reference `fig:confusion_matrix' on page 12 undefined on input l
ine 40.


LaTeX Warning: Reference `fig:TMED2_roc' on page 12 undefined on input line 48.



LaTeX Warning: Reference `tab:AUC_analysis_323' on page 12 undefined on input l
ine 56.

[12] (./tab_2_external_valid.tex
Overfull \hbox (3.84921pt too wide) in paragraph at lines 20--41
 [][] 
 []

)

LaTeX Warning: Reference `fig:Attention_View_Alignment' on page 13 undefined on
 input line 68.


Package natbib Warning: Citation `holzinger2017we' on page 13 undefined on inpu
t line 70.


Package natbib Warning: Citation `lundberg2017unified' on page 13 undefined on 
input line 70.


Package natbib Warning: Citation `tonekaboni2019clinicians' on page 13 undefine
d on input line 70.


LaTeX Warning: Reference `fig:top_attended_images' on page 13 undefined on inpu
t line 77.


LaTeX Warning: Reference `app:ViewClassifier' on page 13 undefined on input lin
e 79.

(./fig_AttentionWeights_and_Relevance_Alignment.tex
<figures/Attention_View_Alignment/data_seed0.pdf, id=286, 433.62pt x 289.08pt>
File: figures/Attention_View_Alignment/data_seed0.pdf Graphic file (type pdf)
<use figures/Attention_View_Alignment/data_seed0.pdf>
Package pdftex.def Info: figures/Attention_View_Alignment/data_seed0.pdf  used 
on input line 6.
(pdftex.def)             Requested size: 138.76157pt x 92.50748pt.
<figures/Attention_View_Alignment/data_seed1.pdf, id=287, 433.62pt x 289.08pt>
File: figures/Attention_View_Alignment/data_seed1.pdf Graphic file (type pdf)
<use figures/Attention_View_Alignment/data_seed1.pdf>
Package pdftex.def Info: figures/Attention_View_Alignment/data_seed1.pdf  used 
on input line 8.
(pdftex.def)             Requested size: 138.76157pt x 92.50748pt.
<figures/Attention_View_Alignment/data_seed2.pdf, id=288, 433.62pt x 289.08pt>
File: figures/Attention_View_Alignment/data_seed2.pdf Graphic file (type pdf)
<use figures/Attention_View_Alignment/data_seed2.pdf>
Package pdftex.def Info: figures/Attention_View_Alignment/data_seed2.pdf  used 
on input line 10.
(pdftex.def)             Requested size: 138.76157pt x 92.50748pt.
)
Overfull \hbox (21.06956pt too wide) in paragraph at lines 102--102
 [][] 
 []


Overfull \hbox (20.52037pt too wide) in paragraph at lines 119--119
 [][] 
 []


LaTeX Warning: `!h' float specifier changed to `!ht'.


LaTeX Warning: Reference `tab:View Regularization ablation' on page 13 undefine
d on input line 123.

[13]

LaTeX Warning: Reference `tab:Pretraining strategy ablation' on page 14 undefin
ed on input line 125.

) (./discussion.tex [14 <./figures/Attention_View_Alignment/data_seed0.pdf> <./
figures/Attention_View_Alignment/data_seed1.pdf> <./figures/Attention_View_Alig
nment/data_seed2.pdf>])
No file 2306.00003_tl2022.bbl.
No file 2306.00003_tl2022.ptc.
(./fig_confusion_mat.tex
<figures/confusion_matrix/cropped_seed0/JASE.pdf, id=338, 662.475pt x 647.41875
pt>
File: figures/confusion_matrix/cropped_seed0/JASE.pdf Graphic file (type pdf)
<use figures/confusion_matrix/cropped_seed0/JASE.pdf>
Package pdftex.def Info: figures/confusion_matrix/cropped_seed0/JASE.pdf  used 
on input line 10.
(pdftex.def)             Requested size: 125.74689pt x 122.88242pt.
<figures/confusion_matrix/cropped_seed1/JASE.pdf, id=339, 662.475pt x 647.41875
pt>
File: figures/confusion_matrix/cropped_seed1/JASE.pdf Graphic file (type pdf)
<use figures/confusion_matrix/cropped_seed1/JASE.pdf>
Package pdftex.def Info: figures/confusion_matrix/cropped_seed1/JASE.pdf  used 
on input line 12.
(pdftex.def)             Requested size: 125.74689pt x 122.88242pt.
<figures/confusion_matrix/cropped_seed2/JASE.pdf, id=340, 662.475pt x 647.41875
pt>
File: figures/confusion_matrix/cropped_seed2/JASE.pdf Graphic file (type pdf)
<use figures/confusion_matrix/cropped_seed2/JASE.pdf>
Package pdftex.def Info: figures/confusion_matrix/cropped_seed2/JASE.pdf  used 
on input line 14.
(pdftex.def)             Requested size: 125.74689pt x 122.88242pt.
<figures/confusion_matrix/cropped_seed0/OffTheShelfABMIL.pdf, id=341, 662.475pt
 x 647.41875pt>
File: figures/confusion_matrix/cropped_seed0/OffTheShelfABMIL.pdf Graphic file 
(type pdf)
<use figures/confusion_matrix/cropped_seed0/OffTheShelfABMIL.pdf>
Package pdftex.def Info: figures/confusion_matrix/cropped_seed0/OffTheShelfABMI
L.pdf  used on input line 18.
(pdftex.def)             Requested size: 125.74689pt x 122.88242pt.
<figures/confusion_matrix/cropped_seed1/OffTheShelfABMIL.pdf, id=342, 662.475pt
 x 647.41875pt>
File: figures/confusion_matrix/cropped_seed1/OffTheShelfABMIL.pdf Graphic file 
(type pdf)
<use figures/confusion_matrix/cropped_seed1/OffTheShelfABMIL.pdf>
Package pdftex.def Info: figures/confusion_matrix/cropped_seed1/OffTheShelfABMI
L.pdf  used on input line 20.
(pdftex.def)             Requested size: 125.74689pt x 122.88242pt.
<figures/confusion_matrix/cropped_seed2/OffTheShelfABMIL.pdf, id=343, 662.475pt
 x 647.41875pt>
File: figures/confusion_matrix/cropped_seed2/OffTheShelfABMIL.pdf Graphic file 
(type pdf)
<use figures/confusion_matrix/cropped_seed2/OffTheShelfABMIL.pdf>
Package pdftex.def Info: figures/confusion_matrix/cropped_seed2/OffTheShelfABMI
L.pdf  used on input line 22.
(pdftex.def)             Requested size: 125.74689pt x 122.88242pt.
<figures/confusion_matrix/cropped_seed0/OffTheShelfDSMIL_updatedseed0.pdf, id=3
44, 662.475pt x 647.41875pt>
File: figures/confusion_matrix/cropped_seed0/OffTheShelfDSMIL_updatedseed0.pdf 
Graphic file (type pdf)
<use figures/confusion_matrix/cropped_seed0/OffTheShelfDSMIL_updatedseed0.pdf>
Package pdftex.def Info: figures/confusion_matrix/cropped_seed0/OffTheShelfDSMI
L_updatedseed0.pdf  used on input line 26.
(pdftex.def)             Requested size: 125.74689pt x 122.88242pt.
<figures/confusion_matrix/cropped_seed1/OffTheShelfDSMIL.pdf, id=345, 662.475pt
 x 647.41875pt>
File: figures/confusion_matrix/cropped_seed1/OffTheShelfDSMIL.pdf Graphic file 
(type pdf)
<use figures/confusion_matrix/cropped_seed1/OffTheShelfDSMIL.pdf>
Package pdftex.def Info: figures/confusion_matrix/cropped_seed1/OffTheShelfDSMI
L.pdf  used on input line 28.
(pdftex.def)             Requested size: 125.74689pt x 122.88242pt.
<figures/confusion_matrix/cropped_seed2/OffTheShelfDSMIL.pdf, id=346, 662.475pt
 x 647.41875pt>
File: figures/confusion_matrix/cropped_seed2/OffTheShelfDSMIL.pdf Graphic file 
(type pdf)
<use figures/confusion_matrix/cropped_seed2/OffTheShelfDSMIL.pdf>
Package pdftex.def Info: figures/confusion_matrix/cropped_seed2/OffTheShelfDSMI
L.pdf  used on input line 30.
(pdftex.def)             Requested size: 125.74689pt x 122.88242pt.
<figures/confusion_matrix/cropped_seed0/VRABMIL_WholeMILPretrain.pdf, id=347, 6
62.475pt x 647.41875pt>
File: figures/confusion_matrix/cropped_seed0/VRABMIL_WholeMILPretrain.pdf Graph
ic file (type pdf)
<use figures/confusion_matrix/cropped_seed0/VRABMIL_WholeMILPretrain.pdf>
Package pdftex.def Info: figures/confusion_matrix/cropped_seed0/VRABMIL_WholeMI
LPretrain.pdf  used on input line 34.
(pdftex.def)             Requested size: 125.74689pt x 122.88242pt.
<figures/confusion_matrix/cropped_seed1/VRABMIL_WholeMILPretrain.pdf, id=348, 6
62.475pt x 647.41875pt>
File: figures/confusion_matrix/cropped_seed1/VRABMIL_WholeMILPretrain.pdf Graph
ic file (type pdf)
<use figures/confusion_matrix/cropped_seed1/VRABMIL_WholeMILPretrain.pdf>
Package pdftex.def Info: figures/confusion_matrix/cropped_seed1/VRABMIL_WholeMI
LPretrain.pdf  used on input line 36.
(pdftex.def)             Requested size: 125.74689pt x 122.88242pt.
<figures/confusion_matrix/cropped_seed2/VRABMIL_WholeMILPretrain.pdf, id=349, 6
62.475pt x 647.41875pt>
File: figures/confusion_matrix/cropped_seed2/VRABMIL_WholeMILPretrain.pdf Graph
ic file (type pdf)
<use figures/confusion_matrix/cropped_seed2/VRABMIL_WholeMILPretrain.pdf>
Package pdftex.def Info: figures/confusion_matrix/cropped_seed2/VRABMIL_WholeMI
LPretrain.pdf  used on input line 38.
(pdftex.def)             Requested size: 125.74689pt x 122.88242pt.
) [15] (./fig_TMED2_ROC.tex
<figures/AUC_Analysis/data_seed0/NoASvsSomeAS_withDSMIL_DSMILupdatedseed0.pdf, 
id=355, 433.62pt x 289.08pt>
File: figures/AUC_Analysis/data_seed0/NoASvsSomeAS_withDSMIL_DSMILupdatedseed0.
pdf Graphic file (type pdf)
<use figures/AUC_Analysis/data_seed0/NoASvsSomeAS_withDSMIL_DSMILupdatedseed0.p
df>
Package pdftex.def Info: figures/AUC_Analysis/data_seed0/NoASvsSomeAS_withDSMIL
_DSMILupdatedseed0.pdf  used on input line 9.
(pdftex.def)             Requested size: 173.44534pt x 115.62994pt.
<figures/AUC_Analysis/data_seed0/EarlyASvsSignificantAS_withDSMIL_DSMILupdateds
eed0.pdf, id=356, 433.62pt x 289.08pt>
File: figures/AUC_Analysis/data_seed0/EarlyASvsSignificantAS_withDSMIL_DSMILupd
atedseed0.pdf Graphic file (type pdf)
<use figures/AUC_Analysis/data_seed0/EarlyASvsSignificantAS_withDSMIL_DSMILupda
tedseed0.pdf>
Package pdftex.def Info: figures/AUC_Analysis/data_seed0/EarlyASvsSignificantAS
_withDSMIL_DSMILupdatedseed0.pdf  used on input line 11.
(pdftex.def)             Requested size: 173.44534pt x 115.62994pt.
<figures/AUC_Analysis/data_seed0/SignificantASvsNoSignificantAS_withDSMIL_DSMIL
updatedseed0.pdf, id=357, 433.62pt x 289.08pt>
File: figures/AUC_Analysis/data_seed0/SignificantASvsNoSignificantAS_withDSMIL_
DSMILupdatedseed0.pdf Graphic file (type pdf)
<use figures/AUC_Analysis/data_seed0/SignificantASvsNoSignificantAS_withDSMIL_D
SMILupdatedseed0.pdf>
Package pdftex.def Info: figures/AUC_Analysis/data_seed0/SignificantASvsNoSigni
ficantAS_withDSMIL_DSMILupdatedseed0.pdf  used on input line 13.
(pdftex.def)             Requested size: 173.44534pt x 115.62994pt.
<figures/AUC_Analysis/data_seed1/NoASvsSomeAS_withDSMIL.pdf, id=358, 433.62pt x
 289.08pt>
File: figures/AUC_Analysis/data_seed1/NoASvsSomeAS_withDSMIL.pdf Graphic file (
type pdf)
<use figures/AUC_Analysis/data_seed1/NoASvsSomeAS_withDSMIL.pdf>
Package pdftex.def Info: figures/AUC_Analysis/data_seed1/NoASvsSomeAS_withDSMIL
.pdf  used on input line 18.
(pdftex.def)             Requested size: 173.44534pt x 115.62994pt.
<figures/AUC_Analysis/data_seed1/EarlyASvsSignificantAS_withDSMIL.pdf, id=359, 
433.62pt x 289.08pt>
File: figures/AUC_Analysis/data_seed1/EarlyASvsSignificantAS_withDSMIL.pdf Grap
hic file (type pdf)
<use figures/AUC_Analysis/data_seed1/EarlyASvsSignificantAS_withDSMIL.pdf>
Package pdftex.def Info: figures/AUC_Analysis/data_seed1/EarlyASvsSignificantAS
_withDSMIL.pdf  used on input line 20.
(pdftex.def)             Requested size: 173.44534pt x 115.62994pt.
<figures/AUC_Analysis/data_seed1/SignificantASvsNoSignificantAS_withDSMIL.pdf, 
id=360, 433.62pt x 289.08pt>
File: figures/AUC_Analysis/data_seed1/SignificantASvsNoSignificantAS_withDSMIL.
pdf Graphic file (type pdf)
<use figures/AUC_Analysis/data_seed1/SignificantASvsNoSignificantAS_withDSMIL.p
df>
Package pdftex.def Info: figures/AUC_Analysis/data_seed1/SignificantASvsNoSigni
ficantAS_withDSMIL.pdf  used on input line 22.
(pdftex.def)             Requested size: 173.44534pt x 115.62994pt.
<figures/AUC_Analysis/data_seed2/NoASvsSomeAS_withDSMIL.pdf, id=361, 433.62pt x
 289.08pt>
File: figures/AUC_Analysis/data_seed2/NoASvsSomeAS_withDSMIL.pdf Graphic file (
type pdf)
<use figures/AUC_Analysis/data_seed2/NoASvsSomeAS_withDSMIL.pdf>
Package pdftex.def Info: figures/AUC_Analysis/data_seed2/NoASvsSomeAS_withDSMIL
.pdf  used on input line 27.
(pdftex.def)             Requested size: 173.44534pt x 115.62994pt.
<figures/AUC_Analysis/data_seed2/EarlyASvsSignificantAS_withDSMIL.pdf, id=362, 
433.62pt x 289.08pt>
File: figures/AUC_Analysis/data_seed2/EarlyASvsSignificantAS_withDSMIL.pdf Grap
hic file (type pdf)
<use figures/AUC_Analysis/data_seed2/EarlyASvsSignificantAS_withDSMIL.pdf>
Package pdftex.def Info: figures/AUC_Analysis/data_seed2/EarlyASvsSignificantAS
_withDSMIL.pdf  used on input line 29.
(pdftex.def)             Requested size: 173.44534pt x 115.62994pt.
<figures/AUC_Analysis/data_seed2/SignificantASvsNoSignificantAS_withDSMIL.pdf, 
id=363, 433.62pt x 289.08pt>
File: figures/AUC_Analysis/data_seed2/SignificantASvsNoSignificantAS_withDSMIL.
pdf Graphic file (type pdf)
<use figures/AUC_Analysis/data_seed2/SignificantASvsNoSignificantAS_withDSMIL.p
df>
Package pdftex.def Info: figures/AUC_Analysis/data_seed2/SignificantASvsNoSigni
ficantAS_withDSMIL.pdf  used on input line 31.
(pdftex.def)             Requested size: 173.44534pt x 115.62994pt.

Overfull \hbox (119.21297pt too wide) in paragraph at lines 4--35
[][] 
 []

) [16 <./figures/confusion_matrix/cropped_seed0/JASE.pdf> <./figures/confusion_
matrix/cropped_seed1/JASE.pdf> <./figures/confusion_matrix/cropped_seed2/JASE.p
df> <./figures/confusion_matrix/cropped_seed0/OffTheShelfABMIL.pdf> <./figures/
confusion_matrix/cropped_seed1/OffTheShelfABMIL.pdf> <./figures/confusion_matri
x/cropped_seed2/OffTheShelfABMIL.pdf> <./figures/confusion_matrix/cropped_seed0
/OffTheShelfDSMIL_updatedseed0.pdf> <./figures/confusion_matrix/cropped_seed1/O
ffTheShelfDSMIL.pdf> <./figures/confusion_matrix/cropped_seed2/OffTheShelfDSMIL
.pdf> <./figures/confusion_matrix/cropped_seed0/VRABMIL_WholeMILPretrain.pdf> <
./figures/confusion_matrix/cropped_seed1/VRABMIL_WholeMILPretrain.pdf> <./figur
es/confusion_matrix/cropped_seed2/VRABMIL_WholeMILPretrain.pdf>]
(./fig_AttendedImages.tex
<figures/top_attended_images/2927484s1_OffTheShelfABMIL_top1_BVBO0SL1_0.pdf, id
=503, 112.42pt x 112.42pt>
File: figures/top_attended_images/2927484s1_OffTheShelfABMIL_top1_BVBO0SL1_0.pd
f Graphic file (type pdf)
<use figures/top_attended_images/2927484s1_OffTheShelfABMIL_top1_BVBO0SL1_0.pdf
>
Package pdftex.def Info: figures/top_attended_images/2927484s1_OffTheShelfABMIL
_top1_BVBO0SL1_0.pdf  used on input line 9.
(pdftex.def)             Requested size: 78.04842pt x 78.0519pt.
<figures/top_attended_images/2927484s1_OffTheShelfABMIL_top2_BVBO0SL0_0.pdf, id
=504, 112.42pt x 112.42pt>
File: figures/top_attended_images/2927484s1_OffTheShelfABMIL_top2_BVBO0SL0_0.pd
f Graphic file (type pdf)
<use figures/top_attended_images/2927484s1_OffTheShelfABMIL_top2_BVBO0SL0_0.pdf
>
Package pdftex.def Info: figures/top_attended_images/2927484s1_OffTheShelfABMIL
_top2_BVBO0SL0_0.pdf  used on input line 11.
(pdftex.def)             Requested size: 78.04842pt x 78.0519pt.
<figures/top_attended_images/2927484s1_OffTheShelfABMIL_top3_BVBO0SKQ_0.pdf, id
=505, 112.42pt x 112.42pt>
File: figures/top_attended_images/2927484s1_OffTheShelfABMIL_top3_BVBO0SKQ_0.pd
f Graphic file (type pdf)
<use figures/top_attended_images/2927484s1_OffTheShelfABMIL_top3_BVBO0SKQ_0.pdf
>
Package pdftex.def Info: figures/top_attended_images/2927484s1_OffTheShelfABMIL
_top3_BVBO0SKQ_0.pdf  used on input line 13.
(pdftex.def)             Requested size: 78.04842pt x 78.0519pt.
<figures/top_attended_images/2927484s1_OffTheShelfABMIL_top4_BVBO0SL2_0.pdf, id
=506, 112.42pt x 112.42pt>
File: figures/top_attended_images/2927484s1_OffTheShelfABMIL_top4_BVBO0SL2_0.pd
f Graphic file (type pdf)
<use figures/top_attended_images/2927484s1_OffTheShelfABMIL_top4_BVBO0SL2_0.pdf
>
Package pdftex.def Info: figures/top_attended_images/2927484s1_OffTheShelfABMIL
_top4_BVBO0SL2_0.pdf  used on input line 15.
(pdftex.def)             Requested size: 78.04842pt x 78.0519pt.
<figures/top_attended_images/2927484s1_OffTheShelfABMIL_top5_BVBO0SM0_0.pdf, id
=507, 112.42pt x 112.42pt>
File: figures/top_attended_images/2927484s1_OffTheShelfABMIL_top5_BVBO0SM0_0.pd
f Graphic file (type pdf)
<use figures/top_attended_images/2927484s1_OffTheShelfABMIL_top5_BVBO0SM0_0.pdf
>
Package pdftex.def Info: figures/top_attended_images/2927484s1_OffTheShelfABMIL
_top5_BVBO0SM0_0.pdf  used on input line 17.
(pdftex.def)             Requested size: 78.04842pt x 78.0519pt.
<figures/top_attended_images/2927484s1_OffTheShelfABMIL_top6_BVBO0SPG_1.pdf, id
=508, 112.42pt x 112.42pt>
File: figures/top_attended_images/2927484s1_OffTheShelfABMIL_top6_BVBO0SPG_1.pd
f Graphic file (type pdf)
<use figures/top_attended_images/2927484s1_OffTheShelfABMIL_top6_BVBO0SPG_1.pdf
>
Package pdftex.def Info: figures/top_attended_images/2927484s1_OffTheShelfABMIL
_top6_BVBO0SPG_1.pdf  used on input line 22.
(pdftex.def)             Requested size: 78.04842pt x 78.0519pt.
<figures/top_attended_images/2927484s1_OffTheShelfABMIL_top7_BVBO0SPF_1.pdf, id
=509, 112.42pt x 112.42pt>
File: figures/top_attended_images/2927484s1_OffTheShelfABMIL_top7_BVBO0SPF_1.pd
f Graphic file (type pdf)
<use figures/top_attended_images/2927484s1_OffTheShelfABMIL_top7_BVBO0SPF_1.pdf
>
Package pdftex.def Info: figures/top_attended_images/2927484s1_OffTheShelfABMIL
_top7_BVBO0SPF_1.pdf  used on input line 24.
(pdftex.def)             Requested size: 78.04842pt x 78.0519pt.
<figures/top_attended_images/2927484s1_OffTheShelfABMIL_top8_BVBO0SMX_0.pdf, id
=510, 112.42pt x 112.42pt>
File: figures/top_attended_images/2927484s1_OffTheShelfABMIL_top8_BVBO0SMX_0.pd
f Graphic file (type pdf)
<use figures/top_attended_images/2927484s1_OffTheShelfABMIL_top8_BVBO0SMX_0.pdf
>
Package pdftex.def Info: figures/top_attended_images/2927484s1_OffTheShelfABMIL
_top8_BVBO0SMX_0.pdf  used on input line 26.
(pdftex.def)             Requested size: 78.04842pt x 78.0519pt.
<figures/top_attended_images/2927484s1_OffTheShelfABMIL_top9_BVBO0SPV_0.pdf, id
=511, 112.42pt x 112.42pt>
File: figures/top_attended_images/2927484s1_OffTheShelfABMIL_top9_BVBO0SPV_0.pd
f Graphic file (type pdf)
<use figures/top_attended_images/2927484s1_OffTheShelfABMIL_top9_BVBO0SPV_0.pdf
>
Package pdftex.def Info: figures/top_attended_images/2927484s1_OffTheShelfABMIL
_top9_BVBO0SPV_0.pdf  used on input line 28.
(pdftex.def)             Requested size: 78.04842pt x 78.0519pt.
<figures/top_attended_images/2927484s1_OffTheShelfABMIL_top10_BVBO0SOT_0.pdf, i
d=512, 112.42pt x 112.42pt>
File: figures/top_attended_images/2927484s1_OffTheShelfABMIL_top10_BVBO0SOT_0.p
df Graphic file (type pdf)
<use figures/top_attended_images/2927484s1_OffTheShelfABMIL_top10_BVBO0SOT_0.pd
f>
Package pdftex.def Info: figures/top_attended_images/2927484s1_OffTheShelfABMIL
_top10_BVBO0SOT_0.pdf  used on input line 30.
(pdftex.def)             Requested size: 78.04842pt x 78.0519pt.
<figures/top_attended_images/2927484s1_SAMIL_top1_BVBO0SM0_0.pdf, id=513, 112.4
2pt x 112.42pt>
File: figures/top_attended_images/2927484s1_SAMIL_top1_BVBO0SM0_0.pdf Graphic f
ile (type pdf)
<use figures/top_attended_images/2927484s1_SAMIL_top1_BVBO0SM0_0.pdf>
Package pdftex.def Info: figures/top_attended_images/2927484s1_SAMIL_top1_BVBO0
SM0_0.pdf  used on input line 35.
(pdftex.def)             Requested size: 78.04842pt x 78.0519pt.
<figures/top_attended_images/2927484s1_SAMIL_top2_BVBO0SMM_0.pdf, id=514, 112.4
2pt x 112.42pt>
File: figures/top_attended_images/2927484s1_SAMIL_top2_BVBO0SMM_0.pdf Graphic f
ile (type pdf)
<use figures/top_attended_images/2927484s1_SAMIL_top2_BVBO0SMM_0.pdf>
Package pdftex.def Info: figures/top_attended_images/2927484s1_SAMIL_top2_BVBO0
SMM_0.pdf  used on input line 37.
(pdftex.def)             Requested size: 78.04842pt x 78.0519pt.
<figures/top_attended_images/2927484s1_SAMIL_top3_BVBO0SL1_0.pdf, id=515, 112.4
2pt x 112.42pt>
File: figures/top_attended_images/2927484s1_SAMIL_top3_BVBO0SL1_0.pdf Graphic f
ile (type pdf)
<use figures/top_attended_images/2927484s1_SAMIL_top3_BVBO0SL1_0.pdf>
Package pdftex.def Info: figures/top_attended_images/2927484s1_SAMIL_top3_BVBO0
SL1_0.pdf  used on input line 39.
(pdftex.def)             Requested size: 78.04842pt x 78.0519pt.
<figures/top_attended_images/2927484s1_SAMIL_top4_BVBO0SL2_0.pdf, id=516, 112.4
2pt x 112.42pt>
File: figures/top_attended_images/2927484s1_SAMIL_top4_BVBO0SL2_0.pdf Graphic f
ile (type pdf)
<use figures/top_attended_images/2927484s1_SAMIL_top4_BVBO0SL2_0.pdf>
Package pdftex.def Info: figures/top_attended_images/2927484s1_SAMIL_top4_BVBO0
SL2_0.pdf  used on input line 41.
(pdftex.def)             Requested size: 78.04842pt x 78.0519pt.
<figures/top_attended_images/2927484s1_SAMIL_top5_BVBO0SKQ_0.pdf, id=517, 112.4
2pt x 112.42pt>
File: figures/top_attended_images/2927484s1_SAMIL_top5_BVBO0SKQ_0.pdf Graphic f
ile (type pdf)
<use figures/top_attended_images/2927484s1_SAMIL_top5_BVBO0SKQ_0.pdf>
Package pdftex.def Info: figures/top_attended_images/2927484s1_SAMIL_top5_BVBO0
SKQ_0.pdf  used on input line 43.
(pdftex.def)             Requested size: 78.04842pt x 78.0519pt.
<figures/top_attended_images/2927484s1_SAMIL_top6_BVBO0SL0_0.pdf, id=518, 112.4
2pt x 112.42pt>
File: figures/top_attended_images/2927484s1_SAMIL_top6_BVBO0SL0_0.pdf Graphic f
ile (type pdf)
<use figures/top_attended_images/2927484s1_SAMIL_top6_BVBO0SL0_0.pdf>
Package pdftex.def Info: figures/top_attended_images/2927484s1_SAMIL_top6_BVBO0
SL0_0.pdf  used on input line 48.
(pdftex.def)             Requested size: 78.04842pt x 78.0519pt.
<figures/top_attended_images/2927484s1_SAMIL_top7_BVBO0SKM_0.pdf, id=519, 112.4
2pt x 112.42pt>
File: figures/top_attended_images/2927484s1_SAMIL_top7_BVBO0SKM_0.pdf Graphic f
ile (type pdf)
<use figures/top_attended_images/2927484s1_SAMIL_top7_BVBO0SKM_0.pdf>
Package pdftex.def Info: figures/top_attended_images/2927484s1_SAMIL_top7_BVBO0
SKM_0.pdf  used on input line 50.
(pdftex.def)             Requested size: 78.04842pt x 78.0519pt.
<figures/top_attended_images/2927484s1_SAMIL_top8_BVBO0SL6_0.pdf, id=520, 112.4
2pt x 112.42pt>
File: figures/top_attended_images/2927484s1_SAMIL_top8_BVBO0SL6_0.pdf Graphic f
ile (type pdf)
<use figures/top_attended_images/2927484s1_SAMIL_top8_BVBO0SL6_0.pdf>
Package pdftex.def Info: figures/top_attended_images/2927484s1_SAMIL_top8_BVBO0
SL6_0.pdf  used on input line 52.
(pdftex.def)             Requested size: 78.04842pt x 78.0519pt.
<figures/top_attended_images/2927484s1_SAMIL_top9_BVBO0SLB_0.pdf, id=521, 112.4
2pt x 112.42pt>
File: figures/top_attended_images/2927484s1_SAMIL_top9_BVBO0SLB_0.pdf Graphic f
ile (type pdf)
<use figures/top_attended_images/2927484s1_SAMIL_top9_BVBO0SLB_0.pdf>
Package pdftex.def Info: figures/top_attended_images/2927484s1_SAMIL_top9_BVBO0
SLB_0.pdf  used on input line 54.
(pdftex.def)             Requested size: 78.04842pt x 78.0519pt.
<figures/top_attended_images/2927484s1_SAMIL_top10_BVBO0SMD_0.pdf, id=522, 112.
42pt x 112.42pt>
File: figures/top_attended_images/2927484s1_SAMIL_top10_BVBO0SMD_0.pdf Graphic 
file (type pdf)
<use figures/top_attended_images/2927484s1_SAMIL_top10_BVBO0SMD_0.pdf>
Package pdftex.def Info: figures/top_attended_images/2927484s1_SAMIL_top10_BVBO
0SMD_0.pdf  used on input line 56.
(pdftex.def)             Requested size: 78.04842pt x 78.0519pt.

Overfull \hbox (32.24992pt too wide) in paragraph at lines 5--60
[][] 
 []

) [17 <./figures/AUC_Analysis/data_seed0/NoASvsSomeAS_withDSMIL_DSMILupdatedsee
d0.pdf> <./figures/AUC_Analysis/data_seed0/EarlyASvsSignificantAS_withDSMIL_DSM
ILupdatedseed0.pdf> <./figures/AUC_Analysis/data_seed0/SignificantASvsNoSignifi
cantAS_withDSMIL_DSMILupdatedseed0.pdf> <./figures/AUC_Analysis/data_seed1/NoAS
vsSomeAS_withDSMIL.pdf> <./figures/AUC_Analysis/data_seed1/EarlyASvsSignificant
AS_withDSMIL.pdf> <./figures/AUC_Analysis/data_seed1/SignificantASvsNoSignifica
ntAS_withDSMIL.pdf> <./figures/AUC_Analysis/data_seed2/NoASvsSomeAS_withDSMIL.p
df> <./figures/AUC_Analysis/data_seed2/EarlyASvsSignificantAS_withDSMIL.pdf> <.
/figures/AUC_Analysis/data_seed2/SignificantASvsNoSignificantAS_withDSMIL.pdf>]
(./app_Architecture.tex

Package natbib Warning: Citation `ilse2018attention' on page 18 undefined on in
put line 1.


LaTeX Warning: Reference `tab:Feature Extractor $f$' on page 18 undefined on in
put line 24.


LaTeX Warning: `!h' float specifier changed to `!ht'.


LaTeX Warning: Reference `fig:workflow_diagram' on page 18 undefined on input l
ine 26.


Package natbib Warning: Citation `lee2019set' on page 18 undefined on input lin
e 26.


Package natbib Warning: Citation `li2021dual' on page 18 undefined on input lin
e 26.

[18 <./figures/top_attended_images/2927484s1_OffTheShelfABMIL_top1_BVBO0SL1_0.p
df> <./figures/top_attended_images/2927484s1_OffTheShelfABMIL_top2_BVBO0SL0_0.p
df> <./figures/top_attended_images/2927484s1_OffTheShelfABMIL_top3_BVBO0SKQ_0.p
df> <./figures/top_attended_images/2927484s1_OffTheShelfABMIL_top4_BVBO0SL2_0.p
df> <./figures/top_attended_images/2927484s1_OffTheShelfABMIL_top5_BVBO0SM0_0.p
df> <./figures/top_attended_images/2927484s1_OffTheShelfABMIL_top6_BVBO0SPG_1.p
df> <./figures/top_attended_images/2927484s1_OffTheShelfABMIL_top7_BVBO0SPF_1.p
df> <./figures/top_attended_images/2927484s1_OffTheShelfABMIL_top8_BVBO0SMX_0.p
df> <./figures/top_attended_images/2927484s1_OffTheShelfABMIL_top9_BVBO0SPV_0.p
df> <./figures/top_attended_images/2927484s1_OffTheShelfABMIL_top10_BVBO0SOT_0.
pdf> <./figures/top_attended_images/2927484s1_SAMIL_top1_BVBO0SM0_0.pdf> <./fig
ures/top_attended_images/2927484s1_SAMIL_top2_BVBO0SMM_0.pdf> <./figures/top_at
tended_images/2927484s1_SAMIL_top3_BVBO0SL1_0.pdf> <./figures/top_attended_imag
es/2927484s1_SAMIL_top4_BVBO0SL2_0.pdf> <./figures/top_attended_images/2927484s
1_SAMIL_top5_BVBO0SKQ_0.pdf> <./figures/top_attended_images/2927484s1_SAMIL_top
6_BVBO0SL0_0.pdf> <./figures/top_attended_images/2927484s1_SAMIL_top7_BVBO0SKM_
0.pdf> <./figures/top_attended_images/2927484s1_SAMIL_top8_BVBO0SL6_0.pdf> <./f
igures/top_attended_images/2927484s1_SAMIL_top9_BVBO0SLB_0.pdf> <./figures/top_
attended_images/2927484s1_SAMIL_top10_BVBO0SMD_0.pdf>]

LaTeX Warning: Reference `tab:attention_MLP' on page 19 undefined on input line
 28.

) (./app_ViewClassifier.tex

Package natbib Warning: Citation `huang2022fix' on page 19 undefined on input l
ine 1.


Package natbib Warning: Citation `laine2016temporal' on page 19 undefined on in
put line 1.


LaTeX Warning: Reference `tab:viewclassifier_performance' on page 19 undefined 
on input line 3.


LaTeX Warning: `h' float specifier changed to `ht'.


Package natbib Warning: Citation `zagoruyko2016wide' on page 19 undefined on in
put line 17.


Package natbib Warning: Citation `robbins1951stochastic' on page 19 undefined o
n input line 19.


LaTeX Warning: Reference `tab:ViewClassifier hyperparameters' on page 19 undefi
ned on input line 19.

[19]) (./app_experiment_details.tex

Package natbib Warning: Citation `holste2022automated' on page 20 undefined on 
input line 3.


Package natbib Warning: Citation `holste2022self' on page 20 undefined on input
 line 3.


Package natbib Warning: Citation `he2016deep' on page 20 undefined on input lin
e 3.


Package natbib Warning: Citation `holste2022self' on page 20 undefined on input
 line 3.


Package natbib Warning: Citation `tran2018closer' on page 20 undefined on input
 line 3.


Package natbib Warning: Citation `zaheer2017deep' on page 20 undefined on input
 line 7.


LaTeX Warning: Reference `App:Hyper' on page 20 undefined on input line 9.


Package natbib Warning: Citation `paszke2019pytorch' on page 20 undefined on in
put line 11.


Package natbib Warning: Citation `robbins1951stochastic' on page 20 undefined o
n input line 11.

[20]

LaTeX Warning: Reference `eq:L_SA' on page 21 undefined on input line 17.


LaTeX Warning: Reference `eq:total_loss' on page 21 undefined on input line 17.


) (./app_SSL_Pretraining.tex

Package natbib Warning: Citation `he2020momentum' on page 21 undefined on input
 line 1.


Package natbib Warning: Citation `chen2020improved' on page 21 undefined on inp
ut line 1.


Package natbib Warning: Citation `goyal2017accurate' on page 21 undefined on in
put line 1.

[21]

Package natbib Warning: Citation `chen2020improved' on page 22 undefined on inp
ut line 5.


Package natbib Warning: Citation `chen2020simple' on page 22 undefined on input
 line 5.

) (./app_relatedworks.tex

Package natbib Warning: Citation `dietterich1997solving' on page 22 undefined o
n input line 4.


Package natbib Warning: Citation `maron1997framework' on page 22 undefined on i
nput line 5.


Package natbib Warning: Citation `wang2000solving' on page 22 undefined on inpu
t line 6.


Package natbib Warning: Citation `zhang2001dd' on page 22 undefined on input li
ne 6.


Package natbib Warning: Citation `andrews2002support' on page 22 undefined on i
nput line 6.


Package natbib Warning: Citation `zhou2009multi' on page 22 undefined on input 
line 6.


Package natbib Warning: Citation `zhang2005multiple' on page 22 undefined on in
put line 6.


Package natbib Warning: Citation `kim2010gaussian' on page 22 undefined on inpu
t line 6.

) [22]

Package natbib Warning: There were undefined citations.

\tf@ptc=\write4
\openout4 = `2306.00003_tl2022.ptc'.

[23]
(/diff_test_tex_engines/docker_bin_2/version_compiled_pdf/2306.00003/2306.00003
_tl2022.aux)

LaTeX Warning: There were undefined references.


LaTeX Warning: Label(s) may have changed. Rerun to get cross-references right.


Package rerunfilecheck Warning: File `2306.00003_tl2022.out' has changed.
(rerunfilecheck)                Rerun to get outlines right
(rerunfilecheck)                or use package `bookmark'.

Package rerunfilecheck Info: Checksums for `2306.00003_tl2022.out':
(rerunfilecheck)             Before: <no file>
(rerunfilecheck)             After:  A4CD070AB5A2BE29C9EAFFB97177957C;6048.
 ) 
Here is how much of TeX's memory you used:
 19116 strings out of 476024
 369682 string characters out of 5790024
 1871388 words of memory out of 5000000
 39151 multiletter control sequences out of 15000+600000
 524119 words of font info for 77 fonts, out of 8000000 for 9000
 1141 hyphenation exceptions out of 8191
 90i,14n,131p,1458b,919s stack positions out of 10000i,1000n,20000p,200000b,200000s
{/usr/local/texlive/2022/texmf-dist/fonts/enc/dvips/cm-super/cm-super-ts1.enc
}</usr/local/texlive/2022/texmf-dist/fonts/type1/public/amsfonts/cm/cmbx10.pfb>
</usr/local/texlive/2022/texmf-dist/fonts/type1/public/amsfonts/cm/cmbx12.pfb><
/usr/local/texlive/2022/texmf-dist/fonts/type1/public/amsfonts/cm/cmbx8.pfb></u
sr/local/texlive/2022/texmf-dist/fonts/type1/public/amsfonts/cm/cmbx9.pfb></usr
/local/texlive/2022/texmf-dist/fonts/type1/public/amsfonts/cm/cmcsc10.pfb></usr
/local/texlive/2022/texmf-dist/fonts/type1/public/amsfonts/cm/cmex10.pfb></usr/
local/texlive/2022/texmf-dist/fonts/type1/public/amsfonts/cm/cmmi10.pfb></usr/l
ocal/texlive/2022/texmf-dist/fonts/type1/public/amsfonts/cm/cmmi6.pfb></usr/loc
al/texlive/2022/texmf-dist/fonts/type1/public/amsfonts/cm/cmmi7.pfb></usr/local
/texlive/2022/texmf-dist/fonts/type1/public/amsfonts/cm/cmmi8.pfb></usr/local/t
exlive/2022/texmf-dist/fonts/type1/public/amsfonts/cm/cmr10.pfb></usr/local/tex
live/2022/texmf-dist/fonts/type1/public/amsfonts/cm/cmr6.pfb></usr/local/texliv
e/2022/texmf-dist/fonts/type1/public/amsfonts/cm/cmr7.pfb></usr/local/texlive/2
022/texmf-dist/fonts/type1/public/amsfonts/cm/cmr8.pfb></usr/local/texlive/2022
/texmf-dist/fonts/type1/public/amsfonts/cm/cmr9.pfb></usr/local/texlive/2022/te
xmf-dist/fonts/type1/public/amsfonts/cm/cmsy10.pfb></usr/local/texlive/2022/tex
mf-dist/fonts/type1/public/amsfonts/cm/cmsy8.pfb></usr/local/texlive/2022/texmf
-dist/fonts/type1/public/amsfonts/cm/cmti10.pfb></usr/local/texlive/2022/texmf-
dist/fonts/type1/public/amsfonts/cm/cmtt9.pfb></usr/local/texlive/2022/texmf-di
st/fonts/type1/public/amsfonts/symbols/msbm10.pfb></usr/local/texlive/2022/texm
f-dist/fonts/type1/public/cm-super/sfrm0800.pfb>
Output written on /diff_test_tex_engines/docker_bin_2/version_compiled_pdf/2306
.00003/2306.00003_tl2022.pdf (23 pages, 2683096 bytes).
PDF statistics:
 806 PDF objects out of 1000 (max. 8388607)
 468 compressed objects within 5 object streams
 83 named destinations out of 1000 (max. 500000)
 246 words of extra memory for PDF output out of 10000 (max. 10000000)

