Set environment variable BIBINPUTS='/diff_test_tex_engines/docker_bin_2/version_compiled_pdf_2020/2306.00030:'
Set environment variable TEXINPUTS='/diff_test_tex_engines/docker_bin_2/version_compiled_pdf_2020/2306.00030:'
Latexmk: applying rule 'pdflatex'...
This is pdfTeX, Version 3.14159265-2.6-1.40.21 (TeX Live 2020) (preloaded format=pdflatex)
 restricted \write18 enabled.
entering extended mode
(./2306.00030
LaTeX2e <2020-10-01> patch level 4
L3 programming layer <2021-02-18>

! LaTeX Error: File `iopart.cls' not found.

Type X to quit or <RETURN> to proceed,
or enter new name. (Default extension: cls)

Enter file name: 
! Emergency stop.
<read *> 
         
l.3 \newcommand
               {\gguide}{{\it Preparing graphics for IOP Publishing journals...

!  ==> Fatal error occurred, no output PDF file produced!
Transcript written on /diff_test_tex_engines/docker_bin_2/version_compiled_pdf_
2020/2306.00030/2306.00030_tl2020.log.
Latexmk: Examining '/diff_test_tex_engines/docker_bin_2/version_compiled_pdf_2020/2306.00030/2306.00030_tl2020.log'
=== TeX engine is 'pdfTeX'
Latexmk: Errors, so I did not complete making targets
Set environment variable BIBINPUTS='/diff_test_tex_engines/docker_bin_2/version_compiled_pdf_2020/2306.00030:'
Set environment variable TEXINPUTS='/diff_test_tex_engines/docker_bin_2/version_compiled_pdf_2020/2306.00030:'
Latexmk: applying rule 'pdflatex'...
This is pdfTeX, Version 3.14159265-2.6-1.40.21 (TeX Live 2020) (preloaded format=pdflatex)
 restricted \write18 enabled.
entering extended mode
(./2306.00030
LaTeX2e <2020-10-01> patch level 4
L3 programming layer <2021-02-18>

! LaTeX Error: File `iopart.cls' not found.

Type X to quit or <RETURN> to proceed,
or enter new name. (Default extension: cls)

Enter file name: 
! Emergency stop.
<read *> 
         
l.3 \newcommand
               {\gguide}{{\it Preparing graphics for IOP Publishing journals...

!  ==> Fatal error occurred, no output PDF file produced!
Transcript written on /diff_test_tex_engines/docker_bin_2/version_compiled_pdf_
2020/2306.00030/2306.00030_tl2020.log.
Latexmk: Examining '/diff_test_tex_engines/docker_bin_2/version_compiled_pdf_2020/2306.00030/2306.00030_tl2020.log'
=== TeX engine is 'pdfTeX'
Latexmk: Errors, so I did not complete making targets
