Rc files read:
  NONE
Latexmk: This is Latexmk, John Collins, 29 September 2020, version: 4.70b.
Rule 'pdflatex': The following rules & subrules became out-of-date:
      'pdflatex'
------------
Run number 1 of rule 'pdflatex'
------------
------------
Running 'pdflatex  -interaction=nonstopmode -recorder -output-directory="/diff_test_tex_engines/docker_bin_2/version_compiled_pdf_2020/2306.00329" --jobname="2306.00329_tl2020"  "2306.00329"'
------------
Latexmk: References changed.
Latexmk: Log file says output to '/diff_test_tex_engines/docker_bin_2/version_compiled_pdf_2020/2306.00329/2306.00329_tl2020.pdf'
Latexmk: List of undefined refs and citations:
  Citation `am1' on page 1 undefined on input line 58
  Citation `am2' on page 1 undefined on input line 58
  Citation `am3' on page 1 undefined on input line 73
  Citation `am4' on page 1 undefined on input line 73
  Citation `as' on page 4 undefined on input line 186
  Citation `cen' on page 1 undefined on input line 61
  Citation `gur' on page 1 undefined on input line 60
  Citation `hirota' on page 1 undefined on input line 61
  Citation `hirota' on page 19 undefined on input line 1019
  Citation `kbs' on page 2 undefined on input line 86
  Citation `ks1' on page 1 undefined on input line 71
  Citation `ks1' on page 10 undefined on input line 538
  Citation `ks1' on page 10 undefined on input line 553
  Citation `ks1' on page 11 undefined on input line 568
  Citation `ks1' on page 11 undefined on input line 583
  Citation `ks1' on page 11 undefined on input line 598
  Citation `ks1' on page 12 undefined on input line 614
  Citation `ks1' on page 12 undefined on input line 630
  Citation `ks1' on page 12 undefined on input line 646
  Citation `ks1' on page 13 undefined on input line 662
  Citation `ks1' on page 13 undefined on input line 680
  Citation `ks1' on page 14 undefined on input line 762
  Citation `ks2' on page 1 undefined on input line 77
  Citation `ks2' on page 1 undefined on input line 78
  Citation `ks2' on page 23 undefined on input line 1226
  Citation `ks2' on page 23 undefined on input line 1242
  Citation `ks2' on page 24 undefined on input line 1257
  Citation `ks2' on page 24 undefined on input line 1273
  Citation `ks2' on page 24 undefined on input line 1289
  Citation `ks2' on page 25 undefined on input line 1306
  Citation `ks2' on page 25 undefined on input line 1323
  Citation `ks2' on page 25 undefined on input line 1340
  Citation `ks2' on page 26 undefined on input line 1357
  Citation `ks2' on page 26 undefined on input line 1375
  Citation `ks2' on page 29 undefined on input line 1497
  Citation `ks2' on page 8 undefined on input line 397
  Citation `ks2' on page 9 undefined on input line 455
  Citation `ks3' on page 1 undefined on input line 71
  Citation `ks3' on page 10 undefined on input line 538
  Citation `ks3' on page 10 undefined on input line 553
  Citation `ks3' on page 11 undefined on input line 568
  Citation `ks3' on page 11 undefined on input line 583
  Citation `ks3' on page 11 undefined on input line 598
  Citation `ks3' on page 12 undefined on input line 614
  Citation `ks3' on page 12 undefined on input line 630
  Citation `ks3' on page 12 undefined on input line 646
  Citation `ks3' on page 13 undefined on input line 662
  Citation `ks3' on page 13 undefined on input line 680
  Citation `ks3' on page 14 undefined on input line 762
  Citation `li' on page 1 undefined on input line 73
  Citation `li1' on page 1 undefined on input line 73
  Citation `lou' on page 1 undefined on input line 67
  Citation `miura' on page 34 undefined on input line 1772
  Citation `mkdv' on page 1 undefined on input line 60
  Citation `mkdv' on page 9 undefined on input line 449
  Citation `optics' on page 1 undefined on input line 65
  Citation `yang' on page 1 undefined on input line 61
  Citation `zh' on page 1 undefined on input line 73
  Citation `zs' on page 20 undefined on input line 1036
  Citation `zs' on page 9 undefined on input line 470
  Reference `1' on page 18 undefined on input line 973
  Reference `1' on page 19 undefined on input line 1006
  Reference `1' on page 19 undefined on input line 992
  Reference `1' on page 28 undefined on input line 1448
  Reference `1' on page 28 undefined on input line 1457
  Reference `1' on page 28 undefined on input line 1471
  Reference `1' on page 28 undefined on input line 1487
  Reference `1' on page 29 undefined on input line 1496
  Reference `1' on page 29 undefined on input line 1498
  Reference `1' on page 29 undefined on input line 1504
  Reference `1' on page 3 undefined on input line 136
  Reference `1' on page 3 undefined on input line 148
  Reference `1' on page 3 undefined on input line 149
  Reference `1' on page 3 undefined on input line 157
  Reference `1' on page 3 undefined on input line 167
  Reference `1' on page 3 undefined on input line 172
  Reference `1' on page 3 undefined on input line 182
  Reference `1' on page 4 undefined on input line 203
  Reference `1' on page 4 undefined on input line 218
  Reference `1' on page 5 undefined on input line 246
  Reference `1' on page 5 undefined on input line 284
  Reference `1' on page 6 undefined on input line 322
  Reference `1' on page 6 undefined on input line 337
  Reference `1' on page 7 undefined on input line 352
  Reference `1' on page 7 undefined on input line 367
  Reference `1' on page 7 undefined on input line 375
  Reference `1.1' on page 10 undefined on input line 511
  Reference `1.1' on page 10 undefined on input line 521
  Reference `1.1' on page 10 undefined on input line 527
  Reference `1.1' on page 11 undefined on input line 557
  Reference `1.1' on page 11 undefined on input line 572
  Reference `1.1' on page 11 undefined on input line 602
  Reference `1.1' on page 12 undefined on input line 618
  Reference `1.1' on page 12 undefined on input line 634
  Reference `1.1' on page 12 undefined on input line 650
  Reference `1.1' on page 13 undefined on input line 666
  Reference `1.1' on page 13 undefined on input line 684
  Reference `1.1' on page 13 undefined on input line 709
  Reference `1.1' on page 14 undefined on input line 736
  Reference `1.1' on page 14 undefined on input line 747
  Reference `1.1' on page 14 undefined on input line 752
  Reference `1.1' on page 14 undefined on input line 766
  Reference `1.1' on page 14 undefined on input line 768
  Reference `1.1' on page 15 undefined on input line 774
  Reference `1.1' on page 15 undefined on input line 783
  Reference `1.1' on page 15 undefined on input line 798
  Reference `1.1' on page 15 undefined on input line 813
  Reference `1.1' on page 17 undefined on input line 913
  Reference `1.1' on page 19 undefined on input line 1015
  Reference `1.1' on page 29 undefined on input line 1546
  Reference `1.1' on page 9 undefined on input line 456
  Reference `1.1' on page 9 undefined on input line 464
  Reference `1.1' on page 9 undefined on input line 470
  Reference `1.1' on page 9 undefined on input line 477
  Reference `1.1' on page 9 undefined on input line 491
  Reference `1.14' on page 17 undefined on input line 892
  Reference `1.14' on page 17 undefined on input line 897
  Reference `1.15' on page 17 undefined on input line 893
  Reference `1.18' on page 17 undefined on input line 918
  Reference `1.18' on page 17 undefined on input line 922
  Reference `1.18' on page 17 undefined on input line 929
  Reference `1.19' on page 17 undefined on input line 919
  Reference `1.1a' on page 10 undefined on input line 505
  Reference `1.1a' on page 10 undefined on input line 510
  Reference `1.1a' on page 10 undefined on input line 520
  Reference `1.1a' on page 14 undefined on input line 735
  Reference `1.1a' on page 15 undefined on input line 773
  Reference `1.1a' on page 15 undefined on input line 789
  Reference `1.1a' on page 15 undefined on input line 805
  Reference `1.1a' on page 15 undefined on input line 823
  Reference `1.1a' on page 17 undefined on input line 893
  Reference `1.1a' on page 17 undefined on input line 919
  Reference `1.1a' on page 18 undefined on input line 954
  Reference `1.1a' on page 18 undefined on input line 982
  Reference `1.1a' on page 19 undefined on input line 1012
  Reference `1.1a' on page 19 undefined on input line 1014
  Reference `1.1a' on page 19 undefined on input line 998
  Reference `1.1a' on page 29 undefined on input line 1545
  Reference `1.1a' on page 31 undefined on input line 1639
  Reference `1.1a' on page 32 undefined on input line 1659
  Reference `1.1a' on page 32 undefined on input line 1689
  Reference `1.1a' on page 33 undefined on input line 1709
  Reference `1.1a' on page 33 undefined on input line 1742
  Reference `1.1a' on page 33 undefined on input line 1754
  Reference `1.1a' on page 34 undefined on input line 1767
  Reference `1.1a' on page 34 undefined on input line 1774
  Reference `1.1a' on page 9 undefined on input line 463
  Reference `1.1a' on page 9 undefined on input line 486
  Reference `1.1b' on page 9 undefined on input line 486
  Reference `1.1e' on page 10 undefined on input line 506
  Reference `1.23' on page 18 undefined on input line 953
  Reference `1.23' on page 18 undefined on input line 956
  Reference `1.23' on page 18 undefined on input line 957
  Reference `1.24' on page 18 undefined on input line 954
  Reference `1.27' on page 18 undefined on input line 981
  Reference `1.28' on page 18 undefined on input line 982
  Reference `1.3' on page 15 undefined on input line 788
  Reference `1.31' on page 19 undefined on input line 997
  Reference `1.32' on page 19 undefined on input line 998
  Reference `1.33' on page 19 undefined on input line 1011
  Reference `1.34' on page 19 undefined on input line 1012
  Reference `1.4' on page 15 undefined on input line 790
  Reference `1.5' on page 15 undefined on input line 804
  Reference `1.6' on page 15 undefined on input line 805
  Reference `1.7' on page 15 undefined on input line 822
  Reference `1.7' on page 16 undefined on input line 837
  Reference `1.7' on page 16 undefined on input line 849
  Reference `1.7' on page 16 undefined on input line 861
  Reference `1.7' on page 16 undefined on input line 873
  Reference `1.8' on page 15 undefined on input line 823
  Reference `10' on page 4 undefined on input line 225
  Reference `1a' on page 28 undefined on input line 1447
  Reference `1a' on page 29 undefined on input line 1514
  Reference `1a' on page 29 undefined on input line 1528
  Reference `1a' on page 3 undefined on input line 127
  Reference `1a' on page 3 undefined on input line 146
  Reference `1a' on page 3 undefined on input line 168
  Reference `1a' on page 3 undefined on input line 172
  Reference `1a' on page 4 undefined on input line 188
  Reference `1a' on page 4 undefined on input line 207
  Reference `1a' on page 4 undefined on input line 224
  Reference `1a' on page 4 undefined on input line 234
  Reference `1a' on page 7 undefined on input line 373
  Reference `1a' on page 7 undefined on input line 391
  Reference `1a' on page 8 undefined on input line 425
  Reference `1a' on page 8 undefined on input line 443
  Reference `1d' on page 7 undefined on input line 388
  Reference `1e' on page 7 undefined on input line 389
  Reference `1m' on page 7 undefined on input line 392
  Reference `2' on page 4 undefined on input line 188
  Reference `2.1' on page 19 undefined on input line 1025
  Reference `2.1' on page 20 undefined on input line 1036
  Reference `2.1' on page 20 undefined on input line 1055
  Reference `2.1' on page 20 undefined on input line 1076
  Reference `2.1' on page 20 undefined on input line 1085
  Reference `2.1' on page 21 undefined on input line 1090
  Reference `2.1' on page 21 undefined on input line 1116
  Reference `2.1' on page 21 undefined on input line 1125
  Reference `2.1' on page 22 undefined on input line 1143
  Reference `2.1' on page 22 undefined on input line 1158
  Reference `2.1' on page 22 undefined on input line 1175
  Reference `2.1' on page 23 undefined on input line 1196
  Reference `2.1' on page 23 undefined on input line 1207
  Reference `2.1' on page 23 undefined on input line 1219
  Reference `2.1' on page 24 undefined on input line 1250
  Reference `2.1' on page 24 undefined on input line 1262
  Reference `2.1' on page 25 undefined on input line 1298
  Reference `2.1' on page 25 undefined on input line 1311
  Reference `2.1' on page 25 undefined on input line 1332
  Reference `2.1' on page 25 undefined on input line 1344
  Reference `2.1' on page 26 undefined on input line 1361
  Reference `2.1' on page 26 undefined on input line 1379
  Reference `2.1' on page 26 undefined on input line 1396
  Reference `2.1' on page 27 undefined on input line 1412
  Reference `2.1' on page 34 undefined on input line 1797
  Reference `2.10' on page 21 undefined on input line 1133
  Reference `2.11' on page 22 undefined on input line 1151
  Reference `2.12' on page 22 undefined on input line 1153
  Reference `2.13' on page 22 undefined on input line 1168
  Reference `2.14' on page 22 undefined on input line 1170
  Reference `2.15' on page 22 undefined on input line 1185
  Reference `2.16' on page 22 undefined on input line 1187
  Reference `2.17' on page 23 undefined on input line 1201
  Reference `2.18' on page 23 undefined on input line 1203
  Reference `2.19' on page 20 undefined on input line 1048
  Reference `2.1a' on page 20 undefined on input line 1049
  Reference `2.1a' on page 20 undefined on input line 1068
  Reference `2.1a' on page 20 undefined on input line 1075
  Reference `2.1a' on page 21 undefined on input line 1133
  Reference `2.1a' on page 22 undefined on input line 1152
  Reference `2.1a' on page 22 undefined on input line 1169
  Reference `2.1a' on page 22 undefined on input line 1186
  Reference `2.1a' on page 23 undefined on input line 1202
  Reference `2.1a' on page 27 undefined on input line 1411
  Reference `2.1a' on page 30 undefined on input line 1555
  Reference `2.1a' on page 31 undefined on input line 1617
  Reference `2.1a' on page 31 undefined on input line 1630
  Reference `2.1a' on page 34 undefined on input line 1796
  Reference `2.1a' on page 35 undefined on input line 1806
  Reference `2.1a' on page 35 undefined on input line 1822
  Reference `2.1a' on page 35 undefined on input line 1852
  Reference `2.1a' on page 36 undefined on input line 1867
  Reference `2.20' on page 20 undefined on input line 1051
  Reference `2.22' on page 20 undefined on input line 1067
  Reference `2.22' on page 20 undefined on input line 1069
  Reference `2.3' on page 21 undefined on input line 1098
  Reference `2.3' on page 21 undefined on input line 1099
  Reference `2.4' on page 21 undefined on input line 1114
  Reference `2.5' on page 21 undefined on input line 1114
  Reference `2.5' on page 21 undefined on input line 1116
  Reference `2.5' on page 21 undefined on input line 1126
  Reference `2.5' on page 22 undefined on input line 1144
  Reference `2.5' on page 22 undefined on input line 1163
  Reference `2.5' on page 22 undefined on input line 1180
  Reference `2.5' on page 23 undefined on input line 1197
  Reference `2.5' on page 23 undefined on input line 1212
  Reference `2.5' on page 23 undefined on input line 1226
  Reference `2.5' on page 23 undefined on input line 1242
  Reference `2.5' on page 24 undefined on input line 1257
  Reference `2.5' on page 24 undefined on input line 1273
  Reference `2.5' on page 24 undefined on input line 1289
  Reference `2.5' on page 25 undefined on input line 1306
  Reference `2.5' on page 25 undefined on input line 1323
  Reference `2.5' on page 25 undefined on input line 1340
  Reference `2.5' on page 26 undefined on input line 1357
  Reference `2.5' on page 26 undefined on input line 1375
  Reference `2.5' on page 26 undefined on input line 1392
  Reference `2.5' on page 27 undefined on input line 1409
  Reference `2.6' on page 21 undefined on input line 1115
  Reference `2.9' on page 21 undefined on input line 1132
  Reference `4.1' on page 8 undefined on input line 406
  Reference `4.1' on page 8 undefined on input line 421
  Reference `4.1' on page 8 undefined on input line 437
  Reference `4.2' on page 8 undefined on input line 411
  Reference `4.4' on page 8 undefined on input line 426
  Reference `4.5' on page 8 undefined on input line 427
  Reference `4.6' on page 8 undefined on input line 444
  Reference `4.7' on page 8 undefined on input line 445
  Reference `5' on page 4 undefined on input line 207
  Reference `7.1' on page 10 undefined on input line 522
  Reference `8' on page 4 undefined on input line 208
  Reference `9' on page 4 undefined on input line 224
  Reference `B30' on page 34 undefined on input line 1784
  Reference `B30' on page 34 undefined on input line 1790
Rule 'pdflatex': File changes, etc:
   Changed files, or newly in use since previous run(s):
      '/diff_test_tex_engines/docker_bin_2/version_compiled_pdf_2020/2306.00329/2306.00329_tl2020.aux'
------------
Run number 2 of rule 'pdflatex'
------------
------------
Running 'pdflatex  -interaction=nonstopmode -recorder -output-directory="/diff_test_tex_engines/docker_bin_2/version_compiled_pdf_2020/2306.00329" --jobname="2306.00329_tl2020"  "2306.00329"'
------------
Latexmk: Log file says output to '/diff_test_tex_engines/docker_bin_2/version_compiled_pdf_2020/2306.00329/2306.00329_tl2020.pdf'
Rc files read:
  NONE
Latexmk: This is Latexmk, John Collins, 29 September 2020, version: 4.70b.
