Rc files read:
  NONE
Latexmk: This is Latexmk, John Collins, 17 Mar. 2022. Version 4.77, version: 4.77.
Latexmk: applying rule 'pdflatex'...
Rule 'pdflatex': File changes, etc:
   Changed files, or newly in use since previous run(s):
  2306.00329
Rule 'pdflatex': The following rules & subrules became out-of-date:
  pdflatex
------------
Run number 1 of rule 'pdflatex'
------------
------------
Running 'pdflatex  -interaction=nonstopmode -recorder --jobname="2306.00329_tl2021" -output-directory="/diff_test_tex_engines/docker_bin_2/version_compiled_pdf/2306.00329"  "2306.00329"'
------------
This is pdfTeX, Version 3.141592653-2.6-1.40.23 (TeX Live 2021) (preloaded format=pdflatex)
 restricted \write18 enabled.
entering extended mode
(./2306.00329
LaTeX2e <2021-11-15> patch level 1
L3 programming layer <2022-02-24>
(/usr/local/texlive/2021/texmf-dist/tex/latex/base/article.cls
Document Class: article 2021/10/04 v1.4n Standard LaTeX document class
(/usr/local/texlive/2021/texmf-dist/tex/latex/base/size11.clo))
(/usr/local/texlive/2021/texmf-dist/tex/latex/l3backend/l3backend-pdftex.def)
(/diff_test_tex_engines/docker_bin_2/version_compiled_pdf/2306.00329/2306.00329
_tl2021.aux)
Overfull \hbox (4.36179pt too wide) in paragraph at lines 42--50
\OT1/cmr/m/n/10 Musslimani as well Yang's ver-sions of the non-lo-cal non-lin-e
ar Schr^^?odinger

LaTeX Warning: Citation `am1' on page 1 undefined on input line 58.


LaTeX Warning: Citation `am2' on page 1 undefined on input line 58.


LaTeX Warning: Citation `mkdv' on page 1 undefined on input line 60.


LaTeX Warning: Citation `gur' on page 1 undefined on input line 60.


LaTeX Warning: Citation `cen' on page 1 undefined on input line 61.


LaTeX Warning: Citation `hirota' on page 1 undefined on input line 61.


LaTeX Warning: Citation `yang' on page 1 undefined on input line 61.


LaTeX Warning: Citation `optics' on page 1 undefined on input line 65.


LaTeX Warning: Citation `lou' on page 1 undefined on input line 67.


LaTeX Warning: Citation `ks1' on page 1 undefined on input line 71.


LaTeX Warning: Citation `ks3' on page 1 undefined on input line 71.


LaTeX Warning: Citation `am3' on page 1 undefined on input line 73.


LaTeX Warning: Citation `am4' on page 1 undefined on input line 73.


LaTeX Warning: Citation `li' on page 1 undefined on input line 73.


LaTeX Warning: Citation `zh' on page 1 undefined on input line 73.


LaTeX Warning: Citation `li1' on page 1 undefined on input line 73.


LaTeX Warning: Citation `ks2' on page 1 undefined on input line 77.


LaTeX Warning: Citation `ks2' on page 1 undefined on input line 78.

[1{/usr/local/texlive/2021/texmf-var/fonts/map/pdftex/updmap/pdftex.map}]

LaTeX Warning: Citation `kbs' on page 2 undefined on input line 86.

[2]

LaTeX Warning: Reference `1a' on page 3 undefined on input line 127.


LaTeX Warning: Reference `1' on page 3 undefined on input line 136.


LaTeX Warning: Reference `1a' on page 3 undefined on input line 146.


LaTeX Warning: Reference `1' on page 3 undefined on input line 148.


LaTeX Warning: Reference `1' on page 3 undefined on input line 149.


LaTeX Warning: Reference `1' on page 3 undefined on input line 157.


LaTeX Warning: Reference `1' on page 3 undefined on input line 167.


LaTeX Warning: Reference `1a' on page 3 undefined on input line 168.


LaTeX Warning: Reference `1a' on page 3 undefined on input line 172.


LaTeX Warning: Reference `1' on page 3 undefined on input line 172.


LaTeX Warning: Reference `1' on page 3 undefined on input line 182.

[3]

LaTeX Warning: Citation `as' on page 4 undefined on input line 186.


LaTeX Warning: Reference `1a' on page 4 undefined on input line 188.


LaTeX Warning: Reference `2' on page 4 undefined on input line 188.


LaTeX Warning: Reference `1' on page 4 undefined on input line 203.


LaTeX Warning: Reference `1a' on page 4 undefined on input line 207.


LaTeX Warning: Reference `5' on page 4 undefined on input line 207.


LaTeX Warning: Reference `8' on page 4 undefined on input line 208.


LaTeX Warning: Reference `1' on page 4 undefined on input line 218.


LaTeX Warning: Reference `1a' on page 4 undefined on input line 224.


LaTeX Warning: Reference `9' on page 4 undefined on input line 224.


LaTeX Warning: Reference `10' on page 4 undefined on input line 225.


LaTeX Warning: Reference `1a' on page 4 undefined on input line 234.

[4]

LaTeX Warning: Reference `1' on page 5 undefined on input line 246.


LaTeX Warning: Reference `1' on page 5 undefined on input line 284.

[5]

LaTeX Warning: Reference `1' on page 6 undefined on input line 322.


LaTeX Warning: Reference `1' on page 6 undefined on input line 337.

[6]

LaTeX Warning: Reference `1' on page 7 undefined on input line 352.


LaTeX Warning: Reference `1' on page 7 undefined on input line 367.


LaTeX Warning: Reference `1a' on page 7 undefined on input line 373.


LaTeX Warning: Reference `1' on page 7 undefined on input line 375.


LaTeX Warning: Reference `1d' on page 7 undefined on input line 388.


LaTeX Warning: Reference `1e' on page 7 undefined on input line 389.


LaTeX Warning: Reference `1a' on page 7 undefined on input line 391.


LaTeX Warning: Reference `1m' on page 7 undefined on input line 392.

[7]

LaTeX Warning: Citation `ks2' on page 8 undefined on input line 397.


LaTeX Warning: Reference `4.1' on page 8 undefined on input line 406.


LaTeX Warning: Reference `4.2' on page 8 undefined on input line 411.


LaTeX Warning: Reference `4.1' on page 8 undefined on input line 421.


LaTeX Warning: Reference `1a' on page 8 undefined on input line 425.


LaTeX Warning: Reference `4.4' on page 8 undefined on input line 426.


LaTeX Warning: Reference `4.5' on page 8 undefined on input line 427.


LaTeX Warning: Reference `4.1' on page 8 undefined on input line 437.


LaTeX Warning: Reference `1a' on page 8 undefined on input line 443.


LaTeX Warning: Reference `4.6' on page 8 undefined on input line 444.


LaTeX Warning: Reference `4.7' on page 8 undefined on input line 445.

[8]

LaTeX Warning: Citation `mkdv' on page 9 undefined on input line 449.


LaTeX Warning: Citation `ks2' on page 9 undefined on input line 455.


LaTeX Warning: Reference `1.1' on page 9 undefined on input line 456.


LaTeX Warning: Reference `1.1a' on page 9 undefined on input line 463.


LaTeX Warning: Reference `1.1' on page 9 undefined on input line 464.


LaTeX Warning: Citation `zs' on page 9 undefined on input line 470.


LaTeX Warning: Reference `1.1' on page 9 undefined on input line 470.


LaTeX Warning: Reference `1.1' on page 9 undefined on input line 477.


LaTeX Warning: Reference `1.1a' on page 9 undefined on input line 486.


LaTeX Warning: Reference `1.1b' on page 9 undefined on input line 486.


LaTeX Warning: Reference `1.1' on page 9 undefined on input line 491.

[9]

LaTeX Warning: Reference `1.1a' on page 10 undefined on input line 505.


LaTeX Warning: Reference `1.1e' on page 10 undefined on input line 506.


LaTeX Warning: Reference `1.1a' on page 10 undefined on input line 510.


LaTeX Warning: Reference `1.1' on page 10 undefined on input line 511.


LaTeX Warning: Reference `1.1a' on page 10 undefined on input line 520.


LaTeX Warning: Reference `1.1' on page 10 undefined on input line 521.


LaTeX Warning: Reference `7.1' on page 10 undefined on input line 522.


LaTeX Warning: Reference `1.1' on page 10 undefined on input line 527.


LaTeX Warning: Citation `ks1' on page 10 undefined on input line 538.


LaTeX Warning: Citation `ks3' on page 10 undefined on input line 538.


LaTeX Warning: Citation `ks1' on page 10 undefined on input line 553.


LaTeX Warning: Citation `ks3' on page 10 undefined on input line 553.

[10]

LaTeX Warning: Reference `1.1' on page 11 undefined on input line 557.


LaTeX Warning: Citation `ks1' on page 11 undefined on input line 568.


LaTeX Warning: Citation `ks3' on page 11 undefined on input line 568.


LaTeX Warning: Reference `1.1' on page 11 undefined on input line 572.


LaTeX Warning: Citation `ks1' on page 11 undefined on input line 583.


LaTeX Warning: Citation `ks3' on page 11 undefined on input line 583.


LaTeX Warning: Citation `ks1' on page 11 undefined on input line 598.


LaTeX Warning: Citation `ks3' on page 11 undefined on input line 598.


LaTeX Warning: Reference `1.1' on page 11 undefined on input line 602.


Overfull \hbox (21.75415pt too wide) detected at line 612
[]\OML/cmm/m/it/10.95 g \OT1/cmr/m/n/10.95 = \OMS/cmsy/m/n/10.95 ^^@\OT1/cmr/m/
n/10.95 1 \OML/cmm/m/it/10.95 ;  [] []\OT1/cmr/m/n/10.95 0 \OML/cmm/m/it/10.95 
< m < \OT1/cmr/m/n/10.95 1 \OML/cmm/m/it/10.95 ;  [] []A \OT1/cmr/m/n/10.95 = \
OML/cmm/m/it/10.95 ^^L ;  [] []! \OT1/cmr/m/n/10.95 = \OMS/cmsy/m/n/10.95 ^^@\O
ML/cmm/m/it/10.95 k\OT1/cmr/m/n/10.95 [\OML/cmm/m/it/10.95 k[] \OT1/cmr/m/n/10.
95 + 3(1 + \OML/cmm/m/it/10.95 m\OT1/cmr/m/n/10.95 )\OML/cmm/m/it/10.95 A[]\OT1
/cmr/m/n/10.95 ] \OML/cmm/m/it/10.95 ;  [] []v \OT1/cmr/m/n/10.95 = \OMS/cmsy/m
/n/10.95 ^^@\OT1/cmr/m/n/10.95 [3\OML/cmm/m/it/10.95 k[] \OT1/cmr/m/n/10.95 + (
1 + \OML/cmm/m/it/10.95 m\OT1/cmr/m/n/10.95 )\OML/cmm/m/it/10.95 A[]\OT1/cmr/m/
n/10.95 ] \OML/cmm/m/it/10.95 :
[11]

LaTeX Warning: Citation `ks1' on page 12 undefined on input line 614.


LaTeX Warning: Citation `ks3' on page 12 undefined on input line 614.


LaTeX Warning: Reference `1.1' on page 12 undefined on input line 618.


Overfull \hbox (32.70416pt too wide) detected at line 628
[]\OML/cmm/m/it/10.95 g \OT1/cmr/m/n/10.95 = \OMS/cmsy/m/n/10.95 ^^@\OT1/cmr/m/
n/10.95 1 \OML/cmm/m/it/10.95 ;  [] []\OT1/cmr/m/n/10.95 0 \OML/cmm/m/it/10.95 
< m < \OT1/cmr/m/n/10.95 1 \OML/cmm/m/it/10.95 ;  [] []A \OT1/cmr/m/n/10.95 = \
OML/cmm/m/it/10.95 ^^L ;  [] []! \OT1/cmr/m/n/10.95 = \OMS/cmsy/m/n/10.95 ^^@\O
ML/cmm/m/it/10.95 k\OT1/cmr/m/n/10.95 [\OML/cmm/m/it/10.95 k[] \OMS/cmsy/m/n/10
.95 ^^@ \OT1/cmr/m/n/10.95 3(2\OML/cmm/m/it/10.95 m \OMS/cmsy/m/n/10.95 ^^@ \OT
1/cmr/m/n/10.95 1)\OML/cmm/m/it/10.95 A[]\OT1/cmr/m/n/10.95 ] \OML/cmm/m/it/10.
95 ;  [] []v \OT1/cmr/m/n/10.95 = \OMS/cmsy/m/n/10.95 ^^@\OT1/cmr/m/n/10.95 [3\
OML/cmm/m/it/10.95 k[] \OMS/cmsy/m/n/10.95 ^^@ \OT1/cmr/m/n/10.95 (2\OML/cmm/m/
it/10.95 m \OMS/cmsy/m/n/10.95 ^^@ \OT1/cmr/m/n/10.95 1)\OML/cmm/m/it/10.95 A[]
\OT1/cmr/m/n/10.95 ] \OML/cmm/m/it/10.95 :

LaTeX Warning: Citation `ks1' on page 12 undefined on input line 630.


LaTeX Warning: Citation `ks3' on page 12 undefined on input line 630.


LaTeX Warning: Reference `1.1' on page 12 undefined on input line 634.


Overfull \hbox (13.23746pt too wide) detected at line 644
[]\OML/cmm/m/it/10.95 g \OT1/cmr/m/n/10.95 = 1 \OML/cmm/m/it/10.95 ;  [] []\OT1
/cmr/m/n/10.95 0 \OML/cmm/m/it/10.95 < m < \OT1/cmr/m/n/10.95 1 \OML/cmm/m/it/1
0.95 ;  [] []A \OT1/cmr/m/n/10.95 = \OML/cmm/m/it/10.95 ^^L ;  [] []! \OT1/cmr/
m/n/10.95 = \OMS/cmsy/m/n/10.95 ^^@\OML/cmm/m/it/10.95 k\OT1/cmr/m/n/10.95 [\OM
L/cmm/m/it/10.95 k[] \OMS/cmsy/m/n/10.95 ^^@ \OT1/cmr/m/n/10.95 3(2 \OMS/cmsy/m
/n/10.95 ^^@ \OML/cmm/m/it/10.95 m\OT1/cmr/m/n/10.95 )\OML/cmm/m/it/10.95 A[]\O
T1/cmr/m/n/10.95 ] \OML/cmm/m/it/10.95 ;  [] []v \OT1/cmr/m/n/10.95 = \OMS/cmsy
/m/n/10.95 ^^@\OT1/cmr/m/n/10.95 [3\OML/cmm/m/it/10.95 k[] \OMS/cmsy/m/n/10.95 
^^@ \OT1/cmr/m/n/10.95 (2 \OMS/cmsy/m/n/10.95 ^^@ \OML/cmm/m/it/10.95 m\OT1/cmr
/m/n/10.95 )\OML/cmm/m/it/10.95 A[]\OT1/cmr/m/n/10.95 ] \OML/cmm/m/it/10.95 :

LaTeX Warning: Citation `ks1' on page 12 undefined on input line 646.


LaTeX Warning: Citation `ks3' on page 12 undefined on input line 646.


LaTeX Warning: Reference `1.1' on page 12 undefined on input line 650.

[12]

LaTeX Warning: Citation `ks1' on page 13 undefined on input line 662.


LaTeX Warning: Citation `ks3' on page 13 undefined on input line 662.


LaTeX Warning: Reference `1.1' on page 13 undefined on input line 666.


LaTeX Warning: Citation `ks1' on page 13 undefined on input line 680.


LaTeX Warning: Citation `ks3' on page 13 undefined on input line 680.


LaTeX Warning: Reference `1.1' on page 13 undefined on input line 684.


LaTeX Warning: Reference `1.1' on page 13 undefined on input line 709.

[13]

LaTeX Warning: Reference `1.1a' on page 14 undefined on input line 735.


LaTeX Warning: Reference `1.1' on page 14 undefined on input line 736.


LaTeX Warning: Reference `1.1' on page 14 undefined on input line 747.


LaTeX Warning: Reference `1.1' on page 14 undefined on input line 752.


LaTeX Warning: Citation `ks1' on page 14 undefined on input line 762.


LaTeX Warning: Citation `ks3' on page 14 undefined on input line 762.


LaTeX Warning: Reference `1.1' on page 14 undefined on input line 766.


LaTeX Warning: Reference `1.1' on page 14 undefined on input line 768.

[14]

LaTeX Warning: Reference `1.1a' on page 15 undefined on input line 773.


LaTeX Warning: Reference `1.1' on page 15 undefined on input line 774.


LaTeX Warning: Reference `1.1' on page 15 undefined on input line 783.


LaTeX Warning: Reference `1.3' on page 15 undefined on input line 788.


LaTeX Warning: Reference `1.1a' on page 15 undefined on input line 789.


LaTeX Warning: Reference `1.4' on page 15 undefined on input line 790.


LaTeX Warning: Reference `1.1' on page 15 undefined on input line 798.


LaTeX Warning: Reference `1.5' on page 15 undefined on input line 804.


LaTeX Warning: Reference `1.1a' on page 15 undefined on input line 805.


LaTeX Warning: Reference `1.6' on page 15 undefined on input line 805.


LaTeX Warning: Reference `1.1' on page 15 undefined on input line 813.


LaTeX Warning: Reference `1.7' on page 15 undefined on input line 822.


LaTeX Warning: Reference `1.1a' on page 15 undefined on input line 823.


LaTeX Warning: Reference `1.8' on page 15 undefined on input line 823.

[15]

LaTeX Warning: Reference `1.7' on page 16 undefined on input line 837.


LaTeX Warning: Reference `1.7' on page 16 undefined on input line 849.


LaTeX Warning: Reference `1.7' on page 16 undefined on input line 861.


LaTeX Warning: Reference `1.7' on page 16 undefined on input line 873.

[16]

LaTeX Warning: Reference `1.14' on page 17 undefined on input line 892.


LaTeX Warning: Reference `1.1a' on page 17 undefined on input line 893.


LaTeX Warning: Reference `1.15' on page 17 undefined on input line 893.


LaTeX Warning: Reference `1.14' on page 17 undefined on input line 897.


LaTeX Warning: Reference `1.1' on page 17 undefined on input line 913.


Overfull \hbox (7.97495pt too wide) in alignment at lines 914--917
 [][][] []

LaTeX Warning: Reference `1.18' on page 17 undefined on input line 918.


LaTeX Warning: Reference `1.1a' on page 17 undefined on input line 919.


LaTeX Warning: Reference `1.19' on page 17 undefined on input line 919.


LaTeX Warning: Reference `1.18' on page 17 undefined on input line 922.


LaTeX Warning: Reference `1.18' on page 17 undefined on input line 929.

[17]

LaTeX Warning: Reference `1.23' on page 18 undefined on input line 953.


LaTeX Warning: Reference `1.1a' on page 18 undefined on input line 954.


LaTeX Warning: Reference `1.24' on page 18 undefined on input line 954.


LaTeX Warning: Reference `1.23' on page 18 undefined on input line 956.


LaTeX Warning: Reference `1.23' on page 18 undefined on input line 957.


LaTeX Warning: Reference `1' on page 18 undefined on input line 973.


LaTeX Warning: Reference `1.27' on page 18 undefined on input line 981.


LaTeX Warning: Reference `1.1a' on page 18 undefined on input line 982.


LaTeX Warning: Reference `1.28' on page 18 undefined on input line 982.

[18]

LaTeX Warning: Reference `1' on page 19 undefined on input line 992.


LaTeX Warning: Reference `1.31' on page 19 undefined on input line 997.


LaTeX Warning: Reference `1.1a' on page 19 undefined on input line 998.


LaTeX Warning: Reference `1.32' on page 19 undefined on input line 998.


LaTeX Warning: Reference `1' on page 19 undefined on input line 1006.


LaTeX Warning: Reference `1.33' on page 19 undefined on input line 1011.


LaTeX Warning: Reference `1.1a' on page 19 undefined on input line 1012.


LaTeX Warning: Reference `1.34' on page 19 undefined on input line 1012.


LaTeX Warning: Reference `1.1a' on page 19 undefined on input line 1014.


LaTeX Warning: Reference `1.1' on page 19 undefined on input line 1015.


LaTeX Warning: Citation `hirota' on page 19 undefined on input line 1019.


Overfull \hbox (66.22601pt too wide) detected at line 1023
[]\OML/cmm/m/it/10.95 iu[]\OT1/cmr/m/n/10.95 (\OML/cmm/m/it/10.95 x; t\OT1/cmr/
m/n/10.95 ) + \OML/cmm/m/it/10.95 \OT1/cmr/m/n/10.95 [\OML/cmm/m/it/10.95 u[]\
OT1/cmr/m/n/10.95 (\OML/cmm/m/it/10.95 x; t\OT1/cmr/m/n/10.95 ) + 2\OML/cmm/m/i
t/10.95 gu[]\OT1/cmr/m/n/10.95 (\OML/cmm/m/it/10.95 x; t\OT1/cmr/m/n/10.95 )\OM
L/cmm/m/it/10.95 u\OT1/cmr/m/n/10.95 (\OMS/cmsy/m/n/10.95 ^^@\OML/cmm/m/it/10.9
5 x; \OMS/cmsy/m/n/10.95 ^^@\OML/cmm/m/it/10.95 t\OT1/cmr/m/n/10.95 )] + \OML/c
mm/m/it/10.95 i^^L\OT1/cmr/m/n/10.95 [\OML/cmm/m/it/10.95 u[]\OT1/cmr/m/n/10.95
 (\OML/cmm/m/it/10.95 x; t\OT1/cmr/m/n/10.95 ) + 6\OML/cmm/m/it/10.95 gu\OT1/cm
r/m/n/10.95 (\OML/cmm/m/it/10.95 x; t\OT1/cmr/m/n/10.95 )\OML/cmm/m/it/10.95 u\
OT1/cmr/m/n/10.95 (\OMS/cmsy/m/n/10.95 ^^@\OML/cmm/m/it/10.95 x; \OMS/cmsy/m/n/
10.95 ^^@\OML/cmm/m/it/10.95 t\OT1/cmr/m/n/10.95 )\OML/cmm/m/it/10.95 u[]\OT1/c
mr/m/n/10.95 (\OML/cmm/m/it/10.95 x; t\OT1/cmr/m/n/10.95 )] = 0 \OML/cmm/m/it/1
0.95 :

LaTeX Warning: Reference `2.1' on page 19 undefined on input line 1025.


Overfull \hbox (19.21185pt too wide) detected at line 1032
[]\OML/cmm/m/it/10.95 iu[]\OT1/cmr/m/n/10.95 (\OML/cmm/m/it/10.95 x; t\OT1/cmr/
m/n/10.95 ) + \OML/cmm/m/it/10.95 \OT1/cmr/m/n/10.95 [\OML/cmm/m/it/10.95 u[]\
OT1/cmr/m/n/10.95 (\OML/cmm/m/it/10.95 x; t\OT1/cmr/m/n/10.95 ) + 2\OML/cmm/m/i
t/10.95 g\OMS/cmsy/m/n/10.95 j\OML/cmm/m/it/10.95 u\OMS/cmsy/m/n/10.95 j[]\OT1/
cmr/m/n/10.95 (\OML/cmm/m/it/10.95 x; t\OT1/cmr/m/n/10.95 )\OML/cmm/m/it/10.95 
u\OT1/cmr/m/n/10.95 (\OML/cmm/m/it/10.95 x; t\OT1/cmr/m/n/10.95 )] + \OML/cmm/m
/it/10.95 i^^L\OT1/cmr/m/n/10.95 [\OML/cmm/m/it/10.95 u[]\OT1/cmr/m/n/10.95 (\O
ML/cmm/m/it/10.95 x; t\OT1/cmr/m/n/10.95 ) + 6\OML/cmm/m/it/10.95 g\OMS/cmsy/m/
n/10.95 j\OML/cmm/m/it/10.95 u\OMS/cmsy/m/n/10.95 j[]\OT1/cmr/m/n/10.95 (\OML/c
mm/m/it/10.95 x; t\OT1/cmr/m/n/10.95 )\OML/cmm/m/it/10.95 u[]\OT1/cmr/m/n/10.95
 (\OML/cmm/m/it/10.95 x; t\OT1/cmr/m/n/10.95 )] = 0 \OML/cmm/m/it/10.95 ;
[19]

LaTeX Warning: Citation `zs' on page 20 undefined on input line 1036.


LaTeX Warning: Reference `2.1' on page 20 undefined on input line 1036.


LaTeX Warning: Reference `2.19' on page 20 undefined on input line 1048.


LaTeX Warning: Reference `2.1a' on page 20 undefined on input line 1049.


LaTeX Warning: Reference `2.20' on page 20 undefined on input line 1051.


LaTeX Warning: Reference `2.1' on page 20 undefined on input line 1055.


Overfull \hbox (0.38968pt too wide) in alignment at lines 1062--1066
 [][][] []

LaTeX Warning: Reference `2.22' on page 20 undefined on input line 1067.


LaTeX Warning: Reference `2.1a' on page 20 undefined on input line 1068.


LaTeX Warning: Reference `2.22' on page 20 undefined on input line 1069.


LaTeX Warning: Reference `2.1a' on page 20 undefined on input line 1075.


LaTeX Warning: Reference `2.1' on page 20 undefined on input line 1076.


LaTeX Warning: Reference `2.1' on page 20 undefined on input line 1085.

[20]

LaTeX Warning: Reference `2.1' on page 21 undefined on input line 1090.


LaTeX Warning: Reference `2.3' on page 21 undefined on input line 1098.


LaTeX Warning: Reference `2.3' on page 21 undefined on input line 1099.


LaTeX Warning: Reference `2.4' on page 21 undefined on input line 1114.


LaTeX Warning: Reference `2.5' on page 21 undefined on input line 1114.


LaTeX Warning: Reference `2.6' on page 21 undefined on input line 1115.


LaTeX Warning: Reference `2.1' on page 21 undefined on input line 1116.


LaTeX Warning: Reference `2.5' on page 21 undefined on input line 1116.


LaTeX Warning: Reference `2.1' on page 21 undefined on input line 1125.


LaTeX Warning: Reference `2.5' on page 21 undefined on input line 1126.


LaTeX Warning: Reference `2.9' on page 21 undefined on input line 1132.


LaTeX Warning: Reference `2.1a' on page 21 undefined on input line 1133.


LaTeX Warning: Reference `2.10' on page 21 undefined on input line 1133.

[21]

LaTeX Warning: Reference `2.1' on page 22 undefined on input line 1143.


LaTeX Warning: Reference `2.5' on page 22 undefined on input line 1144.


LaTeX Warning: Reference `2.11' on page 22 undefined on input line 1151.


LaTeX Warning: Reference `2.1a' on page 22 undefined on input line 1152.


LaTeX Warning: Reference `2.12' on page 22 undefined on input line 1153.


LaTeX Warning: Reference `2.1' on page 22 undefined on input line 1158.


LaTeX Warning: Reference `2.5' on page 22 undefined on input line 1163.


LaTeX Warning: Reference `2.13' on page 22 undefined on input line 1168.


LaTeX Warning: Reference `2.1a' on page 22 undefined on input line 1169.


LaTeX Warning: Reference `2.14' on page 22 undefined on input line 1170.


LaTeX Warning: Reference `2.1' on page 22 undefined on input line 1175.


LaTeX Warning: Reference `2.5' on page 22 undefined on input line 1180.


LaTeX Warning: Reference `2.15' on page 22 undefined on input line 1185.


LaTeX Warning: Reference `2.1a' on page 22 undefined on input line 1186.


LaTeX Warning: Reference `2.16' on page 22 undefined on input line 1187.

[22]

LaTeX Warning: Reference `2.1' on page 23 undefined on input line 1196.


LaTeX Warning: Reference `2.5' on page 23 undefined on input line 1197.


LaTeX Warning: Reference `2.17' on page 23 undefined on input line 1201.


LaTeX Warning: Reference `2.1a' on page 23 undefined on input line 1202.


LaTeX Warning: Reference `2.18' on page 23 undefined on input line 1203.


LaTeX Warning: Reference `2.1' on page 23 undefined on input line 1207.


LaTeX Warning: Reference `2.5' on page 23 undefined on input line 1212.


LaTeX Warning: Reference `2.1' on page 23 undefined on input line 1219.


LaTeX Warning: Citation `ks2' on page 23 undefined on input line 1226.


LaTeX Warning: Reference `2.5' on page 23 undefined on input line 1226.


LaTeX Warning: Citation `ks2' on page 23 undefined on input line 1242.


LaTeX Warning: Reference `2.5' on page 23 undefined on input line 1242.

[23]

LaTeX Warning: Reference `2.1' on page 24 undefined on input line 1250.


LaTeX Warning: Citation `ks2' on page 24 undefined on input line 1257.


LaTeX Warning: Reference `2.5' on page 24 undefined on input line 1257.


LaTeX Warning: Reference `2.1' on page 24 undefined on input line 1262.


LaTeX Warning: Citation `ks2' on page 24 undefined on input line 1273.


LaTeX Warning: Reference `2.5' on page 24 undefined on input line 1273.


LaTeX Warning: Citation `ks2' on page 24 undefined on input line 1289.


LaTeX Warning: Reference `2.5' on page 24 undefined on input line 1289.

[24]

LaTeX Warning: Reference `2.1' on page 25 undefined on input line 1298.


LaTeX Warning: Citation `ks2' on page 25 undefined on input line 1306.


LaTeX Warning: Reference `2.5' on page 25 undefined on input line 1306.


LaTeX Warning: Reference `2.1' on page 25 undefined on input line 1311.


LaTeX Warning: Citation `ks2' on page 25 undefined on input line 1323.


LaTeX Warning: Reference `2.5' on page 25 undefined on input line 1323.


LaTeX Warning: Reference `2.1' on page 25 undefined on input line 1332.


LaTeX Warning: Citation `ks2' on page 25 undefined on input line 1340.


LaTeX Warning: Reference `2.5' on page 25 undefined on input line 1340.


LaTeX Warning: Reference `2.1' on page 25 undefined on input line 1344.

[25]

LaTeX Warning: Citation `ks2' on page 26 undefined on input line 1357.


LaTeX Warning: Reference `2.5' on page 26 undefined on input line 1357.


LaTeX Warning: Reference `2.1' on page 26 undefined on input line 1361.


LaTeX Warning: Citation `ks2' on page 26 undefined on input line 1375.


LaTeX Warning: Reference `2.5' on page 26 undefined on input line 1375.


LaTeX Warning: Reference `2.1' on page 26 undefined on input line 1379.


LaTeX Warning: Reference `2.5' on page 26 undefined on input line 1392.


LaTeX Warning: Reference `2.1' on page 26 undefined on input line 1396.

[26]

LaTeX Warning: Reference `2.5' on page 27 undefined on input line 1409.


LaTeX Warning: Reference `2.1a' on page 27 undefined on input line 1411.


LaTeX Warning: Reference `2.1' on page 27 undefined on input line 1412.

[27]

LaTeX Warning: Reference `1a' on page 28 undefined on input line 1447.


LaTeX Warning: Reference `1' on page 28 undefined on input line 1448.


LaTeX Warning: Reference `1' on page 28 undefined on input line 1457.


LaTeX Warning: Reference `1' on page 28 undefined on input line 1471.


LaTeX Warning: Reference `1' on page 28 undefined on input line 1487.

[28]

LaTeX Warning: Reference `1' on page 29 undefined on input line 1496.


LaTeX Warning: Citation `ks2' on page 29 undefined on input line 1497.


LaTeX Warning: Reference `1' on page 29 undefined on input line 1498.


LaTeX Warning: Reference `1' on page 29 undefined on input line 1504.


LaTeX Warning: Reference `1a' on page 29 undefined on input line 1514.


LaTeX Warning: Reference `1a' on page 29 undefined on input line 1528.


LaTeX Warning: Reference `1.1a' on page 29 undefined on input line 1545.


LaTeX Warning: Reference `1.1' on page 29 undefined on input line 1546.

[29]

LaTeX Warning: Reference `2.1a' on page 30 undefined on input line 1555.

[30]

LaTeX Warning: Reference `2.1a' on page 31 undefined on input line 1617.


LaTeX Warning: Reference `2.1a' on page 31 undefined on input line 1630.


LaTeX Warning: Reference `1.1a' on page 31 undefined on input line 1639.

[31]

LaTeX Warning: Reference `1.1a' on page 32 undefined on input line 1659.


LaTeX Warning: Reference `1.1a' on page 32 undefined on input line 1689.

[32]

LaTeX Warning: Reference `1.1a' on page 33 undefined on input line 1709.


LaTeX Warning: Reference `1.1a' on page 33 undefined on input line 1742.


LaTeX Warning: Reference `1.1a' on page 33 undefined on input line 1754.

[33]

LaTeX Warning: Reference `1.1a' on page 34 undefined on input line 1767.


LaTeX Warning: Citation `miura' on page 34 undefined on input line 1772.


LaTeX Warning: Reference `1.1a' on page 34 undefined on input line 1774.


LaTeX Warning: Reference `B30' on page 34 undefined on input line 1784.


LaTeX Warning: Reference `B30' on page 34 undefined on input line 1790.


LaTeX Warning: Reference `2.1a' on page 34 undefined on input line 1796.


LaTeX Warning: Reference `2.1' on page 34 undefined on input line 1797.

[34]

LaTeX Warning: Reference `2.1a' on page 35 undefined on input line 1806.


LaTeX Warning: Reference `2.1a' on page 35 undefined on input line 1822.


LaTeX Warning: Reference `2.1a' on page 35 undefined on input line 1852.

[35]

LaTeX Warning: Reference `2.1a' on page 36 undefined on input line 1867.

[36] [37]
(/diff_test_tex_engines/docker_bin_2/version_compiled_pdf/2306.00329/2306.00329
_tl2021.aux)

LaTeX Warning: There were undefined references.


LaTeX Warning: Label(s) may have changed. Rerun to get cross-references right.

 )
(see the transcript file for additional information)</usr/local/texlive/2021/te
xmf-dist/fonts/type1/public/amsfonts/cm/cmbx10.pfb></usr/local/texlive/2021/tex
mf-dist/fonts/type1/public/amsfonts/cm/cmbx12.pfb></usr/local/texlive/2021/texm
f-dist/fonts/type1/public/amsfonts/cm/cmex10.pfb></usr/local/texlive/2021/texmf
-dist/fonts/type1/public/amsfonts/cm/cmmi10.pfb></usr/local/texlive/2021/texmf-
dist/fonts/type1/public/amsfonts/cm/cmmi8.pfb></usr/local/texlive/2021/texmf-di
st/fonts/type1/public/amsfonts/cm/cmr10.pfb></usr/local/texlive/2021/texmf-dist
/fonts/type1/public/amsfonts/cm/cmr6.pfb></usr/local/texlive/2021/texmf-dist/fo
nts/type1/public/amsfonts/cm/cmr8.pfb></usr/local/texlive/2021/texmf-dist/fonts
/type1/public/amsfonts/cm/cmsy10.pfb></usr/local/texlive/2021/texmf-dist/fonts/
type1/public/amsfonts/cm/cmsy8.pfb></usr/local/texlive/2021/texmf-dist/fonts/ty
pe1/public/amsfonts/cm/cmti10.pfb>
Output written on /diff_test_tex_engines/docker_bin_2/version_compiled_pdf/2306
.00329/2306.00329_tl2021.pdf (37 pages, 229253 bytes).
Transcript written on /diff_test_tex_engines/docker_bin_2/version_compiled_pdf/
2306.00329/2306.00329_tl2021.log.
Latexmk: Getting log file '/diff_test_tex_engines/docker_bin_2/version_compiled_pdf/2306.00329/2306.00329_tl2021.log'
Latexmk: Examining '/diff_test_tex_engines/docker_bin_2/version_compiled_pdf/2306.00329/2306.00329_tl2021.fls'
Latexmk: Examining '/diff_test_tex_engines/docker_bin_2/version_compiled_pdf/2306.00329/2306.00329_tl2021.log'
Latexmk: References changed.
Latexmk: Log file says output to '/diff_test_tex_engines/docker_bin_2/version_compiled_pdf/2306.00329/2306.00329_tl2021.pdf'
Latexmk: applying rule 'pdflatex'...
Rule 'pdflatex': File changes, etc:
   Changed files, or newly in use since previous run(s):
  /diff_test_tex_engines/docker_bin_2/version_compiled_pdf/2306.00329/2306.00329_tl2021.aux
Rule 'pdflatex': The following rules & subrules became out-of-date:
  pdflatex
------------
Run number 2 of rule 'pdflatex'
------------
------------
Running 'pdflatex  -interaction=nonstopmode -recorder --jobname="2306.00329_tl2021" -output-directory="/diff_test_tex_engines/docker_bin_2/version_compiled_pdf/2306.00329"  "2306.00329"'
------------
This is pdfTeX, Version 3.141592653-2.6-1.40.23 (TeX Live 2021) (preloaded format=pdflatex)
 restricted \write18 enabled.
entering extended mode
(./2306.00329
LaTeX2e <2021-11-15> patch level 1
L3 programming layer <2022-02-24>
(/usr/local/texlive/2021/texmf-dist/tex/latex/base/article.cls
Document Class: article 2021/10/04 v1.4n Standard LaTeX document class
(/usr/local/texlive/2021/texmf-dist/tex/latex/base/size11.clo))
(/usr/local/texlive/2021/texmf-dist/tex/latex/l3backend/l3backend-pdftex.def)
(/diff_test_tex_engines/docker_bin_2/version_compiled_pdf/2306.00329/2306.00329
_tl2021.aux)
Overfull \hbox (4.36179pt too wide) in paragraph at lines 42--50
\OT1/cmr/m/n/10 Musslimani as well Yang's ver-sions of the non-lo-cal non-lin-e
ar Schr^^?odinger
[1{/usr/local/texlive/2021/texmf-var/fonts/map/pdftex/updmap/pdftex.map}]
[2] [3] [4] [5] [6] [7] [8] [9] [10]
Overfull \hbox (21.75415pt too wide) detected at line 612
[]\OML/cmm/m/it/10.95 g \OT1/cmr/m/n/10.95 = \OMS/cmsy/m/n/10.95 ^^@\OT1/cmr/m/
n/10.95 1 \OML/cmm/m/it/10.95 ;  [] []\OT1/cmr/m/n/10.95 0 \OML/cmm/m/it/10.95 
< m < \OT1/cmr/m/n/10.95 1 \OML/cmm/m/it/10.95 ;  [] []A \OT1/cmr/m/n/10.95 = \
OML/cmm/m/it/10.95 ^^L ;  [] []! \OT1/cmr/m/n/10.95 = \OMS/cmsy/m/n/10.95 ^^@\O
ML/cmm/m/it/10.95 k\OT1/cmr/m/n/10.95 [\OML/cmm/m/it/10.95 k[] \OT1/cmr/m/n/10.
95 + 3(1 + \OML/cmm/m/it/10.95 m\OT1/cmr/m/n/10.95 )\OML/cmm/m/it/10.95 A[]\OT1
/cmr/m/n/10.95 ] \OML/cmm/m/it/10.95 ;  [] []v \OT1/cmr/m/n/10.95 = \OMS/cmsy/m
/n/10.95 ^^@\OT1/cmr/m/n/10.95 [3\OML/cmm/m/it/10.95 k[] \OT1/cmr/m/n/10.95 + (
1 + \OML/cmm/m/it/10.95 m\OT1/cmr/m/n/10.95 )\OML/cmm/m/it/10.95 A[]\OT1/cmr/m/
n/10.95 ] \OML/cmm/m/it/10.95 :
[11]
Overfull \hbox (32.70416pt too wide) detected at line 628
[]\OML/cmm/m/it/10.95 g \OT1/cmr/m/n/10.95 = \OMS/cmsy/m/n/10.95 ^^@\OT1/cmr/m/
n/10.95 1 \OML/cmm/m/it/10.95 ;  [] []\OT1/cmr/m/n/10.95 0 \OML/cmm/m/it/10.95 
< m < \OT1/cmr/m/n/10.95 1 \OML/cmm/m/it/10.95 ;  [] []A \OT1/cmr/m/n/10.95 = \
OML/cmm/m/it/10.95 ^^L ;  [] []! \OT1/cmr/m/n/10.95 = \OMS/cmsy/m/n/10.95 ^^@\O
ML/cmm/m/it/10.95 k\OT1/cmr/m/n/10.95 [\OML/cmm/m/it/10.95 k[] \OMS/cmsy/m/n/10
.95 ^^@ \OT1/cmr/m/n/10.95 3(2\OML/cmm/m/it/10.95 m \OMS/cmsy/m/n/10.95 ^^@ \OT
1/cmr/m/n/10.95 1)\OML/cmm/m/it/10.95 A[]\OT1/cmr/m/n/10.95 ] \OML/cmm/m/it/10.
95 ;  [] []v \OT1/cmr/m/n/10.95 = \OMS/cmsy/m/n/10.95 ^^@\OT1/cmr/m/n/10.95 [3\
OML/cmm/m/it/10.95 k[] \OMS/cmsy/m/n/10.95 ^^@ \OT1/cmr/m/n/10.95 (2\OML/cmm/m/
it/10.95 m \OMS/cmsy/m/n/10.95 ^^@ \OT1/cmr/m/n/10.95 1)\OML/cmm/m/it/10.95 A[]
\OT1/cmr/m/n/10.95 ] \OML/cmm/m/it/10.95 :

Overfull \hbox (13.23746pt too wide) detected at line 644
[]\OML/cmm/m/it/10.95 g \OT1/cmr/m/n/10.95 = 1 \OML/cmm/m/it/10.95 ;  [] []\OT1
/cmr/m/n/10.95 0 \OML/cmm/m/it/10.95 < m < \OT1/cmr/m/n/10.95 1 \OML/cmm/m/it/1
0.95 ;  [] []A \OT1/cmr/m/n/10.95 = \OML/cmm/m/it/10.95 ^^L ;  [] []! \OT1/cmr/
m/n/10.95 = \OMS/cmsy/m/n/10.95 ^^@\OML/cmm/m/it/10.95 k\OT1/cmr/m/n/10.95 [\OM
L/cmm/m/it/10.95 k[] \OMS/cmsy/m/n/10.95 ^^@ \OT1/cmr/m/n/10.95 3(2 \OMS/cmsy/m
/n/10.95 ^^@ \OML/cmm/m/it/10.95 m\OT1/cmr/m/n/10.95 )\OML/cmm/m/it/10.95 A[]\O
T1/cmr/m/n/10.95 ] \OML/cmm/m/it/10.95 ;  [] []v \OT1/cmr/m/n/10.95 = \OMS/cmsy
/m/n/10.95 ^^@\OT1/cmr/m/n/10.95 [3\OML/cmm/m/it/10.95 k[] \OMS/cmsy/m/n/10.95 
^^@ \OT1/cmr/m/n/10.95 (2 \OMS/cmsy/m/n/10.95 ^^@ \OML/cmm/m/it/10.95 m\OT1/cmr
/m/n/10.95 )\OML/cmm/m/it/10.95 A[]\OT1/cmr/m/n/10.95 ] \OML/cmm/m/it/10.95 :
[12] [13] [14] [15] [16]
Overfull \hbox (7.97495pt too wide) in alignment at lines 914--917
 [][][] []
[17] [18]
Overfull \hbox (66.22601pt too wide) detected at line 1023
[]\OML/cmm/m/it/10.95 iu[]\OT1/cmr/m/n/10.95 (\OML/cmm/m/it/10.95 x; t\OT1/cmr/
m/n/10.95 ) + \OML/cmm/m/it/10.95 \OT1/cmr/m/n/10.95 [\OML/cmm/m/it/10.95 u[]\
OT1/cmr/m/n/10.95 (\OML/cmm/m/it/10.95 x; t\OT1/cmr/m/n/10.95 ) + 2\OML/cmm/m/i
t/10.95 gu[]\OT1/cmr/m/n/10.95 (\OML/cmm/m/it/10.95 x; t\OT1/cmr/m/n/10.95 )\OM
L/cmm/m/it/10.95 u\OT1/cmr/m/n/10.95 (\OMS/cmsy/m/n/10.95 ^^@\OML/cmm/m/it/10.9
5 x; \OMS/cmsy/m/n/10.95 ^^@\OML/cmm/m/it/10.95 t\OT1/cmr/m/n/10.95 )] + \OML/c
mm/m/it/10.95 i^^L\OT1/cmr/m/n/10.95 [\OML/cmm/m/it/10.95 u[]\OT1/cmr/m/n/10.95
 (\OML/cmm/m/it/10.95 x; t\OT1/cmr/m/n/10.95 ) + 6\OML/cmm/m/it/10.95 gu\OT1/cm
r/m/n/10.95 (\OML/cmm/m/it/10.95 x; t\OT1/cmr/m/n/10.95 )\OML/cmm/m/it/10.95 u\
OT1/cmr/m/n/10.95 (\OMS/cmsy/m/n/10.95 ^^@\OML/cmm/m/it/10.95 x; \OMS/cmsy/m/n/
10.95 ^^@\OML/cmm/m/it/10.95 t\OT1/cmr/m/n/10.95 )\OML/cmm/m/it/10.95 u[]\OT1/c
mr/m/n/10.95 (\OML/cmm/m/it/10.95 x; t\OT1/cmr/m/n/10.95 )] = 0 \OML/cmm/m/it/1
0.95 :

Overfull \hbox (19.21185pt too wide) detected at line 1032
[]\OML/cmm/m/it/10.95 iu[]\OT1/cmr/m/n/10.95 (\OML/cmm/m/it/10.95 x; t\OT1/cmr/
m/n/10.95 ) + \OML/cmm/m/it/10.95 \OT1/cmr/m/n/10.95 [\OML/cmm/m/it/10.95 u[]\
OT1/cmr/m/n/10.95 (\OML/cmm/m/it/10.95 x; t\OT1/cmr/m/n/10.95 ) + 2\OML/cmm/m/i
t/10.95 g\OMS/cmsy/m/n/10.95 j\OML/cmm/m/it/10.95 u\OMS/cmsy/m/n/10.95 j[]\OT1/
cmr/m/n/10.95 (\OML/cmm/m/it/10.95 x; t\OT1/cmr/m/n/10.95 )\OML/cmm/m/it/10.95 
u\OT1/cmr/m/n/10.95 (\OML/cmm/m/it/10.95 x; t\OT1/cmr/m/n/10.95 )] + \OML/cmm/m
/it/10.95 i^^L\OT1/cmr/m/n/10.95 [\OML/cmm/m/it/10.95 u[]\OT1/cmr/m/n/10.95 (\O
ML/cmm/m/it/10.95 x; t\OT1/cmr/m/n/10.95 ) + 6\OML/cmm/m/it/10.95 g\OMS/cmsy/m/
n/10.95 j\OML/cmm/m/it/10.95 u\OMS/cmsy/m/n/10.95 j[]\OT1/cmr/m/n/10.95 (\OML/c
mm/m/it/10.95 x; t\OT1/cmr/m/n/10.95 )\OML/cmm/m/it/10.95 u[]\OT1/cmr/m/n/10.95
 (\OML/cmm/m/it/10.95 x; t\OT1/cmr/m/n/10.95 )] = 0 \OML/cmm/m/it/10.95 ;
[19]
Overfull \hbox (0.38968pt too wide) in alignment at lines 1062--1066
 [][][] []
[20] [21] [22] [23] [24] [25] [26] [27] [28] [29] [30] [31] [32] [33] [34]
[35] [36] [37]
(/diff_test_tex_engines/docker_bin_2/version_compiled_pdf/2306.00329/2306.00329
_tl2021.aux) )
(see the transcript file for additional information)</usr/local/texlive/2021/te
xmf-dist/fonts/type1/public/amsfonts/cm/cmbx10.pfb></usr/local/texlive/2021/tex
mf-dist/fonts/type1/public/amsfonts/cm/cmbx12.pfb></usr/local/texlive/2021/texm
f-dist/fonts/type1/public/amsfonts/cm/cmex10.pfb></usr/local/texlive/2021/texmf
-dist/fonts/type1/public/amsfonts/cm/cmmi10.pfb></usr/local/texlive/2021/texmf-
dist/fonts/type1/public/amsfonts/cm/cmmi8.pfb></usr/local/texlive/2021/texmf-di
st/fonts/type1/public/amsfonts/cm/cmr10.pfb></usr/local/texlive/2021/texmf-dist
/fonts/type1/public/amsfonts/cm/cmr6.pfb></usr/local/texlive/2021/texmf-dist/fo
nts/type1/public/amsfonts/cm/cmr8.pfb></usr/local/texlive/2021/texmf-dist/fonts
/type1/public/amsfonts/cm/cmsy10.pfb></usr/local/texlive/2021/texmf-dist/fonts/
type1/public/amsfonts/cm/cmsy8.pfb></usr/local/texlive/2021/texmf-dist/fonts/ty
pe1/public/amsfonts/cm/cmti10.pfb>
Output written on /diff_test_tex_engines/docker_bin_2/version_compiled_pdf/2306
.00329/2306.00329_tl2021.pdf (37 pages, 226495 bytes).
Transcript written on /diff_test_tex_engines/docker_bin_2/version_compiled_pdf/
2306.00329/2306.00329_tl2021.log.
Latexmk: Getting log file '/diff_test_tex_engines/docker_bin_2/version_compiled_pdf/2306.00329/2306.00329_tl2021.log'
Latexmk: Examining '/diff_test_tex_engines/docker_bin_2/version_compiled_pdf/2306.00329/2306.00329_tl2021.fls'
Latexmk: Examining '/diff_test_tex_engines/docker_bin_2/version_compiled_pdf/2306.00329/2306.00329_tl2021.log'
Latexmk: Log file says output to '/diff_test_tex_engines/docker_bin_2/version_compiled_pdf/2306.00329/2306.00329_tl2021.pdf'
Latexmk: All targets (/diff_test_tex_engines/docker_bin_2/version_compiled_pdf/2306.00329/2306.00329_tl2021.pdf) are up-to-date
Rc files read:
  NONE
Latexmk: This is Latexmk, John Collins, 17 Mar. 2022. Version 4.77, version: 4.77.
Latexmk: Nothing to do for '2306.00329'.
Latexmk: All targets (/diff_test_tex_engines/docker_bin_2/version_compiled_pdf/2306.00329/2306.00329_tl2021.pdf) are up-to-date
