Latexmk: Missing bbl file '/diff_test_tex_engines/docker_bin_2/version_compiled_pdf/2306.00275/2306.00275_tl2022.bbl' in following:
 No file 2306.00275_tl2022.bbl.
Latexmk: Missing bbl file '/diff_test_tex_engines/docker_bin_2/version_compiled_pdf/2306.00275/2306.00275_tl2022.bbl' in following:
 No file 2306.00275_tl2022.bbl.
Latexmk: Maximum runs of bibtex /diff_test_tex_engines/docker_bin_2/version_compiled_pdf/2306.00275/2306.00275_tl2022 reached without getting stable files
Latexmk: ====List of undefined refs and citations:
  Citation `RN143' on page 1 undefined on input line 78
  Citation `SN1' on page 1 undefined on input line 78
  Citation `RN141' on page 1 undefined on input line 78
  Citation `RN257' on page 1 undefined on input line 78
  Citation `RN72' on page 1 undefined on input line 78
  Citation `RN142' on page 1 undefined on input line 78
  Citation `RN77' on page 1 undefined on input line 80
 And 184 more --- see log file.
----------------------
This message may duplicate earlier message.
Latexmk: Failure in processing file 'Main.tex':
   'bibtex /diff_test_tex_engines/docker_bin_2/version_compiled_pdf/2306.00275/2306.00275_tl2022' needed too many passes
----------------------
Latexmk: If appropriate, the -f option can be used to get latexmk
  to try to force complete processing.
Latexmk: Maximum runs of bibtex /diff_test_tex_engines/docker_bin_2/version_compiled_pdf/2306.00275/2306.00275_tl2022 reached without getting stable files
----------------------
This message may duplicate earlier message.
Latexmk: Failure in processing file 'Main.tex':
   'bibtex /diff_test_tex_engines/docker_bin_2/version_compiled_pdf/2306.00275/2306.00275_tl2022' needed too many passes
----------------------
Latexmk: If appropriate, the -f option can be used to get latexmk
  to try to force complete processing.
