Rc files read:
  NONE
Latexmk: This is Latexmk, John Collins, 31 Jan. 2024. Version 4.83.
No existing .aux file, so I'll make a simple one, and require run of *latex.
Latexmk: applying rule 'pdflatex'...
Rule 'pdflatex':  Reasons for rerun
Category 'other':
  Rerun of 'pdflatex' forced or previously required:
    Reason or flag: 'Initial setup'

------------
Run number 1 of rule 'pdflatex'
------------
------------
Running 'pdflatex  -interaction=nonstopmode -recorder --jobname="2306.00275_tl2023" -output-directory="/diff_test_tex_engines/docker_bin_2/version_compiled_pdf/2306.00275"  "Main.tex"'
------------
This is pdfTeX, Version 3.141592653-2.6-1.40.25 (TeX Live 2023) (preloaded format=pdflatex)
 restricted \write18 enabled.
entering extended mode
(./Main.tex
LaTeX2e <2023-11-01> patch level 1
L3 programming layer <2024-02-20>
(/usr/local/texlive/2023/texmf-dist/tex/latex/ieeetran/IEEEtran.cls
Document Class: IEEEtran 2015/08/26 V1.8b by Michael Shell
-- See the "IEEEtran_HOWTO" manual for usage information.
-- http://www.michaelshell.org/tex/ieeetran/
(/usr/local/texlive/2023/texmf-dist/tex/latex/psnfss/ot1ptm.fd)
-- Using 8.5in x 11in (letter) paper.
-- Using PDF output.
-- This is a 10 point document.
) (/usr/local/texlive/2023/texmf-dist/tex/latex/changes/changes.sty
*** changes package 2021/07/15 v4.2.1 ***
(/usr/local/texlive/2023/texmf-dist/tex/latex/xkeyval/xkeyval.sty
(/usr/local/texlive/2023/texmf-dist/tex/generic/xkeyval/xkeyval.tex
(/usr/local/texlive/2023/texmf-dist/tex/generic/xkeyval/xkvutils.tex
(/usr/local/texlive/2023/texmf-dist/tex/generic/xkeyval/keyval.tex))))
(/usr/local/texlive/2023/texmf-dist/tex/latex/etoolbox/etoolbox.sty)
(/usr/local/texlive/2023/texmf-dist/tex/generic/xstring/xstring.sty
(/usr/local/texlive/2023/texmf-dist/tex/generic/xstring/xstring.tex))
ulem-option 'normalem,normalbf', passed to package ulem
truncate-option 'breakall,fit', passed to package truncate
changes-option 'commandnameprefix=always'
(/usr/local/texlive/2023/texmf-dist/tex/latex/xcolor/xcolor.sty
(/usr/local/texlive/2023/texmf-dist/tex/latex/graphics-cfg/color.cfg)
(/usr/local/texlive/2023/texmf-dist/tex/latex/graphics-def/pdftex.def)
(/usr/local/texlive/2023/texmf-dist/tex/latex/graphics/mathcolor.ltx))
(/usr/local/texlive/2023/texmf-dist/tex/generic/ulem/ulem.sty)
(/usr/local/texlive/2023/texmf-dist/tex/latex/todonotes/todonotes.sty
(/usr/local/texlive/2023/texmf-dist/tex/latex/base/ifthen.sty)
(/usr/local/texlive/2023/texmf-dist/tex/latex/pgf/frontendlayer/tikz.sty
(/usr/local/texlive/2023/texmf-dist/tex/latex/pgf/basiclayer/pgf.sty
(/usr/local/texlive/2023/texmf-dist/tex/latex/pgf/utilities/pgfrcs.sty
(/usr/local/texlive/2023/texmf-dist/tex/generic/pgf/utilities/pgfutil-common.te
x)
(/usr/local/texlive/2023/texmf-dist/tex/generic/pgf/utilities/pgfutil-latex.def
) (/usr/local/texlive/2023/texmf-dist/tex/generic/pgf/utilities/pgfrcs.code.tex
(/usr/local/texlive/2023/texmf-dist/tex/generic/pgf/pgf.revision.tex)))
(/usr/local/texlive/2023/texmf-dist/tex/latex/pgf/basiclayer/pgfcore.sty
(/usr/local/texlive/2023/texmf-dist/tex/latex/graphics/graphicx.sty
(/usr/local/texlive/2023/texmf-dist/tex/latex/graphics/graphics.sty
(/usr/local/texlive/2023/texmf-dist/tex/latex/graphics/trig.sty)
(/usr/local/texlive/2023/texmf-dist/tex/latex/graphics-cfg/graphics.cfg)))
(/usr/local/texlive/2023/texmf-dist/tex/latex/pgf/systemlayer/pgfsys.sty
(/usr/local/texlive/2023/texmf-dist/tex/generic/pgf/systemlayer/pgfsys.code.tex
(/usr/local/texlive/2023/texmf-dist/tex/generic/pgf/utilities/pgfkeys.code.tex
(/usr/local/texlive/2023/texmf-dist/tex/generic/pgf/utilities/pgfkeyslibraryfil
tered.code.tex))
(/usr/local/texlive/2023/texmf-dist/tex/generic/pgf/systemlayer/pgf.cfg)
(/usr/local/texlive/2023/texmf-dist/tex/generic/pgf/systemlayer/pgfsys-pdftex.d
ef
(/usr/local/texlive/2023/texmf-dist/tex/generic/pgf/systemlayer/pgfsys-common-p
df.def)))
(/usr/local/texlive/2023/texmf-dist/tex/generic/pgf/systemlayer/pgfsyssoftpath.
code.tex)
(/usr/local/texlive/2023/texmf-dist/tex/generic/pgf/systemlayer/pgfsysprotocol.
code.tex))
(/usr/local/texlive/2023/texmf-dist/tex/generic/pgf/basiclayer/pgfcore.code.tex
(/usr/local/texlive/2023/texmf-dist/tex/generic/pgf/math/pgfmath.code.tex
(/usr/local/texlive/2023/texmf-dist/tex/generic/pgf/math/pgfmathutil.code.tex)
(/usr/local/texlive/2023/texmf-dist/tex/generic/pgf/math/pgfmathparser.code.tex
)
(/usr/local/texlive/2023/texmf-dist/tex/generic/pgf/math/pgfmathfunctions.code.
tex)
(/usr/local/texlive/2023/texmf-dist/tex/generic/pgf/math/pgfmathfunctions.basic
.code.tex)
(/usr/local/texlive/2023/texmf-dist/tex/generic/pgf/math/pgfmathfunctions.trigo
nometric.code.tex)
(/usr/local/texlive/2023/texmf-dist/tex/generic/pgf/math/pgfmathfunctions.rando
m.code.tex)
(/usr/local/texlive/2023/texmf-dist/tex/generic/pgf/math/pgfmathfunctions.compa
rison.code.tex)
(/usr/local/texlive/2023/texmf-dist/tex/generic/pgf/math/pgfmathfunctions.base.
code.tex)
(/usr/local/texlive/2023/texmf-dist/tex/generic/pgf/math/pgfmathfunctions.round
.code.tex)
(/usr/local/texlive/2023/texmf-dist/tex/generic/pgf/math/pgfmathfunctions.misc.
code.tex)
(/usr/local/texlive/2023/texmf-dist/tex/generic/pgf/math/pgfmathfunctions.integ
erarithmetics.code.tex)
(/usr/local/texlive/2023/texmf-dist/tex/generic/pgf/math/pgfmathcalc.code.tex)
(/usr/local/texlive/2023/texmf-dist/tex/generic/pgf/math/pgfmathfloat.code.tex)
) (/usr/local/texlive/2023/texmf-dist/tex/generic/pgf/math/pgfint.code.tex)
(/usr/local/texlive/2023/texmf-dist/tex/generic/pgf/basiclayer/pgfcorepoints.co
de.tex)
(/usr/local/texlive/2023/texmf-dist/tex/generic/pgf/basiclayer/pgfcorepathconst
ruct.code.tex)
(/usr/local/texlive/2023/texmf-dist/tex/generic/pgf/basiclayer/pgfcorepathusage
.code.tex)
(/usr/local/texlive/2023/texmf-dist/tex/generic/pgf/basiclayer/pgfcorescopes.co
de.tex)
(/usr/local/texlive/2023/texmf-dist/tex/generic/pgf/basiclayer/pgfcoregraphicst
ate.code.tex)
(/usr/local/texlive/2023/texmf-dist/tex/generic/pgf/basiclayer/pgfcoretransform
ations.code.tex)
(/usr/local/texlive/2023/texmf-dist/tex/generic/pgf/basiclayer/pgfcorequick.cod
e.tex)
(/usr/local/texlive/2023/texmf-dist/tex/generic/pgf/basiclayer/pgfcoreobjects.c
ode.tex)
(/usr/local/texlive/2023/texmf-dist/tex/generic/pgf/basiclayer/pgfcorepathproce
ssing.code.tex)
(/usr/local/texlive/2023/texmf-dist/tex/generic/pgf/basiclayer/pgfcorearrows.co
de.tex)
(/usr/local/texlive/2023/texmf-dist/tex/generic/pgf/basiclayer/pgfcoreshade.cod
e.tex)
(/usr/local/texlive/2023/texmf-dist/tex/generic/pgf/basiclayer/pgfcoreimage.cod
e.tex)
(/usr/local/texlive/2023/texmf-dist/tex/generic/pgf/basiclayer/pgfcoreexternal.
code.tex)
(/usr/local/texlive/2023/texmf-dist/tex/generic/pgf/basiclayer/pgfcorelayers.co
de.tex)
(/usr/local/texlive/2023/texmf-dist/tex/generic/pgf/basiclayer/pgfcoretranspare
ncy.code.tex)
(/usr/local/texlive/2023/texmf-dist/tex/generic/pgf/basiclayer/pgfcorepatterns.
code.tex)
(/usr/local/texlive/2023/texmf-dist/tex/generic/pgf/basiclayer/pgfcorerdf.code.
tex)))
(/usr/local/texlive/2023/texmf-dist/tex/generic/pgf/modules/pgfmoduleshapes.cod
e.tex)
(/usr/local/texlive/2023/texmf-dist/tex/generic/pgf/modules/pgfmoduleplot.code.
tex)
(/usr/local/texlive/2023/texmf-dist/tex/latex/pgf/compatibility/pgfcomp-version
-0-65.sty)
(/usr/local/texlive/2023/texmf-dist/tex/latex/pgf/compatibility/pgfcomp-version
-1-18.sty))
(/usr/local/texlive/2023/texmf-dist/tex/latex/pgf/utilities/pgffor.sty
(/usr/local/texlive/2023/texmf-dist/tex/latex/pgf/utilities/pgfkeys.sty
(/usr/local/texlive/2023/texmf-dist/tex/generic/pgf/utilities/pgfkeys.code.tex)
) (/usr/local/texlive/2023/texmf-dist/tex/latex/pgf/math/pgfmath.sty
(/usr/local/texlive/2023/texmf-dist/tex/generic/pgf/math/pgfmath.code.tex))
(/usr/local/texlive/2023/texmf-dist/tex/generic/pgf/utilities/pgffor.code.tex))

(/usr/local/texlive/2023/texmf-dist/tex/generic/pgf/frontendlayer/tikz/tikz.cod
e.tex
(/usr/local/texlive/2023/texmf-dist/tex/generic/pgf/libraries/pgflibraryplothan
dlers.code.tex)
(/usr/local/texlive/2023/texmf-dist/tex/generic/pgf/modules/pgfmodulematrix.cod
e.tex)
(/usr/local/texlive/2023/texmf-dist/tex/generic/pgf/frontendlayer/tikz/librarie
s/tikzlibrarytopaths.code.tex)))
(/usr/local/texlive/2023/texmf-dist/tex/generic/pgf/frontendlayer/tikz/librarie
s/tikzlibrarypositioning.code.tex)
(/usr/local/texlive/2023/texmf-dist/tex/latex/tools/calc.sty))
changes-package option commandnameprefix=always: using prefix on added, new com
mand name is chadded.
changes-package option commandnameprefix=always: using prefix on deleted, new c
ommand name is chdeleted.
changes-package option commandnameprefix=always: using prefix on replaced, new 
command name is chreplaced.
changes-package option commandnameprefix=always: using prefix on highlight, new
 command name is chhighlight.
changes-package option commandnameprefix=always: using prefix on comment, new c
ommand name is chcomment.
(/usr/local/texlive/2023/texmf-dist/tex/latex/truncate/truncate.sty))
(/usr/local/texlive/2023/texmf-dist/tex/latex/amsmath/amsmath.sty
For additional information on amsmath, use the `?' option.
(/usr/local/texlive/2023/texmf-dist/tex/latex/amsmath/amstext.sty
(/usr/local/texlive/2023/texmf-dist/tex/latex/amsmath/amsgen.sty))
(/usr/local/texlive/2023/texmf-dist/tex/latex/amsmath/amsbsy.sty)
(/usr/local/texlive/2023/texmf-dist/tex/latex/amsmath/amsopn.sty))
(/usr/local/texlive/2023/texmf-dist/tex/latex/amsfonts/amsfonts.sty)
(/usr/local/texlive/2023/texmf-dist/tex/latex/algorithms/algorithmic.sty)
(/usr/local/texlive/2023/texmf-dist/tex/latex/algorithms/algorithm.sty
(/usr/local/texlive/2023/texmf-dist/tex/latex/float/float.sty))
(/usr/local/texlive/2023/texmf-dist/tex/latex/tools/array.sty)
(/usr/local/texlive/2023/texmf-dist/tex/latex/subfigure/subfigure.sty
****************************************
* Local config file subfigure.cfg used *
****************************************
(/usr/local/texlive/2023/texmf-dist/tex/latex/subfigure/subfigure.cfg))
(/usr/local/texlive/2023/texmf-dist/tex/latex/subfig/subfig.sty
(/usr/local/texlive/2023/texmf-dist/tex/latex/caption/caption3.sty))
(/usr/local/texlive/2023/texmf-dist/tex/latex/base/textcomp.sty)
(/usr/local/texlive/2023/texmf-dist/tex/latex/sttools/stfloats.sty)
(/usr/local/texlive/2023/texmf-dist/tex/latex/url/url.sty)
(/usr/local/texlive/2023/texmf-dist/tex/latex/tools/verbatim.sty)
(/usr/local/texlive/2023/texmf-dist/tex/latex/cite/cite.sty)
(/usr/local/texlive/2023/texmf-dist/tex/latex/booktabs/booktabs.sty)
(/usr/local/texlive/2023/texmf-dist/tex/latex/multirow/multirow.sty)
(/usr/local/texlive/2023/texmf-dist/tex/latex/makecell/makecell.sty)
(/usr/local/texlive/2023/texmf-dist/tex/latex/tabularray/tabularray.sty
(/usr/local/texlive/2023/texmf-dist/tex/latex/l3kernel/expl3.sty
(/usr/local/texlive/2023/texmf-dist/tex/latex/l3backend/l3backend-pdftex.def)))
 (/usr/local/texlive/2023/texmf-dist/tex/latex/tools/tabularx.sty)

LaTeX Warning: Unused global option(s):
    [lettersize].


(/diff_test_tex_engines/docker_bin_2/version_compiled_pdf/2306.00275/2306.00275
_tl2023.aux)
-- Lines per column: 58 (exact).
(/usr/local/texlive/2023/texmf-dist/tex/context/base/mkii/supp-pdf.mkii
[Loading MPS to PDF converter (version 2006.09.02).]
) (/usr/local/texlive/2023/texmf-dist/tex/latex/epstopdf-pkg/epstopdf-base.sty
(/usr/local/texlive/2023/texmf-dist/tex/latex/latexconfig/epstopdf-sys.cfg))

Package todonotes Warning: The length marginparwidth is less than 2cm and will 
most likely cause issues with the appearance of inserted todonotes. The issue c
an be solved by adding a line like \setlength {\marginparwidth }{2cm} prior to 
loading the todonotes package. on input line 27.

(/usr/local/texlive/2023/texmf-dist/tex/latex/ninecolors/ninecolors.sty
(/usr/local/texlive/2023/texmf-dist/tex/latex/l3packages/xparse/xparse.sty))

LaTeX Warning: Citation `RN143' on page 1 undefined on input line 78.


LaTeX Warning: Citation `SN1' on page 1 undefined on input line 78.


LaTeX Warning: Citation `RN141' on page 1 undefined on input line 78.


LaTeX Warning: Citation `RN257' on page 1 undefined on input line 78.


LaTeX Warning: Citation `RN72' on page 1 undefined on input line 78.


LaTeX Warning: Citation `RN142' on page 1 undefined on input line 78.


LaTeX Warning: Citation `RN77' on page 1 undefined on input line 80.


LaTeX Warning: Citation `RN88' on page 1 undefined on input line 80.


LaTeX Warning: Citation `RN144' on page 1 undefined on input line 80.


LaTeX Warning: Citation `RN146' on page 1 undefined on input line 80.


LaTeX Warning: Citation `RN147' on page 1 undefined on input line 80.


LaTeX Warning: Citation `RN77' on page 1 undefined on input line 80.


LaTeX Warning: Citation `RN255' on page 1 undefined on input line 80.


LaTeX Warning: Citation `RN55' on page 1 undefined on input line 80.


LaTeX Warning: Citation `RN148' on page 1 undefined on input line 80.


LaTeX Warning: Citation `RN13' on page 1 undefined on input line 80.



pdfTeX warning: pdflatex (file ./fig2.pdf): PDF inclusion: found PDF version <1
.6>, but at most version <1.5> allowed

LaTeX Warning: Citation `RN180' on page 1 undefined on input line 92.


Underfull \vbox (badness 2503) has occurred while \output is active [1{/usr/loc
al/texlive/2023/texmf-var/fonts/map/pdftex/updmap/pdftex.map}{/usr/local/texliv
e/2023/texmf-dist/fonts/enc/dvips/base/8r.enc} <./fig2.pdf>]

LaTeX Warning: Citation `RN57' on page 2 undefined on input line 94.


LaTeX Warning: Citation `RN180' on page 2 undefined on input line 94.


LaTeX Warning: Citation `RN88' on page 2 undefined on input line 97.


LaTeX Warning: Citation `RN13' on page 2 undefined on input line 97.


LaTeX Warning: Citation `RN102' on page 2 undefined on input line 97.


LaTeX Warning: Citation `RN55' on page 2 undefined on input line 97.


LaTeX Warning: Citation `RN56' on page 2 undefined on input line 97.


LaTeX Warning: Citation `RN58' on page 2 undefined on input line 97.


LaTeX Warning: Citation `RN16' on page 2 undefined on input line 97.


LaTeX Warning: Citation `RN43' on page 2 undefined on input line 97.


LaTeX Warning: Reference `Fig1' on page 2 undefined on input line 97.


LaTeX Warning: Reference `sec2' on page 2 undefined on input line 106.


LaTeX Warning: Reference `sec3' on page 2 undefined on input line 106.


LaTeX Warning: Reference `sec4' on page 2 undefined on input line 106.


LaTeX Warning: Reference `sec5' on page 2 undefined on input line 106.


LaTeX Warning: Reference `sec6' on page 2 undefined on input line 106.


LaTeX Warning: Citation `TN927' on page 2 undefined on input line 120.

(/usr/local/texlive/2023/texmf-dist/tex/latex/amsfonts/umsa.fd)
(/usr/local/texlive/2023/texmf-dist/tex/latex/amsfonts/umsb.fd)

LaTeX Warning: Reference `tab-1' on page 2 undefined on input line 146.


LaTeX Warning: Citation `RN168' on page 2 undefined on input line 146.


LaTeX Warning: Citation `RN169' on page 2 undefined on input line 146.



pdfTeX warning: pdflatex (file ./fig7.pdf): PDF inclusion: found PDF version <1
.6>, but at most version <1.5> allowed

LaTeX Warning: Citation `RN194' on page 2 undefined on input line 155.


LaTeX Warning: Citation `RN197' on page 2 undefined on input line 155.


LaTeX Warning: Citation `RN195' on page 2 undefined on input line 155.


LaTeX Warning: Reference `fig:7' on page 2 undefined on input line 155.

[2]
Underfull \vbox (badness 10000) has occurred while \output is active [3 <./fig1
.pdf> <./fig7.pdf>]

LaTeX Warning: Reference `tab4' on page 4 undefined on input line 159.


LaTeX Warning: Citation `SpaceXNews' on page 4 undefined on input line 159.


LaTeX Warning: Citation `lu2022micius' on page 4 undefined on input line 159.


LaTeX Warning: Citation `RN170' on page 4 undefined on input line 178.


LaTeX Warning: Citation `RN171' on page 4 undefined on input line 178.


LaTeX Warning: Citation `RN172' on page 4 undefined on input line 178.


LaTeX Warning: Citation `RN218' on page 4 undefined on input line 178.


LaTeX Warning: Citation `RN196' on page 4 undefined on input line 181.


LaTeX Warning: Citation `RN196' on page 4 undefined on input line 185.


Overfull \hbox (2.77957pt too wide) in paragraph at lines 185--186
\OMS/cmsy/m/n/10 f\OML/cmm/m/it/10 T; \OMS/cmsy/m/n/10 f\OML/cmm/m/it/10 S[]; S
[]; [] ; S[]\OMS/cmsy/m/n/10 g\OML/cmm/m/it/10 ; \OMS/cmsy/m/n/10 f\OML/cmm/m/i
t/10 T[]; T[]; T[]; []\OMS/cmsy/m/n/10 g\OML/cmm/m/it/10 ; \OMS/cmsy/m/n/10 f\O
ML/cmm/m/it/10 G[]; G[]; G[]; []\OMS/cmsy/m/n/10 gg$\OT1/ptm/m/n/10 ,

Underfull \hbox (badness 7168) in paragraph at lines 185--186
\OT1/ptm/m/n/10 is the set of satel-lite nodes and $\OML/cmm/m/it/10 M$ \OT1/pt
m/m/n/10 is the to-tal

Underfull \hbox (badness 7981) in paragraph at lines 185--186
\OT1/ptm/m/n/10 num-ber of them. In the $\OML/cmm/m/it/10 i$\OT1/ptm/m/n/10 -th
 times-lice, the model

LaTeX Warning: Citation `RN152' on page 4 undefined on input line 188.


LaTeX Warning: Citation `RN154' on page 4 undefined on input line 188.


LaTeX Warning: Citation `RN150' on page 4 undefined on input line 190.


LaTeX Warning: Citation `RN155' on page 4 undefined on input line 190.


LaTeX Warning: Citation `RN88' on page 4 undefined on input line 192.


LaTeX Warning: Citation `RN187' on page 4 undefined on input line 192.


LaTeX Warning: Citation `RN57' on page 4 undefined on input line 192.


LaTeX Warning: Citation `RN157' on page 4 undefined on input line 192.


LaTeX Warning: Citation `RN158' on page 4 undefined on input line 192.


LaTeX Warning: Citation `RN187' on page 4 undefined on input line 192.

[4]

LaTeX Warning: Reference `tab1' on page 5 undefined on input line 196.


LaTeX Warning: Citation `RN167' on page 5 undefined on input line 204.


LaTeX Warning: Citation `RN4' on page 5 undefined on input line 205.


LaTeX Warning: Citation `RN56' on page 5 undefined on input line 208.


LaTeX Warning: Citation `RN155' on page 5 undefined on input line 208.


LaTeX Warning: Citation `RN55' on page 5 undefined on input line 210.


LaTeX Warning: Citation `lei2021maddpg' on page 5 undefined on input line 210.


LaTeX Warning: Citation `RN174' on page 5 undefined on input line 210.


LaTeX Warning: Citation `RN175' on page 5 undefined on input line 210.


LaTeX Warning: Citation `RN102' on page 5 undefined on input line 215.


LaTeX Warning: Citation `RN173' on page 5 undefined on input line 215.


LaTeX Warning: Citation `RN146' on page 5 undefined on input line 219.


LaTeX Warning: Citation `RN181' on page 5 undefined on input line 219.


LaTeX Warning: Citation `RN182' on page 5 undefined on input line 219.


LaTeX Warning: Citation `he2017mask' on page 5 undefined on input line 222.


LaTeX Warning: Citation `RN184' on page 5 undefined on input line 222.


LaTeX Warning: Citation `RN61' on page 5 undefined on input line 222.


LaTeX Warning: Citation `iphone' on page 5 undefined on input line 222.


LaTeX Warning: Citation `RN185' on page 5 undefined on input line 222.


LaTeX Warning: Citation `RN186' on page 5 undefined on input line 222.


LaTeX Warning: Citation `RN201' on page 5 undefined on input line 230.


LaTeX Warning: Citation `RN204' on page 5 undefined on input line 230.


LaTeX Warning: Citation `RN205' on page 5 undefined on input line 230.


LaTeX Warning: Citation `RN202' on page 5 undefined on input line 230.


LaTeX Warning: Citation `RN203' on page 5 undefined on input line 230.


LaTeX Warning: Reference `tab:3' on page 5 undefined on input line 230.


LaTeX Warning: Citation `SpaceXNews' on page 5 undefined on input line 230.

[5]

LaTeX Warning: Citation `RN201' on page 6 undefined on input line 235.


LaTeX Warning: Citation `RN199' on page 6 undefined on input line 252.


LaTeX Warning: Citation `RN206' on page 6 undefined on input line 252.


Overfull \hbox (2.17244pt too wide) in paragraph at lines 275--275
 [][] 

Overfull \hbox (2.17244pt too wide) in paragraph at lines 282--282
 [][] 

Overfull \hbox (7.00012pt too wide) in paragraph at lines 275--283
 [][][] 

LaTeX Warning: `!h' float specifier changed to `!ht'.


LaTeX Warning: Citation `RN88' on page 6 undefined on input line 289.


LaTeX Warning: Reference `Fig5' on page 6 undefined on input line 289.


LaTeX Warning: Citation `RN207' on page 6 undefined on input line 289.


LaTeX Warning: Citation `RN208' on page 6 undefined on input line 289.


LaTeX Warning: Citation `RN56' on page 6 undefined on input line 289.

[6 <./fig5.pdf>]

LaTeX Warning: Citation `RN229' on page 7 undefined on input line 302.


LaTeX Warning: Citation `RN230' on page 7 undefined on input line 302.


LaTeX Warning: Citation `RN260' on page 7 undefined on input line 304.


LaTeX Warning: Citation `sos1' on page 7 undefined on input line 307.


Underfull \vbox (badness 10000) has occurred while \output is active

LaTeX Warning: Citation `linux1' on page 7 undefined on input line 309.


LaTeX Warning: Citation `linux2' on page 7 undefined on input line 309.


LaTeX Warning: Citation `linux1' on page 7 undefined on input line 311.


LaTeX Warning: Citation `linux2' on page 7 undefined on input line 311.


LaTeX Warning: Citation `spaceos' on page 7 undefined on input line 313.


LaTeX Warning: Citation `denby2023kodan' on page 7 undefined on input line 319.



LaTeX Warning: Citation `denby2023kodan' on page 7 undefined on input line 319.


[7 <./fig8-b.pdf> <./fig8-a.pdf>]

LaTeX Warning: Citation `RN57' on page 8 undefined on input line 328.


LaTeX Warning: Citation `RN187' on page 8 undefined on input line 328.


LaTeX Warning: Citation `denby2023kodan' on page 8 undefined on input line 328.



LaTeX Warning: Reference `fig:9' on page 8 undefined on input line 328.


LaTeX Warning: Citation `RN55' on page 8 undefined on input line 340.


LaTeX Warning: Reference `Fig2' on page 8 undefined on input line 355.


LaTeX Warning: Citation `RN55' on page 8 undefined on input line 355.


LaTeX Warning: Reference `Fig3' on page 8 undefined on input line 358.


LaTeX Warning: Citation `sabol2001' on page 8 undefined on input line 358.


LaTeX Warning: Citation `RN46' on page 8 undefined on input line 358.

[8 <./fig9.pdf> <./fig3.pdf> <./fig4.pdf>]

LaTeX Warning: Reference `fig8' on page 9 undefined on input line 362.


LaTeX Warning: Reference `fig8' on page 9 undefined on input line 366.


LaTeX Warning: Citation `RN231' on page 9 undefined on input line 369.


LaTeX Warning: Citation `RN233' on page 9 undefined on input line 369.


LaTeX Warning: Citation `RN232' on page 9 undefined on input line 369.


LaTeX Warning: Citation `RN81' on page 9 undefined on input line 369.


LaTeX Warning: Citation `RN102' on page 9 undefined on input line 371.


LaTeX Warning: Citation `RN234' on page 9 undefined on input line 377.


LaTeX Warning: Citation `RN235' on page 9 undefined on input line 377.


LaTeX Warning: Citation `RN81' on page 9 undefined on input line 379.


LaTeX Warning: Reference `fig8' on page 9 undefined on input line 382.


LaTeX Warning: Citation `RN237' on page 9 undefined on input line 385.


LaTeX Warning: Citation `RN187' on page 9 undefined on input line 385.


LaTeX Warning: Citation `RN13' on page 9 undefined on input line 385.


LaTeX Warning: Citation `RN236' on page 9 undefined on input line 385.


Overfull \hbox (2.17244pt too wide) in paragraph at lines 396--396
 [][] 

Overfull \hbox (2.17244pt too wide) in paragraph at lines 403--403
 [][] 

Overfull \hbox (7.00012pt too wide) in paragraph at lines 396--404
 [][][] 

Overfull \hbox (2.17244pt too wide) in paragraph at lines 411--411
 [][] 

LaTeX Warning: Citation `RN217' on page 9 undefined on input line 414.


LaTeX Warning: Citation `RN217' on page 9 undefined on input line 414.


LaTeX Warning: `!h' float specifier changed to `!ht'.

[9]

LaTeX Warning: Reference `fig6' on page 10 undefined on input line 424.


LaTeX Warning: Reference `tab:4' on page 10 undefined on input line 424.


LaTeX Warning: Citation `RN209' on page 10 undefined on input line 426.


LaTeX Warning: Citation `RN225' on page 10 undefined on input line 426.


LaTeX Warning: Citation `RN214' on page 10 undefined on input line 426.


LaTeX Warning: Reference `fig6' on page 10 undefined on input line 426.


LaTeX Warning: Citation `RN209' on page 10 undefined on input line 426.


LaTeX Warning: Citation `RN210' on page 10 undefined on input line 426.


LaTeX Warning: Citation `RN211' on page 10 undefined on input line 426.

[10 <./fig6-a.pdf> <./fig6-b.pdf> <./fig6-c.pdf>]

LaTeX Warning: Reference `fig6' on page 11 undefined on input line 428.


LaTeX Warning: Citation `RN215' on page 11 undefined on input line 428.


LaTeX Warning: Citation `RN217' on page 11 undefined on input line 428.


LaTeX Warning: Citation `RN227' on page 11 undefined on input line 428.


LaTeX Warning: Citation `RN214' on page 11 undefined on input line 430.


LaTeX Warning: Reference `fig6' on page 11 undefined on input line 430.


LaTeX Warning: Citation `RN81' on page 11 undefined on input line 430.


LaTeX Warning: Reference `fig6' on page 11 undefined on input line 432.


LaTeX Warning: Reference `fig6' on page 11 undefined on input line 432.


LaTeX Warning: Citation `RN216' on page 11 undefined on input line 432.


LaTeX Warning: Citation `RN212' on page 11 undefined on input line 432.


LaTeX Warning: Reference `fig6' on page 11 undefined on input line 432.


LaTeX Warning: Citation `RN217' on page 11 undefined on input line 432.


LaTeX Warning: Citation `RN226' on page 11 undefined on input line 432.


LaTeX Warning: Citation `RN209' on page 11 undefined on input line 441.


LaTeX Warning: Citation `RN224' on page 11 undefined on input line 441.


LaTeX Warning: Citation `RN211' on page 11 undefined on input line 443.


LaTeX Warning: Citation `RN219' on page 11 undefined on input line 445.


LaTeX Warning: Citation `RN215' on page 11 undefined on input line 447.


Overfull \vbox (15.15456pt too high) detected at line 449

Overfull \vbox (5.69046pt too high) detected at line 449

LaTeX Warning: Citation `RN225' on page 11 undefined on input line 449.


Overfull \vbox (5.69046pt too high) detected at line 449

Overfull \vbox (5.69046pt too high) detected at line 449

LaTeX Warning: Citation `RN217' on page 11 undefined on input line 452.


LaTeX Warning: Citation `RN212' on page 11 undefined on input line 454.


LaTeX Warning: Citation `RN210' on page 11 undefined on input line 456.


LaTeX Warning: Citation `RN214' on page 11 undefined on input line 458.


Overfull \hbox (7.13298pt too wide) in paragraph at lines 438--461
 [][] 

LaTeX Warning: Citation `RN140' on page 11 undefined on input line 469.


LaTeX Warning: Citation `iFogsim' on page 11 undefined on input line 469.


LaTeX Warning: Citation `mockfog' on page 11 undefined on input line 469.


LaTeX Warning: Citation `RN80' on page 11 undefined on input line 472.


LaTeX Warning: Citation `RN77' on page 11 undefined on input line 472.


LaTeX Warning: Citation `RN76' on page 11 undefined on input line 472.


LaTeX Warning: Reference `sec2-a' on page 11 undefined on input line 474.


LaTeX Warning: Citation `RN4' on page 11 undefined on input line 474.


LaTeX Warning: Citation `RN58' on page 11 undefined on input line 474.


LaTeX Warning: Citation `RN56' on page 11 undefined on input line 474.


LaTeX Warning: Citation `RN209' on page 11 undefined on input line 474.


LaTeX Warning: Citation `RN210' on page 11 undefined on input line 474.


LaTeX Warning: Citation `RN212' on page 11 undefined on input line 474.


LaTeX Warning: Citation `RN239' on page 11 undefined on input line 474.


LaTeX Warning: Citation `RN105' on page 11 undefined on input line 474.


LaTeX Warning: Citation `RN60' on page 11 undefined on input line 474.

[11]

LaTeX Warning: Citation `RN78' on page 12 undefined on input line 483.


LaTeX Warning: Citation `RN80' on page 12 undefined on input line 483.


LaTeX Warning: Citation `RN18' on page 12 undefined on input line 486.


LaTeX Warning: Citation `RN81' on page 12 undefined on input line 486.


LaTeX Warning: Citation `RN79' on page 12 undefined on input line 486.


LaTeX Warning: Citation `RN77' on page 12 undefined on input line 486.

[12]

LaTeX Warning: Citation `RN211' on page 13 undefined on input line 489.


LaTeX Warning: Citation `FMOW' on page 13 undefined on input line 489.


LaTeX Warning: Citation `RN211' on page 13 undefined on input line 489.


LaTeX Warning: Citation `RN241' on page 13 undefined on input line 495.


LaTeX Warning: Citation `RN242' on page 13 undefined on input line 495.


LaTeX Warning: Citation `RN106' on page 13 undefined on input line 495.


LaTeX Warning: Citation `RN102' on page 13 undefined on input line 498.


LaTeX Warning: Citation `RN18' on page 13 undefined on input line 506.


LaTeX Warning: Citation `RN79' on page 13 undefined on input line 506.


LaTeX Warning: Citation `RN78' on page 13 undefined on input line 506.


LaTeX Warning: Citation `RN77' on page 13 undefined on input line 508.


LaTeX Warning: Citation `RN4' on page 13 undefined on input line 510.


LaTeX Warning: Citation `RN18' on page 13 undefined on input line 513.


LaTeX Warning: Citation `RN78' on page 13 undefined on input line 513.


LaTeX Warning: Citation `RN80' on page 13 undefined on input line 513.


LaTeX Warning: Citation `RN245' on page 13 undefined on input line 513.


LaTeX Warning: Citation `RN239' on page 13 undefined on input line 514.

[13]

LaTeX Warning: Citation `RN248' on page 14 undefined on input line 516.


LaTeX Warning: Citation `RN249' on page 14 undefined on input line 516.


LaTeX Warning: Citation `RN247' on page 14 undefined on input line 516.


LaTeX Warning: Citation `RN250' on page 14 undefined on input line 516.


LaTeX Warning: Citation `RN246' on page 14 undefined on input line 516.


LaTeX Warning: Citation `RN243' on page 14 undefined on input line 519.


LaTeX Warning: Citation `RN79' on page 14 undefined on input line 519.


LaTeX Warning: Citation `RN55' on page 14 undefined on input line 519.


LaTeX Warning: Citation `RN240' on page 14 undefined on input line 519.


LaTeX Warning: Citation `RN244' on page 14 undefined on input line 521.

[14]

LaTeX Warning: Citation `RN13' on page 15 undefined on input line 540.


LaTeX Warning: Citation `denby2023kodan' on page 15 undefined on input line 563
.


LaTeX Warning: Citation `RN102' on page 15 undefined on input line 575.

[15]
No file 2306.00275_tl2023.bbl.
[16]
(/diff_test_tex_engines/docker_bin_2/version_compiled_pdf/2306.00275/2306.00275
_tl2023.aux)

LaTeX Warning: There were undefined references.


LaTeX Warning: Label(s) may have changed. Rerun to get cross-references right.

 )
(see the transcript file for additional information)</usr/local/texlive/2023/te
xmf-dist/fonts/type1/public/amsfonts/cm/cmmi10.pfb></usr/local/texlive/2023/tex
mf-dist/fonts/type1/public/amsfonts/cm/cmmi7.pfb></usr/local/texlive/2023/texmf
-dist/fonts/type1/public/amsfonts/cm/cmmi8.pfb></usr/local/texlive/2023/texmf-d
ist/fonts/type1/public/amsfonts/cm/cmr10.pfb></usr/local/texlive/2023/texmf-dis
t/fonts/type1/public/amsfonts/cm/cmr7.pfb></usr/local/texlive/2023/texmf-dist/f
onts/type1/public/amsfonts/cm/cmr8.pfb></usr/local/texlive/2023/texmf-dist/font
s/type1/public/amsfonts/cm/cmsy10.pfb></usr/local/texlive/2023/texmf-dist/fonts
/type1/public/amsfonts/cm/cmsy6.pfb></usr/local/texlive/2023/texmf-dist/fonts/t
ype1/public/amsfonts/cm/cmsy7.pfb></usr/local/texlive/2023/texmf-dist/fonts/typ
e1/public/amsfonts/cm/cmsy8.pfb></usr/local/texlive/2023/texmf-dist/fonts/type1
/urw/times/utmb8a.pfb></usr/local/texlive/2023/texmf-dist/fonts/type1/urw/times
/utmbi8a.pfb></usr/local/texlive/2023/texmf-dist/fonts/type1/urw/times/utmr8a.p
fb></usr/local/texlive/2023/texmf-dist/fonts/type1/urw/times/utmri8a.pfb>
Output written on /diff_test_tex_engines/docker_bin_2/version_compiled_pdf/2306
.00275/2306.00275_tl2023.pdf (16 pages, 1540525 bytes).
Transcript written on /diff_test_tex_engines/docker_bin_2/version_compiled_pdf/
2306.00275/2306.00275_tl2023.log.
Latexmk: Getting log file '/diff_test_tex_engines/docker_bin_2/version_compiled_pdf/2306.00275/2306.00275_tl2023.log'
Latexmk: Examining '/diff_test_tex_engines/docker_bin_2/version_compiled_pdf/2306.00275/2306.00275_tl2023.fls'
Latexmk: Examining '/diff_test_tex_engines/docker_bin_2/version_compiled_pdf/2306.00275/2306.00275_tl2023.log'
Latexmk: References changed.
Latexmk: Log file says output to '/diff_test_tex_engines/docker_bin_2/version_compiled_pdf/2306.00275/2306.00275_tl2023.pdf'
Latexmk: Found bibliography file(s):
  reference.bib
Bib file(s) not found in search path:
  reference.bib
Latexmk: Bst file not found in search path:
  IEEEtr.bst
Latexmk: applying rule 'pdflatex'...
Rule 'pdflatex':  Reasons for rerun
Changed files or newly in use/created:
  /diff_test_tex_engines/docker_bin_2/version_compiled_pdf/2306.00275/2306.00275_tl2023.aux

------------
Run number 2 of rule 'pdflatex'
------------
------------
Running 'pdflatex  -interaction=nonstopmode -recorder --jobname="2306.00275_tl2023" -output-directory="/diff_test_tex_engines/docker_bin_2/version_compiled_pdf/2306.00275"  "Main.tex"'
------------
This is pdfTeX, Version 3.141592653-2.6-1.40.25 (TeX Live 2023) (preloaded format=pdflatex)
 restricted \write18 enabled.
entering extended mode
(./Main.tex
LaTeX2e <2023-11-01> patch level 1
L3 programming layer <2024-02-20>
(/usr/local/texlive/2023/texmf-dist/tex/latex/ieeetran/IEEEtran.cls
Document Class: IEEEtran 2015/08/26 V1.8b by Michael Shell
-- See the "IEEEtran_HOWTO" manual for usage information.
-- http://www.michaelshell.org/tex/ieeetran/
(/usr/local/texlive/2023/texmf-dist/tex/latex/psnfss/ot1ptm.fd)
-- Using 8.5in x 11in (letter) paper.
-- Using PDF output.
-- This is a 10 point document.
) (/usr/local/texlive/2023/texmf-dist/tex/latex/changes/changes.sty
*** changes package 2021/07/15 v4.2.1 ***
(/usr/local/texlive/2023/texmf-dist/tex/latex/xkeyval/xkeyval.sty
(/usr/local/texlive/2023/texmf-dist/tex/generic/xkeyval/xkeyval.tex
(/usr/local/texlive/2023/texmf-dist/tex/generic/xkeyval/xkvutils.tex
(/usr/local/texlive/2023/texmf-dist/tex/generic/xkeyval/keyval.tex))))
(/usr/local/texlive/2023/texmf-dist/tex/latex/etoolbox/etoolbox.sty)
(/usr/local/texlive/2023/texmf-dist/tex/generic/xstring/xstring.sty
(/usr/local/texlive/2023/texmf-dist/tex/generic/xstring/xstring.tex))
ulem-option 'normalem,normalbf', passed to package ulem
truncate-option 'breakall,fit', passed to package truncate
changes-option 'commandnameprefix=always'
(/usr/local/texlive/2023/texmf-dist/tex/latex/xcolor/xcolor.sty
(/usr/local/texlive/2023/texmf-dist/tex/latex/graphics-cfg/color.cfg)
(/usr/local/texlive/2023/texmf-dist/tex/latex/graphics-def/pdftex.def)
(/usr/local/texlive/2023/texmf-dist/tex/latex/graphics/mathcolor.ltx))
(/usr/local/texlive/2023/texmf-dist/tex/generic/ulem/ulem.sty)
(/usr/local/texlive/2023/texmf-dist/tex/latex/todonotes/todonotes.sty
(/usr/local/texlive/2023/texmf-dist/tex/latex/base/ifthen.sty)
(/usr/local/texlive/2023/texmf-dist/tex/latex/pgf/frontendlayer/tikz.sty
(/usr/local/texlive/2023/texmf-dist/tex/latex/pgf/basiclayer/pgf.sty
(/usr/local/texlive/2023/texmf-dist/tex/latex/pgf/utilities/pgfrcs.sty
(/usr/local/texlive/2023/texmf-dist/tex/generic/pgf/utilities/pgfutil-common.te
x)
(/usr/local/texlive/2023/texmf-dist/tex/generic/pgf/utilities/pgfutil-latex.def
) (/usr/local/texlive/2023/texmf-dist/tex/generic/pgf/utilities/pgfrcs.code.tex
(/usr/local/texlive/2023/texmf-dist/tex/generic/pgf/pgf.revision.tex)))
(/usr/local/texlive/2023/texmf-dist/tex/latex/pgf/basiclayer/pgfcore.sty
(/usr/local/texlive/2023/texmf-dist/tex/latex/graphics/graphicx.sty
(/usr/local/texlive/2023/texmf-dist/tex/latex/graphics/graphics.sty
(/usr/local/texlive/2023/texmf-dist/tex/latex/graphics/trig.sty)
(/usr/local/texlive/2023/texmf-dist/tex/latex/graphics-cfg/graphics.cfg)))
(/usr/local/texlive/2023/texmf-dist/tex/latex/pgf/systemlayer/pgfsys.sty
(/usr/local/texlive/2023/texmf-dist/tex/generic/pgf/systemlayer/pgfsys.code.tex
(/usr/local/texlive/2023/texmf-dist/tex/generic/pgf/utilities/pgfkeys.code.tex
(/usr/local/texlive/2023/texmf-dist/tex/generic/pgf/utilities/pgfkeyslibraryfil
tered.code.tex))
(/usr/local/texlive/2023/texmf-dist/tex/generic/pgf/systemlayer/pgf.cfg)
(/usr/local/texlive/2023/texmf-dist/tex/generic/pgf/systemlayer/pgfsys-pdftex.d
ef
(/usr/local/texlive/2023/texmf-dist/tex/generic/pgf/systemlayer/pgfsys-common-p
df.def)))
(/usr/local/texlive/2023/texmf-dist/tex/generic/pgf/systemlayer/pgfsyssoftpath.
code.tex)
(/usr/local/texlive/2023/texmf-dist/tex/generic/pgf/systemlayer/pgfsysprotocol.
code.tex))
(/usr/local/texlive/2023/texmf-dist/tex/generic/pgf/basiclayer/pgfcore.code.tex
(/usr/local/texlive/2023/texmf-dist/tex/generic/pgf/math/pgfmath.code.tex
(/usr/local/texlive/2023/texmf-dist/tex/generic/pgf/math/pgfmathutil.code.tex)
(/usr/local/texlive/2023/texmf-dist/tex/generic/pgf/math/pgfmathparser.code.tex
)
(/usr/local/texlive/2023/texmf-dist/tex/generic/pgf/math/pgfmathfunctions.code.
tex)
(/usr/local/texlive/2023/texmf-dist/tex/generic/pgf/math/pgfmathfunctions.basic
.code.tex)
(/usr/local/texlive/2023/texmf-dist/tex/generic/pgf/math/pgfmathfunctions.trigo
nometric.code.tex)
(/usr/local/texlive/2023/texmf-dist/tex/generic/pgf/math/pgfmathfunctions.rando
m.code.tex)
(/usr/local/texlive/2023/texmf-dist/tex/generic/pgf/math/pgfmathfunctions.compa
rison.code.tex)
(/usr/local/texlive/2023/texmf-dist/tex/generic/pgf/math/pgfmathfunctions.base.
code.tex)
(/usr/local/texlive/2023/texmf-dist/tex/generic/pgf/math/pgfmathfunctions.round
.code.tex)
(/usr/local/texlive/2023/texmf-dist/tex/generic/pgf/math/pgfmathfunctions.misc.
code.tex)
(/usr/local/texlive/2023/texmf-dist/tex/generic/pgf/math/pgfmathfunctions.integ
erarithmetics.code.tex)
(/usr/local/texlive/2023/texmf-dist/tex/generic/pgf/math/pgfmathcalc.code.tex)
(/usr/local/texlive/2023/texmf-dist/tex/generic/pgf/math/pgfmathfloat.code.tex)
) (/usr/local/texlive/2023/texmf-dist/tex/generic/pgf/math/pgfint.code.tex)
(/usr/local/texlive/2023/texmf-dist/tex/generic/pgf/basiclayer/pgfcorepoints.co
de.tex)
(/usr/local/texlive/2023/texmf-dist/tex/generic/pgf/basiclayer/pgfcorepathconst
ruct.code.tex)
(/usr/local/texlive/2023/texmf-dist/tex/generic/pgf/basiclayer/pgfcorepathusage
.code.tex)
(/usr/local/texlive/2023/texmf-dist/tex/generic/pgf/basiclayer/pgfcorescopes.co
de.tex)
(/usr/local/texlive/2023/texmf-dist/tex/generic/pgf/basiclayer/pgfcoregraphicst
ate.code.tex)
(/usr/local/texlive/2023/texmf-dist/tex/generic/pgf/basiclayer/pgfcoretransform
ations.code.tex)
(/usr/local/texlive/2023/texmf-dist/tex/generic/pgf/basiclayer/pgfcorequick.cod
e.tex)
(/usr/local/texlive/2023/texmf-dist/tex/generic/pgf/basiclayer/pgfcoreobjects.c
ode.tex)
(/usr/local/texlive/2023/texmf-dist/tex/generic/pgf/basiclayer/pgfcorepathproce
ssing.code.tex)
(/usr/local/texlive/2023/texmf-dist/tex/generic/pgf/basiclayer/pgfcorearrows.co
de.tex)
(/usr/local/texlive/2023/texmf-dist/tex/generic/pgf/basiclayer/pgfcoreshade.cod
e.tex)
(/usr/local/texlive/2023/texmf-dist/tex/generic/pgf/basiclayer/pgfcoreimage.cod
e.tex)
(/usr/local/texlive/2023/texmf-dist/tex/generic/pgf/basiclayer/pgfcoreexternal.
code.tex)
(/usr/local/texlive/2023/texmf-dist/tex/generic/pgf/basiclayer/pgfcorelayers.co
de.tex)
(/usr/local/texlive/2023/texmf-dist/tex/generic/pgf/basiclayer/pgfcoretranspare
ncy.code.tex)
(/usr/local/texlive/2023/texmf-dist/tex/generic/pgf/basiclayer/pgfcorepatterns.
code.tex)
(/usr/local/texlive/2023/texmf-dist/tex/generic/pgf/basiclayer/pgfcorerdf.code.
tex)))
(/usr/local/texlive/2023/texmf-dist/tex/generic/pgf/modules/pgfmoduleshapes.cod
e.tex)
(/usr/local/texlive/2023/texmf-dist/tex/generic/pgf/modules/pgfmoduleplot.code.
tex)
(/usr/local/texlive/2023/texmf-dist/tex/latex/pgf/compatibility/pgfcomp-version
-0-65.sty)
(/usr/local/texlive/2023/texmf-dist/tex/latex/pgf/compatibility/pgfcomp-version
-1-18.sty))
(/usr/local/texlive/2023/texmf-dist/tex/latex/pgf/utilities/pgffor.sty
(/usr/local/texlive/2023/texmf-dist/tex/latex/pgf/utilities/pgfkeys.sty
(/usr/local/texlive/2023/texmf-dist/tex/generic/pgf/utilities/pgfkeys.code.tex)
) (/usr/local/texlive/2023/texmf-dist/tex/latex/pgf/math/pgfmath.sty
(/usr/local/texlive/2023/texmf-dist/tex/generic/pgf/math/pgfmath.code.tex))
(/usr/local/texlive/2023/texmf-dist/tex/generic/pgf/utilities/pgffor.code.tex))

(/usr/local/texlive/2023/texmf-dist/tex/generic/pgf/frontendlayer/tikz/tikz.cod
e.tex
(/usr/local/texlive/2023/texmf-dist/tex/generic/pgf/libraries/pgflibraryplothan
dlers.code.tex)
(/usr/local/texlive/2023/texmf-dist/tex/generic/pgf/modules/pgfmodulematrix.cod
e.tex)
(/usr/local/texlive/2023/texmf-dist/tex/generic/pgf/frontendlayer/tikz/librarie
s/tikzlibrarytopaths.code.tex)))
(/usr/local/texlive/2023/texmf-dist/tex/generic/pgf/frontendlayer/tikz/librarie
s/tikzlibrarypositioning.code.tex)
(/usr/local/texlive/2023/texmf-dist/tex/latex/tools/calc.sty))
changes-package option commandnameprefix=always: using prefix on added, new com
mand name is chadded.
changes-package option commandnameprefix=always: using prefix on deleted, new c
ommand name is chdeleted.
changes-package option commandnameprefix=always: using prefix on replaced, new 
command name is chreplaced.
changes-package option commandnameprefix=always: using prefix on highlight, new
 command name is chhighlight.
changes-package option commandnameprefix=always: using prefix on comment, new c
ommand name is chcomment.
(/usr/local/texlive/2023/texmf-dist/tex/latex/truncate/truncate.sty))
(/usr/local/texlive/2023/texmf-dist/tex/latex/amsmath/amsmath.sty
For additional information on amsmath, use the `?' option.
(/usr/local/texlive/2023/texmf-dist/tex/latex/amsmath/amstext.sty
(/usr/local/texlive/2023/texmf-dist/tex/latex/amsmath/amsgen.sty))
(/usr/local/texlive/2023/texmf-dist/tex/latex/amsmath/amsbsy.sty)
(/usr/local/texlive/2023/texmf-dist/tex/latex/amsmath/amsopn.sty))
(/usr/local/texlive/2023/texmf-dist/tex/latex/amsfonts/amsfonts.sty)
(/usr/local/texlive/2023/texmf-dist/tex/latex/algorithms/algorithmic.sty)
(/usr/local/texlive/2023/texmf-dist/tex/latex/algorithms/algorithm.sty
(/usr/local/texlive/2023/texmf-dist/tex/latex/float/float.sty))
(/usr/local/texlive/2023/texmf-dist/tex/latex/tools/array.sty)
(/usr/local/texlive/2023/texmf-dist/tex/latex/subfigure/subfigure.sty
****************************************
* Local config file subfigure.cfg used *
****************************************
(/usr/local/texlive/2023/texmf-dist/tex/latex/subfigure/subfigure.cfg))
(/usr/local/texlive/2023/texmf-dist/tex/latex/subfig/subfig.sty
(/usr/local/texlive/2023/texmf-dist/tex/latex/caption/caption3.sty))
(/usr/local/texlive/2023/texmf-dist/tex/latex/base/textcomp.sty)
(/usr/local/texlive/2023/texmf-dist/tex/latex/sttools/stfloats.sty)
(/usr/local/texlive/2023/texmf-dist/tex/latex/url/url.sty)
(/usr/local/texlive/2023/texmf-dist/tex/latex/tools/verbatim.sty)
(/usr/local/texlive/2023/texmf-dist/tex/latex/cite/cite.sty)
(/usr/local/texlive/2023/texmf-dist/tex/latex/booktabs/booktabs.sty)
(/usr/local/texlive/2023/texmf-dist/tex/latex/multirow/multirow.sty)
(/usr/local/texlive/2023/texmf-dist/tex/latex/makecell/makecell.sty)
(/usr/local/texlive/2023/texmf-dist/tex/latex/tabularray/tabularray.sty
(/usr/local/texlive/2023/texmf-dist/tex/latex/l3kernel/expl3.sty
(/usr/local/texlive/2023/texmf-dist/tex/latex/l3backend/l3backend-pdftex.def)))
 (/usr/local/texlive/2023/texmf-dist/tex/latex/tools/tabularx.sty)

LaTeX Warning: Unused global option(s):
    [lettersize].


(/diff_test_tex_engines/docker_bin_2/version_compiled_pdf/2306.00275/2306.00275
_tl2023.aux)
-- Lines per column: 58 (exact).
(/usr/local/texlive/2023/texmf-dist/tex/context/base/mkii/supp-pdf.mkii
[Loading MPS to PDF converter (version 2006.09.02).]
) (/usr/local/texlive/2023/texmf-dist/tex/latex/epstopdf-pkg/epstopdf-base.sty
(/usr/local/texlive/2023/texmf-dist/tex/latex/latexconfig/epstopdf-sys.cfg))

Package todonotes Warning: The length marginparwidth is less than 2cm and will 
most likely cause issues with the appearance of inserted todonotes. The issue c
an be solved by adding a line like \setlength {\marginparwidth }{2cm} prior to 
loading the todonotes package. on input line 27.

(/usr/local/texlive/2023/texmf-dist/tex/latex/ninecolors/ninecolors.sty
(/usr/local/texlive/2023/texmf-dist/tex/latex/l3packages/xparse/xparse.sty))

LaTeX Warning: Citation `RN143' on page 1 undefined on input line 78.


LaTeX Warning: Citation `SN1' on page 1 undefined on input line 78.


LaTeX Warning: Citation `RN141' on page 1 undefined on input line 78.


LaTeX Warning: Citation `RN257' on page 1 undefined on input line 78.


LaTeX Warning: Citation `RN72' on page 1 undefined on input line 78.


LaTeX Warning: Citation `RN142' on page 1 undefined on input line 78.


LaTeX Warning: Citation `RN77' on page 1 undefined on input line 80.


LaTeX Warning: Citation `RN88' on page 1 undefined on input line 80.


LaTeX Warning: Citation `RN144' on page 1 undefined on input line 80.


LaTeX Warning: Citation `RN146' on page 1 undefined on input line 80.


LaTeX Warning: Citation `RN147' on page 1 undefined on input line 80.


LaTeX Warning: Citation `RN77' on page 1 undefined on input line 80.


LaTeX Warning: Citation `RN255' on page 1 undefined on input line 80.


LaTeX Warning: Citation `RN55' on page 1 undefined on input line 80.


LaTeX Warning: Citation `RN148' on page 1 undefined on input line 80.


LaTeX Warning: Citation `RN13' on page 1 undefined on input line 80.



pdfTeX warning: pdflatex (file ./fig2.pdf): PDF inclusion: found PDF version <1
.6>, but at most version <1.5> allowed

LaTeX Warning: Citation `RN180' on page 1 undefined on input line 92.


Underfull \vbox (badness 2503) has occurred while \output is active [1{/usr/loc
al/texlive/2023/texmf-var/fonts/map/pdftex/updmap/pdftex.map}{/usr/local/texliv
e/2023/texmf-dist/fonts/enc/dvips/base/8r.enc} <./fig2.pdf>]

LaTeX Warning: Citation `RN57' on page 2 undefined on input line 94.


LaTeX Warning: Citation `RN180' on page 2 undefined on input line 94.


LaTeX Warning: Citation `RN88' on page 2 undefined on input line 97.


LaTeX Warning: Citation `RN13' on page 2 undefined on input line 97.


LaTeX Warning: Citation `RN102' on page 2 undefined on input line 97.


LaTeX Warning: Citation `RN55' on page 2 undefined on input line 97.


LaTeX Warning: Citation `RN56' on page 2 undefined on input line 97.


LaTeX Warning: Citation `RN58' on page 2 undefined on input line 97.


LaTeX Warning: Citation `RN16' on page 2 undefined on input line 97.


LaTeX Warning: Citation `RN43' on page 2 undefined on input line 97.


LaTeX Warning: Citation `TN927' on page 2 undefined on input line 120.

(/usr/local/texlive/2023/texmf-dist/tex/latex/amsfonts/umsa.fd)
(/usr/local/texlive/2023/texmf-dist/tex/latex/amsfonts/umsb.fd)

LaTeX Warning: Citation `RN168' on page 2 undefined on input line 146.


LaTeX Warning: Citation `RN169' on page 2 undefined on input line 146.



pdfTeX warning: pdflatex (file ./fig7.pdf): PDF inclusion: found PDF version <1
.6>, but at most version <1.5> allowed

LaTeX Warning: Citation `RN194' on page 2 undefined on input line 155.


LaTeX Warning: Citation `RN197' on page 2 undefined on input line 155.


LaTeX Warning: Citation `RN195' on page 2 undefined on input line 155.

[2]
Underfull \vbox (badness 10000) has occurred while \output is active [3 <./fig1
.pdf> <./fig7.pdf>]

LaTeX Warning: Citation `SpaceXNews' on page 4 undefined on input line 159.


LaTeX Warning: Citation `lu2022micius' on page 4 undefined on input line 159.


LaTeX Warning: Citation `RN170' on page 4 undefined on input line 178.


LaTeX Warning: Citation `RN171' on page 4 undefined on input line 178.


LaTeX Warning: Citation `RN172' on page 4 undefined on input line 178.


LaTeX Warning: Citation `RN218' on page 4 undefined on input line 178.


LaTeX Warning: Citation `RN196' on page 4 undefined on input line 181.


LaTeX Warning: Citation `RN196' on page 4 undefined on input line 185.


Overfull \hbox (2.77957pt too wide) in paragraph at lines 185--186
\OMS/cmsy/m/n/10 f\OML/cmm/m/it/10 T; \OMS/cmsy/m/n/10 f\OML/cmm/m/it/10 S[]; S
[]; [] ; S[]\OMS/cmsy/m/n/10 g\OML/cmm/m/it/10 ; \OMS/cmsy/m/n/10 f\OML/cmm/m/i
t/10 T[]; T[]; T[]; []\OMS/cmsy/m/n/10 g\OML/cmm/m/it/10 ; \OMS/cmsy/m/n/10 f\O
ML/cmm/m/it/10 G[]; G[]; G[]; []\OMS/cmsy/m/n/10 gg$\OT1/ptm/m/n/10 ,

Underfull \hbox (badness 7168) in paragraph at lines 185--186
\OT1/ptm/m/n/10 is the set of satel-lite nodes and $\OML/cmm/m/it/10 M$ \OT1/pt
m/m/n/10 is the to-tal

Underfull \hbox (badness 7981) in paragraph at lines 185--186
\OT1/ptm/m/n/10 num-ber of them. In the $\OML/cmm/m/it/10 i$\OT1/ptm/m/n/10 -th
 times-lice, the model

LaTeX Warning: Citation `RN152' on page 4 undefined on input line 188.


LaTeX Warning: Citation `RN154' on page 4 undefined on input line 188.


LaTeX Warning: Citation `RN150' on page 4 undefined on input line 190.


LaTeX Warning: Citation `RN155' on page 4 undefined on input line 190.


LaTeX Warning: Citation `RN88' on page 4 undefined on input line 192.


LaTeX Warning: Citation `RN187' on page 4 undefined on input line 192.


LaTeX Warning: Citation `RN57' on page 4 undefined on input line 192.


LaTeX Warning: Citation `RN157' on page 4 undefined on input line 192.


LaTeX Warning: Citation `RN158' on page 4 undefined on input line 192.


LaTeX Warning: Citation `RN187' on page 4 undefined on input line 192.

[4]

LaTeX Warning: Citation `RN167' on page 5 undefined on input line 204.


LaTeX Warning: Citation `RN4' on page 5 undefined on input line 205.


LaTeX Warning: Citation `RN56' on page 5 undefined on input line 208.


LaTeX Warning: Citation `RN155' on page 5 undefined on input line 208.


LaTeX Warning: Citation `RN55' on page 5 undefined on input line 210.


LaTeX Warning: Citation `lei2021maddpg' on page 5 undefined on input line 210.


LaTeX Warning: Citation `RN174' on page 5 undefined on input line 210.


LaTeX Warning: Citation `RN175' on page 5 undefined on input line 210.


LaTeX Warning: Citation `RN102' on page 5 undefined on input line 215.


LaTeX Warning: Citation `RN173' on page 5 undefined on input line 215.


LaTeX Warning: Citation `RN146' on page 5 undefined on input line 219.


LaTeX Warning: Citation `RN181' on page 5 undefined on input line 219.


LaTeX Warning: Citation `RN182' on page 5 undefined on input line 219.


LaTeX Warning: Citation `he2017mask' on page 5 undefined on input line 222.


LaTeX Warning: Citation `RN184' on page 5 undefined on input line 222.


LaTeX Warning: Citation `RN61' on page 5 undefined on input line 222.


LaTeX Warning: Citation `iphone' on page 5 undefined on input line 222.


LaTeX Warning: Citation `RN185' on page 5 undefined on input line 222.


LaTeX Warning: Citation `RN186' on page 5 undefined on input line 222.


LaTeX Warning: Citation `RN201' on page 5 undefined on input line 230.


LaTeX Warning: Citation `RN204' on page 5 undefined on input line 230.


LaTeX Warning: Citation `RN205' on page 5 undefined on input line 230.


LaTeX Warning: Citation `RN202' on page 5 undefined on input line 230.


LaTeX Warning: Citation `RN203' on page 5 undefined on input line 230.


LaTeX Warning: Citation `SpaceXNews' on page 5 undefined on input line 230.

[5]

LaTeX Warning: Citation `RN201' on page 6 undefined on input line 235.


LaTeX Warning: Citation `RN199' on page 6 undefined on input line 252.


LaTeX Warning: Citation `RN206' on page 6 undefined on input line 252.


Overfull \hbox (2.17244pt too wide) in paragraph at lines 275--275
 [][] 

Overfull \hbox (2.17244pt too wide) in paragraph at lines 282--282
 [][] 

Overfull \hbox (7.00012pt too wide) in paragraph at lines 275--283
 [][][] 

LaTeX Warning: `!h' float specifier changed to `!ht'.


LaTeX Warning: Citation `RN88' on page 6 undefined on input line 289.


LaTeX Warning: Citation `RN207' on page 6 undefined on input line 289.


LaTeX Warning: Citation `RN208' on page 6 undefined on input line 289.


LaTeX Warning: Citation `RN56' on page 6 undefined on input line 289.

[6 <./fig5.pdf>]

LaTeX Warning: Citation `RN229' on page 7 undefined on input line 302.


LaTeX Warning: Citation `RN230' on page 7 undefined on input line 302.


LaTeX Warning: Citation `RN260' on page 7 undefined on input line 304.


LaTeX Warning: Citation `sos1' on page 7 undefined on input line 307.


Underfull \vbox (badness 10000) has occurred while \output is active

LaTeX Warning: Citation `linux1' on page 7 undefined on input line 309.


LaTeX Warning: Citation `linux2' on page 7 undefined on input line 309.


LaTeX Warning: Citation `linux1' on page 7 undefined on input line 311.


LaTeX Warning: Citation `linux2' on page 7 undefined on input line 311.


LaTeX Warning: Citation `spaceos' on page 7 undefined on input line 313.


LaTeX Warning: Citation `denby2023kodan' on page 7 undefined on input line 319.



LaTeX Warning: Citation `denby2023kodan' on page 7 undefined on input line 319.


[7 <./fig8-b.pdf> <./fig8-a.pdf>]

LaTeX Warning: Citation `RN57' on page 8 undefined on input line 328.


LaTeX Warning: Citation `RN187' on page 8 undefined on input line 328.


LaTeX Warning: Citation `denby2023kodan' on page 8 undefined on input line 328.



LaTeX Warning: Citation `RN55' on page 8 undefined on input line 340.


LaTeX Warning: Citation `RN55' on page 8 undefined on input line 355.


LaTeX Warning: Citation `sabol2001' on page 8 undefined on input line 358.


LaTeX Warning: Citation `RN46' on page 8 undefined on input line 358.

[8 <./fig9.pdf> <./fig3.pdf> <./fig4.pdf>]

LaTeX Warning: Citation `RN231' on page 9 undefined on input line 369.


LaTeX Warning: Citation `RN233' on page 9 undefined on input line 369.


LaTeX Warning: Citation `RN232' on page 9 undefined on input line 369.


LaTeX Warning: Citation `RN81' on page 9 undefined on input line 369.


LaTeX Warning: Citation `RN102' on page 9 undefined on input line 371.


LaTeX Warning: Citation `RN234' on page 9 undefined on input line 377.


LaTeX Warning: Citation `RN235' on page 9 undefined on input line 377.


LaTeX Warning: Citation `RN81' on page 9 undefined on input line 379.


LaTeX Warning: Citation `RN237' on page 9 undefined on input line 385.


LaTeX Warning: Citation `RN187' on page 9 undefined on input line 385.


LaTeX Warning: Citation `RN13' on page 9 undefined on input line 385.


LaTeX Warning: Citation `RN236' on page 9 undefined on input line 385.


Overfull \hbox (2.17244pt too wide) in paragraph at lines 396--396
 [][] 

Overfull \hbox (2.17244pt too wide) in paragraph at lines 403--403
 [][] 

Overfull \hbox (7.00012pt too wide) in paragraph at lines 396--404
 [][][] 

Overfull \hbox (2.17244pt too wide) in paragraph at lines 411--411
 [][] 

LaTeX Warning: Citation `RN217' on page 9 undefined on input line 414.


LaTeX Warning: Citation `RN217' on page 9 undefined on input line 414.


LaTeX Warning: `!h' float specifier changed to `!ht'.

[9]

LaTeX Warning: Citation `RN209' on page 10 undefined on input line 426.


LaTeX Warning: Citation `RN225' on page 10 undefined on input line 426.


LaTeX Warning: Citation `RN214' on page 10 undefined on input line 426.


LaTeX Warning: Citation `RN209' on page 10 undefined on input line 426.


LaTeX Warning: Citation `RN210' on page 10 undefined on input line 426.


LaTeX Warning: Citation `RN211' on page 10 undefined on input line 426.

[10 <./fig6-a.pdf> <./fig6-b.pdf> <./fig6-c.pdf>]

LaTeX Warning: Citation `RN215' on page 11 undefined on input line 428.


LaTeX Warning: Citation `RN217' on page 11 undefined on input line 428.


LaTeX Warning: Citation `RN227' on page 11 undefined on input line 428.


LaTeX Warning: Citation `RN214' on page 11 undefined on input line 430.


LaTeX Warning: Citation `RN81' on page 11 undefined on input line 430.


LaTeX Warning: Citation `RN216' on page 11 undefined on input line 432.


LaTeX Warning: Citation `RN212' on page 11 undefined on input line 432.


LaTeX Warning: Citation `RN217' on page 11 undefined on input line 432.


LaTeX Warning: Citation `RN226' on page 11 undefined on input line 432.


LaTeX Warning: Citation `RN209' on page 11 undefined on input line 441.


LaTeX Warning: Citation `RN224' on page 11 undefined on input line 441.


LaTeX Warning: Citation `RN211' on page 11 undefined on input line 443.


LaTeX Warning: Citation `RN219' on page 11 undefined on input line 445.


LaTeX Warning: Citation `RN215' on page 11 undefined on input line 447.


Overfull \vbox (15.15456pt too high) detected at line 449

Overfull \vbox (5.69046pt too high) detected at line 449

LaTeX Warning: Citation `RN225' on page 11 undefined on input line 449.


Overfull \vbox (5.69046pt too high) detected at line 449

Overfull \vbox (5.69046pt too high) detected at line 449

LaTeX Warning: Citation `RN217' on page 11 undefined on input line 452.


LaTeX Warning: Citation `RN212' on page 11 undefined on input line 454.


LaTeX Warning: Citation `RN210' on page 11 undefined on input line 456.


LaTeX Warning: Citation `RN214' on page 11 undefined on input line 458.


Overfull \hbox (7.13298pt too wide) in paragraph at lines 438--461
 [][] 

LaTeX Warning: Citation `RN140' on page 11 undefined on input line 469.


LaTeX Warning: Citation `iFogsim' on page 11 undefined on input line 469.


LaTeX Warning: Citation `mockfog' on page 11 undefined on input line 469.


LaTeX Warning: Citation `RN80' on page 11 undefined on input line 472.


LaTeX Warning: Citation `RN77' on page 11 undefined on input line 472.


LaTeX Warning: Citation `RN76' on page 11 undefined on input line 472.


LaTeX Warning: Citation `RN4' on page 11 undefined on input line 474.


LaTeX Warning: Citation `RN58' on page 11 undefined on input line 474.


LaTeX Warning: Citation `RN56' on page 11 undefined on input line 474.


LaTeX Warning: Citation `RN209' on page 11 undefined on input line 474.


LaTeX Warning: Citation `RN210' on page 11 undefined on input line 474.


LaTeX Warning: Citation `RN212' on page 11 undefined on input line 474.


LaTeX Warning: Citation `RN239' on page 11 undefined on input line 474.


LaTeX Warning: Citation `RN105' on page 11 undefined on input line 474.


LaTeX Warning: Citation `RN60' on page 11 undefined on input line 474.

[11]

LaTeX Warning: Citation `RN78' on page 12 undefined on input line 483.


LaTeX Warning: Citation `RN80' on page 12 undefined on input line 483.


LaTeX Warning: Citation `RN18' on page 12 undefined on input line 486.


LaTeX Warning: Citation `RN81' on page 12 undefined on input line 486.


LaTeX Warning: Citation `RN79' on page 12 undefined on input line 486.


LaTeX Warning: Citation `RN77' on page 12 undefined on input line 486.

[12]

LaTeX Warning: Citation `RN211' on page 13 undefined on input line 489.


LaTeX Warning: Citation `FMOW' on page 13 undefined on input line 489.


LaTeX Warning: Citation `RN211' on page 13 undefined on input line 489.


LaTeX Warning: Citation `RN241' on page 13 undefined on input line 495.


LaTeX Warning: Citation `RN242' on page 13 undefined on input line 495.


LaTeX Warning: Citation `RN106' on page 13 undefined on input line 495.


LaTeX Warning: Citation `RN102' on page 13 undefined on input line 498.


LaTeX Warning: Citation `RN18' on page 13 undefined on input line 506.


LaTeX Warning: Citation `RN79' on page 13 undefined on input line 506.


LaTeX Warning: Citation `RN78' on page 13 undefined on input line 506.


LaTeX Warning: Citation `RN77' on page 13 undefined on input line 508.


LaTeX Warning: Citation `RN4' on page 13 undefined on input line 510.


LaTeX Warning: Citation `RN18' on page 13 undefined on input line 513.


LaTeX Warning: Citation `RN78' on page 13 undefined on input line 513.


LaTeX Warning: Citation `RN80' on page 13 undefined on input line 513.


LaTeX Warning: Citation `RN245' on page 13 undefined on input line 513.


LaTeX Warning: Citation `RN239' on page 13 undefined on input line 514.

[13]

LaTeX Warning: Citation `RN248' on page 14 undefined on input line 516.


LaTeX Warning: Citation `RN249' on page 14 undefined on input line 516.


LaTeX Warning: Citation `RN247' on page 14 undefined on input line 516.


LaTeX Warning: Citation `RN250' on page 14 undefined on input line 516.


LaTeX Warning: Citation `RN246' on page 14 undefined on input line 516.


LaTeX Warning: Citation `RN243' on page 14 undefined on input line 519.


LaTeX Warning: Citation `RN79' on page 14 undefined on input line 519.


LaTeX Warning: Citation `RN55' on page 14 undefined on input line 519.


LaTeX Warning: Citation `RN240' on page 14 undefined on input line 519.


LaTeX Warning: Citation `RN244' on page 14 undefined on input line 521.

[14]

LaTeX Warning: Citation `RN13' on page 15 undefined on input line 540.


LaTeX Warning: Citation `denby2023kodan' on page 15 undefined on input line 563
.


LaTeX Warning: Citation `RN102' on page 15 undefined on input line 575.

[15]
No file 2306.00275_tl2023.bbl.
[16]
(/diff_test_tex_engines/docker_bin_2/version_compiled_pdf/2306.00275/2306.00275
_tl2023.aux)

LaTeX Warning: There were undefined references.

 )
(see the transcript file for additional information)</usr/local/texlive/2023/te
xmf-dist/fonts/type1/public/amsfonts/cm/cmmi10.pfb></usr/local/texlive/2023/tex
mf-dist/fonts/type1/public/amsfonts/cm/cmmi7.pfb></usr/local/texlive/2023/texmf
-dist/fonts/type1/public/amsfonts/cm/cmmi8.pfb></usr/local/texlive/2023/texmf-d
ist/fonts/type1/public/amsfonts/cm/cmr10.pfb></usr/local/texlive/2023/texmf-dis
t/fonts/type1/public/amsfonts/cm/cmr7.pfb></usr/local/texlive/2023/texmf-dist/f
onts/type1/public/amsfonts/cm/cmr8.pfb></usr/local/texlive/2023/texmf-dist/font
s/type1/public/amsfonts/cm/cmsy10.pfb></usr/local/texlive/2023/texmf-dist/fonts
/type1/public/amsfonts/cm/cmsy6.pfb></usr/local/texlive/2023/texmf-dist/fonts/t
ype1/public/amsfonts/cm/cmsy7.pfb></usr/local/texlive/2023/texmf-dist/fonts/typ
e1/public/amsfonts/cm/cmsy8.pfb></usr/local/texlive/2023/texmf-dist/fonts/type1
/urw/times/utmb8a.pfb></usr/local/texlive/2023/texmf-dist/fonts/type1/urw/times
/utmbi8a.pfb></usr/local/texlive/2023/texmf-dist/fonts/type1/urw/times/utmr8a.p
fb></usr/local/texlive/2023/texmf-dist/fonts/type1/urw/times/utmri8a.pfb>
Output written on /diff_test_tex_engines/docker_bin_2/version_compiled_pdf/2306
.00275/2306.00275_tl2023.pdf (16 pages, 1540196 bytes).
Transcript written on /diff_test_tex_engines/docker_bin_2/version_compiled_pdf/
2306.00275/2306.00275_tl2023.log.
Latexmk: Getting log file '/diff_test_tex_engines/docker_bin_2/version_compiled_pdf/2306.00275/2306.00275_tl2023.log'
Latexmk: Examining '/diff_test_tex_engines/docker_bin_2/version_compiled_pdf/2306.00275/2306.00275_tl2023.fls'
Latexmk: Examining '/diff_test_tex_engines/docker_bin_2/version_compiled_pdf/2306.00275/2306.00275_tl2023.log'
Latexmk: Log file says output to '/diff_test_tex_engines/docker_bin_2/version_compiled_pdf/2306.00275/2306.00275_tl2023.pdf'
Latexmk: Found bibliography file(s):
  reference.bib
Bib file(s) not found in search path:
  reference.bib
Latexmk: Bst file not found in search path:
  IEEEtr.bst

Latexmk: The following rules were vetoed from being run, because of the
setting for the non-use/condititional use of bibtex/biber:
  bibtex /diff_test_tex_engines/docker_bin_2/version_compiled_pdf/2306.00275/2306.00275_tl2023
Reason: I am configured only to use bibtex/biber if all .bib files exist,
but the following didn't:
  reference.bib
Latexmk: Summary of warnings from last run of *latex:
  Latex failed to resolve 194 citation(s)
Latexmk: All targets (/diff_test_tex_engines/docker_bin_2/version_compiled_pdf/2306.00275/2306.00275_tl2023.pdf) are up-to-date

Rc files read:
  NONE
Latexmk: This is Latexmk, John Collins, 31 Jan. 2024. Version 4.83.
Latexmk: Nothing to do for 'Main.tex'.

Latexmk: The following rules were vetoed from being run, because of the
setting for the non-use/condititional use of bibtex/biber:
  bibtex /diff_test_tex_engines/docker_bin_2/version_compiled_pdf/2306.00275/2306.00275_tl2023
Reason: I am configured only to use bibtex/biber if all .bib files exist,
but the following didn't:
  reference.bib
Latexmk: All targets (/diff_test_tex_engines/docker_bin_2/version_compiled_pdf/2306.00275/2306.00275_tl2023.pdf) are up-to-date

