Rc files read:
  NONE
Latexmk: This is Latexmk, John Collins, 31 Jan. 2024. Version 4.83.
No existing .aux file, so I'll make a simple one, and require run of *latex.
Latexmk: applying rule 'pdflatex'...
Rule 'pdflatex':  Reasons for rerun
Category 'other':
  Rerun of 'pdflatex' forced or previously required:
    Reason or flag: 'Initial setup'

------------
Run number 1 of rule 'pdflatex'
------------
------------
Running 'pdflatex  -interaction=nonstopmode -recorder --jobname="2306.01515_tl2023" -output-directory="/diff_test_tex_engines/docker_bin_2/version_compiled_pdf/2306.01515"  "main_v9.tex"'
------------
This is pdfTeX, Version 3.141592653-2.6-1.40.25 (TeX Live 2023) (preloaded format=pdflatex)
 restricted \write18 enabled.
entering extended mode
(./main_v9.tex
LaTeX2e <2023-11-01> patch level 1
L3 programming layer <2024-02-20>
(./iopart.cls
Document Class: iopart 1996/06/10 v0.0 IOP Journals LaTeX article class
(./iopart12.clo))
(/usr/local/texlive/2023/texmf-dist/tex/latex/graphics/graphicx.sty
(/usr/local/texlive/2023/texmf-dist/tex/latex/graphics/keyval.sty)
(/usr/local/texlive/2023/texmf-dist/tex/latex/graphics/graphics.sty
(/usr/local/texlive/2023/texmf-dist/tex/latex/graphics/trig.sty)
(/usr/local/texlive/2023/texmf-dist/tex/latex/graphics-cfg/graphics.cfg)
(/usr/local/texlive/2023/texmf-dist/tex/latex/graphics-def/pdftex.def)))
(/usr/local/texlive/2023/texmf-dist/tex/latex/tools/dcolumn.sty
(/usr/local/texlive/2023/texmf-dist/tex/latex/tools/array.sty

LaTeX Warning: Command \@xhline  has changed.
               Check if current package is valid.

)) (/usr/local/texlive/2023/texmf-dist/tex/latex/tools/bm.sty)
(/usr/local/texlive/2023/texmf-dist/tex/latex/svg/svg.sty
(/usr/local/texlive/2023/texmf-dist/tex/generic/iftex/iftex.sty)
(/usr/local/texlive/2023/texmf-dist/tex/latex/koma-script/scrbase.sty
(/usr/local/texlive/2023/texmf-dist/tex/latex/koma-script/scrlfile.sty
(/usr/local/texlive/2023/texmf-dist/tex/latex/koma-script/scrlfile-hook.sty
(/usr/local/texlive/2023/texmf-dist/tex/latex/koma-script/scrlogo.sty))))
(/usr/local/texlive/2023/texmf-dist/tex/generic/pdftexcmds/pdftexcmds.sty
(/usr/local/texlive/2023/texmf-dist/tex/generic/infwarerr/infwarerr.sty)
(/usr/local/texlive/2023/texmf-dist/tex/generic/ltxcmds/ltxcmds.sty))
(/usr/local/texlive/2023/texmf-dist/tex/latex/trimspaces/trimspaces.sty)
(/usr/local/texlive/2023/texmf-dist/tex/latex/tools/shellesc.sty))
(/usr/local/texlive/2023/texmf-dist/tex/latex/xcolor/xcolor.sty
(/usr/local/texlive/2023/texmf-dist/tex/latex/graphics-cfg/color.cfg)
(/usr/local/texlive/2023/texmf-dist/tex/latex/graphics/mathcolor.ltx))
(/usr/local/texlive/2023/texmf-dist/tex/latex/transparent/transparent.sty
(/usr/local/texlive/2023/texmf-dist/tex/latex/transparent/transparent-nometadat
a.sty (/usr/local/texlive/2023/texmf-dist/tex/latex/auxhook/auxhook.sty)))
(/usr/local/texlive/2023/texmf-dist/tex/latex/pgf/systemlayer/pgfsys.sty
(/usr/local/texlive/2023/texmf-dist/tex/latex/pgf/utilities/pgfrcs.sty
(/usr/local/texlive/2023/texmf-dist/tex/generic/pgf/utilities/pgfutil-common.te
x)
(/usr/local/texlive/2023/texmf-dist/tex/generic/pgf/utilities/pgfutil-latex.def
) (/usr/local/texlive/2023/texmf-dist/tex/generic/pgf/utilities/pgfrcs.code.tex
(/usr/local/texlive/2023/texmf-dist/tex/generic/pgf/pgf.revision.tex)))
(/usr/local/texlive/2023/texmf-dist/tex/generic/pgf/systemlayer/pgfsys.code.tex
(/usr/local/texlive/2023/texmf-dist/tex/generic/pgf/utilities/pgfkeys.code.tex
(/usr/local/texlive/2023/texmf-dist/tex/generic/pgf/utilities/pgfkeyslibraryfil
tered.code.tex))
(/usr/local/texlive/2023/texmf-dist/tex/generic/pgf/systemlayer/pgf.cfg)
(/usr/local/texlive/2023/texmf-dist/tex/generic/pgf/systemlayer/pgfsys-pdftex.d
ef
(/usr/local/texlive/2023/texmf-dist/tex/generic/pgf/systemlayer/pgfsys-common-p
df.def)))
(/usr/local/texlive/2023/texmf-dist/tex/generic/pgf/systemlayer/pgfsyssoftpath.
code.tex)
(/usr/local/texlive/2023/texmf-dist/tex/generic/pgf/systemlayer/pgfsysprotocol.
code.tex)) (/usr/local/texlive/2023/texmf-dist/tex/latex/caption/caption.sty
(/usr/local/texlive/2023/texmf-dist/tex/latex/caption/caption3.sty)

Package caption Warning: Unknown document class (or package),
(caption)                standard defaults will be used.
See the caption package documentation for explanation.

) (/usr/local/texlive/2023/texmf-dist/tex/latex/hyperref/hyperref.sty
(/usr/local/texlive/2023/texmf-dist/tex/latex/kvsetkeys/kvsetkeys.sty)
(/usr/local/texlive/2023/texmf-dist/tex/generic/kvdefinekeys/kvdefinekeys.sty)
(/usr/local/texlive/2023/texmf-dist/tex/generic/pdfescape/pdfescape.sty)
(/usr/local/texlive/2023/texmf-dist/tex/latex/hycolor/hycolor.sty)
(/usr/local/texlive/2023/texmf-dist/tex/latex/hyperref/nameref.sty
(/usr/local/texlive/2023/texmf-dist/tex/latex/refcount/refcount.sty)
(/usr/local/texlive/2023/texmf-dist/tex/generic/gettitlestring/gettitlestring.s
ty (/usr/local/texlive/2023/texmf-dist/tex/latex/kvoptions/kvoptions.sty)))
(/usr/local/texlive/2023/texmf-dist/tex/latex/etoolbox/etoolbox.sty)
(/usr/local/texlive/2023/texmf-dist/tex/latex/hyperref/pd1enc.def)
(/usr/local/texlive/2023/texmf-dist/tex/generic/intcalc/intcalc.sty)
(/usr/local/texlive/2023/texmf-dist/tex/latex/hyperref/puenc.def)
(/usr/local/texlive/2023/texmf-dist/tex/latex/url/url.sty)
(/usr/local/texlive/2023/texmf-dist/tex/generic/bitset/bitset.sty
(/usr/local/texlive/2023/texmf-dist/tex/generic/bigintcalc/bigintcalc.sty))
(/usr/local/texlive/2023/texmf-dist/tex/latex/base/atbegshi-ltx.sty))
(/usr/local/texlive/2023/texmf-dist/tex/latex/hyperref/hpdftex.def
(/usr/local/texlive/2023/texmf-dist/tex/latex/base/atveryend-ltx.sty)
(/usr/local/texlive/2023/texmf-dist/tex/latex/rerunfilecheck/rerunfilecheck.sty

(/usr/local/texlive/2023/texmf-dist/tex/generic/uniquecounter/uniquecounter.sty
))) (/usr/local/texlive/2023/texmf-dist/tex/latex/float/float.sty)
(/usr/local/texlive/2023/texmf-dist/tex/latex/siunitx/siunitx.sty
(/usr/local/texlive/2023/texmf-dist/tex/latex/translations/translations.sty)
(/usr/local/texlive/2023/texmf-dist/tex/latex/amsmath/amstext.sty
(/usr/local/texlive/2023/texmf-dist/tex/latex/amsmath/amsgen.sty)))
(./iopams.sty
(/usr/local/texlive/2023/texmf-dist/tex/latex/amsfonts/amsfonts.sty)
(/usr/local/texlive/2023/texmf-dist/tex/latex/amsfonts/amssymb.sty)
(/usr/local/texlive/2023/texmf-dist/tex/latex/amsmath/amsbsy.sty))
(/usr/local/texlive/2023/texmf-dist/tex/latex/l3backend/l3backend-pdftex.def)
(/diff_test_tex_engines/docker_bin_2/version_compiled_pdf/2306.01515/2306.01515
_tl2023.aux)
(/usr/local/texlive/2023/texmf-dist/tex/context/base/mkii/supp-pdf.mkii
[Loading MPS to PDF converter (version 2006.09.02).]
) (/usr/local/texlive/2023/texmf-dist/tex/latex/epstopdf-pkg/epstopdf-base.sty
(/usr/local/texlive/2023/texmf-dist/tex/latex/latexconfig/epstopdf-sys.cfg))
(/usr/local/texlive/2023/texmf-dist/tex/latex/translations/translations-basic-d
ictionary-english.trsl)
(/usr/local/texlive/2023/texmf-dist/tex/latex/amsfonts/umsa.fd)
(/usr/local/texlive/2023/texmf-dist/tex/latex/amsfonts/umsb.fd)
Underfull \hbox (badness 1048) in paragraph at lines 37--37
[][][]\OT1/cmr/m/n/10 Present address: Tissue Biology and Disease Modelling Uni
t, European Molecular Biology
[1{/usr/local/texlive/2023/texmf-var/fonts/map/pdftex/updmap/pdftex.map}]

LaTeX Warning: Citation `marchetti2013' on page 2 undefined on input line 57.


LaTeX Warning: Citation `doostmohammadi2018' on page 2 undefined on input line 
57.


LaTeX Warning: Citation `decamp2015' on page 2 undefined on input line 57.


LaTeX Warning: Citation `lemma2021' on page 2 undefined on input line 57.


LaTeX Warning: Citation `li2017' on page 2 undefined on input line 57.


LaTeX Warning: Citation `yu2018' on page 2 undefined on input line 57.


LaTeX Warning: Citation `lehtimaki2021' on page 2 undefined on input line 57.


LaTeX Warning: Citation `tee2015' on page 2 undefined on input line 57.


LaTeX Warning: Citation `tojkander2015' on page 2 undefined on input line 57.


LaTeX Warning: Citation `wirshing2017' on page 2 undefined on input line 57.


LaTeX Warning: Citation `yolland2019' on page 2 undefined on input line 57.


LaTeX Warning: Citation `jalal2019' on page 2 undefined on input line 57.


LaTeX Warning: Citation `weirich2017' on page 2 undefined on input line 57.


LaTeX Warning: Citation `weirich2019' on page 2 undefined on input line 57.


LaTeX Warning: Citation `wioland2013' on page 2 undefined on input line 57.


LaTeX Warning: Citation `duclos2017' on page 2 undefined on input line 57.


LaTeX Warning: Citation `guillamat2020' on page 2 undefined on input line 57.


LaTeX Warning: Citation `doxzen2013' on page 2 undefined on input line 57.


LaTeX Warning: Citation `callan2013' on page 2 undefined on input line 57.


LaTeX Warning: Citation `Ruprecht:2015aa' on page 2 undefined on input line 57.



LaTeX Warning: Citation `hannezo2015' on page 2 undefined on input line 57.


LaTeX Warning: Citation `opathalage2019' on page 2 undefined on input line 57.


LaTeX Warning: Citation `gao2017' on page 2 undefined on input line 57.


LaTeX Warning: Citation `lehtimaki2021' on page 2 undefined on input line 57.


LaTeX Warning: Citation `tee2015' on page 2 undefined on input line 57.


LaTeX Warning: Citation `tojkander2015' on page 2 undefined on input line 57.


LaTeX Warning: Citation `wirshing2017' on page 2 undefined on input line 57.


LaTeX Warning: Citation `yolland2019' on page 2 undefined on input line 57.


LaTeX Warning: Citation `jalal2019' on page 2 undefined on input line 57.


LaTeX Warning: Citation `xia2019' on page 2 undefined on input line 57.


LaTeX Warning: Citation `weirich2017' on page 2 undefined on input line 57.


LaTeX Warning: Citation `weirich2019' on page 2 undefined on input line 57.


LaTeX Warning: Citation `mirza2022' on page 2 undefined on input line 57.


LaTeX Warning: Citation `bechinger2016' on page 2 undefined on input line 59.


LaTeX Warning: Citation `patelli2019' on page 2 undefined on input line 59.


LaTeX Warning: Citation `alaimo2017' on page 2 undefined on input line 59.


LaTeX Warning: Citation `ehrig2017' on page 2 undefined on input line 59.


LaTeX Warning: Citation `keber2014' on page 2 undefined on input line 59.


LaTeX Warning: Citation `khoromskaia2017' on page 2 undefined on input line 59.



LaTeX Warning: Citation `ellis2018' on page 2 undefined on input line 59.


LaTeX Warning: Citation `mandato2001' on page 2 undefined on input line 59.


LaTeX Warning: Citation `anne2016' on page 2 undefined on input line 59.


LaTeX Warning: Citation `Ruprecht:2015aa' on page 2 undefined on input line 59.



LaTeX Warning: Citation `duclos2017' on page 2 undefined on input line 59.


LaTeX Warning: Citation `vcopar2019' on page 2 undefined on input line 59.


LaTeX Warning: Citation `zhang2020' on page 2 undefined on input line 59.


LaTeX Warning: Citation `napoli2020' on page 2 undefined on input line 59.


LaTeX Warning: Citation `pearce2020' on page 2 undefined on input line 59.


LaTeX Warning: Citation `nestler2018' on page 2 undefined on input line 59.


LaTeX Warning: Citation `hemingway2016' on page 2 undefined on input line 59.


LaTeX Warning: Citation `julicher2018' on page 2 undefined on input line 59.


LaTeX Warning: Citation `metselaar2019' on page 2 undefined on input line 59.


LaTeX Warning: Citation `simha2002' on page 2 undefined on input line 59.


LaTeX Warning: Citation `hatwalne2004' on page 2 undefined on input line 59.


LaTeX Warning: Citation `julicher2018' on page 2 undefined on input line 59.


LaTeX Warning: Citation `salbreux2022' on page 2 undefined on input line 59.


LaTeX Warning: Citation `patelli2019' on page 2 undefined on input line 59.


LaTeX Warning: Citation `baskaran2008' on page 2 undefined on input line 59.


LaTeX Warning: Citation `bertin2013' on page 2 undefined on input line 59.


LaTeX Warning: Citation `peshkov2012' on page 2 undefined on input line 59.


LaTeX Warning: Citation `marenduzzo2007' on page 2 undefined on input line 59.


LaTeX Warning: Citation `cates2009' on page 2 undefined on input line 59.


LaTeX Warning: Citation `desplat2001' on page 2 undefined on input line 59.


LaTeX Warning: Citation `goudiaby2021' on page 2 undefined on input line 59.


LaTeX Warning: Citation `becker2008' on page 2 undefined on input line 59.


LaTeX Warning: Citation `norton2018' on page 2 undefined on input line 59.


LaTeX Warning: Citation `mirza2022' on page 2 undefined on input line 62.


LaTeX Warning: Citation `benink2000' on page 2 undefined on input line 62.


LaTeX Warning: Citation `mandato2001' on page 2 undefined on input line 62.


LaTeX Warning: Citation `duclos2014' on page 2 undefined on input line 62.

[2]

LaTeX Warning: Reference `sec_0' on page 3 undefined on input line 65.


LaTeX Warning: Reference `sec_1' on page 3 undefined on input line 65.


LaTeX Warning: Reference `sec:Onsager' on page 3 undefined on input line 65.


LaTeX Warning: Reference `sec_2_bis' on page 3 undefined on input line 65.


LaTeX Warning: Reference `sec_3' on page 3 undefined on input line 65.


LaTeX Warning: Reference `sec_4' on page 3 undefined on input line 65.


LaTeX Warning: Reference `sec_5' on page 3 undefined on input line 65.


LaTeX Warning: Reference `summary' on page 3 undefined on input line 65.


LaTeX Warning: Citation `de2013non' on page 3 undefined on input line 71.


LaTeX Warning: Citation `kondepudi2014modern' on page 3 undefined on input line
 71.


LaTeX Warning: Citation `Prost:2015aa' on page 3 undefined on input line 71.


LaTeX Warning: Citation `julicher2018' on page 3 undefined on input line 71.


LaTeX Warning: Citation `Onsager1931' on page 3 undefined on input line 71.


LaTeX Warning: Citation `PhysRev.38.2265' on page 3 undefined on input line 71.



LaTeX Warning: Citation `Coleman:1963aa' on page 3 undefined on input line 71.


LaTeX Warning: Citation `Coleman_Gurtin' on page 3 undefined on input line 71.


LaTeX Warning: Citation `ZIEGLER1987183' on page 3 undefined on input line 71.


LaTeX Warning: Citation `Maugin' on page 3 undefined on input line 71.

[3]

LaTeX Warning: Citation `rayleigh1873' on page 4 undefined on input line 73.


LaTeX Warning: Citation `Onsager1931' on page 4 undefined on input line 73.


LaTeX Warning: Citation `PhysRev.38.2265' on page 4 undefined on input line 73.



LaTeX Warning: Citation `PhysRev.91.1505' on page 4 undefined on input line 73.



LaTeX Warning: Citation `peletier2014variational' on page 4 undefined on input 
line 73.


LaTeX Warning: Citation `D0SM02076A' on page 4 undefined on input line 73.


LaTeX Warning: Citation `Gyarmati' on page 4 undefined on input line 73.


LaTeX Warning: Citation `ZIEGLER1987183' on page 4 undefined on input line 73.


LaTeX Warning: Citation `BIOT19841' on page 4 undefined on input line 73.


LaTeX Warning: Citation `PhysRev.97.1463' on page 4 undefined on input line 73.



LaTeX Warning: Citation `EDELEN1972481' on page 4 undefined on input line 73.


LaTeX Warning: Citation `ZIEGLER1987183' on page 4 undefined on input line 73.


LaTeX Warning: Citation `Maugin' on page 4 undefined on input line 73.


LaTeX Warning: Citation `ORTIZ1999397' on page 4 undefined on input line 73.


LaTeX Warning: Citation `Mielke:2003aa' on page 4 undefined on input line 73.


LaTeX Warning: Citation `mielke2016generalization' on page 4 undefined on input
 line 73.


LaTeX Warning: Citation `peletier2014variational' on page 4 undefined on input 
line 73.


LaTeX Warning: Citation `mielke2016generalization' on page 4 undefined on input
 line 73.


LaTeX Warning: Citation `ORTIZ1999397' on page 4 undefined on input line 73.


LaTeX Warning: Citation `MIEHE20022123' on page 4 undefined on input line 73.


LaTeX Warning: Citation `Mielke:2003aa' on page 4 undefined on input line 73.


Underfull \hbox (badness 1681) in paragraph at lines 73--74
[]\OT1/cmr/m/n/12 Complementary to the conventional approach and with a paralle
l history,

LaTeX Warning: Citation `doi2011' on page 4 undefined on input line 78.


LaTeX Warning: Citation `arroyo2009' on page 4 undefined on input line 78.


LaTeX Warning: Citation `arroyo2018' on page 4 undefined on input line 78.


LaTeX Warning: Citation `kaurin-bal' on page 4 undefined on input line 78.


LaTeX Warning: Citation `Tozzi_2019' on page 4 undefined on input line 78.


LaTeX Warning: Citation `10.1122/8.0000475' on page 4 undefined on input line 7
8.


LaTeX Warning: Citation `EDELEN1972481' on page 4 undefined on input line 80.


LaTeX Warning: Citation `Otto2001' on page 4 undefined on input line 82.


LaTeX Warning: Citation `peletier2014variational' on page 4 undefined on input 
line 82.

[4]

LaTeX Warning: Reference `general_process' on page 5 undefined on input line 87
.


LaTeX Warning: Reference `general_process' on page 5 undefined on input line 10
5.


LaTeX Warning: Citation `EDELEN1972481' on page 5 undefined on input line 112.


LaTeX Warning: Reference `weakgen' on page 5 undefined on input line 114.

[5]

LaTeX Warning: Citation `EDELEN1972481' on page 6 undefined on input line 131.


LaTeX Warning: Citation `mielke2016generalization' on page 6 undefined on input
 line 131.


LaTeX Warning: Reference `lya' on page 6 undefined on input line 131.


LaTeX Warning: Reference `entropy_prod' on page 6 undefined on input line 131.


LaTeX Warning: Citation `torres2019' on page 6 undefined on input line 142.


LaTeX Warning: Citation `Noselli:2019aa' on page 6 undefined on input line 142.



LaTeX Warning: Citation `D0SM02076A' on page 6 undefined on input line 142.


LaTeX Warning: Citation `Prost:2015aa' on page 6 undefined on input line 143.


LaTeX Warning: Citation `turlier2014' on page 6 undefined on input line 143.


LaTeX Warning: Citation `Tozzi_2019' on page 6 undefined on input line 143.


LaTeX Warning: Citation `Tozzi_2019' on page 6 undefined on input line 143.


LaTeX Warning: Citation `kaurin-bal' on page 6 undefined on input line 143.


LaTeX Warning: Citation `PhysRevLett.127.110601' on page 6 undefined on input l
ine 143.


LaTeX Warning: Citation `sens-PNAS' on page 6 undefined on input line 143.


LaTeX Warning: Citation `mielke2016generalization' on page 6 undefined on input
 line 143.


LaTeX Warning: Citation `arroyo2009' on page 6 undefined on input line 144.


LaTeX Warning: Citation `MIEHE20022123' on page 6 undefined on input line 145.


LaTeX Warning: Citation `ORTIZ1999397' on page 6 undefined on input line 145.


LaTeX Warning: Citation `torres2019' on page 6 undefined on input line 145.

[6]

LaTeX Warning: Reference `Ons_summ' on page 7 undefined on input line 160.

[7]

LaTeX Warning: Citation `de1993' on page 8 undefined on input line 184.


LaTeX Warning: Citation `marsden1994' on page 8 undefined on input line 193.


LaTeX Warning: Reference `Ons_summ' on page 8 undefined on input line 195.


LaTeX Warning: Reference `eq:Jaumann' on page 8 undefined on input line 195.


LaTeX Warning: Citation `Alexander' on page 8 undefined on input line 200.


LaTeX Warning: Citation `kaurin-bal' on page 8 undefined on input line 200.


LaTeX Warning: Reference `eq:nematic_tensor' on page 8 undefined on input line 
206.


LaTeX Warning: Reference `eq:nematic_tensor' on page 8 undefined on input line 
206.


LaTeX Warning: Reference `fig0' on page 8 undefined on input line 215.


LaTeX Warning: Reference `Ons_summ' on page 8 undefined on input line 219.

[8]

LaTeX Warning: Reference `eq:Jaumann' on page 9 undefined on input line 226.


LaTeX Warning: Reference `eq:free_energy' on page 9 undefined on input line 233
.

[9 <./fig0.pdf>]

LaTeX Warning: Reference `eq:Jaumann' on page 10 undefined on input line 250.


LaTeX Warning: Reference `aux1' on page 10 undefined on input line 254.


LaTeX Warning: Reference `zeta' on page 10 undefined on input line 254.


LaTeX Warning: Reference `eq:dotf' on page 10 undefined on input line 258.


LaTeX Warning: Reference `eq:dotfUUUU' on page 10 undefined on input line 264.


LaTeX Warning: Reference `f_frame_indiff' on page 10 undefined on input line 26
9.


LaTeX Warning: Reference `eq:dotfUUUU' on page 10 undefined on input line 269.

[10]

LaTeX Warning: Reference `eq:change_of_free_energy' on page 11 undefined on inp
ut line 274.


LaTeX Warning: Citation `mirza2023' on page 11 undefined on input line 278.


LaTeX Warning: Citation `waleed_thesis' on page 11 undefined on input line 278.



LaTeX Warning: Reference `f_frame_indiff' on page 11 undefined on input line 28
0.


LaTeX Warning: Reference `f_frame_indiff_2' on page 11 undefined on input line 
291.


LaTeX Warning: Reference `f_frame_indiff_3' on page 11 undefined on input line 
291.

[11]

LaTeX Warning: Reference `eq:balance_q' on page 12 undefined on input line 334.



LaTeX Warning: Reference `eq:balance_q_bd' on page 12 undefined on input line 3
34.

[12]

LaTeX Warning: Citation `cosserat1896theorie' on page 13 undefined on input lin
e 363.


LaTeX Warning: Reference `sigma_a' on page 13 undefined on input line 363.


LaTeX Warning: Reference `eq:balance_angular_momentum' on page 13 undefined on 
input line 363.


LaTeX Warning: Reference `eq:balance_q_bd' on page 13 undefined on input line 3
63.


LaTeX Warning: Reference `eq:moment' on page 13 undefined on input line 363.


LaTeX Warning: Reference `eq:balance_mass' on page 13 undefined on input line 3
79.


LaTeX Warning: Reference `eq:rate-of-deformation' on page 13 undefined on input
 line 379.


LaTeX Warning: Reference `eq:spin' on page 13 undefined on input line 379.


LaTeX Warning: Reference `sigma_a' on page 13 undefined on input line 381.


LaTeX Warning: Reference `eq:moment' on page 13 undefined on input line 381.


LaTeX Warning: Reference `f_frame_indiff_2' on page 13 undefined on input line 
389.


LaTeX Warning: Reference `f_frame_indiff_3' on page 13 undefined on input line 
389.


LaTeX Warning: Reference `nem_field' on page 13 undefined on input line 389.


LaTeX Warning: Reference `eq::explicit_antisymmetric_stress' on page 13 undefin
ed on input line 389.


LaTeX Warning: Reference `eq:sym_stress' on page 13 undefined on input line 389
.

[13]

LaTeX Warning: Reference `inequality' on page 14 undefined on input line 417.


LaTeX Warning: Citation `salbreux2009' on page 14 undefined on input line 417.


Underfull \hbox (badness 3590) in paragraph at lines 425--426
[]\OT1/cmr/m/n/12 The constraint integral must include an additional term accou
nting for

LaTeX Warning: Reference `eq:balance_q' on page 14 undefined on input line 432.


[14]

LaTeX Warning: Reference `eq:constraint_' on page 15 undefined on input line 44
7.


LaTeX Warning: Citation `de1993' on page 15 undefined on input line 453.


LaTeX Warning: Reference `bal_gen_force' on page 15 undefined on input line 453
.


LaTeX Warning: Reference `stress_stand' on page 15 undefined on input line 453.



LaTeX Warning: Reference `2nd_law' on page 15 undefined on input line 458.


LaTeX Warning: Reference `bal_gen_force' on page 15 undefined on input line 458
.


LaTeX Warning: Reference `bal_lin_mom' on page 15 undefined on input line 458.


LaTeX Warning: Reference `stress_stand_2' on page 15 undefined on input line 45
8.


LaTeX Warning: Citation `julicher2018' on page 15 undefined on input line 458.


LaTeX Warning: Citation `salbreux2009' on page 15 undefined on input line 458.


LaTeX Warning: Reference `stress_stand' on page 15 undefined on input line 460.



LaTeX Warning: Reference `stress_stand_2' on page 15 undefined on input line 46
0.


LaTeX Warning: Reference `stress_stand_2' on page 15 undefined on input line 46
0.


LaTeX Warning: Reference `stress_stand_2' on page 15 undefined on input line 46
0.


LaTeX Warning: Reference `sec_2' on page 15 undefined on input line 465.


LaTeX Warning: Reference `diss_inc' on page 15 undefined on input line 474.


LaTeX Warning: Citation `salbreux2009' on page 15 undefined on input line 475.

[15]

LaTeX Warning: Reference `eq:diss_density_example' on page 16 undefined on inpu
t line 480.


LaTeX Warning: Reference `inequality' on page 16 undefined on input line 485.


LaTeX Warning: Reference `diss_ineq' on page 16 undefined on input line 485.


LaTeX Warning: Reference `eq:landau' on page 16 undefined on input line 494.


LaTeX Warning: Reference `eq:landau' on page 16 undefined on input line 497.


LaTeX Warning: Reference `eq:diss_density_example' on page 16 undefined on inpu
t line 497.


LaTeX Warning: Reference `eq:pow_density_example' on page 16 undefined on input
 line 497.


LaTeX Warning: Reference `sec:Onsager' on page 16 undefined on input line 497.

[16]

LaTeX Warning: Reference `eq:balance_mass' on page 17 undefined on input line 5
16.


LaTeX Warning: Citation `Onsager_shape' on page 17 undefined on input line 521.



LaTeX Warning: Citation `de1993' on page 17 undefined on input line 521.


LaTeX Warning: Citation `D0SM01733G' on page 17 undefined on input line 521.


LaTeX Warning: Reference `ex2' on page 17 undefined on input line 521.


LaTeX Warning: Reference `ex1' on page 17 undefined on input line 521.


LaTeX Warning: Citation `mirza2022' on page 17 undefined on input line 521.


LaTeX Warning: Reference `first_govern' on page 17 undefined on input line 521.



LaTeX Warning: Reference `first_govern' on page 17 undefined on input line 529.



LaTeX Warning: Reference `last_govern' on page 17 undefined on input line 529.


LaTeX Warning: Reference `eq:Rayleighian' on page 17 undefined on input line 53
3.


LaTeX Warning: Reference `eq:Lagrangian' on page 17 undefined on input line 533
.


LaTeX Warning: Reference `eq:change_of_free_energy' on page 17 undefined on inp
ut line 533.


LaTeX Warning: Reference `eq:balance_mass' on page 17 undefined on input line 5
33.

[17]

LaTeX Warning: Reference `eq:Jaumann' on page 18 undefined on input line 538.


LaTeX Warning: Reference `eq:weak_v_disc' on page 18 undefined on input line 57
0.


LaTeX Warning: Reference `eq:weak_v' on page 18 undefined on input line 570.


LaTeX Warning: Reference `equivalence' on page 18 undefined on input line 570.


LaTeX Warning: Reference `eq:balance_mass' on page 18 undefined on input line 5
72.


LaTeX Warning: Reference `eq:weak_v_disc' on page 18 undefined on input line 58
1.

[18]

LaTeX Warning: Reference `eq:weak_q_disc' on page 19 undefined on input line 60
3.


LaTeX Warning: Reference `eq:weak_q_disc' on page 19 undefined on input line 61
3.


LaTeX Warning: Reference `eq:weak_v_disc' on page 19 undefined on input line 61
3.


LaTeX Warning: Reference `eq:weak_mass' on page 19 undefined on input line 613.



LaTeX Warning: Reference `eq:weak_mass' on page 19 undefined on input line 613.



LaTeX Warning: Citation `donea2003' on page 19 undefined on input line 613.


LaTeX Warning: Reference `eq:weak_q_disc' on page 19 undefined on input line 62
0.


LaTeX Warning: Reference `eq:weak_mass' on page 19 undefined on input line 620.



LaTeX Warning: Reference `appendix_grid' on page 19 undefined on input line 621
.

[19]

LaTeX Warning: Citation `benink2000' on page 20 undefined on input line 628.


LaTeX Warning: Citation `mandato2001' on page 20 undefined on input line 628.


LaTeX Warning: Citation `Alice2008' on page 20 undefined on input line 628.


LaTeX Warning: Reference `sec_3' on page 20 undefined on input line 637.


LaTeX Warning: Reference `sec_1_chap_3_fig_1' on page 20 undefined on input lin
e 637.


LaTeX Warning: Reference `eq:over_activity_1' on page 20 undefined on input lin
e 642.


LaTeX Warning: Reference `modal_parameters_cell_healing' on page 20 undefined o
n input line 644.


LaTeX Warning: Citation `antiga2008' on page 20 undefined on input line 644.


LaTeX Warning: Citation `schroeder2003' on page 20 undefined on input line 644.


[20] [21 <./fig1.pdf>]

LaTeX Warning: Reference `sec_1_chap_3_fig_1' on page 22 undefined on input lin
e 654.


LaTeX Warning: Reference `sec_1_chap_3_fig_1' on page 22 undefined on input lin
e 654.


LaTeX Warning: Reference `eq:over_activity_1' on page 22 undefined on input lin
e 654.


LaTeX Warning: Reference `sec_1_chap_3_fig_1' on page 22 undefined on input lin
e 654.


LaTeX Warning: Reference `sec_1_chap_3_fig_1' on page 22 undefined on input lin
e 654.

[22 <./fig2.pdf>]

LaTeX Warning: Reference `sec_1_chap_3_fig_2' on page 23 undefined on input lin
e 657.


LaTeX Warning: Citation `duclos2014' on page 23 undefined on input line 663.


LaTeX Warning: Citation `guillamat2020' on page 23 undefined on input line 663.



LaTeX Warning: Citation `elsdale1968' on page 23 undefined on input line 663.


LaTeX Warning: Citation `guillamat2020' on page 23 undefined on input line 663.



LaTeX Warning: Citation `jubin2009' on page 23 undefined on input line 664.


LaTeX Warning: Citation `duclos2014' on page 23 undefined on input line 667.


LaTeX Warning: Citation `norton2018' on page 23 undefined on input line 667.

[23]

LaTeX Warning: Reference `modal_parameters_cell_colony' on page 24 undefined on
 input line 675.


LaTeX Warning: Reference `sec_1_chap_3_fig_3' on page 24 undefined on input lin
e 675.

[24 <./fig3-eps-converted-to.pdf>]

LaTeX Warning: Citation `hardouin2019' on page 25 undefined on input line 677.


LaTeX Warning: Citation `giomi2014' on page 25 undefined on input line 677.


LaTeX Warning: Reference `sec_1_chap_3_fig_3' on page 25 undefined on input lin
e 677.


LaTeX Warning: Reference `sec_1_chap_3_fig_3' on page 25 undefined on input lin
e 677.


LaTeX Warning: Reference `sec_1_chap_3_fig_3' on page 25 undefined on input lin
e 677.


LaTeX Warning: Citation `thijssen2020' on page 25 undefined on input line 677.


LaTeX Warning: Citation `vafa2020' on page 25 undefined on input line 677.


LaTeX Warning: Reference `sec_1_chap_3_fig_3.5' on page 25 undefined on input l
ine 680.


LaTeX Warning: Reference `sec_1_chap_3_fig_3.5' on page 25 undefined on input l
ine 680.


LaTeX Warning: Citation `doostmohammadi2018' on page 25 undefined on input line
 680.


LaTeX Warning: Citation `ronning2022' on page 25 undefined on input line 680.


LaTeX Warning: Reference `jaumann_detivative_def' on page 25 undefined on input
 line 680.


LaTeX Warning: Reference `sec_1_chap_3_fig_3.5' on page 25 undefined on input l
ine 689.


LaTeX Warning: Reference `sec_1_chap_3_fig_3.5' on page 25 undefined on input l
ine 689.


LaTeX Warning: Citation `chandrakar2020' on page 25 undefined on input line 690
.


LaTeX Warning: Citation `ramaswamy2007' on page 25 undefined on input line 691.



LaTeX Warning: Citation `ramaswamy2010' on page 25 undefined on input line 691.



LaTeX Warning: Reference `sec_1_chap_3_fig_3.5' on page 25 undefined on input l
ine 691.


LaTeX Warning: Reference `sec_1_chap_3_fig_3.5' on page 25 undefined on input l
ine 691.

[25]

LaTeX Warning: Text page 26 contains only floats.

[26 <./fig4-eps-converted-to.pdf>]

LaTeX Warning: Citation `mirza2022' on page 27 undefined on input line 697.


LaTeX Warning: Citation `mirza2023' on page 27 undefined on input line 697.


LaTeX Warning: Citation `mayer2010' on page 27 undefined on input line 697.


LaTeX Warning: Citation `maroudas2021' on page 27 undefined on input line 697.


Underfull \hbox (badness 1412) in paragraph at lines 697--698
\OT1/cmr/m/n/12 discussed how it naturally provides a simple and direct procedu
re to develop
[27]

LaTeX Warning: Citation `doi:10.1080/00029890.1991.11995702' on page 28 undefin
ed on input line 797.


LaTeX Warning: Reference `sec_2' on page 28 undefined on input line 807.


LaTeX Warning: Reference `sec_4' on page 28 undefined on input line 807.


LaTeX Warning: Reference `eq:weak_v' on page 28 undefined on input line 807.


LaTeX Warning: Reference `eq:weak_v_disc' on page 28 undefined on input line 80
7.

[28]

LaTeX Warning: Reference `eq:balance_q' on page 29 undefined on input line 822.


[29]

LaTeX Warning: Reference `eq:balance_q_bd' on page 30 undefined on input line 8
34.


LaTeX Warning: Reference `f_frame_indiff_2' on page 30 undefined on input line 
845.


Overfull \hbox (30.31323pt too wide) in alignment at lines 859--863
 [] [] [] [] 
[30]

LaTeX Warning: Reference `eq:balance_angular_momentum' on page 31 undefined on 
input line 864.


LaTeX Warning: Reference `eq:weak_v_app' on page 31 undefined on input line 864
.


LaTeX Warning: Reference `sec_1_chap_3_fig_3' on page 31 undefined on input lin
e 870.


LaTeX Warning: Reference `grid' on page 31 undefined on input line 874.


LaTeX Warning: Reference `grid' on page 31 undefined on input line 881.


LaTeX Warning: Reference `sec_1_chap_3_fig_1' on page 31 undefined on input lin
e 894.


LaTeX Warning: Reference `sec_1_chap_3_fig_2' on page 31 undefined on input lin
e 894.

[31]

LaTeX Warning: Reference `sec_1_chap_3_fig_3' on page 32 undefined on input lin
e 921.


LaTeX Warning: Reference `sec_1_chap_3_fig_3.5' on page 32 undefined on input l
ine 921.

[32{/usr/local/texlive/2023/texmf-dist/fonts/enc/dvips/cm-super/cm-super-ts1.en
c} <./append.pdf>] [33] [34]
Underfull \hbox (badness 1117) in paragraph at lines 1213--1215
[]\OT1/cmr/m/n/10 Maugin G A 1999 \OT1/cmr/m/it/10 The Thermomechanics of Nonli
near Irreversible Behaviors \OT1/cmr/m/n/10 (WORLD
[35] [36] [37]
(/diff_test_tex_engines/docker_bin_2/version_compiled_pdf/2306.01515/2306.01515
_tl2023.aux)

LaTeX Warning: There were undefined references.


LaTeX Warning: Label(s) may have changed. Rerun to get cross-references right.


Package rerunfilecheck Warning: File `2306.01515_tl2023.out' has changed.
(rerunfilecheck)                Rerun to get outlines right
(rerunfilecheck)                or use package `bookmark'.

 )
(see the transcript file for additional information)</usr/local/texlive/2023/te
xmf-dist/fonts/type1/public/amsfonts/cm/cmbx10.pfb></usr/local/texlive/2023/tex
mf-dist/fonts/type1/public/amsfonts/cm/cmbx12.pfb></usr/local/texlive/2023/texm
f-dist/fonts/type1/public/amsfonts/cm/cmbx6.pfb></usr/local/texlive/2023/texmf-
dist/fonts/type1/public/amsfonts/cm/cmbx8.pfb></usr/local/texlive/2023/texmf-di
st/fonts/type1/public/amsfonts/cm/cmex10.pfb></usr/local/texlive/2023/texmf-dis
t/fonts/type1/public/amsfonts/cmextra/cmex7.pfb></usr/local/texlive/2023/texmf-
dist/fonts/type1/public/amsfonts/cmextra/cmex8.pfb></usr/local/texlive/2023/tex
mf-dist/fonts/type1/public/amsfonts/cm/cmmi12.pfb></usr/local/texlive/2023/texm
f-dist/fonts/type1/public/amsfonts/cm/cmmi6.pfb></usr/local/texlive/2023/texmf-
dist/fonts/type1/public/amsfonts/cm/cmmi8.pfb></usr/local/texlive/2023/texmf-di
st/fonts/type1/public/amsfonts/cm/cmmib10.pfb></usr/local/texlive/2023/texmf-di
st/fonts/type1/public/amsfonts/cmextra/cmmib6.pfb></usr/local/texlive/2023/texm
f-dist/fonts/type1/public/amsfonts/cmextra/cmmib8.pfb></usr/local/texlive/2023/
texmf-dist/fonts/type1/public/amsfonts/cm/cmr10.pfb></usr/local/texlive/2023/te
xmf-dist/fonts/type1/public/amsfonts/cm/cmr12.pfb></usr/local/texlive/2023/texm
f-dist/fonts/type1/public/amsfonts/cm/cmr6.pfb></usr/local/texlive/2023/texmf-d
ist/fonts/type1/public/amsfonts/cm/cmr7.pfb></usr/local/texlive/2023/texmf-dist
/fonts/type1/public/amsfonts/cm/cmr8.pfb></usr/local/texlive/2023/texmf-dist/fo
nts/type1/public/amsfonts/cm/cmsy10.pfb></usr/local/texlive/2023/texmf-dist/fon
ts/type1/public/amsfonts/cm/cmsy6.pfb></usr/local/texlive/2023/texmf-dist/fonts
/type1/public/amsfonts/cm/cmsy8.pfb></usr/local/texlive/2023/texmf-dist/fonts/t
ype1/public/amsfonts/cm/cmti10.pfb></usr/local/texlive/2023/texmf-dist/fonts/ty
pe1/public/amsfonts/cm/cmti12.pfb></usr/local/texlive/2023/texmf-dist/fonts/typ
e1/public/amsfonts/cm/cmtt10.pfb></usr/local/texlive/2023/texmf-dist/fonts/type
1/public/amsfonts/symbols/msbm10.pfb></usr/local/texlive/2023/texmf-dist/fonts/
type1/public/cm-super/sfrm0800.pfb>
Output written on /diff_test_tex_engines/docker_bin_2/version_compiled_pdf/2306
.01515/2306.01515_tl2023.pdf (37 pages, 10895898 bytes).
Transcript written on /diff_test_tex_engines/docker_bin_2/version_compiled_pdf/
2306.01515/2306.01515_tl2023.log.
Latexmk: Getting log file '/diff_test_tex_engines/docker_bin_2/version_compiled_pdf/2306.01515/2306.01515_tl2023.log'
Latexmk: Examining '/diff_test_tex_engines/docker_bin_2/version_compiled_pdf/2306.01515/2306.01515_tl2023.fls'
Latexmk: Examining '/diff_test_tex_engines/docker_bin_2/version_compiled_pdf/2306.01515/2306.01515_tl2023.log'
Latexmk: References changed.
Latexmk: References changed.
Latexmk: Log file says output to '/diff_test_tex_engines/docker_bin_2/version_compiled_pdf/2306.01515/2306.01515_tl2023.pdf'
Latexmk: applying rule 'pdflatex'...
Rule 'pdflatex':  Reasons for rerun
Changed files or newly in use/created:
  /diff_test_tex_engines/docker_bin_2/version_compiled_pdf/2306.01515/2306.01515_tl2023.aux
  /diff_test_tex_engines/docker_bin_2/version_compiled_pdf/2306.01515/2306.01515_tl2023.out

------------
Run number 2 of rule 'pdflatex'
------------
------------
Running 'pdflatex  -interaction=nonstopmode -recorder --jobname="2306.01515_tl2023" -output-directory="/diff_test_tex_engines/docker_bin_2/version_compiled_pdf/2306.01515"  "main_v9.tex"'
------------
This is pdfTeX, Version 3.141592653-2.6-1.40.25 (TeX Live 2023) (preloaded format=pdflatex)
 restricted \write18 enabled.
entering extended mode
(./main_v9.tex
LaTeX2e <2023-11-01> patch level 1
L3 programming layer <2024-02-20>
(./iopart.cls
Document Class: iopart 1996/06/10 v0.0 IOP Journals LaTeX article class
(./iopart12.clo))
(/usr/local/texlive/2023/texmf-dist/tex/latex/graphics/graphicx.sty
(/usr/local/texlive/2023/texmf-dist/tex/latex/graphics/keyval.sty)
(/usr/local/texlive/2023/texmf-dist/tex/latex/graphics/graphics.sty
(/usr/local/texlive/2023/texmf-dist/tex/latex/graphics/trig.sty)
(/usr/local/texlive/2023/texmf-dist/tex/latex/graphics-cfg/graphics.cfg)
(/usr/local/texlive/2023/texmf-dist/tex/latex/graphics-def/pdftex.def)))
(/usr/local/texlive/2023/texmf-dist/tex/latex/tools/dcolumn.sty
(/usr/local/texlive/2023/texmf-dist/tex/latex/tools/array.sty

LaTeX Warning: Command \@xhline  has changed.
               Check if current package is valid.

)) (/usr/local/texlive/2023/texmf-dist/tex/latex/tools/bm.sty)
(/usr/local/texlive/2023/texmf-dist/tex/latex/svg/svg.sty
(/usr/local/texlive/2023/texmf-dist/tex/generic/iftex/iftex.sty)
(/usr/local/texlive/2023/texmf-dist/tex/latex/koma-script/scrbase.sty
(/usr/local/texlive/2023/texmf-dist/tex/latex/koma-script/scrlfile.sty
(/usr/local/texlive/2023/texmf-dist/tex/latex/koma-script/scrlfile-hook.sty
(/usr/local/texlive/2023/texmf-dist/tex/latex/koma-script/scrlogo.sty))))
(/usr/local/texlive/2023/texmf-dist/tex/generic/pdftexcmds/pdftexcmds.sty
(/usr/local/texlive/2023/texmf-dist/tex/generic/infwarerr/infwarerr.sty)
(/usr/local/texlive/2023/texmf-dist/tex/generic/ltxcmds/ltxcmds.sty))
(/usr/local/texlive/2023/texmf-dist/tex/latex/trimspaces/trimspaces.sty)
(/usr/local/texlive/2023/texmf-dist/tex/latex/tools/shellesc.sty))
(/usr/local/texlive/2023/texmf-dist/tex/latex/xcolor/xcolor.sty
(/usr/local/texlive/2023/texmf-dist/tex/latex/graphics-cfg/color.cfg)
(/usr/local/texlive/2023/texmf-dist/tex/latex/graphics/mathcolor.ltx))
(/usr/local/texlive/2023/texmf-dist/tex/latex/transparent/transparent.sty
(/usr/local/texlive/2023/texmf-dist/tex/latex/transparent/transparent-nometadat
a.sty (/usr/local/texlive/2023/texmf-dist/tex/latex/auxhook/auxhook.sty)))
(/usr/local/texlive/2023/texmf-dist/tex/latex/pgf/systemlayer/pgfsys.sty
(/usr/local/texlive/2023/texmf-dist/tex/latex/pgf/utilities/pgfrcs.sty
(/usr/local/texlive/2023/texmf-dist/tex/generic/pgf/utilities/pgfutil-common.te
x)
(/usr/local/texlive/2023/texmf-dist/tex/generic/pgf/utilities/pgfutil-latex.def
) (/usr/local/texlive/2023/texmf-dist/tex/generic/pgf/utilities/pgfrcs.code.tex
(/usr/local/texlive/2023/texmf-dist/tex/generic/pgf/pgf.revision.tex)))
(/usr/local/texlive/2023/texmf-dist/tex/generic/pgf/systemlayer/pgfsys.code.tex
(/usr/local/texlive/2023/texmf-dist/tex/generic/pgf/utilities/pgfkeys.code.tex
(/usr/local/texlive/2023/texmf-dist/tex/generic/pgf/utilities/pgfkeyslibraryfil
tered.code.tex))
(/usr/local/texlive/2023/texmf-dist/tex/generic/pgf/systemlayer/pgf.cfg)
(/usr/local/texlive/2023/texmf-dist/tex/generic/pgf/systemlayer/pgfsys-pdftex.d
ef
(/usr/local/texlive/2023/texmf-dist/tex/generic/pgf/systemlayer/pgfsys-common-p
df.def)))
(/usr/local/texlive/2023/texmf-dist/tex/generic/pgf/systemlayer/pgfsyssoftpath.
code.tex)
(/usr/local/texlive/2023/texmf-dist/tex/generic/pgf/systemlayer/pgfsysprotocol.
code.tex)) (/usr/local/texlive/2023/texmf-dist/tex/latex/caption/caption.sty
(/usr/local/texlive/2023/texmf-dist/tex/latex/caption/caption3.sty)

Package caption Warning: Unknown document class (or package),
(caption)                standard defaults will be used.
See the caption package documentation for explanation.

) (/usr/local/texlive/2023/texmf-dist/tex/latex/hyperref/hyperref.sty
(/usr/local/texlive/2023/texmf-dist/tex/latex/kvsetkeys/kvsetkeys.sty)
(/usr/local/texlive/2023/texmf-dist/tex/generic/kvdefinekeys/kvdefinekeys.sty)
(/usr/local/texlive/2023/texmf-dist/tex/generic/pdfescape/pdfescape.sty)
(/usr/local/texlive/2023/texmf-dist/tex/latex/hycolor/hycolor.sty)
(/usr/local/texlive/2023/texmf-dist/tex/latex/hyperref/nameref.sty
(/usr/local/texlive/2023/texmf-dist/tex/latex/refcount/refcount.sty)
(/usr/local/texlive/2023/texmf-dist/tex/generic/gettitlestring/gettitlestring.s
ty (/usr/local/texlive/2023/texmf-dist/tex/latex/kvoptions/kvoptions.sty)))
(/usr/local/texlive/2023/texmf-dist/tex/latex/etoolbox/etoolbox.sty)
(/usr/local/texlive/2023/texmf-dist/tex/latex/hyperref/pd1enc.def)
(/usr/local/texlive/2023/texmf-dist/tex/generic/intcalc/intcalc.sty)
(/usr/local/texlive/2023/texmf-dist/tex/latex/hyperref/puenc.def)
(/usr/local/texlive/2023/texmf-dist/tex/latex/url/url.sty)
(/usr/local/texlive/2023/texmf-dist/tex/generic/bitset/bitset.sty
(/usr/local/texlive/2023/texmf-dist/tex/generic/bigintcalc/bigintcalc.sty))
(/usr/local/texlive/2023/texmf-dist/tex/latex/base/atbegshi-ltx.sty))
(/usr/local/texlive/2023/texmf-dist/tex/latex/hyperref/hpdftex.def
(/usr/local/texlive/2023/texmf-dist/tex/latex/base/atveryend-ltx.sty)
(/usr/local/texlive/2023/texmf-dist/tex/latex/rerunfilecheck/rerunfilecheck.sty

(/usr/local/texlive/2023/texmf-dist/tex/generic/uniquecounter/uniquecounter.sty
))) (/usr/local/texlive/2023/texmf-dist/tex/latex/float/float.sty)
(/usr/local/texlive/2023/texmf-dist/tex/latex/siunitx/siunitx.sty
(/usr/local/texlive/2023/texmf-dist/tex/latex/translations/translations.sty)
(/usr/local/texlive/2023/texmf-dist/tex/latex/amsmath/amstext.sty
(/usr/local/texlive/2023/texmf-dist/tex/latex/amsmath/amsgen.sty)))
(./iopams.sty
(/usr/local/texlive/2023/texmf-dist/tex/latex/amsfonts/amsfonts.sty)
(/usr/local/texlive/2023/texmf-dist/tex/latex/amsfonts/amssymb.sty)
(/usr/local/texlive/2023/texmf-dist/tex/latex/amsmath/amsbsy.sty))
(/usr/local/texlive/2023/texmf-dist/tex/latex/l3backend/l3backend-pdftex.def)
(/diff_test_tex_engines/docker_bin_2/version_compiled_pdf/2306.01515/2306.01515
_tl2023.aux)
(/usr/local/texlive/2023/texmf-dist/tex/context/base/mkii/supp-pdf.mkii
[Loading MPS to PDF converter (version 2006.09.02).]
) (/usr/local/texlive/2023/texmf-dist/tex/latex/epstopdf-pkg/epstopdf-base.sty
(/usr/local/texlive/2023/texmf-dist/tex/latex/latexconfig/epstopdf-sys.cfg))
(/diff_test_tex_engines/docker_bin_2/version_compiled_pdf/2306.01515/2306.01515
_tl2023.out)
(/diff_test_tex_engines/docker_bin_2/version_compiled_pdf/2306.01515/2306.01515
_tl2023.out)
(/usr/local/texlive/2023/texmf-dist/tex/latex/translations/translations-basic-d
ictionary-english.trsl)
(/usr/local/texlive/2023/texmf-dist/tex/latex/amsfonts/umsa.fd)
(/usr/local/texlive/2023/texmf-dist/tex/latex/amsfonts/umsb.fd)
Underfull \hbox (badness 1048) in paragraph at lines 37--37
[][][]\OT1/cmr/m/n/10 Present address: Tissue Biology and Disease Modelling Uni
t, European Molecular Biology
[1{/usr/local/texlive/2023/texmf-var/fonts/map/pdftex/updmap/pdftex.map}]
[2]
Underfull \hbox (badness 1888) in paragraph at lines 71--72
\OT1/cmr/m/n/12 fluxes and generalized forces from the statement of energy cons
ervation, and
[3]
Underfull \hbox (badness 1681) in paragraph at lines 73--74
[]\OT1/cmr/m/n/12 Complementary to the conventional approach and with a paralle
l history,
[4] [5] [6] [7] [8] [9 <./fig0.pdf>] [10] [11] [12] [13]
Underfull \hbox (badness 3590) in paragraph at lines 425--426
[]\OT1/cmr/m/n/12 The constraint integral must include an additional term accou
nting for
[14] [15] [16] [17] [18] [19] [20] [21 <./fig1.pdf>] [22 <./fig2.pdf>] [23]
[24 <./fig3-eps-converted-to.pdf>] [25]

LaTeX Warning: Text page 26 contains only floats.

[26 <./fig4-eps-converted-to.pdf>]
Underfull \hbox (badness 1412) in paragraph at lines 697--698
\OT1/cmr/m/n/12 discussed how it naturally provides a simple and direct procedu
re to develop
[27] [28] [29] [30]
Overfull \hbox (30.31323pt too wide) in alignment at lines 859--863
 [] [] [] [] 
[31] [32{/usr/local/texlive/2023/texmf-dist/fonts/enc/dvips/cm-super/cm-super-t
s1.enc} <./append.pdf>] [33] [34]
Underfull \hbox (badness 1117) in paragraph at lines 1213--1215
[]\OT1/cmr/m/n/10 Maugin G A 1999 \OT1/cmr/m/it/10 The Thermomechanics of Nonli
near Irreversible Behaviors \OT1/cmr/m/n/10 (WORLD
[35] [36] [37]
(/diff_test_tex_engines/docker_bin_2/version_compiled_pdf/2306.01515/2306.01515
_tl2023.aux)

LaTeX Warning: Label(s) may have changed. Rerun to get cross-references right.

 )
(see the transcript file for additional information)</usr/local/texlive/2023/te
xmf-dist/fonts/type1/public/amsfonts/cm/cmbx10.pfb></usr/local/texlive/2023/tex
mf-dist/fonts/type1/public/amsfonts/cm/cmbx12.pfb></usr/local/texlive/2023/texm
f-dist/fonts/type1/public/amsfonts/cm/cmbx6.pfb></usr/local/texlive/2023/texmf-
dist/fonts/type1/public/amsfonts/cm/cmbx8.pfb></usr/local/texlive/2023/texmf-di
st/fonts/type1/public/amsfonts/cm/cmex10.pfb></usr/local/texlive/2023/texmf-dis
t/fonts/type1/public/amsfonts/cmextra/cmex7.pfb></usr/local/texlive/2023/texmf-
dist/fonts/type1/public/amsfonts/cmextra/cmex8.pfb></usr/local/texlive/2023/tex
mf-dist/fonts/type1/public/amsfonts/cm/cmmi12.pfb></usr/local/texlive/2023/texm
f-dist/fonts/type1/public/amsfonts/cm/cmmi6.pfb></usr/local/texlive/2023/texmf-
dist/fonts/type1/public/amsfonts/cm/cmmi8.pfb></usr/local/texlive/2023/texmf-di
st/fonts/type1/public/amsfonts/cm/cmmib10.pfb></usr/local/texlive/2023/texmf-di
st/fonts/type1/public/amsfonts/cmextra/cmmib6.pfb></usr/local/texlive/2023/texm
f-dist/fonts/type1/public/amsfonts/cmextra/cmmib8.pfb></usr/local/texlive/2023/
texmf-dist/fonts/type1/public/amsfonts/cm/cmr10.pfb></usr/local/texlive/2023/te
xmf-dist/fonts/type1/public/amsfonts/cm/cmr12.pfb></usr/local/texlive/2023/texm
f-dist/fonts/type1/public/amsfonts/cm/cmr6.pfb></usr/local/texlive/2023/texmf-d
ist/fonts/type1/public/amsfonts/cm/cmr7.pfb></usr/local/texlive/2023/texmf-dist
/fonts/type1/public/amsfonts/cm/cmr8.pfb></usr/local/texlive/2023/texmf-dist/fo
nts/type1/public/amsfonts/cm/cmsy10.pfb></usr/local/texlive/2023/texmf-dist/fon
ts/type1/public/amsfonts/cm/cmsy6.pfb></usr/local/texlive/2023/texmf-dist/fonts
/type1/public/amsfonts/cm/cmsy8.pfb></usr/local/texlive/2023/texmf-dist/fonts/t
ype1/public/amsfonts/cm/cmti10.pfb></usr/local/texlive/2023/texmf-dist/fonts/ty
pe1/public/amsfonts/cm/cmti12.pfb></usr/local/texlive/2023/texmf-dist/fonts/typ
e1/public/amsfonts/cm/cmtt10.pfb></usr/local/texlive/2023/texmf-dist/fonts/type
1/public/amsfonts/symbols/msbm10.pfb></usr/local/texlive/2023/texmf-dist/fonts/
type1/public/cm-super/sfrm0800.pfb>
Output written on /diff_test_tex_engines/docker_bin_2/version_compiled_pdf/2306
.01515/2306.01515_tl2023.pdf (37 pages, 10908602 bytes).
Transcript written on /diff_test_tex_engines/docker_bin_2/version_compiled_pdf/
2306.01515/2306.01515_tl2023.log.
Latexmk: Getting log file '/diff_test_tex_engines/docker_bin_2/version_compiled_pdf/2306.01515/2306.01515_tl2023.log'
Latexmk: Examining '/diff_test_tex_engines/docker_bin_2/version_compiled_pdf/2306.01515/2306.01515_tl2023.fls'
Latexmk: Examining '/diff_test_tex_engines/docker_bin_2/version_compiled_pdf/2306.01515/2306.01515_tl2023.log'
Latexmk: References changed.
Latexmk: Log file says output to '/diff_test_tex_engines/docker_bin_2/version_compiled_pdf/2306.01515/2306.01515_tl2023.pdf'
Latexmk: applying rule 'pdflatex'...
Rule 'pdflatex':  Reasons for rerun
Changed files or newly in use/created:
  /diff_test_tex_engines/docker_bin_2/version_compiled_pdf/2306.01515/2306.01515_tl2023.aux

------------
Run number 3 of rule 'pdflatex'
------------
------------
Running 'pdflatex  -interaction=nonstopmode -recorder --jobname="2306.01515_tl2023" -output-directory="/diff_test_tex_engines/docker_bin_2/version_compiled_pdf/2306.01515"  "main_v9.tex"'
------------
This is pdfTeX, Version 3.141592653-2.6-1.40.25 (TeX Live 2023) (preloaded format=pdflatex)
 restricted \write18 enabled.
entering extended mode
(./main_v9.tex
LaTeX2e <2023-11-01> patch level 1
L3 programming layer <2024-02-20>
(./iopart.cls
Document Class: iopart 1996/06/10 v0.0 IOP Journals LaTeX article class
(./iopart12.clo))
(/usr/local/texlive/2023/texmf-dist/tex/latex/graphics/graphicx.sty
(/usr/local/texlive/2023/texmf-dist/tex/latex/graphics/keyval.sty)
(/usr/local/texlive/2023/texmf-dist/tex/latex/graphics/graphics.sty
(/usr/local/texlive/2023/texmf-dist/tex/latex/graphics/trig.sty)
(/usr/local/texlive/2023/texmf-dist/tex/latex/graphics-cfg/graphics.cfg)
(/usr/local/texlive/2023/texmf-dist/tex/latex/graphics-def/pdftex.def)))
(/usr/local/texlive/2023/texmf-dist/tex/latex/tools/dcolumn.sty
(/usr/local/texlive/2023/texmf-dist/tex/latex/tools/array.sty

LaTeX Warning: Command \@xhline  has changed.
               Check if current package is valid.

)) (/usr/local/texlive/2023/texmf-dist/tex/latex/tools/bm.sty)
(/usr/local/texlive/2023/texmf-dist/tex/latex/svg/svg.sty
(/usr/local/texlive/2023/texmf-dist/tex/generic/iftex/iftex.sty)
(/usr/local/texlive/2023/texmf-dist/tex/latex/koma-script/scrbase.sty
(/usr/local/texlive/2023/texmf-dist/tex/latex/koma-script/scrlfile.sty
(/usr/local/texlive/2023/texmf-dist/tex/latex/koma-script/scrlfile-hook.sty
(/usr/local/texlive/2023/texmf-dist/tex/latex/koma-script/scrlogo.sty))))
(/usr/local/texlive/2023/texmf-dist/tex/generic/pdftexcmds/pdftexcmds.sty
(/usr/local/texlive/2023/texmf-dist/tex/generic/infwarerr/infwarerr.sty)
(/usr/local/texlive/2023/texmf-dist/tex/generic/ltxcmds/ltxcmds.sty))
(/usr/local/texlive/2023/texmf-dist/tex/latex/trimspaces/trimspaces.sty)
(/usr/local/texlive/2023/texmf-dist/tex/latex/tools/shellesc.sty))
(/usr/local/texlive/2023/texmf-dist/tex/latex/xcolor/xcolor.sty
(/usr/local/texlive/2023/texmf-dist/tex/latex/graphics-cfg/color.cfg)
(/usr/local/texlive/2023/texmf-dist/tex/latex/graphics/mathcolor.ltx))
(/usr/local/texlive/2023/texmf-dist/tex/latex/transparent/transparent.sty
(/usr/local/texlive/2023/texmf-dist/tex/latex/transparent/transparent-nometadat
a.sty (/usr/local/texlive/2023/texmf-dist/tex/latex/auxhook/auxhook.sty)))
(/usr/local/texlive/2023/texmf-dist/tex/latex/pgf/systemlayer/pgfsys.sty
(/usr/local/texlive/2023/texmf-dist/tex/latex/pgf/utilities/pgfrcs.sty
(/usr/local/texlive/2023/texmf-dist/tex/generic/pgf/utilities/pgfutil-common.te
x)
(/usr/local/texlive/2023/texmf-dist/tex/generic/pgf/utilities/pgfutil-latex.def
) (/usr/local/texlive/2023/texmf-dist/tex/generic/pgf/utilities/pgfrcs.code.tex
(/usr/local/texlive/2023/texmf-dist/tex/generic/pgf/pgf.revision.tex)))
(/usr/local/texlive/2023/texmf-dist/tex/generic/pgf/systemlayer/pgfsys.code.tex
(/usr/local/texlive/2023/texmf-dist/tex/generic/pgf/utilities/pgfkeys.code.tex
(/usr/local/texlive/2023/texmf-dist/tex/generic/pgf/utilities/pgfkeyslibraryfil
tered.code.tex))
(/usr/local/texlive/2023/texmf-dist/tex/generic/pgf/systemlayer/pgf.cfg)
(/usr/local/texlive/2023/texmf-dist/tex/generic/pgf/systemlayer/pgfsys-pdftex.d
ef
(/usr/local/texlive/2023/texmf-dist/tex/generic/pgf/systemlayer/pgfsys-common-p
df.def)))
(/usr/local/texlive/2023/texmf-dist/tex/generic/pgf/systemlayer/pgfsyssoftpath.
code.tex)
(/usr/local/texlive/2023/texmf-dist/tex/generic/pgf/systemlayer/pgfsysprotocol.
code.tex)) (/usr/local/texlive/2023/texmf-dist/tex/latex/caption/caption.sty
(/usr/local/texlive/2023/texmf-dist/tex/latex/caption/caption3.sty)

Package caption Warning: Unknown document class (or package),
(caption)                standard defaults will be used.
See the caption package documentation for explanation.

) (/usr/local/texlive/2023/texmf-dist/tex/latex/hyperref/hyperref.sty
(/usr/local/texlive/2023/texmf-dist/tex/latex/kvsetkeys/kvsetkeys.sty)
(/usr/local/texlive/2023/texmf-dist/tex/generic/kvdefinekeys/kvdefinekeys.sty)
(/usr/local/texlive/2023/texmf-dist/tex/generic/pdfescape/pdfescape.sty)
(/usr/local/texlive/2023/texmf-dist/tex/latex/hycolor/hycolor.sty)
(/usr/local/texlive/2023/texmf-dist/tex/latex/hyperref/nameref.sty
(/usr/local/texlive/2023/texmf-dist/tex/latex/refcount/refcount.sty)
(/usr/local/texlive/2023/texmf-dist/tex/generic/gettitlestring/gettitlestring.s
ty (/usr/local/texlive/2023/texmf-dist/tex/latex/kvoptions/kvoptions.sty)))
(/usr/local/texlive/2023/texmf-dist/tex/latex/etoolbox/etoolbox.sty)
(/usr/local/texlive/2023/texmf-dist/tex/latex/hyperref/pd1enc.def)
(/usr/local/texlive/2023/texmf-dist/tex/generic/intcalc/intcalc.sty)
(/usr/local/texlive/2023/texmf-dist/tex/latex/hyperref/puenc.def)
(/usr/local/texlive/2023/texmf-dist/tex/latex/url/url.sty)
(/usr/local/texlive/2023/texmf-dist/tex/generic/bitset/bitset.sty
(/usr/local/texlive/2023/texmf-dist/tex/generic/bigintcalc/bigintcalc.sty))
(/usr/local/texlive/2023/texmf-dist/tex/latex/base/atbegshi-ltx.sty))
(/usr/local/texlive/2023/texmf-dist/tex/latex/hyperref/hpdftex.def
(/usr/local/texlive/2023/texmf-dist/tex/latex/base/atveryend-ltx.sty)
(/usr/local/texlive/2023/texmf-dist/tex/latex/rerunfilecheck/rerunfilecheck.sty

(/usr/local/texlive/2023/texmf-dist/tex/generic/uniquecounter/uniquecounter.sty
))) (/usr/local/texlive/2023/texmf-dist/tex/latex/float/float.sty)
(/usr/local/texlive/2023/texmf-dist/tex/latex/siunitx/siunitx.sty
(/usr/local/texlive/2023/texmf-dist/tex/latex/translations/translations.sty)
(/usr/local/texlive/2023/texmf-dist/tex/latex/amsmath/amstext.sty
(/usr/local/texlive/2023/texmf-dist/tex/latex/amsmath/amsgen.sty)))
(./iopams.sty
(/usr/local/texlive/2023/texmf-dist/tex/latex/amsfonts/amsfonts.sty)
(/usr/local/texlive/2023/texmf-dist/tex/latex/amsfonts/amssymb.sty)
(/usr/local/texlive/2023/texmf-dist/tex/latex/amsmath/amsbsy.sty))
(/usr/local/texlive/2023/texmf-dist/tex/latex/l3backend/l3backend-pdftex.def)
(/diff_test_tex_engines/docker_bin_2/version_compiled_pdf/2306.01515/2306.01515
_tl2023.aux)
(/usr/local/texlive/2023/texmf-dist/tex/context/base/mkii/supp-pdf.mkii
[Loading MPS to PDF converter (version 2006.09.02).]
) (/usr/local/texlive/2023/texmf-dist/tex/latex/epstopdf-pkg/epstopdf-base.sty
(/usr/local/texlive/2023/texmf-dist/tex/latex/latexconfig/epstopdf-sys.cfg))
(/diff_test_tex_engines/docker_bin_2/version_compiled_pdf/2306.01515/2306.01515
_tl2023.out)
(/diff_test_tex_engines/docker_bin_2/version_compiled_pdf/2306.01515/2306.01515
_tl2023.out)
(/usr/local/texlive/2023/texmf-dist/tex/latex/translations/translations-basic-d
ictionary-english.trsl)
(/usr/local/texlive/2023/texmf-dist/tex/latex/amsfonts/umsa.fd)
(/usr/local/texlive/2023/texmf-dist/tex/latex/amsfonts/umsb.fd)
Underfull \hbox (badness 1048) in paragraph at lines 37--37
[][][]\OT1/cmr/m/n/10 Present address: Tissue Biology and Disease Modelling Uni
t, European Molecular Biology
[1{/usr/local/texlive/2023/texmf-var/fonts/map/pdftex/updmap/pdftex.map}]
[2]
Underfull \hbox (badness 1888) in paragraph at lines 71--72
\OT1/cmr/m/n/12 fluxes and generalized forces from the statement of energy cons
ervation, and
[3]
Underfull \hbox (badness 1681) in paragraph at lines 73--74
[]\OT1/cmr/m/n/12 Complementary to the conventional approach and with a paralle
l history,
[4] [5] [6] [7] [8] [9 <./fig0.pdf>] [10] [11] [12] [13]
Underfull \hbox (badness 3590) in paragraph at lines 425--426
[]\OT1/cmr/m/n/12 The constraint integral must include an additional term accou
nting for
[14] [15] [16] [17] [18] [19] [20] [21 <./fig1.pdf>] [22 <./fig2.pdf>] [23]
[24 <./fig3-eps-converted-to.pdf>] [25]

LaTeX Warning: Text page 26 contains only floats.

[26 <./fig4-eps-converted-to.pdf>]
Underfull \hbox (badness 1412) in paragraph at lines 697--698
\OT1/cmr/m/n/12 discussed how it naturally provides a simple and direct procedu
re to develop
[27] [28] [29] [30]
Overfull \hbox (30.31323pt too wide) in alignment at lines 859--863
 [] [] [] [] 
[31] [32{/usr/local/texlive/2023/texmf-dist/fonts/enc/dvips/cm-super/cm-super-t
s1.enc} <./append.pdf>] [33] [34]
Underfull \hbox (badness 1117) in paragraph at lines 1213--1215
[]\OT1/cmr/m/n/10 Maugin G A 1999 \OT1/cmr/m/it/10 The Thermomechanics of Nonli
near Irreversible Behaviors \OT1/cmr/m/n/10 (WORLD
[35] [36] [37]
(/diff_test_tex_engines/docker_bin_2/version_compiled_pdf/2306.01515/2306.01515
_tl2023.aux) )
(see the transcript file for additional information)</usr/local/texlive/2023/te
xmf-dist/fonts/type1/public/amsfonts/cm/cmbx10.pfb></usr/local/texlive/2023/tex
mf-dist/fonts/type1/public/amsfonts/cm/cmbx12.pfb></usr/local/texlive/2023/texm
f-dist/fonts/type1/public/amsfonts/cm/cmbx6.pfb></usr/local/texlive/2023/texmf-
dist/fonts/type1/public/amsfonts/cm/cmbx8.pfb></usr/local/texlive/2023/texmf-di
st/fonts/type1/public/amsfonts/cm/cmex10.pfb></usr/local/texlive/2023/texmf-dis
t/fonts/type1/public/amsfonts/cmextra/cmex7.pfb></usr/local/texlive/2023/texmf-
dist/fonts/type1/public/amsfonts/cmextra/cmex8.pfb></usr/local/texlive/2023/tex
mf-dist/fonts/type1/public/amsfonts/cm/cmmi12.pfb></usr/local/texlive/2023/texm
f-dist/fonts/type1/public/amsfonts/cm/cmmi6.pfb></usr/local/texlive/2023/texmf-
dist/fonts/type1/public/amsfonts/cm/cmmi8.pfb></usr/local/texlive/2023/texmf-di
st/fonts/type1/public/amsfonts/cm/cmmib10.pfb></usr/local/texlive/2023/texmf-di
st/fonts/type1/public/amsfonts/cmextra/cmmib6.pfb></usr/local/texlive/2023/texm
f-dist/fonts/type1/public/amsfonts/cmextra/cmmib8.pfb></usr/local/texlive/2023/
texmf-dist/fonts/type1/public/amsfonts/cm/cmr10.pfb></usr/local/texlive/2023/te
xmf-dist/fonts/type1/public/amsfonts/cm/cmr12.pfb></usr/local/texlive/2023/texm
f-dist/fonts/type1/public/amsfonts/cm/cmr6.pfb></usr/local/texlive/2023/texmf-d
ist/fonts/type1/public/amsfonts/cm/cmr7.pfb></usr/local/texlive/2023/texmf-dist
/fonts/type1/public/amsfonts/cm/cmr8.pfb></usr/local/texlive/2023/texmf-dist/fo
nts/type1/public/amsfonts/cm/cmsy10.pfb></usr/local/texlive/2023/texmf-dist/fon
ts/type1/public/amsfonts/cm/cmsy6.pfb></usr/local/texlive/2023/texmf-dist/fonts
/type1/public/amsfonts/cm/cmsy8.pfb></usr/local/texlive/2023/texmf-dist/fonts/t
ype1/public/amsfonts/cm/cmti10.pfb></usr/local/texlive/2023/texmf-dist/fonts/ty
pe1/public/amsfonts/cm/cmti12.pfb></usr/local/texlive/2023/texmf-dist/fonts/typ
e1/public/amsfonts/cm/cmtt10.pfb></usr/local/texlive/2023/texmf-dist/fonts/type
1/public/amsfonts/symbols/msbm10.pfb></usr/local/texlive/2023/texmf-dist/fonts/
type1/public/cm-super/sfrm0800.pfb>
Output written on /diff_test_tex_engines/docker_bin_2/version_compiled_pdf/2306
.01515/2306.01515_tl2023.pdf (37 pages, 10908602 bytes).
Transcript written on /diff_test_tex_engines/docker_bin_2/version_compiled_pdf/
2306.01515/2306.01515_tl2023.log.
Latexmk: Getting log file '/diff_test_tex_engines/docker_bin_2/version_compiled_pdf/2306.01515/2306.01515_tl2023.log'
Latexmk: Examining '/diff_test_tex_engines/docker_bin_2/version_compiled_pdf/2306.01515/2306.01515_tl2023.fls'
Latexmk: Examining '/diff_test_tex_engines/docker_bin_2/version_compiled_pdf/2306.01515/2306.01515_tl2023.log'
Latexmk: Log file says output to '/diff_test_tex_engines/docker_bin_2/version_compiled_pdf/2306.01515/2306.01515_tl2023.pdf'
Latexmk: All targets (/diff_test_tex_engines/docker_bin_2/version_compiled_pdf/2306.01515/2306.01515_tl2023.pdf) are up-to-date

Rc files read:
  NONE
Latexmk: This is Latexmk, John Collins, 31 Jan. 2024. Version 4.83.
Latexmk: Nothing to do for 'main_v9.tex'.
Latexmk: All targets (/diff_test_tex_engines/docker_bin_2/version_compiled_pdf/2306.01515/2306.01515_tl2023.pdf) are up-to-date

