Rc files read:
  NONE
Latexmk: This is Latexmk, John Collins, 31 Jan. 2024. Version 4.83.
No existing .aux file, so I'll make a simple one, and require run of *latex.
Latexmk: applying rule 'pdflatex'...
Rule 'pdflatex':  Reasons for rerun
Category 'other':
  Rerun of 'pdflatex' forced or previously required:
    Reason or flag: 'Initial setup'

------------
Run number 1 of rule 'pdflatex'
------------
------------
Running 'pdflatex  -interaction=nonstopmode -recorder --jobname="2306.00285_tl2023" -output-directory="/diff_test_tex_engines/docker_bin_2/version_compiled_pdf/2306.00285"  "2306.00285"'
------------
This is pdfTeX, Version 3.141592653-2.6-1.40.25 (TeX Live 2023) (preloaded format=pdflatex)
 restricted \write18 enabled.
entering extended mode
(./2306.00285
LaTeX2e <2023-11-01> patch level 1
L3 programming layer <2024-02-20>
(/usr/local/texlive/2023/texmf-dist/tex/latex/base/article.cls
Document Class: article 2023/05/17 v1.4n Standard LaTeX document class
(/usr/local/texlive/2023/texmf-dist/tex/latex/base/size12.clo))
(/usr/local/texlive/2023/texmf-dist/tex/latex/hyperref/hyperref.sty
(/usr/local/texlive/2023/texmf-dist/tex/generic/iftex/iftex.sty)
(/usr/local/texlive/2023/texmf-dist/tex/latex/graphics/keyval.sty)
(/usr/local/texlive/2023/texmf-dist/tex/latex/kvsetkeys/kvsetkeys.sty)
(/usr/local/texlive/2023/texmf-dist/tex/generic/kvdefinekeys/kvdefinekeys.sty)
(/usr/local/texlive/2023/texmf-dist/tex/generic/pdfescape/pdfescape.sty
(/usr/local/texlive/2023/texmf-dist/tex/generic/ltxcmds/ltxcmds.sty)
(/usr/local/texlive/2023/texmf-dist/tex/generic/pdftexcmds/pdftexcmds.sty
(/usr/local/texlive/2023/texmf-dist/tex/generic/infwarerr/infwarerr.sty)))
(/usr/local/texlive/2023/texmf-dist/tex/latex/hycolor/hycolor.sty)
(/usr/local/texlive/2023/texmf-dist/tex/latex/auxhook/auxhook.sty)
(/usr/local/texlive/2023/texmf-dist/tex/latex/hyperref/nameref.sty
(/usr/local/texlive/2023/texmf-dist/tex/latex/refcount/refcount.sty)
(/usr/local/texlive/2023/texmf-dist/tex/generic/gettitlestring/gettitlestring.s
ty (/usr/local/texlive/2023/texmf-dist/tex/latex/kvoptions/kvoptions.sty)))
(/usr/local/texlive/2023/texmf-dist/tex/latex/etoolbox/etoolbox.sty)
(/usr/local/texlive/2023/texmf-dist/tex/latex/hyperref/pd1enc.def)
(/usr/local/texlive/2023/texmf-dist/tex/generic/intcalc/intcalc.sty)
(/usr/local/texlive/2023/texmf-dist/tex/latex/hyperref/puenc.def)
(/usr/local/texlive/2023/texmf-dist/tex/latex/url/url.sty)
(/usr/local/texlive/2023/texmf-dist/tex/generic/bitset/bitset.sty
(/usr/local/texlive/2023/texmf-dist/tex/generic/bigintcalc/bigintcalc.sty))
(/usr/local/texlive/2023/texmf-dist/tex/latex/base/atbegshi-ltx.sty))
(/usr/local/texlive/2023/texmf-dist/tex/latex/hyperref/hpdftex.def
(/usr/local/texlive/2023/texmf-dist/tex/latex/base/atveryend-ltx.sty)
(/usr/local/texlive/2023/texmf-dist/tex/latex/rerunfilecheck/rerunfilecheck.sty

(/usr/local/texlive/2023/texmf-dist/tex/generic/uniquecounter/uniquecounter.sty
))) (/usr/local/texlive/2023/texmf-dist/tex/latex/amsmath/amscd.sty
(/usr/local/texlive/2023/texmf-dist/tex/latex/amsmath/amsgen.sty))
(/usr/local/texlive/2023/texmf-dist/tex/latex/amsmath/amsmath.sty
For additional information on amsmath, use the `?' option.
(/usr/local/texlive/2023/texmf-dist/tex/latex/amsmath/amstext.sty)
(/usr/local/texlive/2023/texmf-dist/tex/latex/amsmath/amsbsy.sty)
(/usr/local/texlive/2023/texmf-dist/tex/latex/amsmath/amsopn.sty))
(/usr/local/texlive/2023/texmf-dist/tex/latex/amsfonts/amsfonts.sty)
(/usr/local/texlive/2023/texmf-dist/tex/latex/amsfonts/amssymb.sty)
(/usr/local/texlive/2023/texmf-dist/tex/generic/babel/babel.sty
(/usr/local/texlive/2023/texmf-dist/tex/generic/babel/txtbabel.def)
(/usr/local/texlive/2023/texmf-dist/tex/generic/babel-english/english.ldf))
(/usr/local/texlive/2023/texmf-dist/tex/generic/babel/locale/en/babel-english.t
ex)
(/usr/local/texlive/2023/texmf-dist/tex/latex/l3backend/l3backend-pdftex.def)
(/diff_test_tex_engines/docker_bin_2/version_compiled_pdf/2306.00285/2306.00285
_tl2023.aux) (/usr/local/texlive/2023/texmf-dist/tex/latex/amsfonts/umsa.fd)
(/usr/local/texlive/2023/texmf-dist/tex/latex/amsfonts/umsb.fd)

LaTeX Warning: Citation `boon' on page 1 undefined on input line 100.


LaTeX Warning: Citation `burn2006' on page 1 undefined on input line 100.


LaTeX Warning: Citation `carlet2018' on page 1 undefined on input line 100.


LaTeX Warning: Citation `tang17' on page 1 undefined on input line 100.


LaTeX Warning: Citation `carlet19' on page 1 undefined on input line 100.


LaTeX Warning: Citation `jin' on page 1 undefined on input line 100.


LaTeX Warning: Citation `yan' on page 1 undefined on input line 100.


LaTeX Warning: Citation `yang' on page 1 undefined on input line 100.


LaTeX Warning: Citation `massey92' on page 1 undefined on input line 100.


LaTeX Warning: Citation `tang17' on page 1 undefined on input line 100.

[1{/usr/local/texlive/2023/texmf-var/fonts/map/pdftex/updmap/pdftex.map}{/usr/l
ocal/texlive/2023/texmf-dist/fonts/enc/dvips/cm-super/cm-super-ts1.enc}]

LaTeX Warning: Citation `sendrier' on page 2 undefined on input line 103.


LaTeX Warning: Citation `li19' on page 2 undefined on input line 103.


LaTeX Warning: Citation `carlet19' on page 2 undefined on input line 103.


LaTeX Warning: Citation `li19' on page 2 undefined on input line 103.


LaTeX Warning: Citation `carlet19' on page 2 undefined on input line 103.


LaTeX Warning: Citation `carlet2018' on page 2 undefined on input line 103.


LaTeX Warning: Citation `sok22' on page 2 undefined on input line 103.


LaTeX Warning: Citation `guenda2018' on page 2 undefined on input line 103.


LaTeX Warning: Citation `sendrier' on page 2 undefined on input line 103.


LaTeX Warning: Citation `carlet19' on page 2 undefined on input line 105.


LaTeX Warning: Citation `hao' on page 2 undefined on input line 105.


Package amsfonts Warning: Obsolete command \bold; \mathbf should be used instea
d on input line 113.

[2] [3]

LaTeX Warning: Citation `artin' on page 4 undefined on input line 138.


LaTeX Warning: Citation `artin' on page 4 undefined on input line 138.


LaTeX Warning: Reference `theorem1' on page 4 undefined on input line 146.


LaTeX Warning: Citation `Massey' on page 4 undefined on input line 150.


LaTeX Warning: Citation `guenda2018' on page 4 undefined on input line 155.


LaTeX Warning: Reference `theorem1' on page 4 undefined on input line 155.


LaTeX Warning: Reference `co1' on page 4 undefined on input line 155.


LaTeX Warning: Citation `guenda2018' on page 4 undefined on input line 156.

[4]

LaTeX Warning: Citation `carlet2018' on page 5 undefined on input line 180.


LaTeX Warning: Citation `carlet19' on page 5 undefined on input line 186.


LaTeX Warning: Citation `carlet2018' on page 5 undefined on input line 189.

[5]

LaTeX Warning: Reference `matrixlemma' on page 6 undefined on input line 202.

[6]

LaTeX Warning: Reference `guenda' on page 7 undefined on input line 228.


LaTeX Warning: Reference `carlthe' on page 7 undefined on input line 240.


LaTeX Warning: Citation `carlet19' on page 7 undefined on input line 240.


LaTeX Warning: Reference `lemma1' on page 7 undefined on input line 240.


LaTeX Warning: Reference `lemma1' on page 7 undefined on input line 242.

[7]

LaTeX Warning: Reference `lemma2' on page 8 undefined on input line 253.


LaTeX Warning: Citation `ba2019' on page 8 undefined on input line 263.


LaTeX Warning: Citation `st2006' on page 8 undefined on input line 263.


LaTeX Warning: Reference `theoremlong' on page 8 undefined on input line 267.


LaTeX Warning: Reference `corollaryself' on page 8 undefined on input line 267.



LaTeX Warning: Citation `hao' on page 8 undefined on input line 269.


LaTeX Warning: Citation `carlet19' on page 8 undefined on input line 274.


LaTeX Warning: Citation `hao' on page 8 undefined on input line 274.


LaTeX Warning: Citation `burn2006' on page 8 undefined on input line 276.

[8]
Overfull \hbox (14.53621pt too wide) in paragraph at lines 291--293
\OT1/cmr/m/it/12 Let $\OML/cmm/m/it/12 a[] \OT1/cmr/m/n/12 = (2\OML/cmm/m/it/12
 ; \OT1/cmr/m/n/12 2\OML/cmm/m/it/12 ; \OT1/cmr/m/n/12 2\OML/cmm/m/it/12 ; \OT1
/cmr/m/n/12 1\OML/cmm/m/it/12 ; \OT1/cmr/m/n/12 1\OML/cmm/m/it/12 ; \OT1/cmr/m/
n/12 1\OML/cmm/m/it/12 ; \OT1/cmr/m/n/12 1)$\OT1/cmr/m/it/12 , $\OML/cmm/m/it/1
2 a[] \OT1/cmr/m/n/12 = (2\OML/cmm/m/it/12 ; \OT1/cmr/m/n/12 2\OML/cmm/m/it/12 
; \OT1/cmr/m/n/12 1\OML/cmm/m/it/12 ; \OT1/cmr/m/n/12 1\OML/cmm/m/it/12 ; \OT1/
cmr/m/n/12 1\OML/cmm/m/it/12 ; \OT1/cmr/m/n/12 1\OML/cmm/m/it/12 ; \OT1/cmr/m/n
/12 1)$ $\OML/cmm/m/it/12 a[] \OT1/cmr/m/n/12 = (2\OML/cmm/m/it/12 ; \OT1/cmr/m
/n/12 1\OML/cmm/m/it/12 ; \OT1/cmr/m/n/12 1\OML/cmm/m/it/12 ; \OT1/cmr/m/n/12 1
\OML/cmm/m/it/12 ; \OT1/cmr/m/n/12 1\OML/cmm/m/it/12 ; \OT1/cmr/m/n/12 1\OML/cm
m/m/it/12 ; \OT1/cmr/m/n/12 1)$ $\OML/cmm/m/it/12 a[] \OT1/cmr/m/n/12 = (1\OML/
cmm/m/it/12 ; \OT1/cmr/m/n/12 1\OML/cmm/m/it/12 ; \OT1/cmr/m/n/12 1\OML/cmm/m/i
t/12 ; \OT1/cmr/m/n/12 1\OML/cmm/m/it/12 ; \OT1/cmr/m/n/12 1\OML/cmm/m/it/12 ; 
\OT1/cmr/m/n/12 1\OML/cmm/m/it/12 ; \OT1/cmr/m/n/12 1)$\OT1/cmr/m/it/12 .
[9]

LaTeX Warning: Reference `th23' on page 10 undefined on input line 335.


LaTeX Warning: Reference `lemma1' on page 10 undefined on input line 337.


LaTeX Warning: Reference `guenda' on page 10 undefined on input line 337.


LaTeX Warning: Reference `th41' on page 10 undefined on input line 340.


LaTeX Warning: Reference `theorm31' on page 10 undefined on input line 340.


LaTeX Warning: Reference `th41' on page 10 undefined on input line 340.


LaTeX Warning: Reference `guenda' on page 10 undefined on input line 353.


LaTeX Warning: Citation `hao' on page 10 undefined on input line 357.

[10]

LaTeX Warning: Reference `theorm31' on page 11 undefined on input line 368.


LaTeX Warning: Reference `th41' on page 11 undefined on input line 370.


LaTeX Warning: Reference `matrixlemma' on page 11 undefined on input line 371.


LaTeX Warning: Reference `lemma46' on page 11 undefined on input line 383.


LaTeX Warning: Reference `theorm31' on page 11 undefined on input line 383.

[11]

LaTeX Warning: Reference `theorem42' on page 12 undefined on input line 389.


LaTeX Warning: Reference `guenda' on page 12 undefined on input line 417.

[12] [13] [14]
(/diff_test_tex_engines/docker_bin_2/version_compiled_pdf/2306.00285/2306.00285
_tl2023.aux)

LaTeX Warning: There were undefined references.


LaTeX Warning: Label(s) may have changed. Rerun to get cross-references right.


Package rerunfilecheck Warning: File `2306.00285_tl2023.out' has changed.
(rerunfilecheck)                Rerun to get outlines right
(rerunfilecheck)                or use package `bookmark'.

 )
(see the transcript file for additional information)</usr/local/texlive/2023/te
xmf-dist/fonts/type1/public/amsfonts/cm/cmbx12.pfb></usr/local/texlive/2023/tex
mf-dist/fonts/type1/public/amsfonts/cm/cmbx8.pfb></usr/local/texlive/2023/texmf
-dist/fonts/type1/public/amsfonts/cm/cmbxti10.pfb></usr/local/texlive/2023/texm
f-dist/fonts/type1/public/amsfonts/cm/cmex10.pfb></usr/local/texlive/2023/texmf
-dist/fonts/type1/public/amsfonts/cm/cmmi12.pfb></usr/local/texlive/2023/texmf-
dist/fonts/type1/public/amsfonts/cm/cmmi6.pfb></usr/local/texlive/2023/texmf-di
st/fonts/type1/public/amsfonts/cm/cmmi8.pfb></usr/local/texlive/2023/texmf-dist
/fonts/type1/public/amsfonts/cm/cmr10.pfb></usr/local/texlive/2023/texmf-dist/f
onts/type1/public/amsfonts/cm/cmr12.pfb></usr/local/texlive/2023/texmf-dist/fon
ts/type1/public/amsfonts/cm/cmr17.pfb></usr/local/texlive/2023/texmf-dist/fonts
/type1/public/amsfonts/cm/cmr6.pfb></usr/local/texlive/2023/texmf-dist/fonts/ty
pe1/public/amsfonts/cm/cmr8.pfb></usr/local/texlive/2023/texmf-dist/fonts/type1
/public/amsfonts/cm/cmsy10.pfb></usr/local/texlive/2023/texmf-dist/fonts/type1/
public/amsfonts/cm/cmsy6.pfb></usr/local/texlive/2023/texmf-dist/fonts/type1/pu
blic/amsfonts/cm/cmsy8.pfb></usr/local/texlive/2023/texmf-dist/fonts/type1/publ
ic/amsfonts/cm/cmti12.pfb></usr/local/texlive/2023/texmf-dist/fonts/type1/publi
c/amsfonts/symbols/msbm10.pfb></usr/local/texlive/2023/texmf-dist/fonts/type1/p
ublic/cm-super/sfrm0700.pfb></usr/local/texlive/2023/texmf-dist/fonts/type1/pub
lic/cm-super/sfrm1440.pfb></usr/local/texlive/2023/texmf-dist/fonts/type1/publi
c/cm-super/sfti1200.pfb>
Output written on /diff_test_tex_engines/docker_bin_2/version_compiled_pdf/2306
.00285/2306.00285_tl2023.pdf (14 pages, 275082 bytes).
Transcript written on /diff_test_tex_engines/docker_bin_2/version_compiled_pdf/
2306.00285/2306.00285_tl2023.log.
Latexmk: Getting log file '/diff_test_tex_engines/docker_bin_2/version_compiled_pdf/2306.00285/2306.00285_tl2023.log'
Latexmk: Examining '/diff_test_tex_engines/docker_bin_2/version_compiled_pdf/2306.00285/2306.00285_tl2023.fls'
Latexmk: Examining '/diff_test_tex_engines/docker_bin_2/version_compiled_pdf/2306.00285/2306.00285_tl2023.log'
Latexmk: References changed.
Latexmk: References changed.
Latexmk: Log file says output to '/diff_test_tex_engines/docker_bin_2/version_compiled_pdf/2306.00285/2306.00285_tl2023.pdf'
Latexmk: applying rule 'pdflatex'...
Rule 'pdflatex':  Reasons for rerun
Changed files or newly in use/created:
  /diff_test_tex_engines/docker_bin_2/version_compiled_pdf/2306.00285/2306.00285_tl2023.aux
  /diff_test_tex_engines/docker_bin_2/version_compiled_pdf/2306.00285/2306.00285_tl2023.out

------------
Run number 2 of rule 'pdflatex'
------------
------------
Running 'pdflatex  -interaction=nonstopmode -recorder --jobname="2306.00285_tl2023" -output-directory="/diff_test_tex_engines/docker_bin_2/version_compiled_pdf/2306.00285"  "2306.00285"'
------------
This is pdfTeX, Version 3.141592653-2.6-1.40.25 (TeX Live 2023) (preloaded format=pdflatex)
 restricted \write18 enabled.
entering extended mode
(./2306.00285
LaTeX2e <2023-11-01> patch level 1
L3 programming layer <2024-02-20>
(/usr/local/texlive/2023/texmf-dist/tex/latex/base/article.cls
Document Class: article 2023/05/17 v1.4n Standard LaTeX document class
(/usr/local/texlive/2023/texmf-dist/tex/latex/base/size12.clo))
(/usr/local/texlive/2023/texmf-dist/tex/latex/hyperref/hyperref.sty
(/usr/local/texlive/2023/texmf-dist/tex/generic/iftex/iftex.sty)
(/usr/local/texlive/2023/texmf-dist/tex/latex/graphics/keyval.sty)
(/usr/local/texlive/2023/texmf-dist/tex/latex/kvsetkeys/kvsetkeys.sty)
(/usr/local/texlive/2023/texmf-dist/tex/generic/kvdefinekeys/kvdefinekeys.sty)
(/usr/local/texlive/2023/texmf-dist/tex/generic/pdfescape/pdfescape.sty
(/usr/local/texlive/2023/texmf-dist/tex/generic/ltxcmds/ltxcmds.sty)
(/usr/local/texlive/2023/texmf-dist/tex/generic/pdftexcmds/pdftexcmds.sty
(/usr/local/texlive/2023/texmf-dist/tex/generic/infwarerr/infwarerr.sty)))
(/usr/local/texlive/2023/texmf-dist/tex/latex/hycolor/hycolor.sty)
(/usr/local/texlive/2023/texmf-dist/tex/latex/auxhook/auxhook.sty)
(/usr/local/texlive/2023/texmf-dist/tex/latex/hyperref/nameref.sty
(/usr/local/texlive/2023/texmf-dist/tex/latex/refcount/refcount.sty)
(/usr/local/texlive/2023/texmf-dist/tex/generic/gettitlestring/gettitlestring.s
ty (/usr/local/texlive/2023/texmf-dist/tex/latex/kvoptions/kvoptions.sty)))
(/usr/local/texlive/2023/texmf-dist/tex/latex/etoolbox/etoolbox.sty)
(/usr/local/texlive/2023/texmf-dist/tex/latex/hyperref/pd1enc.def)
(/usr/local/texlive/2023/texmf-dist/tex/generic/intcalc/intcalc.sty)
(/usr/local/texlive/2023/texmf-dist/tex/latex/hyperref/puenc.def)
(/usr/local/texlive/2023/texmf-dist/tex/latex/url/url.sty)
(/usr/local/texlive/2023/texmf-dist/tex/generic/bitset/bitset.sty
(/usr/local/texlive/2023/texmf-dist/tex/generic/bigintcalc/bigintcalc.sty))
(/usr/local/texlive/2023/texmf-dist/tex/latex/base/atbegshi-ltx.sty))
(/usr/local/texlive/2023/texmf-dist/tex/latex/hyperref/hpdftex.def
(/usr/local/texlive/2023/texmf-dist/tex/latex/base/atveryend-ltx.sty)
(/usr/local/texlive/2023/texmf-dist/tex/latex/rerunfilecheck/rerunfilecheck.sty

(/usr/local/texlive/2023/texmf-dist/tex/generic/uniquecounter/uniquecounter.sty
))) (/usr/local/texlive/2023/texmf-dist/tex/latex/amsmath/amscd.sty
(/usr/local/texlive/2023/texmf-dist/tex/latex/amsmath/amsgen.sty))
(/usr/local/texlive/2023/texmf-dist/tex/latex/amsmath/amsmath.sty
For additional information on amsmath, use the `?' option.
(/usr/local/texlive/2023/texmf-dist/tex/latex/amsmath/amstext.sty)
(/usr/local/texlive/2023/texmf-dist/tex/latex/amsmath/amsbsy.sty)
(/usr/local/texlive/2023/texmf-dist/tex/latex/amsmath/amsopn.sty))
(/usr/local/texlive/2023/texmf-dist/tex/latex/amsfonts/amsfonts.sty)
(/usr/local/texlive/2023/texmf-dist/tex/latex/amsfonts/amssymb.sty)
(/usr/local/texlive/2023/texmf-dist/tex/generic/babel/babel.sty
(/usr/local/texlive/2023/texmf-dist/tex/generic/babel/txtbabel.def)
(/usr/local/texlive/2023/texmf-dist/tex/generic/babel-english/english.ldf))
(/usr/local/texlive/2023/texmf-dist/tex/generic/babel/locale/en/babel-english.t
ex)
(/usr/local/texlive/2023/texmf-dist/tex/latex/l3backend/l3backend-pdftex.def)
(/diff_test_tex_engines/docker_bin_2/version_compiled_pdf/2306.00285/2306.00285
_tl2023.aux)
(/diff_test_tex_engines/docker_bin_2/version_compiled_pdf/2306.00285/2306.00285
_tl2023.out)
(/diff_test_tex_engines/docker_bin_2/version_compiled_pdf/2306.00285/2306.00285
_tl2023.out) (/usr/local/texlive/2023/texmf-dist/tex/latex/amsfonts/umsa.fd)
(/usr/local/texlive/2023/texmf-dist/tex/latex/amsfonts/umsb.fd) [1{/usr/local/t
exlive/2023/texmf-var/fonts/map/pdftex/updmap/pdftex.map}{/usr/local/texlive/20
23/texmf-dist/fonts/enc/dvips/cm-super/cm-super-ts1.enc}]

Package amsfonts Warning: Obsolete command \bold; \mathbf should be used instea
d on input line 113.

[2] [3] [4] [5] [6] [7] [8]
Overfull \hbox (14.53621pt too wide) in paragraph at lines 291--293
\OT1/cmr/m/it/12 Let $\OML/cmm/m/it/12 a[] \OT1/cmr/m/n/12 = (2\OML/cmm/m/it/12
 ; \OT1/cmr/m/n/12 2\OML/cmm/m/it/12 ; \OT1/cmr/m/n/12 2\OML/cmm/m/it/12 ; \OT1
/cmr/m/n/12 1\OML/cmm/m/it/12 ; \OT1/cmr/m/n/12 1\OML/cmm/m/it/12 ; \OT1/cmr/m/
n/12 1\OML/cmm/m/it/12 ; \OT1/cmr/m/n/12 1)$\OT1/cmr/m/it/12 , $\OML/cmm/m/it/1
2 a[] \OT1/cmr/m/n/12 = (2\OML/cmm/m/it/12 ; \OT1/cmr/m/n/12 2\OML/cmm/m/it/12 
; \OT1/cmr/m/n/12 1\OML/cmm/m/it/12 ; \OT1/cmr/m/n/12 1\OML/cmm/m/it/12 ; \OT1/
cmr/m/n/12 1\OML/cmm/m/it/12 ; \OT1/cmr/m/n/12 1\OML/cmm/m/it/12 ; \OT1/cmr/m/n
/12 1)$ $\OML/cmm/m/it/12 a[] \OT1/cmr/m/n/12 = (2\OML/cmm/m/it/12 ; \OT1/cmr/m
/n/12 1\OML/cmm/m/it/12 ; \OT1/cmr/m/n/12 1\OML/cmm/m/it/12 ; \OT1/cmr/m/n/12 1
\OML/cmm/m/it/12 ; \OT1/cmr/m/n/12 1\OML/cmm/m/it/12 ; \OT1/cmr/m/n/12 1\OML/cm
m/m/it/12 ; \OT1/cmr/m/n/12 1)$ $\OML/cmm/m/it/12 a[] \OT1/cmr/m/n/12 = (1\OML/
cmm/m/it/12 ; \OT1/cmr/m/n/12 1\OML/cmm/m/it/12 ; \OT1/cmr/m/n/12 1\OML/cmm/m/i
t/12 ; \OT1/cmr/m/n/12 1\OML/cmm/m/it/12 ; \OT1/cmr/m/n/12 1\OML/cmm/m/it/12 ; 
\OT1/cmr/m/n/12 1\OML/cmm/m/it/12 ; \OT1/cmr/m/n/12 1)$\OT1/cmr/m/it/12 .
[9] [10] [11] [12] [13] [14]
(/diff_test_tex_engines/docker_bin_2/version_compiled_pdf/2306.00285/2306.00285
_tl2023.aux) )
(see the transcript file for additional information)</usr/local/texlive/2023/te
xmf-dist/fonts/type1/public/amsfonts/cm/cmbx12.pfb></usr/local/texlive/2023/tex
mf-dist/fonts/type1/public/amsfonts/cm/cmbx8.pfb></usr/local/texlive/2023/texmf
-dist/fonts/type1/public/amsfonts/cm/cmbxti10.pfb></usr/local/texlive/2023/texm
f-dist/fonts/type1/public/amsfonts/cm/cmex10.pfb></usr/local/texlive/2023/texmf
-dist/fonts/type1/public/amsfonts/cm/cmmi12.pfb></usr/local/texlive/2023/texmf-
dist/fonts/type1/public/amsfonts/cm/cmmi6.pfb></usr/local/texlive/2023/texmf-di
st/fonts/type1/public/amsfonts/cm/cmmi8.pfb></usr/local/texlive/2023/texmf-dist
/fonts/type1/public/amsfonts/cm/cmr10.pfb></usr/local/texlive/2023/texmf-dist/f
onts/type1/public/amsfonts/cm/cmr12.pfb></usr/local/texlive/2023/texmf-dist/fon
ts/type1/public/amsfonts/cm/cmr17.pfb></usr/local/texlive/2023/texmf-dist/fonts
/type1/public/amsfonts/cm/cmr6.pfb></usr/local/texlive/2023/texmf-dist/fonts/ty
pe1/public/amsfonts/cm/cmr8.pfb></usr/local/texlive/2023/texmf-dist/fonts/type1
/public/amsfonts/cm/cmsy10.pfb></usr/local/texlive/2023/texmf-dist/fonts/type1/
public/amsfonts/cm/cmsy6.pfb></usr/local/texlive/2023/texmf-dist/fonts/type1/pu
blic/amsfonts/cm/cmsy8.pfb></usr/local/texlive/2023/texmf-dist/fonts/type1/publ
ic/amsfonts/cm/cmti12.pfb></usr/local/texlive/2023/texmf-dist/fonts/type1/publi
c/amsfonts/symbols/msbm10.pfb></usr/local/texlive/2023/texmf-dist/fonts/type1/p
ublic/cm-super/sfrm0700.pfb></usr/local/texlive/2023/texmf-dist/fonts/type1/pub
lic/cm-super/sfrm1440.pfb></usr/local/texlive/2023/texmf-dist/fonts/type1/publi
c/cm-super/sfti1200.pfb>
Output written on /diff_test_tex_engines/docker_bin_2/version_compiled_pdf/2306
.00285/2306.00285_tl2023.pdf (14 pages, 278332 bytes).
Transcript written on /diff_test_tex_engines/docker_bin_2/version_compiled_pdf/
2306.00285/2306.00285_tl2023.log.
Latexmk: Getting log file '/diff_test_tex_engines/docker_bin_2/version_compiled_pdf/2306.00285/2306.00285_tl2023.log'
Latexmk: Examining '/diff_test_tex_engines/docker_bin_2/version_compiled_pdf/2306.00285/2306.00285_tl2023.fls'
Latexmk: Examining '/diff_test_tex_engines/docker_bin_2/version_compiled_pdf/2306.00285/2306.00285_tl2023.log'
Latexmk: Log file says output to '/diff_test_tex_engines/docker_bin_2/version_compiled_pdf/2306.00285/2306.00285_tl2023.pdf'
Latexmk: All targets (/diff_test_tex_engines/docker_bin_2/version_compiled_pdf/2306.00285/2306.00285_tl2023.pdf) are up-to-date

Rc files read:
  NONE
Latexmk: This is Latexmk, John Collins, 31 Jan. 2024. Version 4.83.
Latexmk: Nothing to do for '2306.00285'.
Latexmk: All targets (/diff_test_tex_engines/docker_bin_2/version_compiled_pdf/2306.00285/2306.00285_tl2023.pdf) are up-to-date

