This is pdfTeX, Version 3.141592653-2.6-1.40.23 (TeX Live 2021) (preloaded format=pdflatex 2023.4.22)  13 MAR 2024 07:59
entering extended mode
 restricted \write18 enabled.
 %&-line parsing enabled.
**2306.00030
(./2306.00030
LaTeX2e <2021-11-15> patch level 1
L3 programming layer <2022-02-24>

! LaTeX Error: File `iopart.cls' not found.

Type X to quit or <RETURN> to proceed,
or enter new name. (Default extension: cls)

Enter file name: 
! Emergency stop.
<read *> 
         
l.3 \newcommand
               {\gguide}{{\it Preparing graphics for IOP Publishing journals...
*** (cannot \read from terminal in nonstop modes)

 
Here is how much of TeX's memory you used:
 26 strings out of 478276
 629 string characters out of 5846504
 289381 words of memory out of 5000000
 18329 multiletter control sequences out of 15000+600000
 469259 words of font info for 28 fonts, out of 8000000 for 9000
 1141 hyphenation exceptions out of 8191
 19i,0n,29p,119b,17s stack positions out of 5000i,500n,10000p,200000b,80000s
!  ==> Fatal error occurred, no output PDF file produced!
