Set environment variable BIBINPUTS='/diff_test_tex_engines/docker_bin_2/version_compiled_pdf_2020/2306.03822:'
Set environment variable TEXINPUTS='/diff_test_tex_engines/docker_bin_2/version_compiled_pdf_2020/2306.03822:'
Latexmk: applying rule 'pdflatex'...
This is pdfTeX, Version 3.14159265-2.6-1.40.21 (TeX Live 2020) (preloaded format=pdflatex)
 restricted \write18 enabled.
entering extended mode
(./main.tex
LaTeX2e <2020-10-01> patch level 4
L3 programming layer <2021-02-18>
(/usr/local/texlive/2020/texmf-dist/tex/latex/base/article.cls
Document Class: article 2020/04/10 v1.4m Standard LaTeX document class
(/usr/local/texlive/2020/texmf-dist/tex/latex/base/size10.clo))
(/usr/local/texlive/2020/texmf-dist/tex/latex/mathtools/mathtools.sty
(/usr/local/texlive/2020/texmf-dist/tex/latex/graphics/keyval.sty)
(/usr/local/texlive/2020/texmf-dist/tex/latex/tools/calc.sty)
(/usr/local/texlive/2020/texmf-dist/tex/latex/mathtools/mhsetup.sty)
(/usr/local/texlive/2020/texmf-dist/tex/latex/amsmath/amsmath.sty
For additional information on amsmath, use the `?' option.
(/usr/local/texlive/2020/texmf-dist/tex/latex/amsmath/amstext.sty
(/usr/local/texlive/2020/texmf-dist/tex/latex/amsmath/amsgen.sty))
(/usr/local/texlive/2020/texmf-dist/tex/latex/amsmath/amsbsy.sty)
(/usr/local/texlive/2020/texmf-dist/tex/latex/amsmath/amsopn.sty)))
(/usr/local/texlive/2020/texmf-dist/tex/latex/natbib/natbib.sty)
(/usr/local/texlive/2020/texmf-dist/tex/latex/base/inputenc.sty)
(/usr/local/texlive/2020/texmf-dist/tex/latex/graphics/graphicx.sty
(/usr/local/texlive/2020/texmf-dist/tex/latex/graphics/graphics.sty
(/usr/local/texlive/2020/texmf-dist/tex/latex/graphics/trig.sty)
(/usr/local/texlive/2020/texmf-dist/tex/latex/graphics-cfg/graphics.cfg)
(/usr/local/texlive/2020/texmf-dist/tex/latex/graphics-def/pdftex.def)))
(/usr/local/texlive/2020/texmf-dist/tex/latex/url/url.sty)
(/usr/local/texlive/2020/texmf-dist/tex/latex/tools/array.sty)
(/usr/local/texlive/2020/texmf-dist/tex/latex/multirow/multirow.sty)
(/usr/local/texlive/2020/texmf-dist/tex/latex/makecell/makecell.sty)
(/usr/local/texlive/2020/texmf-dist/tex/latex/base/fontenc.sty)
(/usr/local/texlive/2020/texmf-dist/tex/latex/setspace/setspace.sty)
(/usr/local/texlive/2020/texmf-dist/tex/latex/accents/accents.sty)
(/usr/local/texlive/2020/texmf-dist/tex/latex/graphics/color.sty
(/usr/local/texlive/2020/texmf-dist/tex/latex/graphics-cfg/color.cfg))
(/usr/local/texlive/2020/texmf-dist/tex/latex/enumitem/enumitem.sty)
(/usr/local/texlive/2020/texmf-dist/tex/latex/extsizes/extsizes.sty

Package ExtSizes Warning: It is better to use one of the extsizes classes,
 if you can.

(/usr/local/texlive/2020/texmf-dist/tex/latex/base/size11.clo))
(/usr/local/texlive/2020/texmf-dist/tex/latex/tools/layout.sty)
(/usr/local/texlive/2020/texmf-dist/tex/latex/geometry/geometry.sty
(/usr/local/texlive/2020/texmf-dist/tex/generic/iftex/ifvtex.sty
(/usr/local/texlive/2020/texmf-dist/tex/generic/iftex/iftex.sty)))
(/usr/local/texlive/2020/texmf-dist/tex/latex/hyperref/hyperref.sty
(/usr/local/texlive/2020/texmf-dist/tex/generic/ltxcmds/ltxcmds.sty)
(/usr/local/texlive/2020/texmf-dist/tex/generic/pdftexcmds/pdftexcmds.sty
(/usr/local/texlive/2020/texmf-dist/tex/generic/infwarerr/infwarerr.sty))
(/usr/local/texlive/2020/texmf-dist/tex/generic/kvsetkeys/kvsetkeys.sty)
(/usr/local/texlive/2020/texmf-dist/tex/generic/kvdefinekeys/kvdefinekeys.sty)
(/usr/local/texlive/2020/texmf-dist/tex/generic/pdfescape/pdfescape.sty)
(/usr/local/texlive/2020/texmf-dist/tex/latex/hycolor/hycolor.sty)
(/usr/local/texlive/2020/texmf-dist/tex/latex/letltxmacro/letltxmacro.sty)
(/usr/local/texlive/2020/texmf-dist/tex/latex/auxhook/auxhook.sty)
(/usr/local/texlive/2020/texmf-dist/tex/latex/kvoptions/kvoptions.sty)
(/usr/local/texlive/2020/texmf-dist/tex/latex/hyperref/pd1enc.def)
(/usr/local/texlive/2020/texmf-dist/tex/latex/hyperref/hyperref-langpatches.def
) (/usr/local/texlive/2020/texmf-dist/tex/generic/intcalc/intcalc.sty)
(/usr/local/texlive/2020/texmf-dist/tex/generic/etexcmds/etexcmds.sty)
(/usr/local/texlive/2020/texmf-dist/tex/latex/hyperref/puenc.def)
(/usr/local/texlive/2020/texmf-dist/tex/generic/bitset/bitset.sty
(/usr/local/texlive/2020/texmf-dist/tex/generic/bigintcalc/bigintcalc.sty))
(/usr/local/texlive/2020/texmf-dist/tex/latex/base/atbegshi-ltx.sty))
(/usr/local/texlive/2020/texmf-dist/tex/latex/hyperref/hpdftex.def
(/usr/local/texlive/2020/texmf-dist/tex/latex/base/atveryend-ltx.sty)
(/usr/local/texlive/2020/texmf-dist/tex/latex/rerunfilecheck/rerunfilecheck.sty

(/usr/local/texlive/2020/texmf-dist/tex/generic/uniquecounter/uniquecounter.sty
))) (/usr/local/texlive/2020/texmf-dist/tex/generic/systeme/systeme.sty
(/usr/local/texlive/2020/texmf-dist/tex/generic/xstring/xstring.sty
(/usr/local/texlive/2020/texmf-dist/tex/generic/xstring/xstring.tex))
(/usr/local/texlive/2020/texmf-dist/tex/generic/systeme/systeme.tex))
(/usr/local/texlive/2020/texmf-dist/tex/latex/ntheorem/ntheorem.sty
Style `ntheorem', Version 1.33 <2011/08/15>
(/usr/local/texlive/2020/texmf-dist/tex/latex/base/ifthen.sty)
(/usr/local/texlive/2020/texmf-dist/tex/latex/ntheorem/ntheorem.std
(/usr/local/texlive/2020/texmf-dist/tex/latex/base/latexsym.sty)
(/usr/local/texlive/2020/texmf-dist/tex/latex/amsfonts/amssymb.sty
(/usr/local/texlive/2020/texmf-dist/tex/latex/amsfonts/amsfonts.sty))))
(/usr/local/texlive/2020/texmf-dist/tex/latex/pgfplots/pgfplots.sty
(/usr/local/texlive/2020/texmf-dist/tex/generic/pgfplots/pgfplots.revision.tex)
(/usr/local/texlive/2020/texmf-dist/tex/latex/pgf/frontendlayer/tikz.sty
(/usr/local/texlive/2020/texmf-dist/tex/latex/pgf/basiclayer/pgf.sty
(/usr/local/texlive/2020/texmf-dist/tex/latex/pgf/utilities/pgfrcs.sty
(/usr/local/texlive/2020/texmf-dist/tex/generic/pgf/utilities/pgfutil-common.te
x
(/usr/local/texlive/2020/texmf-dist/tex/generic/pgf/utilities/pgfutil-common-li
sts.tex))
(/usr/local/texlive/2020/texmf-dist/tex/generic/pgf/utilities/pgfutil-latex.def
) (/usr/local/texlive/2020/texmf-dist/tex/generic/pgf/utilities/pgfrcs.code.tex
(/usr/local/texlive/2020/texmf-dist/tex/generic/pgf/pgf.revision.tex)))
(/usr/local/texlive/2020/texmf-dist/tex/latex/pgf/basiclayer/pgfcore.sty
(/usr/local/texlive/2020/texmf-dist/tex/latex/pgf/systemlayer/pgfsys.sty
(/usr/local/texlive/2020/texmf-dist/tex/generic/pgf/systemlayer/pgfsys.code.tex
(/usr/local/texlive/2020/texmf-dist/tex/generic/pgf/utilities/pgfkeys.code.tex
(/usr/local/texlive/2020/texmf-dist/tex/generic/pgf/utilities/pgfkeysfiltered.c
ode.tex))
(/usr/local/texlive/2020/texmf-dist/tex/generic/pgf/systemlayer/pgf.cfg)
(/usr/local/texlive/2020/texmf-dist/tex/generic/pgf/systemlayer/pgfsys-pdftex.d
ef
(/usr/local/texlive/2020/texmf-dist/tex/generic/pgf/systemlayer/pgfsys-common-p
df.def)))
(/usr/local/texlive/2020/texmf-dist/tex/generic/pgf/systemlayer/pgfsyssoftpath.
code.tex)
(/usr/local/texlive/2020/texmf-dist/tex/generic/pgf/systemlayer/pgfsysprotocol.
code.tex)) (/usr/local/texlive/2020/texmf-dist/tex/latex/xcolor/xcolor.sty
(/usr/local/texlive/2020/texmf-dist/tex/latex/graphics-cfg/color.cfg))
(/usr/local/texlive/2020/texmf-dist/tex/generic/pgf/basiclayer/pgfcore.code.tex
(/usr/local/texlive/2020/texmf-dist/tex/generic/pgf/math/pgfmath.code.tex
(/usr/local/texlive/2020/texmf-dist/tex/generic/pgf/math/pgfmathcalc.code.tex
(/usr/local/texlive/2020/texmf-dist/tex/generic/pgf/math/pgfmathutil.code.tex)
(/usr/local/texlive/2020/texmf-dist/tex/generic/pgf/math/pgfmathparser.code.tex
)
(/usr/local/texlive/2020/texmf-dist/tex/generic/pgf/math/pgfmathfunctions.code.
tex
(/usr/local/texlive/2020/texmf-dist/tex/generic/pgf/math/pgfmathfunctions.basic
.code.tex)
(/usr/local/texlive/2020/texmf-dist/tex/generic/pgf/math/pgfmathfunctions.trigo
nometric.code.tex)
(/usr/local/texlive/2020/texmf-dist/tex/generic/pgf/math/pgfmathfunctions.rando
m.code.tex)
(/usr/local/texlive/2020/texmf-dist/tex/generic/pgf/math/pgfmathfunctions.compa
rison.code.tex)
(/usr/local/texlive/2020/texmf-dist/tex/generic/pgf/math/pgfmathfunctions.base.
code.tex)
(/usr/local/texlive/2020/texmf-dist/tex/generic/pgf/math/pgfmathfunctions.round
.code.tex)
(/usr/local/texlive/2020/texmf-dist/tex/generic/pgf/math/pgfmathfunctions.misc.
code.tex)
(/usr/local/texlive/2020/texmf-dist/tex/generic/pgf/math/pgfmathfunctions.integ
erarithmetics.code.tex)))
(/usr/local/texlive/2020/texmf-dist/tex/generic/pgf/math/pgfmathfloat.code.tex)
) (/usr/local/texlive/2020/texmf-dist/tex/generic/pgf/math/pgfint.code.tex)
(/usr/local/texlive/2020/texmf-dist/tex/generic/pgf/basiclayer/pgfcorepoints.co
de.tex)
(/usr/local/texlive/2020/texmf-dist/tex/generic/pgf/basiclayer/pgfcorepathconst
ruct.code.tex)
(/usr/local/texlive/2020/texmf-dist/tex/generic/pgf/basiclayer/pgfcorepathusage
.code.tex)
(/usr/local/texlive/2020/texmf-dist/tex/generic/pgf/basiclayer/pgfcorescopes.co
de.tex)
(/usr/local/texlive/2020/texmf-dist/tex/generic/pgf/basiclayer/pgfcoregraphicst
ate.code.tex)
(/usr/local/texlive/2020/texmf-dist/tex/generic/pgf/basiclayer/pgfcoretransform
ations.code.tex)
(/usr/local/texlive/2020/texmf-dist/tex/generic/pgf/basiclayer/pgfcorequick.cod
e.tex)
(/usr/local/texlive/2020/texmf-dist/tex/generic/pgf/basiclayer/pgfcoreobjects.c
ode.tex)
(/usr/local/texlive/2020/texmf-dist/tex/generic/pgf/basiclayer/pgfcorepathproce
ssing.code.tex)
(/usr/local/texlive/2020/texmf-dist/tex/generic/pgf/basiclayer/pgfcorearrows.co
de.tex)
(/usr/local/texlive/2020/texmf-dist/tex/generic/pgf/basiclayer/pgfcoreshade.cod
e.tex)
(/usr/local/texlive/2020/texmf-dist/tex/generic/pgf/basiclayer/pgfcoreimage.cod
e.tex
(/usr/local/texlive/2020/texmf-dist/tex/generic/pgf/basiclayer/pgfcoreexternal.
code.tex))
(/usr/local/texlive/2020/texmf-dist/tex/generic/pgf/basiclayer/pgfcorelayers.co
de.tex)
(/usr/local/texlive/2020/texmf-dist/tex/generic/pgf/basiclayer/pgfcoretranspare
ncy.code.tex)
(/usr/local/texlive/2020/texmf-dist/tex/generic/pgf/basiclayer/pgfcorepatterns.
code.tex)
(/usr/local/texlive/2020/texmf-dist/tex/generic/pgf/basiclayer/pgfcorerdf.code.
tex)))
(/usr/local/texlive/2020/texmf-dist/tex/generic/pgf/modules/pgfmoduleshapes.cod
e.tex)
(/usr/local/texlive/2020/texmf-dist/tex/generic/pgf/modules/pgfmoduleplot.code.
tex)
(/usr/local/texlive/2020/texmf-dist/tex/latex/pgf/compatibility/pgfcomp-version
-0-65.sty)
(/usr/local/texlive/2020/texmf-dist/tex/latex/pgf/compatibility/pgfcomp-version
-1-18.sty))
(/usr/local/texlive/2020/texmf-dist/tex/latex/pgf/utilities/pgffor.sty
(/usr/local/texlive/2020/texmf-dist/tex/latex/pgf/utilities/pgfkeys.sty
(/usr/local/texlive/2020/texmf-dist/tex/generic/pgf/utilities/pgfkeys.code.tex)
) (/usr/local/texlive/2020/texmf-dist/tex/latex/pgf/math/pgfmath.sty
(/usr/local/texlive/2020/texmf-dist/tex/generic/pgf/math/pgfmath.code.tex))
(/usr/local/texlive/2020/texmf-dist/tex/generic/pgf/utilities/pgffor.code.tex
(/usr/local/texlive/2020/texmf-dist/tex/generic/pgf/math/pgfmath.code.tex)))
(/usr/local/texlive/2020/texmf-dist/tex/generic/pgf/frontendlayer/tikz/tikz.cod
e.tex
(/usr/local/texlive/2020/texmf-dist/tex/generic/pgf/libraries/pgflibraryplothan
dlers.code.tex)
(/usr/local/texlive/2020/texmf-dist/tex/generic/pgf/modules/pgfmodulematrix.cod
e.tex)
(/usr/local/texlive/2020/texmf-dist/tex/generic/pgf/frontendlayer/tikz/librarie
s/tikzlibrarytopaths.code.tex)))
(/usr/local/texlive/2020/texmf-dist/tex/generic/pgfplots/pgfplots.code.tex
(/usr/local/texlive/2020/texmf-dist/tex/generic/pgfplots/pgfplotscore.code.tex
(/usr/local/texlive/2020/texmf-dist/tex/generic/pgfplots/sys/pgfplotssysgeneric
.code.tex))
(/usr/local/texlive/2020/texmf-dist/tex/generic/pgfplots/libs/pgfplotslibrary.c
ode.tex)
(/usr/local/texlive/2020/texmf-dist/tex/generic/pgfplots/oldpgfcompatib/pgfplot
soldpgfsupp_loader.code.tex
(/usr/local/texlive/2020/texmf-dist/tex/generic/pgf/libraries/pgflibraryfpu.cod
e.tex))
(/usr/local/texlive/2020/texmf-dist/tex/generic/pgfplots/util/pgfplotsutil.code
.tex
(/usr/local/texlive/2020/texmf-dist/tex/generic/pgfplots/liststructure/pgfplots
liststructure.code.tex)
(/usr/local/texlive/2020/texmf-dist/tex/generic/pgfplots/liststructure/pgfplots
liststructureext.code.tex)
(/usr/local/texlive/2020/texmf-dist/tex/generic/pgfplots/liststructure/pgfplots
array.code.tex)
(/usr/local/texlive/2020/texmf-dist/tex/generic/pgfplots/liststructure/pgfplots
matrix.code.tex)
(/usr/local/texlive/2020/texmf-dist/tex/generic/pgfplots/numtable/pgfplotstable
shared.code.tex)
(/usr/local/texlive/2020/texmf-dist/tex/generic/pgfplots/liststructure/pgfplots
deque.code.tex)
(/usr/local/texlive/2020/texmf-dist/tex/generic/pgfplots/util/pgfplotsbinary.co
de.tex
(/usr/local/texlive/2020/texmf-dist/tex/generic/pgfplots/util/pgfplotsbinary.da
ta.code.tex))
(/usr/local/texlive/2020/texmf-dist/tex/generic/pgfplots/util/pgfplotsutil.verb
.code.tex)
(/usr/local/texlive/2020/texmf-dist/tex/generic/pgfplots/libs/pgflibrarypgfplot
s.surfshading.code.tex
(/usr/local/texlive/2020/texmf-dist/tex/generic/pgfplots/sys/pgflibrarypgfplots
.surfshading.pgfsys-pdftex.def)))
(/usr/local/texlive/2020/texmf-dist/tex/generic/pgfplots/util/pgfplotscolormap.
code.tex
(/usr/local/texlive/2020/texmf-dist/tex/generic/pgfplots/util/pgfplotscolor.cod
e.tex))
(/usr/local/texlive/2020/texmf-dist/tex/generic/pgfplots/pgfplotsstackedplots.c
ode.tex)
(/usr/local/texlive/2020/texmf-dist/tex/generic/pgfplots/pgfplotsplothandlers.c
ode.tex
(/usr/local/texlive/2020/texmf-dist/tex/generic/pgfplots/pgfplotsmeshplothandle
r.code.tex
(/usr/local/texlive/2020/texmf-dist/tex/generic/pgfplots/pgfplotsmeshplotimage.
code.tex)))
(/usr/local/texlive/2020/texmf-dist/tex/generic/pgfplots/pgfplots.scaling.code.
tex)
(/usr/local/texlive/2020/texmf-dist/tex/generic/pgfplots/pgfplotscoordprocessin
g.code.tex)
(/usr/local/texlive/2020/texmf-dist/tex/generic/pgfplots/pgfplots.errorbars.cod
e.tex)
(/usr/local/texlive/2020/texmf-dist/tex/generic/pgfplots/pgfplots.markers.code.
tex)
(/usr/local/texlive/2020/texmf-dist/tex/generic/pgfplots/pgfplotsticks.code.tex
)
(/usr/local/texlive/2020/texmf-dist/tex/generic/pgfplots/pgfplots.paths.code.te
x)
(/usr/local/texlive/2020/texmf-dist/tex/generic/pgf/frontendlayer/tikz/librarie
s/tikzlibrarydecorations.code.tex
(/usr/local/texlive/2020/texmf-dist/tex/generic/pgf/modules/pgfmoduledecoration
s.code.tex))
(/usr/local/texlive/2020/texmf-dist/tex/generic/pgf/frontendlayer/tikz/librarie
s/tikzlibrarydecorations.pathmorphing.code.tex
(/usr/local/texlive/2020/texmf-dist/tex/generic/pgf/libraries/decorations/pgfli
brarydecorations.pathmorphing.code.tex))
(/usr/local/texlive/2020/texmf-dist/tex/generic/pgf/frontendlayer/tikz/librarie
s/tikzlibrarydecorations.pathreplacing.code.tex
(/usr/local/texlive/2020/texmf-dist/tex/generic/pgf/libraries/decorations/pgfli
brarydecorations.pathreplacing.code.tex)))
(/usr/local/texlive/2020/texmf-dist/tex/generic/pgf/frontendlayer/tikz/librarie
s/tikzlibraryplotmarks.code.tex
(/usr/local/texlive/2020/texmf-dist/tex/generic/pgf/libraries/pgflibraryplotmar
ks.code.tex)))
(/usr/local/texlive/2020/texmf-dist/tex/latex/comment/comment.sty
Excluding comment 'comment')

! LaTeX Error: File `tabularray.sty' not found.

Type X to quit or <RETURN> to proceed,
or enter new name. (Default extension: sty)

Enter file name: 
! Emergency stop.
<read *> 
         
l.24 \usepackage
                {pgfplotstable}^^M
!  ==> Fatal error occurred, no output PDF file produced!
Transcript written on /diff_test_tex_engines/docker_bin_2/version_compiled_pdf_
2020/2306.03822/2306.03822_tl2020.log.
Latexmk: Examining '/diff_test_tex_engines/docker_bin_2/version_compiled_pdf_2020/2306.03822/2306.03822_tl2020.log'
=== TeX engine is 'pdfTeX'
Latexmk: Errors, so I did not complete making targets
Set environment variable BIBINPUTS='/diff_test_tex_engines/docker_bin_2/version_compiled_pdf_2020/2306.03822:'
Set environment variable TEXINPUTS='/diff_test_tex_engines/docker_bin_2/version_compiled_pdf_2020/2306.03822:'
Latexmk: applying rule 'pdflatex'...
This is pdfTeX, Version 3.14159265-2.6-1.40.21 (TeX Live 2020) (preloaded format=pdflatex)
 restricted \write18 enabled.
entering extended mode
(./main.tex
LaTeX2e <2020-10-01> patch level 4
L3 programming layer <2021-02-18>
(/usr/local/texlive/2020/texmf-dist/tex/latex/base/article.cls
Document Class: article 2020/04/10 v1.4m Standard LaTeX document class
(/usr/local/texlive/2020/texmf-dist/tex/latex/base/size10.clo))
(/usr/local/texlive/2020/texmf-dist/tex/latex/mathtools/mathtools.sty
(/usr/local/texlive/2020/texmf-dist/tex/latex/graphics/keyval.sty)
(/usr/local/texlive/2020/texmf-dist/tex/latex/tools/calc.sty)
(/usr/local/texlive/2020/texmf-dist/tex/latex/mathtools/mhsetup.sty)
(/usr/local/texlive/2020/texmf-dist/tex/latex/amsmath/amsmath.sty
For additional information on amsmath, use the `?' option.
(/usr/local/texlive/2020/texmf-dist/tex/latex/amsmath/amstext.sty
(/usr/local/texlive/2020/texmf-dist/tex/latex/amsmath/amsgen.sty))
(/usr/local/texlive/2020/texmf-dist/tex/latex/amsmath/amsbsy.sty)
(/usr/local/texlive/2020/texmf-dist/tex/latex/amsmath/amsopn.sty)))
(/usr/local/texlive/2020/texmf-dist/tex/latex/natbib/natbib.sty)
(/usr/local/texlive/2020/texmf-dist/tex/latex/base/inputenc.sty)
(/usr/local/texlive/2020/texmf-dist/tex/latex/graphics/graphicx.sty
(/usr/local/texlive/2020/texmf-dist/tex/latex/graphics/graphics.sty
(/usr/local/texlive/2020/texmf-dist/tex/latex/graphics/trig.sty)
(/usr/local/texlive/2020/texmf-dist/tex/latex/graphics-cfg/graphics.cfg)
(/usr/local/texlive/2020/texmf-dist/tex/latex/graphics-def/pdftex.def)))
(/usr/local/texlive/2020/texmf-dist/tex/latex/url/url.sty)
(/usr/local/texlive/2020/texmf-dist/tex/latex/tools/array.sty)
(/usr/local/texlive/2020/texmf-dist/tex/latex/multirow/multirow.sty)
(/usr/local/texlive/2020/texmf-dist/tex/latex/makecell/makecell.sty)
(/usr/local/texlive/2020/texmf-dist/tex/latex/base/fontenc.sty)
(/usr/local/texlive/2020/texmf-dist/tex/latex/setspace/setspace.sty)
(/usr/local/texlive/2020/texmf-dist/tex/latex/accents/accents.sty)
(/usr/local/texlive/2020/texmf-dist/tex/latex/graphics/color.sty
(/usr/local/texlive/2020/texmf-dist/tex/latex/graphics-cfg/color.cfg))
(/usr/local/texlive/2020/texmf-dist/tex/latex/enumitem/enumitem.sty)
(/usr/local/texlive/2020/texmf-dist/tex/latex/extsizes/extsizes.sty

Package ExtSizes Warning: It is better to use one of the extsizes classes,
 if you can.

(/usr/local/texlive/2020/texmf-dist/tex/latex/base/size11.clo))
(/usr/local/texlive/2020/texmf-dist/tex/latex/tools/layout.sty)
(/usr/local/texlive/2020/texmf-dist/tex/latex/geometry/geometry.sty
(/usr/local/texlive/2020/texmf-dist/tex/generic/iftex/ifvtex.sty
(/usr/local/texlive/2020/texmf-dist/tex/generic/iftex/iftex.sty)))
(/usr/local/texlive/2020/texmf-dist/tex/latex/hyperref/hyperref.sty
(/usr/local/texlive/2020/texmf-dist/tex/generic/ltxcmds/ltxcmds.sty)
(/usr/local/texlive/2020/texmf-dist/tex/generic/pdftexcmds/pdftexcmds.sty
(/usr/local/texlive/2020/texmf-dist/tex/generic/infwarerr/infwarerr.sty))
(/usr/local/texlive/2020/texmf-dist/tex/generic/kvsetkeys/kvsetkeys.sty)
(/usr/local/texlive/2020/texmf-dist/tex/generic/kvdefinekeys/kvdefinekeys.sty)
(/usr/local/texlive/2020/texmf-dist/tex/generic/pdfescape/pdfescape.sty)
(/usr/local/texlive/2020/texmf-dist/tex/latex/hycolor/hycolor.sty)
(/usr/local/texlive/2020/texmf-dist/tex/latex/letltxmacro/letltxmacro.sty)
(/usr/local/texlive/2020/texmf-dist/tex/latex/auxhook/auxhook.sty)
(/usr/local/texlive/2020/texmf-dist/tex/latex/kvoptions/kvoptions.sty)
(/usr/local/texlive/2020/texmf-dist/tex/latex/hyperref/pd1enc.def)
(/usr/local/texlive/2020/texmf-dist/tex/latex/hyperref/hyperref-langpatches.def
) (/usr/local/texlive/2020/texmf-dist/tex/generic/intcalc/intcalc.sty)
(/usr/local/texlive/2020/texmf-dist/tex/generic/etexcmds/etexcmds.sty)
(/usr/local/texlive/2020/texmf-dist/tex/latex/hyperref/puenc.def)
(/usr/local/texlive/2020/texmf-dist/tex/generic/bitset/bitset.sty
(/usr/local/texlive/2020/texmf-dist/tex/generic/bigintcalc/bigintcalc.sty))
(/usr/local/texlive/2020/texmf-dist/tex/latex/base/atbegshi-ltx.sty))
(/usr/local/texlive/2020/texmf-dist/tex/latex/hyperref/hpdftex.def
(/usr/local/texlive/2020/texmf-dist/tex/latex/base/atveryend-ltx.sty)
(/usr/local/texlive/2020/texmf-dist/tex/latex/rerunfilecheck/rerunfilecheck.sty

(/usr/local/texlive/2020/texmf-dist/tex/generic/uniquecounter/uniquecounter.sty
))) (/usr/local/texlive/2020/texmf-dist/tex/generic/systeme/systeme.sty
(/usr/local/texlive/2020/texmf-dist/tex/generic/xstring/xstring.sty
(/usr/local/texlive/2020/texmf-dist/tex/generic/xstring/xstring.tex))
(/usr/local/texlive/2020/texmf-dist/tex/generic/systeme/systeme.tex))
(/usr/local/texlive/2020/texmf-dist/tex/latex/ntheorem/ntheorem.sty
Style `ntheorem', Version 1.33 <2011/08/15>
(/usr/local/texlive/2020/texmf-dist/tex/latex/base/ifthen.sty)
(/usr/local/texlive/2020/texmf-dist/tex/latex/ntheorem/ntheorem.std
(/usr/local/texlive/2020/texmf-dist/tex/latex/base/latexsym.sty)
(/usr/local/texlive/2020/texmf-dist/tex/latex/amsfonts/amssymb.sty
(/usr/local/texlive/2020/texmf-dist/tex/latex/amsfonts/amsfonts.sty))))
(/usr/local/texlive/2020/texmf-dist/tex/latex/pgfplots/pgfplots.sty
(/usr/local/texlive/2020/texmf-dist/tex/generic/pgfplots/pgfplots.revision.tex)
(/usr/local/texlive/2020/texmf-dist/tex/latex/pgf/frontendlayer/tikz.sty
(/usr/local/texlive/2020/texmf-dist/tex/latex/pgf/basiclayer/pgf.sty
(/usr/local/texlive/2020/texmf-dist/tex/latex/pgf/utilities/pgfrcs.sty
(/usr/local/texlive/2020/texmf-dist/tex/generic/pgf/utilities/pgfutil-common.te
x
(/usr/local/texlive/2020/texmf-dist/tex/generic/pgf/utilities/pgfutil-common-li
sts.tex))
(/usr/local/texlive/2020/texmf-dist/tex/generic/pgf/utilities/pgfutil-latex.def
) (/usr/local/texlive/2020/texmf-dist/tex/generic/pgf/utilities/pgfrcs.code.tex
(/usr/local/texlive/2020/texmf-dist/tex/generic/pgf/pgf.revision.tex)))
(/usr/local/texlive/2020/texmf-dist/tex/latex/pgf/basiclayer/pgfcore.sty
(/usr/local/texlive/2020/texmf-dist/tex/latex/pgf/systemlayer/pgfsys.sty
(/usr/local/texlive/2020/texmf-dist/tex/generic/pgf/systemlayer/pgfsys.code.tex
(/usr/local/texlive/2020/texmf-dist/tex/generic/pgf/utilities/pgfkeys.code.tex
(/usr/local/texlive/2020/texmf-dist/tex/generic/pgf/utilities/pgfkeysfiltered.c
ode.tex))
(/usr/local/texlive/2020/texmf-dist/tex/generic/pgf/systemlayer/pgf.cfg)
(/usr/local/texlive/2020/texmf-dist/tex/generic/pgf/systemlayer/pgfsys-pdftex.d
ef
(/usr/local/texlive/2020/texmf-dist/tex/generic/pgf/systemlayer/pgfsys-common-p
df.def)))
(/usr/local/texlive/2020/texmf-dist/tex/generic/pgf/systemlayer/pgfsyssoftpath.
code.tex)
(/usr/local/texlive/2020/texmf-dist/tex/generic/pgf/systemlayer/pgfsysprotocol.
code.tex)) (/usr/local/texlive/2020/texmf-dist/tex/latex/xcolor/xcolor.sty
(/usr/local/texlive/2020/texmf-dist/tex/latex/graphics-cfg/color.cfg))
(/usr/local/texlive/2020/texmf-dist/tex/generic/pgf/basiclayer/pgfcore.code.tex
(/usr/local/texlive/2020/texmf-dist/tex/generic/pgf/math/pgfmath.code.tex
(/usr/local/texlive/2020/texmf-dist/tex/generic/pgf/math/pgfmathcalc.code.tex
(/usr/local/texlive/2020/texmf-dist/tex/generic/pgf/math/pgfmathutil.code.tex)
(/usr/local/texlive/2020/texmf-dist/tex/generic/pgf/math/pgfmathparser.code.tex
)
(/usr/local/texlive/2020/texmf-dist/tex/generic/pgf/math/pgfmathfunctions.code.
tex
(/usr/local/texlive/2020/texmf-dist/tex/generic/pgf/math/pgfmathfunctions.basic
.code.tex)
(/usr/local/texlive/2020/texmf-dist/tex/generic/pgf/math/pgfmathfunctions.trigo
nometric.code.tex)
(/usr/local/texlive/2020/texmf-dist/tex/generic/pgf/math/pgfmathfunctions.rando
m.code.tex)
(/usr/local/texlive/2020/texmf-dist/tex/generic/pgf/math/pgfmathfunctions.compa
rison.code.tex)
(/usr/local/texlive/2020/texmf-dist/tex/generic/pgf/math/pgfmathfunctions.base.
code.tex)
(/usr/local/texlive/2020/texmf-dist/tex/generic/pgf/math/pgfmathfunctions.round
.code.tex)
(/usr/local/texlive/2020/texmf-dist/tex/generic/pgf/math/pgfmathfunctions.misc.
code.tex)
(/usr/local/texlive/2020/texmf-dist/tex/generic/pgf/math/pgfmathfunctions.integ
erarithmetics.code.tex)))
(/usr/local/texlive/2020/texmf-dist/tex/generic/pgf/math/pgfmathfloat.code.tex)
) (/usr/local/texlive/2020/texmf-dist/tex/generic/pgf/math/pgfint.code.tex)
(/usr/local/texlive/2020/texmf-dist/tex/generic/pgf/basiclayer/pgfcorepoints.co
de.tex)
(/usr/local/texlive/2020/texmf-dist/tex/generic/pgf/basiclayer/pgfcorepathconst
ruct.code.tex)
(/usr/local/texlive/2020/texmf-dist/tex/generic/pgf/basiclayer/pgfcorepathusage
.code.tex)
(/usr/local/texlive/2020/texmf-dist/tex/generic/pgf/basiclayer/pgfcorescopes.co
de.tex)
(/usr/local/texlive/2020/texmf-dist/tex/generic/pgf/basiclayer/pgfcoregraphicst
ate.code.tex)
(/usr/local/texlive/2020/texmf-dist/tex/generic/pgf/basiclayer/pgfcoretransform
ations.code.tex)
(/usr/local/texlive/2020/texmf-dist/tex/generic/pgf/basiclayer/pgfcorequick.cod
e.tex)
(/usr/local/texlive/2020/texmf-dist/tex/generic/pgf/basiclayer/pgfcoreobjects.c
ode.tex)
(/usr/local/texlive/2020/texmf-dist/tex/generic/pgf/basiclayer/pgfcorepathproce
ssing.code.tex)
(/usr/local/texlive/2020/texmf-dist/tex/generic/pgf/basiclayer/pgfcorearrows.co
de.tex)
(/usr/local/texlive/2020/texmf-dist/tex/generic/pgf/basiclayer/pgfcoreshade.cod
e.tex)
(/usr/local/texlive/2020/texmf-dist/tex/generic/pgf/basiclayer/pgfcoreimage.cod
e.tex
(/usr/local/texlive/2020/texmf-dist/tex/generic/pgf/basiclayer/pgfcoreexternal.
code.tex))
(/usr/local/texlive/2020/texmf-dist/tex/generic/pgf/basiclayer/pgfcorelayers.co
de.tex)
(/usr/local/texlive/2020/texmf-dist/tex/generic/pgf/basiclayer/pgfcoretranspare
ncy.code.tex)
(/usr/local/texlive/2020/texmf-dist/tex/generic/pgf/basiclayer/pgfcorepatterns.
code.tex)
(/usr/local/texlive/2020/texmf-dist/tex/generic/pgf/basiclayer/pgfcorerdf.code.
tex)))
(/usr/local/texlive/2020/texmf-dist/tex/generic/pgf/modules/pgfmoduleshapes.cod
e.tex)
(/usr/local/texlive/2020/texmf-dist/tex/generic/pgf/modules/pgfmoduleplot.code.
tex)
(/usr/local/texlive/2020/texmf-dist/tex/latex/pgf/compatibility/pgfcomp-version
-0-65.sty)
(/usr/local/texlive/2020/texmf-dist/tex/latex/pgf/compatibility/pgfcomp-version
-1-18.sty))
(/usr/local/texlive/2020/texmf-dist/tex/latex/pgf/utilities/pgffor.sty
(/usr/local/texlive/2020/texmf-dist/tex/latex/pgf/utilities/pgfkeys.sty
(/usr/local/texlive/2020/texmf-dist/tex/generic/pgf/utilities/pgfkeys.code.tex)
) (/usr/local/texlive/2020/texmf-dist/tex/latex/pgf/math/pgfmath.sty
(/usr/local/texlive/2020/texmf-dist/tex/generic/pgf/math/pgfmath.code.tex))
(/usr/local/texlive/2020/texmf-dist/tex/generic/pgf/utilities/pgffor.code.tex
(/usr/local/texlive/2020/texmf-dist/tex/generic/pgf/math/pgfmath.code.tex)))
(/usr/local/texlive/2020/texmf-dist/tex/generic/pgf/frontendlayer/tikz/tikz.cod
e.tex
(/usr/local/texlive/2020/texmf-dist/tex/generic/pgf/libraries/pgflibraryplothan
dlers.code.tex)
(/usr/local/texlive/2020/texmf-dist/tex/generic/pgf/modules/pgfmodulematrix.cod
e.tex)
(/usr/local/texlive/2020/texmf-dist/tex/generic/pgf/frontendlayer/tikz/librarie
s/tikzlibrarytopaths.code.tex)))
(/usr/local/texlive/2020/texmf-dist/tex/generic/pgfplots/pgfplots.code.tex
(/usr/local/texlive/2020/texmf-dist/tex/generic/pgfplots/pgfplotscore.code.tex
(/usr/local/texlive/2020/texmf-dist/tex/generic/pgfplots/sys/pgfplotssysgeneric
.code.tex))
(/usr/local/texlive/2020/texmf-dist/tex/generic/pgfplots/libs/pgfplotslibrary.c
ode.tex)
(/usr/local/texlive/2020/texmf-dist/tex/generic/pgfplots/oldpgfcompatib/pgfplot
soldpgfsupp_loader.code.tex
(/usr/local/texlive/2020/texmf-dist/tex/generic/pgf/libraries/pgflibraryfpu.cod
e.tex))
(/usr/local/texlive/2020/texmf-dist/tex/generic/pgfplots/util/pgfplotsutil.code
.tex
(/usr/local/texlive/2020/texmf-dist/tex/generic/pgfplots/liststructure/pgfplots
liststructure.code.tex)
(/usr/local/texlive/2020/texmf-dist/tex/generic/pgfplots/liststructure/pgfplots
liststructureext.code.tex)
(/usr/local/texlive/2020/texmf-dist/tex/generic/pgfplots/liststructure/pgfplots
array.code.tex)
(/usr/local/texlive/2020/texmf-dist/tex/generic/pgfplots/liststructure/pgfplots
matrix.code.tex)
(/usr/local/texlive/2020/texmf-dist/tex/generic/pgfplots/numtable/pgfplotstable
shared.code.tex)
(/usr/local/texlive/2020/texmf-dist/tex/generic/pgfplots/liststructure/pgfplots
deque.code.tex)
(/usr/local/texlive/2020/texmf-dist/tex/generic/pgfplots/util/pgfplotsbinary.co
de.tex
(/usr/local/texlive/2020/texmf-dist/tex/generic/pgfplots/util/pgfplotsbinary.da
ta.code.tex))
(/usr/local/texlive/2020/texmf-dist/tex/generic/pgfplots/util/pgfplotsutil.verb
.code.tex)
(/usr/local/texlive/2020/texmf-dist/tex/generic/pgfplots/libs/pgflibrarypgfplot
s.surfshading.code.tex
(/usr/local/texlive/2020/texmf-dist/tex/generic/pgfplots/sys/pgflibrarypgfplots
.surfshading.pgfsys-pdftex.def)))
(/usr/local/texlive/2020/texmf-dist/tex/generic/pgfplots/util/pgfplotscolormap.
code.tex
(/usr/local/texlive/2020/texmf-dist/tex/generic/pgfplots/util/pgfplotscolor.cod
e.tex))
(/usr/local/texlive/2020/texmf-dist/tex/generic/pgfplots/pgfplotsstackedplots.c
ode.tex)
(/usr/local/texlive/2020/texmf-dist/tex/generic/pgfplots/pgfplotsplothandlers.c
ode.tex
(/usr/local/texlive/2020/texmf-dist/tex/generic/pgfplots/pgfplotsmeshplothandle
r.code.tex
(/usr/local/texlive/2020/texmf-dist/tex/generic/pgfplots/pgfplotsmeshplotimage.
code.tex)))
(/usr/local/texlive/2020/texmf-dist/tex/generic/pgfplots/pgfplots.scaling.code.
tex)
(/usr/local/texlive/2020/texmf-dist/tex/generic/pgfplots/pgfplotscoordprocessin
g.code.tex)
(/usr/local/texlive/2020/texmf-dist/tex/generic/pgfplots/pgfplots.errorbars.cod
e.tex)
(/usr/local/texlive/2020/texmf-dist/tex/generic/pgfplots/pgfplots.markers.code.
tex)
(/usr/local/texlive/2020/texmf-dist/tex/generic/pgfplots/pgfplotsticks.code.tex
)
(/usr/local/texlive/2020/texmf-dist/tex/generic/pgfplots/pgfplots.paths.code.te
x)
(/usr/local/texlive/2020/texmf-dist/tex/generic/pgf/frontendlayer/tikz/librarie
s/tikzlibrarydecorations.code.tex
(/usr/local/texlive/2020/texmf-dist/tex/generic/pgf/modules/pgfmoduledecoration
s.code.tex))
(/usr/local/texlive/2020/texmf-dist/tex/generic/pgf/frontendlayer/tikz/librarie
s/tikzlibrarydecorations.pathmorphing.code.tex
(/usr/local/texlive/2020/texmf-dist/tex/generic/pgf/libraries/decorations/pgfli
brarydecorations.pathmorphing.code.tex))
(/usr/local/texlive/2020/texmf-dist/tex/generic/pgf/frontendlayer/tikz/librarie
s/tikzlibrarydecorations.pathreplacing.code.tex
(/usr/local/texlive/2020/texmf-dist/tex/generic/pgf/libraries/decorations/pgfli
brarydecorations.pathreplacing.code.tex)))
(/usr/local/texlive/2020/texmf-dist/tex/generic/pgf/frontendlayer/tikz/librarie
s/tikzlibraryplotmarks.code.tex
(/usr/local/texlive/2020/texmf-dist/tex/generic/pgf/libraries/pgflibraryplotmar
ks.code.tex)))
(/usr/local/texlive/2020/texmf-dist/tex/latex/comment/comment.sty
Excluding comment 'comment')

! LaTeX Error: File `tabularray.sty' not found.

Type X to quit or <RETURN> to proceed,
or enter new name. (Default extension: sty)

Enter file name: 
! Emergency stop.
<read *> 
         
l.24 \usepackage
                {pgfplotstable}^^M
!  ==> Fatal error occurred, no output PDF file produced!
Transcript written on /diff_test_tex_engines/docker_bin_2/version_compiled_pdf_
2020/2306.03822/2306.03822_tl2020.log.
Latexmk: Examining '/diff_test_tex_engines/docker_bin_2/version_compiled_pdf_2020/2306.03822/2306.03822_tl2020.log'
=== TeX engine is 'pdfTeX'
Latexmk: Errors, so I did not complete making targets
