Rc files read:
  NONE
Latexmk: This is Latexmk, John Collins, 31 Jan. 2024. Version 4.83.
No existing .aux file, so I'll make a simple one, and require run of *latex.
Latexmk: applying rule 'pdflatex'...
Rule 'pdflatex':  Reasons for rerun
Category 'other':
  Rerun of 'pdflatex' forced or previously required:
    Reason or flag: 'Initial setup'

------------
Run number 1 of rule 'pdflatex'
------------
------------
Running 'pdflatex  -interaction=nonstopmode -recorder --jobname="2306.00746_tl2023" -output-directory="/diff_test_tex_engines/docker_bin_2/version_compiled_pdf/2306.00746"  "2306.00746"'
------------
This is pdfTeX, Version 3.141592653-2.6-1.40.25 (TeX Live 2023) (preloaded format=pdflatex)
 restricted \write18 enabled.
entering extended mode
(./2306.00746
LaTeX2e <2023-11-01> patch level 1
L3 programming layer <2024-02-20>
(/usr/local/texlive/2023/texmf-dist/tex/latex/base/article.cls
Document Class: article 2023/05/17 v1.4n Standard LaTeX document class
(/usr/local/texlive/2023/texmf-dist/tex/latex/base/size12.clo))
(/usr/local/texlive/2023/texmf-dist/tex/latex/amsmath/amsmath.sty
For additional information on amsmath, use the `?' option.
(/usr/local/texlive/2023/texmf-dist/tex/latex/amsmath/amstext.sty
(/usr/local/texlive/2023/texmf-dist/tex/latex/amsmath/amsgen.sty))
(/usr/local/texlive/2023/texmf-dist/tex/latex/amsmath/amsbsy.sty)
(/usr/local/texlive/2023/texmf-dist/tex/latex/amsmath/amsopn.sty))
(/usr/local/texlive/2023/texmf-dist/tex/latex/amscls/amsthm.sty)
(/usr/local/texlive/2023/texmf-dist/tex/latex/amsfonts/amssymb.sty
(/usr/local/texlive/2023/texmf-dist/tex/latex/amsfonts/amsfonts.sty))
(/usr/local/texlive/2023/texmf-dist/tex/latex/graphics/graphicx.sty
(/usr/local/texlive/2023/texmf-dist/tex/latex/graphics/keyval.sty)
(/usr/local/texlive/2023/texmf-dist/tex/latex/graphics/graphics.sty
(/usr/local/texlive/2023/texmf-dist/tex/latex/graphics/trig.sty)
(/usr/local/texlive/2023/texmf-dist/tex/latex/graphics-cfg/graphics.cfg)
(/usr/local/texlive/2023/texmf-dist/tex/latex/graphics-def/pdftex.def)))
(/usr/local/texlive/2023/texmf-dist/tex/latex/l3backend/l3backend-pdftex.def)
(/diff_test_tex_engines/docker_bin_2/version_compiled_pdf/2306.00746/2306.00746
_tl2023.aux)
(/usr/local/texlive/2023/texmf-dist/tex/context/base/mkii/supp-pdf.mkii
[Loading MPS to PDF converter (version 2006.09.02).]
) (/usr/local/texlive/2023/texmf-dist/tex/latex/epstopdf-pkg/epstopdf-base.sty
(/usr/local/texlive/2023/texmf-dist/tex/latex/latexconfig/epstopdf-sys.cfg))
(/usr/local/texlive/2023/texmf-dist/tex/latex/amsfonts/umsa.fd)
(/usr/local/texlive/2023/texmf-dist/tex/latex/amsfonts/umsb.fd)

LaTeX Warning: Citation `Co' on page 1 undefined on input line 126.


LaTeX Warning: Citation `Co' on page 1 undefined on input line 130.


LaTeX Warning: Citation `Ni' on page 1 undefined on input line 130.


LaTeX Warning: Citation `CMR' on page 1 undefined on input line 130.


LaTeX Warning: Citation `Pu1' on page 1 undefined on input line 132.


LaTeX Warning: Citation `Pu2' on page 1 undefined on input line 141.


Underfull \hbox (badness 10000) in paragraph at lines 141--151


Underfull \hbox (badness 10000) in paragraph at lines 141--151


Underfull \hbox (badness 10000) in paragraph at lines 141--151

[1{/usr/local/texlive/2023/texmf-var/fonts/map/pdftex/updmap/pdftex.map}]

LaTeX Warning: Citation `Pu1' on page 2 undefined on input line 166.


LaTeX Warning: Citation `Ni' on page 2 undefined on input line 170.


LaTeX Warning: Citation `CM' on page 2 undefined on input line 177.


LaTeX Warning: Citation `La' on page 2 undefined on input line 178.


Overfull \hbox (0.8214pt too wide) in paragraph at lines 163--179
\OT1/cmr/m/n/10.95 extend to chain-homotopy equiv-a-lences of ind-Fr^^Sechet co
m-plexes of $^^@$-modules.

Underfull \hbox (badness 10000) in paragraph at lines 163--179


Underfull \hbox (badness 10000) in paragraph at lines 163--179


Underfull \hbox (badness 10000) in paragraph at lines 163--179

[2]

LaTeX Warning: Citation `Pu4' on page 3 undefined on input line 188.


Underfull \hbox (badness 10000) in paragraph at lines 182--189


Underfull \hbox (badness 10000) in paragraph at lines 223--226

[3]
Underfull \hbox (badness 10000) in paragraph at lines 279--283


LaTeX Warning: Citation `BH' on page 4 undefined on input line 288.

[4]
Underfull \hbox (badness 10000) in paragraph at lines 297--300


LaTeX Warning: Citation `BH' on page 5 undefined on input line 306.


LaTeX Warning: Citation `BH' on page 5 undefined on input line 336.

[5]

LaTeX Warning: Citation `BH' on page 6 undefined on input line 388.

[6]
Overfull \hbox (72.52106pt too wide) detected at line 424
[]

LaTeX Warning: Citation `Pu1' on page 7 undefined on input line 431.


Underfull \hbox (badness 10000) in paragraph at lines 430--434

[7]
Underfull \hbox (badness 10000) in paragraph at lines 483--485


LaTeX Warning: Citation `Lo' on page 8 undefined on input line 487.


Overfull \hbox (86.2045pt too wide) detected at line 515
[] \OT1/cmr/m/n/10.95 (\OMS/cmsy/m/n/10.95 ^^@\OT1/cmr/m/n/10.95 1)[]\OML/cmm/m
/it/10.95 dF[]\OT1/cmr/m/n/10.95 (\OML/cmm/m/it/10.95 a[]\OT1/cmr/m/n/10.95 )\O
ML/cmm/m/it/10.95 dF[]\OT1/cmr/m/n/10.95 (\OML/cmm/m/it/10.95 a[]\OT1/cmr/m/n/1
0.95 ) [] \OML/cmm/m/it/10.95 dF[]\OT1/cmr/m/n/10.95 (\OML/cmm/m/it/10.95 a[]\O
T1/cmr/m/n/10.95 )\OML/cmm/m/it/10.95 d[]\OT1/cmr/m/n/10.95 (\OML/cmm/m/it/10.9
5 a[]\OT1/cmr/m/n/10.95 )\OML/cmm/m/it/10.95 dF[]\OT1/cmr/m/n/10.95 (\OML/cmm/m
/it/10.95 a[]\OT1/cmr/m/n/10.95 ) [] \OML/cmm/m/it/10.95 dF[]\OT1/cmr/m/n/10.95
 (\OML/cmm/m/it/10.95 a[]\OT1/cmr/m/n/10.95 )\OML/cmm/m/it/10.95 dF[]\OT1/cmr/m
/n/10.95 (\OML/cmm/m/it/10.95 a[]\OT1/cmr/m/n/10.95 ) [] \OML/cmm/m/it/10.95 dF
[]\OT1/cmr/m/n/10.95 (\OML/cmm/m/it/10.95 a[]\OT1/cmr/m/n/10.95 )\OML/cmm/m/it/
10.95 :
[8]
Overfull \hbox (5.61412pt too wide) in paragraph at lines 594--597
\OT1/cmr/m/it/10.95 with $\OML/cmm/m/it/10.95 h\OT1/cmr/m/n/10.95 (\OML/cmm/m/i
t/10.95 f; g\OT1/cmr/m/n/10.95 ) : 
[](\U/msb/m/n/10.95 C\OMS/cmsy/m/n/10.95 h\OML/cmm/m/it/10.95 X\OMS/cmsy/m/n/10
.95 i\OT1/cmr/m/n/10.95 ) \OMS/cmsy/m/n/10.95 ! \OT1/cmr/m/n/10.95 
[](\U/msb/m/n/10.95 C\OMS/cmsy/m/n/10.95 h\OML/cmm/m/it/10.95 Y\OMS/cmsy/m/n/10
.95 i\OT1/cmr/m/n/10.95 )$ \OT1/cmr/m/it/10.95 and $\OML/cmm/m/it/10.95 H\OT1/c
mr/m/n/10.95 (\OML/cmm/m/it/10.95 f; g\OT1/cmr/m/n/10.95 ) : 
[](\U/msb/m/n/10.95 C\OMS/cmsy/m/n/10.95 h\OML/cmm/m/it/10.95 X\OMS/cmsy/m/n/10
.95 i\OT1/cmr/m/n/10.95 ) \OMS/cmsy/m/n/10.95 ! \OT1/cmr/m/n/10.95 
[](\U/msb/m/n/10.95 C\OMS/cmsy/m/n/10.95 h\OML/cmm/m/it/10.95 Y\OMS/cmsy/m/n/10
.95 i\OT1/cmr/m/n/10.95 )$

Overfull \hbox (87.68015pt too wide) detected at line 605
\OML/cmm/m/it/10.95 h\OT1/cmr/m/n/10.95 (\OML/cmm/m/it/10.95 f; g\OT1/cmr/m/n/1
0.95 )(\OML/cmm/m/it/10.95 dx[] [] dx[]\OT1/cmr/m/n/10.95 )  =  [][]  [][] [] (
\OML/cmm/m/it/10.95 g\OT1/cmr/m/n/10.95 (\OML/cmm/m/it/10.95 x[]\OT1/cmr/m/n/10
.95 ) \OMS/cmsy/m/n/10.95 ^^@ \OML/cmm/m/it/10.95 f\OT1/cmr/m/n/10.95 (\OML/cmm
/m/it/10.95 x[]\OT1/cmr/m/n/10.95 ))\OML/cmm/m/it/10.95 du[]\OT1/cmr/m/n/10.95 
(\OML/cmm/m/it/10.95 x[]\OT1/cmr/m/n/10.95 ) [] \OML/cmm/m/it/10.95 du[]\OT1/cm
r/m/n/10.95 (\OML/cmm/m/it/10.95 x[]\OT1/cmr/m/n/10.95 )\OML/cmm/m/it/10.95 ;
[9]
Overfull \hbox (90.69656pt too wide) detected at line 620
\OML/cmm/m/it/10.95 ![] \OT1/cmr/m/n/10.95 = (\OMS/cmsy/m/n/10.95 ^^@\OT1/cmr/m
/n/10.95 1)[]\OML/cmm/m/it/10.95 du[]\OT1/cmr/m/n/10.95 (\OML/cmm/m/it/10.95 x[
]\OT1/cmr/m/n/10.95 ) [] \OML/cmm/m/it/10.95 du[]\OT1/cmr/m/n/10.95 (\OML/cmm/m
/it/10.95 x[]\OT1/cmr/m/n/10.95 )\OML/cmm/m/it/10.95 d\OT1/cmr/m/n/10.95 (\OML/
cmm/m/it/10.95 g\OT1/cmr/m/n/10.95 (\OML/cmm/m/it/10.95 x[]\OT1/cmr/m/n/10.95 )
 \OMS/cmsy/m/n/10.95 ^^@ \OML/cmm/m/it/10.95 f\OT1/cmr/m/n/10.95 (\OML/cmm/m/it
/10.95 x[]\OT1/cmr/m/n/10.95 ))\OML/cmm/m/it/10.95 du[]\OT1/cmr/m/n/10.95 (\OML
/cmm/m/it/10.95 x[]\OT1/cmr/m/n/10.95 ) [] \OML/cmm/m/it/10.95 du[]\OT1/cmr/m/n
/10.95 (\OML/cmm/m/it/10.95 x[]\OT1/cmr/m/n/10.95 )\OML/cmm/m/it/10.95 du[]\OT1
/cmr/m/n/10.95 (\OML/cmm/m/it/10.95 x[]\OT1/cmr/m/n/10.95 ) [] \OML/cmm/m/it/10
.95 du[]\OT1/cmr/m/n/10.95 (\OML/cmm/m/it/10.95 x[]\OT1/cmr/m/n/10.95 )

Overfull \hbox (16.3724pt too wide) in paragraph at lines 666--670
\OT1/cmr/m/n/10.95 (see (2.14.)-(2.16)). This de-fines an op-er-a-tor $\OML/cmm
/m/it/10.95 h[] \OT1/cmr/m/n/10.95 :  \OML/cmm/m/it/10.95 CC[]\OT1/cmr/m/n/10.9
5 (\U/msb/m/n/10.95 C\OMS/cmsy/m/n/10.95 h\OT1/cmr/m/n/10.95 ^^@\OMS/cmsy/m/n/1
0.95 i\OT1/cmr/m/n/10.95 )  [][]\OMS/cmsy/m/n/10.95 !  \OML/cmm/m/it/10.95 CC[]
\OT1/cmr/m/n/10.95 (\U/msb/m/n/10.95 C\OMS/cmsy/m/n/10.95 h\OT1/cmr/m/n/10.95 ^
^@\OMS/cmsy/m/n/10.95 i\OT1/cmr/m/n/10.95 )$
[10]
Underfull \hbox (badness 10000) in paragraph at lines 693--694


Underfull \hbox (badness 10000) in paragraph at lines 702--708

[11{/usr/local/texlive/2023/texmf-dist/fonts/enc/dvips/cm-super/cm-super-ts1.en
c}]
Underfull \hbox (badness 10000) in paragraph at lines 721--723


Underfull \hbox (badness 10000) in paragraph at lines 727--729


Overfull \hbox (1.83556pt too wide) in paragraph at lines 744--746
\OT1/cmr/bx/n/10.95 Definition and Lemma 4.2. \OT1/cmr/m/it/10.95 Let $\OT1/cmr
/m/n/10.95 ^^@$ \OT1/cmr/m/it/10.95 be a dis-crete isom-e-try group of a $\OML/
cmm/m/it/10.95 CAT\OT1/cmr/m/n/10.95 (0)$\OT1/cmr/m/it/10.95 -
[12]
Overfull \hbox (5.51457pt too wide) in paragraph at lines 799--801
\OML/cmm/m/it/10.95 CC[]\OT1/cmr/m/n/10.95 (\U/msb/m/n/10.95 C\OMS/cmsy/m/n/10.
95 h\OT1/cmr/m/n/10.95 ^^@\OMS/cmsy/m/n/10.95 i\OT1/cmr/m/n/10.95 )[]$ \OT1/cmr
/m/it/10.95 of $\OML/cmm/m/it/10.95 U$\OT1/cmr/m/it/10.95 -invariants of $\OML/
cmm/m/it/10.95 CC[]\OT1/cmr/m/n/10.95 (\U/msb/m/n/10.95 C\OMS/cmsy/m/n/10.95 h\
OT1/cmr/m/n/10.95 ^^@\OMS/cmsy/m/n/10.95 i\OT1/cmr/m/n/10.95 )$\OT1/cmr/m/it/10
.95 , give there-fore rise, via (4.11),

Overfull \hbox (1.83556pt too wide) in paragraph at lines 815--817
\OT1/cmr/bx/n/10.95 Definition and Lemma 4.3. \OT1/cmr/m/it/10.95 Let $\OT1/cmr
/m/n/10.95 ^^@$ \OT1/cmr/m/it/10.95 be a dis-crete isom-e-try group of a $\OML/
cmm/m/it/10.95 CAT\OT1/cmr/m/n/10.95 (0)$\OT1/cmr/m/it/10.95 -

Overfull \hbox (17.72733pt too wide) detected at line 827
\OMS/cmsy/m/n/10.95 k \OML/cmm/m/it/10.95 [] \OMS/cmsy/m/n/10.95 
 \OML/cmm/m/it/10.95 ![] \OMS/cmsy/m/n/10.95 k[] \OT1/cmr/m/n/10.95 =  [][] \OM
S/cmsy/m/n/10.95 ^^A k \OML/cmm/m/it/10.95 ![] \OMS/cmsy/m/n/10.95 k[] \OML/cmm
/m/it/10.95 :
[13]
Overfull \hbox (17.62679pt too wide) detected at line 912
[]\OT1/cmr/m/n/10.95 (^^@\OML/cmm/m/it/10.95 ; v\OT1/cmr/m/n/10.95 )[] \OMS/cms
y/m/n/10.95 
 \OML/cmm/m/it/10.95 CC[]\OT1/cmr/m/n/10.95 (\U/msb/m/n/10.95 C\OMS/cmsy/m/n/10
.95 h\OT1/cmr/m/n/10.95 ^^@\OMS/cmsy/m/n/10.95 i \U/msb/m/n/10.95 o \OML/cmm/m/
it/10.95 U \OT1/cmr/m/n/10.95 : \U/msb/m/n/10.95 C o \OML/cmm/m/it/10.95 U\OT1/
cmr/m/n/10.95 )[]  \OMS/cmsy/m/n/10.95 !  []\OT1/cmr/m/n/10.95 (^^@\OML/cmm/m/i
t/10.95 ; v\OT1/cmr/m/n/10.95 )[] \OMS/cmsy/m/n/10.95 
 \OML/cmm/m/it/10.95 CC[]\OT1/cmr/m/n/10.95 (\U/msb/m/n/10.95 C\OMS/cmsy/m/n/10
.95 h\OT1/cmr/m/n/10.95 ^^@\OMS/cmsy/m/n/10.95 i \U/msb/m/n/10.95 o \OML/cmm/m/
it/10.95 U \OT1/cmr/m/n/10.95 : \U/msb/m/n/10.95 C o \OML/cmm/m/it/10.95 U\OT1/
cmr/m/n/10.95 )[]\OML/cmm/m/it/10.95 :

Overfull \hbox (3.72385pt too wide) detected at line 921
[]\OT1/cmr/m/n/10.95 (^^@\OML/cmm/m/it/10.95 ; v\OT1/cmr/m/n/10.95 )[] \OMS/cms
y/m/n/10.95 
 \OML/cmm/m/it/10.95 CC[]\OT1/cmr/m/n/10.95 (\U/msb/m/n/10.95 C\OMS/cmsy/m/n/10
.95 h\OT1/cmr/m/n/10.95 ^^@\OMS/cmsy/m/n/10.95 i \U/msb/m/n/10.95 o \OML/cmm/m/
it/10.95 U \OT1/cmr/m/n/10.95 : \U/msb/m/n/10.95 C o \OML/cmm/m/it/10.95 U\OT1/
cmr/m/n/10.95 )[]  \OMS/cmsy/m/n/10.95 !  []\OT1/cmr/m/n/10.95 (^^@\OML/cmm/m/i
t/10.95 ; v\OT1/cmr/m/n/10.95 )[] \OMS/cmsy/m/n/10.95 
 \OML/cmm/m/it/10.95 CC[]\OT1/cmr/m/n/10.95 (\U/msb/m/n/10.95 C\OMS/cmsy/m/n/10
.95 h\OT1/cmr/m/n/10.95 ^^@\OMS/cmsy/m/n/10.95 i \U/msb/m/n/10.95 o \OML/cmm/m/
it/10.95 U \OT1/cmr/m/n/10.95 : \U/msb/m/n/10.95 C o \OML/cmm/m/it/10.95 U\OT1/
cmr/m/n/10.95 )[]
[14]
Underfull \hbox (badness 10000) in paragraph at lines 931--935


LaTeX Warning: Citation `BH' on page 15 undefined on input line 968.

[15]
Underfull \hbox (badness 10000) in paragraph at lines 1028--1033


Overfull \hbox (102.44202pt too wide) detected at line 1036
\OML/cmm/m/it/10.95 ^^V[]\OT1/cmr/m/n/10.95 (\OML/cmm/m/it/10.95 [] \OMS/cmsy/
m/n/10.95 
 \OML/cmm/m/it/10.95 ![]\OT1/cmr/m/n/10.95 )  =  \OML/cmm/m/it/10.95 h[]\OT1/cm
r/m/n/10.95 (\OML/cmm/m/it/10.95 []\OT1/cmr/m/n/10.95 ) \OMS/cmsy/m/n/10.95 
 \OML/cmm/m/it/10.95 ![]  \OT1/cmr/m/n/10.95 =  [] \OMS/cmsy/m/n/10.95 
 \OML/cmm/m/it/10.95 ![]

Overfull \hbox (89.76306pt too wide) detected at line 1046
\OML/cmm/m/it/10.95 []  \OT1/cmr/m/n/10.95 =  [\OML/cmm/m/it/10.95 ^^Y[]\OT1/c
mr/m/n/10.95 (\OML/cmm/m/it/10.95 h[]\OT1/cmr/m/n/10.95 )\OML/cmm/m/it/10.95 ; 
[] ; ^^Y[]\OT1/cmr/m/n/10.95 (\OML/cmm/m/it/10.95 h[]\OT1/cmr/m/n/10.95 )\OML/c
mm/m/it/10.95 ; ^^Y[]\OT1/cmr/m/n/10.95 (\OML/cmm/m/it/10.95 h[]\OT1/cmr/m/n/10
.95 )\OML/cmm/m/it/10.95 ; [] ; ^^Y[]\OT1/cmr/m/n/10.95 (\OML/cmm/m/it/10.95 h[
]\OT1/cmr/m/n/10.95 )]\OML/cmm/m/it/10.95 :

Overfull \hbox (20.53587pt too wide) in paragraph at lines 1046--1048
\OT1/cmr/m/n/10.95 Note that $\OML/cmm/m/it/10.95 d\OT1/cmr/m/n/10.95 (\OML/cmm
/m/it/10.95 g; g[]\OT1/cmr/m/n/10.95 ) \OMS/cmsy/m/n/10.95 ^^T \OML/cmm/m/it/10
.95 d\OT1/cmr/m/n/10.95 (\OML/cmm/m/it/10.95 h; h[]\OT1/cmr/m/n/10.95 ) + \OMS/
cmsy/m/n/10.95 j\OML/cmm/m/it/10.95 k \OMS/cmsy/m/n/10.95 ^^@ \OML/cmm/m/it/10.
95 k[]\OMS/cmsy/m/n/10.95 j \OT1/cmr/m/n/10.95 + 2 \OML/cmm/m/it/10.95 diam\OT1
/cmr/m/n/10.95 (\OML/cmm/m/it/10.95 D\OT1/cmr/m/n/10.95 )$ for all $\OML/cmm/m/
it/10.95 g \OMS/cmsy/m/n/10.95 2 \OML/cmm/m/it/10.95 Supp\OT1/cmr/m/n/10.95 (\O
ML/cmm/m/it/10.95 ^^Y[]\OT1/cmr/m/n/10.95 (\OML/cmm/m/it/10.95 h\OT1/cmr/m/n/10
.95 ))$
[16]

LaTeX Warning: Citation `BH' on page 17 undefined on input line 1100.


Underfull \hbox (badness 10000) in paragraph at lines 1098--1105


Overfull \hbox (39.33098pt too wide) detected at line 1108
\OMS/cmsy/m/n/10.95 k \OT1/cmr/m/n/10.95 (\OML/cmm/m/it/10.95 id \OMS/cmsy/m/n/
10.95 
 \OML/cmm/m/it/10.95 v\OT1/cmr/m/n/10.95 )(\OML/cmm/m/it/10.95 [] \OMS/cmsy/m/
n/10.95 
 \OML/cmm/m/it/10.95 ![]\OT1/cmr/m/n/10.95 ) \OMS/cmsy/m/n/10.95 k[] \OT1/cmr/m
/n/10.95 =  [][] \OMS/cmsy/m/n/10.95 ^^A k \OML/cmm/m/it/10.95 v![] \OMS/cmsy/m
/n/10.95 k[]

Overfull \hbox (15.05531pt too wide) detected at line 1113
\OMS/cmsy/m/n/10.95 ^^T  [][] ^^A k \OML/cmm/m/it/10.95 ![] \OMS/cmsy/m/n/10.95
 k[] ^^T  \OT1/cmr/m/n/10.95 2[]\OMS/cmsy/m/n/10.95 ^^A k \OML/cmm/m/it/10.95 
[] \OMS/cmsy/m/n/10.95 
 \OML/cmm/m/it/10.95 ![] \OMS/cmsy/m/n/10.95 k[]

Underfull \hbox (badness 10000) in paragraph at lines 1113--1119

[17]
Overfull \hbox (88.99438pt too wide) detected at line 1134
[]
[18]
Overfull \hbox (39.52808pt too wide) detected at line 1202
\OML/cmm/m/it/10.95 C[]\OT1/cmr/m/n/10.95 (^^@\OML/cmm/m/it/10.95 ; v\OT1/cmr/m
/n/10.95 )[] \OMS/cmsy/m/n/10.95 
 \OML/cmm/m/it/10.95 CC[]\OT1/cmr/m/n/10.95 (\U/msb/m/n/10.95 C\OMS/cmsy/m/n/10
.95 h\OT1/cmr/m/n/10.95 ^^@\OMS/cmsy/m/n/10.95 i \U/msb/m/n/10.95 o \OML/cmm/m/
it/10.95 U \OT1/cmr/m/n/10.95 : \U/msb/m/n/10.95 C o \OML/cmm/m/it/10.95 U\OT1/
cmr/m/n/10.95 )[]  []  \OML/cmm/m/it/10.95 C[]\OT1/cmr/m/n/10.95 (^^@\OML/cmm/m
/it/10.95 ; v\OT1/cmr/m/n/10.95 )[] \OMS/cmsy/m/n/10.95 
 \OML/cmm/m/it/10.95 CC[]\OT1/cmr/m/n/10.95 (\U/msb/m/n/10.95 C\OMS/cmsy/m/n/10
.95 hf^^Cgi \U/msb/m/n/10.95 o \OML/cmm/m/it/10.95 U \OT1/cmr/m/n/10.95 : \U/ms
b/m/n/10.95 C o \OML/cmm/m/it/10.95 U\OT1/cmr/m/n/10.95 )[]

LaTeX Warning: Citation `Lo' on page 19 undefined on input line 1216.


Underfull \hbox (badness 10000) in paragraph at lines 1216--1220


Overfull \hbox (24.44891pt too wide) detected at line 1232
\OMS/cmsy/m/n/10.95 k \OML/cmm/m/it/10.95 h[]\OT1/cmr/m/n/10.95 (\OML/cmm/m/it/
10.95 [] \OMS/cmsy/m/n/10.95 
 \OML/cmm/m/it/10.95 ![]\OT1/cmr/m/n/10.95 ) \OMS/cmsy/m/n/10.95 k[] ^^T  \OML/
cmm/m/it/10.95 C\OT1/cmr/m/n/10.95 (\OML/cmm/m/it/10.95 ^^U; R; diam\OT1/cmr/m/
n/10.95 (\OML/cmm/m/it/10.95 D\OT1/cmr/m/n/10.95 )\OML/cmm/m/it/10.95 ; k; l\OT
1/cmr/m/n/10.95 ) \OMS/cmsy/m/n/10.95 k \OML/cmm/m/it/10.95 [] \OMS/cmsy/m/n/1
0.95 
 \OML/cmm/m/it/10.95 ![] \OMS/cmsy/m/n/10.95 k[]

Overfull \hbox (18.78625pt too wide) detected at line 1247
\OML/cmm/m/it/10.95 h[]\OT1/cmr/m/n/10.95 (\OML/cmm/m/it/10.95 [] \OMS/cmsy/m/
n/10.95 
 \OML/cmm/m/it/10.95 ![]\OT1/cmr/m/n/10.95 )  =  (\OMS/cmsy/m/n/10.95 ^^@\OT1/c
mr/m/n/10.95 1)[]\OML/cmm/m/it/10.95 ^^Y[]\OT1/cmr/m/n/10.95 (\OML/cmm/m/it/10.
95 []\OT1/cmr/m/n/10.95 ) \OMS/cmsy/m/n/10.95 
 [] [] [] \OT1/cmr/m/n/10.95 (\OML/cmm/m/it/10.95 h \OT1/cmr/m/n/10.95 + \OML/c
mm/m/it/10.95 H\OT1/cmr/m/n/10.95 )(\OML/cmm/m/it/10.95 ^^Y[]; ^^Y[]\OT1/cmr/m/
n/10.95 )(\OML/cmm/m/it/10.95 ![]\OT1/cmr/m/n/10.95 )
[19]
Overfull \hbox (28.29788pt too wide) detected at line 1259
\OMS/cmsy/m/n/10.95 j\OML/cmm/m/it/10.95 ![]\OMS/cmsy/m/n/10.95 j[]  ^^T  \OML/
cmm/m/it/10.95 d\OT1/cmr/m/n/10.95 (\OML/cmm/m/it/10.95 g[]; g[]\OT1/cmr/m/n/10
.95 ) + [] + \OML/cmm/m/it/10.95 d\OT1/cmr/m/n/10.95 (\OML/cmm/m/it/10.95 g[]; 
g[]\OT1/cmr/m/n/10.95 ) + [] + \OML/cmm/m/it/10.95 d\OT1/cmr/m/n/10.95 (\OML/cm
m/m/it/10.95 g[]; g[]\OT1/cmr/m/n/10.95 ) + \OML/cmm/m/it/10.95 d\OT1/cmr/m/n/1
0.95 (\OML/cmm/m/it/10.95 g[]; vg[]\OT1/cmr/m/n/10.95 ) + (\OML/cmm/m/it/10.95 
n \OT1/cmr/m/n/10.95 + 1)(2 \OML/cmm/m/it/10.95 diam\OT1/cmr/m/n/10.95 (\OML/cm
m/m/it/10.95 D\OT1/cmr/m/n/10.95 ) + 1)

Overfull \hbox (118.40114pt too wide) detected at line 1263
\OML/cmm/m/it/10.95 d\OT1/cmr/m/n/10.95 (\OML/cmm/m/it/10.95 g[]; vg[]\OT1/cmr/
m/n/10.95 )  \OMS/cmsy/m/n/10.95 ^^T  \OML/cmm/m/it/10.95 d\OT1/cmr/m/n/10.95 (
\OML/cmm/m/it/10.95 ^^Y[]\OT1/cmr/m/n/10.95 (\OML/cmm/m/it/10.95 g[]x\OT1/cmr/m
/n/10.95 )\OML/cmm/m/it/10.95 ; v^^Y[]\OT1/cmr/m/n/10.95 (\OML/cmm/m/it/10.95 g
[]x\OT1/cmr/m/n/10.95 )) + 2 \OML/cmm/m/it/10.95 diam\OT1/cmr/m/n/10.95 (\OML/c
mm/m/it/10.95 D\OT1/cmr/m/n/10.95 )  \OMS/cmsy/m/n/10.95 ^^T  \OML/cmm/m/it/10.
95 d\OT1/cmr/m/n/10.95 (\OML/cmm/m/it/10.95 g[]; vg[]\OT1/cmr/m/n/10.95 ) + \OM
L/cmm/m/it/10.95 d\OT1/cmr/m/n/10.95 (\OML/cmm/m/it/10.95 uh[]x; vuh[]x\OT1/cmr
/m/n/10.95 ) + 2 \OML/cmm/m/it/10.95 diam\OT1/cmr/m/n/10.95 (\OML/cmm/m/it/10.9
5 D\OT1/cmr/m/n/10.95 )

Overfull \hbox (68.49306pt too wide) detected at line 1269
\OMS/cmsy/m/n/10.95 j\OML/cmm/m/it/10.95 ![]\OMS/cmsy/m/n/10.95 j[]  ^^T  j\OML
/cmm/m/it/10.95 ![]\OMS/cmsy/m/n/10.95 j[] \OT1/cmr/m/n/10.95 + \OML/cmm/m/it/1
0.95 d\OT1/cmr/m/n/10.95 (\OML/cmm/m/it/10.95 g[]; vg[]\OT1/cmr/m/n/10.95 ) + \
OML/cmm/m/it/10.95 d\OT1/cmr/m/n/10.95 (\OML/cmm/m/it/10.95 g[]; vg[]\OT1/cmr/m
/n/10.95 ) + (\OML/cmm/m/it/10.95 n \OT1/cmr/m/n/10.95 + 3)(2 \OML/cmm/m/it/10.
95 diam\OT1/cmr/m/n/10.95 (\OML/cmm/m/it/10.95 D\OT1/cmr/m/n/10.95 ) + 1)  \OMS
/cmsy/m/n/10.95 ^^T  \OT1/cmr/m/n/10.95 3\OMS/cmsy/m/n/10.95 j\OML/cmm/m/it/10.
95 ![]\OMS/cmsy/m/n/10.95 j[] \OT1/cmr/m/n/10.95 + (\OML/cmm/m/it/10.95 n \OT1/
cmr/m/n/10.95 + 3)(2 \OML/cmm/m/it/10.95 diam\OT1/cmr/m/n/10.95 (\OML/cmm/m/it/
10.95 D\OT1/cmr/m/n/10.95 ) + 1)

Overfull \hbox (24.44891pt too wide) detected at line 1289
\OMS/cmsy/m/n/10.95 k \OML/cmm/m/it/10.95 h[]\OT1/cmr/m/n/10.95 (\OML/cmm/m/it/
10.95 [] \OMS/cmsy/m/n/10.95 
 \OML/cmm/m/it/10.95 ![]\OT1/cmr/m/n/10.95 ) \OMS/cmsy/m/n/10.95 k[] ^^T  \OML/
cmm/m/it/10.95 C\OT1/cmr/m/n/10.95 (\OML/cmm/m/it/10.95 ^^U; R; diam\OT1/cmr/m/
n/10.95 (\OML/cmm/m/it/10.95 D\OT1/cmr/m/n/10.95 )\OML/cmm/m/it/10.95 ; k; l\OT
1/cmr/m/n/10.95 ) \OMS/cmsy/m/n/10.95 k \OML/cmm/m/it/10.95 [] \OMS/cmsy/m/n/1
0.95 
 \OML/cmm/m/it/10.95 ![] \OMS/cmsy/m/n/10.95 k[]

Overfull \hbox (86.50803pt too wide) detected at line 1302
[]
[20]
Overfull \hbox (57.57843pt too wide) detected at line 1321
\OML/cmm/m/it/10.95 Cone []

Overfull \hbox (5.40572pt too wide) detected at line 1345
\OML/cmm/m/it/10.95 Cone [] :

LaTeX Warning: Citation `Pu2' on page 21 undefined on input line 1357.

[21]
Underfull \hbox (badness 10000) in paragraph at lines 1375--1376


Underfull \hbox (badness 10000) in paragraph at lines 1378--1381


LaTeX Warning: Citation `KS' on page 22 undefined on input line 1399.

[22]
Underfull \hbox (badness 10000) in paragraph at lines 1407--1410

[23] [24] [25]

LaTeX Warning: Citation `BH' on page 26 undefined on input line 1549.


Underfull \hbox (badness 10000) in paragraph at lines 1551--1552


Underfull \hbox (badness 10000) in paragraph at lines 1552--1553

[26]
Overfull \hbox (28.45093pt too wide) detected at line 1593
\OML/cmm/m/it/10.95 b^^_\OT1/cmr/m/n/10.95 (\OML/cmm/m/it/10.95 u[]\OMS/cmsy/m/
n/10.95 h\OML/cmm/m/it/10.95 t[]\OMS/cmsy/m/n/10.95 i\OML/cmm/m/it/10.95 d\OMS/
cmsy/m/n/10.95 h\OML/cmm/m/it/10.95 t[]\OMS/cmsy/m/n/10.95 i\OML/cmm/m/it/10.95
 d\OMS/cmsy/m/n/10.95 h\OML/cmm/m/it/10.95 t[]\OMS/cmsy/m/n/10.95 i\OT1/cmr/m/n
/10.95 )  =  \OML/cmm/m/it/10.95 ^^_\OT1/cmr/m/n/10.95 (\OML/cmm/m/it/10.95 u[]
\OMS/cmsy/m/n/10.95 h\OML/cmm/m/it/10.95 t[]\OMS/cmsy/m/n/10.95 ih\OML/cmm/m/it
/10.95 t[]\OMS/cmsy/m/n/10.95 i\OML/cmm/m/it/10.95 d\OMS/cmsy/m/n/10.95 h\OML/c
mm/m/it/10.95 t[]\OMS/cmsy/m/n/10.95 i\OT1/cmr/m/n/10.95 )  \OMS/cmsy/m/n/10.95
 ^^@  \OML/cmm/m/it/10.95 ^^_\OT1/cmr/m/n/10.95 (\OML/cmm/m/it/10.95 u[]\OMS/cm
sy/m/n/10.95 h\OML/cmm/m/it/10.95 t[]\OMS/cmsy/m/n/10.95 i\OML/cmm/m/it/10.95 d
\OT1/cmr/m/n/10.95 (\OMS/cmsy/m/n/10.95 h\OML/cmm/m/it/10.95 t[]\OMS/cmsy/m/n/1
0.95 ih\OML/cmm/m/it/10.95 t[]\OMS/cmsy/m/n/10.95 i\OT1/cmr/m/n/10.95 ))  +  \O
ML/cmm/m/it/10.95 ^^_\OT1/cmr/m/n/10.95 (\OMS/cmsy/m/n/10.95 h\OML/cmm/m/it/10.
95 t[]\OMS/cmsy/m/n/10.95 i\OML/cmm/m/it/10.95 u[]\OMS/cmsy/m/n/10.95 h\OML/cmm
/m/it/10.95 t[]\OMS/cmsy/m/n/10.95 i\OML/cmm/m/it/10.95 d\OMS/cmsy/m/n/10.95 h\
OML/cmm/m/it/10.95 t[]\OMS/cmsy/m/n/10.95 i\OT1/cmr/m/n/10.95 )

LaTeX Warning: Citation `BH' on page 27 undefined on input line 1653.


LaTeX Warning: Citation `BH' on page 27 undefined on input line 1653.

[27]

LaTeX Warning: Citation `BH' on page 28 undefined on input line 1697.

[28]

LaTeX Warning: Citation `BH' on page 29 undefined on input line 1703.


Overfull \hbox (13.51714pt too wide) in paragraph at lines 1719--1722
\OT1/cmr/m/n/10.95 classes $[\OML/cmm/m/it/10.95 v\OT1/cmr/m/n/10.95 ]$ of hy-p
er-bolic el-e-ments in $^^@$, de-fines a bounded cochain on $\OML/cmm/m/it/10.9
5 CC[]\OT1/cmr/m/n/10.95 (\OML/cmm/m/it/10.95 `[]\OT1/cmr/m/n/10.95 (^^@))[]$

LaTeX Warning: Citation `Pu3' on page 29 undefined on input line 1733.

[29]

LaTeX Warning: Citation `BH' on page 30 undefined on input line 1796.


LaTeX Warning: Citation `Pu2' on page 30 undefined on input line 1815.

[30]
Overfull \hbox (32.3618pt too wide) detected at line 1823
\OML/cmm/m/it/10.95 HC[]\OT1/cmr/m/n/10.95 (\OML/cmm/m/it/10.95 `[]\OT1/cmr/m/n
/10.95 (^^@) \OMS/cmsy/m/n/10.95 
[] \OML/cmm/m/it/10.95 A; `[]\OT1/cmr/m/n/10.95 (^^@[]) \OMS/cmsy/m/n/10.95 
[] \OML/cmm/m/it/10.95 B\OT1/cmr/m/n/10.95 )  \OMS/cmsy/m/n/10.95 '  \OML/cmm/m
/it/10.95 Hom\OT1/cmr/m/n/10.95 (\OML/cmm/m/it/10.95 H[]\OT1/cmr/m/n/10.95 (^^@
\OML/cmm/m/it/10.95 ; \U/msb/m/n/10.95 C\OT1/cmr/m/n/10.95 ^^@[])\OML/cmm/m/it/
10.95 ; H[]\OT1/cmr/m/n/10.95 (^^@[]\OML/cmm/m/it/10.95 ; \U/msb/m/n/10.95 C\OT
1/cmr/m/n/10.95 ^^@[])) \OMS/cmsy/m/n/10.95 
 \OML/cmm/m/it/10.95 HC[]\OT1/cmr/m/n/10.95 (\OML/cmm/m/it/10.95 A; B\OT1/cmr/m
/n/10.95 )\OML/cmm/m/it/10.95 :

LaTeX Warning: Citation `Lo' on page 31 undefined on input line 1852.


LaTeX Warning: Citation `Co' on page 31 undefined on input line 1873.


LaTeX Warning: Citation `La' on page 31 undefined on input line 1873.

[31]

LaTeX Warning: Citation `Pu4' on page 32 undefined on input line 1878.


LaTeX Warning: Citation `Mi' on page 32 undefined on input line 1882.

[32] [33]
(/diff_test_tex_engines/docker_bin_2/version_compiled_pdf/2306.00746/2306.00746
_tl2023.aux)

LaTeX Warning: There were undefined references.


LaTeX Warning: Label(s) may have changed. Rerun to get cross-references right.

 )
(see the transcript file for additional information)</usr/local/texlive/2023/te
xmf-dist/fonts/type1/public/amsfonts/cm/cmbx10.pfb></usr/local/texlive/2023/tex
mf-dist/fonts/type1/public/amsfonts/cm/cmbx12.pfb></usr/local/texlive/2023/texm
f-dist/fonts/type1/public/amsfonts/cm/cmcsc10.pfb></usr/local/texlive/2023/texm
f-dist/fonts/type1/public/amsfonts/cm/cmex10.pfb></usr/local/texlive/2023/texmf
-dist/fonts/type1/public/amsfonts/cm/cmmi10.pfb></usr/local/texlive/2023/texmf-
dist/fonts/type1/public/amsfonts/cm/cmmi6.pfb></usr/local/texlive/2023/texmf-di
st/fonts/type1/public/amsfonts/cm/cmmi8.pfb></usr/local/texlive/2023/texmf-dist
/fonts/type1/public/amsfonts/cm/cmr10.pfb></usr/local/texlive/2023/texmf-dist/f
onts/type1/public/amsfonts/cm/cmr12.pfb></usr/local/texlive/2023/texmf-dist/fon
ts/type1/public/amsfonts/cm/cmr17.pfb></usr/local/texlive/2023/texmf-dist/fonts
/type1/public/amsfonts/cm/cmr6.pfb></usr/local/texlive/2023/texmf-dist/fonts/ty
pe1/public/amsfonts/cm/cmr8.pfb></usr/local/texlive/2023/texmf-dist/fonts/type1
/public/amsfonts/cm/cmsy10.pfb></usr/local/texlive/2023/texmf-dist/fonts/type1/
public/amsfonts/cm/cmsy6.pfb></usr/local/texlive/2023/texmf-dist/fonts/type1/pu
blic/amsfonts/cm/cmsy8.pfb></usr/local/texlive/2023/texmf-dist/fonts/type1/publ
ic/amsfonts/cm/cmti10.pfb></usr/local/texlive/2023/texmf-dist/fonts/type1/publi
c/amsfonts/symbols/msam10.pfb></usr/local/texlive/2023/texmf-dist/fonts/type1/p
ublic/amsfonts/symbols/msbm10.pfb></usr/local/texlive/2023/texmf-dist/fonts/typ
e1/public/cm-super/sfrm1095.pfb>
Output written on /diff_test_tex_engines/docker_bin_2/version_compiled_pdf/2306
.00746/2306.00746_tl2023.pdf (33 pages, 376357 bytes).
Transcript written on /diff_test_tex_engines/docker_bin_2/version_compiled_pdf/
2306.00746/2306.00746_tl2023.log.
Latexmk: Getting log file '/diff_test_tex_engines/docker_bin_2/version_compiled_pdf/2306.00746/2306.00746_tl2023.log'
Latexmk: Examining '/diff_test_tex_engines/docker_bin_2/version_compiled_pdf/2306.00746/2306.00746_tl2023.fls'
Latexmk: Examining '/diff_test_tex_engines/docker_bin_2/version_compiled_pdf/2306.00746/2306.00746_tl2023.log'
Latexmk: References changed.
Latexmk: Log file says output to '/diff_test_tex_engines/docker_bin_2/version_compiled_pdf/2306.00746/2306.00746_tl2023.pdf'
Latexmk: applying rule 'pdflatex'...
Rule 'pdflatex':  Reasons for rerun
Changed files or newly in use/created:
  /diff_test_tex_engines/docker_bin_2/version_compiled_pdf/2306.00746/2306.00746_tl2023.aux

------------
Run number 2 of rule 'pdflatex'
------------
------------
Running 'pdflatex  -interaction=nonstopmode -recorder --jobname="2306.00746_tl2023" -output-directory="/diff_test_tex_engines/docker_bin_2/version_compiled_pdf/2306.00746"  "2306.00746"'
------------
This is pdfTeX, Version 3.141592653-2.6-1.40.25 (TeX Live 2023) (preloaded format=pdflatex)
 restricted \write18 enabled.
entering extended mode
(./2306.00746
LaTeX2e <2023-11-01> patch level 1
L3 programming layer <2024-02-20>
(/usr/local/texlive/2023/texmf-dist/tex/latex/base/article.cls
Document Class: article 2023/05/17 v1.4n Standard LaTeX document class
(/usr/local/texlive/2023/texmf-dist/tex/latex/base/size12.clo))
(/usr/local/texlive/2023/texmf-dist/tex/latex/amsmath/amsmath.sty
For additional information on amsmath, use the `?' option.
(/usr/local/texlive/2023/texmf-dist/tex/latex/amsmath/amstext.sty
(/usr/local/texlive/2023/texmf-dist/tex/latex/amsmath/amsgen.sty))
(/usr/local/texlive/2023/texmf-dist/tex/latex/amsmath/amsbsy.sty)
(/usr/local/texlive/2023/texmf-dist/tex/latex/amsmath/amsopn.sty))
(/usr/local/texlive/2023/texmf-dist/tex/latex/amscls/amsthm.sty)
(/usr/local/texlive/2023/texmf-dist/tex/latex/amsfonts/amssymb.sty
(/usr/local/texlive/2023/texmf-dist/tex/latex/amsfonts/amsfonts.sty))
(/usr/local/texlive/2023/texmf-dist/tex/latex/graphics/graphicx.sty
(/usr/local/texlive/2023/texmf-dist/tex/latex/graphics/keyval.sty)
(/usr/local/texlive/2023/texmf-dist/tex/latex/graphics/graphics.sty
(/usr/local/texlive/2023/texmf-dist/tex/latex/graphics/trig.sty)
(/usr/local/texlive/2023/texmf-dist/tex/latex/graphics-cfg/graphics.cfg)
(/usr/local/texlive/2023/texmf-dist/tex/latex/graphics-def/pdftex.def)))
(/usr/local/texlive/2023/texmf-dist/tex/latex/l3backend/l3backend-pdftex.def)
(/diff_test_tex_engines/docker_bin_2/version_compiled_pdf/2306.00746/2306.00746
_tl2023.aux)
(/usr/local/texlive/2023/texmf-dist/tex/context/base/mkii/supp-pdf.mkii
[Loading MPS to PDF converter (version 2006.09.02).]
) (/usr/local/texlive/2023/texmf-dist/tex/latex/epstopdf-pkg/epstopdf-base.sty
(/usr/local/texlive/2023/texmf-dist/tex/latex/latexconfig/epstopdf-sys.cfg))
(/usr/local/texlive/2023/texmf-dist/tex/latex/amsfonts/umsa.fd)
(/usr/local/texlive/2023/texmf-dist/tex/latex/amsfonts/umsb.fd)
Underfull \hbox (badness 10000) in paragraph at lines 141--151


Underfull \hbox (badness 10000) in paragraph at lines 141--151


Underfull \hbox (badness 10000) in paragraph at lines 141--151

[1{/usr/local/texlive/2023/texmf-var/fonts/map/pdftex/updmap/pdftex.map}]
Overfull \hbox (0.8214pt too wide) in paragraph at lines 163--179
\OT1/cmr/m/n/10.95 extend to chain-homotopy equiv-a-lences of ind-Fr^^Sechet co
m-plexes of $^^@$-modules.

Underfull \hbox (badness 10000) in paragraph at lines 163--179


Underfull \hbox (badness 10000) in paragraph at lines 163--179


Underfull \hbox (badness 10000) in paragraph at lines 163--179

[2]
Underfull \hbox (badness 10000) in paragraph at lines 182--189


Underfull \hbox (badness 10000) in paragraph at lines 223--226

[3]
Underfull \hbox (badness 10000) in paragraph at lines 279--283

[4]
Underfull \hbox (badness 10000) in paragraph at lines 297--300

[5] [6]
Overfull \hbox (72.52106pt too wide) detected at line 424
[]

Underfull \hbox (badness 10000) in paragraph at lines 430--434

[7]
Underfull \hbox (badness 10000) in paragraph at lines 483--485


Overfull \hbox (86.2045pt too wide) detected at line 515
[] \OT1/cmr/m/n/10.95 (\OMS/cmsy/m/n/10.95 ^^@\OT1/cmr/m/n/10.95 1)[]\OML/cmm/m
/it/10.95 dF[]\OT1/cmr/m/n/10.95 (\OML/cmm/m/it/10.95 a[]\OT1/cmr/m/n/10.95 )\O
ML/cmm/m/it/10.95 dF[]\OT1/cmr/m/n/10.95 (\OML/cmm/m/it/10.95 a[]\OT1/cmr/m/n/1
0.95 ) [] \OML/cmm/m/it/10.95 dF[]\OT1/cmr/m/n/10.95 (\OML/cmm/m/it/10.95 a[]\O
T1/cmr/m/n/10.95 )\OML/cmm/m/it/10.95 d[]\OT1/cmr/m/n/10.95 (\OML/cmm/m/it/10.9
5 a[]\OT1/cmr/m/n/10.95 )\OML/cmm/m/it/10.95 dF[]\OT1/cmr/m/n/10.95 (\OML/cmm/m
/it/10.95 a[]\OT1/cmr/m/n/10.95 ) [] \OML/cmm/m/it/10.95 dF[]\OT1/cmr/m/n/10.95
 (\OML/cmm/m/it/10.95 a[]\OT1/cmr/m/n/10.95 )\OML/cmm/m/it/10.95 dF[]\OT1/cmr/m
/n/10.95 (\OML/cmm/m/it/10.95 a[]\OT1/cmr/m/n/10.95 ) [] \OML/cmm/m/it/10.95 dF
[]\OT1/cmr/m/n/10.95 (\OML/cmm/m/it/10.95 a[]\OT1/cmr/m/n/10.95 )\OML/cmm/m/it/
10.95 :
[8]
Overfull \hbox (5.61412pt too wide) in paragraph at lines 594--597
\OT1/cmr/m/it/10.95 with $\OML/cmm/m/it/10.95 h\OT1/cmr/m/n/10.95 (\OML/cmm/m/i
t/10.95 f; g\OT1/cmr/m/n/10.95 ) : 
[](\U/msb/m/n/10.95 C\OMS/cmsy/m/n/10.95 h\OML/cmm/m/it/10.95 X\OMS/cmsy/m/n/10
.95 i\OT1/cmr/m/n/10.95 ) \OMS/cmsy/m/n/10.95 ! \OT1/cmr/m/n/10.95 
[](\U/msb/m/n/10.95 C\OMS/cmsy/m/n/10.95 h\OML/cmm/m/it/10.95 Y\OMS/cmsy/m/n/10
.95 i\OT1/cmr/m/n/10.95 )$ \OT1/cmr/m/it/10.95 and $\OML/cmm/m/it/10.95 H\OT1/c
mr/m/n/10.95 (\OML/cmm/m/it/10.95 f; g\OT1/cmr/m/n/10.95 ) : 
[](\U/msb/m/n/10.95 C\OMS/cmsy/m/n/10.95 h\OML/cmm/m/it/10.95 X\OMS/cmsy/m/n/10
.95 i\OT1/cmr/m/n/10.95 ) \OMS/cmsy/m/n/10.95 ! \OT1/cmr/m/n/10.95 
[](\U/msb/m/n/10.95 C\OMS/cmsy/m/n/10.95 h\OML/cmm/m/it/10.95 Y\OMS/cmsy/m/n/10
.95 i\OT1/cmr/m/n/10.95 )$

Overfull \hbox (87.68015pt too wide) detected at line 605
\OML/cmm/m/it/10.95 h\OT1/cmr/m/n/10.95 (\OML/cmm/m/it/10.95 f; g\OT1/cmr/m/n/1
0.95 )(\OML/cmm/m/it/10.95 dx[] [] dx[]\OT1/cmr/m/n/10.95 )  =  [][]  [][] [] (
\OML/cmm/m/it/10.95 g\OT1/cmr/m/n/10.95 (\OML/cmm/m/it/10.95 x[]\OT1/cmr/m/n/10
.95 ) \OMS/cmsy/m/n/10.95 ^^@ \OML/cmm/m/it/10.95 f\OT1/cmr/m/n/10.95 (\OML/cmm
/m/it/10.95 x[]\OT1/cmr/m/n/10.95 ))\OML/cmm/m/it/10.95 du[]\OT1/cmr/m/n/10.95 
(\OML/cmm/m/it/10.95 x[]\OT1/cmr/m/n/10.95 ) [] \OML/cmm/m/it/10.95 du[]\OT1/cm
r/m/n/10.95 (\OML/cmm/m/it/10.95 x[]\OT1/cmr/m/n/10.95 )\OML/cmm/m/it/10.95 ;
[9]
Overfull \hbox (90.69656pt too wide) detected at line 620
\OML/cmm/m/it/10.95 ![] \OT1/cmr/m/n/10.95 = (\OMS/cmsy/m/n/10.95 ^^@\OT1/cmr/m
/n/10.95 1)[]\OML/cmm/m/it/10.95 du[]\OT1/cmr/m/n/10.95 (\OML/cmm/m/it/10.95 x[
]\OT1/cmr/m/n/10.95 ) [] \OML/cmm/m/it/10.95 du[]\OT1/cmr/m/n/10.95 (\OML/cmm/m
/it/10.95 x[]\OT1/cmr/m/n/10.95 )\OML/cmm/m/it/10.95 d\OT1/cmr/m/n/10.95 (\OML/
cmm/m/it/10.95 g\OT1/cmr/m/n/10.95 (\OML/cmm/m/it/10.95 x[]\OT1/cmr/m/n/10.95 )
 \OMS/cmsy/m/n/10.95 ^^@ \OML/cmm/m/it/10.95 f\OT1/cmr/m/n/10.95 (\OML/cmm/m/it
/10.95 x[]\OT1/cmr/m/n/10.95 ))\OML/cmm/m/it/10.95 du[]\OT1/cmr/m/n/10.95 (\OML
/cmm/m/it/10.95 x[]\OT1/cmr/m/n/10.95 ) [] \OML/cmm/m/it/10.95 du[]\OT1/cmr/m/n
/10.95 (\OML/cmm/m/it/10.95 x[]\OT1/cmr/m/n/10.95 )\OML/cmm/m/it/10.95 du[]\OT1
/cmr/m/n/10.95 (\OML/cmm/m/it/10.95 x[]\OT1/cmr/m/n/10.95 ) [] \OML/cmm/m/it/10
.95 du[]\OT1/cmr/m/n/10.95 (\OML/cmm/m/it/10.95 x[]\OT1/cmr/m/n/10.95 )

Overfull \hbox (16.3724pt too wide) in paragraph at lines 666--670
\OT1/cmr/m/n/10.95 (see (2.14.)-(2.16)). This de-fines an op-er-a-tor $\OML/cmm
/m/it/10.95 h[] \OT1/cmr/m/n/10.95 :  \OML/cmm/m/it/10.95 CC[]\OT1/cmr/m/n/10.9
5 (\U/msb/m/n/10.95 C\OMS/cmsy/m/n/10.95 h\OT1/cmr/m/n/10.95 ^^@\OMS/cmsy/m/n/1
0.95 i\OT1/cmr/m/n/10.95 )  [][]\OMS/cmsy/m/n/10.95 !  \OML/cmm/m/it/10.95 CC[]
\OT1/cmr/m/n/10.95 (\U/msb/m/n/10.95 C\OMS/cmsy/m/n/10.95 h\OT1/cmr/m/n/10.95 ^
^@\OMS/cmsy/m/n/10.95 i\OT1/cmr/m/n/10.95 )$
[10]
Underfull \hbox (badness 10000) in paragraph at lines 693--694


Underfull \hbox (badness 10000) in paragraph at lines 702--708

[11{/usr/local/texlive/2023/texmf-dist/fonts/enc/dvips/cm-super/cm-super-ts1.en
c}]
Underfull \hbox (badness 10000) in paragraph at lines 721--723


Underfull \hbox (badness 10000) in paragraph at lines 727--729


Overfull \hbox (1.83556pt too wide) in paragraph at lines 744--746
\OT1/cmr/bx/n/10.95 Definition and Lemma 4.2. \OT1/cmr/m/it/10.95 Let $\OT1/cmr
/m/n/10.95 ^^@$ \OT1/cmr/m/it/10.95 be a dis-crete isom-e-try group of a $\OML/
cmm/m/it/10.95 CAT\OT1/cmr/m/n/10.95 (0)$\OT1/cmr/m/it/10.95 -
[12]
Overfull \hbox (5.51457pt too wide) in paragraph at lines 799--801
\OML/cmm/m/it/10.95 CC[]\OT1/cmr/m/n/10.95 (\U/msb/m/n/10.95 C\OMS/cmsy/m/n/10.
95 h\OT1/cmr/m/n/10.95 ^^@\OMS/cmsy/m/n/10.95 i\OT1/cmr/m/n/10.95 )[]$ \OT1/cmr
/m/it/10.95 of $\OML/cmm/m/it/10.95 U$\OT1/cmr/m/it/10.95 -invariants of $\OML/
cmm/m/it/10.95 CC[]\OT1/cmr/m/n/10.95 (\U/msb/m/n/10.95 C\OMS/cmsy/m/n/10.95 h\
OT1/cmr/m/n/10.95 ^^@\OMS/cmsy/m/n/10.95 i\OT1/cmr/m/n/10.95 )$\OT1/cmr/m/it/10
.95 , give there-fore rise, via (4.11),

Overfull \hbox (1.83556pt too wide) in paragraph at lines 815--817
\OT1/cmr/bx/n/10.95 Definition and Lemma 4.3. \OT1/cmr/m/it/10.95 Let $\OT1/cmr
/m/n/10.95 ^^@$ \OT1/cmr/m/it/10.95 be a dis-crete isom-e-try group of a $\OML/
cmm/m/it/10.95 CAT\OT1/cmr/m/n/10.95 (0)$\OT1/cmr/m/it/10.95 -

Overfull \hbox (17.72733pt too wide) detected at line 827
\OMS/cmsy/m/n/10.95 k \OML/cmm/m/it/10.95 [] \OMS/cmsy/m/n/10.95 
 \OML/cmm/m/it/10.95 ![] \OMS/cmsy/m/n/10.95 k[] \OT1/cmr/m/n/10.95 =  [][] \OM
S/cmsy/m/n/10.95 ^^A k \OML/cmm/m/it/10.95 ![] \OMS/cmsy/m/n/10.95 k[] \OML/cmm
/m/it/10.95 :
[13]
Overfull \hbox (17.62679pt too wide) detected at line 912
[]\OT1/cmr/m/n/10.95 (^^@\OML/cmm/m/it/10.95 ; v\OT1/cmr/m/n/10.95 )[] \OMS/cms
y/m/n/10.95 
 \OML/cmm/m/it/10.95 CC[]\OT1/cmr/m/n/10.95 (\U/msb/m/n/10.95 C\OMS/cmsy/m/n/10
.95 h\OT1/cmr/m/n/10.95 ^^@\OMS/cmsy/m/n/10.95 i \U/msb/m/n/10.95 o \OML/cmm/m/
it/10.95 U \OT1/cmr/m/n/10.95 : \U/msb/m/n/10.95 C o \OML/cmm/m/it/10.95 U\OT1/
cmr/m/n/10.95 )[]  \OMS/cmsy/m/n/10.95 !  []\OT1/cmr/m/n/10.95 (^^@\OML/cmm/m/i
t/10.95 ; v\OT1/cmr/m/n/10.95 )[] \OMS/cmsy/m/n/10.95 
 \OML/cmm/m/it/10.95 CC[]\OT1/cmr/m/n/10.95 (\U/msb/m/n/10.95 C\OMS/cmsy/m/n/10
.95 h\OT1/cmr/m/n/10.95 ^^@\OMS/cmsy/m/n/10.95 i \U/msb/m/n/10.95 o \OML/cmm/m/
it/10.95 U \OT1/cmr/m/n/10.95 : \U/msb/m/n/10.95 C o \OML/cmm/m/it/10.95 U\OT1/
cmr/m/n/10.95 )[]\OML/cmm/m/it/10.95 :

Overfull \hbox (3.72385pt too wide) detected at line 921
[]\OT1/cmr/m/n/10.95 (^^@\OML/cmm/m/it/10.95 ; v\OT1/cmr/m/n/10.95 )[] \OMS/cms
y/m/n/10.95 
 \OML/cmm/m/it/10.95 CC[]\OT1/cmr/m/n/10.95 (\U/msb/m/n/10.95 C\OMS/cmsy/m/n/10
.95 h\OT1/cmr/m/n/10.95 ^^@\OMS/cmsy/m/n/10.95 i \U/msb/m/n/10.95 o \OML/cmm/m/
it/10.95 U \OT1/cmr/m/n/10.95 : \U/msb/m/n/10.95 C o \OML/cmm/m/it/10.95 U\OT1/
cmr/m/n/10.95 )[]  \OMS/cmsy/m/n/10.95 !  []\OT1/cmr/m/n/10.95 (^^@\OML/cmm/m/i
t/10.95 ; v\OT1/cmr/m/n/10.95 )[] \OMS/cmsy/m/n/10.95 
 \OML/cmm/m/it/10.95 CC[]\OT1/cmr/m/n/10.95 (\U/msb/m/n/10.95 C\OMS/cmsy/m/n/10
.95 h\OT1/cmr/m/n/10.95 ^^@\OMS/cmsy/m/n/10.95 i \U/msb/m/n/10.95 o \OML/cmm/m/
it/10.95 U \OT1/cmr/m/n/10.95 : \U/msb/m/n/10.95 C o \OML/cmm/m/it/10.95 U\OT1/
cmr/m/n/10.95 )[]
[14]
Underfull \hbox (badness 10000) in paragraph at lines 931--935

[15]
Underfull \hbox (badness 10000) in paragraph at lines 1028--1033


Overfull \hbox (102.44202pt too wide) detected at line 1036
\OML/cmm/m/it/10.95 ^^V[]\OT1/cmr/m/n/10.95 (\OML/cmm/m/it/10.95 [] \OMS/cmsy/
m/n/10.95 
 \OML/cmm/m/it/10.95 ![]\OT1/cmr/m/n/10.95 )  =  \OML/cmm/m/it/10.95 h[]\OT1/cm
r/m/n/10.95 (\OML/cmm/m/it/10.95 []\OT1/cmr/m/n/10.95 ) \OMS/cmsy/m/n/10.95 
 \OML/cmm/m/it/10.95 ![]  \OT1/cmr/m/n/10.95 =  [] \OMS/cmsy/m/n/10.95 
 \OML/cmm/m/it/10.95 ![]

Overfull \hbox (89.76306pt too wide) detected at line 1046
\OML/cmm/m/it/10.95 []  \OT1/cmr/m/n/10.95 =  [\OML/cmm/m/it/10.95 ^^Y[]\OT1/c
mr/m/n/10.95 (\OML/cmm/m/it/10.95 h[]\OT1/cmr/m/n/10.95 )\OML/cmm/m/it/10.95 ; 
[] ; ^^Y[]\OT1/cmr/m/n/10.95 (\OML/cmm/m/it/10.95 h[]\OT1/cmr/m/n/10.95 )\OML/c
mm/m/it/10.95 ; ^^Y[]\OT1/cmr/m/n/10.95 (\OML/cmm/m/it/10.95 h[]\OT1/cmr/m/n/10
.95 )\OML/cmm/m/it/10.95 ; [] ; ^^Y[]\OT1/cmr/m/n/10.95 (\OML/cmm/m/it/10.95 h[
]\OT1/cmr/m/n/10.95 )]\OML/cmm/m/it/10.95 :

Overfull \hbox (20.53587pt too wide) in paragraph at lines 1046--1048
\OT1/cmr/m/n/10.95 Note that $\OML/cmm/m/it/10.95 d\OT1/cmr/m/n/10.95 (\OML/cmm
/m/it/10.95 g; g[]\OT1/cmr/m/n/10.95 ) \OMS/cmsy/m/n/10.95 ^^T \OML/cmm/m/it/10
.95 d\OT1/cmr/m/n/10.95 (\OML/cmm/m/it/10.95 h; h[]\OT1/cmr/m/n/10.95 ) + \OMS/
cmsy/m/n/10.95 j\OML/cmm/m/it/10.95 k \OMS/cmsy/m/n/10.95 ^^@ \OML/cmm/m/it/10.
95 k[]\OMS/cmsy/m/n/10.95 j \OT1/cmr/m/n/10.95 + 2 \OML/cmm/m/it/10.95 diam\OT1
/cmr/m/n/10.95 (\OML/cmm/m/it/10.95 D\OT1/cmr/m/n/10.95 )$ for all $\OML/cmm/m/
it/10.95 g \OMS/cmsy/m/n/10.95 2 \OML/cmm/m/it/10.95 Supp\OT1/cmr/m/n/10.95 (\O
ML/cmm/m/it/10.95 ^^Y[]\OT1/cmr/m/n/10.95 (\OML/cmm/m/it/10.95 h\OT1/cmr/m/n/10
.95 ))$
[16]
Underfull \hbox (badness 10000) in paragraph at lines 1098--1105


Overfull \hbox (39.33098pt too wide) detected at line 1108
\OMS/cmsy/m/n/10.95 k \OT1/cmr/m/n/10.95 (\OML/cmm/m/it/10.95 id \OMS/cmsy/m/n/
10.95 
 \OML/cmm/m/it/10.95 v\OT1/cmr/m/n/10.95 )(\OML/cmm/m/it/10.95 [] \OMS/cmsy/m/
n/10.95 
 \OML/cmm/m/it/10.95 ![]\OT1/cmr/m/n/10.95 ) \OMS/cmsy/m/n/10.95 k[] \OT1/cmr/m
/n/10.95 =  [][] \OMS/cmsy/m/n/10.95 ^^A k \OML/cmm/m/it/10.95 v![] \OMS/cmsy/m
/n/10.95 k[]

Overfull \hbox (15.05531pt too wide) detected at line 1113
\OMS/cmsy/m/n/10.95 ^^T  [][] ^^A k \OML/cmm/m/it/10.95 ![] \OMS/cmsy/m/n/10.95
 k[] ^^T  \OT1/cmr/m/n/10.95 2[]\OMS/cmsy/m/n/10.95 ^^A k \OML/cmm/m/it/10.95 
[] \OMS/cmsy/m/n/10.95 
 \OML/cmm/m/it/10.95 ![] \OMS/cmsy/m/n/10.95 k[]

Underfull \hbox (badness 10000) in paragraph at lines 1113--1119

[17]
Overfull \hbox (88.99438pt too wide) detected at line 1134
[]
[18]
Overfull \hbox (39.52808pt too wide) detected at line 1202
\OML/cmm/m/it/10.95 C[]\OT1/cmr/m/n/10.95 (^^@\OML/cmm/m/it/10.95 ; v\OT1/cmr/m
/n/10.95 )[] \OMS/cmsy/m/n/10.95 
 \OML/cmm/m/it/10.95 CC[]\OT1/cmr/m/n/10.95 (\U/msb/m/n/10.95 C\OMS/cmsy/m/n/10
.95 h\OT1/cmr/m/n/10.95 ^^@\OMS/cmsy/m/n/10.95 i \U/msb/m/n/10.95 o \OML/cmm/m/
it/10.95 U \OT1/cmr/m/n/10.95 : \U/msb/m/n/10.95 C o \OML/cmm/m/it/10.95 U\OT1/
cmr/m/n/10.95 )[]  []  \OML/cmm/m/it/10.95 C[]\OT1/cmr/m/n/10.95 (^^@\OML/cmm/m
/it/10.95 ; v\OT1/cmr/m/n/10.95 )[] \OMS/cmsy/m/n/10.95 
 \OML/cmm/m/it/10.95 CC[]\OT1/cmr/m/n/10.95 (\U/msb/m/n/10.95 C\OMS/cmsy/m/n/10
.95 hf^^Cgi \U/msb/m/n/10.95 o \OML/cmm/m/it/10.95 U \OT1/cmr/m/n/10.95 : \U/ms
b/m/n/10.95 C o \OML/cmm/m/it/10.95 U\OT1/cmr/m/n/10.95 )[]

Underfull \hbox (badness 10000) in paragraph at lines 1216--1220


Overfull \hbox (24.44891pt too wide) detected at line 1232
\OMS/cmsy/m/n/10.95 k \OML/cmm/m/it/10.95 h[]\OT1/cmr/m/n/10.95 (\OML/cmm/m/it/
10.95 [] \OMS/cmsy/m/n/10.95 
 \OML/cmm/m/it/10.95 ![]\OT1/cmr/m/n/10.95 ) \OMS/cmsy/m/n/10.95 k[] ^^T  \OML/
cmm/m/it/10.95 C\OT1/cmr/m/n/10.95 (\OML/cmm/m/it/10.95 ^^U; R; diam\OT1/cmr/m/
n/10.95 (\OML/cmm/m/it/10.95 D\OT1/cmr/m/n/10.95 )\OML/cmm/m/it/10.95 ; k; l\OT
1/cmr/m/n/10.95 ) \OMS/cmsy/m/n/10.95 k \OML/cmm/m/it/10.95 [] \OMS/cmsy/m/n/1
0.95 
 \OML/cmm/m/it/10.95 ![] \OMS/cmsy/m/n/10.95 k[]

Overfull \hbox (18.78625pt too wide) detected at line 1247
\OML/cmm/m/it/10.95 h[]\OT1/cmr/m/n/10.95 (\OML/cmm/m/it/10.95 [] \OMS/cmsy/m/
n/10.95 
 \OML/cmm/m/it/10.95 ![]\OT1/cmr/m/n/10.95 )  =  (\OMS/cmsy/m/n/10.95 ^^@\OT1/c
mr/m/n/10.95 1)[]\OML/cmm/m/it/10.95 ^^Y[]\OT1/cmr/m/n/10.95 (\OML/cmm/m/it/10.
95 []\OT1/cmr/m/n/10.95 ) \OMS/cmsy/m/n/10.95 
 [] [] [] \OT1/cmr/m/n/10.95 (\OML/cmm/m/it/10.95 h \OT1/cmr/m/n/10.95 + \OML/c
mm/m/it/10.95 H\OT1/cmr/m/n/10.95 )(\OML/cmm/m/it/10.95 ^^Y[]; ^^Y[]\OT1/cmr/m/
n/10.95 )(\OML/cmm/m/it/10.95 ![]\OT1/cmr/m/n/10.95 )
[19]
Overfull \hbox (28.29788pt too wide) detected at line 1259
\OMS/cmsy/m/n/10.95 j\OML/cmm/m/it/10.95 ![]\OMS/cmsy/m/n/10.95 j[]  ^^T  \OML/
cmm/m/it/10.95 d\OT1/cmr/m/n/10.95 (\OML/cmm/m/it/10.95 g[]; g[]\OT1/cmr/m/n/10
.95 ) + [] + \OML/cmm/m/it/10.95 d\OT1/cmr/m/n/10.95 (\OML/cmm/m/it/10.95 g[]; 
g[]\OT1/cmr/m/n/10.95 ) + [] + \OML/cmm/m/it/10.95 d\OT1/cmr/m/n/10.95 (\OML/cm
m/m/it/10.95 g[]; g[]\OT1/cmr/m/n/10.95 ) + \OML/cmm/m/it/10.95 d\OT1/cmr/m/n/1
0.95 (\OML/cmm/m/it/10.95 g[]; vg[]\OT1/cmr/m/n/10.95 ) + (\OML/cmm/m/it/10.95 
n \OT1/cmr/m/n/10.95 + 1)(2 \OML/cmm/m/it/10.95 diam\OT1/cmr/m/n/10.95 (\OML/cm
m/m/it/10.95 D\OT1/cmr/m/n/10.95 ) + 1)

Overfull \hbox (118.40114pt too wide) detected at line 1263
\OML/cmm/m/it/10.95 d\OT1/cmr/m/n/10.95 (\OML/cmm/m/it/10.95 g[]; vg[]\OT1/cmr/
m/n/10.95 )  \OMS/cmsy/m/n/10.95 ^^T  \OML/cmm/m/it/10.95 d\OT1/cmr/m/n/10.95 (
\OML/cmm/m/it/10.95 ^^Y[]\OT1/cmr/m/n/10.95 (\OML/cmm/m/it/10.95 g[]x\OT1/cmr/m
/n/10.95 )\OML/cmm/m/it/10.95 ; v^^Y[]\OT1/cmr/m/n/10.95 (\OML/cmm/m/it/10.95 g
[]x\OT1/cmr/m/n/10.95 )) + 2 \OML/cmm/m/it/10.95 diam\OT1/cmr/m/n/10.95 (\OML/c
mm/m/it/10.95 D\OT1/cmr/m/n/10.95 )  \OMS/cmsy/m/n/10.95 ^^T  \OML/cmm/m/it/10.
95 d\OT1/cmr/m/n/10.95 (\OML/cmm/m/it/10.95 g[]; vg[]\OT1/cmr/m/n/10.95 ) + \OM
L/cmm/m/it/10.95 d\OT1/cmr/m/n/10.95 (\OML/cmm/m/it/10.95 uh[]x; vuh[]x\OT1/cmr
/m/n/10.95 ) + 2 \OML/cmm/m/it/10.95 diam\OT1/cmr/m/n/10.95 (\OML/cmm/m/it/10.9
5 D\OT1/cmr/m/n/10.95 )

Overfull \hbox (68.49306pt too wide) detected at line 1269
\OMS/cmsy/m/n/10.95 j\OML/cmm/m/it/10.95 ![]\OMS/cmsy/m/n/10.95 j[]  ^^T  j\OML
/cmm/m/it/10.95 ![]\OMS/cmsy/m/n/10.95 j[] \OT1/cmr/m/n/10.95 + \OML/cmm/m/it/1
0.95 d\OT1/cmr/m/n/10.95 (\OML/cmm/m/it/10.95 g[]; vg[]\OT1/cmr/m/n/10.95 ) + \
OML/cmm/m/it/10.95 d\OT1/cmr/m/n/10.95 (\OML/cmm/m/it/10.95 g[]; vg[]\OT1/cmr/m
/n/10.95 ) + (\OML/cmm/m/it/10.95 n \OT1/cmr/m/n/10.95 + 3)(2 \OML/cmm/m/it/10.
95 diam\OT1/cmr/m/n/10.95 (\OML/cmm/m/it/10.95 D\OT1/cmr/m/n/10.95 ) + 1)  \OMS
/cmsy/m/n/10.95 ^^T  \OT1/cmr/m/n/10.95 3\OMS/cmsy/m/n/10.95 j\OML/cmm/m/it/10.
95 ![]\OMS/cmsy/m/n/10.95 j[] \OT1/cmr/m/n/10.95 + (\OML/cmm/m/it/10.95 n \OT1/
cmr/m/n/10.95 + 3)(2 \OML/cmm/m/it/10.95 diam\OT1/cmr/m/n/10.95 (\OML/cmm/m/it/
10.95 D\OT1/cmr/m/n/10.95 ) + 1)

Overfull \hbox (24.44891pt too wide) detected at line 1289
\OMS/cmsy/m/n/10.95 k \OML/cmm/m/it/10.95 h[]\OT1/cmr/m/n/10.95 (\OML/cmm/m/it/
10.95 [] \OMS/cmsy/m/n/10.95 
 \OML/cmm/m/it/10.95 ![]\OT1/cmr/m/n/10.95 ) \OMS/cmsy/m/n/10.95 k[] ^^T  \OML/
cmm/m/it/10.95 C\OT1/cmr/m/n/10.95 (\OML/cmm/m/it/10.95 ^^U; R; diam\OT1/cmr/m/
n/10.95 (\OML/cmm/m/it/10.95 D\OT1/cmr/m/n/10.95 )\OML/cmm/m/it/10.95 ; k; l\OT
1/cmr/m/n/10.95 ) \OMS/cmsy/m/n/10.95 k \OML/cmm/m/it/10.95 [] \OMS/cmsy/m/n/1
0.95 
 \OML/cmm/m/it/10.95 ![] \OMS/cmsy/m/n/10.95 k[]

Overfull \hbox (86.50803pt too wide) detected at line 1302
[]
[20]
Overfull \hbox (57.57843pt too wide) detected at line 1321
\OML/cmm/m/it/10.95 Cone []

Overfull \hbox (5.40572pt too wide) detected at line 1345
\OML/cmm/m/it/10.95 Cone [] :
[21]
Underfull \hbox (badness 10000) in paragraph at lines 1375--1376


Underfull \hbox (badness 10000) in paragraph at lines 1378--1381

[22]
Underfull \hbox (badness 10000) in paragraph at lines 1407--1410

[23] [24] [25]
Underfull \hbox (badness 10000) in paragraph at lines 1551--1552


Underfull \hbox (badness 10000) in paragraph at lines 1552--1553

[26]
Overfull \hbox (28.45093pt too wide) detected at line 1593
\OML/cmm/m/it/10.95 b^^_\OT1/cmr/m/n/10.95 (\OML/cmm/m/it/10.95 u[]\OMS/cmsy/m/
n/10.95 h\OML/cmm/m/it/10.95 t[]\OMS/cmsy/m/n/10.95 i\OML/cmm/m/it/10.95 d\OMS/
cmsy/m/n/10.95 h\OML/cmm/m/it/10.95 t[]\OMS/cmsy/m/n/10.95 i\OML/cmm/m/it/10.95
 d\OMS/cmsy/m/n/10.95 h\OML/cmm/m/it/10.95 t[]\OMS/cmsy/m/n/10.95 i\OT1/cmr/m/n
/10.95 )  =  \OML/cmm/m/it/10.95 ^^_\OT1/cmr/m/n/10.95 (\OML/cmm/m/it/10.95 u[]
\OMS/cmsy/m/n/10.95 h\OML/cmm/m/it/10.95 t[]\OMS/cmsy/m/n/10.95 ih\OML/cmm/m/it
/10.95 t[]\OMS/cmsy/m/n/10.95 i\OML/cmm/m/it/10.95 d\OMS/cmsy/m/n/10.95 h\OML/c
mm/m/it/10.95 t[]\OMS/cmsy/m/n/10.95 i\OT1/cmr/m/n/10.95 )  \OMS/cmsy/m/n/10.95
 ^^@  \OML/cmm/m/it/10.95 ^^_\OT1/cmr/m/n/10.95 (\OML/cmm/m/it/10.95 u[]\OMS/cm
sy/m/n/10.95 h\OML/cmm/m/it/10.95 t[]\OMS/cmsy/m/n/10.95 i\OML/cmm/m/it/10.95 d
\OT1/cmr/m/n/10.95 (\OMS/cmsy/m/n/10.95 h\OML/cmm/m/it/10.95 t[]\OMS/cmsy/m/n/1
0.95 ih\OML/cmm/m/it/10.95 t[]\OMS/cmsy/m/n/10.95 i\OT1/cmr/m/n/10.95 ))  +  \O
ML/cmm/m/it/10.95 ^^_\OT1/cmr/m/n/10.95 (\OMS/cmsy/m/n/10.95 h\OML/cmm/m/it/10.
95 t[]\OMS/cmsy/m/n/10.95 i\OML/cmm/m/it/10.95 u[]\OMS/cmsy/m/n/10.95 h\OML/cmm
/m/it/10.95 t[]\OMS/cmsy/m/n/10.95 i\OML/cmm/m/it/10.95 d\OMS/cmsy/m/n/10.95 h\
OML/cmm/m/it/10.95 t[]\OMS/cmsy/m/n/10.95 i\OT1/cmr/m/n/10.95 )
[27] [28]
Overfull \hbox (13.51714pt too wide) in paragraph at lines 1719--1722
\OT1/cmr/m/n/10.95 classes $[\OML/cmm/m/it/10.95 v\OT1/cmr/m/n/10.95 ]$ of hy-p
er-bolic el-e-ments in $^^@$, de-fines a bounded cochain on $\OML/cmm/m/it/10.9
5 CC[]\OT1/cmr/m/n/10.95 (\OML/cmm/m/it/10.95 `[]\OT1/cmr/m/n/10.95 (^^@))[]$
[29] [30]
Overfull \hbox (32.3618pt too wide) detected at line 1823
\OML/cmm/m/it/10.95 HC[]\OT1/cmr/m/n/10.95 (\OML/cmm/m/it/10.95 `[]\OT1/cmr/m/n
/10.95 (^^@) \OMS/cmsy/m/n/10.95 
[] \OML/cmm/m/it/10.95 A; `[]\OT1/cmr/m/n/10.95 (^^@[]) \OMS/cmsy/m/n/10.95 
[] \OML/cmm/m/it/10.95 B\OT1/cmr/m/n/10.95 )  \OMS/cmsy/m/n/10.95 '  \OML/cmm/m
/it/10.95 Hom\OT1/cmr/m/n/10.95 (\OML/cmm/m/it/10.95 H[]\OT1/cmr/m/n/10.95 (^^@
\OML/cmm/m/it/10.95 ; \U/msb/m/n/10.95 C\OT1/cmr/m/n/10.95 ^^@[])\OML/cmm/m/it/
10.95 ; H[]\OT1/cmr/m/n/10.95 (^^@[]\OML/cmm/m/it/10.95 ; \U/msb/m/n/10.95 C\OT
1/cmr/m/n/10.95 ^^@[])) \OMS/cmsy/m/n/10.95 
 \OML/cmm/m/it/10.95 HC[]\OT1/cmr/m/n/10.95 (\OML/cmm/m/it/10.95 A; B\OT1/cmr/m
/n/10.95 )\OML/cmm/m/it/10.95 :
[31] [32] [33]
(/diff_test_tex_engines/docker_bin_2/version_compiled_pdf/2306.00746/2306.00746
_tl2023.aux) )
(see the transcript file for additional information)</usr/local/texlive/2023/te
xmf-dist/fonts/type1/public/amsfonts/cm/cmbx10.pfb></usr/local/texlive/2023/tex
mf-dist/fonts/type1/public/amsfonts/cm/cmbx12.pfb></usr/local/texlive/2023/texm
f-dist/fonts/type1/public/amsfonts/cm/cmcsc10.pfb></usr/local/texlive/2023/texm
f-dist/fonts/type1/public/amsfonts/cm/cmex10.pfb></usr/local/texlive/2023/texmf
-dist/fonts/type1/public/amsfonts/cm/cmmi10.pfb></usr/local/texlive/2023/texmf-
dist/fonts/type1/public/amsfonts/cm/cmmi6.pfb></usr/local/texlive/2023/texmf-di
st/fonts/type1/public/amsfonts/cm/cmmi8.pfb></usr/local/texlive/2023/texmf-dist
/fonts/type1/public/amsfonts/cm/cmr10.pfb></usr/local/texlive/2023/texmf-dist/f
onts/type1/public/amsfonts/cm/cmr12.pfb></usr/local/texlive/2023/texmf-dist/fon
ts/type1/public/amsfonts/cm/cmr17.pfb></usr/local/texlive/2023/texmf-dist/fonts
/type1/public/amsfonts/cm/cmr6.pfb></usr/local/texlive/2023/texmf-dist/fonts/ty
pe1/public/amsfonts/cm/cmr8.pfb></usr/local/texlive/2023/texmf-dist/fonts/type1
/public/amsfonts/cm/cmsy10.pfb></usr/local/texlive/2023/texmf-dist/fonts/type1/
public/amsfonts/cm/cmsy6.pfb></usr/local/texlive/2023/texmf-dist/fonts/type1/pu
blic/amsfonts/cm/cmsy8.pfb></usr/local/texlive/2023/texmf-dist/fonts/type1/publ
ic/amsfonts/cm/cmti10.pfb></usr/local/texlive/2023/texmf-dist/fonts/type1/publi
c/amsfonts/symbols/msam10.pfb></usr/local/texlive/2023/texmf-dist/fonts/type1/p
ublic/amsfonts/symbols/msbm10.pfb></usr/local/texlive/2023/texmf-dist/fonts/typ
e1/public/cm-super/sfrm1095.pfb>
Output written on /diff_test_tex_engines/docker_bin_2/version_compiled_pdf/2306
.00746/2306.00746_tl2023.pdf (33 pages, 375701 bytes).
Transcript written on /diff_test_tex_engines/docker_bin_2/version_compiled_pdf/
2306.00746/2306.00746_tl2023.log.
Latexmk: Getting log file '/diff_test_tex_engines/docker_bin_2/version_compiled_pdf/2306.00746/2306.00746_tl2023.log'
Latexmk: Examining '/diff_test_tex_engines/docker_bin_2/version_compiled_pdf/2306.00746/2306.00746_tl2023.fls'
Latexmk: Examining '/diff_test_tex_engines/docker_bin_2/version_compiled_pdf/2306.00746/2306.00746_tl2023.log'
Latexmk: Log file says output to '/diff_test_tex_engines/docker_bin_2/version_compiled_pdf/2306.00746/2306.00746_tl2023.pdf'
Latexmk: All targets (/diff_test_tex_engines/docker_bin_2/version_compiled_pdf/2306.00746/2306.00746_tl2023.pdf) are up-to-date

Rc files read:
  NONE
Latexmk: This is Latexmk, John Collins, 31 Jan. 2024. Version 4.83.
Latexmk: Nothing to do for '2306.00746'.
Latexmk: All targets (/diff_test_tex_engines/docker_bin_2/version_compiled_pdf/2306.00746/2306.00746_tl2023.pdf) are up-to-date

