Set environment variable BIBINPUTS='/diff_test_tex_engines/docker_bin_2/version_compiled_pdf_2020/2306.00415:'
Set environment variable TEXINPUTS='/diff_test_tex_engines/docker_bin_2/version_compiled_pdf_2020/2306.00415:'
Latexmk: applying rule 'pdflatex'...
This is pdfTeX, Version 3.14159265-2.6-1.40.21 (TeX Live 2020) (preloaded format=pdflatex)
 restricted \write18 enabled.
entering extended mode
(./root.tex
LaTeX2e <2020-10-01> patch level 4
L3 programming layer <2021-02-18> (./ieeecolor.cls

LaTeX Warning: You have requested document class `ieeecolor',
               but the document class provides `IEEEtran'.

Document Class: IEEEtran 2002/11/18 revision V1.6b by Michael Shell
-- See the "IEEEtran_HOWTO" manual for usage information.
-- The source comments contain changelog notes.
(/usr/local/texlive/2020/texmf-dist/tex/latex/graphics/color.sty
(/usr/local/texlive/2020/texmf-dist/tex/latex/graphics-cfg/color.cfg)
(/usr/local/texlive/2020/texmf-dist/tex/latex/graphics-def/pdftex.def))
(/usr/local/texlive/2020/texmf-dist/tex/latex/psnfss/ot1ptm.fd)
-- This is a 10 point document.
) (./lcsys.sty) (/usr/local/texlive/2020/texmf-dist/tex/latex/cite/cite.sty)
(/usr/local/texlive/2020/texmf-dist/tex/latex/amsmath/amsmath.sty
For additional information on amsmath, use the `?' option.
(/usr/local/texlive/2020/texmf-dist/tex/latex/amsmath/amstext.sty
(/usr/local/texlive/2020/texmf-dist/tex/latex/amsmath/amsgen.sty))
(/usr/local/texlive/2020/texmf-dist/tex/latex/amsmath/amsbsy.sty)
(/usr/local/texlive/2020/texmf-dist/tex/latex/amsmath/amsopn.sty))
(/usr/local/texlive/2020/texmf-dist/tex/latex/amsfonts/amssymb.sty
(/usr/local/texlive/2020/texmf-dist/tex/latex/amsfonts/amsfonts.sty))
(/usr/local/texlive/2020/texmf-dist/tex/latex/algorithms/algorithmic.sty
(/usr/local/texlive/2020/texmf-dist/tex/latex/base/ifthen.sty)
(/usr/local/texlive/2020/texmf-dist/tex/latex/graphics/keyval.sty))
(/usr/local/texlive/2020/texmf-dist/tex/latex/graphics/graphicx.sty
(/usr/local/texlive/2020/texmf-dist/tex/latex/graphics/graphics.sty
(/usr/local/texlive/2020/texmf-dist/tex/latex/graphics/trig.sty)
(/usr/local/texlive/2020/texmf-dist/tex/latex/graphics-cfg/graphics.cfg)))
(/usr/local/texlive/2020/texmf-dist/tex/latex/base/textcomp.sty)
(/usr/local/texlive/2020/texmf-dist/tex/latex/graphics/epsfig.sty)
(/usr/local/texlive/2020/texmf-dist/tex/latex/psnfss/mathptmx.sty)
(/usr/local/texlive/2020/texmf-dist/tex/latex/psnfss/times.sty)
(/usr/local/texlive/2020/texmf-dist/tex/latex/booktabs/booktabs.sty)
(/usr/local/texlive/2020/texmf-dist/tex/latex/csquotes/csquotes.sty
(/usr/local/texlive/2020/texmf-dist/tex/latex/etoolbox/etoolbox.sty)
(/usr/local/texlive/2020/texmf-dist/tex/latex/csquotes/csquotes.def)
(/usr/local/texlive/2020/texmf-dist/tex/latex/csquotes/csquotes.cfg))
(/usr/local/texlive/2020/texmf-dist/tex/latex/multirow/multirow.sty)
(/usr/local/texlive/2020/texmf-dist/tex/latex/eso-pic/eso-pic.sty)
(/usr/local/texlive/2020/texmf-dist/tex/latex/l3backend/l3backend-pdftex.def)
(/diff_test_tex_engines/docker_bin_2/version_compiled_pdf_2020/2306.00415/2306.
00415_tl2020.aux)
(/usr/local/texlive/2020/texmf-dist/tex/context/base/mkii/supp-pdf.mkii
[Loading MPS to PDF converter (version 2006.09.02).]
) (/usr/local/texlive/2020/texmf-dist/tex/latex/epstopdf-pkg/epstopdf-base.sty
(/usr/local/texlive/2020/texmf-dist/tex/latex/latexconfig/epstopdf-sys.cfg))
(/usr/local/texlive/2020/texmf-dist/tex/latex/psnfss/ot1phv.fd)
(/usr/local/texlive/2020/texmf-dist/tex/latex/psnfss/ot1ztmcm.fd)
(/usr/local/texlive/2020/texmf-dist/tex/latex/psnfss/omlztmcm.fd)
(/usr/local/texlive/2020/texmf-dist/tex/latex/psnfss/omsztmcm.fd)
(/usr/local/texlive/2020/texmf-dist/tex/latex/psnfss/omxztmcm.fd)
Underfull \hbox (badness 1997) in paragraph at lines 67--67
\OT1/phv/m/n/8 ratom Re-search and Train-ing Pro-gramme (Grant Agree-ment No.

Underfull \hbox (badness 3471) in paragraph at lines 67--67
\OT1/phv/m/n/8 The Nether-lands (e-mail: c.a.orrico@tue.nl, m.vanberkel@differ.
nl,
(/usr/local/texlive/2020/texmf-dist/tex/latex/psnfss/t1phv.fd)

LaTeX Warning: Citation `Freidberg2007' on page 1 undefined on input line 81.


Package mathptmx Warning: There are no bold math fonts on input line 86.


LaTeX Warning: Citation `ITER_CS' on page 1 undefined on input line 86.


LaTeX Warning: Citation `ITER_CS' on page 1 undefined on input line 86.


LaTeX Warning: Citation `Freidberg2007' on page 1 undefined on input line 90.


LaTeX Warning: Reference `fig:ITERPIS' on page 1 undefined on input line 90.


LaTeX Warning: Citation `Baylor2007' on page 1 undefined on input line 90.


LaTeX Warning: Citation `Pegourie_2009' on page 1 undefined on input line 90.


LaTeX Warning: Citation `Baylor2016' on page 1 undefined on input line 90.


LaTeX Warning: Reference `fig:FluxSurfToProfile' on page 1 undefined on input l
ine 90.


LaTeX Warning: Citation `Greenwald1988' on page 1 undefined on input line 90.


LaTeX Warning: Citation `Baylor2007' on page 1 undefined on input line 90.


LaTeX Warning: Citation `Blanken2018' on page 1 undefined on input line 92.


LaTeX Warning: Citation `Sevillano2012' on page 1 undefined on input line 92.


LaTeX Warning: Citation `Bemporad1999' on page 1 undefined on input line 92.


LaTeX Warning: Citation `Baylor2016' on page 1 undefined on input line 92.


LaTeX Warning: Citation `Garzotti2011' on page 1 undefined on input line 92.


LaTeX Warning: Citation `Vincenzi2015' on page 1 undefined on input line 92.


LaTeX Warning: Citation `Ravensbergen2017' on page 1 undefined on input line 92
.


LaTeX Warning: Citation `Lang2018' on page 1 undefined on input line 92.


LaTeX Warning: Citation `Bosman2021' on page 1 undefined on input line 92.


LaTeX Warning: Citation `Bosman2022' on page 1 undefined on input line 92.

(/usr/local/texlive/2020/texmf-dist/tex/latex/psnfss/ts1ptm.fd) [1{/usr/local/t
exlive/2020/texmf-var/fonts/map/pdftex/updmap/pdftex.map}

pdfTeX warning: pdflatex: pop empty color page stack 0


pdfTeX warning: pdflatex: pop empty color page stack 0


pdfTeX warning: pdflatex: pop empty color page stack 0


pdfTeX warning: pdflatex: pop empty color page stack 0


pdfTeX warning: pdflatex: pop empty color page stack 0
 <./iter1-eps-converted-to.pdf>]

LaTeX Warning: Citation `Bemporad1999' on page 2 undefined on input line 94.


LaTeX Warning: Citation `Lazar2006' on page 2 undefined on input line 94.


LaTeX Warning: Citation `Bemporad1999' on page 2 undefined on input line 94.


LaTeX Warning: Citation `Bosman2021' on page 2 undefined on input line 94.


LaTeX Warning: Citation `Bosman2022' on page 2 undefined on input line 94.


LaTeX Warning: Citation `Rawlings2017' on page 2 undefined on input line 94.


LaTeX Warning: Citation `Kirches2011' on page 2 undefined on input line 94.

(/usr/local/texlive/2020/texmf-dist/tex/latex/psnfss/ot1pcr.fd)

LaTeX Warning: Citation `Sager2006' on page 2 undefined on input line 97.


LaTeX Warning: Citation `Sager2006' on page 2 undefined on input line 97.


LaTeX Warning: Citation `Sager2006' on page 2 undefined on input line 97.


LaTeX Warning: Reference `fig:ITERPIS' on page 2 undefined on input line 103.


LaTeX Warning: Reference `fig:ITERPIS' on page 2 undefined on input line 103.


LaTeX Warning: Citation `Baylor2016' on page 2 undefined on input line 110.


LaTeX Warning: Reference `subsec:driftDiffusionModel' on page 2 undefined on in
put line 110.


LaTeX Warning: Reference `subsec:ControlProblem' on page 2 undefined on input l
ine 110.


LaTeX Warning: Reference `fig:FluxSurfToProfile' on page 2 undefined on input l
ine 115.


LaTeX Warning: Citation `Freidberg2007' on page 2 undefined on input line 115.


LaTeX Warning: Reference `fig:FluxSurfToProfile' on page 2 undefined on input l
ine 115.


LaTeX Warning: Citation `Freidberg2007' on page 2 undefined on input line 115.


LaTeX Warning: Reference `fig:FluxSurfToProfile' on page 2 undefined on input l
ine 115.


LaTeX Warning: Citation `Freidberg2007' on page 2 undefined on input line 129.


LaTeX Warning: Citation `Blanken2018' on page 2 undefined on input line 129.


LaTeX Warning: Citation `Garzotti2019' on page 2 undefined on input line 129.


LaTeX Warning: Citation `Na2019' on page 2 undefined on input line 129.


LaTeX Warning: Citation `Polevoi2002' on page 2 undefined on input line 129.


LaTeX Warning: Citation `Pegourie_2009' on page 2 undefined on input line 129.


LaTeX Warning: Citation `Freidberg2007' on page 2 undefined on input line 129.


LaTeX Warning: Reference `eq:PDE' on page 2 undefined on input line 129.


LaTeX Warning: Reference `eq:PDE' on page 2 undefined on input line 129.

[2

pdfTeX warning: pdflatex: pop empty color page stack 0


pdfTeX warning: pdflatex: pop empty color page stack 0


pdfTeX warning: pdflatex: pop empty color page stack 0
 <./orric2-eps-converted-to.pdf>]

LaTeX Warning: Reference `eq:PDE' on page 3 undefined on input line 131.


LaTeX Warning: Citation `Blanken2018' on page 3 undefined on input line 131.


LaTeX Warning: Citation `Garzotti2019' on page 3 undefined on input line 131.


LaTeX Warning: Reference `eq:PDE' on page 3 undefined on input line 133.


LaTeX Warning: Reference `eq:PDE' on page 3 undefined on input line 147.


LaTeX Warning: Reference `fig:FluxSurfToProfile' on page 3 undefined on input l
ine 147.


LaTeX Warning: Citation `Baylor2016' on page 3 undefined on input line 147.


LaTeX Warning: Citation `Garzotti2019' on page 3 undefined on input line 149.


LaTeX Warning: Reference `eq:statedynamics' on page 3 undefined on input line 1
49.


LaTeX Warning: Citation `Franklin1997' on page 3 undefined on input line 149.


LaTeX Warning: Citation `Pegourie_2009' on page 3 undefined on input line 149.


LaTeX Warning: Reference `sec:MPCapproach' on page 3 undefined on input line 14
9.


LaTeX Warning: Reference `sec:MPCapproach' on page 3 undefined on input line 15
4.


LaTeX Warning: Reference `eq:statedynamics' on page 3 undefined on input line 1
56.


LaTeX Warning: Citation `Franklin1997' on page 3 undefined on input line 156.


LaTeX Warning: Citation `Rawlings2017' on page 3 undefined on input line 156.


LaTeX Warning: Citation `Franklin1997' on page 3 undefined on input line 156.


LaTeX Warning: Reference `eq:PDE' on page 3 undefined on input line 156.


LaTeX Warning: Citation `Baylor2016' on page 3 undefined on input line 158.


LaTeX Warning: Citation `Rawlings2017' on page 3 undefined on input line 164.


LaTeX Warning: Citation `Greenwald1988' on page 3 undefined on input line 166.


LaTeX Warning: Reference `fig:FluxSurfToProfile' on page 3 undefined on input l
ine 166.


LaTeX Warning: Citation `Heald1965' on page 3 undefined on input line 171.


LaTeX Warning: Citation `Bosman2021kalman' on page 3 undefined on input line 17
7.


LaTeX Warning: Reference `eq:constraintsdef' on page 3 undefined on input line 
177.


LaTeX Warning: Citation `Rawlings2017' on page 3 undefined on input line 181.


LaTeX Warning: Reference `eq:objective' on page 3 undefined on input line 181.


LaTeX Warning: Reference `eq:PTHobjective' on page 3 undefined on input line 18
1.


LaTeX Warning: Citation `Kirches2011' on page 3 undefined on input line 185.


LaTeX Warning: Reference `eq:binary' on page 3 undefined on input line 185.

[3]

LaTeX Warning: Reference `eq:objective' on page 4 undefined on input line 198.


LaTeX Warning: Citation `Andersson2019' on page 4 undefined on input line 198.


LaTeX Warning: Citation `Lofberg2004' on page 4 undefined on input line 198.


LaTeX Warning: Citation `gurobi' on page 4 undefined on input line 198.


LaTeX Warning: Citation `gurobi' on page 4 undefined on input line 198.


LaTeX Warning: Reference `eq:PTHMPC' on page 4 undefined on input line 208.


LaTeX Warning: Citation `Sager2006' on page 4 undefined on input line 213.


LaTeX Warning: Reference `subsec:PTHmod' on page 4 undefined on input line 213.



LaTeX Warning: Reference `eq:MIQP' on page 4 undefined on input line 221.


LaTeX Warning: Citation `Sager2006' on page 4 undefined on input line 221.


LaTeX Warning: Reference `eq:binary' on page 4 undefined on input line 221.


LaTeX Warning: Reference `eq:objective' on page 4 undefined on input line 221.


LaTeX Warning: Reference `eq:PTHobjective' on page 4 undefined on input line 22
1.


LaTeX Warning: Reference `eq:PTHobjective' on page 4 undefined on input line 22
1.


LaTeX Warning: Reference `eq:binary' on page 4 undefined on input line 221.


LaTeX Warning: Reference `eq:PTHMPC' on page 4 undefined on input line 221.


LaTeX Warning: Citation `Ferreau2014' on page 4 undefined on input line 224.


LaTeX Warning: Citation `Sager2006' on page 4 undefined on input line 241.


LaTeX Warning: Citation `Sager2006' on page 4 undefined on input line 241.


LaTeX Warning: Reference `subsec:PTHmod' on page 4 undefined on input line 241.



LaTeX Warning: Citation `Sager2006' on page 4 undefined on input line 261.


LaTeX Warning: Reference `eq:PTHobjective' on page 4 undefined on input line 26
1.


LaTeX Warning: Reference `eq:PTHlincons' on page 4 undefined on input line 261.



LaTeX Warning: Reference `eq:MIQP' on page 4 undefined on input line 261.


LaTeX Warning: Reference `eq:PTHobjective' on page 4 undefined on input line 26
1.


LaTeX Warning: Reference `eq:PTHMPC' on page 4 undefined on input line 261.


LaTeX Warning: Reference `tab:sticky' on page 4 undefined on input line 261.


LaTeX Warning: Reference `fig:ctrlTrajectory' on page 4 undefined on input line
 261.


LaTeX Warning: Reference `eq:lineAvgDens' on page 4 undefined on input line 266
.


LaTeX Warning: Reference `eq:constraintsdef' on page 4 undefined on input line 
266.


LaTeX Warning: Reference `eq:lineAvgDens' on page 4 undefined on input line 266
.


LaTeX Warning: Reference `eq:constraintsdef' on page 4 undefined on input line 
266.


LaTeX Warning: Reference `eq:PTHobjective' on page 4 undefined on input line 27
0.


LaTeX Warning: Reference `sec:results' on page 4 undefined on input line 270.

[4]

LaTeX Warning: Reference `eq:PDE' on page 5 undefined on input line 275.


LaTeX Warning: Citation `Garzotti2019' on page 5 undefined on input line 301.


LaTeX Warning: Citation `Lang2018' on page 5 undefined on input line 301.


LaTeX Warning: Reference `fig:ctrlTrajectory' on page 5 undefined on input line
 303.


LaTeX Warning: Reference `fig:ctrlTrajectory' on page 5 undefined on input line
 303.


LaTeX Warning: Reference `fig:ctrlTrajectory' on page 5 undefined on input line
 303.


LaTeX Warning: Reference `fig:ctrlTrajectory' on page 5 undefined on input line
 303.


LaTeX Warning: Reference `fig:ctrlTrajectory' on page 5 undefined on input line
 303.


LaTeX Warning: Reference `fig:ctrlTrajectory' on page 5 undefined on input line
 303.


LaTeX Warning: Reference `tab:error' on page 5 undefined on input line 303.


LaTeX Warning: Reference `fig:FluxSurfToProfile' on page 5 undefined on input l
ine 303.


LaTeX Warning: Citation `Baylor2016' on page 5 undefined on input line 308.


LaTeX Warning: Reference `tab:compTime' on page 5 undefined on input line 308.


LaTeX Warning: Reference `fig:ctrlTrajectory' on page 5 undefined on input line
 308.


LaTeX Warning: Citation `Lang2019' on page 5 undefined on input line 308.


LaTeX Warning: Reference `fig:ctrlTrajectory' on page 5 undefined on input line
 313.


LaTeX Warning: Reference `fig:ctrlTrajectory' on page 5 undefined on input line
 313.

[5

pdfTeX warning: pdflatex: pop empty color page stack 0


pdfTeX warning: pdflatex: pop empty color page stack 0


pdfTeX warning: pdflatex: pop empty color page stack 0
 <./orric3-eps-converted-to.pdf>]

LaTeX Warning: Citation `Blanken2018' on page 6 undefined on input line 337.


LaTeX Warning: Citation `Bosman2021' on page 6 undefined on input line 337.

No file 2306.00415_tl2020.bbl.
[6

pdfTeX warning: pdflatex: pop empty color page stack 0


pdfTeX warning: pdflatex: pop empty color page stack 0


pdfTeX warning: pdflatex: pop empty color page stack 0
 <./orric4-eps-converted-to.pdf>]
(/diff_test_tex_engines/docker_bin_2/version_compiled_pdf_2020/2306.00415/2306.
00415_tl2020.aux)

LaTeX Warning: There were undefined references.


LaTeX Warning: Label(s) may have changed. Rerun to get cross-references right.

 )
(see the transcript file for additional information){/usr/local/texlive/2020/te
xmf-dist/fonts/enc/dvips/base/8r.enc}</usr/local/texlive/2020/texmf-dist/fonts/
type1/public/amsfonts/cm/cmex10.pfb></usr/local/texlive/2020/texmf-dist/fonts/t
ype1/public/amsfonts/cm/cmmi10.pfb></usr/local/texlive/2020/texmf-dist/fonts/ty
pe1/public/amsfonts/cm/cmr10.pfb></usr/local/texlive/2020/texmf-dist/fonts/type
1/public/amsfonts/cm/cmsy10.pfb></usr/local/texlive/2020/texmf-dist/fonts/type1
/public/amsfonts/symbols/msbm10.pfb></usr/local/texlive/2020/texmf-dist/fonts/t
ype1/public/rsfs/rsfs10.pfb></usr/local/texlive/2020/texmf-dist/fonts/type1/urw
/courier/ucrr8a.pfb></usr/local/texlive/2020/texmf-dist/fonts/type1/urw/helveti
c/uhvb8a.pfb></usr/local/texlive/2020/texmf-dist/fonts/type1/urw/helvetic/uhvbo
8a.pfb></usr/local/texlive/2020/texmf-dist/fonts/type1/urw/helvetic/uhvr8a.pfb>
</usr/local/texlive/2020/texmf-dist/fonts/type1/urw/helvetic/uhvro8a.pfb></usr/
local/texlive/2020/texmf-dist/fonts/type1/urw/symbol/usyr.pfb></usr/local/texli
ve/2020/texmf-dist/fonts/type1/urw/symbol/usyr.pfb></usr/local/texlive/2020/tex
mf-dist/fonts/type1/urw/times/utmb8a.pfb></usr/local/texlive/2020/texmf-dist/fo
nts/type1/urw/times/utmr8a.pfb></usr/local/texlive/2020/texmf-dist/fonts/type1/
urw/times/utmri8a.pfb>
Output written on /diff_test_tex_engines/docker_bin_2/version_compiled_pdf_2020
/2306.00415/2306.00415_tl2020.pdf (6 pages, 1204206 bytes).
Transcript written on /diff_test_tex_engines/docker_bin_2/version_compiled_pdf_
2020/2306.00415/2306.00415_tl2020.log.
Latexmk: Examining '/diff_test_tex_engines/docker_bin_2/version_compiled_pdf_2020/2306.00415/2306.00415_tl2020.log'
=== TeX engine is 'pdfTeX'
Latexmk: applying rule 'bibtex /diff_test_tex_engines/docker_bin_2/version_compiled_pdf_2020/2306.00415/2306.00415_tl2020'...
For rule 'bibtex /diff_test_tex_engines/docker_bin_2/version_compiled_pdf_2020/2306.00415/2306.00415_tl2020', running '&run_bibtex(  )' ...
Latexmk: ==========WARNING:=================
I am taking action to evade a bug/feature in older versions of bibtex
This may give problems under some situations, symptomized by bibtex not
finding a .bib file or an aux file.
Provided you have a recent version of bibtex (about 2019 or later) you
can avoid the problems by  putting '$bibtex_fudge = 0;' in an
initialization file (a latexmrc file for latexmk.

Here my bug-evading action:
I temporarily changed directory to '/diff_test_tex_engines/docker_bin_2/version_compiled_pdf_2020/2306.00415/'
Set BIBINPUTS='/diff_test_tex_engines/bin/tex_sources/2306.00415:/diff_test_tex_engines/docker_bin_2/version_compiled_pdf_2020/2306.00415:'
Set BSTINPUTS='/diff_test_tex_engines/bin/tex_sources/2306.00415:'
This is BibTeX, Version 0.99d (TeX Live 2020)
The top-level auxiliary file: 2306.00415_tl2020.aux
The style file: IEEEtran.bst
Database file #1: LCSS_CDC_2023_Orrico.bib
-- IEEEtran.bst version 1.11 (2003/04/02) by Michael Shell.
-- http://www.ctan.org/tex-archive/macros/latex/contrib/supported/IEEEtran/
-- See the "IEEEtran_bst_HOWTO.pdf" manual for usage information.

Done.
Latexmk: changed directory back to '/diff_test_tex_engines/bin/tex_sources/2306.00415'
Latexmk: applying rule 'pdflatex'...
This is pdfTeX, Version 3.14159265-2.6-1.40.21 (TeX Live 2020) (preloaded format=pdflatex)
 restricted \write18 enabled.
entering extended mode
(./root.tex
LaTeX2e <2020-10-01> patch level 4
L3 programming layer <2021-02-18> (./ieeecolor.cls

LaTeX Warning: You have requested document class `ieeecolor',
               but the document class provides `IEEEtran'.

Document Class: IEEEtran 2002/11/18 revision V1.6b by Michael Shell
-- See the "IEEEtran_HOWTO" manual for usage information.
-- The source comments contain changelog notes.
(/usr/local/texlive/2020/texmf-dist/tex/latex/graphics/color.sty
(/usr/local/texlive/2020/texmf-dist/tex/latex/graphics-cfg/color.cfg)
(/usr/local/texlive/2020/texmf-dist/tex/latex/graphics-def/pdftex.def))
(/usr/local/texlive/2020/texmf-dist/tex/latex/psnfss/ot1ptm.fd)
-- This is a 10 point document.
) (./lcsys.sty) (/usr/local/texlive/2020/texmf-dist/tex/latex/cite/cite.sty)
(/usr/local/texlive/2020/texmf-dist/tex/latex/amsmath/amsmath.sty
For additional information on amsmath, use the `?' option.
(/usr/local/texlive/2020/texmf-dist/tex/latex/amsmath/amstext.sty
(/usr/local/texlive/2020/texmf-dist/tex/latex/amsmath/amsgen.sty))
(/usr/local/texlive/2020/texmf-dist/tex/latex/amsmath/amsbsy.sty)
(/usr/local/texlive/2020/texmf-dist/tex/latex/amsmath/amsopn.sty))
(/usr/local/texlive/2020/texmf-dist/tex/latex/amsfonts/amssymb.sty
(/usr/local/texlive/2020/texmf-dist/tex/latex/amsfonts/amsfonts.sty))
(/usr/local/texlive/2020/texmf-dist/tex/latex/algorithms/algorithmic.sty
(/usr/local/texlive/2020/texmf-dist/tex/latex/base/ifthen.sty)
(/usr/local/texlive/2020/texmf-dist/tex/latex/graphics/keyval.sty))
(/usr/local/texlive/2020/texmf-dist/tex/latex/graphics/graphicx.sty
(/usr/local/texlive/2020/texmf-dist/tex/latex/graphics/graphics.sty
(/usr/local/texlive/2020/texmf-dist/tex/latex/graphics/trig.sty)
(/usr/local/texlive/2020/texmf-dist/tex/latex/graphics-cfg/graphics.cfg)))
(/usr/local/texlive/2020/texmf-dist/tex/latex/base/textcomp.sty)
(/usr/local/texlive/2020/texmf-dist/tex/latex/graphics/epsfig.sty)
(/usr/local/texlive/2020/texmf-dist/tex/latex/psnfss/mathptmx.sty)
(/usr/local/texlive/2020/texmf-dist/tex/latex/psnfss/times.sty)
(/usr/local/texlive/2020/texmf-dist/tex/latex/booktabs/booktabs.sty)
(/usr/local/texlive/2020/texmf-dist/tex/latex/csquotes/csquotes.sty
(/usr/local/texlive/2020/texmf-dist/tex/latex/etoolbox/etoolbox.sty)
(/usr/local/texlive/2020/texmf-dist/tex/latex/csquotes/csquotes.def)
(/usr/local/texlive/2020/texmf-dist/tex/latex/csquotes/csquotes.cfg))
(/usr/local/texlive/2020/texmf-dist/tex/latex/multirow/multirow.sty)
(/usr/local/texlive/2020/texmf-dist/tex/latex/eso-pic/eso-pic.sty)
(/usr/local/texlive/2020/texmf-dist/tex/latex/l3backend/l3backend-pdftex.def)
(/diff_test_tex_engines/docker_bin_2/version_compiled_pdf_2020/2306.00415/2306.
00415_tl2020.aux)
(/usr/local/texlive/2020/texmf-dist/tex/context/base/mkii/supp-pdf.mkii
[Loading MPS to PDF converter (version 2006.09.02).]
) (/usr/local/texlive/2020/texmf-dist/tex/latex/epstopdf-pkg/epstopdf-base.sty
(/usr/local/texlive/2020/texmf-dist/tex/latex/latexconfig/epstopdf-sys.cfg))
(/usr/local/texlive/2020/texmf-dist/tex/latex/psnfss/ot1phv.fd)
(/usr/local/texlive/2020/texmf-dist/tex/latex/psnfss/ot1ztmcm.fd)
(/usr/local/texlive/2020/texmf-dist/tex/latex/psnfss/omlztmcm.fd)
(/usr/local/texlive/2020/texmf-dist/tex/latex/psnfss/omsztmcm.fd)
(/usr/local/texlive/2020/texmf-dist/tex/latex/psnfss/omxztmcm.fd)
Underfull \hbox (badness 1997) in paragraph at lines 67--67
\OT1/phv/m/n/8 ratom Re-search and Train-ing Pro-gramme (Grant Agree-ment No.

Underfull \hbox (badness 3471) in paragraph at lines 67--67
\OT1/phv/m/n/8 The Nether-lands (e-mail: c.a.orrico@tue.nl, m.vanberkel@differ.
nl,
(/usr/local/texlive/2020/texmf-dist/tex/latex/psnfss/t1phv.fd)

LaTeX Warning: Citation `Freidberg2007' on page 1 undefined on input line 81.


Package mathptmx Warning: There are no bold math fonts on input line 86.


LaTeX Warning: Citation `ITER_CS' on page 1 undefined on input line 86.


LaTeX Warning: Citation `ITER_CS' on page 1 undefined on input line 86.


LaTeX Warning: Citation `Freidberg2007' on page 1 undefined on input line 90.


LaTeX Warning: Citation `Baylor2007' on page 1 undefined on input line 90.


LaTeX Warning: Citation `Pegourie_2009' on page 1 undefined on input line 90.


LaTeX Warning: Citation `Baylor2016' on page 1 undefined on input line 90.


LaTeX Warning: Citation `Greenwald1988' on page 1 undefined on input line 90.


LaTeX Warning: Citation `Baylor2007' on page 1 undefined on input line 90.


LaTeX Warning: Citation `Blanken2018' on page 1 undefined on input line 92.


LaTeX Warning: Citation `Sevillano2012' on page 1 undefined on input line 92.


LaTeX Warning: Citation `Bemporad1999' on page 1 undefined on input line 92.


LaTeX Warning: Citation `Baylor2016' on page 1 undefined on input line 92.


LaTeX Warning: Citation `Garzotti2011' on page 1 undefined on input line 92.


LaTeX Warning: Citation `Vincenzi2015' on page 1 undefined on input line 92.


LaTeX Warning: Citation `Ravensbergen2017' on page 1 undefined on input line 92
.


LaTeX Warning: Citation `Lang2018' on page 1 undefined on input line 92.


LaTeX Warning: Citation `Bosman2021' on page 1 undefined on input line 92.


LaTeX Warning: Citation `Bosman2022' on page 1 undefined on input line 92.

(/usr/local/texlive/2020/texmf-dist/tex/latex/psnfss/ts1ptm.fd) [1{/usr/local/t
exlive/2020/texmf-var/fonts/map/pdftex/updmap/pdftex.map}

pdfTeX warning: pdflatex: pop empty color page stack 0


pdfTeX warning: pdflatex: pop empty color page stack 0


pdfTeX warning: pdflatex: pop empty color page stack 0


pdfTeX warning: pdflatex: pop empty color page stack 0


pdfTeX warning: pdflatex: pop empty color page stack 0
 <./iter1-eps-converted-to.pdf>]

LaTeX Warning: Citation `Bemporad1999' on page 2 undefined on input line 94.


LaTeX Warning: Citation `Lazar2006' on page 2 undefined on input line 94.


LaTeX Warning: Citation `Bemporad1999' on page 2 undefined on input line 94.


LaTeX Warning: Citation `Bosman2021' on page 2 undefined on input line 94.


LaTeX Warning: Citation `Bosman2022' on page 2 undefined on input line 94.


LaTeX Warning: Citation `Rawlings2017' on page 2 undefined on input line 94.


LaTeX Warning: Citation `Kirches2011' on page 2 undefined on input line 94.

(/usr/local/texlive/2020/texmf-dist/tex/latex/psnfss/ot1pcr.fd)

LaTeX Warning: Citation `Sager2006' on page 2 undefined on input line 97.


LaTeX Warning: Citation `Sager2006' on page 2 undefined on input line 97.


LaTeX Warning: Citation `Sager2006' on page 2 undefined on input line 97.


LaTeX Warning: Citation `Baylor2016' on page 2 undefined on input line 110.


LaTeX Warning: Citation `Freidberg2007' on page 2 undefined on input line 115.


LaTeX Warning: Citation `Freidberg2007' on page 2 undefined on input line 115.


LaTeX Warning: Citation `Freidberg2007' on page 2 undefined on input line 129.


LaTeX Warning: Citation `Blanken2018' on page 2 undefined on input line 129.


LaTeX Warning: Citation `Garzotti2019' on page 2 undefined on input line 129.


LaTeX Warning: Citation `Na2019' on page 2 undefined on input line 129.


LaTeX Warning: Citation `Polevoi2002' on page 2 undefined on input line 129.


LaTeX Warning: Citation `Pegourie_2009' on page 2 undefined on input line 129.


LaTeX Warning: Citation `Freidberg2007' on page 2 undefined on input line 129.

[2

pdfTeX warning: pdflatex: pop empty color page stack 0


pdfTeX warning: pdflatex: pop empty color page stack 0


pdfTeX warning: pdflatex: pop empty color page stack 0
 <./orric2-eps-converted-to.pdf>]

LaTeX Warning: Citation `Blanken2018' on page 3 undefined on input line 131.


LaTeX Warning: Citation `Garzotti2019' on page 3 undefined on input line 131.


LaTeX Warning: Citation `Baylor2016' on page 3 undefined on input line 147.


LaTeX Warning: Citation `Garzotti2019' on page 3 undefined on input line 149.


LaTeX Warning: Citation `Franklin1997' on page 3 undefined on input line 149.


LaTeX Warning: Citation `Pegourie_2009' on page 3 undefined on input line 149.


LaTeX Warning: Citation `Franklin1997' on page 3 undefined on input line 156.


LaTeX Warning: Citation `Rawlings2017' on page 3 undefined on input line 156.


LaTeX Warning: Citation `Franklin1997' on page 3 undefined on input line 156.


LaTeX Warning: Citation `Baylor2016' on page 3 undefined on input line 158.


LaTeX Warning: Citation `Rawlings2017' on page 3 undefined on input line 164.


LaTeX Warning: Citation `Greenwald1988' on page 3 undefined on input line 166.


LaTeX Warning: Citation `Heald1965' on page 3 undefined on input line 171.


LaTeX Warning: Citation `Bosman2021kalman' on page 3 undefined on input line 17
7.


LaTeX Warning: Citation `Rawlings2017' on page 3 undefined on input line 181.


LaTeX Warning: Citation `Kirches2011' on page 3 undefined on input line 185.

[3]

LaTeX Warning: Citation `Andersson2019' on page 4 undefined on input line 198.


LaTeX Warning: Citation `Lofberg2004' on page 4 undefined on input line 198.


LaTeX Warning: Citation `gurobi' on page 4 undefined on input line 198.


LaTeX Warning: Citation `gurobi' on page 4 undefined on input line 198.


LaTeX Warning: Citation `Sager2006' on page 4 undefined on input line 213.


LaTeX Warning: Citation `Sager2006' on page 4 undefined on input line 221.


LaTeX Warning: Citation `Ferreau2014' on page 4 undefined on input line 224.


LaTeX Warning: Citation `Sager2006' on page 4 undefined on input line 241.


LaTeX Warning: Citation `Sager2006' on page 4 undefined on input line 241.


LaTeX Warning: Citation `Sager2006' on page 4 undefined on input line 261.

[4]

LaTeX Warning: Citation `Garzotti2019' on page 5 undefined on input line 301.


LaTeX Warning: Citation `Lang2018' on page 5 undefined on input line 301.


LaTeX Warning: Citation `Baylor2016' on page 5 undefined on input line 308.


LaTeX Warning: Citation `Lang2019' on page 5 undefined on input line 308.

[5

pdfTeX warning: pdflatex: pop empty color page stack 0


pdfTeX warning: pdflatex: pop empty color page stack 0


pdfTeX warning: pdflatex: pop empty color page stack 0
 <./orric3-eps-converted-to.pdf>]

LaTeX Warning: Citation `Blanken2018' on page 6 undefined on input line 337.


LaTeX Warning: Citation `Bosman2021' on page 6 undefined on input line 337.


(/diff_test_tex_engines/docker_bin_2/version_compiled_pdf_2020/2306.00415/2306.
00415_tl2020.bbl) [6

pdfTeX warning: pdflatex: pop empty color page stack 0


pdfTeX warning: pdflatex: pop empty color page stack 0


pdfTeX warning: pdflatex: pop empty color page stack 0
 <./orric4-eps-converted-to.pdf>]
(/diff_test_tex_engines/docker_bin_2/version_compiled_pdf_2020/2306.00415/2306.
00415_tl2020.aux)

LaTeX Warning: There were undefined references.


LaTeX Warning: Label(s) may have changed. Rerun to get cross-references right.

 )
(see the transcript file for additional information){/usr/local/texlive/2020/te
xmf-dist/fonts/enc/dvips/base/8r.enc}</usr/local/texlive/2020/texmf-dist/fonts/
type1/public/amsfonts/cm/cmex10.pfb></usr/local/texlive/2020/texmf-dist/fonts/t
ype1/public/amsfonts/cm/cmmi10.pfb></usr/local/texlive/2020/texmf-dist/fonts/ty
pe1/public/amsfonts/cm/cmr10.pfb></usr/local/texlive/2020/texmf-dist/fonts/type
1/public/amsfonts/cm/cmsy10.pfb></usr/local/texlive/2020/texmf-dist/fonts/type1
/public/amsfonts/symbols/msbm10.pfb></usr/local/texlive/2020/texmf-dist/fonts/t
ype1/public/rsfs/rsfs10.pfb></usr/local/texlive/2020/texmf-dist/fonts/type1/urw
/courier/ucrr8a.pfb></usr/local/texlive/2020/texmf-dist/fonts/type1/urw/helveti
c/uhvb8a.pfb></usr/local/texlive/2020/texmf-dist/fonts/type1/urw/helvetic/uhvbo
8a.pfb></usr/local/texlive/2020/texmf-dist/fonts/type1/urw/helvetic/uhvr8a.pfb>
</usr/local/texlive/2020/texmf-dist/fonts/type1/urw/helvetic/uhvro8a.pfb></usr/
local/texlive/2020/texmf-dist/fonts/type1/urw/symbol/usyr.pfb></usr/local/texli
ve/2020/texmf-dist/fonts/type1/urw/symbol/usyr.pfb></usr/local/texlive/2020/tex
mf-dist/fonts/type1/urw/times/utmb8a.pfb></usr/local/texlive/2020/texmf-dist/fo
nts/type1/urw/times/utmr8a.pfb></usr/local/texlive/2020/texmf-dist/fonts/type1/
urw/times/utmri8a.pfb>
Output written on /diff_test_tex_engines/docker_bin_2/version_compiled_pdf_2020
/2306.00415/2306.00415_tl2020.pdf (6 pages, 1210882 bytes).
Transcript written on /diff_test_tex_engines/docker_bin_2/version_compiled_pdf_
2020/2306.00415/2306.00415_tl2020.log.
Latexmk: Examining '/diff_test_tex_engines/docker_bin_2/version_compiled_pdf_2020/2306.00415/2306.00415_tl2020.log'
=== TeX engine is 'pdfTeX'
Latexmk: applying rule 'bibtex /diff_test_tex_engines/docker_bin_2/version_compiled_pdf_2020/2306.00415/2306.00415_tl2020'...
For rule 'bibtex /diff_test_tex_engines/docker_bin_2/version_compiled_pdf_2020/2306.00415/2306.00415_tl2020', running '&run_bibtex(  )' ...
Latexmk: ==========WARNING:=================
I am taking action to evade a bug/feature in older versions of bibtex
This may give problems under some situations, symptomized by bibtex not
finding a .bib file or an aux file.
Provided you have a recent version of bibtex (about 2019 or later) you
can avoid the problems by  putting '$bibtex_fudge = 0;' in an
initialization file (a latexmrc file for latexmk.

Here my bug-evading action:
I temporarily changed directory to '/diff_test_tex_engines/docker_bin_2/version_compiled_pdf_2020/2306.00415/'
Set BIBINPUTS='/diff_test_tex_engines/bin/tex_sources/2306.00415:/diff_test_tex_engines/docker_bin_2/version_compiled_pdf_2020/2306.00415:'
Set BSTINPUTS='/diff_test_tex_engines/bin/tex_sources/2306.00415:'
This is BibTeX, Version 0.99d (TeX Live 2020)
The top-level auxiliary file: 2306.00415_tl2020.aux
The style file: IEEEtran.bst
Database file #1: LCSS_CDC_2023_Orrico.bib
-- IEEEtran.bst version 1.11 (2003/04/02) by Michael Shell.
-- http://www.ctan.org/tex-archive/macros/latex/contrib/supported/IEEEtran/
-- See the "IEEEtran_bst_HOWTO.pdf" manual for usage information.

Done.
Latexmk: changed directory back to '/diff_test_tex_engines/bin/tex_sources/2306.00415'
Latexmk: applying rule 'pdflatex'...
This is pdfTeX, Version 3.14159265-2.6-1.40.21 (TeX Live 2020) (preloaded format=pdflatex)
 restricted \write18 enabled.
entering extended mode
(./root.tex
LaTeX2e <2020-10-01> patch level 4
L3 programming layer <2021-02-18> (./ieeecolor.cls

LaTeX Warning: You have requested document class `ieeecolor',
               but the document class provides `IEEEtran'.

Document Class: IEEEtran 2002/11/18 revision V1.6b by Michael Shell
-- See the "IEEEtran_HOWTO" manual for usage information.
-- The source comments contain changelog notes.
(/usr/local/texlive/2020/texmf-dist/tex/latex/graphics/color.sty
(/usr/local/texlive/2020/texmf-dist/tex/latex/graphics-cfg/color.cfg)
(/usr/local/texlive/2020/texmf-dist/tex/latex/graphics-def/pdftex.def))
(/usr/local/texlive/2020/texmf-dist/tex/latex/psnfss/ot1ptm.fd)
-- This is a 10 point document.
) (./lcsys.sty) (/usr/local/texlive/2020/texmf-dist/tex/latex/cite/cite.sty)
(/usr/local/texlive/2020/texmf-dist/tex/latex/amsmath/amsmath.sty
For additional information on amsmath, use the `?' option.
(/usr/local/texlive/2020/texmf-dist/tex/latex/amsmath/amstext.sty
(/usr/local/texlive/2020/texmf-dist/tex/latex/amsmath/amsgen.sty))
(/usr/local/texlive/2020/texmf-dist/tex/latex/amsmath/amsbsy.sty)
(/usr/local/texlive/2020/texmf-dist/tex/latex/amsmath/amsopn.sty))
(/usr/local/texlive/2020/texmf-dist/tex/latex/amsfonts/amssymb.sty
(/usr/local/texlive/2020/texmf-dist/tex/latex/amsfonts/amsfonts.sty))
(/usr/local/texlive/2020/texmf-dist/tex/latex/algorithms/algorithmic.sty
(/usr/local/texlive/2020/texmf-dist/tex/latex/base/ifthen.sty)
(/usr/local/texlive/2020/texmf-dist/tex/latex/graphics/keyval.sty))
(/usr/local/texlive/2020/texmf-dist/tex/latex/graphics/graphicx.sty
(/usr/local/texlive/2020/texmf-dist/tex/latex/graphics/graphics.sty
(/usr/local/texlive/2020/texmf-dist/tex/latex/graphics/trig.sty)
(/usr/local/texlive/2020/texmf-dist/tex/latex/graphics-cfg/graphics.cfg)))
(/usr/local/texlive/2020/texmf-dist/tex/latex/base/textcomp.sty)
(/usr/local/texlive/2020/texmf-dist/tex/latex/graphics/epsfig.sty)
(/usr/local/texlive/2020/texmf-dist/tex/latex/psnfss/mathptmx.sty)
(/usr/local/texlive/2020/texmf-dist/tex/latex/psnfss/times.sty)
(/usr/local/texlive/2020/texmf-dist/tex/latex/booktabs/booktabs.sty)
(/usr/local/texlive/2020/texmf-dist/tex/latex/csquotes/csquotes.sty
(/usr/local/texlive/2020/texmf-dist/tex/latex/etoolbox/etoolbox.sty)
(/usr/local/texlive/2020/texmf-dist/tex/latex/csquotes/csquotes.def)
(/usr/local/texlive/2020/texmf-dist/tex/latex/csquotes/csquotes.cfg))
(/usr/local/texlive/2020/texmf-dist/tex/latex/multirow/multirow.sty)
(/usr/local/texlive/2020/texmf-dist/tex/latex/eso-pic/eso-pic.sty)
(/usr/local/texlive/2020/texmf-dist/tex/latex/l3backend/l3backend-pdftex.def)
(/diff_test_tex_engines/docker_bin_2/version_compiled_pdf_2020/2306.00415/2306.
00415_tl2020.aux)
(/usr/local/texlive/2020/texmf-dist/tex/context/base/mkii/supp-pdf.mkii
[Loading MPS to PDF converter (version 2006.09.02).]
) (/usr/local/texlive/2020/texmf-dist/tex/latex/epstopdf-pkg/epstopdf-base.sty
(/usr/local/texlive/2020/texmf-dist/tex/latex/latexconfig/epstopdf-sys.cfg))
(/usr/local/texlive/2020/texmf-dist/tex/latex/psnfss/ot1phv.fd)
(/usr/local/texlive/2020/texmf-dist/tex/latex/psnfss/ot1ztmcm.fd)
(/usr/local/texlive/2020/texmf-dist/tex/latex/psnfss/omlztmcm.fd)
(/usr/local/texlive/2020/texmf-dist/tex/latex/psnfss/omsztmcm.fd)
(/usr/local/texlive/2020/texmf-dist/tex/latex/psnfss/omxztmcm.fd)
Underfull \hbox (badness 1997) in paragraph at lines 67--67
\OT1/phv/m/n/8 ratom Re-search and Train-ing Pro-gramme (Grant Agree-ment No.

Underfull \hbox (badness 3471) in paragraph at lines 67--67
\OT1/phv/m/n/8 The Nether-lands (e-mail: c.a.orrico@tue.nl, m.vanberkel@differ.
nl,
(/usr/local/texlive/2020/texmf-dist/tex/latex/psnfss/t1phv.fd)

Package mathptmx Warning: There are no bold math fonts on input line 86.

(/usr/local/texlive/2020/texmf-dist/tex/latex/psnfss/ts1ptm.fd) [1{/usr/local/t
exlive/2020/texmf-var/fonts/map/pdftex/updmap/pdftex.map}

pdfTeX warning: pdflatex: pop empty color page stack 0


pdfTeX warning: pdflatex: pop empty color page stack 0


pdfTeX warning: pdflatex: pop empty color page stack 0


pdfTeX warning: pdflatex: pop empty color page stack 0


pdfTeX warning: pdflatex: pop empty color page stack 0
 <./iter1-eps-converted-to.pdf>]
(/usr/local/texlive/2020/texmf-dist/tex/latex/psnfss/ot1pcr.fd) [2

pdfTeX warning: pdflatex: pop empty color page stack 0


pdfTeX warning: pdflatex: pop empty color page stack 0


pdfTeX warning: pdflatex: pop empty color page stack 0
 <./orric2-eps-converted-to.pdf>] [3] [4] [5

pdfTeX warning: pdflatex: pop empty color page stack 0


pdfTeX warning: pdflatex: pop empty color page stack 0


pdfTeX warning: pdflatex: pop empty color page stack 0
 <./orric3-eps-converted-to.pdf>]
(/diff_test_tex_engines/docker_bin_2/version_compiled_pdf_2020/2306.00415/2306.
00415_tl2020.bbl) [6

pdfTeX warning: pdflatex: pop empty color page stack 0


pdfTeX warning: pdflatex: pop empty color page stack 0


pdfTeX warning: pdflatex: pop empty color page stack 0
 <./orric4-eps-converted-to.pdf>]
(/diff_test_tex_engines/docker_bin_2/version_compiled_pdf_2020/2306.00415/2306.
00415_tl2020.aux) )
(see the transcript file for additional information){/usr/local/texlive/2020/te
xmf-dist/fonts/enc/dvips/base/8r.enc}</usr/local/texlive/2020/texmf-dist/fonts/
type1/public/amsfonts/cm/cmex10.pfb></usr/local/texlive/2020/texmf-dist/fonts/t
ype1/public/amsfonts/cm/cmmi10.pfb></usr/local/texlive/2020/texmf-dist/fonts/ty
pe1/public/amsfonts/cm/cmr10.pfb></usr/local/texlive/2020/texmf-dist/fonts/type
1/public/amsfonts/cm/cmsy10.pfb></usr/local/texlive/2020/texmf-dist/fonts/type1
/public/amsfonts/symbols/msbm10.pfb></usr/local/texlive/2020/texmf-dist/fonts/t
ype1/public/rsfs/rsfs10.pfb></usr/local/texlive/2020/texmf-dist/fonts/type1/urw
/courier/ucrr8a.pfb></usr/local/texlive/2020/texmf-dist/fonts/type1/urw/helveti
c/uhvb8a.pfb></usr/local/texlive/2020/texmf-dist/fonts/type1/urw/helvetic/uhvbo
8a.pfb></usr/local/texlive/2020/texmf-dist/fonts/type1/urw/helvetic/uhvr8a.pfb>
</usr/local/texlive/2020/texmf-dist/fonts/type1/urw/helvetic/uhvro8a.pfb></usr/
local/texlive/2020/texmf-dist/fonts/type1/urw/symbol/usyr.pfb></usr/local/texli
ve/2020/texmf-dist/fonts/type1/urw/symbol/usyr.pfb></usr/local/texlive/2020/tex
mf-dist/fonts/type1/urw/times/utmb8a.pfb></usr/local/texlive/2020/texmf-dist/fo
nts/type1/urw/times/utmr8a.pfb></usr/local/texlive/2020/texmf-dist/fonts/type1/
urw/times/utmri8a.pfb>
Output written on /diff_test_tex_engines/docker_bin_2/version_compiled_pdf_2020
/2306.00415/2306.00415_tl2020.pdf (6 pages, 1209635 bytes).
Transcript written on /diff_test_tex_engines/docker_bin_2/version_compiled_pdf_
2020/2306.00415/2306.00415_tl2020.log.
Latexmk: Examining '/diff_test_tex_engines/docker_bin_2/version_compiled_pdf_2020/2306.00415/2306.00415_tl2020.log'
=== TeX engine is 'pdfTeX'
Latexmk: All targets (/diff_test_tex_engines/docker_bin_2/version_compiled_pdf_2020/2306.00415/2306.00415_tl2020.pdf) are up-to-date
Set environment variable BIBINPUTS='/diff_test_tex_engines/docker_bin_2/version_compiled_pdf_2020/2306.00415:'
Set environment variable TEXINPUTS='/diff_test_tex_engines/docker_bin_2/version_compiled_pdf_2020/2306.00415:'
Latexmk: All targets (/diff_test_tex_engines/docker_bin_2/version_compiled_pdf_2020/2306.00415/2306.00415_tl2020.pdf) are up-to-date
