This is pdfTeX, Version 3.141592653-2.6-1.40.25 (TeX Live 2023) (preloaded format=pdflatex 2024.3.4)  1 APR 2024 16:59
entering extended mode
 restricted \write18 enabled.
 %&-line parsing enabled.
**main.tex
(./main.tex
LaTeX2e <2023-11-01> patch level 1
L3 programming layer <2024-02-20>
(/usr/local/texlive/2023/texmf-dist/tex/latex/base/article.cls
Document Class: article 2023/05/17 v1.4n Standard LaTeX document class
(/usr/local/texlive/2023/texmf-dist/tex/latex/base/size11.clo
File: size11.clo 2023/05/17 v1.4n Standard LaTeX file (size option)
)
\c@part=\count188
\c@section=\count189
\c@subsection=\count190
\c@subsubsection=\count191
\c@paragraph=\count192
\c@subparagraph=\count193
\c@figure=\count194
\c@table=\count195
\abovecaptionskip=\skip48
\belowcaptionskip=\skip49
\bibindent=\dimen140
)
(/usr/local/texlive/2023/texmf-dist/tex/latex/l3backend/l3backend-pdftex.def
File: l3backend-pdftex.def 2024-02-20 L3 backend support: PDF output (pdfTeX)
\l__color_backend_stack_int=\count196
\l__pdf_internal_box=\box51
)
(out/tl2023_rerun_redefined_tilde.aux)
\openout1 = `tl2023_rerun_redefined_tilde.aux'.

LaTeX Font Info:    Checking defaults for OML/cmm/m/it on input line 20.
LaTeX Font Info:    ... okay on input line 20.
LaTeX Font Info:    Checking defaults for OMS/cmsy/m/n on input line 20.
LaTeX Font Info:    ... okay on input line 20.
LaTeX Font Info:    Checking defaults for OT1/cmr/m/n on input line 20.
LaTeX Font Info:    ... okay on input line 20.
LaTeX Font Info:    Checking defaults for T1/cmr/m/n on input line 20.
LaTeX Font Info:    ... okay on input line 20.
LaTeX Font Info:    Checking defaults for TS1/cmr/m/n on input line 20.
LaTeX Font Info:    ... okay on input line 20.
LaTeX Font Info:    Checking defaults for OMX/cmex/m/n on input line 20.
LaTeX Font Info:    ... okay on input line 20.
LaTeX Font Info:    Checking defaults for U/cmr/m/n on input line 20.
LaTeX Font Info:    ... okay on input line 20.

Overfull \hbox (4.36179pt too wide) in paragraph at lines 43--51
\OT1/cmr/m/n/10 Musslimani as well Yang's ver-sions of the non-lo-cal non-lin-e
ar Schr^^?odinger
 []

[1

{/usr/local/texlive/2023/texmf-var/fonts/map/pdftex/updmap/pdftex.map}]
LaTeX Font Info:    External font `cmex10' loaded for size
(Font)              <10.95> on input line 86.
LaTeX Font Info:    External font `cmex10' loaded for size
(Font)              <8> on input line 86.
LaTeX Font Info:    External font `cmex10' loaded for size
(Font)              <6> on input line 86.

[2] [3] [4] [5] [6] [7] [8] [9] [10]
Overfull \hbox (21.75415pt too wide) detected at line 613
[]\OML/cmm/m/it/10.95 g \OT1/cmr/m/n/10.95 = \OMS/cmsy/m/n/10.95 ^^@\OT1/cmr/m/
n/10.95 1 \OML/cmm/m/it/10.95 ;  [] []\OT1/cmr/m/n/10.95 0 \OML/cmm/m/it/10.95 
< m < \OT1/cmr/m/n/10.95 1 \OML/cmm/m/it/10.95 ;  [] []A \OT1/cmr/m/n/10.95 = \
OML/cmm/m/it/10.95 ^^L ;  [] []! \OT1/cmr/m/n/10.95 = \OMS/cmsy/m/n/10.95 ^^@\O
ML/cmm/m/it/10.95 k\OT1/cmr/m/n/10.95 [\OML/cmm/m/it/10.95 k[] \OT1/cmr/m/n/10.
95 + 3(1 + \OML/cmm/m/it/10.95 m\OT1/cmr/m/n/10.95 )\OML/cmm/m/it/10.95 A[]\OT1
/cmr/m/n/10.95 ] \OML/cmm/m/it/10.95 ;  [] []v \OT1/cmr/m/n/10.95 = \OMS/cmsy/m
/n/10.95 ^^@\OT1/cmr/m/n/10.95 [3\OML/cmm/m/it/10.95 k[] \OT1/cmr/m/n/10.95 + (
1 + \OML/cmm/m/it/10.95 m\OT1/cmr/m/n/10.95 )\OML/cmm/m/it/10.95 A[]\OT1/cmr/m/
n/10.95 ] \OML/cmm/m/it/10.95 :
 []

[11]
Overfull \hbox (32.70416pt too wide) detected at line 629
[]\OML/cmm/m/it/10.95 g \OT1/cmr/m/n/10.95 = \OMS/cmsy/m/n/10.95 ^^@\OT1/cmr/m/
n/10.95 1 \OML/cmm/m/it/10.95 ;  [] []\OT1/cmr/m/n/10.95 0 \OML/cmm/m/it/10.95 
< m < \OT1/cmr/m/n/10.95 1 \OML/cmm/m/it/10.95 ;  [] []A \OT1/cmr/m/n/10.95 = \
OML/cmm/m/it/10.95 ^^L ;  [] []! \OT1/cmr/m/n/10.95 = \OMS/cmsy/m/n/10.95 ^^@\O
ML/cmm/m/it/10.95 k\OT1/cmr/m/n/10.95 [\OML/cmm/m/it/10.95 k[] \OMS/cmsy/m/n/10
.95 ^^@ \OT1/cmr/m/n/10.95 3(2\OML/cmm/m/it/10.95 m \OMS/cmsy/m/n/10.95 ^^@ \OT
1/cmr/m/n/10.95 1)\OML/cmm/m/it/10.95 A[]\OT1/cmr/m/n/10.95 ] \OML/cmm/m/it/10.
95 ;  [] []v \OT1/cmr/m/n/10.95 = \OMS/cmsy/m/n/10.95 ^^@\OT1/cmr/m/n/10.95 [3\
OML/cmm/m/it/10.95 k[] \OMS/cmsy/m/n/10.95 ^^@ \OT1/cmr/m/n/10.95 (2\OML/cmm/m/
it/10.95 m \OMS/cmsy/m/n/10.95 ^^@ \OT1/cmr/m/n/10.95 1)\OML/cmm/m/it/10.95 A[]
\OT1/cmr/m/n/10.95 ] \OML/cmm/m/it/10.95 :
 []


Overfull \hbox (13.23746pt too wide) detected at line 645
[]\OML/cmm/m/it/10.95 g \OT1/cmr/m/n/10.95 = 1 \OML/cmm/m/it/10.95 ;  [] []\OT1
/cmr/m/n/10.95 0 \OML/cmm/m/it/10.95 < m < \OT1/cmr/m/n/10.95 1 \OML/cmm/m/it/1
0.95 ;  [] []A \OT1/cmr/m/n/10.95 = \OML/cmm/m/it/10.95 ^^L ;  [] []! \OT1/cmr/
m/n/10.95 = \OMS/cmsy/m/n/10.95 ^^@\OML/cmm/m/it/10.95 k\OT1/cmr/m/n/10.95 [\OM
L/cmm/m/it/10.95 k[] \OMS/cmsy/m/n/10.95 ^^@ \OT1/cmr/m/n/10.95 3(2 \OMS/cmsy/m
/n/10.95 ^^@ \OML/cmm/m/it/10.95 m\OT1/cmr/m/n/10.95 )\OML/cmm/m/it/10.95 A[]\O
T1/cmr/m/n/10.95 ] \OML/cmm/m/it/10.95 ;  [] []v \OT1/cmr/m/n/10.95 = \OMS/cmsy
/m/n/10.95 ^^@\OT1/cmr/m/n/10.95 [3\OML/cmm/m/it/10.95 k[] \OMS/cmsy/m/n/10.95 
^^@ \OT1/cmr/m/n/10.95 (2 \OMS/cmsy/m/n/10.95 ^^@ \OML/cmm/m/it/10.95 m\OT1/cmr
/m/n/10.95 )\OML/cmm/m/it/10.95 A[]\OT1/cmr/m/n/10.95 ] \OML/cmm/m/it/10.95 :
 []

[12] [13] [14] [15] [16]
Overfull \hbox (7.97495pt too wide) in alignment at lines 915--918
 [][][] []
 []

[17] [18]
Overfull \hbox (66.22601pt too wide) detected at line 1024
[]\OML/cmm/m/it/10.95 iu[]\OT1/cmr/m/n/10.95 (\OML/cmm/m/it/10.95 x; t\OT1/cmr/
m/n/10.95 ) + \OML/cmm/m/it/10.95 \OT1/cmr/m/n/10.95 [\OML/cmm/m/it/10.95 u[]\
OT1/cmr/m/n/10.95 (\OML/cmm/m/it/10.95 x; t\OT1/cmr/m/n/10.95 ) + 2\OML/cmm/m/i
t/10.95 gu[]\OT1/cmr/m/n/10.95 (\OML/cmm/m/it/10.95 x; t\OT1/cmr/m/n/10.95 )\OM
L/cmm/m/it/10.95 u\OT1/cmr/m/n/10.95 (\OMS/cmsy/m/n/10.95 ^^@\OML/cmm/m/it/10.9
5 x; \OMS/cmsy/m/n/10.95 ^^@\OML/cmm/m/it/10.95 t\OT1/cmr/m/n/10.95 )] + \OML/c
mm/m/it/10.95 i^^L\OT1/cmr/m/n/10.95 [\OML/cmm/m/it/10.95 u[]\OT1/cmr/m/n/10.95
 (\OML/cmm/m/it/10.95 x; t\OT1/cmr/m/n/10.95 ) + 6\OML/cmm/m/it/10.95 gu\OT1/cm
r/m/n/10.95 (\OML/cmm/m/it/10.95 x; t\OT1/cmr/m/n/10.95 )\OML/cmm/m/it/10.95 u\
OT1/cmr/m/n/10.95 (\OMS/cmsy/m/n/10.95 ^^@\OML/cmm/m/it/10.95 x; \OMS/cmsy/m/n/
10.95 ^^@\OML/cmm/m/it/10.95 t\OT1/cmr/m/n/10.95 )\OML/cmm/m/it/10.95 u[]\OT1/c
mr/m/n/10.95 (\OML/cmm/m/it/10.95 x; t\OT1/cmr/m/n/10.95 )] = 0 \OML/cmm/m/it/1
0.95 :
 []


Overfull \hbox (19.21185pt too wide) detected at line 1033
[]\OML/cmm/m/it/10.95 iu[]\OT1/cmr/m/n/10.95 (\OML/cmm/m/it/10.95 x; t\OT1/cmr/
m/n/10.95 ) + \OML/cmm/m/it/10.95 \OT1/cmr/m/n/10.95 [\OML/cmm/m/it/10.95 u[]\
OT1/cmr/m/n/10.95 (\OML/cmm/m/it/10.95 x; t\OT1/cmr/m/n/10.95 ) + 2\OML/cmm/m/i
t/10.95 g\OMS/cmsy/m/n/10.95 j\OML/cmm/m/it/10.95 u\OMS/cmsy/m/n/10.95 j[]\OT1/
cmr/m/n/10.95 (\OML/cmm/m/it/10.95 x; t\OT1/cmr/m/n/10.95 )\OML/cmm/m/it/10.95 
u\OT1/cmr/m/n/10.95 (\OML/cmm/m/it/10.95 x; t\OT1/cmr/m/n/10.95 )] + \OML/cmm/m
/it/10.95 i^^L\OT1/cmr/m/n/10.95 [\OML/cmm/m/it/10.95 u[]\OT1/cmr/m/n/10.95 (\O
ML/cmm/m/it/10.95 x; t\OT1/cmr/m/n/10.95 ) + 6\OML/cmm/m/it/10.95 g\OMS/cmsy/m/
n/10.95 j\OML/cmm/m/it/10.95 u\OMS/cmsy/m/n/10.95 j[]\OT1/cmr/m/n/10.95 (\OML/c
mm/m/it/10.95 x; t\OT1/cmr/m/n/10.95 )\OML/cmm/m/it/10.95 u[]\OT1/cmr/m/n/10.95
 (\OML/cmm/m/it/10.95 x; t\OT1/cmr/m/n/10.95 )] = 0 \OML/cmm/m/it/10.95 ;
 []

[19]
Overfull \hbox (0.38968pt too wide) in alignment at lines 1063--1067
 [][][] []
 []

[20] [21] [22] [23] [24] [25] [26] [27] [28] [29] [30] [31] [32] [33] [34]
[35] [36] [37] (out/tl2023_rerun_redefined_tilde.aux)
 ***********
LaTeX2e <2023-11-01> patch level 1
L3 programming layer <2024-02-20>
 ***********
 ) 
Here is how much of TeX's memory you used:
 724 strings out of 474116
 10413 string characters out of 5743689
 1939187 words of memory out of 5000000
 23153 multiletter control sequences out of 15000+600000
 562981 words of font info for 52 fonts, out of 8000000 for 9000
 1141 hyphenation exceptions out of 8191
 35i,8n,50p,323b,216s stack positions out of 10000i,1000n,20000p,200000b,200000s
</usr/local/texlive/2023/texmf-dist/fonts/type1/public/amsfonts/cm/cmbx10.pfb
></usr/local/texlive/2023/texmf-dist/fonts/type1/public/amsfonts/cm/cmbx12.pfb>
</usr/local/texlive/2023/texmf-dist/fonts/type1/public/amsfonts/cm/cmex10.pfb><
/usr/local/texlive/2023/texmf-dist/fonts/type1/public/amsfonts/cm/cmmi10.pfb></
usr/local/texlive/2023/texmf-dist/fonts/type1/public/amsfonts/cm/cmmi8.pfb></us
r/local/texlive/2023/texmf-dist/fonts/type1/public/amsfonts/cm/cmr10.pfb></usr/
local/texlive/2023/texmf-dist/fonts/type1/public/amsfonts/cm/cmr6.pfb></usr/loc
al/texlive/2023/texmf-dist/fonts/type1/public/amsfonts/cm/cmr8.pfb></usr/local/
texlive/2023/texmf-dist/fonts/type1/public/amsfonts/cm/cmsy10.pfb></usr/local/t
exlive/2023/texmf-dist/fonts/type1/public/amsfonts/cm/cmsy8.pfb></usr/local/tex
live/2023/texmf-dist/fonts/type1/public/amsfonts/cm/cmti10.pfb>
Output written on out/tl2023_rerun_redefined_tilde.pdf (37 pages, 226408 bytes)
.
PDF statistics:
 181 PDF objects out of 1000 (max. 8388607)
 118 compressed objects within 2 object streams
 0 named destinations out of 1000 (max. 500000)
 1 words of extra memory for PDF output out of 10000 (max. 10000000)

